Iteration: 0
Average game value: 1.4444444444444444
2         : [0.3333333333333333, 0.3333333333333333, 0.3333333333333333]
1p        : [0.3333333333333333, 0.3333333333333333, 0.3333333333333333]
2pB       : [0.5, 0.5]
2pb       : [0.3333333333333333, 0.3333333333333333, 0.3333333333333333]
1pbB      : [0.5, 0.5]
1B        : [0.5, 0.5]
1b        : [0.3333333333333333, 0.3333333333333333, 0.3333333333333333]
2bB       : [0.5, 0.5]


Iteration: 1
Average game value: 1.2037037037037037
2         : [0.3333333333333333, 0.3333333333333333, 0.3333333333333333]
1p        : [0.3333333333333333, 0.3333333333333333, 0.3333333333333333]
2pB       : [0.5, 0.5]
2pb       : [0.3333333333333333, 0.3333333333333333, 0.3333333333333333]
1pbB      : [0.75, 0.25]
1B        : [0.75, 0.25]
1b        : [0.4166666666666667, 0.4166666666666667, 0.16666666666666669]
2bB       : [0.5, 0.5]
3         : [0.3333333333333333, 0.3333333333333333, 0.3333333333333333]
3pB       : [0.5, 0.5]
3pb       : [0.3333333333333333, 0.3333333333333333, 0.3333333333333333]
3bB       : [0.5, 0.5]


Iteration: 2
Average game value: 0.4197530864197531
2         : [0.3333333333333333, 0.3333333333333333, 0.3333333333333333]
1p        : [0.3333333333333333, 0.3333333333333333, 0.3333333333333333]
2pB       : [0.5, 0.5]
2pb       : [0.3333333333333333, 0.3333333333333333, 0.3333333333333333]
1pbB      : [0.75, 0.25]
1B        : [0.75, 0.25]
1b        : [0.4166666666666667, 0.4166666666666667, 0.16666666666666669]
2bB       : [0.5, 0.5]
3         : [0.3333333333333333, 0.3333333333333333, 0.3333333333333333]
3pB       : [0.5, 0.5]
3pb       : [0.3333333333333333, 0.3333333333333333, 0.3333333333333333]
3bB       : [0.5, 0.5]
1         : [0.3333333333333333, 0.3333333333333333, 0.3333333333333333]
2p        : [0.3333333333333333, 0.3333333333333333, 0.3333333333333333]
1pB       : [0.5, 0.5]
1pb       : [0.3333333333333333, 0.3333333333333333, 0.3333333333333333]
2pbB      : [0.5, 0.5]
2B        : [0.5, 0.5]
2b        : [0.3333333333333333, 0.3333333333333333, 0.3333333333333333]
1bB       : [0.5, 0.5]


Iteration: 3
Average game value: 0.06481481481481483
2         : [0.16666666666666666, 0.6666666666666666, 0.16666666666666666]
1p        : [0.3333333333333333, 0.3333333333333333, 0.3333333333333333]
2pB       : [0.5, 0.5]
2pb       : [0.3333333333333333, 0.3333333333333333, 0.3333333333333333]
1pbB      : [0.75, 0.25]
1B        : [0.75, 0.25]
1b        : [0.4166666666666667, 0.4166666666666667, 0.16666666666666669]
2bB       : [0.5, 0.5]
3         : [0.3333333333333333, 0.3333333333333333, 0.3333333333333333]
3pB       : [0.5, 0.5]
3pb       : [0.3333333333333333, 0.3333333333333333, 0.3333333333333333]
3bB       : [0.5, 0.5]
1         : [0.3333333333333333, 0.3333333333333333, 0.3333333333333333]
2p        : [0.3333333333333333, 0.3333333333333333, 0.3333333333333333]
1pB       : [0.5, 0.5]
1pb       : [0.3333333333333333, 0.3333333333333333, 0.3333333333333333]
2pbB      : [0.5, 0.5]
2B        : [0.5, 0.5]
2b        : [0.3333333333333333, 0.3333333333333333, 0.3333333333333333]
1bB       : [0.5, 0.5]
3p        : [0.3333333333333333, 0.3333333333333333, 0.3333333333333333]
3pbB      : [0.5, 0.5]
3B        : [0.5, 0.5]
3b        : [0.3333333333333333, 0.3333333333333333, 0.3333333333333333]


Iteration: 4
Average game value: 0.6018518518518519
2         : [0.16666666666666666, 0.6666666666666666, 0.16666666666666666]
1p        : [0.3333333333333333, 0.3333333333333333, 0.3333333333333333]
2pB       : [0.5, 0.5]
2pb       : [0.3333333333333333, 0.3333333333333333, 0.3333333333333333]
1pbB      : [0.75, 0.25]
1B        : [0.75, 0.25]
1b        : [0.4166666666666667, 0.4166666666666667, 0.16666666666666669]
2bB       : [0.5, 0.5]
3         : [0.16666666666666669, 0.4166666666666667, 0.4166666666666667]
3pB       : [0.5, 0.5]
3pb       : [0.3333333333333333, 0.3333333333333333, 0.3333333333333333]
3bB       : [0.2, 0.8]
1         : [0.3333333333333333, 0.3333333333333333, 0.3333333333333333]
2p        : [0.16666666666666666, 0.6666666666666666, 0.16666666666666666]
1pB       : [0.5, 0.5]
1pb       : [0.3333333333333333, 0.3333333333333333, 0.3333333333333333]
2pbB      : [0.5, 0.5]
2B        : [0.25, 0.75]
2b        : [0.16666666666666669, 0.4166666666666667, 0.4166666666666667]
1bB       : [0.5, 0.5]
3p        : [0.3333333333333333, 0.3333333333333333, 0.3333333333333333]
3pbB      : [0.5, 0.5]
3B        : [0.5, 0.5]
3b        : [0.3333333333333333, 0.3333333333333333, 0.3333333333333333]


Iteration: 5
Average game value: 0.9326543209876544
2         : [0.16666666666666666, 0.6666666666666666, 0.16666666666666666]
1p        : [0.3333333333333333, 0.3333333333333333, 0.3333333333333333]
2pB       : [0.5, 0.5]
2pb       : [0.3333333333333333, 0.3333333333333333, 0.3333333333333333]
1pbB      : [0.75, 0.25]
1B        : [0.75, 0.25]
1b        : [0.4166666666666667, 0.4166666666666667, 0.16666666666666669]
2bB       : [0.5, 0.5]
3         : [0.23777777777777778, 0.4844444444444444, 0.27777777777777773]
3pB       : [0.2336448598130841, 0.7663551401869159]
3pb       : [0.1557632398753894, 0.2623052959501558, 0.5819314641744548]
3bB       : [0.2, 0.8]
1         : [0.3333333333333333, 0.3333333333333333, 0.3333333333333333]
2p        : [0.11111111111111112, 0.7777777777777778, 0.11111111111111112]
1pB       : [0.5, 0.5]
1pb       : [0.3333333333333333, 0.3333333333333333, 0.3333333333333333]
2pbB      : [0.5, 0.5]
2B        : [0.2777777777777778, 0.7222222222222222]
2b        : [0.14814814814814817, 0.3148148148148148, 0.5370370370370371]
1bB       : [0.5, 0.5]
3p        : [0.3333333333333333, 0.3333333333333333, 0.3333333333333333]
3pbB      : [0.5, 0.5]
3B        : [0.5, 0.5]
3b        : [0.3333333333333333, 0.3333333333333333, 0.3333333333333333]


Iteration: 6
Average game value: 0.9422751322751324
2         : [0.11111111111111112, 0.7777777777777778, 0.11111111111111112]
1p        : [0.2222222222222222, 0.2222222222222222, 0.5555555555555555]
2pB       : [0.5, 0.5]
2pb       : [0.3333333333333333, 0.3333333333333333, 0.3333333333333333]
1pbB      : [0.8999999999999999, 0.09999999999999999]
1B        : [0.8333333333333334, 0.16666666666666666]
1b        : [0.4444444444444444, 0.4444444444444444, 0.1111111111111111]
2bB       : [0.5, 0.5]
3         : [0.23777777777777778, 0.4844444444444444, 0.27777777777777773]
3pB       : [0.2336448598130841, 0.7663551401869159]
3pb       : [0.1557632398753894, 0.2623052959501558, 0.5819314641744548]
3bB       : [0.2, 0.8]
1         : [0.3333333333333333, 0.3333333333333333, 0.3333333333333333]
2p        : [0.11111111111111112, 0.7777777777777778, 0.11111111111111112]
1pB       : [0.5, 0.5]
1pb       : [0.3333333333333333, 0.3333333333333333, 0.3333333333333333]
2pbB      : [0.5, 0.5]
2B        : [0.2777777777777778, 0.7222222222222222]
2b        : [0.14814814814814817, 0.3148148148148148, 0.5370370370370371]
1bB       : [0.5, 0.5]
3p        : [0.3333333333333333, 0.3333333333333333, 0.3333333333333333]
3pbB      : [0.5, 0.5]
3B        : [0.5, 0.5]
3b        : [0.3333333333333333, 0.3333333333333333, 0.3333333333333333]


Iteration: 7
Average game value: 0.5953240740740742
2         : [0.11111111111111112, 0.7777777777777778, 0.11111111111111112]
1p        : [0.2222222222222222, 0.2222222222222222, 0.5555555555555555]
2pB       : [0.5, 0.5]
2pb       : [0.3333333333333333, 0.3333333333333333, 0.3333333333333333]
1pbB      : [0.8999999999999999, 0.09999999999999999]
1B        : [0.8333333333333334, 0.16666666666666666]
1b        : [0.4444444444444444, 0.4444444444444444, 0.1111111111111111]
2bB       : [0.5, 0.5]
3         : [0.23777777777777778, 0.4844444444444444, 0.27777777777777773]
3pB       : [0.2336448598130841, 0.7663551401869159]
3pb       : [0.1557632398753894, 0.2623052959501558, 0.5819314641744548]
3bB       : [0.2, 0.8]
1         : [0.16666666666666669, 0.4166666666666667, 0.4166666666666667]
2p        : [0.11111111111111112, 0.7777777777777778, 0.11111111111111112]
1pB       : [0.5, 0.5]
1pb       : [0.3333333333333333, 0.3333333333333333, 0.3333333333333333]
2pbB      : [0.5, 0.5]
2B        : [0.2777777777777778, 0.7222222222222222]
2b        : [0.14814814814814817, 0.3148148148148148, 0.5370370370370371]
1bB       : [0.8, 0.2]
3p        : [0.3333333333333333, 0.3333333333333333, 0.3333333333333333]
3pbB      : [0.5, 0.5]
3B        : [0.25, 0.75]
3b        : [0.3333333333333333, 0.3333333333333333, 0.3333333333333333]


Iteration: 8
Average game value: 0.7106715800389757
2         : [0.11111111111111112, 0.7777777777777778, 0.11111111111111112]
1p        : [0.2222222222222222, 0.2222222222222222, 0.5555555555555555]
2pB       : [0.5, 0.5]
2pb       : [0.3333333333333333, 0.3333333333333333, 0.3333333333333333]
1pbB      : [0.8999999999999999, 0.09999999999999999]
1B        : [0.8333333333333334, 0.16666666666666666]
1b        : [0.4444444444444444, 0.4444444444444444, 0.1111111111111111]
2bB       : [0.5, 0.5]
3         : [0.41480776852952833, 0.37685889813713835, 0.20833333333333334]
3pB       : [0.10044813484176732, 0.8995518651582326]
3pb       : [0.06696542322784488, 0.22678616929113793, 0.7062484074810171]
3bB       : [0.2, 0.8]
1         : [0.16666666666666669, 0.4166666666666667, 0.4166666666666667]
2p        : [0.22709551656920082, 0.6268448900027848, 0.14605959342801447]
1pB       : [0.5, 0.5]
1pb       : [0.3333333333333333, 0.3333333333333333, 0.3333333333333333]
2pbB      : [0.2852716873212584, 0.7147283126787417]
2B        : [0.41352201257861637, 0.5864779874213837]
2b        : [0.13888888888888892, 0.2638888888888889, 0.5972222222222222]
1bB       : [0.8, 0.2]
3p        : [0.3333333333333333, 0.3333333333333333, 0.3333333333333333]
3pbB      : [0.5, 0.5]
3B        : [0.25, 0.75]
3b        : [0.3333333333333333, 0.3333333333333333, 0.3333333333333333]


Iteration: 9
Average game value: 0.3796044220350781
2         : [0.08333333333333334, 0.7083333333333334, 0.20833333333333334]
1p        : [0.2222222222222222, 0.2222222222222222, 0.5555555555555555]
2pB       : [0.5, 0.5]
2pb       : [0.3333333333333333, 0.3333333333333333, 0.3333333333333333]
1pbB      : [0.8999999999999999, 0.09999999999999999]
1B        : [0.8333333333333334, 0.16666666666666666]
1b        : [0.4444444444444444, 0.4444444444444444, 0.1111111111111111]
2bB       : [0.20000000000000004, 0.8]
3         : [0.41480776852952833, 0.37685889813713835, 0.20833333333333334]
3pB       : [0.10044813484176732, 0.8995518651582326]
3pb       : [0.06696542322784488, 0.22678616929113793, 0.7062484074810171]
3bB       : [0.2, 0.8]
1         : [0.16666666666666669, 0.4166666666666667, 0.4166666666666667]
2p        : [0.22709551656920082, 0.6268448900027848, 0.14605959342801447]
1pB       : [0.5, 0.5]
1pb       : [0.3333333333333333, 0.3333333333333333, 0.3333333333333333]
2pbB      : [0.2852716873212584, 0.7147283126787417]
2B        : [0.41352201257861637, 0.5864779874213837]
2b        : [0.13888888888888892, 0.2638888888888889, 0.5972222222222222]
1bB       : [0.8, 0.2]
3p        : [0.3333333333333333, 0.3333333333333333, 0.3333333333333333]
3pbB      : [0.5, 0.5]
3B        : [0.16666666666666666, 0.8333333333333334]
3b        : [0.2222222222222222, 0.28888888888888886, 0.4888888888888889]


