Iteration: 0
Average game value: 1.0
2         : [0.3333333333333333, 0.3333333333333333, 0.3333333333333333]
1p        : [0.3333333333333333, 0.3333333333333333, 0.3333333333333333]
2pB       : [0.5, 0.5]
2pb       : [0.3333333333333333, 0.3333333333333333, 0.3333333333333333]
1B        : [0.5, 0.5]
1b        : [0.3333333333333333, 0.3333333333333333, 0.3333333333333333]


Iteration: 1
Average game value: 0.0
2         : [0.3333333333333333, 0.3333333333333333, 0.3333333333333333]
1p        : [0.16666666666666666, 0.6666666666666666, 0.16666666666666666]
2pB       : [0.5, 0.5]
2pb       : [0.3333333333333333, 0.3333333333333333, 0.3333333333333333]
1B        : [0.75, 0.25]
1b        : [0.4166666666666667, 0.4166666666666667, 0.16666666666666669]
3         : [0.3333333333333333, 0.3333333333333333, 0.3333333333333333]
3pB       : [0.5, 0.5]
3pb       : [0.3333333333333333, 0.3333333333333333, 0.3333333333333333]
1pbB      : [0.5, 0.5]
3bB       : [0.5, 0.5]


Iteration: 2
Average game value: 0.3333333333333333
2         : [0.3333333333333333, 0.3333333333333333, 0.3333333333333333]
1p        : [0.16666666666666666, 0.6666666666666666, 0.16666666666666666]
2pB       : [0.5, 0.5]
2pb       : [0.3333333333333333, 0.3333333333333333, 0.3333333333333333]
1B        : [0.75, 0.25]
1b        : [0.4166666666666667, 0.4166666666666667, 0.16666666666666669]
3         : [0.16666666666666666, 0.6666666666666666, 0.16666666666666666]
3pB       : [0.5, 0.5]
3pb       : [0.3333333333333333, 0.3333333333333333, 0.3333333333333333]
1pbB      : [0.5, 0.5]
3bB       : [0.5, 0.5]
2B        : [0.5, 0.5]
2p        : [0.3333333333333333, 0.3333333333333333, 0.3333333333333333]
2pbB      : [0.5, 0.5]
2b        : [0.3333333333333333, 0.3333333333333333, 0.3333333333333333]


Iteration: 3
Average game value: 0.0
2         : [0.3333333333333333, 0.3333333333333333, 0.3333333333333333]
1p        : [0.16666666666666666, 0.6666666666666666, 0.16666666666666666]
2pB       : [0.5, 0.5]
2pb       : [0.3333333333333333, 0.3333333333333333, 0.3333333333333333]
1B        : [0.75, 0.25]
1b        : [0.4166666666666667, 0.4166666666666667, 0.16666666666666669]
3         : [0.16666666666666666, 0.6666666666666666, 0.16666666666666666]
3pB       : [0.5, 0.5]
3pb       : [0.3333333333333333, 0.3333333333333333, 0.3333333333333333]
1pbB      : [0.5, 0.5]
3bB       : [0.5, 0.5]
2B        : [0.5, 0.5]
2p        : [0.3333333333333333, 0.3333333333333333, 0.3333333333333333]
2pbB      : [0.5, 0.5]
2b        : [0.3333333333333333, 0.3333333333333333, 0.3333333333333333]
1         : [0.3333333333333333, 0.3333333333333333, 0.3333333333333333]
3p        : [0.3333333333333333, 0.3333333333333333, 0.3333333333333333]
1pB       : [0.5, 0.5]
1pb       : [0.3333333333333333, 0.3333333333333333, 0.3333333333333333]
3pbB      : [0.5, 0.5]
3B        : [0.5, 0.5]
3b        : [0.3333333333333333, 0.3333333333333333, 0.3333333333333333]
1bB       : [0.5, 0.5]


Iteration: 4
Average game value: 0.6
2         : [0.16666666666666666, 0.5, 0.3333333333333333]
1p        : [0.11111111111111112, 0.7777777777777778, 0.11111111111111112]
2pB       : [0.5, 0.5]
2pb       : [0.3333333333333333, 0.3333333333333333, 0.3333333333333333]
1B        : [0.75, 0.25]
1b        : [0.38888888888888884, 0.5, 0.1111111111111111]
3         : [0.16666666666666666, 0.6666666666666666, 0.16666666666666666]
3pB       : [0.5, 0.5]
3pb       : [0.3333333333333333, 0.3333333333333333, 0.3333333333333333]
1pbB      : [0.5, 0.5]
3bB       : [0.5, 0.5]
2B        : [0.5, 0.5]
2p        : [0.3333333333333333, 0.3333333333333333, 0.3333333333333333]
2pbB      : [0.5, 0.5]
2b        : [0.3333333333333333, 0.3333333333333333, 0.3333333333333333]
1         : [0.3333333333333333, 0.3333333333333333, 0.3333333333333333]
3p        : [0.3333333333333333, 0.3333333333333333, 0.3333333333333333]
1pB       : [0.5, 0.5]
1pb       : [0.3333333333333333, 0.3333333333333333, 0.3333333333333333]
3pbB      : [0.5, 0.5]
3B        : [0.5, 0.5]
3b        : [0.3333333333333333, 0.3333333333333333, 0.3333333333333333]
1bB       : [0.5, 0.5]
2bB       : [0.5, 0.5]


Iteration: 5
Average game value: 0.16666666666666666
2         : [0.16666666666666666, 0.5, 0.3333333333333333]
1p        : [0.11111111111111112, 0.7777777777777778, 0.11111111111111112]
2pB       : [0.5, 0.5]
2pb       : [0.3333333333333333, 0.3333333333333333, 0.3333333333333333]
1B        : [0.75, 0.25]
1b        : [0.38888888888888884, 0.5, 0.1111111111111111]
3         : [0.16666666666666666, 0.6666666666666666, 0.16666666666666666]
3pB       : [0.5, 0.5]
3pb       : [0.3333333333333333, 0.3333333333333333, 0.3333333333333333]
1pbB      : [0.5, 0.5]
3bB       : [0.5, 0.5]
2B        : [0.5, 0.5]
2p        : [0.3333333333333333, 0.3333333333333333, 0.3333333333333333]
2pbB      : [0.5, 0.5]
2b        : [0.3333333333333333, 0.3333333333333333, 0.3333333333333333]
1         : [0.3333333333333333, 0.3333333333333333, 0.3333333333333333]
3p        : [0.16666666666666669, 0.4166666666666667, 0.4166666666666667]
1pB       : [0.5, 0.5]
1pb       : [0.41666666666666663, 0.16666666666666663, 0.41666666666666663]
3pbB      : [0.5, 0.5]
3B        : [0.5, 0.5]
3b        : [0.3333333333333333, 0.3333333333333333, 0.3333333333333333]
1bB       : [0.75, 0.25]
2bB       : [0.5, 0.5]


Iteration: 6
Average game value: -0.2857142857142857
2         : [0.1111111111111111, 0.5555555555555555, 0.3333333333333333]
1p        : [0.11111111111111112, 0.7777777777777778, 0.11111111111111112]
2pB       : [0.5, 0.5]
2pb       : [0.3333333333333333, 0.3333333333333333, 0.3333333333333333]
1B        : [0.75, 0.25]
1b        : [0.38888888888888884, 0.5, 0.1111111111111111]
3         : [0.16666666666666666, 0.6666666666666666, 0.16666666666666666]
3pB       : [0.5, 0.5]
3pb       : [0.3333333333333333, 0.3333333333333333, 0.3333333333333333]
1pbB      : [0.5, 0.5]
3bB       : [0.5, 0.5]
2B        : [0.5, 0.5]
2p        : [0.3333333333333333, 0.3333333333333333, 0.3333333333333333]
2pbB      : [0.5, 0.5]
2b        : [0.3333333333333333, 0.3333333333333333, 0.3333333333333333]
1         : [0.3333333333333333, 0.3333333333333333, 0.3333333333333333]
3p        : [0.1111111111111111, 0.38888888888888884, 0.5]
1pB       : [0.5, 0.5]
1pb       : [0.41666666666666663, 0.16666666666666663, 0.41666666666666663]
3pbB      : [0.5, 0.5]
3B        : [0.5, 0.5]
3b        : [0.3333333333333333, 0.3333333333333333, 0.3333333333333333]
1bB       : [0.75, 0.25]
2bB       : [0.5, 0.5]


Iteration: 7
Average game value: -0.125
2         : [0.1111111111111111, 0.5555555555555555, 0.3333333333333333]
1p        : [0.08333333333333334, 0.8333333333333334, 0.08333333333333334]
2pB       : [0.5, 0.5]
2pb       : [0.3333333333333333, 0.3333333333333333, 0.3333333333333333]
1B        : [0.78125, 0.21875]
1b        : [0.41666666666666663, 0.4375, 0.14583333333333334]
3         : [0.2222222222222222, 0.6666666666666666, 0.1111111111111111]
3pB       : [0.25, 0.75]
3pb       : [0.3333333333333333, 0.3333333333333333, 0.3333333333333333]
1pbB      : [0.5, 0.5]
3bB       : [0.5, 0.5]
2B        : [0.5, 0.5]
2p        : [0.3333333333333333, 0.3333333333333333, 0.3333333333333333]
2pbB      : [0.5, 0.5]
2b        : [0.3333333333333333, 0.3333333333333333, 0.3333333333333333]
1         : [0.3333333333333333, 0.3333333333333333, 0.3333333333333333]
3p        : [0.1111111111111111, 0.38888888888888884, 0.5]
1pB       : [0.5, 0.5]
1pb       : [0.41666666666666663, 0.16666666666666663, 0.41666666666666663]
3pbB      : [0.5, 0.5]
3B        : [0.5, 0.5]
3b        : [0.3333333333333333, 0.3333333333333333, 0.3333333333333333]
1bB       : [0.75, 0.25]
2bB       : [0.5, 0.5]


Iteration: 8
Average game value: -0.4444444444444444
2         : [0.14583333333333331, 0.5416666666666666, 0.3125]
1p        : [0.08333333333333334, 0.8333333333333334, 0.08333333333333334]
2pB       : [0.28571428571428575, 0.7142857142857143]
2pb       : [0.1904761904761905, 0.6190476190476191, 0.1904761904761905]
1B        : [0.78125, 0.21875]
1b        : [0.41666666666666663, 0.4375, 0.14583333333333334]
3         : [0.2222222222222222, 0.6666666666666666, 0.1111111111111111]
3pB       : [0.25, 0.75]
3pb       : [0.3333333333333333, 0.3333333333333333, 0.3333333333333333]
1pbB      : [0.5, 0.5]
3bB       : [0.5, 0.5]
2B        : [0.5, 0.5]
2p        : [0.3333333333333333, 0.3333333333333333, 0.3333333333333333]
2pbB      : [0.5, 0.5]
2b        : [0.3333333333333333, 0.3333333333333333, 0.3333333333333333]
1         : [0.3333333333333333, 0.3333333333333333, 0.3333333333333333]
3p        : [0.08333333333333334, 0.375, 0.5416666666666667]
1pB       : [0.5, 0.5]
1pb       : [0.41666666666666663, 0.16666666666666663, 0.41666666666666663]
3pbB      : [0.5, 0.5]
3B        : [0.5, 0.5]
3b        : [0.3333333333333333, 0.3333333333333333, 0.3333333333333333]
1bB       : [0.75, 0.25]
2bB       : [0.5, 0.5]


Iteration: 9
Average game value: -0.5
2         : [0.14583333333333331, 0.5416666666666666, 0.3125]
1p        : [0.08333333333333334, 0.8333333333333334, 0.08333333333333334]
2pB       : [0.28571428571428575, 0.7142857142857143]
2pb       : [0.1904761904761905, 0.6190476190476191, 0.1904761904761905]
1B        : [0.78125, 0.21875]
1b        : [0.41666666666666663, 0.4375, 0.14583333333333334]
3         : [0.2222222222222222, 0.6666666666666666, 0.1111111111111111]
3pB       : [0.25, 0.75]
3pb       : [0.3333333333333333, 0.3333333333333333, 0.3333333333333333]
1pbB      : [0.5, 0.5]
3bB       : [0.5, 0.5]
2B        : [0.5, 0.5]
2p        : [0.3333333333333333, 0.3333333333333333, 0.3333333333333333]
2pbB      : [0.5, 0.5]
2b        : [0.3333333333333333, 0.3333333333333333, 0.3333333333333333]
1         : [0.5555555555555555, 0.2222222222222222, 0.2222222222222222]
3p        : [0.08333333333333334, 0.375, 0.5416666666666667]
1pB       : [0.875, 0.12499999999999999]
1pb       : [0.4066666666666667, 0.30666666666666664, 0.2866666666666667]
3pbB      : [0.5, 0.5]
3B        : [0.5, 0.5]
3b        : [0.3333333333333333, 0.3333333333333333, 0.3333333333333333]
1bB       : [0.75, 0.25]
2bB       : [0.5, 0.5]


