# name/game/hands/seed c10_cfr20kk_1kgames leduc.game 1000 100
#--t_response 600000
#--t_hand 600000
#--t_per_hand 7000
STATE:0:cr300c/cc:Ks|Ah/Qs:-300|300:DeepStack|TCC_AI
STATE:1:cc/cr300f:As|Qh/Qs:-100|100:TCC_AI|DeepStack
STATE:2:cc/cc:Qh|Qs/Ah:0|0:DeepStack|TCC_AI
STATE:3:cr300r1100f:Ah|Ks:300|-300:TCC_AI|DeepStack
STATE:4:cc/r300f:Ah|Qs/As:100|-100:DeepStack|TCC_AI
STATE:5:cc/cr300f:Ks|Kh/Qh:-100|100:TCC_AI|DeepStack
STATE:6:cc/cr800f:Qh|Qs/As:-100|100:DeepStack|TCC_AI
STATE:7:r800f:As|Ks:100|-100:TCC_AI|DeepStack
STATE:8:cc/r300f:Ks|Kh/As:100|-100:DeepStack|TCC_AI
STATE:9:cr300f:Qs|As:-100|100:TCC_AI|DeepStack
STATE:10:cc/cc:Kh|Qh/Ks:100|-100:DeepStack|TCC_AI
STATE:11:cc/cc:As|Qh/Kh:100|-100:TCC_AI|DeepStack
STATE:12:cc/cc:Qs|Ks/Qh:100|-100:DeepStack|TCC_AI
STATE:13:cc/cr300f:Ah|Qh/Qs:-100|100:TCC_AI|DeepStack
STATE:14:cc/cr200f:Qs|Ks/Kh:-100|100:DeepStack|TCC_AI
STATE:15:cc/cc:Qs|Qh/Kh:0|0:TCC_AI|DeepStack
STATE:16:cc/cc:Qh|Ks/Qs:100|-100:DeepStack|TCC_AI
STATE:17:cr300f:Qs|Ah:-100|100:TCC_AI|DeepStack
STATE:18:cr300r1200c/:As|Ah/Ks:0|0:DeepStack|TCC_AI
STATE:19:cc/cc:Qs|Kh/As:-100|100:TCC_AI|DeepStack
STATE:20:cc/cc:Qs|Qh/Ks:0|0:DeepStack|TCC_AI
STATE:21:cc/r300f:Ks|Qs/Ah:100|-100:TCC_AI|DeepStack
STATE:22:cr300f:Qh|Qs:-100|100:DeepStack|TCC_AI
STATE:23:cc/cc:Qs|Qh/Ks:0|0:TCC_AI|DeepStack
STATE:24:cr300f:Qh|As:-100|100:DeepStack|TCC_AI
STATE:25:cr300c/cr1200f:Ks|Ah/As:-300|300:TCC_AI|DeepStack
STATE:26:cc/cc:As|Qs/Kh:100|-100:DeepStack|TCC_AI
STATE:27:cr300r1000c/cr1200c:Ah|As/Kh:0|0:TCC_AI|DeepStack
STATE:28:cc/r300f:Qs|Qh/Ah:100|-100:DeepStack|TCC_AI
STATE:29:cc/cc:Qh|Ah/Qs:100|-100:TCC_AI|DeepStack
STATE:30:cc/r300f:As|Qh/Ah:100|-100:DeepStack|TCC_AI
STATE:31:cc/cr300f:Qh|Kh/Ks:-100|100:TCC_AI|DeepStack
STATE:32:cr200c/r600f:Ks|As/Qs:200|-200:DeepStack|TCC_AI
STATE:33:cc/cc:Ah|Qh/Ks:100|-100:TCC_AI|DeepStack
STATE:34:cr300f:Qs|Ks:-100|100:DeepStack|TCC_AI
STATE:35:cc/cc:Qh|Ks/As:-100|100:TCC_AI|DeepStack
STATE:36:cr300c/cc:Kh|As/Qh:-300|300:DeepStack|TCC_AI
STATE:37:cc/cc:Qh|Kh/As:-100|100:TCC_AI|DeepStack
STATE:38:cc/cc:Qs|Ks/Ah:-100|100:DeepStack|TCC_AI
STATE:39:cr300f:Ks|Kh:-100|100:TCC_AI|DeepStack
STATE:40:r1200f:Ah|Ks:100|-100:DeepStack|TCC_AI
STATE:41:cr300f:Ks|Ah:-100|100:TCC_AI|DeepStack
STATE:42:cr400f:Qh|Ah:-100|100:DeepStack|TCC_AI
STATE:43:cc/cc:Qh|Ks/Ah:-100|100:TCC_AI|DeepStack
STATE:44:cr300f:Qh|Ah:-100|100:DeepStack|TCC_AI
STATE:45:cc/cc:Ah|Qh/Kh:100|-100:TCC_AI|DeepStack
STATE:46:cc/r300f:Ah|Qh/As:100|-100:DeepStack|TCC_AI
STATE:47:cc/cc:Qh|Qs/Ks:0|0:TCC_AI|DeepStack
STATE:48:cc/cc:Kh|Qh/Ks:100|-100:DeepStack|TCC_AI
STATE:49:cc/cc:Qh|Qs/Kh:0|0:TCC_AI|DeepStack
STATE:50:cr300r1200c/:Ah|As/Kh:0|0:DeepStack|TCC_AI
STATE:51:cc/cr300f:Ks|Qs/Qh:-100|100:TCC_AI|DeepStack
STATE:52:cr300c/r900c:Qh|As/Qs:900|-900:DeepStack|TCC_AI
STATE:53:cc/r300r900f:Ks|Ah/As:-300|300:TCC_AI|DeepStack
STATE:54:cr300c/cc:Kh|Ah/Qs:-300|300:DeepStack|TCC_AI
STATE:55:cr300f:Ks|Ah:-100|100:TCC_AI|DeepStack
STATE:56:cr300f:Qs|Ks:-100|100:DeepStack|TCC_AI
STATE:57:cc/cr300f:Kh|Qh/Qs:-100|100:TCC_AI|DeepStack
STATE:58:cr400c/r1200c:Ah|As/Ks:0|0:DeepStack|TCC_AI
STATE:59:cr300f:Ks|As:-100|100:TCC_AI|DeepStack
STATE:60:cr300r1200f:As|Ks:300|-300:DeepStack|TCC_AI
STATE:61:cr300f:Qh|As:-100|100:TCC_AI|DeepStack
STATE:62:cr300f:Kh|Qs:-100|100:DeepStack|TCC_AI
STATE:63:cr1200f:Ks|As:-100|100:TCC_AI|DeepStack
STATE:64:cc/cc:Qs|Ks/Qh:100|-100:DeepStack|TCC_AI
STATE:65:cc/cr300f:Qh|Kh/Ks:-100|100:TCC_AI|DeepStack
STATE:66:cc/cr200c:As|Kh/Ks:-200|200:DeepStack|TCC_AI
STATE:67:cr300f:Qh|Ah:-100|100:TCC_AI|DeepStack
STATE:68:cc/cc:Ks|Qh/Kh:100|-100:DeepStack|TCC_AI
STATE:69:cc/r400c:Kh|Ks/Ah:0|0:TCC_AI|DeepStack
STATE:70:cc/r1200f:As|Ks/Ah:100|-100:DeepStack|TCC_AI
STATE:71:cc/cc:Ah|Qh/Ks:100|-100:TCC_AI|DeepStack
STATE:72:cr300c/cr400c:Kh|Qh/Qs:-400|400:DeepStack|TCC_AI
STATE:73:cr300r1100c/r1200c:As|Ah/Qh:0|0:TCC_AI|DeepStack
STATE:74:cr300r1200f:Ah|Qs:300|-300:DeepStack|TCC_AI
STATE:75:cc/cc:Qh|Kh/Ah:-100|100:TCC_AI|DeepStack
STATE:76:r1200f:As|Qs:100|-100:DeepStack|TCC_AI
STATE:77:cc/r400f:Kh|Qh/Ah:100|-100:TCC_AI|DeepStack
STATE:78:r1200f:As|Qh:100|-100:DeepStack|TCC_AI
STATE:79:r400r1200c/:Ah|As/Kh:0|0:TCC_AI|DeepStack
STATE:80:cr300f:Ks|As:-100|100:DeepStack|TCC_AI
STATE:81:cc/cr300f:Ks|Qs/Qh:-100|100:TCC_AI|DeepStack
STATE:82:cc/r300f:As|Qs/Ah:100|-100:DeepStack|TCC_AI
STATE:83:cc/r600f:Kh|Ks/As:100|-100:TCC_AI|DeepStack
STATE:84:cr500f:Qs|As:-100|100:DeepStack|TCC_AI
STATE:85:r800r1200c/:Ah|As/Qh:0|0:TCC_AI|DeepStack
STATE:86:cc/cc:Ah|Qh/Kh:100|-100:DeepStack|TCC_AI
STATE:87:cr300f:Qh|Ah:-100|100:TCC_AI|DeepStack
STATE:88:cc/cr300c:Ah|Ks/Kh:-300|300:DeepStack|TCC_AI
STATE:89:cc/cr300f:Qs|Qh/Ks:-100|100:TCC_AI|DeepStack
STATE:90:cc/cc:Qh|Kh/Ah:-100|100:DeepStack|TCC_AI
STATE:91:cr300f:Kh|Ah:-100|100:TCC_AI|DeepStack
STATE:92:cc/cc:Ah|Ks/Qh:100|-100:DeepStack|TCC_AI
STATE:93:r1000f:As|Qs:100|-100:TCC_AI|DeepStack
STATE:94:cc/cc:Qh|Qs/Ks:0|0:DeepStack|TCC_AI
STATE:95:cc/cc:Ks|Qs/Ah:100|-100:TCC_AI|DeepStack
STATE:96:r1200c/:As|Ah/Ks:0|0:DeepStack|TCC_AI
STATE:97:cc/cc:As|Ks/Qh:100|-100:TCC_AI|DeepStack
STATE:98:cc/cc:Kh|Ah/Qs:-100|100:DeepStack|TCC_AI
STATE:99:cc/cc:Qh|Kh/Qs:100|-100:TCC_AI|DeepStack
STATE:100:cc/r300f:As|Qs/Ah:100|-100:DeepStack|TCC_AI
STATE:101:cc/cc:Qs|Kh/Qh:100|-100:TCC_AI|DeepStack
STATE:102:cc/cr200f:Qs|Ks/Kh:-100|100:DeepStack|TCC_AI
STATE:103:r500f:As|Qs:100|-100:TCC_AI|DeepStack
STATE:104:cr300c/cc:Qh|Ah/Ks:-300|300:DeepStack|TCC_AI
STATE:105:cc/cr300f:Qs|Kh/Ks:-100|100:TCC_AI|DeepStack
STATE:106:cr300c/cc:Ks|As/Qs:-300|300:DeepStack|TCC_AI
STATE:107:cc/cr300f:Ks|Kh/Qh:-100|100:TCC_AI|DeepStack
STATE:108:cc/cr200f:Ks|Qh/Qs:-100|100:DeepStack|TCC_AI
STATE:109:cr300c/cr1200f:Kh|Qs/Qh:-300|300:TCC_AI|DeepStack
STATE:110:cr300f:Kh|Ah:-100|100:DeepStack|TCC_AI
STATE:111:r600f:As|Kh:100|-100:TCC_AI|DeepStack
STATE:112:cr300r1200f:As|Qs:300|-300:DeepStack|TCC_AI
STATE:113:r200r600r1200c/:Ah|As/Ks:0|0:TCC_AI|DeepStack
STATE:114:cr200r1200f:As|Ks:200|-200:DeepStack|TCC_AI
STATE:115:cr300f:Ks|Ah:-100|100:TCC_AI|DeepStack
STATE:116:cc/r300c:Kh|Ks/As:0|0:DeepStack|TCC_AI
STATE:117:cc/cc:Qh|Kh/As:-100|100:TCC_AI|DeepStack
STATE:118:cr300f:Qh|As:-100|100:DeepStack|TCC_AI
STATE:119:cr300r800c/cc:Ah|Kh/Qh:800|-800:TCC_AI|DeepStack
STATE:120:cc/cc:Kh|Ks/Qh:0|0:DeepStack|TCC_AI
STATE:121:r800c/r900r1200c:As|Ah/Ks:0|0:TCC_AI|DeepStack
STATE:122:cc/cr200f:Kh|Qh/Qs:-100|100:DeepStack|TCC_AI
STATE:123:cc/r300c:As|Ks/Ah:300|-300:TCC_AI|DeepStack
STATE:124:cc/cc:Ah|Kh/Qs:100|-100:DeepStack|TCC_AI
STATE:125:cc/cc:Ks|Qh/Kh:100|-100:TCC_AI|DeepStack
STATE:126:cc/cc:Ah|Qh/Ks:100|-100:DeepStack|TCC_AI
STATE:127:r600f:As|Qs:100|-100:TCC_AI|DeepStack
STATE:128:cc/cc:Qs|Qh/Ah:0|0:DeepStack|TCC_AI
STATE:129:cc/cc:Qs|Qh/As:0|0:TCC_AI|DeepStack
STATE:130:cr300r1200c/:As|Ah/Qs:0|0:DeepStack|TCC_AI
STATE:131:cc/cc:Qh|Kh/As:-100|100:TCC_AI|DeepStack
STATE:132:cr300c/cc:Kh|As/Qs:-300|300:DeepStack|TCC_AI
STATE:133:cc/cc:Qs|Ks/As:-100|100:TCC_AI|DeepStack
STATE:134:cc/cc:Ah|Ks/Qh:100|-100:DeepStack|TCC_AI
STATE:135:cr300f:Qh|As:-100|100:TCC_AI|DeepStack
STATE:136:cr300c/cr1100f:Kh|Qs/As:-300|300:DeepStack|TCC_AI
STATE:137:cr300f:Qs|Ah:-100|100:TCC_AI|DeepStack
STATE:138:cr300c/cr1200f:Qh|Qs/As:-300|300:DeepStack|TCC_AI
STATE:139:cc/cr300f:Qs|Ks/Kh:-100|100:TCC_AI|DeepStack
STATE:140:r300c/cr1200f:Ks|As/Qs:-300|300:DeepStack|TCC_AI
STATE:141:cr1200f:Qs|Ah:-100|100:TCC_AI|DeepStack
STATE:142:r300f:Ah|Qs:100|-100:DeepStack|TCC_AI
STATE:143:cr300r800c/r1000r1200c:As|Ah/Qs:0|0:TCC_AI|DeepStack
STATE:144:cc/cc:As|Ks/Qh:100|-100:DeepStack|TCC_AI
STATE:145:r800f:Ah|Qh:100|-100:TCC_AI|DeepStack
STATE:146:cc/r1200f:As|Kh/Ah:100|-100:DeepStack|TCC_AI
STATE:147:cc/cc:Qh|Ks/As:-100|100:TCC_AI|DeepStack
STATE:148:cc/cc:Qs|Kh/As:-100|100:DeepStack|TCC_AI
STATE:149:cr300c/cr1200f:Ks|Ah/As:-300|300:TCC_AI|DeepStack
STATE:150:cc/cc:Qs|Ks/Ah:-100|100:DeepStack|TCC_AI
STATE:151:cc/r400f:Kh|Qs/As:100|-100:TCC_AI|DeepStack
STATE:152:cc/cc:Qs|Qh/Ks:0|0:DeepStack|TCC_AI
STATE:153:cc/cr300f:As|Qs/Qh:-100|100:TCC_AI|DeepStack
STATE:154:cc/r300f:Ks|Qh/As:100|-100:DeepStack|TCC_AI
STATE:155:cc/cr1200f:Qh|Qs/As:-100|100:TCC_AI|DeepStack
STATE:156:cc/cr700f:Kh|Ah/As:-100|100:DeepStack|TCC_AI
STATE:157:cr300f:Ks|Qs:-100|100:TCC_AI|DeepStack
STATE:158:cc/cc:Kh|Ks/Qs:0|0:DeepStack|TCC_AI
STATE:159:cr300f:Qs|Kh:-100|100:TCC_AI|DeepStack
STATE:160:cr300f:Qs|Ah:-100|100:DeepStack|TCC_AI
STATE:161:cr300c/cc:Qs|Ah/Kh:-300|300:TCC_AI|DeepStack
STATE:162:cr200c/cc:Ks|Ah/Qs:-200|200:DeepStack|TCC_AI
STATE:163:cc/cc:Qh|Ks/Ah:-100|100:TCC_AI|DeepStack
STATE:164:r300c/cc:Ah|Kh/Qs:300|-300:DeepStack|TCC_AI
STATE:165:cc/cr300f:Qs|Kh/Ks:-100|100:TCC_AI|DeepStack
STATE:166:r1200c/:Ah|As/Kh:0|0:DeepStack|TCC_AI
STATE:167:cc/cr300f:Ah|Qs/Qh:-100|100:TCC_AI|DeepStack
STATE:168:r1200f:Ah|Qh:100|-100:DeepStack|TCC_AI
STATE:169:cc/cr300f:As|Qh/Kh:-100|100:TCC_AI|DeepStack
STATE:170:cc/cr200f:Qh|Kh/Ks:-100|100:DeepStack|TCC_AI
STATE:171:cc/cc:Kh|Ks/Qs:0|0:TCC_AI|DeepStack
STATE:172:cc/cc:Qs|Ks/Ah:-100|100:DeepStack|TCC_AI
STATE:173:cc/cr300f:As|Kh/Ks:-100|100:TCC_AI|DeepStack
STATE:174:cc/cc:As|Qh/Ks:100|-100:DeepStack|TCC_AI
STATE:175:cr300r1100f:Ah|Qh:300|-300:TCC_AI|DeepStack
STATE:176:cc/cc:Ks|Kh/Qs:0|0:DeepStack|TCC_AI
STATE:177:cc/r500f:As|Ks/Ah:100|-100:TCC_AI|DeepStack
STATE:178:r1200c/:Ah|As/Ks:0|0:DeepStack|TCC_AI
STATE:179:cr300c/cr900f:Ks|Ah/As:-300|300:TCC_AI|DeepStack
STATE:180:cc/cc:Qs|Ah/Ks:-100|100:DeepStack|TCC_AI
STATE:181:cr300f:Ks|Qs:-100|100:TCC_AI|DeepStack
STATE:182:cr600f:Qh|Ah:-100|100:DeepStack|TCC_AI
STATE:183:cr300f:Kh|As:-100|100:TCC_AI|DeepStack
STATE:184:cr300c/cc:Ks|As/Qs:-300|300:DeepStack|TCC_AI
STATE:185:cc/cc:Qh|Qs/As:0|0:TCC_AI|DeepStack
STATE:186:cr300c/r1200c:Kh|As/Ks:1200|-1200:DeepStack|TCC_AI
STATE:187:cc/cr300f:Ah|Qh/Qs:-100|100:TCC_AI|DeepStack
STATE:188:r1200f:Ah|Kh:100|-100:DeepStack|TCC_AI
STATE:189:cc/cr300f:Qh|Ks/Kh:-100|100:TCC_AI|DeepStack
STATE:190:cr300f:Qs|As:-100|100:DeepStack|TCC_AI
STATE:191:cr300f:Qh|Ah:-100|100:TCC_AI|DeepStack
STATE:192:cr300f:Ks|Ah:-100|100:DeepStack|TCC_AI
STATE:193:cr300f:Kh|As:-100|100:TCC_AI|DeepStack
STATE:194:cr300r1200f:As|Ks:300|-300:DeepStack|TCC_AI
STATE:195:cc/cc:Ks|Kh/Qs:0|0:TCC_AI|DeepStack
STATE:196:cc/cr200f:Qs|Ks/Kh:-100|100:DeepStack|TCC_AI
STATE:197:cr300f:Qh|Kh:-100|100:TCC_AI|DeepStack
STATE:198:cc/cc:Qs|Ks/Qh:100|-100:DeepStack|TCC_AI
STATE:199:cr300f:Kh|Ah:-100|100:TCC_AI|DeepStack
STATE:200:cc/cc:Ah|Qs/Ks:100|-100:DeepStack|TCC_AI
STATE:201:cr300f:Kh|As:-100|100:TCC_AI|DeepStack
STATE:202:cr300f:Qh|As:-100|100:DeepStack|TCC_AI
STATE:203:cr300f:Qh|Ah:-100|100:TCC_AI|DeepStack
STATE:204:cr300f:Qs|Ah:-100|100:DeepStack|TCC_AI
STATE:205:cc/r200f:Ks|Qh/As:100|-100:TCC_AI|DeepStack
STATE:206:cc/cc:Qs|Kh/Ah:-100|100:DeepStack|TCC_AI
STATE:207:cc/cr300f:As|Kh/Ks:-100|100:TCC_AI|DeepStack
STATE:208:cc/cc:As|Qh/Kh:100|-100:DeepStack|TCC_AI
STATE:209:cr300f:Qh|Ah:-100|100:TCC_AI|DeepStack
STATE:210:cr500f:Qh|As:-100|100:DeepStack|TCC_AI
STATE:211:cc/cc:Kh|Ks/Ah:0|0:TCC_AI|DeepStack
STATE:212:cr300c/cc:Kh|As/Qs:-300|300:DeepStack|TCC_AI
STATE:213:cc/cc:Ah|As/Kh:0|0:TCC_AI|DeepStack
STATE:214:cr300f:Ks|Qs:-100|100:DeepStack|TCC_AI
STATE:215:cr300f:Kh|Ah:-100|100:TCC_AI|DeepStack
STATE:216:cr300c/r1200c:Ks|Ah/Qs:-1200|1200:DeepStack|TCC_AI
STATE:217:cr300f:Kh|Qs:-100|100:TCC_AI|DeepStack
STATE:218:r1200f:As|Ks:100|-100:DeepStack|TCC_AI
STATE:219:cr300c/cr900f:Ks|Kh/Qs:-300|300:TCC_AI|DeepStack
STATE:220:cr300f:Qh|As:-100|100:DeepStack|TCC_AI
STATE:221:cr300f:Qh|Ah:-100|100:TCC_AI|DeepStack
STATE:222:cr300c/r1200f:Ks|Qs/Kh:300|-300:DeepStack|TCC_AI
STATE:223:cc/r400c:Kh|Ks/As:0|0:TCC_AI|DeepStack
STATE:224:cc/cr200f:As|Qh/Ks:-100|100:DeepStack|TCC_AI
STATE:225:cr300f:Qh|Ks:-100|100:TCC_AI|DeepStack
STATE:226:r1200f:Ah|Qs:100|-100:DeepStack|TCC_AI
STATE:227:cc/cc:Qh|Qs/Kh:0|0:TCC_AI|DeepStack
STATE:228:cc/cc:Kh|Ks/Qs:0|0:DeepStack|TCC_AI
STATE:229:cc/cc:Qs|Kh/Qh:100|-100:TCC_AI|DeepStack
STATE:230:cr300r1200c/:As|Ah/Ks:0|0:DeepStack|TCC_AI
STATE:231:cc/cc:Qs|Kh/As:-100|100:TCC_AI|DeepStack
STATE:232:cc/cr200f:Qh|Kh/Ks:-100|100:DeepStack|TCC_AI
STATE:233:cr300f:Ks|Qh:-100|100:TCC_AI|DeepStack
STATE:234:cr300c/cr1000f:Ks|Kh/As:-300|300:DeepStack|TCC_AI
STATE:235:cr300f:Qs|Ah:-100|100:TCC_AI|DeepStack
STATE:236:cr400f:Kh|As:-100|100:DeepStack|TCC_AI
STATE:237:cr300f:Qh|As:-100|100:TCC_AI|DeepStack
STATE:238:cc/r300f:Ks|Qh/Ah:100|-100:DeepStack|TCC_AI
STATE:239:cr300f:Qs|As:-100|100:TCC_AI|DeepStack
STATE:240:cr300f:Qh|Ah:-100|100:DeepStack|TCC_AI
STATE:241:r300c/r400c:Ks|Kh/As:0|0:TCC_AI|DeepStack
STATE:242:r300c/cc:As|Qs/Kh:300|-300:DeepStack|TCC_AI
STATE:243:cr1200f:Qs|Ah:-100|100:TCC_AI|DeepStack
STATE:244:cc/cr300c:As|Qh/Qs:-300|300:DeepStack|TCC_AI
STATE:245:cc/cc:Ah|Qs/Ks:100|-100:TCC_AI|DeepStack
STATE:246:r1200c/:As|Ah/Qh:0|0:DeepStack|TCC_AI
STATE:247:cc/cc:As|Qs/Ks:100|-100:TCC_AI|DeepStack
STATE:248:cc/cc:Qh|Qs/Kh:0|0:DeepStack|TCC_AI
STATE:249:cr300f:Kh|Qs:-100|100:TCC_AI|DeepStack
STATE:250:cr300f:Qh|Ah:-100|100:DeepStack|TCC_AI
STATE:251:cc/cc:Ks|Qh/Ah:100|-100:TCC_AI|DeepStack
STATE:252:cc/cc:Kh|Qs/Ks:100|-100:DeepStack|TCC_AI
STATE:253:cc/cc:Qh|Ks/Qs:100|-100:TCC_AI|DeepStack
STATE:254:cr800f:Qh|Ah:-100|100:DeepStack|TCC_AI
STATE:255:cc/r300f:Kh|Qs/As:100|-100:TCC_AI|DeepStack
STATE:256:r1200f:Ah|Qh:100|-100:DeepStack|TCC_AI
STATE:257:cr300f:Qs|Qh:-100|100:TCC_AI|DeepStack
STATE:258:cr300f:Kh|Qs:-100|100:DeepStack|TCC_AI
STATE:259:cc/cc:Kh|Qh/Ks:100|-100:TCC_AI|DeepStack
STATE:260:cc/cc:Ks|Qs/Kh:100|-100:DeepStack|TCC_AI
STATE:261:cc/cc:As|Ah/Qh:0|0:TCC_AI|DeepStack
STATE:262:cr300f:Qh|Ah:-100|100:DeepStack|TCC_AI
STATE:263:cc/cr300f:Ah|Kh/Qh:-100|100:TCC_AI|DeepStack
STATE:264:cc/cc:Qh|Ks/Qs:100|-100:DeepStack|TCC_AI
STATE:265:cc/cc:Ks|Qh/Ah:100|-100:TCC_AI|DeepStack
STATE:266:cr300f:Ks|As:-100|100:DeepStack|TCC_AI
STATE:267:r800f:As|Qh:100|-100:TCC_AI|DeepStack
STATE:268:cc/cc:Kh|Ah/Qs:-100|100:DeepStack|TCC_AI
STATE:269:r300c/cr1200f:As|Qs/Qh:-300|300:TCC_AI|DeepStack
STATE:270:cc/cc:Kh|Qh/Ah:100|-100:DeepStack|TCC_AI
STATE:271:cc/cr300f:Ks|Qs/Qh:-100|100:TCC_AI|DeepStack
STATE:272:cc/r300f:Ks|Qs/As:100|-100:DeepStack|TCC_AI
STATE:273:cr300f:Qs|Ah:-100|100:TCC_AI|DeepStack
STATE:274:cr400c/cr1100f:Kh|Ah/Qh:-400|400:DeepStack|TCC_AI
STATE:275:cc/cr300f:Ks|Kh/Qs:-100|100:TCC_AI|DeepStack
STATE:276:cr300r1200c/:Ah|As/Ks:0|0:DeepStack|TCC_AI
STATE:277:cc/cr300f:As|Kh/Ks:-100|100:TCC_AI|DeepStack
STATE:278:cc/cr200f:Kh|Ks/Qs:-100|100:DeepStack|TCC_AI
STATE:279:cr300f:Qh|Kh:-100|100:TCC_AI|DeepStack
STATE:280:cc/cr200c:Ah|Qh/Qs:-200|200:DeepStack|TCC_AI
STATE:281:cc/cc:Ah|Qh/Ks:100|-100:TCC_AI|DeepStack
STATE:282:cc/cc:Qs|Ks/Ah:-100|100:DeepStack|TCC_AI
STATE:283:cc/cc:Ah|Kh/Qh:100|-100:TCC_AI|DeepStack
STATE:284:cc/r300f:Ks|Qs/Ah:100|-100:DeepStack|TCC_AI
STATE:285:cc/cr1200f:Qh|Kh/Ah:-100|100:TCC_AI|DeepStack
STATE:286:r1200f:As|Qs:100|-100:DeepStack|TCC_AI
STATE:287:r800f:Ah|Ks:100|-100:TCC_AI|DeepStack
STATE:288:r1200f:Ah|Kh:100|-100:DeepStack|TCC_AI
STATE:289:cc/r400r1200f:Ks|Qs/As:-400|400:TCC_AI|DeepStack
STATE:290:cr200c/cr300f:Kh|As/Qs:-200|200:DeepStack|TCC_AI
STATE:291:cr300r1000f:Ah|Ks:300|-300:TCC_AI|DeepStack
STATE:292:cr300f:Kh|As:-100|100:DeepStack|TCC_AI
STATE:293:r800f:As|Kh:100|-100:TCC_AI|DeepStack
STATE:294:cr300f:Qh|Ah:-100|100:DeepStack|TCC_AI
STATE:295:cr300r1200f:Ah|Qh:300|-300:TCC_AI|DeepStack
STATE:296:cr500f:Ks|Ah:-100|100:DeepStack|TCC_AI
STATE:297:r800f:As|Qh:100|-100:TCC_AI|DeepStack
STATE:298:cr300c/cc:Ks|As/Qs:-300|300:DeepStack|TCC_AI
STATE:299:cr300r800c/r1000f:Ah|Ks/Qh:800|-800:TCC_AI|DeepStack
STATE:300:cc/cc:Qh|Kh/As:-100|100:DeepStack|TCC_AI
STATE:301:cc/cc:Qs|Ah/Ks:-100|100:TCC_AI|DeepStack
STATE:302:cc/r300c:Ks|Kh/As:0|0:DeepStack|TCC_AI
STATE:303:cc/cc:As|Kh/Qs:100|-100:TCC_AI|DeepStack
STATE:304:cr300c/r1200f:Qh|As/Ks:300|-300:DeepStack|TCC_AI
STATE:305:cc/cc:Ks|Kh/Qh:0|0:TCC_AI|DeepStack
STATE:306:cc/r300c:Kh|Ks/Ah:0|0:DeepStack|TCC_AI
STATE:307:cc/cc:Qh|Ks/Qs:100|-100:TCC_AI|DeepStack
STATE:308:cc/cc:Qs|Qh/Ah:0|0:DeepStack|TCC_AI
STATE:309:cr300r800c/r1000f:As|Kh/Qh:800|-800:TCC_AI|DeepStack
STATE:310:cr300f:Ks|As:-100|100:DeepStack|TCC_AI
STATE:311:cc/cr300c:Ah|Qh/Qs:-300|300:TCC_AI|DeepStack
STATE:312:r1200f:As|Kh:100|-100:DeepStack|TCC_AI
STATE:313:cc/cr300f:Ks|Kh/Qs:-100|100:TCC_AI|DeepStack
STATE:314:cc/r300r500r1200f:Ah|Kh/As:500|-500:DeepStack|TCC_AI
STATE:315:cr300f:Qs|As:-100|100:TCC_AI|DeepStack
STATE:316:cr400f:Qs|As:-100|100:DeepStack|TCC_AI
STATE:317:cc/cc:Kh|Ks/Qs:0|0:TCC_AI|DeepStack
STATE:318:cr300c/cc:Qh|Ah/Ks:-300|300:DeepStack|TCC_AI
STATE:319:cr300f:Qh|Ah:-100|100:TCC_AI|DeepStack
STATE:320:cc/cr200f:Qs|Kh/Ks:-100|100:DeepStack|TCC_AI
STATE:321:cr300f:Qs|Ks:-100|100:TCC_AI|DeepStack
STATE:322:cr300f:Qs|Kh:-100|100:DeepStack|TCC_AI
STATE:323:cc/cr300f:Qh|Ks/Kh:-100|100:TCC_AI|DeepStack
STATE:324:cc/cc:Kh|Ks/Qs:0|0:DeepStack|TCC_AI
STATE:325:cc/cr300f:Ah|Ks/Kh:-100|100:TCC_AI|DeepStack
STATE:326:cc/cc:Ks|Qs/Ah:100|-100:DeepStack|TCC_AI
STATE:327:cr300f:Ks|Ah:-100|100:TCC_AI|DeepStack
STATE:328:r1200f:Ah|Ks:100|-100:DeepStack|TCC_AI
STATE:329:cr300f:Kh|Ah:-100|100:TCC_AI|DeepStack
STATE:330:cc/r300f:Ks|Qh/As:100|-100:DeepStack|TCC_AI
STATE:331:cr300f:Ks|As:-100|100:TCC_AI|DeepStack
STATE:332:r1200f:Ah|Kh:100|-100:DeepStack|TCC_AI
STATE:333:cc/cc:Qh|Qs/Ks:0|0:TCC_AI|DeepStack
STATE:334:cc/cc:Qs|Ah/Qh:100|-100:DeepStack|TCC_AI
STATE:335:cr300c/r900f:Qh|Ah/Kh:300|-300:TCC_AI|DeepStack
STATE:336:cc/cc:Kh|Qs/Ks:100|-100:DeepStack|TCC_AI
STATE:337:cr300f:Kh|As:-100|100:TCC_AI|DeepStack
STATE:338:cc/cr200f:Qh|Ks/Kh:-100|100:DeepStack|TCC_AI
STATE:339:cr300f:Qs|Ah:-100|100:TCC_AI|DeepStack
STATE:340:cr700f:Qs|As:-100|100:DeepStack|TCC_AI
STATE:341:cc/cr300f:As|Ks/Kh:-100|100:TCC_AI|DeepStack
STATE:342:cc/r300f:Kh|Qh/Ah:100|-100:DeepStack|TCC_AI
STATE:343:cc/cr300f:As|Qh/Kh:-100|100:TCC_AI|DeepStack
STATE:344:cc/r300f:Kh|Qh/Ah:100|-100:DeepStack|TCC_AI
STATE:345:cc/cc:As|Ks/Qs:100|-100:TCC_AI|DeepStack
STATE:346:cr300f:Kh|As:-100|100:DeepStack|TCC_AI
STATE:347:cr300f:Qh|Ah:-100|100:TCC_AI|DeepStack
STATE:348:cc/cc:Ks|Kh/Qh:0|0:DeepStack|TCC_AI
STATE:349:cc/cr300f:Ks|Qs/Qh:-100|100:TCC_AI|DeepStack
STATE:350:r1200f:As|Kh:100|-100:DeepStack|TCC_AI
STATE:351:cc/cr1200f:Qh|Kh/As:-100|100:TCC_AI|DeepStack
STATE:352:cc/cc:Qh|Kh/Qs:100|-100:DeepStack|TCC_AI
STATE:353:cc/cc:Qs|Qh/As:0|0:TCC_AI|DeepStack
STATE:354:cc/cc:Qh|Ks/As:-100|100:DeepStack|TCC_AI
STATE:355:r600f:Ah|Qh:100|-100:TCC_AI|DeepStack
STATE:356:cr300c/r900f:Qs|As/Qh:300|-300:DeepStack|TCC_AI
STATE:357:cc/cc:Qs|As/Qh:100|-100:TCC_AI|DeepStack
STATE:358:cc/cr200f:Qh|Ks/Kh:-100|100:DeepStack|TCC_AI
STATE:359:cc/cc:Ah|Kh/Qh:100|-100:TCC_AI|DeepStack
STATE:360:cr300r1200c/:As|Ah/Kh:0|0:DeepStack|TCC_AI
STATE:361:cc/r300f:Kh|Qh/Ah:100|-100:TCC_AI|DeepStack
STATE:362:cr300f:Ks|As:-100|100:DeepStack|TCC_AI
STATE:363:r600r1200c/:Ah|As/Kh:0|0:TCC_AI|DeepStack
STATE:364:cc/cc:As|Qh/Kh:100|-100:DeepStack|TCC_AI
STATE:365:cc/r500f:Ah|Qh/As:100|-100:TCC_AI|DeepStack
STATE:366:cr300r1200c/:As|Ah/Ks:0|0:DeepStack|TCC_AI
STATE:367:cc/r400f:Ks|Qh/As:100|-100:TCC_AI|DeepStack
STATE:368:cc/r300f:Kh|Qs/Ah:100|-100:DeepStack|TCC_AI
STATE:369:cr300f:Kh|Ah:-100|100:TCC_AI|DeepStack
STATE:370:cc/cc:Kh|Qh/Ks:100|-100:DeepStack|TCC_AI
STATE:371:r600f:Ah|Qs:100|-100:TCC_AI|DeepStack
STATE:372:cc/cc:Ks|Kh/Qh:0|0:DeepStack|TCC_AI
STATE:373:cc/r400f:Ks|Qh/As:100|-100:TCC_AI|DeepStack
STATE:374:cc/cc:Ks|Kh/As:0|0:DeepStack|TCC_AI
STATE:375:cc/cr300f:Ks|Qs/Qh:-100|100:TCC_AI|DeepStack
STATE:376:cc/cr400c:Kh|As/Ah:-400|400:DeepStack|TCC_AI
STATE:377:r900f:Ah|Kh:100|-100:TCC_AI|DeepStack
STATE:378:r1200f:Ah|Qs:100|-100:DeepStack|TCC_AI
STATE:379:cc/cc:Qh|Qs/Kh:0|0:TCC_AI|DeepStack
STATE:380:cr300c/r1200f:Ah|Kh/Qs:300|-300:DeepStack|TCC_AI
STATE:381:cr300f:Kh|Qs:-100|100:TCC_AI|DeepStack
STATE:382:cc/cc:Qs|Ks/Ah:-100|100:DeepStack|TCC_AI
STATE:383:cc/cc:Ks|Qh/Kh:100|-100:TCC_AI|DeepStack
STATE:384:cc/r300f:Ks|Qh/As:100|-100:DeepStack|TCC_AI
STATE:385:cc/cc:Qs|Ah/Qh:100|-100:TCC_AI|DeepStack
STATE:386:cc/cc:Qh|Ks/Qs:100|-100:DeepStack|TCC_AI
STATE:387:cr300f:Qh|Ah:-100|100:TCC_AI|DeepStack
STATE:388:cc/cr200f:Kh|Qh/Qs:-100|100:DeepStack|TCC_AI
STATE:389:cc/cr300f:As|Ks/Qh:-100|100:TCC_AI|DeepStack
STATE:390:cr500f:Qh|Ah:-100|100:DeepStack|TCC_AI
STATE:391:r600f:As|Qh:100|-100:TCC_AI|DeepStack
STATE:392:r1200f:Ah|Kh:100|-100:DeepStack|TCC_AI
STATE:393:cc/cc:Qs|Ks/Qh:100|-100:TCC_AI|DeepStack
STATE:394:cc/cr200c:As|Kh/Ks:-200|200:DeepStack|TCC_AI
STATE:395:cc/cc:Qh|Ks/Qs:100|-100:TCC_AI|DeepStack
STATE:396:cc/cc:Qh|Kh/Qs:100|-100:DeepStack|TCC_AI
STATE:397:cr300c/r1200f:Qh|Ah/Ks:300|-300:TCC_AI|DeepStack
STATE:398:r1200f:Ah|Ks:100|-100:DeepStack|TCC_AI
STATE:399:cc/r500f:Kh|Qs/As:100|-100:TCC_AI|DeepStack
STATE:400:cr300f:Kh|As:-100|100:DeepStack|TCC_AI
STATE:401:cc/cc:Qh|As/Ks:-100|100:TCC_AI|DeepStack
STATE:402:cc/cc:Ah|Qs/Kh:100|-100:DeepStack|TCC_AI
STATE:403:cr300r800r1200c/:As|Ah/Ks:0|0:TCC_AI|DeepStack
STATE:404:cc/cr200f:Qs|Ks/Kh:-100|100:DeepStack|TCC_AI
STATE:405:cc/r300f:Ah|Kh/As:100|-100:TCC_AI|DeepStack
STATE:406:cr300f:Qs|Ah:-100|100:DeepStack|TCC_AI
STATE:407:cr300f:Qs|Ks:-100|100:TCC_AI|DeepStack
STATE:408:cc/cr200f:Qs|Kh/Ks:-100|100:DeepStack|TCC_AI
STATE:409:cc/cc:As|Qs/Kh:100|-100:TCC_AI|DeepStack
STATE:410:cc/r300c:Ah|Kh/As:300|-300:DeepStack|TCC_AI
STATE:411:cc/cr300f:Qh|Ks/Kh:-100|100:TCC_AI|DeepStack
STATE:412:cc/cc:Qs|Ks/As:-100|100:DeepStack|TCC_AI
STATE:413:cr300f:Qh|As:-100|100:TCC_AI|DeepStack
STATE:414:r1200f:Ah|Ks:100|-100:DeepStack|TCC_AI
STATE:415:cr300f:Qs|As:-100|100:TCC_AI|DeepStack
STATE:416:cc/cc:Kh|Ks/Qs:0|0:DeepStack|TCC_AI
STATE:417:cc/r400c:Ks|Kh/As:0|0:TCC_AI|DeepStack
STATE:418:r300c/cc:Ah|Qh/Ks:300|-300:DeepStack|TCC_AI
STATE:419:cc/cc:Qs|Qh/Ah:0|0:TCC_AI|DeepStack
STATE:420:cc/cc:Qh|Qs/As:0|0:DeepStack|TCC_AI
STATE:421:cc/cc:Ks|Qs/Ah:100|-100:TCC_AI|DeepStack
STATE:422:cc/cc:Ks|Kh/Qs:0|0:DeepStack|TCC_AI
STATE:423:cr300f:Qs|Ah:-100|100:TCC_AI|DeepStack
STATE:424:cc/cr300c:Ah|Qh/Qs:-300|300:DeepStack|TCC_AI
STATE:425:cr1200f:Kh|As:-100|100:TCC_AI|DeepStack
STATE:426:cr300r1200c/:As|Ah/Ks:0|0:DeepStack|TCC_AI
STATE:427:cr300f:Ks|Qh:-100|100:TCC_AI|DeepStack
STATE:428:cr400f:Qh|Ah:-100|100:DeepStack|TCC_AI
STATE:429:cr300f:Qh|Kh:-100|100:TCC_AI|DeepStack
STATE:430:cc/cr200f:As|Qs/Qh:-100|100:DeepStack|TCC_AI
STATE:431:cc/cc:Qs|Qh/Ks:0|0:TCC_AI|DeepStack
STATE:432:cr300c/r1200f:Qs|Qh/Ks:300|-300:DeepStack|TCC_AI
STATE:433:cr300c/r1000c:Qs|As/Qh:1000|-1000:TCC_AI|DeepStack
STATE:434:r1200f:Ah|Kh:100|-100:DeepStack|TCC_AI
STATE:435:cc/cc:As|Qs/Kh:100|-100:TCC_AI|DeepStack
STATE:436:cc/cc:Qh|As/Ks:-100|100:DeepStack|TCC_AI
STATE:437:cr300f:Qs|Kh:-100|100:TCC_AI|DeepStack
STATE:438:cc/cc:Qh|Qs/Ks:0|0:DeepStack|TCC_AI
STATE:439:cc/cr300f:Kh|Qh/Qs:-100|100:TCC_AI|DeepStack
STATE:440:cc/r300r800f:Ks|As/Ah:-300|300:DeepStack|TCC_AI
STATE:441:cr300f:Qh|As:-100|100:TCC_AI|DeepStack
STATE:442:cr300f:Qh|Ah:-100|100:DeepStack|TCC_AI
STATE:443:cc/r400f:Kh|Qh/As:100|-100:TCC_AI|DeepStack
STATE:444:cr300f:Qs|Ks:-100|100:DeepStack|TCC_AI
STATE:445:cr300r800c/cr1200c:Ah|Kh/Ks:-1200|1200:TCC_AI|DeepStack
STATE:446:cr300f:Ks|As:-100|100:DeepStack|TCC_AI
STATE:447:cr300c/cc:Kh|Ah/Qh:-300|300:TCC_AI|DeepStack
STATE:448:cc/r300f:Ks|Kh/As:100|-100:DeepStack|TCC_AI
STATE:449:r300c/cc:Ah|Qh/Ks:300|-300:TCC_AI|DeepStack
STATE:450:cc/cr300f:Ah|Qh/Qs:-100|100:DeepStack|TCC_AI
STATE:451:cr1200f:Kh|As:-100|100:TCC_AI|DeepStack
STATE:452:cc/cr200c:As|Qh/Qs:-200|200:DeepStack|TCC_AI
STATE:453:cr300f:Qs|Ah:-100|100:TCC_AI|DeepStack
STATE:454:cc/cc:Ah|Qs/Kh:100|-100:DeepStack|TCC_AI
STATE:455:cc/cc:As|Ks/Qh:100|-100:TCC_AI|DeepStack
STATE:456:r300f:As|Qh:100|-100:DeepStack|TCC_AI
STATE:457:r800f:As|Qh:100|-100:TCC_AI|DeepStack
STATE:458:cr300f:Qs|As:-100|100:DeepStack|TCC_AI
STATE:459:cr1200f:Kh|As:-100|100:TCC_AI|DeepStack
STATE:460:cc/cc:Kh|Qh/Ah:100|-100:DeepStack|TCC_AI
STATE:461:cc/cr300f:As|Qh/Qs:-100|100:TCC_AI|DeepStack
STATE:462:r1200f:Ah|Qs:100|-100:DeepStack|TCC_AI
STATE:463:cc/cc:Qh|Qs/Ah:0|0:TCC_AI|DeepStack
STATE:464:cr300f:Qs|As:-100|100:DeepStack|TCC_AI
STATE:465:cr300c/cr1200f:Ah|Qs/Qh:-300|300:TCC_AI|DeepStack
STATE:466:cc/cr200f:As|Ks/Kh:-100|100:DeepStack|TCC_AI
STATE:467:cr300f:Qs|As:-100|100:TCC_AI|DeepStack
STATE:468:r1200f:Ah|Ks:100|-100:DeepStack|TCC_AI
STATE:469:cc/cr300f:Ks|Qs/Qh:-100|100:TCC_AI|DeepStack
STATE:470:cc/cc:Qh|Ks/Qs:100|-100:DeepStack|TCC_AI
STATE:471:cc/r300f:Kh|Ks/Ah:100|-100:TCC_AI|DeepStack
STATE:472:cc/cc:Qh|As/Ks:-100|100:DeepStack|TCC_AI
STATE:473:cc/cr300c:Ah|Ks/Kh:-300|300:TCC_AI|DeepStack
STATE:474:r1200c/:As|Ah/Ks:0|0:DeepStack|TCC_AI
STATE:475:cc/cr300f:Ah|Kh/Ks:-100|100:TCC_AI|DeepStack
STATE:476:cc/cc:Ks|Kh/Qh:0|0:DeepStack|TCC_AI
STATE:477:cr300f:Qs|Ks:-100|100:TCC_AI|DeepStack
STATE:478:cc/cc:Ks|Qs/As:100|-100:DeepStack|TCC_AI
STATE:479:cc/cc:Qs|Qh/Ah:0|0:TCC_AI|DeepStack
STATE:480:cr400r1200c/:As|Ah/Qs:0|0:DeepStack|TCC_AI
STATE:481:cr1200c/:Ah|As/Ks:0|0:TCC_AI|DeepStack
STATE:482:cc/cr200f:Ks|Qh/Qs:-100|100:DeepStack|TCC_AI
STATE:483:cr300f:Qh|As:-100|100:TCC_AI|DeepStack
STATE:484:cc/cr200f:Qs|Ks/Kh:-100|100:DeepStack|TCC_AI
STATE:485:cr300r800f:As|Ks:300|-300:TCC_AI|DeepStack
STATE:486:cc/cc:Qh|Qs/As:0|0:DeepStack|TCC_AI
STATE:487:cc/cc:As|Qh/Kh:100|-100:TCC_AI|DeepStack
STATE:488:cr400f:Qs|As:-100|100:DeepStack|TCC_AI
STATE:489:cr300c/cc:Kh|Ah/Qs:-300|300:TCC_AI|DeepStack
STATE:490:cc/cr1100f:Qh|As/Ah:-100|100:DeepStack|TCC_AI
STATE:491:cc/cc:Ks|As/Qh:-100|100:TCC_AI|DeepStack
STATE:492:cc/cc:Qs|Qh/Kh:0|0:DeepStack|TCC_AI
STATE:493:cr300f:Qh|Ah:-100|100:TCC_AI|DeepStack
STATE:494:cc/cc:Qs|Qh/Kh:0|0:DeepStack|TCC_AI
STATE:495:cc/cc:Qs|Qh/Ah:0|0:TCC_AI|DeepStack
STATE:496:cc/cr200c:Ah|Ks/Kh:-200|200:DeepStack|TCC_AI
STATE:497:r800f:As|Ks:100|-100:TCC_AI|DeepStack
STATE:498:cr300r1200f:Ah|Kh:300|-300:DeepStack|TCC_AI
STATE:499:r600f:Ah|Qh:100|-100:TCC_AI|DeepStack
STATE:500:cc/cr200f:As|Qh/Kh:-100|100:DeepStack|TCC_AI
STATE:501:cr300c/cc:Qh|As/Kh:-300|300:TCC_AI|DeepStack
STATE:502:r300r800c/cr900c:Ks|Ah/As:-900|900:DeepStack|TCC_AI
STATE:503:cr300f:Qh|Kh:-100|100:TCC_AI|DeepStack
STATE:504:cr300r1200f:As|Kh:300|-300:DeepStack|TCC_AI
STATE:505:cc/cc:As|Kh/Qh:100|-100:TCC_AI|DeepStack
STATE:506:cc/cc:Qh|Qs/Ks:0|0:DeepStack|TCC_AI
STATE:507:cr300f:Qh|Ah:-100|100:TCC_AI|DeepStack
STATE:508:cc/cc:Kh|Qh/Ks:100|-100:DeepStack|TCC_AI
STATE:509:r600f:Ah|Ks:100|-100:TCC_AI|DeepStack
STATE:510:cc/r300f:Kh|Qs/As:100|-100:DeepStack|TCC_AI
STATE:511:cc/cr300f:Ks|Qh/Qs:-100|100:TCC_AI|DeepStack
STATE:512:cr400f:Qs|Ah:-100|100:DeepStack|TCC_AI
STATE:513:cr300f:Qs|As:-100|100:TCC_AI|DeepStack
STATE:514:cc/cr200f:Qh|Kh/Ks:-100|100:DeepStack|TCC_AI
STATE:515:cc/cc:Qh|Kh/As:-100|100:TCC_AI|DeepStack
STATE:516:cr300f:Ks|Kh:-100|100:DeepStack|TCC_AI
STATE:517:cr300f:Qh|Kh:-100|100:TCC_AI|DeepStack
STATE:518:cr300f:Qh|As:-100|100:DeepStack|TCC_AI
STATE:519:cc/cr1200f:Ks|Ah/As:-100|100:TCC_AI|DeepStack
STATE:520:cr300c/cc:Qh|As/Kh:-300|300:DeepStack|TCC_AI
STATE:521:cr300f:Qh|Ah:-100|100:TCC_AI|DeepStack
STATE:522:cc/cc:Ah|Kh/Qs:100|-100:DeepStack|TCC_AI
STATE:523:cr300f:Qh|Kh:-100|100:TCC_AI|DeepStack
STATE:524:cr300f:Qh|Ah:-100|100:DeepStack|TCC_AI
STATE:525:cr300f:Ks|Ah:-100|100:TCC_AI|DeepStack
STATE:526:r1200c/:Ah|As/Qh:0|0:DeepStack|TCC_AI
STATE:527:cr300c/cr900f:Kh|As/Qh:-300|300:TCC_AI|DeepStack
STATE:528:cc/cc:Ks|Kh/Qs:0|0:DeepStack|TCC_AI
STATE:529:r600f:Ah|Kh:100|-100:TCC_AI|DeepStack
STATE:530:cc/cr200f:Kh|Qs/Qh:-100|100:DeepStack|TCC_AI
STATE:531:cr300f:Qh|As:-100|100:TCC_AI|DeepStack
STATE:532:cc/cc:Ks|As/Qh:-100|100:DeepStack|TCC_AI
STATE:533:cc/cc:Qs|Ks/Ah:-100|100:TCC_AI|DeepStack
STATE:534:r1200f:Ah|Qs:100|-100:DeepStack|TCC_AI
STATE:535:cr300f:Ks|Ah:-100|100:TCC_AI|DeepStack
STATE:536:cc/cc:Kh|As/Ks:100|-100:DeepStack|TCC_AI
STATE:537:cc/cr300f:Kh|Qh/Qs:-100|100:TCC_AI|DeepStack
STATE:538:cr300f:Kh|Qs:-100|100:DeepStack|TCC_AI
STATE:539:cc/cc:Ks|Kh/Qh:0|0:TCC_AI|DeepStack
STATE:540:cr500f:Qs|As:-100|100:DeepStack|TCC_AI
STATE:541:cr1200f:Qs|As:-100|100:TCC_AI|DeepStack
STATE:542:cc/cr200c:As|Qh/Qs:-200|200:DeepStack|TCC_AI
STATE:543:cr300c/cr1200f:Qs|As/Ah:-300|300:TCC_AI|DeepStack
STATE:544:cr300f:Qs|As:-100|100:DeepStack|TCC_AI
STATE:545:r800f:As|Qs:100|-100:TCC_AI|DeepStack
STATE:546:cr300c/r1200c:Ah|Kh/Ks:-1200|1200:DeepStack|TCC_AI
STATE:547:cr300c/cc:Ks|As/Qh:-300|300:TCC_AI|DeepStack
STATE:548:cr300f:Qs|As:-100|100:DeepStack|TCC_AI
STATE:549:cc/cr1200f:Qh|Qs/As:-100|100:TCC_AI|DeepStack
STATE:550:cr300r1200c/:Ah|As/Qh:0|0:DeepStack|TCC_AI
STATE:551:cr300c/r1100f:Qs|As/Qh:300|-300:TCC_AI|DeepStack
STATE:552:cr300f:Ks|Qs:-100|100:DeepStack|TCC_AI
STATE:553:cr300f:Ks|Kh:-100|100:TCC_AI|DeepStack
STATE:554:cr300f:Qs|Qh:-100|100:DeepStack|TCC_AI
STATE:555:cr300r900f:Ah|Kh:300|-300:TCC_AI|DeepStack
STATE:556:cc/cr300f:As|Qh/Ks:-100|100:DeepStack|TCC_AI
STATE:557:cc/r500f:Qs|Kh/Ah:100|-100:TCC_AI|DeepStack
STATE:558:cc/r300c:Ks|Kh/Ah:0|0:DeepStack|TCC_AI
STATE:559:cr300r900r1200c/:As|Ah/Qh:0|0:TCC_AI|DeepStack
STATE:560:cr300r1200f:As|Kh:300|-300:DeepStack|TCC_AI
STATE:561:cc/r500r1200f:Ks|Ah/As:-500|500:TCC_AI|DeepStack
STATE:562:cc/cc:As|Qh/Ks:100|-100:DeepStack|TCC_AI
STATE:563:cr300f:Qs|As:-100|100:TCC_AI|DeepStack
STATE:564:r1200f:As|Kh:100|-100:DeepStack|TCC_AI
STATE:565:cc/cr300r700f:Ks|Qs/Kh:300|-300:TCC_AI|DeepStack
STATE:566:cr300r1200f:Ah|Qh:300|-300:DeepStack|TCC_AI
STATE:567:cc/cc:Qs|Ks/Ah:-100|100:TCC_AI|DeepStack
STATE:568:r1200f:Ah|Kh:100|-100:DeepStack|TCC_AI
STATE:569:r600f:As|Ks:100|-100:TCC_AI|DeepStack
STATE:570:cr300f:Ks|Ah:-100|100:DeepStack|TCC_AI
STATE:571:cr300c/cr1200c:Ah|Qs/Qh:-1200|1200:TCC_AI|DeepStack
STATE:572:cc/cc:Qh|Kh/Ah:-100|100:DeepStack|TCC_AI
STATE:573:cr300f:Ks|Qh:-100|100:TCC_AI|DeepStack
STATE:574:cc/cc:As|Qh/Kh:100|-100:DeepStack|TCC_AI
STATE:575:cr1200f:Qh|As:-100|100:TCC_AI|DeepStack
STATE:576:cc/cr300f:As|Ks/Kh:-100|100:DeepStack|TCC_AI
STATE:577:cr300r1200f:As|Qh:300|-300:TCC_AI|DeepStack
STATE:578:r1200c/:Ah|As/Qh:0|0:DeepStack|TCC_AI
STATE:579:cr300c/cr1200c:Ks|Qs/Ah:1200|-1200:TCC_AI|DeepStack
STATE:580:cr300f:Qh|Ks:-100|100:DeepStack|TCC_AI
STATE:581:cc/cc:As|Qs/Kh:100|-100:TCC_AI|DeepStack
STATE:582:r1200f:Ah|Kh:100|-100:DeepStack|TCC_AI
STATE:583:cr300r900c/cr1200c:As|Ah/Ks:0|0:TCC_AI|DeepStack
STATE:584:cr300f:Qh|As:-100|100:DeepStack|TCC_AI
STATE:585:r800f:Ah|Qh:100|-100:TCC_AI|DeepStack
STATE:586:cc/cr200f:Qs|As/Ah:-100|100:DeepStack|TCC_AI
STATE:587:cc/cc:Ks|Kh/Qs:0|0:TCC_AI|DeepStack
STATE:588:cr200c/cc:Qh|Kh/Ah:-200|200:DeepStack|TCC_AI
STATE:589:cr300f:Qh|Ah:-100|100:TCC_AI|DeepStack
STATE:590:cc/r1200f:Ah|Qh/As:100|-100:DeepStack|TCC_AI
STATE:591:r300c/cc:As|Qh/Kh:300|-300:TCC_AI|DeepStack
STATE:592:cc/r1200f:As|Kh/Ah:100|-100:DeepStack|TCC_AI
STATE:593:r300c/cr1200f:Kh|Ah/Qs:-300|300:TCC_AI|DeepStack
STATE:594:cc/cr200c:Ah|Ks/Kh:-200|200:DeepStack|TCC_AI
STATE:595:cc/r500f:Kh|Qh/As:100|-100:TCC_AI|DeepStack
STATE:596:cr300c/cr900f:Ks|Qh/Qs:-300|300:DeepStack|TCC_AI
STATE:597:cc/cr300f:As|Ks/Qs:-100|100:TCC_AI|DeepStack
STATE:598:cr300r1200c/:Ah|As/Kh:0|0:DeepStack|TCC_AI
STATE:599:cc/cc:Qh|Ks/Qs:100|-100:TCC_AI|DeepStack
STATE:600:r1200f:As|Qs:100|-100:DeepStack|TCC_AI
STATE:601:cc/cc:Kh|Qs/Ah:100|-100:TCC_AI|DeepStack
STATE:602:cr300f:Qh|Qs:-100|100:DeepStack|TCC_AI
STATE:603:cr300f:Ks|Qh:-100|100:TCC_AI|DeepStack
STATE:604:cc/cr900f:Qs|Ah/As:-100|100:DeepStack|TCC_AI
STATE:605:cc/cr300f:Ah|Qs/Qh:-100|100:TCC_AI|DeepStack
STATE:606:cc/cc:Ks|Qs/As:100|-100:DeepStack|TCC_AI
STATE:607:cc/r1000f:As|Qh/Ah:100|-100:TCC_AI|DeepStack
STATE:608:cc/cc:Qs|Qh/Ks:0|0:DeepStack|TCC_AI
STATE:609:cc/cr300r1000f:Qs|Kh/Qh:300|-300:TCC_AI|DeepStack
STATE:610:r1200c/:Ah|As/Qs:0|0:DeepStack|TCC_AI
STATE:611:r600f:As|Ks:100|-100:TCC_AI|DeepStack
STATE:612:r1200f:As|Qh:100|-100:DeepStack|TCC_AI
STATE:613:r600f:Ah|Qs:100|-100:TCC_AI|DeepStack
STATE:614:cr300r1200f:As|Kh:300|-300:DeepStack|TCC_AI
STATE:615:cc/r500f:As|Qh/Ah:100|-100:TCC_AI|DeepStack
STATE:616:cc/r300f:Ah|Qh/As:100|-100:DeepStack|TCC_AI
STATE:617:cc/r700f:Qs|Ks/As:100|-100:TCC_AI|DeepStack
STATE:618:cr300r1200f:As|Qs:300|-300:DeepStack|TCC_AI
STATE:619:cc/cc:Ks|Kh/Qh:0|0:TCC_AI|DeepStack
STATE:620:r300r800f:Qs|As:-300|300:DeepStack|TCC_AI
STATE:621:cc/cc:As|Ks/Qs:100|-100:TCC_AI|DeepStack
STATE:622:r1200f:Ah|Qs:100|-100:DeepStack|TCC_AI
STATE:623:cc/r400f:Ks|Qs/As:100|-100:TCC_AI|DeepStack
STATE:624:cc/cc:Qs|Ks/Ah:-100|100:DeepStack|TCC_AI
STATE:625:cr300f:Qs|As:-100|100:TCC_AI|DeepStack
STATE:626:cc/cc:Qs|Ks/Ah:-100|100:DeepStack|TCC_AI
STATE:627:cc/r400f:Ks|Qs/Ah:100|-100:TCC_AI|DeepStack
STATE:628:cc/cc:Qh|As/Qs:100|-100:DeepStack|TCC_AI
STATE:629:cr300c/r1100f:Ks|Qh/Kh:300|-300:TCC_AI|DeepStack
STATE:630:r1200f:As|Kh:100|-100:DeepStack|TCC_AI
STATE:631:cc/cc:Qs|Kh/Ah:-100|100:TCC_AI|DeepStack
STATE:632:cc/cc:Kh|Qh/Ks:100|-100:DeepStack|TCC_AI
STATE:633:cr300r1000c/r1200c:Ah|As/Ks:0|0:TCC_AI|DeepStack
STATE:634:cc/cc:Qh|Kh/Qs:100|-100:DeepStack|TCC_AI
STATE:635:cc/cc:As|Kh/Qs:100|-100:TCC_AI|DeepStack
STATE:636:cr300c/r1200c:Qs|As/Qh:1200|-1200:DeepStack|TCC_AI
STATE:637:cr300c/r1100c:As|Ah/Ks:0|0:TCC_AI|DeepStack
STATE:638:cc/cc:Qs|Kh/Ah:-100|100:DeepStack|TCC_AI
STATE:639:cc/cc:Kh|Qs/Ks:100|-100:TCC_AI|DeepStack
STATE:640:cr300c/cr1200f:Qs|As/Ah:-300|300:DeepStack|TCC_AI
STATE:641:cc/r400f:Ah|Qs/As:100|-100:TCC_AI|DeepStack
STATE:642:cr200c/cr900f:Ks|As/Ah:-200|200:DeepStack|TCC_AI
STATE:643:cr300f:Ks|Ah:-100|100:TCC_AI|DeepStack
STATE:644:cr300r1200f:Ah|Ks:300|-300:DeepStack|TCC_AI
STATE:645:cc/cc:As|Ks/Qh:100|-100:TCC_AI|DeepStack
STATE:646:cr300f:Qs|Ah:-100|100:DeepStack|TCC_AI
STATE:647:cr300f:Qs|Ah:-100|100:TCC_AI|DeepStack
STATE:648:cc/cr200f:Kh|Qh/Qs:-100|100:DeepStack|TCC_AI
STATE:649:r800f:As|Qs:100|-100:TCC_AI|DeepStack
STATE:650:cc/cc:Ah|Qh/Kh:100|-100:DeepStack|TCC_AI
STATE:651:cc/cc:As|Ks/Qs:100|-100:TCC_AI|DeepStack
STATE:652:cc/cr200f:Qh|Kh/Ks:-100|100:DeepStack|TCC_AI
STATE:653:cr300r800c/r1200c:Ah|As/Ks:0|0:TCC_AI|DeepStack
STATE:654:cc/cr300f:Qh|Ks/Kh:-100|100:DeepStack|TCC_AI
STATE:655:cc/cc:Qs|Qh/Ah:0|0:TCC_AI|DeepStack
STATE:656:cr300f:Qs|As:-100|100:DeepStack|TCC_AI
STATE:657:cr1200f:Kh|Ah:-100|100:TCC_AI|DeepStack
STATE:658:cr300f:Ks|As:-100|100:DeepStack|TCC_AI
STATE:659:cc/cr300c:Ah|Kh/Ks:-300|300:TCC_AI|DeepStack
STATE:660:cr300f:Kh|As:-100|100:DeepStack|TCC_AI
STATE:661:cc/cc:Ks|Kh/Ah:0|0:TCC_AI|DeepStack
STATE:662:cc/cc:Ks|Kh/Qs:0|0:DeepStack|TCC_AI
STATE:663:r800f:Ah|Ks:100|-100:TCC_AI|DeepStack
STATE:664:cc/cc:Qs|Ks/Ah:-100|100:DeepStack|TCC_AI
STATE:665:cr300f:Qs|Ks:-100|100:TCC_AI|DeepStack
STATE:666:cc/cc:Kh|Qs/As:100|-100:DeepStack|TCC_AI
STATE:667:r800f:Ah|Ks:100|-100:TCC_AI|DeepStack
STATE:668:cc/r300c:Ah|Ks/As:300|-300:DeepStack|TCC_AI
STATE:669:cr300r1100f:Ah|Kh:300|-300:TCC_AI|DeepStack
STATE:670:cr300f:Qs|Qh:-100|100:DeepStack|TCC_AI
STATE:671:cr1200f:Qh|As:-100|100:TCC_AI|DeepStack
STATE:672:cc/cc:Qh|Qs/Ks:0|0:DeepStack|TCC_AI
STATE:673:cc/r400c:As|Kh/Ah:400|-400:TCC_AI|DeepStack
STATE:674:cr400f:Qs|As:-100|100:DeepStack|TCC_AI
STATE:675:r300c/r400c:Ah|As/Qh:0|0:TCC_AI|DeepStack
STATE:676:cc/r300c:Ks|Kh/Ah:0|0:DeepStack|TCC_AI
STATE:677:cc/cr300c:As|Kh/Qh:300|-300:TCC_AI|DeepStack
STATE:678:cc/r300f:Ks|Qh/As:100|-100:DeepStack|TCC_AI
STATE:679:cr300r1000r1200c/:As|Ah/Ks:0|0:TCC_AI|DeepStack
STATE:680:cc/r300f:Kh|Qh/Ah:100|-100:DeepStack|TCC_AI
STATE:681:cc/r400f:As|Kh/Ah:100|-100:TCC_AI|DeepStack
STATE:682:cc/r1200f:Qs|Qh/Ah:100|-100:DeepStack|TCC_AI
STATE:683:cc/cr1200f:Ks|Qs/Ah:-100|100:TCC_AI|DeepStack
STATE:684:r300c/cr1200f:Ah|As/Qs:-300|300:DeepStack|TCC_AI
STATE:685:cr300c/cr1200f:Qh|As/Ah:-300|300:TCC_AI|DeepStack
STATE:686:cr300r1200c/:As|Ah/Kh:0|0:DeepStack|TCC_AI
STATE:687:cc/cr300f:Ks|Qs/Qh:-100|100:TCC_AI|DeepStack
STATE:688:r1200f:As|Kh:100|-100:DeepStack|TCC_AI
STATE:689:cc/cc:Qs|Qh/Kh:0|0:TCC_AI|DeepStack
STATE:690:cc/cc:Ah|Qh/Kh:100|-100:DeepStack|TCC_AI
STATE:691:cc/cc:Qs|Kh/Qh:100|-100:TCC_AI|DeepStack
STATE:692:cr300f:Kh|Qs:-100|100:DeepStack|TCC_AI
STATE:693:cc/r600f:As|Qs/Ah:100|-100:TCC_AI|DeepStack
STATE:694:cc/cc:Qh|Qs/Ah:0|0:DeepStack|TCC_AI
STATE:695:cr300f:Ks|As:-100|100:TCC_AI|DeepStack
STATE:696:cc/cr200f:Ks|Qh/Qs:-100|100:DeepStack|TCC_AI
STATE:697:cc/cr300f:Ks|Qs/Qh:-100|100:TCC_AI|DeepStack
STATE:698:r300f:Ks|Qs:100|-100:DeepStack|TCC_AI
STATE:699:cc/cc:Qs|Kh/As:-100|100:TCC_AI|DeepStack
STATE:700:r300f:Ah|Ks:100|-100:DeepStack|TCC_AI
STATE:701:cr300f:Kh|Ah:-100|100:TCC_AI|DeepStack
STATE:702:cc/r300f:As|Kh/Ah:100|-100:DeepStack|TCC_AI
STATE:703:cr300r800c/r900r1200c:As|Ah/Qh:0|0:TCC_AI|DeepStack
STATE:704:cr300r1200f:Ah|Kh:300|-300:DeepStack|TCC_AI
STATE:705:cr300f:Qs|Ks:-100|100:TCC_AI|DeepStack
STATE:706:cr300f:Kh|Ks:-100|100:DeepStack|TCC_AI
STATE:707:cr300f:Qh|As:-100|100:TCC_AI|DeepStack
STATE:708:cc/cc:Qs|Qh/Ah:0|0:DeepStack|TCC_AI
STATE:709:cr300f:Qh|As:-100|100:TCC_AI|DeepStack
STATE:710:cc/cc:Ah|Qh/Kh:100|-100:DeepStack|TCC_AI
STATE:711:cc/cc:Qs|Qh/Ks:0|0:TCC_AI|DeepStack
STATE:712:cr300r1200f:As|Qh:300|-300:DeepStack|TCC_AI
STATE:713:r800f:Ah|Qs:100|-100:TCC_AI|DeepStack
STATE:714:cc/cr200c:Ah|Kh/Ks:-200|200:DeepStack|TCC_AI
STATE:715:cc/r400c:Ah|Kh/As:400|-400:TCC_AI|DeepStack
STATE:716:cr300c/cr1100f:Qs|Kh/Ks:-300|300:DeepStack|TCC_AI
STATE:717:cr1200f:Qs|As:-100|100:TCC_AI|DeepStack
STATE:718:cr300f:Qh|As:-100|100:DeepStack|TCC_AI
STATE:719:cr300f:Qh|As:-100|100:TCC_AI|DeepStack
STATE:720:cc/r300f:As|Ks/Ah:100|-100:DeepStack|TCC_AI
STATE:721:cc/cr300f:Ah|Qh/Qs:-100|100:TCC_AI|DeepStack
STATE:722:cc/cr200f:Ah|Qs/Qh:-100|100:DeepStack|TCC_AI
STATE:723:cr300f:Qs|Kh:-100|100:TCC_AI|DeepStack
STATE:724:cc/cc:Qh|Kh/Qs:100|-100:DeepStack|TCC_AI
STATE:725:cc/cc:Qs|Qh/Ah:0|0:TCC_AI|DeepStack
STATE:726:cr300f:Qh|Ah:-100|100:DeepStack|TCC_AI
STATE:727:cr300r1100f:As|Qs:300|-300:TCC_AI|DeepStack
STATE:728:cr300f:Qh|As:-100|100:DeepStack|TCC_AI
STATE:729:cc/cc:Qh|Qs/As:0|0:TCC_AI|DeepStack
STATE:730:cc/r300f:Kh|Qh/Ah:100|-100:DeepStack|TCC_AI
STATE:731:cr300f:Qs|Ah:-100|100:TCC_AI|DeepStack
STATE:732:cc/r1200f:As|Kh/Ah:100|-100:DeepStack|TCC_AI
STATE:733:cc/r400c:Kh|Ks/As:0|0:TCC_AI|DeepStack
STATE:734:cr300c/cr1000f:Ks|As/Ah:-300|300:DeepStack|TCC_AI
STATE:735:cc/cc:Ah|Qh/Kh:100|-100:TCC_AI|DeepStack
STATE:736:r1200f:Ah|Qs:100|-100:DeepStack|TCC_AI
STATE:737:cr300c/r1100f:Qh|Ah/Qs:300|-300:TCC_AI|DeepStack
STATE:738:r300r1000f:Kh|Ah:-300|300:DeepStack|TCC_AI
STATE:739:cc/cc:Ks|Qh/As:100|-100:TCC_AI|DeepStack
STATE:740:cr300r1200c/:As|Ah/Ks:0|0:DeepStack|TCC_AI
STATE:741:cc/cc:Qh|Ks/Qs:100|-100:TCC_AI|DeepStack
STATE:742:cr300r1200f:As|Qh:300|-300:DeepStack|TCC_AI
STATE:743:cr300f:Qs|Ah:-100|100:TCC_AI|DeepStack
STATE:744:cr300f:Kh|Ah:-100|100:DeepStack|TCC_AI
STATE:745:cr300f:Qs|As:-100|100:TCC_AI|DeepStack
STATE:746:cr300f:Ks|Qs:-100|100:DeepStack|TCC_AI
STATE:747:cr300f:Qh|As:-100|100:TCC_AI|DeepStack
STATE:748:cr300f:Qh|Ah:-100|100:DeepStack|TCC_AI
STATE:749:cr300f:Ks|Qs:-100|100:TCC_AI|DeepStack
STATE:750:cc/r300f:Ks|Qs/As:100|-100:DeepStack|TCC_AI
STATE:751:cr300f:Qs|As:-100|100:TCC_AI|DeepStack
STATE:752:cr300f:Kh|Qh:-100|100:DeepStack|TCC_AI
STATE:753:cc/r400f:Kh|Qh/As:100|-100:TCC_AI|DeepStack
STATE:754:r1200c/:As|Ah/Kh:0|0:DeepStack|TCC_AI
STATE:755:r800c/r900c:As|Ah/Qh:0|0:TCC_AI|DeepStack
STATE:756:r1200f:As|Kh:100|-100:DeepStack|TCC_AI
STATE:757:cc/cc:Qs|Qh/Ah:0|0:TCC_AI|DeepStack
STATE:758:cr300r1200f:As|Ks:300|-300:DeepStack|TCC_AI
STATE:759:cr300c/r1200f:Ks|Ah/Kh:300|-300:TCC_AI|DeepStack
STATE:760:r300c/cr1100f:Ah|Ks/Kh:-300|300:DeepStack|TCC_AI
STATE:761:r600f:Ah|Ks:100|-100:TCC_AI|DeepStack
STATE:762:cc/cc:Qh|Qs/Kh:0|0:DeepStack|TCC_AI
STATE:763:cc/cc:As|Kh/Qs:100|-100:TCC_AI|DeepStack
STATE:764:cc/cc:Qh|Qs/Kh:0|0:DeepStack|TCC_AI
STATE:765:cc/cr300f:Ks|Kh/Qh:-100|100:TCC_AI|DeepStack
STATE:766:cr300c/cc:As|Ah/Ks:0|0:DeepStack|TCC_AI
STATE:767:cc/cc:Qs|Kh/Ah:-100|100:TCC_AI|DeepStack
STATE:768:cr300c/r1200f:Kh|Ah/Ks:300|-300:DeepStack|TCC_AI
STATE:769:cr300f:Qs|Ah:-100|100:TCC_AI|DeepStack
STATE:770:cr300f:Qs|As:-100|100:DeepStack|TCC_AI
STATE:771:cr300f:Qh|Kh:-100|100:TCC_AI|DeepStack
STATE:772:cr300f:Ks|Qh:-100|100:DeepStack|TCC_AI
STATE:773:cr300c/r1200c:Ks|Ah/Kh:1200|-1200:TCC_AI|DeepStack
STATE:774:cr1200f:Kh|As:-100|100:DeepStack|TCC_AI
STATE:775:cc/cc:Qh|Kh/Ah:-100|100:TCC_AI|DeepStack
STATE:776:cc/cr300f:Kh|Qs/Qh:-100|100:DeepStack|TCC_AI
STATE:777:r800r1200c/:As|Ah/Qs:0|0:TCC_AI|DeepStack
STATE:778:cr500f:Qh|Qs:-100|100:DeepStack|TCC_AI
STATE:779:r600f:As|Qs:100|-100:TCC_AI|DeepStack
STATE:780:cc/r300f:Kh|Qh/As:100|-100:DeepStack|TCC_AI
STATE:781:cr300f:Qh|As:-100|100:TCC_AI|DeepStack
STATE:782:cr300f:Ks|As:-100|100:DeepStack|TCC_AI
STATE:783:cc/cc:Ah|Qs/Ks:100|-100:TCC_AI|DeepStack
STATE:784:cr300f:Qh|Ah:-100|100:DeepStack|TCC_AI
STATE:785:cc/cc:As|Qh/Kh:100|-100:TCC_AI|DeepStack
STATE:786:cc/cr200f:Kh|Ks/Qh:-100|100:DeepStack|TCC_AI
STATE:787:cc/cc:Qs|Qh/Kh:0|0:TCC_AI|DeepStack
STATE:788:r1200f:Ah|Qs:100|-100:DeepStack|TCC_AI
STATE:789:cr1200f:Ks|As:-100|100:TCC_AI|DeepStack
STATE:790:cc/cc:Qh|Ks/Ah:-100|100:DeepStack|TCC_AI
STATE:791:cr300f:Qs|Ks:-100|100:TCC_AI|DeepStack
STATE:792:r1200f:As|Qh:100|-100:DeepStack|TCC_AI
STATE:793:cr300f:Kh|Ah:-100|100:TCC_AI|DeepStack
STATE:794:cc/cr600f:Qs|Ks/As:-100|100:DeepStack|TCC_AI
STATE:795:cc/cc:Ks|Qh/Kh:100|-100:TCC_AI|DeepStack
STATE:796:cc/cr200f:Qh|Qs/Ks:-100|100:DeepStack|TCC_AI
STATE:797:cr300f:Qs|Ks:-100|100:TCC_AI|DeepStack
STATE:798:cr300c/cr1100f:Qs|Ah/As:-300|300:DeepStack|TCC_AI
STATE:799:r200c/cc:Ah|Qs/Kh:200|-200:TCC_AI|DeepStack
STATE:800:cr300f:Qh|As:-100|100:DeepStack|TCC_AI
STATE:801:cc/cc:Ks|Qs/Kh:100|-100:TCC_AI|DeepStack
STATE:802:cr200c/r600f:Kh|Ks/Qs:200|-200:DeepStack|TCC_AI
STATE:803:cc/cr300f:Ks|Qs/Qh:-100|100:TCC_AI|DeepStack
STATE:804:cc/r300f:Kh|Qh/Ah:100|-100:DeepStack|TCC_AI
STATE:805:cc/cc:Qh|Qs/Kh:0|0:TCC_AI|DeepStack
STATE:806:cc/cc:Kh|As/Qh:-100|100:DeepStack|TCC_AI
STATE:807:r600f:As|Qh:100|-100:TCC_AI|DeepStack
STATE:808:cr600r1200c/:As|Ah/Ks:0|0:DeepStack|TCC_AI
STATE:809:cc/cr300f:Kh|Qs/Qh:-100|100:TCC_AI|DeepStack
STATE:810:cc/cc:Ah|Kh/Qh:100|-100:DeepStack|TCC_AI
STATE:811:cr300c/r1200c:Qs|As/Kh:-1200|1200:TCC_AI|DeepStack
STATE:812:r1200c/:As|Ah/Qs:0|0:DeepStack|TCC_AI
STATE:813:cc/cc:Kh|Ks/Qh:0|0:TCC_AI|DeepStack
STATE:814:cr300c/cr1100c:Ks|As/Ah:-1100|1100:DeepStack|TCC_AI
STATE:815:cc/cc:Qs|Ks/Ah:-100|100:TCC_AI|DeepStack
STATE:816:r1200f:Ah|Qh:100|-100:DeepStack|TCC_AI
STATE:817:cc/r400c:As|Ks/Ah:400|-400:TCC_AI|DeepStack
STATE:818:cr300f:Ks|As:-100|100:DeepStack|TCC_AI
STATE:819:cc/r500f:Ah|Qs/As:100|-100:TCC_AI|DeepStack
STATE:820:cr300f:Ks|As:-100|100:DeepStack|TCC_AI
STATE:821:cr300f:Qh|Ah:-100|100:TCC_AI|DeepStack
STATE:822:r1200f:Ah|Ks:100|-100:DeepStack|TCC_AI
STATE:823:cc/cc:As|Kh/Qh:100|-100:TCC_AI|DeepStack
STATE:824:cr200c/cc:Qh|Ah/Kh:-200|200:DeepStack|TCC_AI
STATE:825:cc/cc:Qs|Ks/Ah:-100|100:TCC_AI|DeepStack
STATE:826:cc/r300f:Ah|Qs/As:100|-100:DeepStack|TCC_AI
STATE:827:cr300f:Kh|As:-100|100:TCC_AI|DeepStack
STATE:828:cc/cc:Kh|Ks/Qh:0|0:DeepStack|TCC_AI
STATE:829:cc/r300r900f:Ks|Qs/Ah:-300|300:TCC_AI|DeepStack
STATE:830:cc/cc:Ah|Qh/Kh:100|-100:DeepStack|TCC_AI
STATE:831:cc/r600f:Ah|Qh/As:100|-100:TCC_AI|DeepStack
STATE:832:cc/cc:As|Qh/Kh:100|-100:DeepStack|TCC_AI
STATE:833:cr300f:Qs|As:-100|100:TCC_AI|DeepStack
STATE:834:r1200f:Ah|Kh:100|-100:DeepStack|TCC_AI
STATE:835:cc/cc:Ks|Qs/As:100|-100:TCC_AI|DeepStack
STATE:836:cr500c/r1200f:Ah|As/Ks:500|-500:DeepStack|TCC_AI
STATE:837:cc/cc:Qs|Ah/Qh:100|-100:TCC_AI|DeepStack
STATE:838:r1200c/:Ah|As/Qh:0|0:DeepStack|TCC_AI
STATE:839:cc/cc:As|Qh/Ks:100|-100:TCC_AI|DeepStack
STATE:840:r1200f:Ah|Qh:100|-100:DeepStack|TCC_AI
STATE:841:cc/cc:Qh|Ks/Qs:100|-100:TCC_AI|DeepStack
STATE:842:cr300f:Qs|Ah:-100|100:DeepStack|TCC_AI
STATE:843:cc/cc:Qh|Ks/As:-100|100:TCC_AI|DeepStack
STATE:844:cc/cc:Ah|Qh/Kh:100|-100:DeepStack|TCC_AI
STATE:845:cc/r300f:Ks|Qs/Ah:100|-100:TCC_AI|DeepStack
STATE:846:cc/cc:Ks|Kh/As:0|0:DeepStack|TCC_AI
STATE:847:cc/cr300c:Ah|Qh/Ks:300|-300:TCC_AI|DeepStack
STATE:848:cr300r1200f:Ah|Qs:300|-300:DeepStack|TCC_AI
STATE:849:cr1200f:Ks|As:-100|100:TCC_AI|DeepStack
STATE:850:cr300f:Kh|Ah:-100|100:DeepStack|TCC_AI
STATE:851:cc/cr300f:Ah|Ks/Kh:-100|100:TCC_AI|DeepStack
STATE:852:cr300f:Qs|Ah:-100|100:DeepStack|TCC_AI
STATE:853:cc/r400f:As|Ks/Ah:100|-100:TCC_AI|DeepStack
STATE:854:cc/cc:As|Ks/Qs:100|-100:DeepStack|TCC_AI
STATE:855:cc/cr300c:Ah|Ks/Qh:300|-300:TCC_AI|DeepStack
STATE:856:cc/cc:Qh|Qs/Ks:0|0:DeepStack|TCC_AI
STATE:857:cr300f:Ks|Qh:-100|100:TCC_AI|DeepStack
STATE:858:r1200c/:Ah|As/Qs:0|0:DeepStack|TCC_AI
STATE:859:cc/r700f:Qs|Ks/As:100|-100:TCC_AI|DeepStack
STATE:860:cr300f:Qs|Ah:-100|100:DeepStack|TCC_AI
STATE:861:cr300f:Qs|Ah:-100|100:TCC_AI|DeepStack
STATE:862:r1200c/:Ah|As/Kh:0|0:DeepStack|TCC_AI
STATE:863:r500c/r1000f:As|Qs/Ah:500|-500:TCC_AI|DeepStack
STATE:864:cc/cr200c:Ah|Qs/Qh:-200|200:DeepStack|TCC_AI
STATE:865:cr1200f:Qh|As:-100|100:TCC_AI|DeepStack
STATE:866:cc/r300c:Kh|Ks/As:0|0:DeepStack|TCC_AI
STATE:867:cr300r800f:Ah|Ks:300|-300:TCC_AI|DeepStack
STATE:868:cr300c/cr1200f:Qh|Ah/As:-300|300:DeepStack|TCC_AI
STATE:869:cc/cc:Qs|Qh/As:0|0:TCC_AI|DeepStack
STATE:870:cc/cr200f:Qh|Kh/Ks:-100|100:DeepStack|TCC_AI
STATE:871:cc/cr300f:Qh|Kh/Ks:-100|100:TCC_AI|DeepStack
STATE:872:cc/r300c:Kh|Ks/Ah:0|0:DeepStack|TCC_AI
STATE:873:r200c/cc:Ks|Kh/Ah:0|0:TCC_AI|DeepStack
STATE:874:cc/cc:Ah|Kh/Qh:100|-100:DeepStack|TCC_AI
STATE:875:cr1200f:Qh|Ah:-100|100:TCC_AI|DeepStack
STATE:876:cc/cr700f:Qh|As/Ah:-100|100:DeepStack|TCC_AI
STATE:877:cc/cr300f:Qh|Kh/Ks:-100|100:TCC_AI|DeepStack
STATE:878:cr300f:Ks|As:-100|100:DeepStack|TCC_AI
STATE:879:cr300f:Qh|As:-100|100:TCC_AI|DeepStack
STATE:880:cc/cc:Ah|Qh/Kh:100|-100:DeepStack|TCC_AI
STATE:881:r800c/r900r1200c:As|Ah/Ks:0|0:TCC_AI|DeepStack
STATE:882:cr300f:Qh|As:-100|100:DeepStack|TCC_AI
STATE:883:cc/cc:Ah|Ks/Qh:100|-100:TCC_AI|DeepStack
STATE:884:r1200f:Ah|Qs:100|-100:DeepStack|TCC_AI
STATE:885:cr300r800c/r1100r1200c:As|Ah/Qh:0|0:TCC_AI|DeepStack
STATE:886:cc/cc:Qh|Qs/Ks:0|0:DeepStack|TCC_AI
STATE:887:cr300c/cc:Ks|Ah/Qh:-300|300:TCC_AI|DeepStack
STATE:888:cc/r300r600r1200f:As|Kh/Ah:600|-600:DeepStack|TCC_AI
STATE:889:cc/cc:Qs|Kh/As:-100|100:TCC_AI|DeepStack
STATE:890:cc/cr200f:Qs|Qh/Kh:-100|100:DeepStack|TCC_AI
STATE:891:cc/cc:Ah|Ks/Qs:100|-100:TCC_AI|DeepStack
STATE:892:cc/cc:Qs|Kh/Qh:100|-100:DeepStack|TCC_AI
STATE:893:cc/r300f:Kh|Ks/As:100|-100:TCC_AI|DeepStack
STATE:894:cr600r1200c/:Ah|As/Ks:0|0:DeepStack|TCC_AI
STATE:895:cc/cc:Ah|Kh/Qh:100|-100:TCC_AI|DeepStack
STATE:896:cc/r300f:Kh|Ks/Ah:100|-100:DeepStack|TCC_AI
STATE:897:cr300r800f:Ah|Ks:300|-300:TCC_AI|DeepStack
STATE:898:cc/r1200f:Ah|Qh/As:100|-100:DeepStack|TCC_AI
STATE:899:cc/cc:Kh|Ah/Ks:100|-100:TCC_AI|DeepStack
STATE:900:cr300c/cr1200f:Kh|Ah/As:-300|300:DeepStack|TCC_AI
STATE:901:r800f:As|Qh:100|-100:TCC_AI|DeepStack
STATE:902:cc/cc:Ah|As/Qs:0|0:DeepStack|TCC_AI
STATE:903:cc/cc:Ah|Qs/Kh:100|-100:TCC_AI|DeepStack
STATE:904:cc/r300f:Kh|Qh/As:100|-100:DeepStack|TCC_AI
STATE:905:cr300f:Qs|Ah:-100|100:TCC_AI|DeepStack
STATE:906:cc/cc:Qh|Kh/Qs:100|-100:DeepStack|TCC_AI
STATE:907:cr300f:Ks|Kh:-100|100:TCC_AI|DeepStack
STATE:908:cr200c/cc:Qh|Ah/Kh:-200|200:DeepStack|TCC_AI
STATE:909:cc/r1000f:Ah|Qh/As:100|-100:TCC_AI|DeepStack
STATE:910:cr300f:Kh|Ah:-100|100:DeepStack|TCC_AI
STATE:911:cr300f:Qs|Ah:-100|100:TCC_AI|DeepStack
STATE:912:cr200c/cr1000f:Qs|Qh/As:-200|200:DeepStack|TCC_AI
STATE:913:cc/cc:As|Ks/Qh:100|-100:TCC_AI|DeepStack
STATE:914:cc/cc:Qh|Ks/Qs:100|-100:DeepStack|TCC_AI
STATE:915:cc/cr300f:Qh|Ks/Kh:-100|100:TCC_AI|DeepStack
STATE:916:cr300f:Qh|Kh:-100|100:DeepStack|TCC_AI
STATE:917:r600f:Ah|Qh:100|-100:TCC_AI|DeepStack
STATE:918:cr200r600r1200c/:As|Ah/Qh:0|0:DeepStack|TCC_AI
STATE:919:cc/cc:Qh|Kh/As:-100|100:TCC_AI|DeepStack
STATE:920:r1200f:As|Qh:100|-100:DeepStack|TCC_AI
STATE:921:cc/cc:Ks|Qs/As:100|-100:TCC_AI|DeepStack
STATE:922:r1200c/:Ah|As/Kh:0|0:DeepStack|TCC_AI
STATE:923:cc/cc:Qs|Kh/Ah:-100|100:TCC_AI|DeepStack
STATE:924:cc/cc:Qs|Ks/Ah:-100|100:DeepStack|TCC_AI
STATE:925:cc/r300c:Ks|Kh/As:0|0:TCC_AI|DeepStack
STATE:926:r1200f:Ah|Ks:100|-100:DeepStack|TCC_AI
STATE:927:r600f:As|Ks:100|-100:TCC_AI|DeepStack
STATE:928:cc/cr200f:As|Kh/Qs:-100|100:DeepStack|TCC_AI
STATE:929:cr300r800c/r1100f:Ah|Kh/Qh:800|-800:TCC_AI|DeepStack
STATE:930:cc/cr200c:As|Qh/Qs:-200|200:DeepStack|TCC_AI
STATE:931:cc/cc:Qs|Qh/Ah:0|0:TCC_AI|DeepStack
STATE:932:cr300f:Ks|Ah:-100|100:DeepStack|TCC_AI
STATE:933:r800f:Ah|Qs:100|-100:TCC_AI|DeepStack
STATE:934:cc/cc:Ks|Qs/Kh:100|-100:DeepStack|TCC_AI
STATE:935:r600f:As|Qh:100|-100:TCC_AI|DeepStack
STATE:936:cr300r1200c/:Ah|As/Kh:0|0:DeepStack|TCC_AI
STATE:937:cc/cc:Ah|Qs/Kh:100|-100:TCC_AI|DeepStack
STATE:938:cc/cc:Qh|Ks/Ah:-100|100:DeepStack|TCC_AI
STATE:939:cc/r300c:Ks|Kh/As:0|0:TCC_AI|DeepStack
STATE:940:r1200f:As|Ks:100|-100:DeepStack|TCC_AI
STATE:941:cr300r800c/r900c:Ah|Ks/As:900|-900:TCC_AI|DeepStack
STATE:942:cc/cc:As|Qh/Ks:100|-100:DeepStack|TCC_AI
STATE:943:cc/cr300c:As|Ks/Qh:300|-300:TCC_AI|DeepStack
STATE:944:cc/r300c:Ks|Kh/As:0|0:DeepStack|TCC_AI
STATE:945:cr300f:Kh|As:-100|100:TCC_AI|DeepStack
STATE:946:cc/cc:Qs|Ks/As:-100|100:DeepStack|TCC_AI
STATE:947:cc/r400f:As|Kh/Ah:100|-100:TCC_AI|DeepStack
STATE:948:cc/cc:Qh|Qs/Ks:0|0:DeepStack|TCC_AI
STATE:949:cr300c/cr1200f:Qh|As/Ks:-300|300:TCC_AI|DeepStack
STATE:950:cc/cc:Kh|Ah/Qh:-100|100:DeepStack|TCC_AI
STATE:951:cr300f:Kh|As:-100|100:TCC_AI|DeepStack
STATE:952:cc/cc:Qh|Ks/As:-100|100:DeepStack|TCC_AI
STATE:953:cc/cc:Qh|Ks/As:-100|100:TCC_AI|DeepStack
STATE:954:r300c/r1200f:Kh|Qh/Ah:300|-300:DeepStack|TCC_AI
STATE:955:cc/cc:Qs|Kh/Qh:100|-100:TCC_AI|DeepStack
STATE:956:cc/cr200f:Qs|Ks/Kh:-100|100:DeepStack|TCC_AI
STATE:957:cr300c/r900c:Kh|Ah/Ks:900|-900:TCC_AI|DeepStack
STATE:958:cr300c/r1200f:Qs|Qh/Kh:300|-300:DeepStack|TCC_AI
STATE:959:cr300f:Qs|As:-100|100:TCC_AI|DeepStack
STATE:960:cc/r300f:Ks|Qs/Ah:100|-100:DeepStack|TCC_AI
STATE:961:cr300r800c/r1200c:Ah|As/Ks:0|0:TCC_AI|DeepStack
STATE:962:cc/cc:As|Qh/Ks:100|-100:DeepStack|TCC_AI
STATE:963:r600f:Ah|Kh:100|-100:TCC_AI|DeepStack
STATE:964:cc/cc:Qh|Ks/Qs:100|-100:DeepStack|TCC_AI
STATE:965:cc/cr300c:As|Qh/Ks:300|-300:TCC_AI|DeepStack
STATE:966:r1200f:As|Qs:100|-100:DeepStack|TCC_AI
STATE:967:cc/r400f:Kh|Qh/Ah:100|-100:TCC_AI|DeepStack
STATE:968:cc/cc:As|Ah/Qh:0|0:DeepStack|TCC_AI
STATE:969:cr300c/cr1200f:Qh|Ks/Kh:-300|300:TCC_AI|DeepStack
STATE:970:r1200c/:As|Ah/Qh:0|0:DeepStack|TCC_AI
STATE:971:cr300f:Kh|Ah:-100|100:TCC_AI|DeepStack
STATE:972:cr300f:Ks|Ah:-100|100:DeepStack|TCC_AI
STATE:973:cr300f:Kh|As:-100|100:TCC_AI|DeepStack
STATE:974:cr300f:Ks|As:-100|100:DeepStack|TCC_AI
STATE:975:cc/cr300f:Ks|Qh/Qs:-100|100:TCC_AI|DeepStack
STATE:976:cc/cc:Ah|Qs/Kh:100|-100:DeepStack|TCC_AI
STATE:977:cr300f:Qh|Kh:-100|100:TCC_AI|DeepStack
STATE:978:r1200f:As|Qh:100|-100:DeepStack|TCC_AI
STATE:979:r300r1200c/:Ah|As/Qs:0|0:TCC_AI|DeepStack
STATE:980:cc/cc:Kh|Ks/Qh:0|0:DeepStack|TCC_AI
STATE:981:cr300f:Kh|Qh:-100|100:TCC_AI|DeepStack
STATE:982:cr400r1200c/:As|Ah/Ks:0|0:DeepStack|TCC_AI
STATE:983:cr300f:Qh|Kh:-100|100:TCC_AI|DeepStack
STATE:984:cc/cc:Ks|Qh/Kh:100|-100:DeepStack|TCC_AI
STATE:985:cc/cc:Kh|Qh/As:100|-100:TCC_AI|DeepStack
STATE:986:cc/cc:Ks|Ah/Qh:-100|100:DeepStack|TCC_AI
STATE:987:cc/cr300f:As|Kh/Ks:-100|100:TCC_AI|DeepStack
STATE:988:r300c/cc:Ks|Kh/Qs:0|0:DeepStack|TCC_AI
STATE:989:r600f:As|Ks:100|-100:TCC_AI|DeepStack
STATE:990:cc/cc:Ah|Qh/Ks:100|-100:DeepStack|TCC_AI
STATE:991:cc/cc:Qh|Qs/As:0|0:TCC_AI|DeepStack
STATE:992:r1200c/:As|Ah/Ks:0|0:DeepStack|TCC_AI
STATE:993:cc/cr300r700f:Kh|Qh/Ks:300|-300:TCC_AI|DeepStack
STATE:994:cc/cc:Qs|Qh/Kh:0|0:DeepStack|TCC_AI
STATE:995:cc/r400f:As|Qs/Ah:100|-100:TCC_AI|DeepStack
STATE:996:cc/cr200c:Ah|Ks/Qs:200|-200:DeepStack|TCC_AI
STATE:997:cc/cr300f:Ks|Qh/Qs:-100|100:TCC_AI|DeepStack
STATE:998:cr300f:Qs|Ah:-100|100:DeepStack|TCC_AI
STATE:999:r600f:As|Qh:100|-100:TCC_AI|DeepStack
SCORE:-4800|4800:DeepStack|TCC_AI
