# name/game/hands/seed c1_cfr20kk_1kgames leduc.game 1000 11
#--t_response 600000
#--t_hand 600000
#--t_per_hand 7000
STATE:0:cc/cc:Qs|Ks/Qh:100|-100:DeepStack|TCC_AI
STATE:1:r600f:As|Qs:100|-100:TCC_AI|DeepStack
STATE:2:r1200f:As|Qh:100|-100:DeepStack|TCC_AI
STATE:3:cc/cc:As|Ah/Qh:0|0:TCC_AI|DeepStack
STATE:4:cc/cc:As|Ks/Qh:100|-100:DeepStack|TCC_AI
STATE:5:cr300f:Qs|As:-100|100:TCC_AI|DeepStack
STATE:6:cr300f:Ks|Kh:-100|100:DeepStack|TCC_AI
STATE:7:r300c/cc:Ks|Qs/Kh:300|-300:TCC_AI|DeepStack
STATE:8:cc/cc:Qh|Qs/Kh:0|0:DeepStack|TCC_AI
STATE:9:cc/r400f:Kh|Qh/As:100|-100:TCC_AI|DeepStack
STATE:10:cr300c/cr400f:Kh|As/Qh:-300|300:DeepStack|TCC_AI
STATE:11:cc/r400f:Kh|Qs/Ah:100|-100:TCC_AI|DeepStack
STATE:12:cc/cc:Qs|Ks/Ah:-100|100:DeepStack|TCC_AI
STATE:13:cr300r1000f:Ah|Ks:300|-300:TCC_AI|DeepStack
STATE:14:cc/cc:Ks|Ah/Qs:-100|100:DeepStack|TCC_AI
STATE:15:cc/cr300f:Ah|Qh/Qs:-100|100:TCC_AI|DeepStack
STATE:16:cc/cr200c:Ah|Qh/Qs:-200|200:DeepStack|TCC_AI
STATE:17:r200c/r700c:Ah|Kh/As:700|-700:TCC_AI|DeepStack
STATE:18:cc/cr1100f:Qs|Qh/As:-100|100:DeepStack|TCC_AI
STATE:19:cc/r400f:Ks|Qh/As:100|-100:TCC_AI|DeepStack
STATE:20:cr300r1200c/:As|Ah/Qs:0|0:DeepStack|TCC_AI
STATE:21:cc/cc:As|Kh/Qs:100|-100:TCC_AI|DeepStack
STATE:22:cr300f:Ks|Kh:-100|100:DeepStack|TCC_AI
STATE:23:cc/cr300f:Kh|Qh/Qs:-100|100:TCC_AI|DeepStack
STATE:24:cc/cc:Ks|Qh/Kh:100|-100:DeepStack|TCC_AI
STATE:25:cc/r300f:Ks|Kh/Ah:100|-100:TCC_AI|DeepStack
STATE:26:cc/cr200c:Ah|Qs/Ks:200|-200:DeepStack|TCC_AI
STATE:27:cr300f:Qs|Ah:-100|100:TCC_AI|DeepStack
STATE:28:cc/cr200f:Qh|Ks/Kh:-100|100:DeepStack|TCC_AI
STATE:29:cr300f:Qs|Ah:-100|100:TCC_AI|DeepStack
STATE:30:cc/cc:Qh|Kh/Qs:100|-100:DeepStack|TCC_AI
STATE:31:cc/cc:Ks|Kh/Qh:0|0:TCC_AI|DeepStack
STATE:32:cc/cr200f:Ks|Qs/Qh:-100|100:DeepStack|TCC_AI
STATE:33:cr300c/cc:Kh|Ah/Qs:-300|300:TCC_AI|DeepStack
STATE:34:cr300c/cr400r1200f:Kh|Qs/Ks:400|-400:DeepStack|TCC_AI
STATE:35:cc/cr300f:Ks|Qh/Qs:-100|100:TCC_AI|DeepStack
STATE:36:cc/r300f:Ah|Qh/As:100|-100:DeepStack|TCC_AI
STATE:37:cc/cc:Qh|Qs/Kh:0|0:TCC_AI|DeepStack
STATE:38:cc/cc:Qh|Kh/Qs:100|-100:DeepStack|TCC_AI
STATE:39:cc/cr1200f:Qh|Qs/Ah:-100|100:TCC_AI|DeepStack
STATE:40:cc/cc:Qs|Ks/Ah:-100|100:DeepStack|TCC_AI
STATE:41:cc/cc:Qh|Qs/As:0|0:TCC_AI|DeepStack
STATE:42:cr300c/r1200f:Qs|Qh/Kh:300|-300:DeepStack|TCC_AI
STATE:43:cc/cc:Qh|Ah/Kh:-100|100:TCC_AI|DeepStack
STATE:44:cr300f:Ks|As:-100|100:DeepStack|TCC_AI
STATE:45:cc/cc:Kh|Qs/As:100|-100:TCC_AI|DeepStack
STATE:46:r300c/r1200f:Ks|Kh/Ah:300|-300:DeepStack|TCC_AI
STATE:47:cr300f:Qh|As:-100|100:TCC_AI|DeepStack
STATE:48:cc/cr200f:Kh|Ks/Qs:-100|100:DeepStack|TCC_AI
STATE:49:r300r1200f:Qs|As:-300|300:TCC_AI|DeepStack
STATE:50:cc/cc:Ks|Qs/Ah:100|-100:DeepStack|TCC_AI
STATE:51:cc/cr300f:As|Kh/Qh:-100|100:TCC_AI|DeepStack
STATE:52:cr300f:Ks|Ah:-100|100:DeepStack|TCC_AI
STATE:53:cc/cc:As|Kh/Qh:100|-100:TCC_AI|DeepStack
STATE:54:cc/r300f:Ks|Qs/As:100|-100:DeepStack|TCC_AI
STATE:55:cr1200f:Kh|As:-100|100:TCC_AI|DeepStack
STATE:56:cr300f:Qh|Ah:-100|100:DeepStack|TCC_AI
STATE:57:cc/cc:As|Qs/Ks:100|-100:TCC_AI|DeepStack
STATE:58:cr300f:Ks|As:-100|100:DeepStack|TCC_AI
STATE:59:cr300f:Ks|Qh:-100|100:TCC_AI|DeepStack
STATE:60:r1200f:Ah|Qh:100|-100:DeepStack|TCC_AI
STATE:61:cc/cc:As|Qs/Kh:100|-100:TCC_AI|DeepStack
STATE:62:cr300f:Kh|Ah:-100|100:DeepStack|TCC_AI
STATE:63:cc/cc:Qs|Kh/Ah:-100|100:TCC_AI|DeepStack
STATE:64:cc/cr200r1200f:Qh|Ks/Qs:200|-200:DeepStack|TCC_AI
STATE:65:r800f:As|Qs:100|-100:TCC_AI|DeepStack
STATE:66:cr300c/cr700c:Kh|Qs/Ah:700|-700:DeepStack|TCC_AI
STATE:67:cc/cc:Qh|Qs/Ks:0|0:TCC_AI|DeepStack
STATE:68:cc/cr300f:Ks|Qh/Qs:-100|100:DeepStack|TCC_AI
STATE:69:cc/cc:Qs|Ah/Ks:-100|100:TCC_AI|DeepStack
STATE:70:r1200c/:As|Ah/Kh:0|0:DeepStack|TCC_AI
STATE:71:cc/cr300f:Ks|Kh/Qs:-100|100:TCC_AI|DeepStack
STATE:72:cc/r300f:As|Kh/Ah:100|-100:DeepStack|TCC_AI
STATE:73:cr300f:Qh|Ks:-100|100:TCC_AI|DeepStack
STATE:74:r1200f:Ah|Qs:100|-100:DeepStack|TCC_AI
STATE:75:cr300r800c/r900r1200c:As|Ah/Kh:0|0:TCC_AI|DeepStack
STATE:76:cr300r1200f:Ah|Kh:300|-300:DeepStack|TCC_AI
STATE:77:cr300c/r1100f:Qs|Ah/Ks:300|-300:TCC_AI|DeepStack
STATE:78:cc/cc:As|Qs/Kh:100|-100:DeepStack|TCC_AI
STATE:79:cc/cc:Qs|Ks/Ah:-100|100:TCC_AI|DeepStack
STATE:80:cr500f:Ks|Ah:-100|100:DeepStack|TCC_AI
STATE:81:cc/cr1200f:Qs|As/Ah:-100|100:TCC_AI|DeepStack
STATE:82:r1200f:Ah|Qh:100|-100:DeepStack|TCC_AI
STATE:83:cc/r500f:Ks|Kh/Ah:100|-100:TCC_AI|DeepStack
STATE:84:cc/cr300c:As|Kh/Ks:-300|300:DeepStack|TCC_AI
STATE:85:cc/cc:Qs|Qh/As:0|0:TCC_AI|DeepStack
STATE:86:cr300f:Ks|Qh:-100|100:DeepStack|TCC_AI
STATE:87:cr300r1000f:Ah|Kh:300|-300:TCC_AI|DeepStack
STATE:88:cr300r1200f:As|Qs:300|-300:DeepStack|TCC_AI
STATE:89:cc/cc:Qs|Ah/Kh:-100|100:TCC_AI|DeepStack
STATE:90:cc/cc:Ks|Qs/Kh:100|-100:DeepStack|TCC_AI
STATE:91:cc/cr300c:Ah|Ks/Qs:300|-300:TCC_AI|DeepStack
STATE:92:cc/cc:As|Kh/Qh:100|-100:DeepStack|TCC_AI
STATE:93:cc/cc:Kh|Ks/As:0|0:TCC_AI|DeepStack
STATE:94:cr300c/r1200f:Ks|Qh/Kh:300|-300:DeepStack|TCC_AI
STATE:95:cc/cc:Kh|Qs/Ah:100|-100:TCC_AI|DeepStack
STATE:96:cc/cr200r1200f:Ks|Qh/Kh:200|-200:DeepStack|TCC_AI
STATE:97:cc/cr300f:Kh|Qh/Qs:-100|100:TCC_AI|DeepStack
STATE:98:r1200f:Ah|Qh:100|-100:DeepStack|TCC_AI
STATE:99:cc/cc:As|Qh/Ks:100|-100:TCC_AI|DeepStack
STATE:100:cc/r300f:Ks|Qs/As:100|-100:DeepStack|TCC_AI
STATE:101:cr1200c/:As|Ah/Kh:0|0:TCC_AI|DeepStack
STATE:102:cc/cc:Ah|Kh/Qh:100|-100:DeepStack|TCC_AI
STATE:103:cr300c/cr900f:Kh|Ah/As:-300|300:TCC_AI|DeepStack
STATE:104:cc/r300c:Ah|Kh/As:300|-300:DeepStack|TCC_AI
STATE:105:cc/cr300f:Qs|Kh/Ks:-100|100:TCC_AI|DeepStack
STATE:106:cc/cc:Ks|Kh/Qs:0|0:DeepStack|TCC_AI
STATE:107:cc/cr300f:Ah|Qh/Kh:-100|100:TCC_AI|DeepStack
STATE:108:r1200f:Ah|Qs:100|-100:DeepStack|TCC_AI
STATE:109:cc/cr300f:Kh|Qh/Qs:-100|100:TCC_AI|DeepStack
STATE:110:cc/r300r600f:Kh|Ks/Ah:-300|300:DeepStack|TCC_AI
STATE:111:cc/r500f:Ks|Qs/Ah:100|-100:TCC_AI|DeepStack
STATE:112:cc/cc:Qs|Qh/As:0|0:DeepStack|TCC_AI
STATE:113:cc/cc:Qh|Kh/Ah:-100|100:TCC_AI|DeepStack
STATE:114:cr300f:Qs|Ah:-100|100:DeepStack|TCC_AI
STATE:115:cc/cc:Kh|Qs/As:100|-100:TCC_AI|DeepStack
STATE:116:cc/cc:Qh|Ks/As:-100|100:DeepStack|TCC_AI
STATE:117:cc/cc:Kh|Qh/As:100|-100:TCC_AI|DeepStack
STATE:118:cr300f:Qs|As:-100|100:DeepStack|TCC_AI
STATE:119:cr1200f:Qh|As:-100|100:TCC_AI|DeepStack
STATE:120:r1200f:Ah|Kh:100|-100:DeepStack|TCC_AI
STATE:121:cr300f:Kh|As:-100|100:TCC_AI|DeepStack
STATE:122:cr300f:Qh|As:-100|100:DeepStack|TCC_AI
STATE:123:cr300f:Kh|Ks:-100|100:TCC_AI|DeepStack
STATE:124:cr300c/r1200c:Ks|Ah/Kh:1200|-1200:DeepStack|TCC_AI
STATE:125:cc/cc:Qs|Kh/Qh:100|-100:TCC_AI|DeepStack
STATE:126:cc/r300f:As|Ks/Ah:100|-100:DeepStack|TCC_AI
STATE:127:cc/cc:Ks|Kh/Qh:0|0:TCC_AI|DeepStack
STATE:128:cr300r1200f:As|Kh:300|-300:DeepStack|TCC_AI
STATE:129:cr300r800c/r1000r1200c:Ah|As/Qs:0|0:TCC_AI|DeepStack
STATE:130:cc/cc:Ah|Ks/Qs:100|-100:DeepStack|TCC_AI
STATE:131:cc/cc:Qh|Qs/Kh:0|0:TCC_AI|DeepStack
STATE:132:r1200c/:As|Ah/Ks:0|0:DeepStack|TCC_AI
STATE:133:cc/cc:Ah|Qs/Kh:100|-100:TCC_AI|DeepStack
STATE:134:r1200f:As|Qh:100|-100:DeepStack|TCC_AI
STATE:135:cc/cc:Ks|Kh/Qh:0|0:TCC_AI|DeepStack
STATE:136:cc/cr300f:Qh|Kh/Ks:-100|100:DeepStack|TCC_AI
STATE:137:cc/cr300f:Ah|Kh/Qs:-100|100:TCC_AI|DeepStack
STATE:138:r1200f:As|Qs:100|-100:DeepStack|TCC_AI
STATE:139:cc/r500r1200f:Qs|As/Ah:-500|500:TCC_AI|DeepStack
STATE:140:cc/cc:Qs|Kh/As:-100|100:DeepStack|TCC_AI
STATE:141:cc/cc:Ah|Kh/Qs:100|-100:TCC_AI|DeepStack
STATE:142:cc/cc:Kh|Qs/Ah:100|-100:DeepStack|TCC_AI
STATE:143:cr300c/r900r1200c:Kh|Ah/Ks:1200|-1200:TCC_AI|DeepStack
STATE:144:cc/r300f:Ks|Qs/Ah:100|-100:DeepStack|TCC_AI
STATE:145:cc/cc:Ah|Ks/Qs:100|-100:TCC_AI|DeepStack
STATE:146:cc/r300f:Ks|Qs/As:100|-100:DeepStack|TCC_AI
STATE:147:cc/r600f:Kh|Qs/Ah:100|-100:TCC_AI|DeepStack
STATE:148:cr300r1200f:As|Kh:300|-300:DeepStack|TCC_AI
STATE:149:r600f:Ah|Qh:100|-100:TCC_AI|DeepStack
STATE:150:cr300f:Ks|As:-100|100:DeepStack|TCC_AI
STATE:151:cr300f:Qs|Ah:-100|100:TCC_AI|DeepStack
STATE:152:cc/cc:Qh|Ks/As:-100|100:DeepStack|TCC_AI
STATE:153:r600r1200c/:As|Ah/Qs:0|0:TCC_AI|DeepStack
STATE:154:cc/cc:Qh|Qs/As:0|0:DeepStack|TCC_AI
STATE:155:cc/cr300f:Ks|Qh/Qs:-100|100:TCC_AI|DeepStack
STATE:156:cc/r300f:Ks|Qs/As:100|-100:DeepStack|TCC_AI
STATE:157:cr300r800f:As|Qh:300|-300:TCC_AI|DeepStack
STATE:158:cc/cr200f:As|Ks/Kh:-100|100:DeepStack|TCC_AI
STATE:159:cr300f:Ks|Ah:-100|100:TCC_AI|DeepStack
STATE:160:cr300f:Qh|Ah:-100|100:DeepStack|TCC_AI
STATE:161:r300r1200c/:Ah|As/Qh:0|0:TCC_AI|DeepStack
STATE:162:cc/cc:Qh|Ks/As:-100|100:DeepStack|TCC_AI
STATE:163:cr300f:Qh|Ah:-100|100:TCC_AI|DeepStack
STATE:164:cr300f:Kh|As:-100|100:DeepStack|TCC_AI
STATE:165:cc/cr1200f:Qh|As/Ah:-100|100:TCC_AI|DeepStack
STATE:166:cc/cc:Qs|Kh/Qh:100|-100:DeepStack|TCC_AI
STATE:167:cc/r400f:Kh|Qs/As:100|-100:TCC_AI|DeepStack
STATE:168:cc/cr200c:Ah|Ks/Kh:-200|200:DeepStack|TCC_AI
STATE:169:cc/cc:Qh|Ks/As:-100|100:TCC_AI|DeepStack
STATE:170:cc/cr200f:Qs|Ks/Kh:-100|100:DeepStack|TCC_AI
STATE:171:cc/cc:Kh|Ks/Qs:0|0:TCC_AI|DeepStack
STATE:172:cc/cc:Ks|Qh/Kh:100|-100:DeepStack|TCC_AI
STATE:173:cc/cr300f:Ks|Qs/Qh:-100|100:TCC_AI|DeepStack
STATE:174:r1200f:As|Ks:100|-100:DeepStack|TCC_AI
STATE:175:cc/cc:Qs|Kh/Ah:-100|100:TCC_AI|DeepStack
STATE:176:cc/cc:Kh|Qs/Ks:100|-100:DeepStack|TCC_AI
STATE:177:cr300f:Qh|Ah:-100|100:TCC_AI|DeepStack
STATE:178:cc/cc:Qh|Qs/Kh:0|0:DeepStack|TCC_AI
STATE:179:cc/cr300r900f:Qs|Kh/Qh:300|-300:TCC_AI|DeepStack
STATE:180:cr1200f:Kh|Ah:-100|100:DeepStack|TCC_AI
STATE:181:cc/cr1200f:Qh|As/Ah:-100|100:TCC_AI|DeepStack
STATE:182:cc/r300f:Kh|Qs/Ah:100|-100:DeepStack|TCC_AI
STATE:183:cr300f:Qh|As:-100|100:TCC_AI|DeepStack
STATE:184:cr300f:Qh|Ah:-100|100:DeepStack|TCC_AI
STATE:185:cc/cc:Qs|Kh/Ah:-100|100:TCC_AI|DeepStack
STATE:186:cr300f:Qs|Ks:-100|100:DeepStack|TCC_AI
STATE:187:cr300f:Ks|Kh:-100|100:TCC_AI|DeepStack
STATE:188:r1200c/:As|Ah/Qh:0|0:DeepStack|TCC_AI
STATE:189:r800f:As|Ks:100|-100:TCC_AI|DeepStack
STATE:190:cr300f:Ks|Ah:-100|100:DeepStack|TCC_AI
STATE:191:r800f:As|Kh:100|-100:TCC_AI|DeepStack
STATE:192:cc/r1200f:Ks|Kh/As:100|-100:DeepStack|TCC_AI
STATE:193:cc/cr300c:As|Kh/Ks:-300|300:TCC_AI|DeepStack
STATE:194:cr300c/r1200f:Kh|Ah/Ks:300|-300:DeepStack|TCC_AI
STATE:195:r800f:Ah|Kh:100|-100:TCC_AI|DeepStack
STATE:196:cr300f:Qs|Ks:-100|100:DeepStack|TCC_AI
STATE:197:cc/r700c:Ah|Kh/As:700|-700:TCC_AI|DeepStack
STATE:198:r1200f:Ah|Ks:100|-100:DeepStack|TCC_AI
STATE:199:cr300r800c/r900r1200c:As|Ah/Ks:0|0:TCC_AI|DeepStack
STATE:200:cc/cc:Ah|Qh/Ks:100|-100:DeepStack|TCC_AI
STATE:201:cc/r500f:Ks|Qh/As:100|-100:TCC_AI|DeepStack
STATE:202:cr300r1200f:As|Kh:300|-300:DeepStack|TCC_AI
STATE:203:r200r1200f:Ks|As:-200|200:TCC_AI|DeepStack
STATE:204:cr300f:Qs|As:-100|100:DeepStack|TCC_AI
STATE:205:cc/cc:Qs|Ks/Qh:100|-100:TCC_AI|DeepStack
STATE:206:cr300r1200f:Ah|Ks:300|-300:DeepStack|TCC_AI
STATE:207:cr300f:Qh|Ah:-100|100:TCC_AI|DeepStack
STATE:208:cc/cc:Qh|Kh/Ah:-100|100:DeepStack|TCC_AI
STATE:209:cc/cr300c:Ah|Ks/Qs:300|-300:TCC_AI|DeepStack
STATE:210:cc/cc:Qh|Kh/As:-100|100:DeepStack|TCC_AI
STATE:211:cr300f:Qh|As:-100|100:TCC_AI|DeepStack
STATE:212:cr300f:Kh|As:-100|100:DeepStack|TCC_AI
STATE:213:r500f:As|Qh:100|-100:TCC_AI|DeepStack
STATE:214:cc/cc:Ah|Qh/Ks:100|-100:DeepStack|TCC_AI
STATE:215:cr300f:Qh|Ah:-100|100:TCC_AI|DeepStack
STATE:216:cr300f:Qh|Ah:-100|100:DeepStack|TCC_AI
STATE:217:cr300r800r1200c/:As|Ah/Qh:0|0:TCC_AI|DeepStack
STATE:218:cc/cc:As|Ah/Qs:0|0:DeepStack|TCC_AI
STATE:219:cc/cc:Qs|Qh/Ks:0|0:TCC_AI|DeepStack
STATE:220:cr300f:Kh|Qs:-100|100:DeepStack|TCC_AI
STATE:221:cr300f:Qh|As:-100|100:TCC_AI|DeepStack
STATE:222:cr300f:Ks|As:-100|100:DeepStack|TCC_AI
STATE:223:cc/cc:Kh|Qh/Ah:100|-100:TCC_AI|DeepStack
STATE:224:cc/cc:Qs|Kh/Qh:100|-100:DeepStack|TCC_AI
STATE:225:cr1200f:Qh|As:-100|100:TCC_AI|DeepStack
STATE:226:r1200f:Ah|Qs:100|-100:DeepStack|TCC_AI
STATE:227:cc/r400f:Kh|Qs/Ks:100|-100:TCC_AI|DeepStack
STATE:228:cc/cr300f:Ah|Qh/Ks:-100|100:DeepStack|TCC_AI
STATE:229:cc/cc:Qs|Kh/Qh:100|-100:TCC_AI|DeepStack
STATE:230:cc/r1200f:Qs|Qh/Ah:100|-100:DeepStack|TCC_AI
STATE:231:cc/cc:Qh|Ks/Ah:-100|100:TCC_AI|DeepStack
STATE:232:cr300f:Kh|Qh:-100|100:DeepStack|TCC_AI
STATE:233:cc/r400f:As|Qs/Ah:100|-100:TCC_AI|DeepStack
STATE:234:r1200f:Ah|Qh:100|-100:DeepStack|TCC_AI
STATE:235:cr300f:Qh|Ks:-100|100:TCC_AI|DeepStack
STATE:236:cc/cr200f:Ah|Qs/Qh:-100|100:DeepStack|TCC_AI
STATE:237:cc/cc:Kh|Qh/Ks:100|-100:TCC_AI|DeepStack
STATE:238:r1200f:Ah|Qh:100|-100:DeepStack|TCC_AI
STATE:239:r200c/cc:As|Qh/Ks:200|-200:TCC_AI|DeepStack
STATE:240:cc/r300f:Kh|Qh/As:100|-100:DeepStack|TCC_AI
STATE:241:r800r1200c/:Ah|As/Qs:0|0:TCC_AI|DeepStack
STATE:242:cc/r300f:Kh|Qh/As:100|-100:DeepStack|TCC_AI
STATE:243:r800f:As|Qh:100|-100:TCC_AI|DeepStack
STATE:244:cc/cc:Ks|As/Kh:100|-100:DeepStack|TCC_AI
STATE:245:cc/cc:Qh|Qs/As:0|0:TCC_AI|DeepStack
STATE:246:cc/cc:Ks|Kh/Qs:0|0:DeepStack|TCC_AI
STATE:247:cc/r400r1200f:Ks|Qh/As:-400|400:TCC_AI|DeepStack
STATE:248:r300c/cc:As|Qs/Ks:300|-300:DeepStack|TCC_AI
STATE:249:cc/cc:Ah|Qh/As:100|-100:TCC_AI|DeepStack
STATE:250:r300r1000f:Ks|Ah:-300|300:DeepStack|TCC_AI
STATE:251:cr1200f:Qs|As:-100|100:TCC_AI|DeepStack
STATE:252:cc/cr200f:Ks|Qs/Qh:-100|100:DeepStack|TCC_AI
STATE:253:cc/cc:Qs|Kh/Ah:-100|100:TCC_AI|DeepStack
STATE:254:cr300f:Ks|As:-100|100:DeepStack|TCC_AI
STATE:255:cr300c/cc:Ks|Ah/Qh:-300|300:TCC_AI|DeepStack
STATE:256:cc/cr200c:As|Ks/Kh:-200|200:DeepStack|TCC_AI
STATE:257:cr300f:Qh|Ah:-100|100:TCC_AI|DeepStack
STATE:258:cr300f:Ks|As:-100|100:DeepStack|TCC_AI
STATE:259:r600f:As|Qh:100|-100:TCC_AI|DeepStack
STATE:260:cr300f:Kh|As:-100|100:DeepStack|TCC_AI
STATE:261:cc/cc:Qs|Ah/Qh:100|-100:TCC_AI|DeepStack
STATE:262:cc/cc:Qs|Qh/Kh:0|0:DeepStack|TCC_AI
STATE:263:r300c/r900f:Kh|Ks/As:300|-300:TCC_AI|DeepStack
STATE:264:cr300f:Qs|As:-100|100:DeepStack|TCC_AI
STATE:265:cc/r500f:Kh|Ks/As:100|-100:TCC_AI|DeepStack
STATE:266:r1200f:Ah|Kh:100|-100:DeepStack|TCC_AI
STATE:267:cc/cc:Ah|As/Qs:0|0:TCC_AI|DeepStack
STATE:268:cc/cc:Ks|Kh/Qh:0|0:DeepStack|TCC_AI
STATE:269:r600f:Ah|Qh:100|-100:TCC_AI|DeepStack
STATE:270:r1200f:As|Ks:100|-100:DeepStack|TCC_AI
STATE:271:cc/cc:Kh|Qs/Ks:100|-100:TCC_AI|DeepStack
STATE:272:cc/cr200c:As|Ks/Qh:200|-200:DeepStack|TCC_AI
STATE:273:cc/cc:Qs|Kh/Qh:100|-100:TCC_AI|DeepStack
STATE:274:cr300f:Qh|Qs:-100|100:DeepStack|TCC_AI
STATE:275:r800f:Ah|Kh:100|-100:TCC_AI|DeepStack
STATE:276:r1200f:Ah|Kh:100|-100:DeepStack|TCC_AI
STATE:277:r800f:As|Qs:100|-100:TCC_AI|DeepStack
STATE:278:r1200f:As|Kh:100|-100:DeepStack|TCC_AI
STATE:279:r300c/cc:As|Qh/Kh:300|-300:TCC_AI|DeepStack
STATE:280:cr300r1200c/:As|Ah/Ks:0|0:DeepStack|TCC_AI
STATE:281:cc/cr300f:Qs|Ks/Kh:-100|100:TCC_AI|DeepStack
STATE:282:cr300c/r1200f:Ks|As/Kh:300|-300:DeepStack|TCC_AI
STATE:283:cc/cc:Ah|Ks/Qh:100|-100:TCC_AI|DeepStack
STATE:284:r300f:Ks|Qh:100|-100:DeepStack|TCC_AI
STATE:285:cr300f:Qh|As:-100|100:TCC_AI|DeepStack
STATE:286:cc/cr200c:Ah|Qs/Qh:-200|200:DeepStack|TCC_AI
STATE:287:cc/cr300f:As|Kh/Ks:-100|100:TCC_AI|DeepStack
STATE:288:r300r800c/cr1200c:Ah|As/Ks:0|0:DeepStack|TCC_AI
STATE:289:cc/r300f:Kh|Qs/As:100|-100:TCC_AI|DeepStack
STATE:290:cr300f:Qh|As:-100|100:DeepStack|TCC_AI
STATE:291:cc/cc:Qh|Ks/Qs:100|-100:TCC_AI|DeepStack
STATE:292:cc/r300c:Kh|Ks/Ah:0|0:DeepStack|TCC_AI
STATE:293:cr300c/cr1200c:Ks|Qh/Ah:1200|-1200:TCC_AI|DeepStack
STATE:294:cc/r300f:Kh|Qs/Ah:100|-100:DeepStack|TCC_AI
STATE:295:r900f:As|Qs:100|-100:TCC_AI|DeepStack
STATE:296:cr300f:Ks|As:-100|100:DeepStack|TCC_AI
STATE:297:cr1200f:Qs|Ah:-100|100:TCC_AI|DeepStack
STATE:298:r1200f:Ah|Kh:100|-100:DeepStack|TCC_AI
STATE:299:r600f:As|Qs:100|-100:TCC_AI|DeepStack
STATE:300:cc/cc:Qs|Kh/Ah:-100|100:DeepStack|TCC_AI
STATE:301:cc/cc:Ks|Qs/Kh:100|-100:TCC_AI|DeepStack
STATE:302:cc/cc:As|Ks/Qs:100|-100:DeepStack|TCC_AI
STATE:303:cr300f:Qh|Qs:-100|100:TCC_AI|DeepStack
STATE:304:r300f:Ks|Qs:100|-100:DeepStack|TCC_AI
STATE:305:cc/cc:Kh|Qs/Ks:100|-100:TCC_AI|DeepStack
STATE:306:cr400f:Qs|Qh:-100|100:DeepStack|TCC_AI
STATE:307:cc/cc:As|Qs/Kh:100|-100:TCC_AI|DeepStack
STATE:308:cc/cc:Ks|Ah/Qh:-100|100:DeepStack|TCC_AI
STATE:309:cc/cc:As|Qs/Kh:100|-100:TCC_AI|DeepStack
STATE:310:cc/r300f:As|Qs/Ah:100|-100:DeepStack|TCC_AI
STATE:311:cc/cc:Ah|Qh/Ks:100|-100:TCC_AI|DeepStack
STATE:312:cc/cr200f:Kh|Ks/Qh:-100|100:DeepStack|TCC_AI
STATE:313:cr300f:Qh|As:-100|100:TCC_AI|DeepStack
STATE:314:cc/cr200c:As|Qh/Qs:-200|200:DeepStack|TCC_AI
STATE:315:cr300r1100f:As|Ks:300|-300:TCC_AI|DeepStack
STATE:316:cc/cr300f:Qh|Kh/Ks:-100|100:DeepStack|TCC_AI
STATE:317:cc/cc:Qh|Ah/Kh:-100|100:TCC_AI|DeepStack
STATE:318:cc/cc:Ah|Kh/Qh:100|-100:DeepStack|TCC_AI
STATE:319:cc/r400f:Ks|Qs/Ah:100|-100:TCC_AI|DeepStack
STATE:320:cc/cr400f:Qh|Kh/Ah:-100|100:DeepStack|TCC_AI
STATE:321:r800f:Ah|Qs:100|-100:TCC_AI|DeepStack
STATE:322:cc/cc:Qs|Kh/Qh:100|-100:DeepStack|TCC_AI
STATE:323:cc/r300c:Ks|Kh/Ah:0|0:TCC_AI|DeepStack
STATE:324:r1200f:As|Qs:100|-100:DeepStack|TCC_AI
STATE:325:cr300f:Kh|Ks:-100|100:TCC_AI|DeepStack
STATE:326:cc/cc:Ah|As/Ks:0|0:DeepStack|TCC_AI
STATE:327:cc/cr300f:Kh|Qh/Qs:-100|100:TCC_AI|DeepStack
STATE:328:cr300c/cc:Kh|Ah/Qh:-300|300:DeepStack|TCC_AI
STATE:329:cc/cc:Ks|Qs/Kh:100|-100:TCC_AI|DeepStack
STATE:330:cc/cc:Qs|Qh/Ks:0|0:DeepStack|TCC_AI
STATE:331:cr300f:Ks|Qh:-100|100:TCC_AI|DeepStack
STATE:332:cr300c/cr1000c:Kh|As/Ah:-1000|1000:DeepStack|TCC_AI
STATE:333:cc/r600f:Kh|Ks/As:100|-100:TCC_AI|DeepStack
STATE:334:cc/cr200c:As|Ks/Kh:-200|200:DeepStack|TCC_AI
STATE:335:cr300c/cc:Ks|As/Qh:-300|300:TCC_AI|DeepStack
STATE:336:cc/cc:Ks|Qh/As:100|-100:DeepStack|TCC_AI
STATE:337:cc/cc:Kh|Qs/Ks:100|-100:TCC_AI|DeepStack
STATE:338:r1200f:Ah|Qs:100|-100:DeepStack|TCC_AI
STATE:339:cr1200f:Qs|Ah:-100|100:TCC_AI|DeepStack
STATE:340:r1200c/:As|Ah/Qh:0|0:DeepStack|TCC_AI
STATE:341:cr300r800r1200c/:As|Ah/Qh:0|0:TCC_AI|DeepStack
STATE:342:cr1100f:Ks|As:-100|100:DeepStack|TCC_AI
STATE:343:cr300c/cc:Qh|As/Kh:-300|300:TCC_AI|DeepStack
STATE:344:cr200c/cr300c:Ah|Kh/Qh:300|-300:DeepStack|TCC_AI
STATE:345:cc/cc:Ks|Qh/Ah:100|-100:TCC_AI|DeepStack
STATE:346:cc/cc:Ks|As/Kh:100|-100:DeepStack|TCC_AI
STATE:347:cc/cc:Kh|Ks/Qs:0|0:TCC_AI|DeepStack
STATE:348:cc/cr200f:Qh|Ks/As:-100|100:DeepStack|TCC_AI
STATE:349:cc/cc:Qh|Qs/As:0|0:TCC_AI|DeepStack
STATE:350:cr300r1200f:Ah|Qs:300|-300:DeepStack|TCC_AI
STATE:351:cc/r400f:Kh|Qs/Ah:100|-100:TCC_AI|DeepStack
STATE:352:r1200f:As|Qs:100|-100:DeepStack|TCC_AI
STATE:353:cc/cr300f:Qh|Ks/Kh:-100|100:TCC_AI|DeepStack
STATE:354:cc/cc:Ah|Qs/Ks:100|-100:DeepStack|TCC_AI
STATE:355:cc/cr300f:Kh|Qh/Qs:-100|100:TCC_AI|DeepStack
STATE:356:cr400f:Qs|Ah:-100|100:DeepStack|TCC_AI
STATE:357:cc/cr300f:Ah|Kh/Ks:-100|100:TCC_AI|DeepStack
STATE:358:cc/r300r900f:Ks|As/Ah:-300|300:DeepStack|TCC_AI
STATE:359:cr300f:Qs|As:-100|100:TCC_AI|DeepStack
STATE:360:r1200f:Ah|Qh:100|-100:DeepStack|TCC_AI
STATE:361:r800f:As|Kh:100|-100:TCC_AI|DeepStack
STATE:362:cr300r1200f:As|Ks:300|-300:DeepStack|TCC_AI
STATE:363:r800f:As|Qs:100|-100:TCC_AI|DeepStack
STATE:364:cc/cr300f:Kh|Qs/Qh:-100|100:DeepStack|TCC_AI
STATE:365:cr300r900c/cr1200c:As|Ah/Qs:0|0:TCC_AI|DeepStack
STATE:366:cr300r1200c/:As|Ah/Qh:0|0:DeepStack|TCC_AI
STATE:367:cr1200c/:Ah|As/Qs:0|0:TCC_AI|DeepStack
STATE:368:r300f:Ah|Qh:100|-100:DeepStack|TCC_AI
STATE:369:cr300f:Qs|Kh:-100|100:TCC_AI|DeepStack
STATE:370:cc/r300f:Kh|Qh/Ah:100|-100:DeepStack|TCC_AI
STATE:371:cr300c/cr1200f:Qh|Ah/As:-300|300:TCC_AI|DeepStack
STATE:372:cr800f:Ks|Ah:-100|100:DeepStack|TCC_AI
STATE:373:cc/cr300f:Ah|Kh/Ks:-100|100:TCC_AI|DeepStack
STATE:374:cr400f:Qh|Qs:-100|100:DeepStack|TCC_AI
STATE:375:cr300r900f:As|Qh:300|-300:TCC_AI|DeepStack
STATE:376:cr200c/r600f:Qh|Kh/Qs:200|-200:DeepStack|TCC_AI
STATE:377:cc/cr300f:Qs|Ks/Kh:-100|100:TCC_AI|DeepStack
STATE:378:cr300f:Qh|As:-100|100:DeepStack|TCC_AI
STATE:379:cr300f:Qs|Qh:-100|100:TCC_AI|DeepStack
STATE:380:cr300f:Qh|As:-100|100:DeepStack|TCC_AI
STATE:381:cr300f:Qh|Kh:-100|100:TCC_AI|DeepStack
STATE:382:cc/cc:Qh|Qs/Kh:0|0:DeepStack|TCC_AI
STATE:383:cc/cc:Qh|Kh/As:-100|100:TCC_AI|DeepStack
STATE:384:cr300f:Ks|As:-100|100:DeepStack|TCC_AI
STATE:385:cr300f:Kh|Ks:-100|100:TCC_AI|DeepStack
STATE:386:cc/cc:Ah|Qh/Ks:100|-100:DeepStack|TCC_AI
STATE:387:cc/cc:Qs|Qh/Kh:0|0:TCC_AI|DeepStack
STATE:388:cr300r1200c/:As|Ah/Qs:0|0:DeepStack|TCC_AI
STATE:389:cr300r800f:As|Qh:300|-300:TCC_AI|DeepStack
STATE:390:cr300f:Qh|Ah:-100|100:DeepStack|TCC_AI
STATE:391:cc/cc:Qs|Ks/Ah:-100|100:TCC_AI|DeepStack
STATE:392:cc/cc:Kh|As/Qh:-100|100:DeepStack|TCC_AI
STATE:393:cc/cc:Kh|Ks/Ah:0|0:TCC_AI|DeepStack
STATE:394:cr300f:Kh|Ks:-100|100:DeepStack|TCC_AI
STATE:395:cr1200f:Qh|As:-100|100:TCC_AI|DeepStack
STATE:396:cr300c/cr700r1200f:As|Kh/Ah:700|-700:DeepStack|TCC_AI
STATE:397:cc/r400f:Ks|Qs/As:100|-100:TCC_AI|DeepStack
STATE:398:r1200f:Ah|Qs:100|-100:DeepStack|TCC_AI
STATE:399:cc/cr300f:Kh|Qs/Qh:-100|100:TCC_AI|DeepStack
STATE:400:cc/cc:Qs|Qh/Ks:0|0:DeepStack|TCC_AI
STATE:401:cr300f:Kh|As:-100|100:TCC_AI|DeepStack
STATE:402:r1200c/:Ah|As/Qs:0|0:DeepStack|TCC_AI
STATE:403:cr300c/r1200f:Kh|Ah/Ks:300|-300:TCC_AI|DeepStack
STATE:404:cr300f:Qh|Ah:-100|100:DeepStack|TCC_AI
STATE:405:cr300f:Qh|Ah:-100|100:TCC_AI|DeepStack
STATE:406:cc/cc:Ks|Kh/Qh:0|0:DeepStack|TCC_AI
STATE:407:cc/r400f:Kh|Qs/As:100|-100:TCC_AI|DeepStack
STATE:408:cr200c/cr400f:Qs|Kh/Ks:-200|200:DeepStack|TCC_AI
STATE:409:cc/cc:Kh|Ks/Qh:0|0:TCC_AI|DeepStack
STATE:410:cc/cc:Kh|Qh/Ks:100|-100:DeepStack|TCC_AI
STATE:411:cr1200f:Kh|As:-100|100:TCC_AI|DeepStack
STATE:412:cc/r300f:Kh|Qh/Ah:100|-100:DeepStack|TCC_AI
STATE:413:cr300f:Qs|Ah:-100|100:TCC_AI|DeepStack
STATE:414:r300f:Qh|Qs:100|-100:DeepStack|TCC_AI
STATE:415:cr300f:Kh|Ah:-100|100:TCC_AI|DeepStack
STATE:416:cc/cc:Ks|Qs/As:100|-100:DeepStack|TCC_AI
STATE:417:cc/cc:Kh|As/Ks:100|-100:TCC_AI|DeepStack
STATE:418:r300c/cr800f:As|Kh/Ks:-300|300:DeepStack|TCC_AI
STATE:419:cr1200f:Qs|As:-100|100:TCC_AI|DeepStack
STATE:420:cc/cr200r600f:Qs|Ks/Qh:200|-200:DeepStack|TCC_AI
STATE:421:cc/cc:Qs|Qh/Ks:0|0:TCC_AI|DeepStack
STATE:422:cc/cc:Qs|Kh/As:-100|100:DeepStack|TCC_AI
STATE:423:cc/r300c:Ah|Kh/As:300|-300:TCC_AI|DeepStack
STATE:424:cc/cc:As|Ks/Qh:100|-100:DeepStack|TCC_AI
STATE:425:cr300f:Kh|Ah:-100|100:TCC_AI|DeepStack
STATE:426:cc/cr200f:Ks|Qs/Qh:-100|100:DeepStack|TCC_AI
STATE:427:cc/cc:Ah|Kh/Qs:100|-100:TCC_AI|DeepStack
STATE:428:cc/cc:Ah|Qs/Ks:100|-100:DeepStack|TCC_AI
STATE:429:cr300f:Kh|Qh:-100|100:TCC_AI|DeepStack
STATE:430:cr300r1200c/:As|Ah/Kh:0|0:DeepStack|TCC_AI
STATE:431:cr300f:Kh|Ah:-100|100:TCC_AI|DeepStack
STATE:432:cc/cr200r600f:Qs|Ks/Qh:200|-200:DeepStack|TCC_AI
STATE:433:cr300f:Qh|As:-100|100:TCC_AI|DeepStack
STATE:434:cr300f:Ks|Ah:-100|100:DeepStack|TCC_AI
STATE:435:cc/r400f:As|Qs/Ah:100|-100:TCC_AI|DeepStack
STATE:436:cc/cc:As|Kh/Qs:100|-100:DeepStack|TCC_AI
STATE:437:cc/cc:Ks|Kh/Qs:0|0:TCC_AI|DeepStack
STATE:438:cc/cc:Qs|Ks/Ah:-100|100:DeepStack|TCC_AI
STATE:439:cr300f:Qs|Ah:-100|100:TCC_AI|DeepStack
STATE:440:cc/cc:Ks|Qs/Kh:100|-100:DeepStack|TCC_AI
STATE:441:cc/cc:Qh|Ks/As:-100|100:TCC_AI|DeepStack
STATE:442:cc/cc:Qs|Qh/Ah:0|0:DeepStack|TCC_AI
STATE:443:cr300f:Ks|As:-100|100:TCC_AI|DeepStack
STATE:444:r1200f:Ah|Qh:100|-100:DeepStack|TCC_AI
STATE:445:cr300f:Qs|As:-100|100:TCC_AI|DeepStack
STATE:446:cc/cc:Kh|Ah/Ks:100|-100:DeepStack|TCC_AI
STATE:447:cc/cc:Ks|Kh/Qs:0|0:TCC_AI|DeepStack
STATE:448:cc/r300f:Kh|Ks/As:100|-100:DeepStack|TCC_AI
STATE:449:cc/r400f:Ah|Qh/As:100|-100:TCC_AI|DeepStack
STATE:450:r1200f:As|Ks:100|-100:DeepStack|TCC_AI
STATE:451:cc/cc:As|Ks/Qs:100|-100:TCC_AI|DeepStack
STATE:452:cc/cc:Qh|Ks/As:-100|100:DeepStack|TCC_AI
STATE:453:cc/cr300r1000f:Qh|Ks/Qs:300|-300:TCC_AI|DeepStack
STATE:454:cc/cr200f:Qs|Ks/Kh:-100|100:DeepStack|TCC_AI
STATE:455:cc/cc:Ks|Qs/Kh:100|-100:TCC_AI|DeepStack
STATE:456:cc/r300f:As|Qh/Ah:100|-100:DeepStack|TCC_AI
STATE:457:cc/cr300c:Ah|Ks/Kh:-300|300:TCC_AI|DeepStack
STATE:458:cr300f:Qh|Ah:-100|100:DeepStack|TCC_AI
STATE:459:cc/r400f:Kh|Qs/As:100|-100:TCC_AI|DeepStack
STATE:460:cc/cr200c:Ah|Ks/Qs:200|-200:DeepStack|TCC_AI
STATE:461:cc/cc:Ks|As/Qh:-100|100:TCC_AI|DeepStack
STATE:462:cr300c/cc:Kh|Ah/Qh:-300|300:DeepStack|TCC_AI
STATE:463:cr300f:Kh|Qh:-100|100:TCC_AI|DeepStack
STATE:464:cc/cc:Ks|Kh/Qh:0|0:DeepStack|TCC_AI
STATE:465:cc/cr300r900f:Qh|Ks/Qs:300|-300:TCC_AI|DeepStack
STATE:466:r1200c/:As|Ah/Ks:0|0:DeepStack|TCC_AI
STATE:467:cc/cc:As|Kh/Qh:100|-100:TCC_AI|DeepStack
STATE:468:cr200c/cc:Qs|Ah/Kh:-200|200:DeepStack|TCC_AI
STATE:469:cc/r400f:Kh|Qs/As:100|-100:TCC_AI|DeepStack
STATE:470:cc/cc:Qs|Qh/As:0|0:DeepStack|TCC_AI
STATE:471:cr300c/r1200c:Kh|Ah/Qh:-1200|1200:TCC_AI|DeepStack
STATE:472:cc/cc:Qs|Ah/Qh:100|-100:DeepStack|TCC_AI
STATE:473:cr300f:Qs|Ks:-100|100:TCC_AI|DeepStack
STATE:474:cr200r600c/r1200f:As|Qs/Ah:600|-600:DeepStack|TCC_AI
STATE:475:cc/cr300f:Qh|Kh/Ks:-100|100:TCC_AI|DeepStack
STATE:476:cr400c/cr1000f:Qh|Ah/As:-400|400:DeepStack|TCC_AI
STATE:477:cr300f:Qh|Qs:-100|100:TCC_AI|DeepStack
STATE:478:cc/cc:Qs|As/Qh:100|-100:DeepStack|TCC_AI
STATE:479:cc/cc:Qs|Kh/Qh:100|-100:TCC_AI|DeepStack
STATE:480:cc/cr800f:Qh|Kh/Ah:-100|100:DeepStack|TCC_AI
STATE:481:cc/cc:Qs|Qh/Kh:0|0:TCC_AI|DeepStack
STATE:482:cc/cr200f:Ks|Qs/Qh:-100|100:DeepStack|TCC_AI
STATE:483:cc/r500f:Ah|Qh/As:100|-100:TCC_AI|DeepStack
STATE:484:r1200f:Ah|Ks:100|-100:DeepStack|TCC_AI
STATE:485:r300c/r1200f:As|Qs/Ah:300|-300:TCC_AI|DeepStack
STATE:486:cr300f:Kh|Ah:-100|100:DeepStack|TCC_AI
STATE:487:cr300f:Qs|As:-100|100:TCC_AI|DeepStack
STATE:488:cc/cr200f:Ks|Qs/Qh:-100|100:DeepStack|TCC_AI
STATE:489:r200r600f:Ks|Qh:-200|200:TCC_AI|DeepStack
STATE:490:cc/cc:Qs|Qh/Kh:0|0:DeepStack|TCC_AI
STATE:491:cc/cc:Ks|Qh/Kh:100|-100:TCC_AI|DeepStack
STATE:492:cr300f:Qh|Qs:-100|100:DeepStack|TCC_AI
STATE:493:cr300c/cr1200f:Qh|Ks/Kh:-300|300:TCC_AI|DeepStack
STATE:494:r1200f:Ah|Kh:100|-100:DeepStack|TCC_AI
STATE:495:cc/cr300f:Qh|Kh/Ks:-100|100:TCC_AI|DeepStack
STATE:496:cc/cr200c:Ah|Kh/Qs:200|-200:DeepStack|TCC_AI
STATE:497:cr300f:Qh|As:-100|100:TCC_AI|DeepStack
STATE:498:cr300f:Kh|Ks:-100|100:DeepStack|TCC_AI
STATE:499:cc/r300r900f:Kh|As/Ah:-300|300:TCC_AI|DeepStack
STATE:500:r300c/cc:As|Ah/Kh:0|0:DeepStack|TCC_AI
STATE:501:r300c/r400r1200f:Ks|Kh/Qh:-400|400:TCC_AI|DeepStack
STATE:502:cr300f:Ks|Ah:-100|100:DeepStack|TCC_AI
STATE:503:r500f:As|Kh:100|-100:TCC_AI|DeepStack
STATE:504:cc/cr200f:Ks|Qh/Qs:-100|100:DeepStack|TCC_AI
STATE:505:cr1200f:Ks|As:-100|100:TCC_AI|DeepStack
STATE:506:r300f:Ah|Qs:100|-100:DeepStack|TCC_AI
STATE:507:r800r1200c/:As|Ah/Qs:0|0:TCC_AI|DeepStack
STATE:508:r300f:Ks|Kh:100|-100:DeepStack|TCC_AI
STATE:509:cr1200f:Qh|Ah:-100|100:TCC_AI|DeepStack
STATE:510:cr300f:Ks|As:-100|100:DeepStack|TCC_AI
STATE:511:cr300c/r900f:Ah|As/Ks:300|-300:TCC_AI|DeepStack
STATE:512:cr300f:Ks|Ah:-100|100:DeepStack|TCC_AI
STATE:513:cc/cc:Qh|Qs/Ks:0|0:TCC_AI|DeepStack
STATE:514:cc/cc:Ah|Qs/Kh:100|-100:DeepStack|TCC_AI
STATE:515:cr300f:Ks|Qs:-100|100:TCC_AI|DeepStack
STATE:516:cc/cr200f:Kh|Ks/Qh:-100|100:DeepStack|TCC_AI
STATE:517:r800r1200c/:As|Ah/Qh:0|0:TCC_AI|DeepStack
STATE:518:cr300r1200f:As|Kh:300|-300:DeepStack|TCC_AI
STATE:519:cr300f:Qs|Qh:-100|100:TCC_AI|DeepStack
STATE:520:r1200f:Ah|Kh:100|-100:DeepStack|TCC_AI
STATE:521:cr300f:Qh|Ks:-100|100:TCC_AI|DeepStack
STATE:522:cr300f:Kh|As:-100|100:DeepStack|TCC_AI
STATE:523:cc/cc:As|Kh/Qs:100|-100:TCC_AI|DeepStack
STATE:524:cr300f:Kh|Qh:-100|100:DeepStack|TCC_AI
STATE:525:cr300r1200f:As|Qh:300|-300:TCC_AI|DeepStack
STATE:526:r1200f:Ah|Ks:100|-100:DeepStack|TCC_AI
STATE:527:cr300f:Qs|Ah:-100|100:TCC_AI|DeepStack
STATE:528:r1200f:Ah|Ks:100|-100:DeepStack|TCC_AI
STATE:529:cc/cr300f:As|Kh/Qh:-100|100:TCC_AI|DeepStack
STATE:530:r1200f:Ah|Kh:100|-100:DeepStack|TCC_AI
STATE:531:cc/r400f:Ah|Qh/As:100|-100:TCC_AI|DeepStack
STATE:532:cc/r300f:As|Qh/Ah:100|-100:DeepStack|TCC_AI
STATE:533:cc/cc:Qh|As/Qs:100|-100:TCC_AI|DeepStack
STATE:534:cc/cr200f:Ah|Qh/Qs:-100|100:DeepStack|TCC_AI
STATE:535:cr300f:Qs|As:-100|100:TCC_AI|DeepStack
STATE:536:cc/cr500f:Qs|Ks/Ah:-100|100:DeepStack|TCC_AI
STATE:537:r600f:As|Ks:100|-100:TCC_AI|DeepStack
STATE:538:cc/cr700c:Kh|Ah/As:-700|700:DeepStack|TCC_AI
STATE:539:cr300f:Qh|As:-100|100:TCC_AI|DeepStack
STATE:540:r1200f:As|Qs:100|-100:DeepStack|TCC_AI
STATE:541:cc/cr300c:As|Qh/Qs:-300|300:TCC_AI|DeepStack
STATE:542:cc/cr200f:Qh|Kh/Ks:-100|100:DeepStack|TCC_AI
STATE:543:cr1200c/:Ah|As/Qs:0|0:TCC_AI|DeepStack
STATE:544:cc/cc:Qh|Ah/Kh:-100|100:DeepStack|TCC_AI
STATE:545:r800f:As|Kh:100|-100:TCC_AI|DeepStack
STATE:546:cr400f:Kh|As:-100|100:DeepStack|TCC_AI
STATE:547:cc/cr300r1000f:Qh|Ks/Qs:300|-300:TCC_AI|DeepStack
STATE:548:cr400f:Qh|Ah:-100|100:DeepStack|TCC_AI
STATE:549:cr300f:Ks|Kh:-100|100:TCC_AI|DeepStack
STATE:550:cc/cr600f:Ks|Kh/As:-100|100:DeepStack|TCC_AI
STATE:551:cr300f:Kh|Qs:-100|100:TCC_AI|DeepStack
STATE:552:cr300r1200c/:Ah|As/Qs:0|0:DeepStack|TCC_AI
STATE:553:cc/cr300f:Ks|Qh/Qs:-100|100:TCC_AI|DeepStack
STATE:554:cc/cr200f:Qs|Ks/Kh:-100|100:DeepStack|TCC_AI
STATE:555:r800f:As|Kh:100|-100:TCC_AI|DeepStack
STATE:556:cc/cr300f:Ah|Qh/Qs:-100|100:DeepStack|TCC_AI
STATE:557:r600f:As|Qh:100|-100:TCC_AI|DeepStack
STATE:558:cr300c/cc:Qh|Ah/Kh:-300|300:DeepStack|TCC_AI
STATE:559:cc/cc:Ks|Kh/Qh:0|0:TCC_AI|DeepStack
STATE:560:cc/cc:Qs|Qh/Ah:0|0:DeepStack|TCC_AI
STATE:561:r200c/cr600f:As|Qs/Kh:-200|200:TCC_AI|DeepStack
STATE:562:r1200c/:As|Ah/Qh:0|0:DeepStack|TCC_AI
STATE:563:r800r1200c/:Ah|As/Qs:0|0:TCC_AI|DeepStack
STATE:564:cc/cc:Ah|Kh/Qs:100|-100:DeepStack|TCC_AI
STATE:565:r1100f:As|Qs:100|-100:TCC_AI|DeepStack
STATE:566:r1200f:Ah|Kh:100|-100:DeepStack|TCC_AI
STATE:567:cc/cr300f:As|Kh/Ks:-100|100:TCC_AI|DeepStack
STATE:568:cc/r300f:Kh|Qh/Ah:100|-100:DeepStack|TCC_AI
STATE:569:cc/cr300f:Qh|Kh/Ks:-100|100:TCC_AI|DeepStack
STATE:570:cc/r300c:As|Ks/Ah:300|-300:DeepStack|TCC_AI
STATE:571:cr300f:Kh|Ah:-100|100:TCC_AI|DeepStack
STATE:572:cc/cr900f:Qs|As/Ah:-100|100:DeepStack|TCC_AI
STATE:573:cc/cr300f:Qh|Qs/Kh:-100|100:TCC_AI|DeepStack
STATE:574:cr200c/cr1200f:Qh|Ah/As:-200|200:DeepStack|TCC_AI
STATE:575:cc/r300f:Ks|Qh/Ah:100|-100:TCC_AI|DeepStack
STATE:576:cc/cc:Qs|Ks/As:-100|100:DeepStack|TCC_AI
STATE:577:cc/cr300f:Qs|Kh/Ks:-100|100:TCC_AI|DeepStack
STATE:578:cr300r1200c/:Ah|As/Qs:0|0:DeepStack|TCC_AI
STATE:579:cc/cc:As|Kh/Qs:100|-100:TCC_AI|DeepStack
STATE:580:cr300f:Qh|Ks:-100|100:DeepStack|TCC_AI
STATE:581:cr300f:Ks|Qh:-100|100:TCC_AI|DeepStack
STATE:582:cr300f:Qs|Ah:-100|100:DeepStack|TCC_AI
STATE:583:cr300c/r1000f:Ks|Qh/Kh:300|-300:TCC_AI|DeepStack
STATE:584:cr300f:Qs|As:-100|100:DeepStack|TCC_AI
STATE:585:cr300f:Ks|Ah:-100|100:TCC_AI|DeepStack
STATE:586:cc/cc:Kh|Qh/As:100|-100:DeepStack|TCC_AI
STATE:587:cr300f:Ks|Ah:-100|100:TCC_AI|DeepStack
STATE:588:cc/cr200c:Ah|Ks/Kh:-200|200:DeepStack|TCC_AI
STATE:589:cr300f:Kh|As:-100|100:TCC_AI|DeepStack
STATE:590:r1200f:Ah|Kh:100|-100:DeepStack|TCC_AI
STATE:591:cr300c/cc:Ks|As/Qh:-300|300:TCC_AI|DeepStack
STATE:592:cr300r1200c/:As|Ah/Qs:0|0:DeepStack|TCC_AI
STATE:593:r500f:Ah|Qs:100|-100:TCC_AI|DeepStack
STATE:594:cr300f:Qs|As:-100|100:DeepStack|TCC_AI
STATE:595:cc/cc:Kh|Ks/As:0|0:TCC_AI|DeepStack
STATE:596:cr300f:Qh|As:-100|100:DeepStack|TCC_AI
STATE:597:cr300f:Qs|As:-100|100:TCC_AI|DeepStack
STATE:598:r1200f:Ah|Qh:100|-100:DeepStack|TCC_AI
STATE:599:cr300f:Qh|Ks:-100|100:TCC_AI|DeepStack
STATE:600:cc/cc:Qs|Qh/Kh:0|0:DeepStack|TCC_AI
STATE:601:cc/cc:Qs|Qh/Ah:0|0:TCC_AI|DeepStack
STATE:602:cc/cc:As|Ks/Qh:100|-100:DeepStack|TCC_AI
STATE:603:cc/cr300f:Kh|Ks/Qs:-100|100:TCC_AI|DeepStack
STATE:604:cr300f:Qh|Ah:-100|100:DeepStack|TCC_AI
STATE:605:r1000r1200c/:Ah|As/Kh:0|0:TCC_AI|DeepStack
STATE:606:cr300f:Kh|As:-100|100:DeepStack|TCC_AI
STATE:607:cr1200f:Qh|As:-100|100:TCC_AI|DeepStack
STATE:608:cr300f:Qs|As:-100|100:DeepStack|TCC_AI
STATE:609:cc/cc:Kh|Ks/As:0|0:TCC_AI|DeepStack
STATE:610:cc/cc:Qs|Qh/As:0|0:DeepStack|TCC_AI
STATE:611:r200r600c/r1200f:As|Ah/Kh:600|-600:TCC_AI|DeepStack
STATE:612:cc/cr200r1200f:Qh|Ks/Qs:200|-200:DeepStack|TCC_AI
STATE:613:cc/cc:Ah|Kh/Qh:100|-100:TCC_AI|DeepStack
STATE:614:cc/cc:Qh|Kh/Qs:100|-100:DeepStack|TCC_AI
STATE:615:cc/cc:As|Ks/Qs:100|-100:TCC_AI|DeepStack
STATE:616:r1200f:As|Ks:100|-100:DeepStack|TCC_AI
STATE:617:cr300c/cr1200c:Ks|As/Ah:-1200|1200:TCC_AI|DeepStack
STATE:618:cc/cr200c:Ah|Qh/Qs:-200|200:DeepStack|TCC_AI
STATE:619:cr300f:Kh|As:-100|100:TCC_AI|DeepStack
STATE:620:cc/cr200r1200f:Qh|Kh/Qs:200|-200:DeepStack|TCC_AI
STATE:621:cr300f:Ks|Ah:-100|100:TCC_AI|DeepStack
STATE:622:cc/r1200c:Qs|Kh/As:-1200|1200:DeepStack|TCC_AI
STATE:623:cr300f:Ks|Qs:-100|100:TCC_AI|DeepStack
STATE:624:cc/cc:Qh|Ks/Qs:100|-100:DeepStack|TCC_AI
STATE:625:cr300c/cr1200f:Ks|Ah/As:-300|300:TCC_AI|DeepStack
STATE:626:cr300f:Qs|Ks:-100|100:DeepStack|TCC_AI
STATE:627:cr300f:Qs|Ah:-100|100:TCC_AI|DeepStack
STATE:628:cr300c/r1200f:Qs|As/Kh:300|-300:DeepStack|TCC_AI
STATE:629:cr300f:Qh|Ah:-100|100:TCC_AI|DeepStack
STATE:630:r1200f:Ah|Qh:100|-100:DeepStack|TCC_AI
STATE:631:cr1200f:Qh|Ah:-100|100:TCC_AI|DeepStack
STATE:632:cc/cc:Ah|Ks/Qh:100|-100:DeepStack|TCC_AI
STATE:633:cc/cc:Qh|Ks/As:-100|100:TCC_AI|DeepStack
STATE:634:cc/r300f:Ah|Kh/As:100|-100:DeepStack|TCC_AI
STATE:635:r600r1200c/:Ah|As/Qh:0|0:TCC_AI|DeepStack
STATE:636:cc/cc:Qs|As/Ks:-100|100:DeepStack|TCC_AI
STATE:637:cc/r500f:Qh|Kh/Ah:100|-100:TCC_AI|DeepStack
STATE:638:cr300f:Ks|Ah:-100|100:DeepStack|TCC_AI
STATE:639:cc/cc:Qs|Kh/Ah:-100|100:TCC_AI|DeepStack
STATE:640:cr500f:Qs|Ah:-100|100:DeepStack|TCC_AI
STATE:641:cr300f:Qs|Ah:-100|100:TCC_AI|DeepStack
STATE:642:cr300f:Qs|As:-100|100:DeepStack|TCC_AI
STATE:643:cr300c/r1100f:Qs|As/Ks:300|-300:TCC_AI|DeepStack
STATE:644:cc/cc:Kh|Qh/Ks:100|-100:DeepStack|TCC_AI
STATE:645:r800f:As|Qs:100|-100:TCC_AI|DeepStack
STATE:646:cc/cr200c:Ah|Qh/Qs:-200|200:DeepStack|TCC_AI
STATE:647:cc/cc:Ks|Qh/Kh:100|-100:TCC_AI|DeepStack
STATE:648:cr400c/r1200f:As|Ah/Qs:400|-400:DeepStack|TCC_AI
STATE:649:cc/cc:As|Qs/Kh:100|-100:TCC_AI|DeepStack
STATE:650:cc/cr800f:Qs|Kh/As:-100|100:DeepStack|TCC_AI
STATE:651:r300c/cr900r1200f:As|Qh/Ks:900|-900:TCC_AI|DeepStack
STATE:652:cc/cc:As|Qs/Kh:100|-100:DeepStack|TCC_AI
STATE:653:cr300c/cr1200f:Ks|As/Ah:-300|300:TCC_AI|DeepStack
STATE:654:cc/cc:As|Qh/Ks:100|-100:DeepStack|TCC_AI
STATE:655:cr300f:Kh|As:-100|100:TCC_AI|DeepStack
STATE:656:cr300c/cr1100f:Qh|Ah/As:-300|300:DeepStack|TCC_AI
STATE:657:cc/r700f:Qs|Kh/As:100|-100:TCC_AI|DeepStack
STATE:658:cc/cc:Qh|Kh/Qs:100|-100:DeepStack|TCC_AI
STATE:659:cr1200f:Kh|As:-100|100:TCC_AI|DeepStack
STATE:660:cc/cc:Qs|Qh/Ah:0|0:DeepStack|TCC_AI
STATE:661:cc/cc:Qh|Kh/Qs:100|-100:TCC_AI|DeepStack
STATE:662:cc/r300f:Ks|Qs/Ah:100|-100:DeepStack|TCC_AI
STATE:663:cc/cc:Qh|Kh/As:-100|100:TCC_AI|DeepStack
STATE:664:cc/r300f:As|Qs/Ah:100|-100:DeepStack|TCC_AI
STATE:665:cc/cr300f:Ks|Qs/Qh:-100|100:TCC_AI|DeepStack
STATE:666:r1200f:Ah|Ks:100|-100:DeepStack|TCC_AI
STATE:667:cc/cr1200f:Qh|Ah/As:-100|100:TCC_AI|DeepStack
STATE:668:cc/cc:Qh|Kh/Ah:-100|100:DeepStack|TCC_AI
STATE:669:cr300c/cr1200f:Qh|Ks/Ah:-300|300:TCC_AI|DeepStack
STATE:670:cr300r1200c/:As|Ah/Ks:0|0:DeepStack|TCC_AI
STATE:671:cr300c/cr1200f:Kh|As/Ah:-300|300:TCC_AI|DeepStack
STATE:672:cc/cc:Ah|Qs/Ks:100|-100:DeepStack|TCC_AI
STATE:673:r600f:Ah|Kh:100|-100:TCC_AI|DeepStack
STATE:674:r1200c/:As|Ah/Kh:0|0:DeepStack|TCC_AI
STATE:675:cc/r300f:Kh|Qs/Ah:100|-100:TCC_AI|DeepStack
STATE:676:cc/cc:Ah|Kh/Qs:100|-100:DeepStack|TCC_AI
STATE:677:cr300r800c/cc:Ah|Kh/Qh:800|-800:TCC_AI|DeepStack
STATE:678:cc/cr200c:As|Qh/Qs:-200|200:DeepStack|TCC_AI
STATE:679:cc/cc:Qs|Ah/Ks:-100|100:TCC_AI|DeepStack
STATE:680:cc/cc:Ks|Kh/As:0|0:DeepStack|TCC_AI
STATE:681:cr300c/cr900f:Kh|Ah/Qs:-300|300:TCC_AI|DeepStack
STATE:682:cc/cr200f:Kh|Qh/Qs:-100|100:DeepStack|TCC_AI
STATE:683:r600f:Ah|Qh:100|-100:TCC_AI|DeepStack
STATE:684:cr300f:Ks|As:-100|100:DeepStack|TCC_AI
STATE:685:cc/r500f:Ks|Qh/As:100|-100:TCC_AI|DeepStack
STATE:686:cc/cr300f:Qs|Ks/Kh:-100|100:DeepStack|TCC_AI
STATE:687:r600f:As|Qh:100|-100:TCC_AI|DeepStack
STATE:688:cc/cc:Qh|Kh/Qs:100|-100:DeepStack|TCC_AI
STATE:689:r500f:Ah|Qs:100|-100:TCC_AI|DeepStack
STATE:690:cc/cc:Qh|Qs/Ah:0|0:DeepStack|TCC_AI
STATE:691:cr300c/cr1200f:Qs|Ah/As:-300|300:TCC_AI|DeepStack
STATE:692:cc/r300f:Ks|Qs/As:100|-100:DeepStack|TCC_AI
STATE:693:cc/r300f:As|Kh/Ah:100|-100:TCC_AI|DeepStack
STATE:694:r1200f:As|Ks:100|-100:DeepStack|TCC_AI
STATE:695:cr300f:Qh|Ah:-100|100:TCC_AI|DeepStack
STATE:696:cc/cc:Ks|Kh/Ah:0|0:DeepStack|TCC_AI
STATE:697:cr300f:Kh|Ks:-100|100:TCC_AI|DeepStack
STATE:698:cc/cc:Kh|Qs/As:100|-100:DeepStack|TCC_AI
STATE:699:r600f:As|Ks:100|-100:TCC_AI|DeepStack
STATE:700:cc/cc:Qh|Kh/Ah:-100|100:DeepStack|TCC_AI
STATE:701:cc/cc:Qs|Qh/Ah:0|0:TCC_AI|DeepStack
STATE:702:cr400f:Qs|As:-100|100:DeepStack|TCC_AI
STATE:703:cc/cc:Ah|Kh/Qs:100|-100:TCC_AI|DeepStack
STATE:704:r1200f:Ah|Qs:100|-100:DeepStack|TCC_AI
STATE:705:cc/cr300f:Ah|Kh/Ks:-100|100:TCC_AI|DeepStack
STATE:706:cr300f:Kh|Ks:-100|100:DeepStack|TCC_AI
STATE:707:cc/cc:Ah|Qh/Ks:100|-100:TCC_AI|DeepStack
STATE:708:r1200f:Ah|Qh:100|-100:DeepStack|TCC_AI
STATE:709:cr300f:Qh|Ks:-100|100:TCC_AI|DeepStack
STATE:710:cr400c/r1200f:Qh|Ah/Qs:400|-400:DeepStack|TCC_AI
STATE:711:cr300f:Qh|As:-100|100:TCC_AI|DeepStack
STATE:712:r1200f:As|Qh:100|-100:DeepStack|TCC_AI
STATE:713:cr300f:Qs|As:-100|100:TCC_AI|DeepStack
STATE:714:cr300f:Ks|As:-100|100:DeepStack|TCC_AI
STATE:715:r800f:Ah|Qs:100|-100:TCC_AI|DeepStack
STATE:716:cr300f:Qs|As:-100|100:DeepStack|TCC_AI
STATE:717:cr300f:Ks|Ah:-100|100:TCC_AI|DeepStack
STATE:718:r1200f:Ah|Kh:100|-100:DeepStack|TCC_AI
STATE:719:cc/cr300f:Qs|Qh/Ks:-100|100:TCC_AI|DeepStack
STATE:720:cc/cc:Ah|Qs/Kh:100|-100:DeepStack|TCC_AI
STATE:721:cc/cr300f:Kh|Ks/Qs:-100|100:TCC_AI|DeepStack
STATE:722:cr300f:Kh|Ah:-100|100:DeepStack|TCC_AI
STATE:723:cc/r500f:Ah|Qs/As:100|-100:TCC_AI|DeepStack
STATE:724:r300f:Kh|Ks:100|-100:DeepStack|TCC_AI
STATE:725:cc/cc:As|Ks/Qh:100|-100:TCC_AI|DeepStack
STATE:726:cr300f:Qh|Ah:-100|100:DeepStack|TCC_AI
STATE:727:r800c/r900r1200c:As|Ah/Kh:0|0:TCC_AI|DeepStack
STATE:728:cc/cr200f:Qh|Kh/Ks:-100|100:DeepStack|TCC_AI
STATE:729:cr300r800r1200c/:As|Ah/Qs:0|0:TCC_AI|DeepStack
STATE:730:cc/cc:Ah|Kh/Qs:100|-100:DeepStack|TCC_AI
STATE:731:cr300f:Kh|Ks:-100|100:TCC_AI|DeepStack
STATE:732:r1200f:As|Qh:100|-100:DeepStack|TCC_AI
STATE:733:cc/cc:Kh|Ks/Qs:0|0:TCC_AI|DeepStack
STATE:734:r1200f:As|Qh:100|-100:DeepStack|TCC_AI
STATE:735:cc/r600f:Qs|Ks/As:100|-100:TCC_AI|DeepStack
STATE:736:r1200f:As|Ks:100|-100:DeepStack|TCC_AI
STATE:737:cc/r600f:Kh|Qs/Ah:100|-100:TCC_AI|DeepStack
STATE:738:cc/cr800f:Qh|Kh/Ah:-100|100:DeepStack|TCC_AI
STATE:739:cr300f:Qh|Kh:-100|100:TCC_AI|DeepStack
STATE:740:r1200c/:Ah|As/Kh:0|0:DeepStack|TCC_AI
STATE:741:cc/cc:Qh|Kh/As:-100|100:TCC_AI|DeepStack
STATE:742:cr300f:Qh|Ah:-100|100:DeepStack|TCC_AI
STATE:743:cr300f:Kh|Ks:-100|100:TCC_AI|DeepStack
STATE:744:cc/cr200f:Kh|Qs/Qh:-100|100:DeepStack|TCC_AI
STATE:745:cr300f:Qh|As:-100|100:TCC_AI|DeepStack
STATE:746:r1200f:Ah|Qs:100|-100:DeepStack|TCC_AI
STATE:747:cr1200f:Qh|As:-100|100:TCC_AI|DeepStack
STATE:748:cr300c/r900f:Ah|As/Qs:300|-300:DeepStack|TCC_AI
STATE:749:cc/cr300c:Ah|Qh/Kh:300|-300:TCC_AI|DeepStack
STATE:750:cr300f:Qh|Kh:-100|100:DeepStack|TCC_AI
STATE:751:r800r1200c/:As|Ah/Qs:0|0:TCC_AI|DeepStack
STATE:752:cc/cc:Ks|Kh/Ah:0|0:DeepStack|TCC_AI
STATE:753:cc/cr300f:Kh|Qh/Qs:-100|100:TCC_AI|DeepStack
STATE:754:cr500f:Ks|Qs:-100|100:DeepStack|TCC_AI
STATE:755:cr1200f:Ks|Ah:-100|100:TCC_AI|DeepStack
STATE:756:r1200c/:Ah|As/Kh:0|0:DeepStack|TCC_AI
STATE:757:cc/cr300f:Ks|Kh/Qh:-100|100:TCC_AI|DeepStack
STATE:758:cr300f:Qh|Ah:-100|100:DeepStack|TCC_AI
STATE:759:cr1200f:Qh|As:-100|100:TCC_AI|DeepStack
STATE:760:cr200c/r600f:Qs|Ah/Ks:200|-200:DeepStack|TCC_AI
STATE:761:cc/r600f:Ks|Qs/Ah:100|-100:TCC_AI|DeepStack
STATE:762:cr300f:Qh|Ks:-100|100:DeepStack|TCC_AI
STATE:763:cr1200f:Qs|As:-100|100:TCC_AI|DeepStack
STATE:764:r1200c/:Ah|As/Ks:0|0:DeepStack|TCC_AI
STATE:765:r800f:As|Kh:100|-100:TCC_AI|DeepStack
STATE:766:cc/cc:As|Qh/Ah:100|-100:DeepStack|TCC_AI
STATE:767:cc/cc:Qs|Ks/Ah:-100|100:TCC_AI|DeepStack
STATE:768:cr200c/cc:Qh|Kh/Ah:-200|200:DeepStack|TCC_AI
STATE:769:cc/cr300c:Ah|Qs/Qh:-300|300:TCC_AI|DeepStack
STATE:770:cc/cc:Qs|As/Ks:-100|100:DeepStack|TCC_AI
STATE:771:cc/cr1200f:Qh|Ah/As:-100|100:TCC_AI|DeepStack
STATE:772:cc/cc:As|Kh/Qh:100|-100:DeepStack|TCC_AI
STATE:773:r600f:Ah|Kh:100|-100:TCC_AI|DeepStack
STATE:774:r1200f:As|Kh:100|-100:DeepStack|TCC_AI
STATE:775:cc/cc:Ks|As/Qs:-100|100:TCC_AI|DeepStack
STATE:776:cr300f:Ks|As:-100|100:DeepStack|TCC_AI
STATE:777:cc/cr300f:Kh|Qs/Qh:-100|100:TCC_AI|DeepStack
STATE:778:r1200f:As|Qh:100|-100:DeepStack|TCC_AI
STATE:779:cc/cc:Ks|Qh/Ah:100|-100:TCC_AI|DeepStack
STATE:780:cr200c/cc:Kh|Ks/Ah:0|0:DeepStack|TCC_AI
STATE:781:cr300r800f:Ah|Qh:300|-300:TCC_AI|DeepStack
STATE:782:cc/cc:Qh|Qs/Ah:0|0:DeepStack|TCC_AI
STATE:783:cc/r400f:Ks|Kh/As:100|-100:TCC_AI|DeepStack
STATE:784:cr700f:Kh|As:-100|100:DeepStack|TCC_AI
STATE:785:cc/cr300f:Ks|Qs/Qh:-100|100:TCC_AI|DeepStack
STATE:786:cc/cr300f:Ks|Qs/Qh:-100|100:DeepStack|TCC_AI
STATE:787:r600f:As|Qh:100|-100:TCC_AI|DeepStack
STATE:788:cr300f:Qh|Ks:-100|100:DeepStack|TCC_AI
STATE:789:cc/cc:Qs|Kh/As:-100|100:TCC_AI|DeepStack
STATE:790:cc/cc:Qs|Ks/Qh:100|-100:DeepStack|TCC_AI
STATE:791:cc/cc:Qs|Kh/Ah:-100|100:TCC_AI|DeepStack
STATE:792:cc/cc:Ks|As/Qh:-100|100:DeepStack|TCC_AI
STATE:793:cc/cc:Ah|As/Qs:0|0:TCC_AI|DeepStack
STATE:794:cr300f:Qs|Ah:-100|100:DeepStack|TCC_AI
STATE:795:cc/r1200f:Qh|Qs/Ah:100|-100:TCC_AI|DeepStack
STATE:796:cc/cr200f:Ks|Kh/Qs:-100|100:DeepStack|TCC_AI
STATE:797:cc/cc:Ks|Qh/Ah:100|-100:TCC_AI|DeepStack
STATE:798:cr300f:Ks|As:-100|100:DeepStack|TCC_AI
STATE:799:cc/cc:Qs|Kh/Ah:-100|100:TCC_AI|DeepStack
STATE:800:cr300f:Qh|Ah:-100|100:DeepStack|TCC_AI
STATE:801:cr300c/r1100r1200f:Qh|Kh/Ks:-1100|1100:TCC_AI|DeepStack
STATE:802:r1200f:As|Qs:100|-100:DeepStack|TCC_AI
STATE:803:cr300r1200f:Ah|Qh:300|-300:TCC_AI|DeepStack
STATE:804:cc/r300f:Ah|Qh/As:100|-100:DeepStack|TCC_AI
STATE:805:cr1200f:Qs|Ah:-100|100:TCC_AI|DeepStack
STATE:806:cr300f:Qs|As:-100|100:DeepStack|TCC_AI
STATE:807:cc/cr300f:As|Qh/Qs:-100|100:TCC_AI|DeepStack
STATE:808:cr300r1200c/:As|Ah/Qh:0|0:DeepStack|TCC_AI
STATE:809:cr1200f:Qs|As:-100|100:TCC_AI|DeepStack
STATE:810:cc/r300f:Ks|Kh/Ah:100|-100:DeepStack|TCC_AI
STATE:811:cc/cr300f:Ks|Kh/Qs:-100|100:TCC_AI|DeepStack
STATE:812:cc/cc:Qh|Kh/Qs:100|-100:DeepStack|TCC_AI
STATE:813:cc/cc:Qs|Ks/As:-100|100:TCC_AI|DeepStack
STATE:814:cc/cc:Kh|Ks/Qh:0|0:DeepStack|TCC_AI
STATE:815:cr300r900f:As|Qh:300|-300:TCC_AI|DeepStack
STATE:816:cr200c/cr1100f:Qs|Ah/As:-200|200:DeepStack|TCC_AI
STATE:817:cc/r300f:Ks|Qh/As:100|-100:TCC_AI|DeepStack
STATE:818:r1200f:Ah|Ks:100|-100:DeepStack|TCC_AI
STATE:819:cc/r400f:Kh|Qh/As:100|-100:TCC_AI|DeepStack
STATE:820:cr300f:Qh|As:-100|100:DeepStack|TCC_AI
STATE:821:cc/r300f:Kh|Qs/As:100|-100:TCC_AI|DeepStack
STATE:822:cc/cc:Qh|Kh/Qs:100|-100:DeepStack|TCC_AI
STATE:823:cc/cc:Qs|Kh/Ah:-100|100:TCC_AI|DeepStack
STATE:824:cr300c/cr900c:Kh|Ah/As:-900|900:DeepStack|TCC_AI
STATE:825:cr300r800c/r900r1200c:As|Ah/Kh:0|0:TCC_AI|DeepStack
STATE:826:r300c/cc:Qs|Qh/Ks:0|0:DeepStack|TCC_AI
STATE:827:cc/cr300f:Qh|Kh/Ks:-100|100:TCC_AI|DeepStack
STATE:828:cc/cr400c:Ks|Kh/Ah:0|0:DeepStack|TCC_AI
STATE:829:cc/r700f:Ah|Kh/As:100|-100:TCC_AI|DeepStack
STATE:830:cr300c/cc:Ks|Ah/Qs:-300|300:DeepStack|TCC_AI
STATE:831:cr300f:Qh|Ah:-100|100:TCC_AI|DeepStack
STATE:832:cr300c/cc:Ks|Ah/Qs:-300|300:DeepStack|TCC_AI
STATE:833:cc/cc:Kh|Ah/Ks:100|-100:TCC_AI|DeepStack
STATE:834:r300r800c/cc:Kh|As/Qs:-800|800:DeepStack|TCC_AI
STATE:835:cr300f:Qh|As:-100|100:TCC_AI|DeepStack
STATE:836:cc/cr500f:Qs|Ah/As:-100|100:DeepStack|TCC_AI
STATE:837:cc/cr300f:Ah|Kh/Qs:-100|100:TCC_AI|DeepStack
STATE:838:r1200c/:Ah|As/Qh:0|0:DeepStack|TCC_AI
STATE:839:cr300f:Qs|As:-100|100:TCC_AI|DeepStack
STATE:840:cr300f:Ks|Ah:-100|100:DeepStack|TCC_AI
STATE:841:cc/cr300f:Qh|Kh/Ks:-100|100:TCC_AI|DeepStack
STATE:842:cr300f:Qs|Ah:-100|100:DeepStack|TCC_AI
STATE:843:cc/cc:Qh|Ah/Kh:-100|100:TCC_AI|DeepStack
STATE:844:cr300c/r1200c:Kh|Qs/Qh:-1200|1200:DeepStack|TCC_AI
STATE:845:cc/r400f:Kh|Qh/As:100|-100:TCC_AI|DeepStack
STATE:846:cc/cr1100f:Qs|As/Ah:-100|100:DeepStack|TCC_AI
STATE:847:cr300c/cr1200f:Kh|Qh/Ah:-300|300:TCC_AI|DeepStack
STATE:848:r1200f:Ah|Kh:100|-100:DeepStack|TCC_AI
STATE:849:cc/cr300f:Kh|Qs/Qh:-100|100:TCC_AI|DeepStack
STATE:850:cc/cc:Qs|Qh/Ah:0|0:DeepStack|TCC_AI
STATE:851:r600f:As|Ks:100|-100:TCC_AI|DeepStack
STATE:852:cc/cc:Qs|Qh/Kh:0|0:DeepStack|TCC_AI
STATE:853:cr300c/cc:Ks|As/Qh:-300|300:TCC_AI|DeepStack
STATE:854:cr300f:Ks|As:-100|100:DeepStack|TCC_AI
STATE:855:cr1200f:Qs|As:-100|100:TCC_AI|DeepStack
STATE:856:cr200c/cc:Qs|Kh/Ah:-200|200:DeepStack|TCC_AI
STATE:857:cr300r800c/r1000c:Ah|As/Qs:0|0:TCC_AI|DeepStack
STATE:858:cr400c/r1200c:Kh|As/Ks:1200|-1200:DeepStack|TCC_AI
STATE:859:cr300f:Qh|Ks:-100|100:TCC_AI|DeepStack
STATE:860:r1200c/:Ah|As/Kh:0|0:DeepStack|TCC_AI
STATE:861:cc/r200f:Ks|Qs/Ah:100|-100:TCC_AI|DeepStack
STATE:862:cc/cr200f:Kh|Qs/Qh:-100|100:DeepStack|TCC_AI
STATE:863:cc/cc:Qs|Ks/As:-100|100:TCC_AI|DeepStack
STATE:864:cc/cc:Ks|Qh/Kh:100|-100:DeepStack|TCC_AI
STATE:865:r600r1200c/:As|Ah/Ks:0|0:TCC_AI|DeepStack
STATE:866:cc/cc:Qh|Ks/As:-100|100:DeepStack|TCC_AI
STATE:867:cr300c/cr1200f:Kh|Qs/Ah:-300|300:TCC_AI|DeepStack
STATE:868:cr300c/r900c:Ks|As/Kh:900|-900:DeepStack|TCC_AI
STATE:869:cr1200c/:Ah|As/Kh:0|0:TCC_AI|DeepStack
STATE:870:cc/r300f:As|Kh/Ah:100|-100:DeepStack|TCC_AI
STATE:871:cc/cc:Qs|Qh/Kh:0|0:TCC_AI|DeepStack
STATE:872:cr300c/cc:Ks|As/Qh:-300|300:DeepStack|TCC_AI
STATE:873:cr1200f:Qh|Ah:-100|100:TCC_AI|DeepStack
STATE:874:cr300c/cr1100f:Kh|Ah/Qs:-300|300:DeepStack|TCC_AI
STATE:875:cr1200c/:Ah|As/Kh:0|0:TCC_AI|DeepStack
STATE:876:cr300r1200c/:Ah|As/Qs:0|0:DeepStack|TCC_AI
STATE:877:cc/cc:Qh|Qs/Ah:0|0:TCC_AI|DeepStack
STATE:878:cr300c/cr1000f:Qs|Kh/As:-300|300:DeepStack|TCC_AI
STATE:879:cr300f:Qh|As:-100|100:TCC_AI|DeepStack
STATE:880:cc/cc:Qs|Qh/As:0|0:DeepStack|TCC_AI
STATE:881:cc/cc:Qs|Qh/As:0|0:TCC_AI|DeepStack
STATE:882:r1200f:As|Ks:100|-100:DeepStack|TCC_AI
STATE:883:cr300f:Kh|As:-100|100:TCC_AI|DeepStack
STATE:884:cc/cc:Qs|Kh/As:-100|100:DeepStack|TCC_AI
STATE:885:cc/cc:Ah|Qs/Ks:100|-100:TCC_AI|DeepStack
STATE:886:r1200f:Ah|Qh:100|-100:DeepStack|TCC_AI
STATE:887:r800f:As|Qs:100|-100:TCC_AI|DeepStack
STATE:888:cc/cr500f:Qh|Ks/As:-100|100:DeepStack|TCC_AI
STATE:889:cr300f:Qh|Ah:-100|100:TCC_AI|DeepStack
STATE:890:cc/r300f:Kh|Qh/Ah:100|-100:DeepStack|TCC_AI
STATE:891:cr1200f:Ks|As:-100|100:TCC_AI|DeepStack
STATE:892:cc/cr200f:Ks|Qh/Qs:-100|100:DeepStack|TCC_AI
STATE:893:cc/cc:Qs|Qh/Ah:0|0:TCC_AI|DeepStack
STATE:894:cr300c/cr400c:Kh|Ah/Qs:-400|400:DeepStack|TCC_AI
STATE:895:cr300f:Kh|As:-100|100:TCC_AI|DeepStack
STATE:896:cr300f:Kh|Ah:-100|100:DeepStack|TCC_AI
STATE:897:cc/cc:Kh|Qs/Ah:100|-100:TCC_AI|DeepStack
STATE:898:cr300f:Qh|Ks:-100|100:DeepStack|TCC_AI
STATE:899:cc/cc:Ks|Qh/Ah:100|-100:TCC_AI|DeepStack
STATE:900:cr300f:Qs|Qh:-100|100:DeepStack|TCC_AI
STATE:901:cc/cc:Ks|Ah/Qs:-100|100:TCC_AI|DeepStack
STATE:902:cr300f:Kh|Ah:-100|100:DeepStack|TCC_AI
STATE:903:cc/cr300c:Ah|Qh/Qs:-300|300:TCC_AI|DeepStack
STATE:904:cr400f:Ks|Ah:-100|100:DeepStack|TCC_AI
STATE:905:cc/r400f:Kh|Qs/As:100|-100:TCC_AI|DeepStack
STATE:906:cr300r1200c/:Ah|As/Kh:0|0:DeepStack|TCC_AI
STATE:907:cr300f:Kh|As:-100|100:TCC_AI|DeepStack
STATE:908:cc/cc:Ks|Kh/Qh:0|0:DeepStack|TCC_AI
STATE:909:cc/cc:Qs|Qh/As:0|0:TCC_AI|DeepStack
STATE:910:cc/r1200f:Qs|Ks/Ah:100|-100:DeepStack|TCC_AI
STATE:911:cr300f:Qs|Kh:-100|100:TCC_AI|DeepStack
STATE:912:r1200f:Ah|Qs:100|-100:DeepStack|TCC_AI
STATE:913:cr300c/cc:Qh|Ah/Ks:-300|300:TCC_AI|DeepStack
STATE:914:cc/r300c:Kh|Ks/Ah:0|0:DeepStack|TCC_AI
STATE:915:r800f:As|Qs:100|-100:TCC_AI|DeepStack
STATE:916:cr300f:Kh|Ah:-100|100:DeepStack|TCC_AI
STATE:917:cr300c/r1100f:Ks|Qh/Kh:300|-300:TCC_AI|DeepStack
STATE:918:cr300r1200c/:As|Ah/Qs:0|0:DeepStack|TCC_AI
STATE:919:cc/cc:Qh|Ks/Ah:-100|100:TCC_AI|DeepStack
STATE:920:r1200f:As|Ks:100|-100:DeepStack|TCC_AI
STATE:921:r600r1200c/:As|Ah/Kh:0|0:TCC_AI|DeepStack
STATE:922:r1200f:Ah|Qs:100|-100:DeepStack|TCC_AI
STATE:923:cc/cr300f:Qh|Kh/Ks:-100|100:TCC_AI|DeepStack
STATE:924:cc/cr500f:Qs|Kh/Ah:-100|100:DeepStack|TCC_AI
STATE:925:cc/cc:Ah|Ks/Qh:100|-100:TCC_AI|DeepStack
STATE:926:cr300c/cr1100f:Ks|Qh/As:-300|300:DeepStack|TCC_AI
STATE:927:cc/cr300r900f:Qh|Ks/Qs:300|-300:TCC_AI|DeepStack
STATE:928:cr300c/cr400c:Qs|Ah/Ks:-400|400:DeepStack|TCC_AI
STATE:929:r800r1200c/:Ah|As/Kh:0|0:TCC_AI|DeepStack
STATE:930:cr300f:Qh|Ah:-100|100:DeepStack|TCC_AI
STATE:931:cr300f:Ks|Ah:-100|100:TCC_AI|DeepStack
STATE:932:cr300f:Qs|As:-100|100:DeepStack|TCC_AI
STATE:933:r800f:Ah|Kh:100|-100:TCC_AI|DeepStack
STATE:934:cc/r300f:Ks|Qh/Ah:100|-100:DeepStack|TCC_AI
STATE:935:r600f:Ah|Qs:100|-100:TCC_AI|DeepStack
STATE:936:r1200c/:Ah|As/Qs:0|0:DeepStack|TCC_AI
STATE:937:cr300r800c/cc:As|Ah/Qh:0|0:TCC_AI|DeepStack
STATE:938:cr300f:Kh|Ah:-100|100:DeepStack|TCC_AI
STATE:939:cr300f:Ks|As:-100|100:TCC_AI|DeepStack
STATE:940:cc/cc:Qh|Qs/Ks:0|0:DeepStack|TCC_AI
STATE:941:r400c/cr1200c:Ah|Ks/Kh:-1200|1200:TCC_AI|DeepStack
STATE:942:cc/cc:Ks|Kh/Ah:0|0:DeepStack|TCC_AI
STATE:943:cc/cc:Qs|Qh/Ah:0|0:TCC_AI|DeepStack
STATE:944:cc/r1200c:Qh|Kh/As:-1200|1200:DeepStack|TCC_AI
STATE:945:cc/r300f:Kh|Qs/Ah:100|-100:TCC_AI|DeepStack
STATE:946:cc/cc:Qh|As/Kh:-100|100:DeepStack|TCC_AI
STATE:947:cc/cr300f:As|Qh/Qs:-100|100:TCC_AI|DeepStack
STATE:948:cc/cc:Qs|Qh/Ks:0|0:DeepStack|TCC_AI
STATE:949:cc/cc:Qh|Kh/Ah:-100|100:TCC_AI|DeepStack
STATE:950:cc/cr400f:Qs|Ks/Ah:-100|100:DeepStack|TCC_AI
STATE:951:r600f:Ah|Kh:100|-100:TCC_AI|DeepStack
STATE:952:cc/cc:Ah|As/Qs:0|0:DeepStack|TCC_AI
STATE:953:cc/cr300r1000f:Qh|Ks/Qs:300|-300:TCC_AI|DeepStack
STATE:954:cc/cr300f:As|Ks/Kh:-100|100:DeepStack|TCC_AI
STATE:955:cc/cr300f:Qh|Kh/Ks:-100|100:TCC_AI|DeepStack
STATE:956:cc/cc:As|Ah/Kh:0|0:DeepStack|TCC_AI
STATE:957:cr300c/cr1200f:Kh|Ah/As:-300|300:TCC_AI|DeepStack
STATE:958:cr300f:Qh|Qs:-100|100:DeepStack|TCC_AI
STATE:959:cc/cc:Ah|Kh/Qh:100|-100:TCC_AI|DeepStack
STATE:960:cr300c/r1200f:Qh|Ah/Qs:300|-300:DeepStack|TCC_AI
STATE:961:cc/cc:Kh|Qs/Ks:100|-100:TCC_AI|DeepStack
STATE:962:cr300f:Qs|As:-100|100:DeepStack|TCC_AI
STATE:963:cr300f:Kh|Qh:-100|100:TCC_AI|DeepStack
STATE:964:cr300r1200c/:Ah|As/Qs:0|0:DeepStack|TCC_AI
STATE:965:cr300f:Qs|As:-100|100:TCC_AI|DeepStack
STATE:966:cc/cr200f:Qs|Ks/Kh:-100|100:DeepStack|TCC_AI
STATE:967:cc/cc:As|Qh/Kh:100|-100:TCC_AI|DeepStack
STATE:968:cr300f:Qs|Ah:-100|100:DeepStack|TCC_AI
STATE:969:cc/cc:Qs|Kh/Qh:100|-100:TCC_AI|DeepStack
STATE:970:cc/cc:Ah|Qh/Kh:100|-100:DeepStack|TCC_AI
STATE:971:cr300f:Qh|Ah:-100|100:TCC_AI|DeepStack
STATE:972:r300r1000f:Ks|Ah:-300|300:DeepStack|TCC_AI
STATE:973:cr1200f:Kh|As:-100|100:TCC_AI|DeepStack
STATE:974:cr200c/cc:Qh|As/Ks:-200|200:DeepStack|TCC_AI
STATE:975:cc/cc:Qs|Ks/As:-100|100:TCC_AI|DeepStack
STATE:976:r300c/r900c:Ah|Kh/As:900|-900:DeepStack|TCC_AI
STATE:977:r300c/cr900f:Ah|Ks/Kh:-300|300:TCC_AI|DeepStack
STATE:978:r1200f:As|Qh:100|-100:DeepStack|TCC_AI
STATE:979:cr300f:Qs|Kh:-100|100:TCC_AI|DeepStack
STATE:980:r300f:Ks|Qs:100|-100:DeepStack|TCC_AI
STATE:981:cc/cr300f:Kh|Ks/Qh:-100|100:TCC_AI|DeepStack
STATE:982:cc/r300f:Ks|Kh/Ah:100|-100:DeepStack|TCC_AI
STATE:983:cr300f:Kh|Ks:-100|100:TCC_AI|DeepStack
STATE:984:r300f:Ah|Ks:100|-100:DeepStack|TCC_AI
STATE:985:cr300f:Ks|Ah:-100|100:TCC_AI|DeepStack
STATE:986:cc/r300f:Kh|Ks/Ah:100|-100:DeepStack|TCC_AI
STATE:987:cc/cr300r900f:Qh|Kh/Qs:300|-300:TCC_AI|DeepStack
STATE:988:cr300r1200f:Ah|Ks:300|-300:DeepStack|TCC_AI
STATE:989:cr300r1000c/r1200c:As|Ah/Qs:0|0:TCC_AI|DeepStack
STATE:990:cc/cc:Qs|Kh/Qh:100|-100:DeepStack|TCC_AI
STATE:991:cc/cc:Ks|Kh/Qs:0|0:TCC_AI|DeepStack
STATE:992:r1200c/:Ah|As/Ks:0|0:DeepStack|TCC_AI
STATE:993:cr1200f:Qs|As:-100|100:TCC_AI|DeepStack
STATE:994:r1200f:Ah|Ks:100|-100:DeepStack|TCC_AI
STATE:995:cr300r800c/cr1200c:As|Ah/Kh:0|0:TCC_AI|DeepStack
STATE:996:cc/r300f:Ks|Qs/Ah:100|-100:DeepStack|TCC_AI
STATE:997:cc/r600f:Kh|Qh/Ah:100|-100:TCC_AI|DeepStack
STATE:998:cc/cc:Kh|Qh/As:100|-100:DeepStack|TCC_AI
STATE:999:cr300f:Qs|Ah:-100|100:TCC_AI|DeepStack
SCORE:4200|-4200:DeepStack|TCC_AI
