# name/game/hands/seed c2_cfr20kk_1kgames leduc.game 1000 22
#--t_response 600000
#--t_hand 600000
#--t_per_hand 7000
STATE:0:cc/cc:As|Kh/Qh:100|-100:DeepStack|TCC_AI
STATE:1:cr300f:Qh|Ah:-100|100:TCC_AI|DeepStack
STATE:2:cc/cc:Ah|Kh/Qh:100|-100:DeepStack|TCC_AI
STATE:3:cc/cc:Qh|Kh/As:-100|100:TCC_AI|DeepStack
STATE:4:r1200c/:As|Ah/Ks:0|0:DeepStack|TCC_AI
STATE:5:cc/cc:Qh|Ks/As:-100|100:TCC_AI|DeepStack
STATE:6:cr300r1200f:Ah|Kh:300|-300:DeepStack|TCC_AI
STATE:7:cr300f:Ks|As:-100|100:TCC_AI|DeepStack
STATE:8:cr300f:Ks|As:-100|100:DeepStack|TCC_AI
STATE:9:cc/cr300r900f:Qs|Ks/Qh:300|-300:TCC_AI|DeepStack
STATE:10:cc/cc:Qh|Kh/Ah:-100|100:DeepStack|TCC_AI
STATE:11:cc/cr300f:Qs|Qh/Kh:-100|100:TCC_AI|DeepStack
STATE:12:cr200c/cr1200f:Qs|As/Ah:-200|200:DeepStack|TCC_AI
STATE:13:cr300f:Qs|Ah:-100|100:TCC_AI|DeepStack
STATE:14:cr300f:Qs|Kh:-100|100:DeepStack|TCC_AI
STATE:15:cr300f:Ks|As:-100|100:TCC_AI|DeepStack
STATE:16:cr500f:Kh|Ah:-100|100:DeepStack|TCC_AI
STATE:17:r500c/r600f:Ah|Qh/Ks:500|-500:TCC_AI|DeepStack
STATE:18:cr300f:Kh|Ks:-100|100:DeepStack|TCC_AI
STATE:19:r500r1200c/:As|Ah/Qs:0|0:TCC_AI|DeepStack
STATE:20:cr200c/cc:Qs|Ah/Ks:-200|200:DeepStack|TCC_AI
STATE:21:r800f:As|Qh:100|-100:TCC_AI|DeepStack
STATE:22:r1200f:As|Kh:100|-100:DeepStack|TCC_AI
STATE:23:cc/cr300f:Qs|Ks/Kh:-100|100:TCC_AI|DeepStack
STATE:24:cr300f:Qh|As:-100|100:DeepStack|TCC_AI
STATE:25:cc/cc:Qs|Qh/Kh:0|0:TCC_AI|DeepStack
STATE:26:r1200f:Ah|Kh:100|-100:DeepStack|TCC_AI
STATE:27:cc/cc:Qh|Ah/Kh:-100|100:TCC_AI|DeepStack
STATE:28:cc/r300c:Ks|Kh/Ah:0|0:DeepStack|TCC_AI
STATE:29:cc/cc:Kh|Ks/Ah:0|0:TCC_AI|DeepStack
STATE:30:cc/cc:Qs|Ks/Qh:100|-100:DeepStack|TCC_AI
STATE:31:cc/cc:Ks|Qs/Kh:100|-100:TCC_AI|DeepStack
STATE:32:cr300f:Kh|Ah:-100|100:DeepStack|TCC_AI
STATE:33:cr1200c/:Ah|As/Kh:0|0:TCC_AI|DeepStack
STATE:34:cc/cc:Qs|Qh/Ks:0|0:DeepStack|TCC_AI
STATE:35:cc/cc:Qs|Qh/Ah:0|0:TCC_AI|DeepStack
STATE:36:cr300f:Qh|Kh:-100|100:DeepStack|TCC_AI
STATE:37:cr300f:Qh|Kh:-100|100:TCC_AI|DeepStack
STATE:38:cc/r1200f:Ah|Kh/As:100|-100:DeepStack|TCC_AI
STATE:39:r200c/r700r1200f:Ks|Ah/As:-700|700:TCC_AI|DeepStack
STATE:40:cc/r300f:Ks|Qs/Ah:100|-100:DeepStack|TCC_AI
STATE:41:r300c/cr900f:Kh|As/Ah:-300|300:TCC_AI|DeepStack
STATE:42:cc/cr200f:Qs|Qh/Ks:-100|100:DeepStack|TCC_AI
STATE:43:cc/cr300f:As|Ks/Kh:-100|100:TCC_AI|DeepStack
STATE:44:cc/cc:Kh|Qh/As:100|-100:DeepStack|TCC_AI
STATE:45:cr300f:Ks|Ah:-100|100:TCC_AI|DeepStack
STATE:46:cr300f:Qh|Ah:-100|100:DeepStack|TCC_AI
STATE:47:cr300f:Kh|Qh:-100|100:TCC_AI|DeepStack
STATE:48:cc/cc:As|Qh/Ks:100|-100:DeepStack|TCC_AI
STATE:49:cr300c/cc:Kh|As/Qs:-300|300:TCC_AI|DeepStack
STATE:50:cc/cc:Qh|Qs/As:0|0:DeepStack|TCC_AI
STATE:51:r800r1200c/:Ah|As/Kh:0|0:TCC_AI|DeepStack
STATE:52:cc/cc:Qh|Qs/Ah:0|0:DeepStack|TCC_AI
STATE:53:cr1200f:Qh|As:-100|100:TCC_AI|DeepStack
STATE:54:cr300f:Ks|Kh:-100|100:DeepStack|TCC_AI
STATE:55:cr1200f:Qs|As:-100|100:TCC_AI|DeepStack
STATE:56:cr500c/cc:Ks|As/Qh:-500|500:DeepStack|TCC_AI
STATE:57:cc/cc:Kh|Ks/Qs:0|0:TCC_AI|DeepStack
STATE:58:cr300c/cc:As|Ah/Kh:0|0:DeepStack|TCC_AI
STATE:59:cc/cc:Qh|Qs/Ks:0|0:TCC_AI|DeepStack
STATE:60:cc/cr200f:Ks|Qh/Qs:-100|100:DeepStack|TCC_AI
STATE:61:cr300f:Qs|Ah:-100|100:TCC_AI|DeepStack
STATE:62:cc/cc:Ks|Qs/Kh:100|-100:DeepStack|TCC_AI
STATE:63:cr300c/r1100c:Ks|Ah/Qh:-1100|1100:TCC_AI|DeepStack
STATE:64:cc/cr200f:Qh|Kh/Ks:-100|100:DeepStack|TCC_AI
STATE:65:cc/cc:Kh|As/Qs:-100|100:TCC_AI|DeepStack
STATE:66:cc/r300f:Kh|Qs/Ah:100|-100:DeepStack|TCC_AI
STATE:67:cr300c/cr900f:Ks|Ah/Qh:-300|300:TCC_AI|DeepStack
STATE:68:cc/cc:Qh|Ks/Ah:-100|100:DeepStack|TCC_AI
STATE:69:cr300f:Kh|Qs:-100|100:TCC_AI|DeepStack
STATE:70:cr300f:Ks|As:-100|100:DeepStack|TCC_AI
STATE:71:cc/cc:Qs|Qh/As:0|0:TCC_AI|DeepStack
STATE:72:cc/cc:Qs|Ks/As:-100|100:DeepStack|TCC_AI
STATE:73:cr300f:Ks|Qs:-100|100:TCC_AI|DeepStack
STATE:74:cc/cc:As|Ah/Qs:0|0:DeepStack|TCC_AI
STATE:75:r800c/cr1200c:As|Ah/Qh:0|0:TCC_AI|DeepStack
STATE:76:cr300f:Qh|Qs:-100|100:DeepStack|TCC_AI
STATE:77:cc/cc:Qh|Kh/Ah:-100|100:TCC_AI|DeepStack
STATE:78:cc/r300c:As|Kh/Ah:300|-300:DeepStack|TCC_AI
STATE:79:cc/cc:Kh|Ks/Qs:0|0:TCC_AI|DeepStack
STATE:80:cc/cc:Kh|Ks/Ah:0|0:DeepStack|TCC_AI
STATE:81:r800r1200c/:Ah|As/Kh:0|0:TCC_AI|DeepStack
STATE:82:cc/cc:Qh|Ah/Ks:-100|100:DeepStack|TCC_AI
STATE:83:cc/r700f:Qh|Qs/As:100|-100:TCC_AI|DeepStack
STATE:84:cr300c/cr900f:Qh|As/Ah:-300|300:DeepStack|TCC_AI
STATE:85:r800r1200c/:Ah|As/Qh:0|0:TCC_AI|DeepStack
STATE:86:cc/cc:Qs|Qh/Ah:0|0:DeepStack|TCC_AI
STATE:87:cc/cc:As|Qh/Kh:100|-100:TCC_AI|DeepStack
STATE:88:cc/cr200f:As|Ks/Kh:-100|100:DeepStack|TCC_AI
STATE:89:cr300f:Qs|As:-100|100:TCC_AI|DeepStack
STATE:90:cc/cc:Qh|Ah/Ks:-100|100:DeepStack|TCC_AI
STATE:91:cc/cc:Qs|Qh/Ah:0|0:TCC_AI|DeepStack
STATE:92:cc/cr300f:Qs|Kh/Ks:-100|100:DeepStack|TCC_AI
STATE:93:cr300c/cr1200c:Kh|As/Ah:-1200|1200:TCC_AI|DeepStack
STATE:94:cr300c/cr1100f:Ks|As/Qh:-300|300:DeepStack|TCC_AI
STATE:95:cc/r400f:Kh|Qh/As:100|-100:TCC_AI|DeepStack
STATE:96:cc/cc:Qh|Kh/Ah:-100|100:DeepStack|TCC_AI
STATE:97:r500r1200c/:As|Ah/Kh:0|0:TCC_AI|DeepStack
STATE:98:cr200c/r600c:Qh|Ah/Qs:600|-600:DeepStack|TCC_AI
STATE:99:cc/r800f:As|Qs/Ah:100|-100:TCC_AI|DeepStack
STATE:100:cr300f:Qs|Ah:-100|100:DeepStack|TCC_AI
STATE:101:cc/cc:Ks|Kh/As:0|0:TCC_AI|DeepStack
STATE:102:cc/cr200f:Qh|Qs/As:-100|100:DeepStack|TCC_AI
STATE:103:cc/r500c:Ah|Kh/As:500|-500:TCC_AI|DeepStack
STATE:104:cc/cr200r1200f:Kh|Qs/Ks:200|-200:DeepStack|TCC_AI
STATE:105:cr300c/r1200f:Qs|As/Qh:300|-300:TCC_AI|DeepStack
STATE:106:cc/cr200f:Qh|Ks/Kh:-100|100:DeepStack|TCC_AI
STATE:107:cc/cr300f:Qs|Ks/Kh:-100|100:TCC_AI|DeepStack
STATE:108:cr300f:Kh|Ah:-100|100:DeepStack|TCC_AI
STATE:109:r600f:As|Ks:100|-100:TCC_AI|DeepStack
STATE:110:r300c/r1200f:As|Ks/Ah:300|-300:DeepStack|TCC_AI
STATE:111:cr300f:Ks|Qh:-100|100:TCC_AI|DeepStack
STATE:112:cr300f:Kh|Qs:-100|100:DeepStack|TCC_AI
STATE:113:cc/cc:Ah|Kh/Qs:100|-100:TCC_AI|DeepStack
STATE:114:cr300r900f:As|Qh:300|-300:DeepStack|TCC_AI
STATE:115:cc/cc:Ks|Kh/As:0|0:TCC_AI|DeepStack
STATE:116:cc/cc:Qs|Ks/Qh:100|-100:DeepStack|TCC_AI
STATE:117:r800f:Ah|Qs:100|-100:TCC_AI|DeepStack
STATE:118:r1200f:As|Qs:100|-100:DeepStack|TCC_AI
STATE:119:cc/cr300f:Ah|Qh/Qs:-100|100:TCC_AI|DeepStack
STATE:120:cc/cr300f:As|Qh/Kh:-100|100:DeepStack|TCC_AI
STATE:121:cc/cc:Qs|Qh/Kh:0|0:TCC_AI|DeepStack
STATE:122:cr300r1200c/:Ah|As/Qs:0|0:DeepStack|TCC_AI
STATE:123:cc/r300f:Ks|Qs/Ah:100|-100:TCC_AI|DeepStack
STATE:124:cr200c/cc:Kh|As/Ks:200|-200:DeepStack|TCC_AI
STATE:125:cc/cc:Qs|Kh/Ah:-100|100:TCC_AI|DeepStack
STATE:126:cc/cr200f:Ks|Qh/Qs:-100|100:DeepStack|TCC_AI
STATE:127:r300c/cc:Kh|Qh/Ks:300|-300:TCC_AI|DeepStack
STATE:128:cr300c/r1200c:Kh|As/Ks:1200|-1200:DeepStack|TCC_AI
STATE:129:r600f:Ah|Kh:100|-100:TCC_AI|DeepStack
STATE:130:cc/cr200r1200f:Qs|Kh/Qh:200|-200:DeepStack|TCC_AI
STATE:131:cr300f:Ks|As:-100|100:TCC_AI|DeepStack
STATE:132:cr300c/cr1000c:Ks|Ah/As:-1000|1000:DeepStack|TCC_AI
STATE:133:cr300r1200f:As|Ks:300|-300:TCC_AI|DeepStack
STATE:134:cc/cc:Qh|Kh/Qs:100|-100:DeepStack|TCC_AI
STATE:135:cr300c/r1200f:Ks|Ah/Qh:300|-300:TCC_AI|DeepStack
STATE:136:cr300f:Qh|As:-100|100:DeepStack|TCC_AI
STATE:137:cr1200f:Qh|As:-100|100:TCC_AI|DeepStack
STATE:138:cc/cr200r600f:Qs|Ks/Qh:200|-200:DeepStack|TCC_AI
STATE:139:cc/r400r1200f:Ks|Ah/As:-400|400:TCC_AI|DeepStack
STATE:140:cc/r300f:As|Qs/Ah:100|-100:DeepStack|TCC_AI
STATE:141:cr300r800c/cr1200c:As|Ah/Ks:0|0:TCC_AI|DeepStack
STATE:142:cc/cc:Kh|Ah/Qs:-100|100:DeepStack|TCC_AI
STATE:143:cc/cc:As|Ah/Ks:0|0:TCC_AI|DeepStack
STATE:144:cr200r1200f:As|Kh:200|-200:DeepStack|TCC_AI
STATE:145:r600f:As|Ks:100|-100:TCC_AI|DeepStack
STATE:146:cc/cc:Qs|Kh/As:-100|100:DeepStack|TCC_AI
STATE:147:cr300f:Qs|Ah:-100|100:TCC_AI|DeepStack
STATE:148:r1200f:As|Kh:100|-100:DeepStack|TCC_AI
STATE:149:cr300f:Qs|Ah:-100|100:TCC_AI|DeepStack
STATE:150:cc/cc:Ks|As/Qh:-100|100:DeepStack|TCC_AI
STATE:151:cc/cc:Qh|Qs/Ah:0|0:TCC_AI|DeepStack
STATE:152:cc/cc:Qs|Kh/Ah:-100|100:DeepStack|TCC_AI
STATE:153:cr300c/cc:Kh|Ah/Qh:-300|300:TCC_AI|DeepStack
STATE:154:cr300f:Qh|Ah:-100|100:DeepStack|TCC_AI
STATE:155:r400c/cc:As|Ks/Qs:400|-400:TCC_AI|DeepStack
STATE:156:cc/cr200f:Kh|Qs/Qh:-100|100:DeepStack|TCC_AI
STATE:157:cr300r800f:As|Ks:300|-300:TCC_AI|DeepStack
STATE:158:cc/cc:Qh|Ks/As:-100|100:DeepStack|TCC_AI
STATE:159:cr300f:Qs|Ah:-100|100:TCC_AI|DeepStack
STATE:160:r1200f:Ah|Ks:100|-100:DeepStack|TCC_AI
STATE:161:cr300c/r1100f:Qh|Ah/Qs:300|-300:TCC_AI|DeepStack
STATE:162:cr300c/cr1200f:Qh|Qs/As:-300|300:DeepStack|TCC_AI
STATE:163:cc/r300f:Kh|Qs/As:100|-100:TCC_AI|DeepStack
STATE:164:r1200f:As|Kh:100|-100:DeepStack|TCC_AI
STATE:165:cr300c/cc:Qh|Kh/As:-300|300:TCC_AI|DeepStack
STATE:166:cr300f:Kh|Ah:-100|100:DeepStack|TCC_AI
STATE:167:r800f:As|Ks:100|-100:TCC_AI|DeepStack
STATE:168:cc/cc:Ks|Kh/Qs:0|0:DeepStack|TCC_AI
STATE:169:r500f:As|Qs:100|-100:TCC_AI|DeepStack
STATE:170:cr300f:Qh|As:-100|100:DeepStack|TCC_AI
STATE:171:r200c/cr600c:Ah|Qh/Kh:600|-600:TCC_AI|DeepStack
STATE:172:r1200f:Ah|Qh:100|-100:DeepStack|TCC_AI
STATE:173:cc/cc:Ks|As/Kh:100|-100:TCC_AI|DeepStack
STATE:174:r1200c/:As|Ah/Qs:0|0:DeepStack|TCC_AI
STATE:175:cc/cr1200f:Qh|Ah/As:-100|100:TCC_AI|DeepStack
STATE:176:r1200f:Ah|Kh:100|-100:DeepStack|TCC_AI
STATE:177:cc/cc:Kh|Qh/As:100|-100:TCC_AI|DeepStack
STATE:178:cr300f:Kh|Qs:-100|100:DeepStack|TCC_AI
STATE:179:cr1200f:Qs|As:-100|100:TCC_AI|DeepStack
STATE:180:cr300r1200c/:As|Ah/Qs:0|0:DeepStack|TCC_AI
STATE:181:cc/cr300f:Qs|Qh/Kh:-100|100:TCC_AI|DeepStack
STATE:182:cr200c/cr1000f:Ks|Ah/As:-200|200:DeepStack|TCC_AI
STATE:183:cr300r1200f:As|Qh:300|-300:TCC_AI|DeepStack
STATE:184:cc/cr200f:Qs|Qh/Ks:-100|100:DeepStack|TCC_AI
STATE:185:cc/cc:Qs|Kh/Ah:-100|100:TCC_AI|DeepStack
STATE:186:cr200c/cr300f:Qh|Kh/Ks:-200|200:DeepStack|TCC_AI
STATE:187:cc/cc:Ah|Qs/Kh:100|-100:TCC_AI|DeepStack
STATE:188:cr300r1200c/:As|Ah/Ks:0|0:DeepStack|TCC_AI
STATE:189:cc/cc:Ks|Qh/As:100|-100:TCC_AI|DeepStack
STATE:190:cr300f:Qh|As:-100|100:DeepStack|TCC_AI
STATE:191:cc/cc:Kh|Qs/Ah:100|-100:TCC_AI|DeepStack
STATE:192:cc/cc:Qs|Qh/Kh:0|0:DeepStack|TCC_AI
STATE:193:cc/cc:Ks|Qh/Kh:100|-100:TCC_AI|DeepStack
STATE:194:cc/cc:Qh|Ah/Qs:100|-100:DeepStack|TCC_AI
STATE:195:cr300f:Qh|Ks:-100|100:TCC_AI|DeepStack
STATE:196:cr300f:Qs|As:-100|100:DeepStack|TCC_AI
STATE:197:cr300c/r1200c:Qs|Ah/Qh:1200|-1200:TCC_AI|DeepStack
STATE:198:cc/cr300f:As|Ks/Kh:-100|100:DeepStack|TCC_AI
STATE:199:cc/cc:As|Kh/Qh:100|-100:TCC_AI|DeepStack
STATE:200:r1200f:Ah|Qh:100|-100:DeepStack|TCC_AI
STATE:201:cc/cc:Ks|Kh/As:0|0:TCC_AI|DeepStack
STATE:202:cr500f:Ks|Ah:-100|100:DeepStack|TCC_AI
STATE:203:r800f:As|Kh:100|-100:TCC_AI|DeepStack
STATE:204:cr200r600c/cc:Ah|Qs/Ks:600|-600:DeepStack|TCC_AI
STATE:205:cc/cr300f:Ah|Kh/Ks:-100|100:TCC_AI|DeepStack
STATE:206:cr300c/cr1100r1200f:As|Qs/Ah:1100|-1100:DeepStack|TCC_AI
STATE:207:cr300f:Kh|Ah:-100|100:TCC_AI|DeepStack
STATE:208:cc/cc:Qs|Qh/Kh:0|0:DeepStack|TCC_AI
STATE:209:cr300f:Qh|Qs:-100|100:TCC_AI|DeepStack
STATE:210:cc/cc:Ah|Ks/Qs:100|-100:DeepStack|TCC_AI
STATE:211:cr1200f:Qh|Ah:-100|100:TCC_AI|DeepStack
STATE:212:cr400f:Ks|Kh:-100|100:DeepStack|TCC_AI
STATE:213:cc/cr300f:Kh|Qs/Qh:-100|100:TCC_AI|DeepStack
STATE:214:cc/cc:Qs|Qh/Ah:0|0:DeepStack|TCC_AI
STATE:215:cc/cr300f:As|Qs/Qh:-100|100:TCC_AI|DeepStack
STATE:216:cc/r300f:Kh|Ks/Ah:100|-100:DeepStack|TCC_AI
STATE:217:cr300c/r1100f:Qs|Ah/Ks:300|-300:TCC_AI|DeepStack
STATE:218:cc/cc:Qs|As/Ks:-100|100:DeepStack|TCC_AI
STATE:219:cc/cc:Qh|As/Qs:100|-100:TCC_AI|DeepStack
STATE:220:cc/cc:Qh|Qs/Ah:0|0:DeepStack|TCC_AI
STATE:221:cc/cc:Qh|Ks/Ah:-100|100:TCC_AI|DeepStack
STATE:222:cr300f:Qh|Ah:-100|100:DeepStack|TCC_AI
STATE:223:cr300c/cr1200f:Ks|Kh/As:-300|300:TCC_AI|DeepStack
STATE:224:cc/cc:As|Qh/Ks:100|-100:DeepStack|TCC_AI
STATE:225:r800r1200c/:Ah|As/Qs:0|0:TCC_AI|DeepStack
STATE:226:cc/cc:Qs|Qh/As:0|0:DeepStack|TCC_AI
STATE:227:cr300r1000r1200c/:As|Ah/Ks:0|0:TCC_AI|DeepStack
STATE:228:cr300f:Qh|Ah:-100|100:DeepStack|TCC_AI
STATE:229:r400c/cc:Kh|Ah/Qs:-400|400:TCC_AI|DeepStack
STATE:230:cr300f:Qh|As:-100|100:DeepStack|TCC_AI
STATE:231:cr300c/cr1200f:Kh|Qs/As:-300|300:TCC_AI|DeepStack
STATE:232:cr500f:Qs|As:-100|100:DeepStack|TCC_AI
STATE:233:cc/cc:Ah|Kh/Qs:100|-100:TCC_AI|DeepStack
STATE:234:cr300f:Qh|As:-100|100:DeepStack|TCC_AI
STATE:235:r800f:As|Kh:100|-100:TCC_AI|DeepStack
STATE:236:cc/r1200f:As|Ks/Ah:100|-100:DeepStack|TCC_AI
STATE:237:r600f:As|Ks:100|-100:TCC_AI|DeepStack
STATE:238:cr300c/r1200c:Qs|As/Qh:1200|-1200:DeepStack|TCC_AI
STATE:239:cc/cr300f:Ah|Qs/Qh:-100|100:TCC_AI|DeepStack
STATE:240:cr300r1200f:As|Ks:300|-300:DeepStack|TCC_AI
STATE:241:r300c/cc:Ah|Ks/Qh:300|-300:TCC_AI|DeepStack
STATE:242:r1200f:As|Qs:100|-100:DeepStack|TCC_AI
STATE:243:cc/cc:As|Ah/Ks:0|0:TCC_AI|DeepStack
STATE:244:cc/cr200r1200f:Kh|Qs/Ks:200|-200:DeepStack|TCC_AI
STATE:245:cr300f:Kh|As:-100|100:TCC_AI|DeepStack
STATE:246:cr300f:Qs|Ks:-100|100:DeepStack|TCC_AI
STATE:247:r600f:Ah|Qh:100|-100:TCC_AI|DeepStack
STATE:248:cc/cc:Qh|Qs/Kh:0|0:DeepStack|TCC_AI
STATE:249:cr300f:Qs|As:-100|100:TCC_AI|DeepStack
STATE:250:cc/cr200f:As|Qh/Kh:-100|100:DeepStack|TCC_AI
STATE:251:cc/cc:Ah|As/Kh:0|0:TCC_AI|DeepStack
STATE:252:cc/cr200f:Ks|Qh/Qs:-100|100:DeepStack|TCC_AI
STATE:253:r800f:Ah|Qh:100|-100:TCC_AI|DeepStack
STATE:254:r1200f:Ah|Qs:100|-100:DeepStack|TCC_AI
STATE:255:cr300c/cr1200c:Ks|Qs/As:1200|-1200:TCC_AI|DeepStack
STATE:256:r300f:As|Qs:100|-100:DeepStack|TCC_AI
STATE:257:r800f:Ah|Qs:100|-100:TCC_AI|DeepStack
STATE:258:cc/cc:Ah|Qh/Ks:100|-100:DeepStack|TCC_AI
STATE:259:cc/cc:Qs|Qh/As:0|0:TCC_AI|DeepStack
STATE:260:cr300c/cr400c:Ks|Ah/Qh:-400|400:DeepStack|TCC_AI
STATE:261:cc/r200f:Ks|Qs/Ah:100|-100:TCC_AI|DeepStack
STATE:262:cc/cc:Ah|As/Qs:0|0:DeepStack|TCC_AI
STATE:263:cc/cc:Kh|Qh/Ks:100|-100:TCC_AI|DeepStack
STATE:264:cr200c/cc:Qh|Kh/As:-200|200:DeepStack|TCC_AI
STATE:265:cc/cc:Qs|Ks/Ah:-100|100:TCC_AI|DeepStack
STATE:266:cr300f:Qh|Ah:-100|100:DeepStack|TCC_AI
STATE:267:r800f:Ah|Qs:100|-100:TCC_AI|DeepStack
STATE:268:cc/cc:As|Qh/Kh:100|-100:DeepStack|TCC_AI
STATE:269:cc/cr300f:As|Ks/Kh:-100|100:TCC_AI|DeepStack
STATE:270:cc/cr200f:Kh|Qh/Qs:-100|100:DeepStack|TCC_AI
STATE:271:r300c/cr900f:As|Qh/Ks:-300|300:TCC_AI|DeepStack
STATE:272:cc/r300f:Kh|Qh/Ah:100|-100:DeepStack|TCC_AI
STATE:273:cr300c/cc:Kh|Ks/As:0|0:TCC_AI|DeepStack
STATE:274:cc/cc:Qh|Kh/As:-100|100:DeepStack|TCC_AI
STATE:275:cc/cr300f:Kh|Ks/Qh:-100|100:TCC_AI|DeepStack
STATE:276:cr300f:Qh|Kh:-100|100:DeepStack|TCC_AI
STATE:277:cc/cc:Ks|Kh/Qs:0|0:TCC_AI|DeepStack
STATE:278:cc/cr200f:Kh|Qh/Qs:-100|100:DeepStack|TCC_AI
STATE:279:cc/cc:Qh|As/Ks:-100|100:TCC_AI|DeepStack
STATE:280:cr300r1200c/:Ah|As/Qs:0|0:DeepStack|TCC_AI
STATE:281:cr300f:Qs|Ah:-100|100:TCC_AI|DeepStack
STATE:282:cc/cr200c:As|Qs/Qh:-200|200:DeepStack|TCC_AI
STATE:283:cr300f:Qh|Qs:-100|100:TCC_AI|DeepStack
STATE:284:cc/cc:Kh|Ks/Ah:0|0:DeepStack|TCC_AI
STATE:285:cc/cr300f:Qh|Qs/Kh:-100|100:TCC_AI|DeepStack
STATE:286:cr300f:Qs|Ah:-100|100:DeepStack|TCC_AI
STATE:287:cc/r400f:Kh|Ks/As:100|-100:TCC_AI|DeepStack
STATE:288:cc/cr200f:Ks|Qh/Qs:-100|100:DeepStack|TCC_AI
STATE:289:cr300c/r1100c:Qs|Ah/Qh:1100|-1100:TCC_AI|DeepStack
STATE:290:cr300f:Qh|Kh:-100|100:DeepStack|TCC_AI
STATE:291:cc/cr300f:As|Ks/Kh:-100|100:TCC_AI|DeepStack
STATE:292:cc/cr200f:Ks|Qs/Qh:-100|100:DeepStack|TCC_AI
STATE:293:cc/cc:Qh|Qs/Ks:0|0:TCC_AI|DeepStack
STATE:294:cc/cc:As|Qh/Ks:100|-100:DeepStack|TCC_AI
STATE:295:cc/cr300c:As|Ks/Kh:-300|300:TCC_AI|DeepStack
STATE:296:cr300f:Kh|As:-100|100:DeepStack|TCC_AI
STATE:297:cr300c/r1200c:Kh|As/Qs:-1200|1200:TCC_AI|DeepStack
STATE:298:cc/cr200f:Qs|Kh/Ah:-100|100:DeepStack|TCC_AI
STATE:299:cc/r500c:As|Kh/Ah:500|-500:TCC_AI|DeepStack
STATE:300:cc/cc:Ks|Ah/Kh:100|-100:DeepStack|TCC_AI
STATE:301:cc/cc:Ah|Ks/Qs:100|-100:TCC_AI|DeepStack
STATE:302:cc/cc:Ah|Kh/Qh:100|-100:DeepStack|TCC_AI
STATE:303:r300c/cc:As|Ah/Kh:0|0:TCC_AI|DeepStack
STATE:304:r300f:Kh|Qh:100|-100:DeepStack|TCC_AI
STATE:305:cr300c/cr1200f:As|Qs/Qh:-300|300:TCC_AI|DeepStack
STATE:306:r1200f:Ah|Qh:100|-100:DeepStack|TCC_AI
STATE:307:r800f:Ah|Ks:100|-100:TCC_AI|DeepStack
STATE:308:cc/cc:Qs|Qh/As:0|0:DeepStack|TCC_AI
STATE:309:cc/cc:Ks|Kh/Qs:0|0:TCC_AI|DeepStack
STATE:310:cr400r1200f:As|Qh:400|-400:DeepStack|TCC_AI
STATE:311:r600f:As|Qs:100|-100:TCC_AI|DeepStack
STATE:312:cr400f:Qh|Ah:-100|100:DeepStack|TCC_AI
STATE:313:cc/cc:As|Qs/Kh:100|-100:TCC_AI|DeepStack
STATE:314:r1200f:As|Ks:100|-100:DeepStack|TCC_AI
STATE:315:cr1200f:Ks|As:-100|100:TCC_AI|DeepStack
STATE:316:cc/cc:As|Qs/Kh:100|-100:DeepStack|TCC_AI
STATE:317:cc/r400f:Kh|Ks/Ah:100|-100:TCC_AI|DeepStack
STATE:318:cc/r300c:Kh|Ks/Ah:0|0:DeepStack|TCC_AI
STATE:319:cc/cc:Kh|Ks/Qh:0|0:TCC_AI|DeepStack
STATE:320:cc/cc:Qs|Kh/Ah:-100|100:DeepStack|TCC_AI
STATE:321:cr300f:Ks|Ah:-100|100:TCC_AI|DeepStack
STATE:322:cr300f:Kh|Ah:-100|100:DeepStack|TCC_AI
STATE:323:cc/cr300f:Qh|Qs/Ks:-100|100:TCC_AI|DeepStack
STATE:324:cr300c/cr400c:Qs|Qh/Kh:0|0:DeepStack|TCC_AI
STATE:325:cc/r400c:Ah|Ks/As:400|-400:TCC_AI|DeepStack
STATE:326:cc/r300c:As|Kh/Ah:300|-300:DeepStack|TCC_AI
STATE:327:r300c/r900c:Kh|Ks/As:0|0:TCC_AI|DeepStack
STATE:328:r300c/r1200f:Ks|Qs/Ah:300|-300:DeepStack|TCC_AI
STATE:329:cc/cr300f:Ks|Kh/Qh:-100|100:TCC_AI|DeepStack
STATE:330:cc/cr200f:Qs|Ks/Kh:-100|100:DeepStack|TCC_AI
STATE:331:cc/cc:Qh|Qs/Ks:0|0:TCC_AI|DeepStack
STATE:332:cc/cc:Qs|Qh/Ah:0|0:DeepStack|TCC_AI
STATE:333:cc/r500f:As|Kh/Ah:100|-100:TCC_AI|DeepStack
STATE:334:cr300r1200f:As|Qs:300|-300:DeepStack|TCC_AI
STATE:335:r600f:Ah|Kh:100|-100:TCC_AI|DeepStack
STATE:336:cc/r300c:Ks|Kh/Ah:0|0:DeepStack|TCC_AI
STATE:337:cc/cc:Kh|Ks/Qh:0|0:TCC_AI|DeepStack
STATE:338:cc/r300f:Ks|Qh/As:100|-100:DeepStack|TCC_AI
STATE:339:cc/cr300f:Kh|Qh/Qs:-100|100:TCC_AI|DeepStack
STATE:340:cr300f:Ks|As:-100|100:DeepStack|TCC_AI
STATE:341:cc/cr300f:Qh|Ks/Kh:-100|100:TCC_AI|DeepStack
STATE:342:cc/cr500f:Qs|Kh/As:-100|100:DeepStack|TCC_AI
STATE:343:cc/cc:Ah|Kh/Qs:100|-100:TCC_AI|DeepStack
STATE:344:cc/cr200f:Ks|Qh/Qs:-100|100:DeepStack|TCC_AI
STATE:345:cr300f:Ks|As:-100|100:TCC_AI|DeepStack
STATE:346:cc/cc:Kh|Qs/Ks:100|-100:DeepStack|TCC_AI
STATE:347:cc/cc:Qs|Ks/As:-100|100:TCC_AI|DeepStack
STATE:348:cr300f:Qs|As:-100|100:DeepStack|TCC_AI
STATE:349:cr300f:Qs|Ah:-100|100:TCC_AI|DeepStack
STATE:350:cc/r300f:Kh|Qs/Ah:100|-100:DeepStack|TCC_AI
STATE:351:cr300r800r1200c/:Ah|As/Qs:0|0:TCC_AI|DeepStack
STATE:352:cr300f:Kh|As:-100|100:DeepStack|TCC_AI
STATE:353:cc/cc:Ks|Kh/Qh:0|0:TCC_AI|DeepStack
STATE:354:cr500f:Qh|Ah:-100|100:DeepStack|TCC_AI
STATE:355:r800f:As|Ks:100|-100:TCC_AI|DeepStack
STATE:356:cr300f:Qh|Ks:-100|100:DeepStack|TCC_AI
STATE:357:cr300f:Qs|As:-100|100:TCC_AI|DeepStack
STATE:358:cc/r300f:Ks|Qh/Ah:100|-100:DeepStack|TCC_AI
STATE:359:cc/r500c:Qh|Ks/Ah:-500|500:TCC_AI|DeepStack
STATE:360:cc/cr200f:Kh|Qh/Qs:-100|100:DeepStack|TCC_AI
STATE:361:cc/r600f:Kh|Qs/Ah:100|-100:TCC_AI|DeepStack
STATE:362:cc/cr300f:Qs|Kh/Ks:-100|100:DeepStack|TCC_AI
STATE:363:cr300f:Qs|As:-100|100:TCC_AI|DeepStack
STATE:364:cr300c/cr1000f:Kh|Ks/Ah:-300|300:DeepStack|TCC_AI
STATE:365:cr300c/r800c:As|Ah/Ks:0|0:TCC_AI|DeepStack
STATE:366:cr1200f:Qs|Ah:-100|100:DeepStack|TCC_AI
STATE:367:cr300f:Qh|As:-100|100:TCC_AI|DeepStack
STATE:368:r1200f:Ah|Qh:100|-100:DeepStack|TCC_AI
STATE:369:cc/r500f:Qs|Ks/Ah:100|-100:TCC_AI|DeepStack
STATE:370:cr400f:Qs|Kh:-100|100:DeepStack|TCC_AI
STATE:371:cr300r900f:Ah|Qh:300|-300:TCC_AI|DeepStack
STATE:372:cc/cc:Qh|As/Kh:-100|100:DeepStack|TCC_AI
STATE:373:cr300f:Qh|Ah:-100|100:TCC_AI|DeepStack
STATE:374:cr300f:Kh|Ks:-100|100:DeepStack|TCC_AI
STATE:375:cc/cc:Kh|Qs/Ks:100|-100:TCC_AI|DeepStack
STATE:376:r300c/cr1200f:Kh|As/Qh:-300|300:DeepStack|TCC_AI
STATE:377:cr1200f:Qs|As:-100|100:TCC_AI|DeepStack
STATE:378:cc/r300f:Kh|Qh/As:100|-100:DeepStack|TCC_AI
STATE:379:cr300f:Kh|As:-100|100:TCC_AI|DeepStack
STATE:380:cr300f:Qs|Ah:-100|100:DeepStack|TCC_AI
STATE:381:cc/cr300f:Qs|Kh/Ks:-100|100:TCC_AI|DeepStack
STATE:382:cc/cc:As|Qs/Kh:100|-100:DeepStack|TCC_AI
STATE:383:cr300f:Qs|Ah:-100|100:TCC_AI|DeepStack
STATE:384:cc/cc:Qs|Qh/Kh:0|0:DeepStack|TCC_AI
STATE:385:cc/cc:Qs|Qh/As:0|0:TCC_AI|DeepStack
STATE:386:cr400f:Kh|As:-100|100:DeepStack|TCC_AI
STATE:387:cr300f:Qs|Qh:-100|100:TCC_AI|DeepStack
STATE:388:cc/r300c:Ks|Kh/Ah:0|0:DeepStack|TCC_AI
STATE:389:cr300c/cr1200f:Qs|Ks/Ah:-300|300:TCC_AI|DeepStack
STATE:390:cr300f:Kh|Ah:-100|100:DeepStack|TCC_AI
STATE:391:cr300f:Ks|Kh:-100|100:TCC_AI|DeepStack
STATE:392:r300c/cr1000c:As|Qh/Qs:-1000|1000:DeepStack|TCC_AI
STATE:393:cr300f:Qh|Ah:-100|100:TCC_AI|DeepStack
STATE:394:cc/cc:Kh|Ks/Ah:0|0:DeepStack|TCC_AI
STATE:395:cr300f:Ks|As:-100|100:TCC_AI|DeepStack
STATE:396:cc/r300r1000f:Ks|As/Ah:-300|300:DeepStack|TCC_AI
STATE:397:cc/r300f:Ks|Qs/Ah:100|-100:TCC_AI|DeepStack
STATE:398:cr300c/cr1200f:Kh|Ah/Qs:-300|300:DeepStack|TCC_AI
STATE:399:cr300r1200f:Ah|Ks:300|-300:TCC_AI|DeepStack
STATE:400:cc/r300f:Ah|Qh/As:100|-100:DeepStack|TCC_AI
STATE:401:cc/cc:Kh|Ks/Qh:0|0:TCC_AI|DeepStack
STATE:402:cc/cc:Qs|Kh/Qh:100|-100:DeepStack|TCC_AI
STATE:403:cc/r500f:Ks|Qs/As:100|-100:TCC_AI|DeepStack
STATE:404:cr300r1200c/:Ah|As/Kh:0|0:DeepStack|TCC_AI
STATE:405:cr300f:Ks|Ah:-100|100:TCC_AI|DeepStack
STATE:406:cc/cc:Kh|Ks/Ah:0|0:DeepStack|TCC_AI
STATE:407:cc/cr300f:Qh|Qs/Ks:-100|100:TCC_AI|DeepStack
STATE:408:cr400f:Kh|As:-100|100:DeepStack|TCC_AI
STATE:409:cr300f:Qh|Qs:-100|100:TCC_AI|DeepStack
STATE:410:cr300f:Qs|As:-100|100:DeepStack|TCC_AI
STATE:411:r600f:Ah|Qh:100|-100:TCC_AI|DeepStack
STATE:412:cc/cc:Qh|Ks/Qs:100|-100:DeepStack|TCC_AI
STATE:413:cc/cc:Ah|Qh/Ks:100|-100:TCC_AI|DeepStack
STATE:414:r1200c/:As|Ah/Qh:0|0:DeepStack|TCC_AI
STATE:415:cc/cc:Qs|Qh/Ah:0|0:TCC_AI|DeepStack
STATE:416:cc/cc:Qs|Ks/Ah:-100|100:DeepStack|TCC_AI
STATE:417:cc/cr300f:Qs|Kh/Ks:-100|100:TCC_AI|DeepStack
STATE:418:r300f:As|Ks:100|-100:DeepStack|TCC_AI
STATE:419:cc/cc:Ah|Qh/Kh:100|-100:TCC_AI|DeepStack
STATE:420:cr300c/r1200c:Qs|Ah/Kh:-1200|1200:DeepStack|TCC_AI
STATE:421:cc/cc:Qh|Ks/Qs:100|-100:TCC_AI|DeepStack
STATE:422:cr200c/cr1100f:Qs|Ah/As:-200|200:DeepStack|TCC_AI
STATE:423:cc/cc:Qh|Kh/Ah:-100|100:TCC_AI|DeepStack
STATE:424:cc/cc:Kh|Qh/As:100|-100:DeepStack|TCC_AI
STATE:425:cr300c/cc:Ks|Ah/Qs:-300|300:TCC_AI|DeepStack
STATE:426:cr500f:Ks|Ah:-100|100:DeepStack|TCC_AI
STATE:427:cc/cr300f:Qs|Ks/Kh:-100|100:TCC_AI|DeepStack
STATE:428:cr300r1200c/:As|Ah/Kh:0|0:DeepStack|TCC_AI
STATE:429:cr300r1100r1200c/:Ah|As/Qh:0|0:TCC_AI|DeepStack
STATE:430:cr300f:Qh|Ah:-100|100:DeepStack|TCC_AI
STATE:431:cc/cc:Ks|Qh/Ah:100|-100:TCC_AI|DeepStack
STATE:432:cc/r300f:Ks|Qs/Ah:100|-100:DeepStack|TCC_AI
STATE:433:r600f:As|Ks:100|-100:TCC_AI|DeepStack
STATE:434:cr300f:Qh|Ks:-100|100:DeepStack|TCC_AI
STATE:435:cc/cc:Ks|Kh/Ah:0|0:TCC_AI|DeepStack
STATE:436:cc/r300f:Kh|Qh/Ah:100|-100:DeepStack|TCC_AI
STATE:437:cc/r400c:As|Ks/Ah:400|-400:TCC_AI|DeepStack
STATE:438:cr300r1200c/:As|Ah/Qh:0|0:DeepStack|TCC_AI
STATE:439:cc/cc:Qs|Ah/Ks:-100|100:TCC_AI|DeepStack
STATE:440:cc/cr200f:Ks|Qh/Qs:-100|100:DeepStack|TCC_AI
STATE:441:cc/cr300f:As|Qs/Qh:-100|100:TCC_AI|DeepStack
STATE:442:cr300r1200c/:Ah|As/Qs:0|0:DeepStack|TCC_AI
STATE:443:cc/r300f:Ks|Qh/As:100|-100:TCC_AI|DeepStack
STATE:444:r300r800r1200c/:Ah|As/Qs:0|0:DeepStack|TCC_AI
STATE:445:cr300f:Ks|Qh:-100|100:TCC_AI|DeepStack
STATE:446:r1200f:Ah|Ks:100|-100:DeepStack|TCC_AI
STATE:447:cc/cc:As|Kh/Qs:100|-100:TCC_AI|DeepStack
STATE:448:cc/cc:Qs|As/Qh:100|-100:DeepStack|TCC_AI
STATE:449:cc/r500f:Ks|Qs/As:100|-100:TCC_AI|DeepStack
STATE:450:cc/cc:Ks|Kh/Qs:0|0:DeepStack|TCC_AI
STATE:451:cc/cr300f:Qs|Ks/Kh:-100|100:TCC_AI|DeepStack
STATE:452:r300c/cr1200f:Ah|Ks/Kh:-300|300:DeepStack|TCC_AI
STATE:453:cr300r800c/r1200f:As|Qh/Ah:800|-800:TCC_AI|DeepStack
STATE:454:cr300f:Kh|As:-100|100:DeepStack|TCC_AI
STATE:455:cr300f:Ks|Qs:-100|100:TCC_AI|DeepStack
STATE:456:cc/cr200f:Qs|Kh/Ks:-100|100:DeepStack|TCC_AI
STATE:457:r800r1200c/:Ah|As/Qs:0|0:TCC_AI|DeepStack
STATE:458:cc/r300f:Ks|Kh/As:100|-100:DeepStack|TCC_AI
STATE:459:cc/cc:Qh|Kh/As:-100|100:TCC_AI|DeepStack
STATE:460:cc/cc:Ks|Qh/Kh:100|-100:DeepStack|TCC_AI
STATE:461:cc/cc:Kh|Ks/Qh:0|0:TCC_AI|DeepStack
STATE:462:cc/r300f:Kh|Qs/Ah:100|-100:DeepStack|TCC_AI
STATE:463:cr300f:Kh|Qh:-100|100:TCC_AI|DeepStack
STATE:464:cr300r1200c/:As|Ah/Qh:0|0:DeepStack|TCC_AI
STATE:465:cc/r400f:Ks|Qh/As:100|-100:TCC_AI|DeepStack
STATE:466:cc/cc:As|Qh/Kh:100|-100:DeepStack|TCC_AI
STATE:467:cc/r400r1200f:Ks|As/Ah:-400|400:TCC_AI|DeepStack
STATE:468:cr300f:Qh|As:-100|100:DeepStack|TCC_AI
STATE:469:cc/cc:Qh|Kh/As:-100|100:TCC_AI|DeepStack
STATE:470:cr300f:Ks|Ah:-100|100:DeepStack|TCC_AI
STATE:471:cr300f:Kh|Ks:-100|100:TCC_AI|DeepStack
STATE:472:cc/cr200f:Qs|Kh/Ks:-100|100:DeepStack|TCC_AI
STATE:473:cr300f:Qs|Ah:-100|100:TCC_AI|DeepStack
STATE:474:cc/cr200f:Kh|Qs/Qh:-100|100:DeepStack|TCC_AI
STATE:475:cr300f:Ks|As:-100|100:TCC_AI|DeepStack
STATE:476:cc/r1200f:As|Qh/Ah:100|-100:DeepStack|TCC_AI
STATE:477:r200c/cc:As|Kh/Ah:200|-200:TCC_AI|DeepStack
STATE:478:cr300r1200f:As|Qh:300|-300:DeepStack|TCC_AI
STATE:479:cc/cc:As|Ks/Qs:100|-100:TCC_AI|DeepStack
STATE:480:cr400c/cr1200f:Ks|As/Qh:-400|400:DeepStack|TCC_AI
STATE:481:cc/cr300f:Ks|Qh/Qs:-100|100:TCC_AI|DeepStack
STATE:482:cc/cr200f:Kh|Qh/Qs:-100|100:DeepStack|TCC_AI
STATE:483:cc/cc:Kh|Ks/As:0|0:TCC_AI|DeepStack
STATE:484:cr300r1200f:As|Ks:300|-300:DeepStack|TCC_AI
STATE:485:cc/cc:Ks|Qh/As:100|-100:TCC_AI|DeepStack
STATE:486:cr300c/r1200f:Qs|As/Kh:300|-300:DeepStack|TCC_AI
STATE:487:cr300f:Qh|As:-100|100:TCC_AI|DeepStack
STATE:488:cr300f:Kh|As:-100|100:DeepStack|TCC_AI
STATE:489:cr300f:Ks|Qh:-100|100:TCC_AI|DeepStack
STATE:490:cc/r300f:Ah|Qs/As:100|-100:DeepStack|TCC_AI
STATE:491:cc/cr300f:Qh|Kh/Ks:-100|100:TCC_AI|DeepStack
STATE:492:cc/cc:Ks|Qh/As:100|-100:DeepStack|TCC_AI
STATE:493:cc/r400f:Ks|Qh/As:100|-100:TCC_AI|DeepStack
STATE:494:cr300f:Qh|As:-100|100:DeepStack|TCC_AI
STATE:495:cc/cc:Qs|Qh/As:0|0:TCC_AI|DeepStack
STATE:496:cc/cr200f:Kh|Ks/Qs:-100|100:DeepStack|TCC_AI
STATE:497:cr300r900f:As|Qh:300|-300:TCC_AI|DeepStack
STATE:498:cr200c/cr1000f:Kh|Ah/As:-200|200:DeepStack|TCC_AI
STATE:499:cr300r800c/r1200c:As|Ah/Ks:0|0:TCC_AI|DeepStack
STATE:500:cc/cc:Qh|Ks/Ah:-100|100:DeepStack|TCC_AI
STATE:501:r300c/r400r1200f:Kh|Ah/Qs:-400|400:TCC_AI|DeepStack
STATE:502:cc/cc:Qs|Qh/Kh:0|0:DeepStack|TCC_AI
STATE:503:cc/r400f:Kh|Qs/As:100|-100:TCC_AI|DeepStack
STATE:504:cc/cr200f:As|Qs/Qh:-100|100:DeepStack|TCC_AI
STATE:505:cr300f:Qh|Ah:-100|100:TCC_AI|DeepStack
STATE:506:cc/cc:Qh|Qs/As:0|0:DeepStack|TCC_AI
STATE:507:cr300r800c/r1000c:Ah|As/Qh:0|0:TCC_AI|DeepStack
STATE:508:r1200f:As|Qs:100|-100:DeepStack|TCC_AI
STATE:509:cc/cr300f:Ah|Kh/Ks:-100|100:TCC_AI|DeepStack
STATE:510:cr300f:Kh|Ah:-100|100:DeepStack|TCC_AI
STATE:511:cr300c/cr1200f:Kh|As/Ah:-300|300:TCC_AI|DeepStack
STATE:512:cr300f:Kh|Qh:-100|100:DeepStack|TCC_AI
STATE:513:cr300c/cr1200f:Ks|As/Ah:-300|300:TCC_AI|DeepStack
STATE:514:cc/r1200f:Ah|Ks/As:100|-100:DeepStack|TCC_AI
STATE:515:r500f:Ah|Kh:100|-100:TCC_AI|DeepStack
STATE:516:cr300f:Kh|As:-100|100:DeepStack|TCC_AI
STATE:517:cc/cr300f:Qh|Qs/Kh:-100|100:TCC_AI|DeepStack
STATE:518:cc/cr200f:Ah|Qs/Qh:-100|100:DeepStack|TCC_AI
STATE:519:r600f:Ah|Qh:100|-100:TCC_AI|DeepStack
STATE:520:cc/cr200f:Ks|Qs/Qh:-100|100:DeepStack|TCC_AI
STATE:521:cc/cc:Qh|Qs/Ks:0|0:TCC_AI|DeepStack
STATE:522:cc/r300f:Ks|Qs/As:100|-100:DeepStack|TCC_AI
STATE:523:cr300f:Qh|Ah:-100|100:TCC_AI|DeepStack
STATE:524:cr200c/cr300c:Ks|Kh/As:0|0:DeepStack|TCC_AI
STATE:525:cc/cc:As|Ah/Kh:0|0:TCC_AI|DeepStack
STATE:526:cc/cc:Kh|Ks/Qs:0|0:DeepStack|TCC_AI
STATE:527:cr300f:Ks|Ah:-100|100:TCC_AI|DeepStack
STATE:528:cr300f:Ks|Ah:-100|100:DeepStack|TCC_AI
STATE:529:r800f:As|Qs:100|-100:TCC_AI|DeepStack
STATE:530:cc/cr200c:Ah|Qs/Qh:-200|200:DeepStack|TCC_AI
STATE:531:cr300f:Ks|As:-100|100:TCC_AI|DeepStack
STATE:532:r300r1100f:Ks|As:-300|300:DeepStack|TCC_AI
STATE:533:cc/r300f:Kh|Qh/As:100|-100:TCC_AI|DeepStack
STATE:534:cc/r300f:Ks|Qh/As:100|-100:DeepStack|TCC_AI
STATE:535:cr300f:Kh|Ah:-100|100:TCC_AI|DeepStack
STATE:536:cc/r300f:Qh|Qs/Ks:100|-100:DeepStack|TCC_AI
STATE:537:cr300f:Qs|As:-100|100:TCC_AI|DeepStack
STATE:538:cr300c/cc:Kh|Ah/Qh:-300|300:DeepStack|TCC_AI
STATE:539:cr300r800c/r1000f:Ah|Qs/As:800|-800:TCC_AI|DeepStack
STATE:540:cc/cr200f:As|Qs/Qh:-100|100:DeepStack|TCC_AI
STATE:541:cc/cr300c:Ah|Qs/Ks:300|-300:TCC_AI|DeepStack
STATE:542:cr300f:Kh|As:-100|100:DeepStack|TCC_AI
STATE:543:cc/cc:As|Kh/Qs:100|-100:TCC_AI|DeepStack
STATE:544:cc/cc:Ah|As/Kh:0|0:DeepStack|TCC_AI
STATE:545:r800f:As|Ks:100|-100:TCC_AI|DeepStack
STATE:546:cr300f:Ks|Ah:-100|100:DeepStack|TCC_AI
STATE:547:r1100f:Ah|Qh:100|-100:TCC_AI|DeepStack
STATE:548:cr300f:Kh|As:-100|100:DeepStack|TCC_AI
STATE:549:cr300f:Qs|Qh:-100|100:TCC_AI|DeepStack
STATE:550:cr300f:Ks|Ah:-100|100:DeepStack|TCC_AI
STATE:551:cr1200f:Qh|As:-100|100:TCC_AI|DeepStack
STATE:552:cc/r300f:As|Qs/Ah:100|-100:DeepStack|TCC_AI
STATE:553:cc/cc:Qh|Qs/As:0|0:TCC_AI|DeepStack
STATE:554:cr1200f:Ks|As:-100|100:DeepStack|TCC_AI
STATE:555:cr300f:Ks|Qh:-100|100:TCC_AI|DeepStack
STATE:556:cr200c/cr1100f:Kh|Qs/As:-200|200:DeepStack|TCC_AI
STATE:557:cc/cr300f:Qh|Ks/Kh:-100|100:TCC_AI|DeepStack
STATE:558:cr300f:Qs|Kh:-100|100:DeepStack|TCC_AI
STATE:559:r400f:Ah|Qh:100|-100:TCC_AI|DeepStack
STATE:560:cr300r1200c/:Ah|As/Qs:0|0:DeepStack|TCC_AI
STATE:561:cr300c/cr1200f:Kh|Qh/Ah:-300|300:TCC_AI|DeepStack
STATE:562:cc/r300f:Ks|Qs/Ah:100|-100:DeepStack|TCC_AI
STATE:563:cr300f:Kh|Qh:-100|100:TCC_AI|DeepStack
STATE:564:cc/cc:Ah|Qs/Kh:100|-100:DeepStack|TCC_AI
STATE:565:cr300f:Ks|Qh:-100|100:TCC_AI|DeepStack
STATE:566:cr300f:Ks|Ah:-100|100:DeepStack|TCC_AI
STATE:567:cr300f:Kh|As:-100|100:TCC_AI|DeepStack
STATE:568:cc/r300f:Kh|Qh/As:100|-100:DeepStack|TCC_AI
STATE:569:cr300f:Qh|Ah:-100|100:TCC_AI|DeepStack
STATE:570:cc/cc:Qs|Qh/As:0|0:DeepStack|TCC_AI
STATE:571:cc/cc:Qs|Ks/Qh:100|-100:TCC_AI|DeepStack
STATE:572:cc/r1200f:Ks|Qs/As:100|-100:DeepStack|TCC_AI
STATE:573:r800f:As|Qs:100|-100:TCC_AI|DeepStack
STATE:574:cc/r300f:Ah|Qs/As:100|-100:DeepStack|TCC_AI
STATE:575:cc/cc:Ah|Qh/Kh:100|-100:TCC_AI|DeepStack
STATE:576:cc/cc:Kh|Qs/As:100|-100:DeepStack|TCC_AI
STATE:577:cr300c/r1100f:Qs|Ah/Kh:300|-300:TCC_AI|DeepStack
STATE:578:r1200f:As|Qh:100|-100:DeepStack|TCC_AI
STATE:579:cr300f:Qs|Ks:-100|100:TCC_AI|DeepStack
STATE:580:cc/cr300f:Qh|Ks/Kh:-100|100:DeepStack|TCC_AI
STATE:581:r800f:As|Qh:100|-100:TCC_AI|DeepStack
STATE:582:cc/cc:Qh|As/Qs:100|-100:DeepStack|TCC_AI
STATE:583:cr300c/cc:Qs|Ks/Ah:-300|300:TCC_AI|DeepStack
STATE:584:cr200c/cr300c:Qh|Qs/Kh:0|0:DeepStack|TCC_AI
STATE:585:cr300f:Qs|Kh:-100|100:TCC_AI|DeepStack
STATE:586:cr300f:Qh|Ah:-100|100:DeepStack|TCC_AI
STATE:587:cc/r900f:Qs|Qh/Ah:100|-100:TCC_AI|DeepStack
STATE:588:cc/cc:As|Qh/Ks:100|-100:DeepStack|TCC_AI
STATE:589:cc/cc:Ah|Qs/Ks:100|-100:TCC_AI|DeepStack
STATE:590:cr300f:Ks|Qs:-100|100:DeepStack|TCC_AI
STATE:591:cr300f:Qh|As:-100|100:TCC_AI|DeepStack
STATE:592:cr300f:Qh|Ah:-100|100:DeepStack|TCC_AI
STATE:593:cc/cc:Kh|Qh/Ah:100|-100:TCC_AI|DeepStack
STATE:594:cr500f:Ks|As:-100|100:DeepStack|TCC_AI
STATE:595:cc/cc:Qh|Kh/As:-100|100:TCC_AI|DeepStack
STATE:596:cc/cc:Qs|Ks/Qh:100|-100:DeepStack|TCC_AI
STATE:597:cc/cc:Qh|Kh/Qs:100|-100:TCC_AI|DeepStack
STATE:598:cr300f:Qh|Ah:-100|100:DeepStack|TCC_AI
STATE:599:cr300r1000f:As|Qh:300|-300:TCC_AI|DeepStack
STATE:600:cc/cr200c:As|Kh/Qh:200|-200:DeepStack|TCC_AI
STATE:601:cc/r900r1200f:Qs|Kh/Ah:-900|900:TCC_AI|DeepStack
STATE:602:cr300c/cr400c:Qh|As/Ks:-400|400:DeepStack|TCC_AI
STATE:603:cr300f:Qs|Ah:-100|100:TCC_AI|DeepStack
STATE:604:cc/cc:Qs|Ks/Qh:100|-100:DeepStack|TCC_AI
STATE:605:cr300f:Qh|As:-100|100:TCC_AI|DeepStack
STATE:606:cc/cr200c:As|Qh/Kh:200|-200:DeepStack|TCC_AI
STATE:607:cr300f:Qh|As:-100|100:TCC_AI|DeepStack
STATE:608:cc/r300f:Ah|Qs/As:100|-100:DeepStack|TCC_AI
STATE:609:cr300f:Kh|Qh:-100|100:TCC_AI|DeepStack
STATE:610:cc/cc:Ks|Kh/Qs:0|0:DeepStack|TCC_AI
STATE:611:cr300f:Ks|Ah:-100|100:TCC_AI|DeepStack
STATE:612:cr200c/cr1100f:Qh|As/Ah:-200|200:DeepStack|TCC_AI
STATE:613:r600f:Ah|Qh:100|-100:TCC_AI|DeepStack
STATE:614:cc/cc:As|Qs/Kh:100|-100:DeepStack|TCC_AI
STATE:615:cr300f:Ks|Qs:-100|100:TCC_AI|DeepStack
STATE:616:cc/cr200f:Qh|Ks/Kh:-100|100:DeepStack|TCC_AI
STATE:617:cr300r1200f:As|Qh:300|-300:TCC_AI|DeepStack
STATE:618:cc/cc:Ah|Qh/Kh:100|-100:DeepStack|TCC_AI
STATE:619:cc/cr300c:As|Qh/Qs:-300|300:TCC_AI|DeepStack
STATE:620:cr300f:Qh|As:-100|100:DeepStack|TCC_AI
STATE:621:cc/cc:Ks|Kh/Qh:0|0:TCC_AI|DeepStack
STATE:622:cc/cr200f:Kh|Qs/Qh:-100|100:DeepStack|TCC_AI
STATE:623:cc/cc:Qh|Qs/As:0|0:TCC_AI|DeepStack
STATE:624:cc/cc:Qh|Ks/Qs:100|-100:DeepStack|TCC_AI
STATE:625:cc/cc:Qs|Kh/As:-100|100:TCC_AI|DeepStack
STATE:626:cc/r300c:Ks|Kh/Ah:0|0:DeepStack|TCC_AI
STATE:627:cr300c/cr900c:As|Ah/Qh:0|0:TCC_AI|DeepStack
STATE:628:cc/cc:Ah|Kh/Qh:100|-100:DeepStack|TCC_AI
STATE:629:r800f:Ah|Ks:100|-100:TCC_AI|DeepStack
STATE:630:r300c/cc:Ah|Qs/Ks:300|-300:DeepStack|TCC_AI
STATE:631:cr300r1100f:As|Kh:300|-300:TCC_AI|DeepStack
STATE:632:cc/r300c:Ks|Kh/Ah:0|0:DeepStack|TCC_AI
STATE:633:cc/cc:Qh|Kh/Qs:100|-100:TCC_AI|DeepStack
STATE:634:cc/cc:As|Kh/Qs:100|-100:DeepStack|TCC_AI
STATE:635:cr1200f:Kh|As:-100|100:TCC_AI|DeepStack
STATE:636:cc/cc:Qs|Ks/As:-100|100:DeepStack|TCC_AI
STATE:637:cr1200f:Qs|As:-100|100:TCC_AI|DeepStack
STATE:638:cr500f:Qs|Ah:-100|100:DeepStack|TCC_AI
STATE:639:cr300f:Ks|Qh:-100|100:TCC_AI|DeepStack
STATE:640:cr200c/cc:Kh|Ks/Ah:0|0:DeepStack|TCC_AI
STATE:641:r800f:As|Qh:100|-100:TCC_AI|DeepStack
STATE:642:cc/cr300r1200f:Kh|Qs/Ks:300|-300:DeepStack|TCC_AI
STATE:643:cc/cc:As|Qh/Ks:100|-100:TCC_AI|DeepStack
STATE:644:cc/cr200f:Ah|Qs/Qh:-100|100:DeepStack|TCC_AI
STATE:645:cc/cr300r700f:Ks|Qs/Kh:300|-300:TCC_AI|DeepStack
STATE:646:cr300r1200c/:As|Ah/Qh:0|0:DeepStack|TCC_AI
STATE:647:cr300f:Qs|Kh:-100|100:TCC_AI|DeepStack
STATE:648:r300r800c/cc:Ks|Ah/Qs:-800|800:DeepStack|TCC_AI
STATE:649:cr300f:Qh|Ah:-100|100:TCC_AI|DeepStack
STATE:650:cc/r300f:Ks|Qh/As:100|-100:DeepStack|TCC_AI
STATE:651:cr300c/cr900c:Kh|Qh/As:900|-900:TCC_AI|DeepStack
STATE:652:cc/cr400c:As|Qh/Kh:400|-400:DeepStack|TCC_AI
STATE:653:cc/r500f:Ks|Qh/Ah:100|-100:TCC_AI|DeepStack
STATE:654:cr300c/cc:Kh|Ah/Qs:-300|300:DeepStack|TCC_AI
STATE:655:r300r1200c/:Ah|As/Kh:0|0:TCC_AI|DeepStack
STATE:656:cc/cr300r1200f:Qh|Kh/Qs:300|-300:DeepStack|TCC_AI
STATE:657:cr300c/cr1200f:Kh|Qs/Ah:-300|300:TCC_AI|DeepStack
STATE:658:cc/cr200c:As|Qs/Qh:-200|200:DeepStack|TCC_AI
STATE:659:cc/cr300c:Ks|Qh/Ah:300|-300:TCC_AI|DeepStack
STATE:660:cr500f:Qs|Ah:-100|100:DeepStack|TCC_AI
STATE:661:r800f:As|Qs:100|-100:TCC_AI|DeepStack
STATE:662:cr500f:Kh|Ah:-100|100:DeepStack|TCC_AI
STATE:663:cr300c/cr1200f:Ks|Qs/Ah:-300|300:TCC_AI|DeepStack
STATE:664:cc/r300f:Qs|Qh/Ah:100|-100:DeepStack|TCC_AI
STATE:665:cr300f:Kh|Ah:-100|100:TCC_AI|DeepStack
STATE:666:cr300f:Kh|Ah:-100|100:DeepStack|TCC_AI
STATE:667:cc/cc:Qh|Ks/Ah:-100|100:TCC_AI|DeepStack
STATE:668:cr300c/r1200c:Qs|As/Qh:1200|-1200:DeepStack|TCC_AI
STATE:669:cc/r400f:Qh|Ks/Ah:100|-100:TCC_AI|DeepStack
STATE:670:cr200c/cr900f:Kh|As/Ah:-200|200:DeepStack|TCC_AI
STATE:671:r1100f:As|Kh:100|-100:TCC_AI|DeepStack
STATE:672:r1200f:As|Kh:100|-100:DeepStack|TCC_AI
STATE:673:cc/cc:Qh|Qs/Kh:0|0:TCC_AI|DeepStack
STATE:674:r1200f:As|Kh:100|-100:DeepStack|TCC_AI
STATE:675:cr300r800c/r1000f:Ah|Ks/Qs:800|-800:TCC_AI|DeepStack
STATE:676:cc/cc:Qs|Qh/Ah:0|0:DeepStack|TCC_AI
STATE:677:r600f:Ah|Ks:100|-100:TCC_AI|DeepStack
STATE:678:cc/cr600f:Qs|Ks/As:-100|100:DeepStack|TCC_AI
STATE:679:cc/cr300f:Qh|Kh/Ks:-100|100:TCC_AI|DeepStack
STATE:680:r1200f:Ah|Ks:100|-100:DeepStack|TCC_AI
STATE:681:cr300f:Qs|Ah:-100|100:TCC_AI|DeepStack
STATE:682:cr300f:Qh|Ah:-100|100:DeepStack|TCC_AI
STATE:683:r800f:As|Qh:100|-100:TCC_AI|DeepStack
STATE:684:cr300r1200c/:As|Ah/Ks:0|0:DeepStack|TCC_AI
STATE:685:cc/cr300c:As|Qh/Qs:-300|300:TCC_AI|DeepStack
STATE:686:cc/cc:Ah|Qh/Kh:100|-100:DeepStack|TCC_AI
STATE:687:cr300f:Kh|Ks:-100|100:TCC_AI|DeepStack
STATE:688:r300c/cc:Ah|Ks/Qh:300|-300:DeepStack|TCC_AI
STATE:689:cc/r600f:Ks|Qs/As:100|-100:TCC_AI|DeepStack
STATE:690:cr300f:Qs|Ah:-100|100:DeepStack|TCC_AI
STATE:691:r600f:As|Kh:100|-100:TCC_AI|DeepStack
STATE:692:cc/r300f:As|Qh/Ah:100|-100:DeepStack|TCC_AI
STATE:693:cc/cr300f:Ah|Qh/Kh:-100|100:TCC_AI|DeepStack
STATE:694:r300r800c/cc:Ks|Ah/Qh:-800|800:DeepStack|TCC_AI
STATE:695:cc/r1200f:Qs|Qh/As:100|-100:TCC_AI|DeepStack
STATE:696:r1200f:As|Ks:100|-100:DeepStack|TCC_AI
STATE:697:cc/cc:Qh|Ks/Ah:-100|100:TCC_AI|DeepStack
STATE:698:cc/cc:Ks|Qs/Kh:100|-100:DeepStack|TCC_AI
STATE:699:cr300f:Kh|Ah:-100|100:TCC_AI|DeepStack
STATE:700:cr400f:Qs|Qh:-100|100:DeepStack|TCC_AI
STATE:701:r300c/r500f:As|Qh/Ks:300|-300:TCC_AI|DeepStack
STATE:702:cr300f:Qs|Ks:-100|100:DeepStack|TCC_AI
STATE:703:cr300f:Qh|As:-100|100:TCC_AI|DeepStack
STATE:704:cr300c/cr1100f:Kh|As/Ah:-300|300:DeepStack|TCC_AI
STATE:705:cc/cc:Ks|Qh/Kh:100|-100:TCC_AI|DeepStack
STATE:706:cr300r1200c/:Ah|As/Qs:0|0:DeepStack|TCC_AI
STATE:707:cc/cc:As|Qs/Ah:100|-100:TCC_AI|DeepStack
STATE:708:cr1200f:Qh|Ah:-100|100:DeepStack|TCC_AI
STATE:709:cr300f:Ks|As:-100|100:TCC_AI|DeepStack
STATE:710:cr300c/r1200f:Ks|Ah/Qs:300|-300:DeepStack|TCC_AI
STATE:711:r600f:Ah|Ks:100|-100:TCC_AI|DeepStack
STATE:712:cc/cr200f:Kh|Qh/Qs:-100|100:DeepStack|TCC_AI
STATE:713:cr300f:Qs|As:-100|100:TCC_AI|DeepStack
STATE:714:cc/cc:Ks|Qh/Kh:100|-100:DeepStack|TCC_AI
STATE:715:cc/cc:Ks|Ah/Kh:100|-100:TCC_AI|DeepStack
STATE:716:cr300f:Ks|Qs:-100|100:DeepStack|TCC_AI
STATE:717:cc/cc:Qh|Qs/Kh:0|0:TCC_AI|DeepStack
STATE:718:cr300f:Qs|Ah:-100|100:DeepStack|TCC_AI
STATE:719:cc/cc:Qs|Qh/Kh:0|0:TCC_AI|DeepStack
STATE:720:cr300f:Qh|As:-100|100:DeepStack|TCC_AI
STATE:721:cr300f:Ks|Ah:-100|100:TCC_AI|DeepStack
STATE:722:cc/cc:Qh|Kh/Ah:-100|100:DeepStack|TCC_AI
STATE:723:cc/cc:Qs|Qh/Kh:0|0:TCC_AI|DeepStack
STATE:724:cr300f:Qh|Ah:-100|100:DeepStack|TCC_AI
STATE:725:cc/cc:As|Ks/Qh:100|-100:TCC_AI|DeepStack
STATE:726:cc/cc:Ah|Qh/Ks:100|-100:DeepStack|TCC_AI
STATE:727:cc/cc:Qh|Qs/Ah:0|0:TCC_AI|DeepStack
STATE:728:r1200f:As|Kh:100|-100:DeepStack|TCC_AI
STATE:729:cc/cc:Qh|Ks/Ah:-100|100:TCC_AI|DeepStack
STATE:730:cc/cr700c:Kh|Ah/As:-700|700:DeepStack|TCC_AI
STATE:731:cr300r800c/r1000c:As|Ah/Qh:0|0:TCC_AI|DeepStack
STATE:732:cc/r300f:Ks|Qh/Ah:100|-100:DeepStack|TCC_AI
STATE:733:cr300c/cc:Ks|Ah/Qs:-300|300:TCC_AI|DeepStack
STATE:734:cc/cc:Ah|Kh/Qh:100|-100:DeepStack|TCC_AI
STATE:735:r200c/cr1200f:As|Ks/Qs:-200|200:TCC_AI|DeepStack
STATE:736:cr500f:Ks|Ah:-100|100:DeepStack|TCC_AI
STATE:737:cr300f:Qh|As:-100|100:TCC_AI|DeepStack
STATE:738:cc/cc:As|Kh/Qh:100|-100:DeepStack|TCC_AI
STATE:739:cc/cc:Qs|Qh/Kh:0|0:TCC_AI|DeepStack
STATE:740:cr300r1200f:Ah|Qh:300|-300:DeepStack|TCC_AI
STATE:741:cr300f:Qh|Ks:-100|100:TCC_AI|DeepStack
STATE:742:cr300c/cc:Qs|As/Ks:-300|300:DeepStack|TCC_AI
STATE:743:r600f:Ah|Kh:100|-100:TCC_AI|DeepStack
STATE:744:cr300f:Ks|Ah:-100|100:DeepStack|TCC_AI
STATE:745:cr300f:Qs|Kh:-100|100:TCC_AI|DeepStack
STATE:746:r300c/cr1200f:As|Qh/Qs:-300|300:DeepStack|TCC_AI
STATE:747:cc/cc:Qs|Qh/Ah:0|0:TCC_AI|DeepStack
STATE:748:cr300r1200f:Ah|Qh:300|-300:DeepStack|TCC_AI
STATE:749:cc/r400f:Ks|Qh/As:100|-100:TCC_AI|DeepStack
STATE:750:cc/r300c:Ks|Kh/Ah:0|0:DeepStack|TCC_AI
STATE:751:cr300f:Qs|Ah:-100|100:TCC_AI|DeepStack
STATE:752:cc/cr300f:Qh|Ks/Kh:-100|100:DeepStack|TCC_AI
STATE:753:cc/cr300f:As|Qh/Qs:-100|100:TCC_AI|DeepStack
STATE:754:cr300f:Qs|Ah:-100|100:DeepStack|TCC_AI
STATE:755:r600r1200c/:As|Ah/Kh:0|0:TCC_AI|DeepStack
STATE:756:r1200c/:Ah|As/Ks:0|0:DeepStack|TCC_AI
STATE:757:cc/cc:Kh|Ks/Qs:0|0:TCC_AI|DeepStack
STATE:758:cr300f:Qh|Ks:-100|100:DeepStack|TCC_AI
STATE:759:cr300r1200c/:As|Ah/Ks:0|0:TCC_AI|DeepStack
STATE:760:cc/r300f:Kh|Qh/Ah:100|-100:DeepStack|TCC_AI
STATE:761:r800f:As|Ks:100|-100:TCC_AI|DeepStack
STATE:762:r1200f:Ah|Kh:100|-100:DeepStack|TCC_AI
STATE:763:cc/r500f:As|Qs/Ah:100|-100:TCC_AI|DeepStack
STATE:764:cc/cc:Qs|Qh/Ks:0|0:DeepStack|TCC_AI
STATE:765:r800f:Ah|Kh:100|-100:TCC_AI|DeepStack
STATE:766:cc/cr200f:Qs|Qh/Kh:-100|100:DeepStack|TCC_AI
STATE:767:cc/cc:As|Ks/Qh:100|-100:TCC_AI|DeepStack
STATE:768:r300r1000f:Ks|Ah:-300|300:DeepStack|TCC_AI
STATE:769:r800f:As|Ks:100|-100:TCC_AI|DeepStack
STATE:770:cc/cr200f:Qs|Kh/Ks:-100|100:DeepStack|TCC_AI
STATE:771:cc/cc:Qh|Qs/Ks:0|0:TCC_AI|DeepStack
STATE:772:cc/cr300f:Ah|Qh/Kh:-100|100:DeepStack|TCC_AI
STATE:773:cr300f:Qs|Qh:-100|100:TCC_AI|DeepStack
STATE:774:cc/cc:Qh|Ks/As:-100|100:DeepStack|TCC_AI
STATE:775:cc/cc:Ah|Kh/Qh:100|-100:TCC_AI|DeepStack
STATE:776:cc/r300f:Kh|Qs/As:100|-100:DeepStack|TCC_AI
STATE:777:cc/cr300f:As|Ks/Kh:-100|100:TCC_AI|DeepStack
STATE:778:cc/cc:Qs|Kh/Qh:100|-100:DeepStack|TCC_AI
STATE:779:cr300f:Kh|Ah:-100|100:TCC_AI|DeepStack
STATE:780:r300c/cc:Kh|Qs/Ks:300|-300:DeepStack|TCC_AI
STATE:781:cr1200f:Kh|As:-100|100:TCC_AI|DeepStack
STATE:782:cc/cc:As|Qh/Kh:100|-100:DeepStack|TCC_AI
STATE:783:r800f:As|Ks:100|-100:TCC_AI|DeepStack
STATE:784:cr500f:Qs|As:-100|100:DeepStack|TCC_AI
STATE:785:cr300c/r1200c:Ks|As/Kh:1200|-1200:TCC_AI|DeepStack
STATE:786:r300r800c/cr900r1200c:Ah|As/Ks:0|0:DeepStack|TCC_AI
STATE:787:cc/cc:Ah|Qh/Kh:100|-100:TCC_AI|DeepStack
STATE:788:cc/r300f:As|Qs/Ah:100|-100:DeepStack|TCC_AI
STATE:789:cc/r500r1200f:Kh|As/Ah:-500|500:TCC_AI|DeepStack
STATE:790:cc/cc:Kh|Ks/Ah:0|0:DeepStack|TCC_AI
STATE:791:r800r1200c/:As|Ah/Qh:0|0:TCC_AI|DeepStack
STATE:792:cc/r300c:Kh|Ks/As:0|0:DeepStack|TCC_AI
STATE:793:r800f:Ah|Qh:100|-100:TCC_AI|DeepStack
STATE:794:cc/cc:Ks|Kh/Qs:0|0:DeepStack|TCC_AI
STATE:795:cc/cr300f:Qs|Ks/Kh:-100|100:TCC_AI|DeepStack
STATE:796:cc/cr200f:Kh|Qs/Qh:-100|100:DeepStack|TCC_AI
STATE:797:cr300f:Ks|Ah:-100|100:TCC_AI|DeepStack
STATE:798:cr200c/r600f:Qh|Kh/Qs:200|-200:DeepStack|TCC_AI
STATE:799:r800r1200c/:As|Ah/Kh:0|0:TCC_AI|DeepStack
STATE:800:cr300f:Ks|Ah:-100|100:DeepStack|TCC_AI
STATE:801:cc/cc:Qs|Qh/As:0|0:TCC_AI|DeepStack
STATE:802:cr300c/cc:Ks|Ah/Qs:-300|300:DeepStack|TCC_AI
STATE:803:cr300f:Qh|Ah:-100|100:TCC_AI|DeepStack
STATE:804:cc/cc:Ks|Kh/Qs:0|0:DeepStack|TCC_AI
STATE:805:cc/cc:Ks|Kh/Qh:0|0:TCC_AI|DeepStack
STATE:806:cc/cc:Ks|Qh/Kh:100|-100:DeepStack|TCC_AI
STATE:807:r600f:Ah|Kh:100|-100:TCC_AI|DeepStack
STATE:808:cc/cr200f:Qs|Kh/Ks:-100|100:DeepStack|TCC_AI
STATE:809:r800r1200c/:Ah|As/Qs:0|0:TCC_AI|DeepStack
STATE:810:cc/r300f:Kh|Qh/As:100|-100:DeepStack|TCC_AI
STATE:811:cr300f:Qs|Qh:-100|100:TCC_AI|DeepStack
STATE:812:cc/r300r500c:Kh|Ah/As:-500|500:DeepStack|TCC_AI
STATE:813:r600f:Ah|Qs:100|-100:TCC_AI|DeepStack
STATE:814:cc/cr200c:Ah|Qs/Kh:200|-200:DeepStack|TCC_AI
STATE:815:cc/cc:Kh|As/Qh:-100|100:TCC_AI|DeepStack
STATE:816:r300f:Kh|Qh:100|-100:DeepStack|TCC_AI
STATE:817:cc/cr300f:Qh|Qs/Ks:-100|100:TCC_AI|DeepStack
STATE:818:cr300f:Qs|Ks:-100|100:DeepStack|TCC_AI
STATE:819:cr300f:Ks|As:-100|100:TCC_AI|DeepStack
STATE:820:cc/cc:Kh|Qh/Ah:100|-100:DeepStack|TCC_AI
STATE:821:cc/cc:Qs|Kh/Qh:100|-100:TCC_AI|DeepStack
STATE:822:cr300f:Qh|As:-100|100:DeepStack|TCC_AI
STATE:823:cr300c/cc:Kh|Ah/Qh:-300|300:TCC_AI|DeepStack
STATE:824:cc/cc:Qh|Kh/Ah:-100|100:DeepStack|TCC_AI
STATE:825:cc/cr300f:Kh|Qs/Qh:-100|100:TCC_AI|DeepStack
STATE:826:cr300f:Kh|Qs:-100|100:DeepStack|TCC_AI
STATE:827:cc/cr300f:Qh|Ks/Kh:-100|100:TCC_AI|DeepStack
STATE:828:cr300f:Ks|As:-100|100:DeepStack|TCC_AI
STATE:829:cc/cr300c:As|Kh/Ks:-300|300:TCC_AI|DeepStack
STATE:830:cc/cr200f:Qs|Ks/Kh:-100|100:DeepStack|TCC_AI
STATE:831:r600f:Ah|Kh:100|-100:TCC_AI|DeepStack
STATE:832:cc/cc:As|Qs/Kh:100|-100:DeepStack|TCC_AI
STATE:833:cr300r1000r1200c/:Ah|As/Qh:0|0:TCC_AI|DeepStack
STATE:834:cr300r1200c/:As|Ah/Qs:0|0:DeepStack|TCC_AI
STATE:835:cc/cc:Ah|Qh/Ks:100|-100:TCC_AI|DeepStack
STATE:836:cc/cr200c:Ah|Kh/Ks:-200|200:DeepStack|TCC_AI
STATE:837:cc/cc:Qs|Qh/As:0|0:TCC_AI|DeepStack
STATE:838:cc/cc:Qs|Ah/Ks:-100|100:DeepStack|TCC_AI
STATE:839:cc/cc:Ah|Qh/Kh:100|-100:TCC_AI|DeepStack
STATE:840:cc/cc:Qh|Qs/Ah:0|0:DeepStack|TCC_AI
STATE:841:cc/cc:Ks|Kh/Qs:0|0:TCC_AI|DeepStack
STATE:842:cc/cc:Qs|Qh/As:0|0:DeepStack|TCC_AI
STATE:843:cc/cc:Kh|Qh/Ks:100|-100:TCC_AI|DeepStack
STATE:844:r1200c/:Ah|As/Ks:0|0:DeepStack|TCC_AI
STATE:845:cr300f:Qh|Ah:-100|100:TCC_AI|DeepStack
STATE:846:r1200f:As|Ks:100|-100:DeepStack|TCC_AI
STATE:847:r500f:Ah|Ks:100|-100:TCC_AI|DeepStack
STATE:848:cc/cc:As|Ah/Ks:0|0:DeepStack|TCC_AI
STATE:849:cc/cr300f:Ks|Qh/Qs:-100|100:TCC_AI|DeepStack
STATE:850:cr300f:Ks|As:-100|100:DeepStack|TCC_AI
STATE:851:cc/cc:Kh|Ks/As:0|0:TCC_AI|DeepStack
STATE:852:cc/cc:Kh|Qh/Ks:100|-100:DeepStack|TCC_AI
STATE:853:cr300f:Kh|Qh:-100|100:TCC_AI|DeepStack
STATE:854:cr300f:Qh|Ah:-100|100:DeepStack|TCC_AI
STATE:855:cr300f:Ks|As:-100|100:TCC_AI|DeepStack
STATE:856:cc/cr200c:As|Ks/Kh:-200|200:DeepStack|TCC_AI
STATE:857:cr300r1000f:Ah|Ks:300|-300:TCC_AI|DeepStack
STATE:858:cc/r300f:As|Qh/Ah:100|-100:DeepStack|TCC_AI
STATE:859:cc/cc:As|Qh/Kh:100|-100:TCC_AI|DeepStack
STATE:860:cc/cc:Ks|Kh/Qh:0|0:DeepStack|TCC_AI
STATE:861:cc/cc:As|Qh/Ah:100|-100:TCC_AI|DeepStack
STATE:862:cc/cr200c:Ah|Ks/Kh:-200|200:DeepStack|TCC_AI
STATE:863:cr300f:Kh|Ah:-100|100:TCC_AI|DeepStack
STATE:864:cr300c/r1200f:Qs|Ah/Kh:300|-300:DeepStack|TCC_AI
STATE:865:cr300r800c/r900f:Ah|Qs/Ks:800|-800:TCC_AI|DeepStack
STATE:866:r1200f:As|Ks:100|-100:DeepStack|TCC_AI
STATE:867:cc/cc:Qs|Ah/Qh:100|-100:TCC_AI|DeepStack
STATE:868:r1200f:Ah|Kh:100|-100:DeepStack|TCC_AI
STATE:869:r600f:Ah|Qs:100|-100:TCC_AI|DeepStack
STATE:870:cc/cr200c:Ah|Qs/Qh:-200|200:DeepStack|TCC_AI
STATE:871:cc/cc:Qs|Qh/As:0|0:TCC_AI|DeepStack
STATE:872:cc/r300r600f:Ks|Qh/Ah:-300|300:DeepStack|TCC_AI
STATE:873:cc/cr300f:Qs|Ks/Kh:-100|100:TCC_AI|DeepStack
STATE:874:cr300f:Kh|Qs:-100|100:DeepStack|TCC_AI
STATE:875:cc/cc:As|Ks/Qh:100|-100:TCC_AI|DeepStack
STATE:876:cc/cc:Qh|Kh/Ah:-100|100:DeepStack|TCC_AI
STATE:877:cr300r800c/r1200f:As|Qh/Ks:800|-800:TCC_AI|DeepStack
STATE:878:cc/cc:Qh|Ks/Qs:100|-100:DeepStack|TCC_AI
STATE:879:cc/cc:Qh|Qs/Ks:0|0:TCC_AI|DeepStack
STATE:880:cr300c/cr400r1200c:Ah|As/Kh:0|0:DeepStack|TCC_AI
STATE:881:cr300f:Ks|Ah:-100|100:TCC_AI|DeepStack
STATE:882:cr300f:Qh|As:-100|100:DeepStack|TCC_AI
STATE:883:cr300f:Kh|Ah:-100|100:TCC_AI|DeepStack
STATE:884:cr300f:Qh|As:-100|100:DeepStack|TCC_AI
STATE:885:r400r1200f:Qs|Ah:-400|400:TCC_AI|DeepStack
STATE:886:cr400f:Ks|As:-100|100:DeepStack|TCC_AI
STATE:887:cc/r600f:Kh|Qs/As:100|-100:TCC_AI|DeepStack
STATE:888:cc/r300c:As|Kh/Ah:300|-300:DeepStack|TCC_AI
STATE:889:r600f:As|Qs:100|-100:TCC_AI|DeepStack
STATE:890:cc/cr200f:Qs|Qh/Ks:-100|100:DeepStack|TCC_AI
STATE:891:cc/cc:Qh|Qs/Ah:0|0:TCC_AI|DeepStack
STATE:892:cr300f:Ks|Qh:-100|100:DeepStack|TCC_AI
STATE:893:cr300f:Qh|As:-100|100:TCC_AI|DeepStack
STATE:894:r1200f:As|Qh:100|-100:DeepStack|TCC_AI
STATE:895:cc/cc:Qh|Qs/Ah:0|0:TCC_AI|DeepStack
STATE:896:r1200f:Ah|Ks:100|-100:DeepStack|TCC_AI
STATE:897:cr300f:Ks|Kh:-100|100:TCC_AI|DeepStack
STATE:898:cc/r1200f:Ah|Qs/As:100|-100:DeepStack|TCC_AI
STATE:899:cc/cr300r1000f:Qh|Ks/Qs:300|-300:TCC_AI|DeepStack
STATE:900:cr300r1200f:Ah|Ks:300|-300:DeepStack|TCC_AI
STATE:901:cr300f:Qs|Ah:-100|100:TCC_AI|DeepStack
STATE:902:cc/cr1200f:Kh|Ah/As:-100|100:DeepStack|TCC_AI
STATE:903:cc/cc:As|Kh/Qs:100|-100:TCC_AI|DeepStack
STATE:904:r300c/cr1200f:Ks|Qs/Qh:-300|300:DeepStack|TCC_AI
STATE:905:r1000f:As|Qh:100|-100:TCC_AI|DeepStack
STATE:906:cr300r1200f:As|Qs:300|-300:DeepStack|TCC_AI
STATE:907:cr300f:Qh|As:-100|100:TCC_AI|DeepStack
STATE:908:cr300r1200f:Ah|Qs:300|-300:DeepStack|TCC_AI
STATE:909:r600f:As|Qs:100|-100:TCC_AI|DeepStack
STATE:910:cc/cr200f:Kh|Qs/Qh:-100|100:DeepStack|TCC_AI
STATE:911:cr300r800c/r900r1200c:Ah|Qh/Qs:-1200|1200:TCC_AI|DeepStack
STATE:912:cr200c/cc:Kh|Ah/Ks:200|-200:DeepStack|TCC_AI
STATE:913:cr300f:Qh|Ah:-100|100:TCC_AI|DeepStack
STATE:914:cc/cc:Qh|Qs/Ah:0|0:DeepStack|TCC_AI
STATE:915:r800f:As|Kh:100|-100:TCC_AI|DeepStack
STATE:916:cc/cc:Ah|Qs/Kh:100|-100:DeepStack|TCC_AI
STATE:917:cr300f:Kh|Qh:-100|100:TCC_AI|DeepStack
STATE:918:r1200f:Ah|Qh:100|-100:DeepStack|TCC_AI
STATE:919:r600f:As|Ks:100|-100:TCC_AI|DeepStack
STATE:920:cr300f:Ks|Kh:-100|100:DeepStack|TCC_AI
STATE:921:cc/cc:Kh|Qh/Ah:100|-100:TCC_AI|DeepStack
STATE:922:cc/cc:Qs|Kh/As:-100|100:DeepStack|TCC_AI
STATE:923:cc/cr1200f:Qh|Ah/As:-100|100:TCC_AI|DeepStack
STATE:924:cc/cr300r1200f:Ks|Qh/Kh:300|-300:DeepStack|TCC_AI
STATE:925:cr300f:Qs|Ah:-100|100:TCC_AI|DeepStack
STATE:926:cc/cc:Qs|Qh/Ks:0|0:DeepStack|TCC_AI
STATE:927:r800r1200c/:As|Ah/Qh:0|0:TCC_AI|DeepStack
STATE:928:cr300c/cc:Qh|As/Ks:-300|300:DeepStack|TCC_AI
STATE:929:cr300r900f:As|Qh:300|-300:TCC_AI|DeepStack
STATE:930:cc/cc:Kh|Qh/Ks:100|-100:DeepStack|TCC_AI
STATE:931:cc/cc:Qh|Kh/Qs:100|-100:TCC_AI|DeepStack
STATE:932:cr200c/r1200f:Qh|Ah/Qs:200|-200:DeepStack|TCC_AI
STATE:933:cc/cc:Ks|Kh/Qs:0|0:TCC_AI|DeepStack
STATE:934:cr300f:Ks|Qh:-100|100:DeepStack|TCC_AI
STATE:935:cc/cr300f:Ks|Qh/Qs:-100|100:TCC_AI|DeepStack
STATE:936:cr500f:Qh|As:-100|100:DeepStack|TCC_AI
STATE:937:cc/cr300r700f:Ks|Qs/Kh:300|-300:TCC_AI|DeepStack
STATE:938:cr300c/cr400c:Kh|As/Qh:-400|400:DeepStack|TCC_AI
STATE:939:cr300r800c/r1000f:As|Qh/Ah:800|-800:TCC_AI|DeepStack
STATE:940:cc/cc:Kh|Ks/As:0|0:DeepStack|TCC_AI
STATE:941:cc/cr300f:Ks|Qh/Qs:-100|100:TCC_AI|DeepStack
STATE:942:cc/r300f:Ks|Qh/Ah:100|-100:DeepStack|TCC_AI
STATE:943:r600f:Ah|Qs:100|-100:TCC_AI|DeepStack
STATE:944:cc/cc:As|Qh/Ks:100|-100:DeepStack|TCC_AI
STATE:945:cr300c/cc:Kh|Ah/Ks:300|-300:TCC_AI|DeepStack
STATE:946:cc/r300f:Ah|Kh/As:100|-100:DeepStack|TCC_AI
STATE:947:cc/cc:Kh|Qs/As:100|-100:TCC_AI|DeepStack
STATE:948:cc/cc:Qs|Kh/Ah:-100|100:DeepStack|TCC_AI
STATE:949:cr300f:Ks|Qs:-100|100:TCC_AI|DeepStack
STATE:950:cc/cc:Qh|Qs/Ah:0|0:DeepStack|TCC_AI
STATE:951:cc/cc:Kh|Qs/Ah:100|-100:TCC_AI|DeepStack
STATE:952:cr300f:Qh|As:-100|100:DeepStack|TCC_AI
STATE:953:cr300f:Qh|Ks:-100|100:TCC_AI|DeepStack
STATE:954:r1200f:Ah|Ks:100|-100:DeepStack|TCC_AI
STATE:955:cr300f:Ks|Kh:-100|100:TCC_AI|DeepStack
STATE:956:cc/cc:Ah|Ks/Qs:100|-100:DeepStack|TCC_AI
STATE:957:cr300r800r1200c/:As|Ah/Qh:0|0:TCC_AI|DeepStack
STATE:958:r300c/cr1200c:Kh|Qs/Ks:1200|-1200:DeepStack|TCC_AI
STATE:959:cc/cc:Kh|Ks/As:0|0:TCC_AI|DeepStack
STATE:960:cr200c/r600c:Qh|As/Qs:600|-600:DeepStack|TCC_AI
STATE:961:cc/cc:Qs|Ks/Qh:100|-100:TCC_AI|DeepStack
STATE:962:cr300f:Qh|Ah:-100|100:DeepStack|TCC_AI
STATE:963:cc/cr300f:As|Qh/Qs:-100|100:TCC_AI|DeepStack
STATE:964:cc/cr200f:As|Ks/Kh:-100|100:DeepStack|TCC_AI
STATE:965:cc/cc:Qs|Qh/As:0|0:TCC_AI|DeepStack
STATE:966:cr300r1200c/:As|Ah/Kh:0|0:DeepStack|TCC_AI
STATE:967:cc/r500f:Ah|Qh/As:100|-100:TCC_AI|DeepStack
STATE:968:cr200c/r1200f:Qh|Ks/Qs:200|-200:DeepStack|TCC_AI
STATE:969:cc/cc:Qh|Ah/Ks:-100|100:TCC_AI|DeepStack
STATE:970:cc/cc:Qs|Ks/Qh:100|-100:DeepStack|TCC_AI
STATE:971:cc/cr300c:Ah|Qh/Qs:-300|300:TCC_AI|DeepStack
STATE:972:cc/cc:Ah|Qs/Kh:100|-100:DeepStack|TCC_AI
STATE:973:cr1200c/:As|Ah/Kh:0|0:TCC_AI|DeepStack
STATE:974:cr300f:Ks|Qs:-100|100:DeepStack|TCC_AI
STATE:975:cc/cr300c:As|Qs/Qh:-300|300:TCC_AI|DeepStack
STATE:976:cr200r1200f:As|Kh:200|-200:DeepStack|TCC_AI
STATE:977:cr300r800c/r1100r1200c:As|Ah/Qs:0|0:TCC_AI|DeepStack
STATE:978:cc/cc:Ah|Ks/Qs:100|-100:DeepStack|TCC_AI
STATE:979:cc/cc:Qs|Ah/Qh:100|-100:TCC_AI|DeepStack
STATE:980:cc/cr200f:Qh|Kh/Ks:-100|100:DeepStack|TCC_AI
STATE:981:r800f:As|Qs:100|-100:TCC_AI|DeepStack
STATE:982:r1200f:Ah|Qs:100|-100:DeepStack|TCC_AI
STATE:983:cr300f:Kh|Ks:-100|100:TCC_AI|DeepStack
STATE:984:cc/cr200f:Kh|Qh/Qs:-100|100:DeepStack|TCC_AI
STATE:985:cc/cc:Qh|Kh/As:-100|100:TCC_AI|DeepStack
STATE:986:cr200c/cr1100f:Kh|As/Ah:-200|200:DeepStack|TCC_AI
STATE:987:cr300c/cr1200f:Ks|Qh/Qs:-300|300:TCC_AI|DeepStack
STATE:988:cr300c/cr800c:Ks|Kh/As:0|0:DeepStack|TCC_AI
STATE:989:cr300r800f:Ah|Kh:300|-300:TCC_AI|DeepStack
STATE:990:cc/cc:As|Ks/Qs:100|-100:DeepStack|TCC_AI
STATE:991:cc/r500f:Ks|Qh/Ah:100|-100:TCC_AI|DeepStack
STATE:992:cr300f:Kh|Qs:-100|100:DeepStack|TCC_AI
STATE:993:cc/cc:Ks|Kh/Qs:0|0:TCC_AI|DeepStack
STATE:994:cc/cc:Qh|Qs/Ah:0|0:DeepStack|TCC_AI
STATE:995:cc/cr300f:Ks|Qh/Qs:-100|100:TCC_AI|DeepStack
STATE:996:cr300r1200c/:Ah|As/Qs:0|0:DeepStack|TCC_AI
STATE:997:r600f:Ah|Qh:100|-100:TCC_AI|DeepStack
STATE:998:r300c/cc:Kh|Qs/As:300|-300:DeepStack|TCC_AI
STATE:999:cr300f:Ks|As:-100|100:TCC_AI|DeepStack
SCORE:-4000|4000:DeepStack|TCC_AI
