# name/game/hands/seed c3_cfr20kk_1kgames leduc.game 1000 33
#--t_response 600000
#--t_hand 600000
#--t_per_hand 7000
STATE:0:cc/cc:Qh|Qs/As:0|0:DeepStack|TCC_AI
STATE:1:cc/cr300r700f:Ks|Qs/Kh:300|-300:TCC_AI|DeepStack
STATE:2:cc/r300f:Kh|Qh/Ah:100|-100:DeepStack|TCC_AI
STATE:3:r600f:As|Qh:100|-100:TCC_AI|DeepStack
STATE:4:cc/cc:Ks|Qs/Kh:100|-100:DeepStack|TCC_AI
STATE:5:cc/cc:As|Qs/Kh:100|-100:TCC_AI|DeepStack
STATE:6:cr300f:Kh|Ah:-100|100:DeepStack|TCC_AI
STATE:7:cr300f:Qs|Qh:-100|100:TCC_AI|DeepStack
STATE:8:cc/cc:Qh|Qs/As:0|0:DeepStack|TCC_AI
STATE:9:r800f:Ah|Ks:100|-100:TCC_AI|DeepStack
STATE:10:cr200r600c/r1200f:Ah|Kh/Qh:600|-600:DeepStack|TCC_AI
STATE:11:r600f:Ah|Kh:100|-100:TCC_AI|DeepStack
STATE:12:cc/cc:Kh|Ks/Qs:0|0:DeepStack|TCC_AI
STATE:13:cc/r700f:Qs|Ks/As:100|-100:TCC_AI|DeepStack
STATE:14:cr300f:Qs|Ah:-100|100:DeepStack|TCC_AI
STATE:15:r800f:Ah|Qh:100|-100:TCC_AI|DeepStack
STATE:16:cc/r300f:Kh|Qh/As:100|-100:DeepStack|TCC_AI
STATE:17:cc/cc:Ks|Qh/As:100|-100:TCC_AI|DeepStack
STATE:18:r300c/cc:Ks|As/Kh:300|-300:DeepStack|TCC_AI
STATE:19:cc/r400f:Ah|Kh/As:100|-100:TCC_AI|DeepStack
STATE:20:r300f:Qs|Ks:100|-100:DeepStack|TCC_AI
STATE:21:cr300f:Kh|Qs:-100|100:TCC_AI|DeepStack
STATE:22:cr600f:Ks|Ah:-100|100:DeepStack|TCC_AI
STATE:23:cc/cr300f:Ks|Qh/Qs:-100|100:TCC_AI|DeepStack
STATE:24:cc/cc:Qs|Ks/As:-100|100:DeepStack|TCC_AI
STATE:25:cc/cc:Qh|Ks/As:-100|100:TCC_AI|DeepStack
STATE:26:r1200f:Ah|Kh:100|-100:DeepStack|TCC_AI
STATE:27:cc/cr300f:Ks|Kh/Qs:-100|100:TCC_AI|DeepStack
STATE:28:cc/r300r700f:Ks|Kh/As:-300|300:DeepStack|TCC_AI
STATE:29:cr300f:Ks|Qh:-100|100:TCC_AI|DeepStack
STATE:30:cr200c/cc:Kh|Ah/Qs:-200|200:DeepStack|TCC_AI
STATE:31:cc/cc:Ah|Ks/As:100|-100:TCC_AI|DeepStack
STATE:32:r1200f:As|Kh:100|-100:DeepStack|TCC_AI
STATE:33:cr300f:Qh|Ah:-100|100:TCC_AI|DeepStack
STATE:34:cr300f:Kh|Ah:-100|100:DeepStack|TCC_AI
STATE:35:cr300f:Qs|Ks:-100|100:TCC_AI|DeepStack
STATE:36:cc/cc:Qs|Ks/Ah:-100|100:DeepStack|TCC_AI
STATE:37:cr300f:Qs|As:-100|100:TCC_AI|DeepStack
STATE:38:cc/cr200f:Kh|Qs/Qh:-100|100:DeepStack|TCC_AI
STATE:39:cc/cc:Qs|Ks/Qh:100|-100:TCC_AI|DeepStack
STATE:40:r1200c/:Ah|As/Qs:0|0:DeepStack|TCC_AI
STATE:41:cr300f:Ks|Ah:-100|100:TCC_AI|DeepStack
STATE:42:cc/cc:As|Qs/Kh:100|-100:DeepStack|TCC_AI
STATE:43:cc/cc:Kh|Qs/Ks:100|-100:TCC_AI|DeepStack
STATE:44:cc/cc:Ks|Qs/Kh:100|-100:DeepStack|TCC_AI
STATE:45:cc/cr300r700f:Ks|Qh/Kh:300|-300:TCC_AI|DeepStack
STATE:46:cc/cc:Kh|Ks/Qh:0|0:DeepStack|TCC_AI
STATE:47:cc/cc:Qs|Kh/Qh:100|-100:TCC_AI|DeepStack
STATE:48:cc/cc:Ah|Qs/Ks:100|-100:DeepStack|TCC_AI
STATE:49:cr300f:Qh|Qs:-100|100:TCC_AI|DeepStack
STATE:50:cc/r300f:Kh|Qh/Ah:100|-100:DeepStack|TCC_AI
STATE:51:cc/cc:Qh|Qs/Ks:0|0:TCC_AI|DeepStack
STATE:52:cr300c/cr400c:Ah|Ks/Kh:-400|400:DeepStack|TCC_AI
STATE:53:cr1200c/:As|Ah/Qs:0|0:TCC_AI|DeepStack
STATE:54:cr300f:Kh|Ks:-100|100:DeepStack|TCC_AI
STATE:55:cr300c/cr1200c:As|Qh/Ah:1200|-1200:TCC_AI|DeepStack
STATE:56:r1200f:Ah|Qh:100|-100:DeepStack|TCC_AI
STATE:57:r200c/cr1200c:Ah|Qs/Qh:-1200|1200:TCC_AI|DeepStack
STATE:58:cc/cr200f:Ks|Qh/Qs:-100|100:DeepStack|TCC_AI
STATE:59:r800r1200c/:As|Ah/Qh:0|0:TCC_AI|DeepStack
STATE:60:cr300f:Qh|Ks:-100|100:DeepStack|TCC_AI
STATE:61:cc/cc:Ks|Qs/Kh:100|-100:TCC_AI|DeepStack
STATE:62:r1200f:As|Qh:100|-100:DeepStack|TCC_AI
STATE:63:r800f:As|Qh:100|-100:TCC_AI|DeepStack
STATE:64:r300c/r1200f:As|Kh/Ah:300|-300:DeepStack|TCC_AI
STATE:65:cc/cr300r1000f:Qs|Ks/Qh:300|-300:TCC_AI|DeepStack
STATE:66:cr300f:Qh|As:-100|100:DeepStack|TCC_AI
STATE:67:cc/cc:As|Ks/Qh:100|-100:TCC_AI|DeepStack
STATE:68:cc/cr600f:Qh|Kh/As:-100|100:DeepStack|TCC_AI
STATE:69:cc/r500f:Kh|Qs/Ah:100|-100:TCC_AI|DeepStack
STATE:70:cc/cc:Qs|Ks/Qh:100|-100:DeepStack|TCC_AI
STATE:71:cc/cr300f:Qh|Kh/As:-100|100:TCC_AI|DeepStack
STATE:72:r1200f:As|Qs:100|-100:DeepStack|TCC_AI
STATE:73:cr300c/cc:Kh|Ah/Qh:-300|300:TCC_AI|DeepStack
STATE:74:cr300c/cc:Qs|Ah/Ks:-300|300:DeepStack|TCC_AI
STATE:75:cr300f:Qh|Ah:-100|100:TCC_AI|DeepStack
STATE:76:cr300f:Ks|As:-100|100:DeepStack|TCC_AI
STATE:77:cc/cc:Qh|Ah/Qs:100|-100:TCC_AI|DeepStack
STATE:78:cr300c/r1200f:Qs|As/Ks:300|-300:DeepStack|TCC_AI
STATE:79:cc/cc:Qs|Qh/As:0|0:TCC_AI|DeepStack
STATE:80:r1200f:Ah|Qh:100|-100:DeepStack|TCC_AI
STATE:81:cr1200f:Ks|As:-100|100:TCC_AI|DeepStack
STATE:82:cr300f:Ks|As:-100|100:DeepStack|TCC_AI
STATE:83:cr300f:Kh|Ah:-100|100:TCC_AI|DeepStack
STATE:84:cr300f:Qh|Ah:-100|100:DeepStack|TCC_AI
STATE:85:cr300r900f:Ah|Qh:300|-300:TCC_AI|DeepStack
STATE:86:cr300f:Ks|As:-100|100:DeepStack|TCC_AI
STATE:87:r500f:Ah|Ks:100|-100:TCC_AI|DeepStack
STATE:88:cr400f:Qh|Ks:-100|100:DeepStack|TCC_AI
STATE:89:cr300f:Qh|As:-100|100:TCC_AI|DeepStack
STATE:90:cc/cc:Ks|Kh/Qh:0|0:DeepStack|TCC_AI
STATE:91:cr300f:Ks|Qs:-100|100:TCC_AI|DeepStack
STATE:92:cc/cr200f:Qh|Kh/As:-100|100:DeepStack|TCC_AI
STATE:93:cc/cc:Qh|Ah/Ks:-100|100:TCC_AI|DeepStack
STATE:94:cc/cc:Qh|Qs/As:0|0:DeepStack|TCC_AI
STATE:95:cc/r300c:Kh|Ks/As:0|0:TCC_AI|DeepStack
STATE:96:cc/cc:Qs|Qh/Ks:0|0:DeepStack|TCC_AI
STATE:97:cc/cc:Qs|Qh/As:0|0:TCC_AI|DeepStack
STATE:98:cc/cc:As|Kh/Qh:100|-100:DeepStack|TCC_AI
STATE:99:cr300r800f:Ah|Qh:300|-300:TCC_AI|DeepStack
STATE:100:cr300f:Kh|Qs:-100|100:DeepStack|TCC_AI
STATE:101:r300c/r700f:Ks|Qs/As:300|-300:TCC_AI|DeepStack
STATE:102:cr300f:Kh|As:-100|100:DeepStack|TCC_AI
STATE:103:r800f:As|Ks:100|-100:TCC_AI|DeepStack
STATE:104:cc/cr200f:Ks|Qs/Qh:-100|100:DeepStack|TCC_AI
STATE:105:cc/cc:Qs|Qh/Ks:0|0:TCC_AI|DeepStack
STATE:106:cc/cr200c:Ah|Ks/Kh:-200|200:DeepStack|TCC_AI
STATE:107:cc/cr300f:As|Kh/Ks:-100|100:TCC_AI|DeepStack
STATE:108:cc/cr200f:Qs|Ks/Kh:-100|100:DeepStack|TCC_AI
STATE:109:cc/r500f:As|Qs/Ah:100|-100:TCC_AI|DeepStack
STATE:110:cc/cr200c:As|Ks/Qh:200|-200:DeepStack|TCC_AI
STATE:111:cr300f:Qh|Ah:-100|100:TCC_AI|DeepStack
STATE:112:cc/cr200f:Kh|Qs/Qh:-100|100:DeepStack|TCC_AI
STATE:113:cc/cr300f:Ks|Kh/Qh:-100|100:TCC_AI|DeepStack
STATE:114:r1200f:Ah|Ks:100|-100:DeepStack|TCC_AI
STATE:115:cc/cc:Ah|Qh/Kh:100|-100:TCC_AI|DeepStack
STATE:116:cc/cc:Kh|Qh/As:100|-100:DeepStack|TCC_AI
STATE:117:cc/cc:Ks|Kh/Ah:0|0:TCC_AI|DeepStack
STATE:118:cc/r300f:As|Qh/Ah:100|-100:DeepStack|TCC_AI
STATE:119:cc/cc:Ah|Kh/Qh:100|-100:TCC_AI|DeepStack
STATE:120:cr300r1200f:Ah|Ks:300|-300:DeepStack|TCC_AI
STATE:121:cc/cc:Ah|Kh/Qh:100|-100:TCC_AI|DeepStack
STATE:122:cr300f:Kh|Ah:-100|100:DeepStack|TCC_AI
STATE:123:cc/cc:As|Qh/Kh:100|-100:TCC_AI|DeepStack
STATE:124:cc/cr300f:Qh|Ks/Kh:-100|100:DeepStack|TCC_AI
STATE:125:cc/cc:As|Qh/Kh:100|-100:TCC_AI|DeepStack
STATE:126:cc/cc:Ks|Kh/Qh:0|0:DeepStack|TCC_AI
STATE:127:cc/cr300f:As|Qs/Kh:-100|100:TCC_AI|DeepStack
STATE:128:cr400f:Ks|Qh:-100|100:DeepStack|TCC_AI
STATE:129:r500c/cc:Ah|Kh/Qh:500|-500:TCC_AI|DeepStack
STATE:130:r1200f:Ah|Qs:100|-100:DeepStack|TCC_AI
STATE:131:cc/r500f:Qh|Qs/Ah:100|-100:TCC_AI|DeepStack
STATE:132:cr400f:Ks|Ah:-100|100:DeepStack|TCC_AI
STATE:133:cc/r400c:Ah|Kh/As:400|-400:TCC_AI|DeepStack
STATE:134:cc/cc:Qh|Qs/Ks:0|0:DeepStack|TCC_AI
STATE:135:cc/r300f:Kh|Qh/Ah:100|-100:TCC_AI|DeepStack
STATE:136:cc/cr200c:Ah|Qs/Qh:-200|200:DeepStack|TCC_AI
STATE:137:cc/cc:Kh|Qh/Ks:100|-100:TCC_AI|DeepStack
STATE:138:cc/r300f:Kh|Ks/Ah:100|-100:DeepStack|TCC_AI
STATE:139:cc/cc:Qh|Qs/Ah:0|0:TCC_AI|DeepStack
STATE:140:cc/cr200r600f:Kh|Qh/Ks:200|-200:DeepStack|TCC_AI
STATE:141:cr1200f:Qs|As:-100|100:TCC_AI|DeepStack
STATE:142:r1200c/:As|Ah/Kh:0|0:DeepStack|TCC_AI
STATE:143:cr300f:Ks|Qs:-100|100:TCC_AI|DeepStack
STATE:144:cr300f:Kh|As:-100|100:DeepStack|TCC_AI
STATE:145:r600r1200c/:Ah|As/Qs:0|0:TCC_AI|DeepStack
STATE:146:cr300f:Qh|Kh:-100|100:DeepStack|TCC_AI
STATE:147:cc/r300c:As|Ks/Ah:300|-300:TCC_AI|DeepStack
STATE:148:cc/r1200f:Qs|Ks/As:100|-100:DeepStack|TCC_AI
STATE:149:cr300r800c/r900r1200c:As|Ah/Qh:0|0:TCC_AI|DeepStack
STATE:150:cc/r300f:Kh|Qs/Ah:100|-100:DeepStack|TCC_AI
STATE:151:cc/cc:As|Qh/Ah:100|-100:TCC_AI|DeepStack
STATE:152:cc/cc:Kh|Ks/Qh:0|0:DeepStack|TCC_AI
STATE:153:cc/cc:As|Ah/Qs:0|0:TCC_AI|DeepStack
STATE:154:cc/cr200f:Ks|Kh/Qh:-100|100:DeepStack|TCC_AI
STATE:155:cr300f:Qs|Ah:-100|100:TCC_AI|DeepStack
STATE:156:cc/cc:Qs|Qh/Ks:0|0:DeepStack|TCC_AI
STATE:157:cc/r400f:Ks|Qh/Ah:100|-100:TCC_AI|DeepStack
STATE:158:cc/r300f:Kh|Qh/As:100|-100:DeepStack|TCC_AI
STATE:159:cc/cc:Qh|Qs/As:0|0:TCC_AI|DeepStack
STATE:160:cc/cc:Qs|Qh/As:0|0:DeepStack|TCC_AI
STATE:161:cc/cc:Qs|Qh/Ah:0|0:TCC_AI|DeepStack
STATE:162:cc/cr200f:Qh|Kh/Ks:-100|100:DeepStack|TCC_AI
STATE:163:cc/cc:Qh|Qs/Ks:0|0:TCC_AI|DeepStack
STATE:164:cc/cc:Qs|Qh/Kh:0|0:DeepStack|TCC_AI
STATE:165:cr300f:Kh|Ah:-100|100:TCC_AI|DeepStack
STATE:166:cc/cr200f:Qs|Ks/Kh:-100|100:DeepStack|TCC_AI
STATE:167:cr1200f:Qh|As:-100|100:TCC_AI|DeepStack
STATE:168:cr300f:Qs|As:-100|100:DeepStack|TCC_AI
STATE:169:cc/cr300r1000f:Qh|Kh/Qs:300|-300:TCC_AI|DeepStack
STATE:170:r1200f:Ah|Kh:100|-100:DeepStack|TCC_AI
STATE:171:cc/cc:Qs|Qh/Ks:0|0:TCC_AI|DeepStack
STATE:172:cc/cc:As|Kh/Qs:100|-100:DeepStack|TCC_AI
STATE:173:cc/cc:Kh|As/Ks:100|-100:TCC_AI|DeepStack
STATE:174:r300c/cr1100f:Ks|Qs/Qh:-300|300:DeepStack|TCC_AI
STATE:175:cr300c/cr900f:Qs|Ah/As:-300|300:TCC_AI|DeepStack
STATE:176:cr400f:Ks|As:-100|100:DeepStack|TCC_AI
STATE:177:cr300c/r1100f:Kh|Ah/Ks:300|-300:TCC_AI|DeepStack
STATE:178:cc/cc:Qh|Kh/Ah:-100|100:DeepStack|TCC_AI
STATE:179:cr300f:Qh|Ah:-100|100:TCC_AI|DeepStack
STATE:180:cr300f:Kh|As:-100|100:DeepStack|TCC_AI
STATE:181:r600r1200c/:As|Ah/Kh:0|0:TCC_AI|DeepStack
STATE:182:cr300c/cr800c:Kh|Ks/Ah:0|0:DeepStack|TCC_AI
STATE:183:cr300f:Qs|Kh:-100|100:TCC_AI|DeepStack
STATE:184:cc/cc:Qs|Ah/Ks:-100|100:DeepStack|TCC_AI
STATE:185:cr300f:Qs|As:-100|100:TCC_AI|DeepStack
STATE:186:r1200c/:Ah|As/Ks:0|0:DeepStack|TCC_AI
STATE:187:r800f:Ah|Qs:100|-100:TCC_AI|DeepStack
STATE:188:cr300f:Qh|Kh:-100|100:DeepStack|TCC_AI
STATE:189:cc/cr300f:Qs|Kh/Ks:-100|100:TCC_AI|DeepStack
STATE:190:cc/cc:As|Kh/Qs:100|-100:DeepStack|TCC_AI
STATE:191:cc/cc:Qh|Kh/Ah:-100|100:TCC_AI|DeepStack
STATE:192:r1200c/:As|Ah/Kh:0|0:DeepStack|TCC_AI
STATE:193:r600f:Ah|Ks:100|-100:TCC_AI|DeepStack
STATE:194:cc/r300f:Ks|Qs/As:100|-100:DeepStack|TCC_AI
STATE:195:cc/cc:Qs|Kh/Qh:100|-100:TCC_AI|DeepStack
STATE:196:cr300f:Qh|As:-100|100:DeepStack|TCC_AI
STATE:197:cr300r800c/r1000r1200c:Ah|As/Qs:0|0:TCC_AI|DeepStack
STATE:198:cc/cr500f:Qs|Ks/As:-100|100:DeepStack|TCC_AI
STATE:199:cr1200f:Qh|As:-100|100:TCC_AI|DeepStack
STATE:200:r1200c/:As|Ah/Kh:0|0:DeepStack|TCC_AI
STATE:201:cc/r500f:Kh|Qs/Ah:100|-100:TCC_AI|DeepStack
STATE:202:cr300c/cr400f:Ks|As/Qh:-300|300:DeepStack|TCC_AI
STATE:203:cr300f:Ks|As:-100|100:TCC_AI|DeepStack
STATE:204:cc/cc:As|Qs/Kh:100|-100:DeepStack|TCC_AI
STATE:205:r600r1200c/:Ah|As/Kh:0|0:TCC_AI|DeepStack
STATE:206:cc/cc:Kh|Ah/Ks:100|-100:DeepStack|TCC_AI
STATE:207:cr300c/cc:Ks|Ah/Qs:-300|300:TCC_AI|DeepStack
STATE:208:cr300c/r900f:Kh|Qh/Ks:300|-300:DeepStack|TCC_AI
STATE:209:cc/cr300f:Ks|Qh/Qs:-100|100:TCC_AI|DeepStack
STATE:210:cr300c/r1200c:Kh|Ah/Ks:1200|-1200:DeepStack|TCC_AI
STATE:211:cr300f:Kh|As:-100|100:TCC_AI|DeepStack
STATE:212:cc/r300f:Ah|Qh/As:100|-100:DeepStack|TCC_AI
STATE:213:cr300f:Kh|Ah:-100|100:TCC_AI|DeepStack
STATE:214:cr300f:Kh|Qs:-100|100:DeepStack|TCC_AI
STATE:215:cr300r800c/cr1200c:As|Qs/Qh:-1200|1200:TCC_AI|DeepStack
STATE:216:cc/cc:Qh|Qs/Kh:0|0:DeepStack|TCC_AI
STATE:217:cr300r900r1200c/:Ah|As/Qh:0|0:TCC_AI|DeepStack
STATE:218:cc/cc:Kh|Ks/Qh:0|0:DeepStack|TCC_AI
STATE:219:cr300f:Ks|Ah:-100|100:TCC_AI|DeepStack
STATE:220:cc/cc:Qh|Qs/Ks:0|0:DeepStack|TCC_AI
STATE:221:cr300f:Qh|Ah:-100|100:TCC_AI|DeepStack
STATE:222:cr300f:Kh|Ah:-100|100:DeepStack|TCC_AI
STATE:223:r800f:As|Qh:100|-100:TCC_AI|DeepStack
STATE:224:r1200f:Ah|Qh:100|-100:DeepStack|TCC_AI
STATE:225:cr300f:Qh|Ah:-100|100:TCC_AI|DeepStack
STATE:226:cr300f:Qs|As:-100|100:DeepStack|TCC_AI
STATE:227:cc/cc:Qs|Qh/As:0|0:TCC_AI|DeepStack
STATE:228:r300c/cr1200f:Ks|Ah/Qs:-300|300:DeepStack|TCC_AI
STATE:229:cr1200f:Kh|As:-100|100:TCC_AI|DeepStack
STATE:230:cc/r300f:Ks|Qh/As:100|-100:DeepStack|TCC_AI
STATE:231:cr300c/r1200f:Qs|As/Qh:300|-300:TCC_AI|DeepStack
STATE:232:r1200c/:As|Ah/Ks:0|0:DeepStack|TCC_AI
STATE:233:cr1200f:Ks|As:-100|100:TCC_AI|DeepStack
STATE:234:cc/cc:As|Ks/Qs:100|-100:DeepStack|TCC_AI
STATE:235:r800f:As|Qh:100|-100:TCC_AI|DeepStack
STATE:236:cr300r1200f:Ah|Ks:300|-300:DeepStack|TCC_AI
STATE:237:cc/cc:Qs|Ks/Ah:-100|100:TCC_AI|DeepStack
STATE:238:cr400f:Qs|Ah:-100|100:DeepStack|TCC_AI
STATE:239:cr300f:Qs|As:-100|100:TCC_AI|DeepStack
STATE:240:cr500f:Ks|As:-100|100:DeepStack|TCC_AI
STATE:241:cc/cc:Ah|Ks/Qs:100|-100:TCC_AI|DeepStack
STATE:242:r1200f:Ah|Qh:100|-100:DeepStack|TCC_AI
STATE:243:cc/cc:Ks|Qs/As:100|-100:TCC_AI|DeepStack
STATE:244:cc/cr200f:Qh|Ks/Kh:-100|100:DeepStack|TCC_AI
STATE:245:cc/r500f:Kh|Qh/As:100|-100:TCC_AI|DeepStack
STATE:246:cc/r300f:As|Kh/Ah:100|-100:DeepStack|TCC_AI
STATE:247:r300c/r1200f:As|Qs/Ah:300|-300:TCC_AI|DeepStack
STATE:248:cc/cc:Ks|Kh/Qh:0|0:DeepStack|TCC_AI
STATE:249:r300c/cr1200c:Ah|Qh/Qs:-1200|1200:TCC_AI|DeepStack
STATE:250:cr300f:Qs|As:-100|100:DeepStack|TCC_AI
STATE:251:cr300c/cr1200f:Qh|As/Ah:-300|300:TCC_AI|DeepStack
STATE:252:cc/cc:Qs|Ks/Ah:-100|100:DeepStack|TCC_AI
STATE:253:r800f:Ah|Ks:100|-100:TCC_AI|DeepStack
STATE:254:r1200f:Ah|Kh:100|-100:DeepStack|TCC_AI
STATE:255:cr300c/r1100f:Qh|As/Ks:300|-300:TCC_AI|DeepStack
STATE:256:cr300f:Qs|Ah:-100|100:DeepStack|TCC_AI
STATE:257:cc/cr300f:Qh|Kh/Ks:-100|100:TCC_AI|DeepStack
STATE:258:cr300f:Qh|As:-100|100:DeepStack|TCC_AI
STATE:259:cr300c/cr900f:Qh|Ah/As:-300|300:TCC_AI|DeepStack
STATE:260:cr300f:Qh|As:-100|100:DeepStack|TCC_AI
STATE:261:cr300r800c/cc:Ah|Qh/Ks:800|-800:TCC_AI|DeepStack
STATE:262:r1200f:Ah|Qs:100|-100:DeepStack|TCC_AI
STATE:263:r500f:Qh|Qs:100|-100:TCC_AI|DeepStack
STATE:264:cc/cr200f:Kh|Qs/Qh:-100|100:DeepStack|TCC_AI
STATE:265:cc/cc:Ks|Kh/Qs:0|0:TCC_AI|DeepStack
STATE:266:cc/cc:Qs|Qh/Ah:0|0:DeepStack|TCC_AI
STATE:267:cc/cc:Qh|Kh/Qs:100|-100:TCC_AI|DeepStack
STATE:268:cc/cr200f:As|Qh/Qs:-100|100:DeepStack|TCC_AI
STATE:269:cr300f:Ks|As:-100|100:TCC_AI|DeepStack
STATE:270:cr300f:Kh|Ah:-100|100:DeepStack|TCC_AI
STATE:271:cr300f:Qh|Kh:-100|100:TCC_AI|DeepStack
STATE:272:cr300c/r1200c:Ks|As/Kh:1200|-1200:DeepStack|TCC_AI
STATE:273:cr300f:Ks|Ah:-100|100:TCC_AI|DeepStack
STATE:274:r300c/cr900f:As|Kh/Ks:-300|300:DeepStack|TCC_AI
STATE:275:cc/cc:Qh|Ah/Ks:-100|100:TCC_AI|DeepStack
STATE:276:cc/cc:As|Kh/Qs:100|-100:DeepStack|TCC_AI
STATE:277:cr300c/cr1200f:Ks|Qh/As:-300|300:TCC_AI|DeepStack
STATE:278:cr200c/cc:Qs|As/Ks:-200|200:DeepStack|TCC_AI
STATE:279:r600r1200c/:As|Ah/Kh:0|0:TCC_AI|DeepStack
STATE:280:cr300f:Kh|Ah:-100|100:DeepStack|TCC_AI
STATE:281:cc/r400f:Ks|Qs/Ah:100|-100:TCC_AI|DeepStack
STATE:282:cr300f:Kh|Ah:-100|100:DeepStack|TCC_AI
STATE:283:cr300c/cr1200f:Ah|As/Qh:-300|300:TCC_AI|DeepStack
STATE:284:cc/cc:Qs|Ks/Qh:100|-100:DeepStack|TCC_AI
STATE:285:cc/cr300f:Kh|Qh/Qs:-100|100:TCC_AI|DeepStack
STATE:286:cc/cc:Qs|Qh/Ks:0|0:DeepStack|TCC_AI
STATE:287:r600f:As|Qs:100|-100:TCC_AI|DeepStack
STATE:288:cc/cc:Qh|Kh/Ah:-100|100:DeepStack|TCC_AI
STATE:289:cc/cc:Qs|Ks/Ah:-100|100:TCC_AI|DeepStack
STATE:290:cc/r1200c:Qh|Ks/As:-1200|1200:DeepStack|TCC_AI
STATE:291:cr300f:Ks|Ah:-100|100:TCC_AI|DeepStack
STATE:292:cc/cc:Kh|Qs/Ks:100|-100:DeepStack|TCC_AI
STATE:293:cc/cc:Ks|Qh/Ah:100|-100:TCC_AI|DeepStack
STATE:294:cc/cc:Qh|Kh/Ah:-100|100:DeepStack|TCC_AI
STATE:295:cr300c/cr1200f:Qs|Ah/Kh:-300|300:TCC_AI|DeepStack
STATE:296:cr300c/cr700f:Qs|As/Ah:-300|300:DeepStack|TCC_AI
STATE:297:cr300r800c/r1000r1200c:As|Ah/Qh:0|0:TCC_AI|DeepStack
STATE:298:cr300f:Qh|As:-100|100:DeepStack|TCC_AI
STATE:299:cc/r400f:Kh|Ks/As:100|-100:TCC_AI|DeepStack
STATE:300:cc/cr300f:Ks|Qs/Qh:-100|100:DeepStack|TCC_AI
STATE:301:cc/cr300f:Qh|Ks/Kh:-100|100:TCC_AI|DeepStack
STATE:302:cc/cc:Qs|Qh/Ks:0|0:DeepStack|TCC_AI
STATE:303:cr300f:Kh|Ah:-100|100:TCC_AI|DeepStack
STATE:304:cc/cc:As|Kh/Qh:100|-100:DeepStack|TCC_AI
STATE:305:cr300f:Ks|As:-100|100:TCC_AI|DeepStack
STATE:306:cc/cr300f:Qs|Ah/As:-100|100:DeepStack|TCC_AI
STATE:307:cr300f:Qh|Ah:-100|100:TCC_AI|DeepStack
STATE:308:cr300f:Qs|Ah:-100|100:DeepStack|TCC_AI
STATE:309:cc/cc:Qh|Qs/Kh:0|0:TCC_AI|DeepStack
STATE:310:cr300f:Ks|Ah:-100|100:DeepStack|TCC_AI
STATE:311:cr300c/cr1200f:Kh|Qh/As:-300|300:TCC_AI|DeepStack
STATE:312:cr300f:Kh|As:-100|100:DeepStack|TCC_AI
STATE:313:cc/cc:Qs|Kh/Qh:100|-100:TCC_AI|DeepStack
STATE:314:cr400f:Kh|Ah:-100|100:DeepStack|TCC_AI
STATE:315:cr300c/cc:Qh|Ah/Ks:-300|300:TCC_AI|DeepStack
STATE:316:cc/cc:As|Qs/Kh:100|-100:DeepStack|TCC_AI
STATE:317:cc/cr1200c:Kh|Qh/As:1200|-1200:TCC_AI|DeepStack
STATE:318:cr300c/r1200c:Ks|Ah/Kh:1200|-1200:DeepStack|TCC_AI
STATE:319:r800f:Ah|Ks:100|-100:TCC_AI|DeepStack
STATE:320:cc/cr200f:Ks|Qs/Qh:-100|100:DeepStack|TCC_AI
STATE:321:cr300f:Ks|As:-100|100:TCC_AI|DeepStack
STATE:322:r300r800f:Qs|Ah:-300|300:DeepStack|TCC_AI
STATE:323:cc/cr300c:As|Qs/Qh:-300|300:TCC_AI|DeepStack
STATE:324:cc/cc:Qh|Kh/Qs:100|-100:DeepStack|TCC_AI
STATE:325:cc/cc:As|Ah/Qh:0|0:TCC_AI|DeepStack
STATE:326:cc/cc:Qs|Qh/Ah:0|0:DeepStack|TCC_AI
STATE:327:cc/cc:Ah|Qs/Ks:100|-100:TCC_AI|DeepStack
STATE:328:cc/cr200f:Qh|Kh/Ks:-100|100:DeepStack|TCC_AI
STATE:329:cc/cr300f:Qs|Ks/Kh:-100|100:TCC_AI|DeepStack
STATE:330:r1200f:As|Qs:100|-100:DeepStack|TCC_AI
STATE:331:cc/r400f:As|Qh/Ah:100|-100:TCC_AI|DeepStack
STATE:332:cc/r300c:Ah|Kh/As:300|-300:DeepStack|TCC_AI
STATE:333:cc/cr300f:Kh|Ks/Qh:-100|100:TCC_AI|DeepStack
STATE:334:cc/cc:Qs|Qh/Kh:0|0:DeepStack|TCC_AI
STATE:335:cr300f:Kh|As:-100|100:TCC_AI|DeepStack
STATE:336:cr300r1200f:Ah|Qh:300|-300:DeepStack|TCC_AI
STATE:337:cc/cr300r1000f:Qs|Ks/Qh:300|-300:TCC_AI|DeepStack
STATE:338:cc/cc:Qh|Qs/As:0|0:DeepStack|TCC_AI
STATE:339:cr300f:Ks|Ah:-100|100:TCC_AI|DeepStack
STATE:340:cc/cc:Ah|Qh/Kh:100|-100:DeepStack|TCC_AI
STATE:341:cc/r400f:Ks|Qh/As:100|-100:TCC_AI|DeepStack
STATE:342:cr300c/r1200f:Kh|As/Ks:300|-300:DeepStack|TCC_AI
STATE:343:cc/cc:Ks|Qh/Kh:100|-100:TCC_AI|DeepStack
STATE:344:cr300c/cr400c:Ks|Ah/Qh:-400|400:DeepStack|TCC_AI
STATE:345:cr300f:Kh|Qh:-100|100:TCC_AI|DeepStack
STATE:346:cr400c/cr1000f:Ks|Qh/As:-400|400:DeepStack|TCC_AI
STATE:347:cr300f:Qh|As:-100|100:TCC_AI|DeepStack
STATE:348:cr300f:Qs|Qh:-100|100:DeepStack|TCC_AI
STATE:349:cr300c/cr900f:Kh|Ah/As:-300|300:TCC_AI|DeepStack
STATE:350:r1200f:As|Qs:100|-100:DeepStack|TCC_AI
STATE:351:cc/cc:Kh|Qh/Ah:100|-100:TCC_AI|DeepStack
STATE:352:cc/cc:Qs|Qh/Ah:0|0:DeepStack|TCC_AI
STATE:353:cr300f:Kh|As:-100|100:TCC_AI|DeepStack
STATE:354:cc/cc:As|Kh/Qs:100|-100:DeepStack|TCC_AI
STATE:355:cc/cr300f:As|Qs/Qh:-100|100:TCC_AI|DeepStack
STATE:356:r300c/cr1200f:Qs|Kh/Ks:-300|300:DeepStack|TCC_AI
STATE:357:r800f:Ah|Kh:100|-100:TCC_AI|DeepStack
STATE:358:r1200f:Ah|Kh:100|-100:DeepStack|TCC_AI
STATE:359:cr1200f:Kh|As:-100|100:TCC_AI|DeepStack
STATE:360:cc/cc:Qs|Qh/Ah:0|0:DeepStack|TCC_AI
STATE:361:cc/r1200f:Qs|Qh/As:100|-100:TCC_AI|DeepStack
STATE:362:cr300f:Qh|As:-100|100:DeepStack|TCC_AI
STATE:363:cc/cc:Qh|Kh/As:-100|100:TCC_AI|DeepStack
STATE:364:cr300f:Qs|As:-100|100:DeepStack|TCC_AI
STATE:365:cc/cc:Ah|Kh/Qh:100|-100:TCC_AI|DeepStack
STATE:366:cr300r1200c/:As|Ah/Ks:0|0:DeepStack|TCC_AI
STATE:367:cc/cr300f:Qh|Ks/Kh:-100|100:TCC_AI|DeepStack
STATE:368:cr300f:Kh|Ah:-100|100:DeepStack|TCC_AI
STATE:369:cc/cc:Qh|Kh/As:-100|100:TCC_AI|DeepStack
STATE:370:cr300f:Qs|As:-100|100:DeepStack|TCC_AI
STATE:371:cc/r400f:Ks|Qh/As:100|-100:TCC_AI|DeepStack
STATE:372:cc/cr200c:As|Qh/Qs:-200|200:DeepStack|TCC_AI
STATE:373:cc/r400c:Ks|Kh/Ah:0|0:TCC_AI|DeepStack
STATE:374:cc/cr200r1200f:Qs|Ks/Qh:200|-200:DeepStack|TCC_AI
STATE:375:cr300f:Ks|As:-100|100:TCC_AI|DeepStack
STATE:376:cc/cc:Qs|Qh/Kh:0|0:DeepStack|TCC_AI
STATE:377:cc/cr300f:As|Ks/Kh:-100|100:TCC_AI|DeepStack
STATE:378:cr300c/cr1100f:Qs|As/Ah:-300|300:DeepStack|TCC_AI
STATE:379:cc/cc:Qh|As/Qs:100|-100:TCC_AI|DeepStack
STATE:380:cc/cc:Qh|Qs/Ks:0|0:DeepStack|TCC_AI
STATE:381:cr300f:Qs|As:-100|100:TCC_AI|DeepStack
STATE:382:cc/cc:Qs|Ks/As:-100|100:DeepStack|TCC_AI
STATE:383:cr300f:Ks|Qs:-100|100:TCC_AI|DeepStack
STATE:384:cr300c/r1200f:Qs|As/Qh:300|-300:DeepStack|TCC_AI
STATE:385:cc/r300f:Ks|Qs/Ah:100|-100:TCC_AI|DeepStack
STATE:386:cc/cc:Ah|Kh/Qh:100|-100:DeepStack|TCC_AI
STATE:387:cr300f:Qh|Qs:-100|100:TCC_AI|DeepStack
STATE:388:cc/cr200c:Ah|Kh/Ks:-200|200:DeepStack|TCC_AI
STATE:389:cc/cc:Qs|Ks/Qh:100|-100:TCC_AI|DeepStack
STATE:390:cc/cc:Ks|Kh/Qs:0|0:DeepStack|TCC_AI
STATE:391:cc/cc:Kh|Qs/Ah:100|-100:TCC_AI|DeepStack
STATE:392:r1200f:Ah|Qs:100|-100:DeepStack|TCC_AI
STATE:393:cc/r500r1200f:Kh|As/Ah:-500|500:TCC_AI|DeepStack
STATE:394:cc/cr300f:Qs|Kh/Ks:-100|100:DeepStack|TCC_AI
STATE:395:cc/cc:Qh|Ks/As:-100|100:TCC_AI|DeepStack
STATE:396:cr300f:Kh|Ah:-100|100:DeepStack|TCC_AI
STATE:397:r600f:As|Qh:100|-100:TCC_AI|DeepStack
STATE:398:cc/r300f:Kh|Qh/Ah:100|-100:DeepStack|TCC_AI
STATE:399:cc/cc:Ah|As/Qs:0|0:TCC_AI|DeepStack
STATE:400:cc/cr200f:Qs|Ks/Kh:-100|100:DeepStack|TCC_AI
STATE:401:cr1200f:Kh|As:-100|100:TCC_AI|DeepStack
STATE:402:cc/cc:Qs|Kh/Ah:-100|100:DeepStack|TCC_AI
STATE:403:cc/cr300f:As|Qs/Ks:-100|100:TCC_AI|DeepStack
STATE:404:cc/cr200c:Ah|Ks/Kh:-200|200:DeepStack|TCC_AI
STATE:405:cc/cr300f:As|Kh/Ks:-100|100:TCC_AI|DeepStack
STATE:406:cc/cc:As|Qh/Kh:100|-100:DeepStack|TCC_AI
STATE:407:cc/cr300f:Kh|Qh/Qs:-100|100:TCC_AI|DeepStack
STATE:408:cc/cr200f:Kh|Qh/Qs:-100|100:DeepStack|TCC_AI
STATE:409:cr300f:Kh|Ks:-100|100:TCC_AI|DeepStack
STATE:410:cr300f:Kh|As:-100|100:DeepStack|TCC_AI
STATE:411:cr300f:Ks|As:-100|100:TCC_AI|DeepStack
STATE:412:r300f:Qh|Qs:100|-100:DeepStack|TCC_AI
STATE:413:r300r900f:Ks|Ah:-300|300:TCC_AI|DeepStack
STATE:414:cr300f:Qs|Ah:-100|100:DeepStack|TCC_AI
STATE:415:cc/cr300f:Qs|Ks/Kh:-100|100:TCC_AI|DeepStack
STATE:416:cc/cc:Qh|Ks/Ah:-100|100:DeepStack|TCC_AI
STATE:417:r1100f:As|Ks:100|-100:TCC_AI|DeepStack
STATE:418:cc/cr200f:Kh|Qh/Qs:-100|100:DeepStack|TCC_AI
STATE:419:cr300f:Ks|As:-100|100:TCC_AI|DeepStack
STATE:420:cc/cr200f:Ks|Qh/Qs:-100|100:DeepStack|TCC_AI
STATE:421:cc/cc:Qh|Kh/Ah:-100|100:TCC_AI|DeepStack
STATE:422:cc/r1200f:Ks|Qh/As:100|-100:DeepStack|TCC_AI
STATE:423:cc/cc:Kh|Ks/Qh:0|0:TCC_AI|DeepStack
STATE:424:cr300c/r1200c:Qs|Ah/Qh:1200|-1200:DeepStack|TCC_AI
STATE:425:cr300r900f:As|Qh:300|-300:TCC_AI|DeepStack
STATE:426:cr300f:Kh|Ah:-100|100:DeepStack|TCC_AI
STATE:427:cr300f:Qs|Ah:-100|100:TCC_AI|DeepStack
STATE:428:cc/cc:Qs|Qh/As:0|0:DeepStack|TCC_AI
STATE:429:cr1200f:Kh|As:-100|100:TCC_AI|DeepStack
STATE:430:cr300c/r1200c:Ks|Ah/Kh:1200|-1200:DeepStack|TCC_AI
STATE:431:cr300f:Qs|As:-100|100:TCC_AI|DeepStack
STATE:432:cc/cc:Qh|Qs/Kh:0|0:DeepStack|TCC_AI
STATE:433:cc/cc:Kh|Ks/As:0|0:TCC_AI|DeepStack
STATE:434:cr300r1200c/:Ah|As/Qh:0|0:DeepStack|TCC_AI
STATE:435:cr1200f:Kh|Ah:-100|100:TCC_AI|DeepStack
STATE:436:cr300f:Ks|Ah:-100|100:DeepStack|TCC_AI
STATE:437:r600f:Ah|Kh:100|-100:TCC_AI|DeepStack
STATE:438:cc/cr200f:Ks|Qs/Qh:-100|100:DeepStack|TCC_AI
STATE:439:cr300f:Qs|Ah:-100|100:TCC_AI|DeepStack
STATE:440:cr300f:Ks|Ah:-100|100:DeepStack|TCC_AI
STATE:441:cr1200f:Kh|As:-100|100:TCC_AI|DeepStack
STATE:442:cc/cc:As|Qs/Kh:100|-100:DeepStack|TCC_AI
STATE:443:cr300f:Kh|As:-100|100:TCC_AI|DeepStack
STATE:444:r1200f:Ah|Kh:100|-100:DeepStack|TCC_AI
STATE:445:cc/cc:Kh|Ah/Qh:-100|100:TCC_AI|DeepStack
STATE:446:cc/cc:As|Kh/Qh:100|-100:DeepStack|TCC_AI
STATE:447:cc/cr300f:As|Ks/Kh:-100|100:TCC_AI|DeepStack
STATE:448:cc/cr200c:As|Qs/Qh:-200|200:DeepStack|TCC_AI
STATE:449:cr300f:Qh|Ah:-100|100:TCC_AI|DeepStack
STATE:450:cc/r300c:Ks|Kh/As:0|0:DeepStack|TCC_AI
STATE:451:cc/r600f:Ah|Qh/As:100|-100:TCC_AI|DeepStack
STATE:452:cc/r300f:As|Qs/Ah:100|-100:DeepStack|TCC_AI
STATE:453:cr300c/cr1200f:Ks|As/Qh:-300|300:TCC_AI|DeepStack
STATE:454:cc/cc:Qs|Ks/As:-100|100:DeepStack|TCC_AI
STATE:455:cc/cc:Kh|Qh/Ks:100|-100:TCC_AI|DeepStack
STATE:456:cr300c/r1200f:Ks|Ah/Qh:300|-300:DeepStack|TCC_AI
STATE:457:r600f:Ah|Qs:100|-100:TCC_AI|DeepStack
STATE:458:cc/cr200c:Ah|Qs/Qh:-200|200:DeepStack|TCC_AI
STATE:459:cr300c/cr1200f:Ks|As/Ah:-300|300:TCC_AI|DeepStack
STATE:460:cc/r300f:Ks|Kh/Ah:100|-100:DeepStack|TCC_AI
STATE:461:cc/cc:Ah|Qh/Ks:100|-100:TCC_AI|DeepStack
STATE:462:r300c/cr1100f:As|Qs/Qh:-300|300:DeepStack|TCC_AI
STATE:463:cr300f:Ks|As:-100|100:TCC_AI|DeepStack
STATE:464:cr200c/cc:Qh|Ah/Ks:-200|200:DeepStack|TCC_AI
STATE:465:cr300r800c/r900f:As|Qh/Ah:800|-800:TCC_AI|DeepStack
STATE:466:cc/r300f:Ks|Qs/As:100|-100:DeepStack|TCC_AI
STATE:467:cr300f:Qh|Kh:-100|100:TCC_AI|DeepStack
STATE:468:cc/cc:Qs|Ks/As:-100|100:DeepStack|TCC_AI
STATE:469:cr300c/r1100f:Ks|Qh/Kh:300|-300:TCC_AI|DeepStack
STATE:470:cc/cc:Qs|Qh/Ks:0|0:DeepStack|TCC_AI
STATE:471:cr300f:Kh|As:-100|100:TCC_AI|DeepStack
STATE:472:cc/cr200c:As|Qs/Qh:-200|200:DeepStack|TCC_AI
STATE:473:cr300f:Qs|As:-100|100:TCC_AI|DeepStack
STATE:474:cr300c/r900c:Ks|As/Qs:-900|900:DeepStack|TCC_AI
STATE:475:cr300f:Ks|Ah:-100|100:TCC_AI|DeepStack
STATE:476:cc/cc:Kh|Qs/Ah:100|-100:DeepStack|TCC_AI
STATE:477:cc/cc:Kh|Ks/Qh:0|0:TCC_AI|DeepStack
STATE:478:cc/cc:Qs|As/Ks:-100|100:DeepStack|TCC_AI
STATE:479:cr300f:Ks|Qh:-100|100:TCC_AI|DeepStack
STATE:480:cr300f:Qh|As:-100|100:DeepStack|TCC_AI
STATE:481:cc/cc:Qs|Kh/Ah:-100|100:TCC_AI|DeepStack
STATE:482:cc/cc:Ah|Kh/Qh:100|-100:DeepStack|TCC_AI
STATE:483:cr300c/r1200f:Qs|Ks/Qh:300|-300:TCC_AI|DeepStack
STATE:484:cc/cc:Ks|Qs/Ah:100|-100:DeepStack|TCC_AI
STATE:485:cc/cc:Qs|Ks/Qh:100|-100:TCC_AI|DeepStack
STATE:486:cr300f:Ks|Ah:-100|100:DeepStack|TCC_AI
STATE:487:r400c/cc:As|Ks/Qh:400|-400:TCC_AI|DeepStack
STATE:488:cc/r300f:Kh|Qh/Ah:100|-100:DeepStack|TCC_AI
STATE:489:r600r1200c/:Ah|As/Kh:0|0:TCC_AI|DeepStack
STATE:490:cc/r300f:Ks|Qh/Ah:100|-100:DeepStack|TCC_AI
STATE:491:cc/cc:Ah|Qh/Kh:100|-100:TCC_AI|DeepStack
STATE:492:cc/cc:Qh|Kh/Qs:100|-100:DeepStack|TCC_AI
STATE:493:cc/r500f:Qh|Qs/Ah:100|-100:TCC_AI|DeepStack
STATE:494:cc/cc:Qh|Kh/Ah:-100|100:DeepStack|TCC_AI
STATE:495:cc/r700c:As|Kh/Ah:700|-700:TCC_AI|DeepStack
STATE:496:cr300f:Qs|Ks:-100|100:DeepStack|TCC_AI
STATE:497:cr300c/cr1200c:Ks|Kh/As:0|0:TCC_AI|DeepStack
STATE:498:cr300r1200f:As|Qs:300|-300:DeepStack|TCC_AI
STATE:499:cr300f:Qh|Ks:-100|100:TCC_AI|DeepStack
STATE:500:cc/cc:Qh|Qs/Ah:0|0:DeepStack|TCC_AI
STATE:501:cr300f:Qs|Kh:-100|100:TCC_AI|DeepStack
STATE:502:cr300f:Qh|Qs:-100|100:DeepStack|TCC_AI
STATE:503:cr300f:Ks|Ah:-100|100:TCC_AI|DeepStack
STATE:504:cc/cc:Qs|Ks/Qh:100|-100:DeepStack|TCC_AI
STATE:505:cc/cc:Kh|Qs/Ks:100|-100:TCC_AI|DeepStack
STATE:506:cc/cr200f:As|Ks/Qs:-100|100:DeepStack|TCC_AI
STATE:507:cc/cc:Qh|As/Qs:100|-100:TCC_AI|DeepStack
STATE:508:cc/cr200r1200f:Qh|Ks/Qs:200|-200:DeepStack|TCC_AI
STATE:509:cc/r600f:Ks|Qh/Ah:100|-100:TCC_AI|DeepStack
STATE:510:cr300c/cr400c:Kh|As/Qs:-400|400:DeepStack|TCC_AI
STATE:511:cc/r1200f:As|Qh/Ah:100|-100:TCC_AI|DeepStack
STATE:512:r300c/cc:Ah|Qs/Kh:300|-300:DeepStack|TCC_AI
STATE:513:cr300f:Qh|Ah:-100|100:TCC_AI|DeepStack
STATE:514:cr300c/cc:Qh|Ks/Ah:-300|300:DeepStack|TCC_AI
STATE:515:cc/cc:Qh|Qs/Kh:0|0:TCC_AI|DeepStack
STATE:516:r1200f:As|Ks:100|-100:DeepStack|TCC_AI
STATE:517:r300f:Ah|Qh:100|-100:TCC_AI|DeepStack
STATE:518:cr400f:Ks|As:-100|100:DeepStack|TCC_AI
STATE:519:cr300c/cr1200f:Kh|Ks/As:-300|300:TCC_AI|DeepStack
STATE:520:cr1200f:Qs|Ah:-100|100:DeepStack|TCC_AI
STATE:521:cr1200f:Kh|As:-100|100:TCC_AI|DeepStack
STATE:522:cc/r1200f:As|Qs/Ah:100|-100:DeepStack|TCC_AI
STATE:523:cr300f:Qh|Ah:-100|100:TCC_AI|DeepStack
STATE:524:cr400f:Kh|As:-100|100:DeepStack|TCC_AI
STATE:525:cc/r200f:Ks|Kh/As:100|-100:TCC_AI|DeepStack
STATE:526:cc/cr300f:Ah|Qh/Qs:-100|100:DeepStack|TCC_AI
STATE:527:cc/cc:Qh|Ks/Ah:-100|100:TCC_AI|DeepStack
STATE:528:cc/r1200f:Qs|Qh/Ah:100|-100:DeepStack|TCC_AI
STATE:529:cc/cc:Qs|Ks/As:-100|100:TCC_AI|DeepStack
STATE:530:cr300f:Kh|As:-100|100:DeepStack|TCC_AI
STATE:531:cc/cc:As|Qs/Kh:100|-100:TCC_AI|DeepStack
STATE:532:cr500f:Kh|As:-100|100:DeepStack|TCC_AI
STATE:533:cr300f:Ks|Qs:-100|100:TCC_AI|DeepStack
STATE:534:cc/r300f:Ks|Kh/As:100|-100:DeepStack|TCC_AI
STATE:535:cr300f:Ks|As:-100|100:TCC_AI|DeepStack
STATE:536:r1200f:Ah|Qh:100|-100:DeepStack|TCC_AI
STATE:537:cr300r800c/r1000f:As|Ks/Qs:800|-800:TCC_AI|DeepStack
STATE:538:cr500f:Kh|As:-100|100:DeepStack|TCC_AI
STATE:539:cr300f:Ks|As:-100|100:TCC_AI|DeepStack
STATE:540:r1200f:Ah|Qs:100|-100:DeepStack|TCC_AI
STATE:541:cc/cc:Qs|Qh/Kh:0|0:TCC_AI|DeepStack
STATE:542:cc/r1200f:Qs|Qh/As:100|-100:DeepStack|TCC_AI
STATE:543:cc/cr300c:Ah|Ks/Kh:-300|300:TCC_AI|DeepStack
STATE:544:cc/r300f:As|Qh/Ah:100|-100:DeepStack|TCC_AI
STATE:545:cc/cr300c:Ah|Qs/Qh:-300|300:TCC_AI|DeepStack
STATE:546:cc/r300f:Kh|Qs/As:100|-100:DeepStack|TCC_AI
STATE:547:cr1200f:Kh|As:-100|100:TCC_AI|DeepStack
STATE:548:cr300f:Qs|As:-100|100:DeepStack|TCC_AI
STATE:549:cr300f:Qh|Kh:-100|100:TCC_AI|DeepStack
STATE:550:cr300c/cr700f:Qh|Ah/As:-300|300:DeepStack|TCC_AI
STATE:551:cc/cc:Qh|Qs/As:0|0:TCC_AI|DeepStack
STATE:552:cc/cc:Qh|Qs/Ks:0|0:DeepStack|TCC_AI
STATE:553:r600f:Ah|Qs:100|-100:TCC_AI|DeepStack
STATE:554:cc/cc:Ks|Ah/Kh:100|-100:DeepStack|TCC_AI
STATE:555:cc/r400f:Ks|Qs/Ah:100|-100:TCC_AI|DeepStack
STATE:556:cc/cc:As|Ks/Qs:100|-100:DeepStack|TCC_AI
STATE:557:cc/r800f:As|Qs/Ah:100|-100:TCC_AI|DeepStack
STATE:558:r1200f:As|Qh:100|-100:DeepStack|TCC_AI
STATE:559:cr300r1000f:Ah|Ks:300|-300:TCC_AI|DeepStack
STATE:560:cr300f:Qs|As:-100|100:DeepStack|TCC_AI
STATE:561:cr300r1200c/:Ah|As/Ks:0|0:TCC_AI|DeepStack
STATE:562:r300c/cr900f:Ah|Qh/Qs:-300|300:DeepStack|TCC_AI
STATE:563:cr300c/cr1200f:Kh|Qs/As:-300|300:TCC_AI|DeepStack
STATE:564:r1200f:Ah|Qh:100|-100:DeepStack|TCC_AI
STATE:565:cr300f:Qs|Qh:-100|100:TCC_AI|DeepStack
STATE:566:cr300f:Ks|Ah:-100|100:DeepStack|TCC_AI
STATE:567:cr300f:Qh|Kh:-100|100:TCC_AI|DeepStack
STATE:568:cr300r1200f:As|Kh:300|-300:DeepStack|TCC_AI
STATE:569:r400f:Ah|Ks:100|-100:TCC_AI|DeepStack
STATE:570:cr300f:Kh|As:-100|100:DeepStack|TCC_AI
STATE:571:cr300c/cr900f:Qs|Ah/As:-300|300:TCC_AI|DeepStack
STATE:572:r1200f:As|Qs:100|-100:DeepStack|TCC_AI
STATE:573:cc/r700f:Ah|Qs/As:100|-100:TCC_AI|DeepStack
STATE:574:cc/cr200f:Ks|Qh/Qs:-100|100:DeepStack|TCC_AI
STATE:575:cc/cc:Ks|Qs/As:100|-100:TCC_AI|DeepStack
STATE:576:cc/cc:Qh|Qs/Ks:0|0:DeepStack|TCC_AI
STATE:577:r600f:Ah|Kh:100|-100:TCC_AI|DeepStack
STATE:578:cc/cc:As|Qs/Ks:100|-100:DeepStack|TCC_AI
STATE:579:cr300f:Qh|As:-100|100:TCC_AI|DeepStack
STATE:580:cc/cr200c:As|Ks/Qh:200|-200:DeepStack|TCC_AI
STATE:581:r800r1200c/:As|Ah/Qh:0|0:TCC_AI|DeepStack
STATE:582:r1200f:Ah|Qh:100|-100:DeepStack|TCC_AI
STATE:583:r300c/cc:Ks|Kh/Qh:0|0:TCC_AI|DeepStack
STATE:584:cr300f:Qs|As:-100|100:DeepStack|TCC_AI
STATE:585:cc/cc:Qh|Qs/As:0|0:TCC_AI|DeepStack
STATE:586:cr300f:Qs|Ah:-100|100:DeepStack|TCC_AI
STATE:587:cc/cr300f:Qh|Kh/Ks:-100|100:TCC_AI|DeepStack
STATE:588:cr200r1200f:As|Ks:200|-200:DeepStack|TCC_AI
STATE:589:cc/cc:Qh|Kh/Ah:-100|100:TCC_AI|DeepStack
STATE:590:cr600f:Ks|Ah:-100|100:DeepStack|TCC_AI
STATE:591:cr300r800c/r900f:As|Qs/Kh:800|-800:TCC_AI|DeepStack
STATE:592:cc/cc:As|Ks/Qs:100|-100:DeepStack|TCC_AI
STATE:593:r300c/cc:Kh|Ks/Ah:0|0:TCC_AI|DeepStack
STATE:594:r1200c/:Ah|As/Qs:0|0:DeepStack|TCC_AI
STATE:595:cc/cc:Qs|Kh/Ah:-100|100:TCC_AI|DeepStack
STATE:596:cr300f:Qh|As:-100|100:DeepStack|TCC_AI
STATE:597:cc/cr300r900f:Qh|Kh/Qs:300|-300:TCC_AI|DeepStack
STATE:598:cc/r1200f:Qh|Kh/As:100|-100:DeepStack|TCC_AI
STATE:599:cr300f:Qh|Ks:-100|100:TCC_AI|DeepStack
STATE:600:r1200f:As|Ks:100|-100:DeepStack|TCC_AI
STATE:601:cc/cc:Ah|Qs/Ks:100|-100:TCC_AI|DeepStack
STATE:602:cr300f:Kh|Qs:-100|100:DeepStack|TCC_AI
STATE:603:cc/cc:Qs|Qh/Kh:0|0:TCC_AI|DeepStack
STATE:604:cr300f:Ks|As:-100|100:DeepStack|TCC_AI
STATE:605:cc/cr300c:As|Kh/Ks:-300|300:TCC_AI|DeepStack
STATE:606:cr300f:Qs|As:-100|100:DeepStack|TCC_AI
STATE:607:cc/r500f:Ks|Qs/Ah:100|-100:TCC_AI|DeepStack
STATE:608:cr300f:Qs|As:-100|100:DeepStack|TCC_AI
STATE:609:r600f:As|Qs:100|-100:TCC_AI|DeepStack
STATE:610:cc/r300c:Ks|Kh/Ah:0|0:DeepStack|TCC_AI
STATE:611:cr300c/cr1200c:Kh|Ah/As:-1200|1200:TCC_AI|DeepStack
STATE:612:cc/r300f:Ks|Qs/As:100|-100:DeepStack|TCC_AI
STATE:613:cc/cc:Qs|Qh/As:0|0:TCC_AI|DeepStack
STATE:614:cc/cc:Qh|Ks/As:-100|100:DeepStack|TCC_AI
STATE:615:cr300f:Qs|Ah:-100|100:TCC_AI|DeepStack
STATE:616:cr200c/cc:Qs|Ks/As:-200|200:DeepStack|TCC_AI
STATE:617:cr300r800r1200c/:Ah|As/Qs:0|0:TCC_AI|DeepStack
STATE:618:r1200f:As|Qs:100|-100:DeepStack|TCC_AI
STATE:619:cr300r800c/r1000f:As|Ks/Qh:800|-800:TCC_AI|DeepStack
STATE:620:cr400f:Qh|As:-100|100:DeepStack|TCC_AI
STATE:621:cr1200f:Qh|Ah:-100|100:TCC_AI|DeepStack
STATE:622:cr600f:Ks|Ah:-100|100:DeepStack|TCC_AI
STATE:623:cr300r1200f:Ah|Qh:300|-300:TCC_AI|DeepStack
STATE:624:cr300f:Kh|As:-100|100:DeepStack|TCC_AI
STATE:625:cr300r800f:Ah|Kh:300|-300:TCC_AI|DeepStack
STATE:626:cr400f:Qs|As:-100|100:DeepStack|TCC_AI
STATE:627:cc/cc:Kh|Qh/As:100|-100:TCC_AI|DeepStack
STATE:628:cc/cc:Ah|Qh/Ks:100|-100:DeepStack|TCC_AI
STATE:629:cc/r500f:Ks|Qs/Ah:100|-100:TCC_AI|DeepStack
STATE:630:r1200f:Ah|Qs:100|-100:DeepStack|TCC_AI
STATE:631:cr300r800f:As|Kh:300|-300:TCC_AI|DeepStack
STATE:632:cc/cc:Qh|Ks/Ah:-100|100:DeepStack|TCC_AI
STATE:633:cc/r500r1200f:Qs|As/Ah:-500|500:TCC_AI|DeepStack
STATE:634:cc/cr200c:As|Ks/Kh:-200|200:DeepStack|TCC_AI
STATE:635:cc/r200f:Kh|Qh/As:100|-100:TCC_AI|DeepStack
STATE:636:cr300f:Qh|Ah:-100|100:DeepStack|TCC_AI
STATE:637:cc/cr300c:As|Qs/Ks:300|-300:TCC_AI|DeepStack
STATE:638:cc/cr200f:Qh|Kh/Ks:-100|100:DeepStack|TCC_AI
STATE:639:cr300c/r1200f:Qh|Qs/Ks:300|-300:TCC_AI|DeepStack
STATE:640:r1200f:Ah|Qh:100|-100:DeepStack|TCC_AI
STATE:641:cc/r400f:Ks|Kh/As:100|-100:TCC_AI|DeepStack
STATE:642:r300c/cc:Qh|Ah/Ks:-300|300:DeepStack|TCC_AI
STATE:643:r300r1200f:Kh|Ah:-300|300:TCC_AI|DeepStack
STATE:644:cc/cc:Ks|Kh/Qh:0|0:DeepStack|TCC_AI
STATE:645:cr300f:Qs|As:-100|100:TCC_AI|DeepStack
STATE:646:r300f:As|Qs:100|-100:DeepStack|TCC_AI
STATE:647:cr1200f:Qs|As:-100|100:TCC_AI|DeepStack
STATE:648:cr300r1200c/:As|Ah/Ks:0|0:DeepStack|TCC_AI
STATE:649:cc/cc:Qs|Kh/As:-100|100:TCC_AI|DeepStack
STATE:650:cr500f:Qs|Ah:-100|100:DeepStack|TCC_AI
STATE:651:cc/cr300f:Qh|Ks/Kh:-100|100:TCC_AI|DeepStack
STATE:652:r300c/cr900c:As|Qh/Ks:900|-900:DeepStack|TCC_AI
STATE:653:cr300f:Qh|Ah:-100|100:TCC_AI|DeepStack
STATE:654:cc/cc:Qs|Ks/Ah:-100|100:DeepStack|TCC_AI
STATE:655:cr300f:Qs|Ah:-100|100:TCC_AI|DeepStack
STATE:656:cc/r300f:Kh|Qh/Ah:100|-100:DeepStack|TCC_AI
STATE:657:cr300f:Kh|Ks:-100|100:TCC_AI|DeepStack
STATE:658:cr300f:Qs|Ks:-100|100:DeepStack|TCC_AI
STATE:659:cc/cr300f:As|Kh/Ks:-100|100:TCC_AI|DeepStack
STATE:660:cr300c/cr800f:Qs|Qh/Ks:-300|300:DeepStack|TCC_AI
STATE:661:r600f:Ah|Ks:100|-100:TCC_AI|DeepStack
STATE:662:cr300f:Qh|As:-100|100:DeepStack|TCC_AI
STATE:663:cr300c/cr1200f:Kh|Ks/As:-300|300:TCC_AI|DeepStack
STATE:664:cc/cc:Ah|Qh/Ks:100|-100:DeepStack|TCC_AI
STATE:665:cc/cc:As|Ks/Qs:100|-100:TCC_AI|DeepStack
STATE:666:cc/cc:Ah|Qh/Ks:100|-100:DeepStack|TCC_AI
STATE:667:cc/cc:Qs|Ks/Ah:-100|100:TCC_AI|DeepStack
STATE:668:cr300f:Qs|As:-100|100:DeepStack|TCC_AI
STATE:669:cc/cc:Qs|Ks/As:-100|100:TCC_AI|DeepStack
STATE:670:cc/cc:Ah|Qs/As:100|-100:DeepStack|TCC_AI
STATE:671:cr300c/cr1200f:Ks|Ah/As:-300|300:TCC_AI|DeepStack
STATE:672:cr300f:Qs|As:-100|100:DeepStack|TCC_AI
STATE:673:cc/cc:Ah|Kh/Qs:100|-100:TCC_AI|DeepStack
STATE:674:cc/cc:Qh|Qs/Ks:0|0:DeepStack|TCC_AI
STATE:675:cr1200f:Qs|Ah:-100|100:TCC_AI|DeepStack
STATE:676:r1200f:As|Qs:100|-100:DeepStack|TCC_AI
STATE:677:r200c/r300c:As|Ah/Ks:0|0:TCC_AI|DeepStack
STATE:678:cr300f:Qs|Ah:-100|100:DeepStack|TCC_AI
STATE:679:cc/cr300f:Qh|Kh/Ks:-100|100:TCC_AI|DeepStack
STATE:680:cr300f:Ks|Qh:-100|100:DeepStack|TCC_AI
STATE:681:cc/cc:Qh|Kh/Ah:-100|100:TCC_AI|DeepStack
STATE:682:cc/cr200f:Ah|Ks/Kh:-100|100:DeepStack|TCC_AI
STATE:683:cr300r900f:Ah|Kh:300|-300:TCC_AI|DeepStack
STATE:684:cr300f:Qs|Kh:-100|100:DeepStack|TCC_AI
STATE:685:cc/cc:Qs|Qh/As:0|0:TCC_AI|DeepStack
STATE:686:cr300f:Qs|As:-100|100:DeepStack|TCC_AI
STATE:687:r800c/r900c:As|Ah/Qh:0|0:TCC_AI|DeepStack
STATE:688:cc/cc:Kh|As/Qh:-100|100:DeepStack|TCC_AI
STATE:689:cc/cr300r700f:Ks|Qs/Kh:300|-300:TCC_AI|DeepStack
STATE:690:r1200f:Ah|Qs:100|-100:DeepStack|TCC_AI
STATE:691:cr300f:Qs|Ah:-100|100:TCC_AI|DeepStack
STATE:692:cc/cr800f:Qh|As/Ah:-100|100:DeepStack|TCC_AI
STATE:693:cc/r500f:As|Ks/Ah:100|-100:TCC_AI|DeepStack
STATE:694:cc/cc:Qh|Ks/Qs:100|-100:DeepStack|TCC_AI
STATE:695:cr300f:Qs|Qh:-100|100:TCC_AI|DeepStack
STATE:696:cr300r1200f:Ah|Qs:300|-300:DeepStack|TCC_AI
STATE:697:cc/cc:Qs|Qh/As:0|0:TCC_AI|DeepStack
STATE:698:cr400c/cr1200f:Ks|Ah/Qh:-400|400:DeepStack|TCC_AI
STATE:699:cr300f:Ks|Ah:-100|100:TCC_AI|DeepStack
STATE:700:cr300f:Ks|Ah:-100|100:DeepStack|TCC_AI
STATE:701:cr300f:Qs|Ks:-100|100:TCC_AI|DeepStack
STATE:702:cc/cr200f:Kh|Qh/Qs:-100|100:DeepStack|TCC_AI
STATE:703:cc/cc:Ks|Qs/Kh:100|-100:TCC_AI|DeepStack
STATE:704:cc/cc:Kh|As/Qh:-100|100:DeepStack|TCC_AI
STATE:705:cc/cr300f:Ah|Ks/Kh:-100|100:TCC_AI|DeepStack
STATE:706:cc/cr300c:Ah|Kh/Qs:300|-300:DeepStack|TCC_AI
STATE:707:cr300r800c/r900f:As|Qh/Ah:800|-800:TCC_AI|DeepStack
STATE:708:cc/cc:Qs|Qh/Kh:0|0:DeepStack|TCC_AI
STATE:709:r300f:As|Qh:100|-100:TCC_AI|DeepStack
STATE:710:cc/cc:Qh|Kh/Qs:100|-100:DeepStack|TCC_AI
STATE:711:r200r600f:Ks|As:-200|200:TCC_AI|DeepStack
STATE:712:cc/cc:Qs|Kh/As:-100|100:DeepStack|TCC_AI
STATE:713:r800f:As|Kh:100|-100:TCC_AI|DeepStack
STATE:714:cc/r300c:Kh|Ks/As:0|0:DeepStack|TCC_AI
STATE:715:r300f:As|Qh:100|-100:TCC_AI|DeepStack
STATE:716:cr300f:Kh|As:-100|100:DeepStack|TCC_AI
STATE:717:cc/r200c:Kh|Ks/As:0|0:TCC_AI|DeepStack
STATE:718:cc/cc:Ks|Qh/Kh:100|-100:DeepStack|TCC_AI
STATE:719:cr1200f:Qs|As:-100|100:TCC_AI|DeepStack
STATE:720:cr300f:Kh|As:-100|100:DeepStack|TCC_AI
STATE:721:cr300r800c/r1000r1200c:Ah|Qs/Qh:-1200|1200:TCC_AI|DeepStack
STATE:722:cc/cr200f:Ks|Qh/Qs:-100|100:DeepStack|TCC_AI
STATE:723:cc/cc:Qh|Ks/As:-100|100:TCC_AI|DeepStack
STATE:724:cc/r300f:Kh|Qh/As:100|-100:DeepStack|TCC_AI
STATE:725:cr300f:Qh|Ah:-100|100:TCC_AI|DeepStack
STATE:726:cr200c/cr1100r1200c:Kh|As/Ah:-1200|1200:DeepStack|TCC_AI
STATE:727:r600f:Ah|Ks:100|-100:TCC_AI|DeepStack
STATE:728:cc/cc:As|Ks/Qs:100|-100:DeepStack|TCC_AI
STATE:729:cc/cc:Ks|Qs/Ah:100|-100:TCC_AI|DeepStack
STATE:730:cr500r1200c/:As|Ah/Qs:0|0:DeepStack|TCC_AI
STATE:731:cr300f:Ks|Qs:-100|100:TCC_AI|DeepStack
STATE:732:cc/cc:Qs|Ks/As:-100|100:DeepStack|TCC_AI
STATE:733:cr1200f:Qh|Ah:-100|100:TCC_AI|DeepStack
STATE:734:cc/cr200f:Qs|Ks/Kh:-100|100:DeepStack|TCC_AI
STATE:735:cc/cc:Ks|Ah/Qh:-100|100:TCC_AI|DeepStack
STATE:736:cc/cc:Ks|Qh/As:100|-100:DeepStack|TCC_AI
STATE:737:cr300f:Qs|Kh:-100|100:TCC_AI|DeepStack
STATE:738:cc/cc:Qs|Ks/As:-100|100:DeepStack|TCC_AI
STATE:739:cc/cr300f:Ks|Qh/Qs:-100|100:TCC_AI|DeepStack
STATE:740:r1200f:Ah|Kh:100|-100:DeepStack|TCC_AI
STATE:741:cc/cr300c:Ah|Kh/Qh:300|-300:TCC_AI|DeepStack
STATE:742:cr300c/r1200c:Qh|Ah/Qs:1200|-1200:DeepStack|TCC_AI
STATE:743:cr300f:Qs|As:-100|100:TCC_AI|DeepStack
STATE:744:cc/cr300f:Ks|Qh/Qs:-100|100:DeepStack|TCC_AI
STATE:745:cc/cc:Qh|Qs/Ks:0|0:TCC_AI|DeepStack
STATE:746:cr300f:Qh|Ah:-100|100:DeepStack|TCC_AI
STATE:747:r600f:As|Qs:100|-100:TCC_AI|DeepStack
STATE:748:cc/cc:Qs|Ks/As:-100|100:DeepStack|TCC_AI
STATE:749:cc/cr300f:Qs|Kh/Ks:-100|100:TCC_AI|DeepStack
STATE:750:cr300f:Ks|Kh:-100|100:DeepStack|TCC_AI
STATE:751:cc/cc:Qh|Kh/Ah:-100|100:TCC_AI|DeepStack
STATE:752:cc/r300f:As|Qs/Ah:100|-100:DeepStack|TCC_AI
STATE:753:cr300f:Qh|As:-100|100:TCC_AI|DeepStack
STATE:754:cr300f:Qh|As:-100|100:DeepStack|TCC_AI
STATE:755:cc/cc:Qs|Qh/As:0|0:TCC_AI|DeepStack
STATE:756:cc/cc:Qh|Kh/Ah:-100|100:DeepStack|TCC_AI
STATE:757:cr300f:Ks|Ah:-100|100:TCC_AI|DeepStack
STATE:758:cc/cc:Ah|Ks/As:100|-100:DeepStack|TCC_AI
STATE:759:cr300f:Ks|As:-100|100:TCC_AI|DeepStack
STATE:760:r1200f:Ah|Ks:100|-100:DeepStack|TCC_AI
STATE:761:r500r1200c/:Ah|As/Qs:0|0:TCC_AI|DeepStack
STATE:762:cc/r300f:As|Qs/Ah:100|-100:DeepStack|TCC_AI
STATE:763:cc/cr300r700f:Ks|Qh/Kh:300|-300:TCC_AI|DeepStack
STATE:764:cr300f:Kh|As:-100|100:DeepStack|TCC_AI
STATE:765:r800f:As|Kh:100|-100:TCC_AI|DeepStack
STATE:766:cc/cr200c:As|Ks/Kh:-200|200:DeepStack|TCC_AI
STATE:767:r600r1200c/:As|Ah/Ks:0|0:TCC_AI|DeepStack
STATE:768:cc/cc:Qh|Kh/Ah:-100|100:DeepStack|TCC_AI
STATE:769:cr300c/cr1200f:Qh|As/Ah:-300|300:TCC_AI|DeepStack
STATE:770:cr300f:Qs|As:-100|100:DeepStack|TCC_AI
STATE:771:cr1200f:Qh|As:-100|100:TCC_AI|DeepStack
STATE:772:r1200f:Ah|Qh:100|-100:DeepStack|TCC_AI
STATE:773:cc/cr300f:Qs|Ks/Kh:-100|100:TCC_AI|DeepStack
STATE:774:cr300f:Kh|As:-100|100:DeepStack|TCC_AI
STATE:775:cr300f:Ks|Kh:-100|100:TCC_AI|DeepStack
STATE:776:cr300f:Qh|Kh:-100|100:DeepStack|TCC_AI
STATE:777:cr300f:Qs|As:-100|100:TCC_AI|DeepStack
STATE:778:cc/cr200f:Kh|Qh/Qs:-100|100:DeepStack|TCC_AI
STATE:779:cc/r500c:Ks|Kh/As:0|0:TCC_AI|DeepStack
STATE:780:cc/r300c:Ks|Kh/Ah:0|0:DeepStack|TCC_AI
STATE:781:cc/r400r1200f:Kh|Ah/As:-400|400:TCC_AI|DeepStack
STATE:782:cc/cc:Kh|Ks/Qh:0|0:DeepStack|TCC_AI
STATE:783:r1000r1200c/:Ah|As/Qs:0|0:TCC_AI|DeepStack
STATE:784:cr300f:Ks|Ah:-100|100:DeepStack|TCC_AI
STATE:785:cc/cc:Ah|Qs/Kh:100|-100:TCC_AI|DeepStack
STATE:786:r300r1000r1200c/:Ah|As/Kh:0|0:DeepStack|TCC_AI
STATE:787:cc/cc:Kh|Ah/Ks:100|-100:TCC_AI|DeepStack
STATE:788:cr300f:Ks|Ah:-100|100:DeepStack|TCC_AI
STATE:789:cr300f:Qs|As:-100|100:TCC_AI|DeepStack
STATE:790:cr400f:Qs|Ah:-100|100:DeepStack|TCC_AI
STATE:791:cr300c/cr1200c:Ks|Ah/As:-1200|1200:TCC_AI|DeepStack
STATE:792:cr300f:Kh|As:-100|100:DeepStack|TCC_AI
STATE:793:cr300r900f:As|Ks:300|-300:TCC_AI|DeepStack
STATE:794:cc/cr200f:As|Qh/Qs:-100|100:DeepStack|TCC_AI
STATE:795:cc/cr300c:Ah|Qh/Qs:-300|300:TCC_AI|DeepStack
STATE:796:cc/cc:As|Qh/Ks:100|-100:DeepStack|TCC_AI
STATE:797:cr300c/r1100c:Qs|As/Qh:1100|-1100:TCC_AI|DeepStack
STATE:798:cr300f:Ks|Kh:-100|100:DeepStack|TCC_AI
STATE:799:cc/cr1200f:Ks|Ah/As:-100|100:TCC_AI|DeepStack
STATE:800:cc/cr200f:Ah|Qh/Qs:-100|100:DeepStack|TCC_AI
STATE:801:cr300f:Kh|Ah:-100|100:TCC_AI|DeepStack
STATE:802:cc/cc:Kh|Ks/Qh:0|0:DeepStack|TCC_AI
STATE:803:cr300f:Qs|Ah:-100|100:TCC_AI|DeepStack
STATE:804:cr300c/cr800f:Qs|Ks/As:-300|300:DeepStack|TCC_AI
STATE:805:r1100f:Ah|Qs:100|-100:TCC_AI|DeepStack
STATE:806:cr300f:Qs|Ah:-100|100:DeepStack|TCC_AI
STATE:807:cr300f:Qs|As:-100|100:TCC_AI|DeepStack
STATE:808:r1200f:As|Qs:100|-100:DeepStack|TCC_AI
STATE:809:cr300c/cr1200f:Qs|Kh/Ks:-300|300:TCC_AI|DeepStack
STATE:810:cr800f:Ks|As:-100|100:DeepStack|TCC_AI
STATE:811:cr300f:Qh|Ah:-100|100:TCC_AI|DeepStack
STATE:812:cr300f:Qh|As:-100|100:DeepStack|TCC_AI
STATE:813:cc/cr300f:Qs|Ks/Kh:-100|100:TCC_AI|DeepStack
STATE:814:cr300f:Qs|Kh:-100|100:DeepStack|TCC_AI
STATE:815:r300c/cc:Kh|Ah/Ks:300|-300:TCC_AI|DeepStack
STATE:816:cc/cc:Kh|Ks/Qs:0|0:DeepStack|TCC_AI
STATE:817:r600f:As|Kh:100|-100:TCC_AI|DeepStack
STATE:818:cc/cr200c:As|Ks/Kh:-200|200:DeepStack|TCC_AI
STATE:819:cc/cc:Qh|As/Kh:-100|100:TCC_AI|DeepStack
STATE:820:cc/cr300f:Kh|Qh/Qs:-100|100:DeepStack|TCC_AI
STATE:821:cc/cr300f:As|Qh/Qs:-100|100:TCC_AI|DeepStack
STATE:822:cc/cc:Qh|Ks/As:-100|100:DeepStack|TCC_AI
STATE:823:cr300r900c/r1100r1200c:As|Ah/Qs:0|0:TCC_AI|DeepStack
STATE:824:cc/cc:Kh|Ks/Qs:0|0:DeepStack|TCC_AI
STATE:825:r800c/r900c:As|Ah/Ks:0|0:TCC_AI|DeepStack
STATE:826:cc/r300c:Ah|Ks/As:300|-300:DeepStack|TCC_AI
STATE:827:cr300f:Qh|As:-100|100:TCC_AI|DeepStack
STATE:828:cc/r1200f:Ah|Qh/As:100|-100:DeepStack|TCC_AI
STATE:829:cc/cr300f:As|Kh/Ks:-100|100:TCC_AI|DeepStack
STATE:830:cr300f:Ks|As:-100|100:DeepStack|TCC_AI
STATE:831:cr300f:Qs|Qh:-100|100:TCC_AI|DeepStack
STATE:832:cc/cc:Qh|Qs/Kh:0|0:DeepStack|TCC_AI
STATE:833:cr300f:Kh|As:-100|100:TCC_AI|DeepStack
STATE:834:cr300f:Qs|Ks:-100|100:DeepStack|TCC_AI
STATE:835:cr300c/cr1200f:Qh|Kh/Ks:-300|300:TCC_AI|DeepStack
STATE:836:r1200f:As|Qs:100|-100:DeepStack|TCC_AI
STATE:837:cr300c/cc:Ks|Ah/Qs:-300|300:TCC_AI|DeepStack
STATE:838:cr300f:Ks|Qh:-100|100:DeepStack|TCC_AI
STATE:839:cc/cc:Kh|Qs/Ah:100|-100:TCC_AI|DeepStack
STATE:840:r1200f:Ah|Ks:100|-100:DeepStack|TCC_AI
STATE:841:cc/cr300f:Qh|Ks/Kh:-100|100:TCC_AI|DeepStack
STATE:842:r1200f:Ah|Qh:100|-100:DeepStack|TCC_AI
STATE:843:cc/cc:Qh|Ks/Qs:100|-100:TCC_AI|DeepStack
STATE:844:cr300f:Kh|Ks:-100|100:DeepStack|TCC_AI
STATE:845:cc/r400f:Ks|Qs/As:100|-100:TCC_AI|DeepStack
STATE:846:cr300r1200c/:Ah|As/Qh:0|0:DeepStack|TCC_AI
STATE:847:cc/cc:As|Ks/Qh:100|-100:TCC_AI|DeepStack
STATE:848:cc/cr200f:Qh|Ks/Kh:-100|100:DeepStack|TCC_AI
STATE:849:cc/cc:Qh|As/Qs:100|-100:TCC_AI|DeepStack
STATE:850:r300r600c/cr900c:Ks|Ah/As:-900|900:DeepStack|TCC_AI
STATE:851:cr300r900r1200c/:As|Ah/Kh:0|0:TCC_AI|DeepStack
STATE:852:cc/r300f:As|Qs/Ah:100|-100:DeepStack|TCC_AI
STATE:853:cc/cr1200f:Qs|As/Ah:-100|100:TCC_AI|DeepStack
STATE:854:cr300f:Kh|Ks:-100|100:DeepStack|TCC_AI
STATE:855:r600c/cr1200c:Ah|As/Kh:0|0:TCC_AI|DeepStack
STATE:856:cc/r300f:As|Qs/Ah:100|-100:DeepStack|TCC_AI
STATE:857:r800r1200c/:As|Ah/Ks:0|0:TCC_AI|DeepStack
STATE:858:cc/cr200c:As|Kh/Qh:200|-200:DeepStack|TCC_AI
STATE:859:cc/cc:Qs|Ks/As:-100|100:TCC_AI|DeepStack
STATE:860:cc/cc:As|Ah/Qs:0|0:DeepStack|TCC_AI
STATE:861:cr300f:Qh|Ah:-100|100:TCC_AI|DeepStack
STATE:862:cr300f:Qh|Ah:-100|100:DeepStack|TCC_AI
STATE:863:cr300f:Ks|Qs:-100|100:TCC_AI|DeepStack
STATE:864:cc/cc:Ks|Kh/Qs:0|0:DeepStack|TCC_AI
STATE:865:cc/cc:Qs|Ks/As:-100|100:TCC_AI|DeepStack
STATE:866:r1200c/:Ah|As/Kh:0|0:DeepStack|TCC_AI
STATE:867:cc/cc:Qs|Kh/Ah:-100|100:TCC_AI|DeepStack
STATE:868:cc/cr200f:Qs|Ks/Kh:-100|100:DeepStack|TCC_AI
STATE:869:cc/cc:Qs|Ks/Qh:100|-100:TCC_AI|DeepStack
STATE:870:cr300r1200c/:As|Ah/Ks:0|0:DeepStack|TCC_AI
STATE:871:cr300c/cc:As|Ks/Qs:300|-300:TCC_AI|DeepStack
STATE:872:cr300r1200c/:Ah|As/Kh:0|0:DeepStack|TCC_AI
STATE:873:cr300f:Kh|Ah:-100|100:TCC_AI|DeepStack
STATE:874:cc/cc:Kh|Qs/Ks:100|-100:DeepStack|TCC_AI
STATE:875:cc/cc:Kh|Qh/As:100|-100:TCC_AI|DeepStack
STATE:876:cc/cc:Ks|Qh/As:100|-100:DeepStack|TCC_AI
STATE:877:cc/cr300f:Ks|Qh/Qs:-100|100:TCC_AI|DeepStack
STATE:878:r1200f:Ah|Qh:100|-100:DeepStack|TCC_AI
STATE:879:r600r1200c/:Ah|As/Qs:0|0:TCC_AI|DeepStack
STATE:880:cr300f:Qs|As:-100|100:DeepStack|TCC_AI
STATE:881:r600f:As|Qh:100|-100:TCC_AI|DeepStack
STATE:882:r1200c/:Ah|As/Kh:0|0:DeepStack|TCC_AI
STATE:883:cr1200f:Qh|As:-100|100:TCC_AI|DeepStack
STATE:884:cr300c/cc:Qs|Ah/Ks:-300|300:DeepStack|TCC_AI
STATE:885:cc/r1200f:As|Qs/Ah:100|-100:TCC_AI|DeepStack
STATE:886:cc/cc:As|Kh/Qh:100|-100:DeepStack|TCC_AI
STATE:887:cr300f:Kh|As:-100|100:TCC_AI|DeepStack
STATE:888:cc/cc:Qh|As/Ks:-100|100:DeepStack|TCC_AI
STATE:889:cr1200f:Ks|Ah:-100|100:TCC_AI|DeepStack
STATE:890:cr300c/r1200c:Kh|As/Qh:-1200|1200:DeepStack|TCC_AI
STATE:891:cr300f:Ks|Qs:-100|100:TCC_AI|DeepStack
STATE:892:cr300c/r1200f:Qs|As/Qh:300|-300:DeepStack|TCC_AI
STATE:893:cr300c/cc:As|Ah/Qs:0|0:TCC_AI|DeepStack
STATE:894:cr300f:Ks|Ah:-100|100:DeepStack|TCC_AI
STATE:895:cc/cc:Ks|As/Qs:-100|100:TCC_AI|DeepStack
STATE:896:cr300f:Ks|Qs:-100|100:DeepStack|TCC_AI
STATE:897:cr300f:Qh|As:-100|100:TCC_AI|DeepStack
STATE:898:cc/cc:Ks|Kh/As:0|0:DeepStack|TCC_AI
STATE:899:cr300c/cr1200c:Ah|Qh/As:1200|-1200:TCC_AI|DeepStack
STATE:900:cc/cc:Qh|Qs/Ah:0|0:DeepStack|TCC_AI
STATE:901:cr300f:Qs|Qh:-100|100:TCC_AI|DeepStack
STATE:902:cr300f:Qs|Ah:-100|100:DeepStack|TCC_AI
STATE:903:r800f:As|Qs:100|-100:TCC_AI|DeepStack
STATE:904:r1200f:Ah|Ks:100|-100:DeepStack|TCC_AI
STATE:905:cc/r600f:Kh|Qh/As:100|-100:TCC_AI|DeepStack
STATE:906:cr300f:Qs|As:-100|100:DeepStack|TCC_AI
STATE:907:cr300f:Qh|Kh:-100|100:TCC_AI|DeepStack
STATE:908:cr300r1200c/:Ah|As/Kh:0|0:DeepStack|TCC_AI
STATE:909:cc/cr300f:Kh|Qs/Qh:-100|100:TCC_AI|DeepStack
STATE:910:cc/cr300f:Ah|Kh/Ks:-100|100:DeepStack|TCC_AI
STATE:911:cc/cr300f:Qh|Kh/Ks:-100|100:TCC_AI|DeepStack
STATE:912:r1200c/:As|Ah/Kh:0|0:DeepStack|TCC_AI
STATE:913:cc/cc:Qs|Ks/Ah:-100|100:TCC_AI|DeepStack
STATE:914:cr300f:Qs|Ah:-100|100:DeepStack|TCC_AI
STATE:915:cc/r400f:Ks|Kh/Ah:100|-100:TCC_AI|DeepStack
STATE:916:cc/cr200f:Qs|Kh/Ks:-100|100:DeepStack|TCC_AI
STATE:917:cr300r800c/r900r1200c:As|Ah/Qs:0|0:TCC_AI|DeepStack
STATE:918:cc/cr200c:Ah|Ks/Kh:-200|200:DeepStack|TCC_AI
STATE:919:r800r1200c/:Ah|As/Kh:0|0:TCC_AI|DeepStack
STATE:920:cc/r300f:Ks|Kh/Ah:100|-100:DeepStack|TCC_AI
STATE:921:cr300f:Ks|Ah:-100|100:TCC_AI|DeepStack
STATE:922:cr300c/cr1100c:Kh|Qh/Ah:1100|-1100:DeepStack|TCC_AI
STATE:923:cr300f:Kh|Ah:-100|100:TCC_AI|DeepStack
STATE:924:cc/r300r1100f:Ks|Qh/Ah:-300|300:DeepStack|TCC_AI
STATE:925:cc/r300f:Kh|Qs/As:100|-100:TCC_AI|DeepStack
STATE:926:cr500f:Qs|As:-100|100:DeepStack|TCC_AI
STATE:927:cc/cr300f:As|Qs/Qh:-100|100:TCC_AI|DeepStack
STATE:928:cc/cr200f:Qh|Ks/Kh:-100|100:DeepStack|TCC_AI
STATE:929:cc/cr300c:As|Ks/Kh:-300|300:TCC_AI|DeepStack
STATE:930:cr300f:Kh|Ah:-100|100:DeepStack|TCC_AI
STATE:931:r1000f:Ah|Qs:100|-100:TCC_AI|DeepStack
STATE:932:cr300c/cr1100f:Qh|Ah/Kh:-300|300:DeepStack|TCC_AI
STATE:933:cc/r800f:Ah|Kh/As:100|-100:TCC_AI|DeepStack
STATE:934:cc/r300f:Ks|Qh/As:100|-100:DeepStack|TCC_AI
STATE:935:r600f:As|Kh:100|-100:TCC_AI|DeepStack
STATE:936:cr300f:Qs|Qh:-100|100:DeepStack|TCC_AI
STATE:937:cc/r700f:Ah|Qs/As:100|-100:TCC_AI|DeepStack
STATE:938:cr300f:Ks|Kh:-100|100:DeepStack|TCC_AI
STATE:939:cc/cr300f:Kh|Qh/Qs:-100|100:TCC_AI|DeepStack
STATE:940:cr300f:Qs|Kh:-100|100:DeepStack|TCC_AI
STATE:941:cc/cc:Kh|Qs/Ah:100|-100:TCC_AI|DeepStack
STATE:942:cr300f:Qs|Qh:-100|100:DeepStack|TCC_AI
STATE:943:r300r1200c/:Ah|As/Qs:0|0:TCC_AI|DeepStack
STATE:944:cc/cr200f:Kh|Qs/Qh:-100|100:DeepStack|TCC_AI
STATE:945:r800f:As|Kh:100|-100:TCC_AI|DeepStack
STATE:946:cc/cr400c:As|Qs/Qh:-400|400:DeepStack|TCC_AI
STATE:947:r800r1200c/:Ah|As/Qs:0|0:TCC_AI|DeepStack
STATE:948:r1200f:Ah|Qh:100|-100:DeepStack|TCC_AI
STATE:949:cc/cc:As|Qs/Kh:100|-100:TCC_AI|DeepStack
STATE:950:cr300f:Qh|As:-100|100:DeepStack|TCC_AI
STATE:951:r800f:As|Ks:100|-100:TCC_AI|DeepStack
STATE:952:cr300r1200c/:As|Ah/Qs:0|0:DeepStack|TCC_AI
STATE:953:cc/cc:Ks|Kh/Qs:0|0:TCC_AI|DeepStack
STATE:954:cc/cc:Ks|Qs/Kh:100|-100:DeepStack|TCC_AI
STATE:955:cr300f:Ks|As:-100|100:TCC_AI|DeepStack
STATE:956:cr300c/cr1100f:Ks|Ah/As:-300|300:DeepStack|TCC_AI
STATE:957:cr300f:Qs|Ah:-100|100:TCC_AI|DeepStack
STATE:958:cc/cc:As|Ks/Qs:100|-100:DeepStack|TCC_AI
STATE:959:cc/cr300f:As|Qs/Qh:-100|100:TCC_AI|DeepStack
STATE:960:cr300f:Qs|As:-100|100:DeepStack|TCC_AI
STATE:961:cc/cc:Qs|Qh/As:0|0:TCC_AI|DeepStack
STATE:962:cc/cr200f:Qs|Ks/As:-100|100:DeepStack|TCC_AI
STATE:963:cr300f:Qs|As:-100|100:TCC_AI|DeepStack
STATE:964:cc/cc:Kh|Qs/Ah:100|-100:DeepStack|TCC_AI
STATE:965:cc/cc:Qs|Qh/Ah:0|0:TCC_AI|DeepStack
STATE:966:r1200f:Ah|Qh:100|-100:DeepStack|TCC_AI
STATE:967:r200c/cr600f:As|Qh/Ks:-200|200:TCC_AI|DeepStack
STATE:968:cc/cc:Ah|Kh/Qs:100|-100:DeepStack|TCC_AI
STATE:969:cr300r800r1200c/:As|Ah/Qh:0|0:TCC_AI|DeepStack
STATE:970:cr300f:Qh|Ah:-100|100:DeepStack|TCC_AI
STATE:971:cc/cc:Kh|As/Qs:-100|100:TCC_AI|DeepStack
STATE:972:cc/cc:Qs|Kh/As:-100|100:DeepStack|TCC_AI
STATE:973:cr300f:Ks|Qs:-100|100:TCC_AI|DeepStack
STATE:974:cc/cc:Kh|Ks/As:0|0:DeepStack|TCC_AI
STATE:975:cc/cr300c:Ah|Qh/Kh:300|-300:TCC_AI|DeepStack
STATE:976:cr300f:Kh|As:-100|100:DeepStack|TCC_AI
STATE:977:r1100f:Ah|Kh:100|-100:TCC_AI|DeepStack
STATE:978:cr400f:Kh|As:-100|100:DeepStack|TCC_AI
STATE:979:cr1200c/:Ah|As/Kh:0|0:TCC_AI|DeepStack
STATE:980:cr300f:Qs|Ks:-100|100:DeepStack|TCC_AI
STATE:981:r800f:As|Qh:100|-100:TCC_AI|DeepStack
STATE:982:r1200f:Ah|Qs:100|-100:DeepStack|TCC_AI
STATE:983:cr300f:Ks|Qh:-100|100:TCC_AI|DeepStack
STATE:984:r1200f:Ah|Ks:100|-100:DeepStack|TCC_AI
STATE:985:cr1200f:Kh|As:-100|100:TCC_AI|DeepStack
STATE:986:cc/cr200f:Qs|Ks/Kh:-100|100:DeepStack|TCC_AI
STATE:987:r600f:As|Qs:100|-100:TCC_AI|DeepStack
STATE:988:cc/cc:Ks|Qh/As:100|-100:DeepStack|TCC_AI
STATE:989:cr300f:Qh|Kh:-100|100:TCC_AI|DeepStack
STATE:990:cc/cr200c:As|Kh/Ks:-200|200:DeepStack|TCC_AI
STATE:991:cc/r500f:Kh|Qs/As:100|-100:TCC_AI|DeepStack
STATE:992:r1200c/:Ah|As/Qs:0|0:DeepStack|TCC_AI
STATE:993:cr300f:Ks|As:-100|100:TCC_AI|DeepStack
STATE:994:cr300r1200f:As|Qh:300|-300:DeepStack|TCC_AI
STATE:995:cc/r300f:Kh|Qh/Ah:100|-100:TCC_AI|DeepStack
STATE:996:cc/cr200f:Qs|Kh/Ks:-100|100:DeepStack|TCC_AI
STATE:997:cc/cr300c:As|Kh/Ks:-300|300:TCC_AI|DeepStack
STATE:998:cc/r300f:Ks|Qs/Ah:100|-100:DeepStack|TCC_AI
STATE:999:cc/cr300f:Ah|Qs/Qh:-100|100:TCC_AI|DeepStack
SCORE:-3000|3000:DeepStack|TCC_AI
