# name/game/hands/seed c4_cfr20kk_1kgames leduc.game 1000 44
#--t_response 600000
#--t_hand 600000
#--t_per_hand 7000
STATE:0:cc/cc:Ks|Qs/Kh:100|-100:DeepStack|TCC_AI
STATE:1:cr300f:Qs|As:-100|100:TCC_AI|DeepStack
STATE:2:cc/cc:Ah|Kh/Qs:100|-100:DeepStack|TCC_AI
STATE:3:cr300r800r1200c/:As|Ah/Qh:0|0:TCC_AI|DeepStack
STATE:4:cc/cc:Qs|Ks/Ah:-100|100:DeepStack|TCC_AI
STATE:5:cr300c/cc:Kh|Ah/Qs:-300|300:TCC_AI|DeepStack
STATE:6:cc/r300f:As|Qs/Ah:100|-100:DeepStack|TCC_AI
STATE:7:r500f:As|Qh:100|-100:TCC_AI|DeepStack
STATE:8:cc/cr200f:Qs|Kh/Ks:-100|100:DeepStack|TCC_AI
STATE:9:r500f:Ah|Kh:100|-100:TCC_AI|DeepStack
STATE:10:cc/cc:Ks|Qs/Kh:100|-100:DeepStack|TCC_AI
STATE:11:cr300c/r1000f:Kh|Ah/Ks:300|-300:TCC_AI|DeepStack
STATE:12:cc/cc:Ks|Qs/As:100|-100:DeepStack|TCC_AI
STATE:13:cr1200f:Qh|As:-100|100:TCC_AI|DeepStack
STATE:14:cc/cc:Qs|Qh/Ah:0|0:DeepStack|TCC_AI
STATE:15:r800f:Ah|Qs:100|-100:TCC_AI|DeepStack
STATE:16:cr400r1200c/:Ah|As/Qh:0|0:DeepStack|TCC_AI
STATE:17:cr300f:Ks|Ah:-100|100:TCC_AI|DeepStack
STATE:18:r1200f:Ah|Kh:100|-100:DeepStack|TCC_AI
STATE:19:cc/cc:Kh|Qh/Ks:100|-100:TCC_AI|DeepStack
STATE:20:r1200f:Ah|Ks:100|-100:DeepStack|TCC_AI
STATE:21:cc/cr300f:Ah|Qs/Qh:-100|100:TCC_AI|DeepStack
STATE:22:cc/r300f:Kh|Qs/As:100|-100:DeepStack|TCC_AI
STATE:23:cr300f:Qh|As:-100|100:TCC_AI|DeepStack
STATE:24:cc/r300c:Kh|Ks/Ah:0|0:DeepStack|TCC_AI
STATE:25:cr300f:Kh|As:-100|100:TCC_AI|DeepStack
STATE:26:cc/cc:Kh|Qs/Ks:100|-100:DeepStack|TCC_AI
STATE:27:r600f:Ah|Ks:100|-100:TCC_AI|DeepStack
STATE:28:cr300c/r900f:Kh|As/Ks:300|-300:DeepStack|TCC_AI
STATE:29:cc/cc:Kh|Ks/Qs:0|0:TCC_AI|DeepStack
STATE:30:cc/cc:Kh|Qh/Ks:100|-100:DeepStack|TCC_AI
STATE:31:cc/r300c:Kh|Ks/As:0|0:TCC_AI|DeepStack
STATE:32:cc/cc:Ah|Kh/Qh:100|-100:DeepStack|TCC_AI
STATE:33:cc/r500f:As|Qh/Ah:100|-100:TCC_AI|DeepStack
STATE:34:cr200c/cr900f:Qs|Ks/Kh:-200|200:DeepStack|TCC_AI
STATE:35:r300f:Ah|Qs:100|-100:TCC_AI|DeepStack
STATE:36:cr300f:Ks|Ah:-100|100:DeepStack|TCC_AI
STATE:37:cr1200f:Qh|As:-100|100:TCC_AI|DeepStack
STATE:38:cr300f:Qs|As:-100|100:DeepStack|TCC_AI
STATE:39:cr300r1200c/:Ah|As/Ks:0|0:TCC_AI|DeepStack
STATE:40:r1200f:Ah|Qs:100|-100:DeepStack|TCC_AI
STATE:41:r600f:Ah|Qs:100|-100:TCC_AI|DeepStack
STATE:42:cc/cc:Qh|As/Qs:100|-100:DeepStack|TCC_AI
STATE:43:cr300f:Qh|Ks:-100|100:TCC_AI|DeepStack
STATE:44:cc/cc:Qh|Qs/Ah:0|0:DeepStack|TCC_AI
STATE:45:r600f:As|Kh:100|-100:TCC_AI|DeepStack
STATE:46:cc/r300c:Ah|Ks/As:300|-300:DeepStack|TCC_AI
STATE:47:cc/r300f:Ks|Qs/Ah:100|-100:TCC_AI|DeepStack
STATE:48:cr300r1200c/:As|Ah/Qs:0|0:DeepStack|TCC_AI
STATE:49:cr300f:Kh|As:-100|100:TCC_AI|DeepStack
STATE:50:cr800f:Kh|As:-100|100:DeepStack|TCC_AI
STATE:51:cc/cc:As|Qh/Kh:100|-100:TCC_AI|DeepStack
STATE:52:r1200f:Ah|Qh:100|-100:DeepStack|TCC_AI
STATE:53:cr300f:Ks|As:-100|100:TCC_AI|DeepStack
STATE:54:cr300f:Qh|As:-100|100:DeepStack|TCC_AI
STATE:55:cc/cr300f:As|Qh/Qs:-100|100:TCC_AI|DeepStack
STATE:56:cc/cc:Ah|Qh/Kh:100|-100:DeepStack|TCC_AI
STATE:57:cc/cc:Kh|As/Ks:100|-100:TCC_AI|DeepStack
STATE:58:r300c/cr1200f:As|Ah/Qh:-300|300:DeepStack|TCC_AI
STATE:59:cc/r400f:Kh|Qs/Ah:100|-100:TCC_AI|DeepStack
STATE:60:cc/cc:Ah|Qh/Kh:100|-100:DeepStack|TCC_AI
STATE:61:r800c/cr1200c:As|Ah/Qs:0|0:TCC_AI|DeepStack
STATE:62:cc/cr600f:Qh|Ks/As:-100|100:DeepStack|TCC_AI
STATE:63:cc/r400f:Kh|Qs/Ah:100|-100:TCC_AI|DeepStack
STATE:64:cr300r1200c/:Ah|As/Qs:0|0:DeepStack|TCC_AI
STATE:65:cc/cc:As|Qs/Ks:100|-100:TCC_AI|DeepStack
STATE:66:cr300f:Kh|Qh:-100|100:DeepStack|TCC_AI
STATE:67:r600f:Ah|Ks:100|-100:TCC_AI|DeepStack
STATE:68:cr300f:Kh|Ah:-100|100:DeepStack|TCC_AI
STATE:69:cc/cc:Qh|Ks/Qs:100|-100:TCC_AI|DeepStack
STATE:70:r300c/cc:As|Ks/Qh:300|-300:DeepStack|TCC_AI
STATE:71:cr300f:Kh|Ah:-100|100:TCC_AI|DeepStack
STATE:72:cr300c/cr400c:Kh|As/Qh:-400|400:DeepStack|TCC_AI
STATE:73:cc/cr300f:Qh|Ks/Kh:-100|100:TCC_AI|DeepStack
STATE:74:cc/cr800f:Qs|Kh/Ah:-100|100:DeepStack|TCC_AI
STATE:75:cc/cc:Ks|Ah/Kh:100|-100:TCC_AI|DeepStack
STATE:76:cc/cc:Qh|Qs/Ks:0|0:DeepStack|TCC_AI
STATE:77:r800f:As|Qs:100|-100:TCC_AI|DeepStack
STATE:78:cc/cc:Qh|Qs/As:0|0:DeepStack|TCC_AI
STATE:79:cc/cc:As|Ah/Ks:0|0:TCC_AI|DeepStack
STATE:80:cr500f:Ks|As:-100|100:DeepStack|TCC_AI
STATE:81:cr300f:Ks|As:-100|100:TCC_AI|DeepStack
STATE:82:cc/cc:Kh|Ks/Qh:0|0:DeepStack|TCC_AI
STATE:83:cr300f:Ks|Ah:-100|100:TCC_AI|DeepStack
STATE:84:cr1200f:Qs|Ah:-100|100:DeepStack|TCC_AI
STATE:85:cc/cc:Qs|Qh/Ks:0|0:TCC_AI|DeepStack
STATE:86:r1200f:Ah|Qs:100|-100:DeepStack|TCC_AI
STATE:87:cc/cr300f:Qs|Ks/Kh:-100|100:TCC_AI|DeepStack
STATE:88:r1200f:Ah|Qs:100|-100:DeepStack|TCC_AI
STATE:89:cc/cc:Kh|As/Qs:-100|100:TCC_AI|DeepStack
STATE:90:cc/cr200f:Ks|Qh/Qs:-100|100:DeepStack|TCC_AI
STATE:91:cc/cc:Qs|Ks/As:-100|100:TCC_AI|DeepStack
STATE:92:cc/cc:As|Qh/Kh:100|-100:DeepStack|TCC_AI
STATE:93:cc/cr300c:As|Qh/Qs:-300|300:TCC_AI|DeepStack
STATE:94:cc/cc:Qs|Kh/Ah:-100|100:DeepStack|TCC_AI
STATE:95:cc/cc:Qs|Kh/As:-100|100:TCC_AI|DeepStack
STATE:96:cc/cc:Qs|As/Ks:-100|100:DeepStack|TCC_AI
STATE:97:cr300f:Qh|Ah:-100|100:TCC_AI|DeepStack
STATE:98:cr300f:Qh|Ks:-100|100:DeepStack|TCC_AI
STATE:99:r300r1200f:Ks|Ah:-300|300:TCC_AI|DeepStack
STATE:100:cr300r1200c/:As|Ah/Kh:0|0:DeepStack|TCC_AI
STATE:101:cr300r1200f:Ah|Ks:300|-300:TCC_AI|DeepStack
STATE:102:cr300c/cr900f:Ks|Kh/Qh:-300|300:DeepStack|TCC_AI
STATE:103:cc/r300f:Kh|Qs/As:100|-100:TCC_AI|DeepStack
STATE:104:cc/cr300f:Ks|Kh/Qs:-100|100:DeepStack|TCC_AI
STATE:105:cc/cc:Qs|Kh/As:-100|100:TCC_AI|DeepStack
STATE:106:cc/cc:Qs|Kh/Qh:100|-100:DeepStack|TCC_AI
STATE:107:cr1200f:Ks|As:-100|100:TCC_AI|DeepStack
STATE:108:cr300f:Qh|As:-100|100:DeepStack|TCC_AI
STATE:109:r800f:Ah|Ks:100|-100:TCC_AI|DeepStack
STATE:110:cc/cr200c:As|Kh/Ks:-200|200:DeepStack|TCC_AI
STATE:111:cr300f:Qs|As:-100|100:TCC_AI|DeepStack
STATE:112:cc/cc:As|Qs/Ks:100|-100:DeepStack|TCC_AI
STATE:113:cc/cr300f:Ks|Qs/Qh:-100|100:TCC_AI|DeepStack
STATE:114:cc/cc:Qh|Kh/Qs:100|-100:DeepStack|TCC_AI
STATE:115:cr1200f:Ks|Ah:-100|100:TCC_AI|DeepStack
STATE:116:cr300f:Ks|Ah:-100|100:DeepStack|TCC_AI
STATE:117:cc/r300f:Ks|Qs/As:100|-100:TCC_AI|DeepStack
STATE:118:cc/cr200f:Qs|Kh/Ks:-100|100:DeepStack|TCC_AI
STATE:119:cc/cc:Qh|Qs/Ah:0|0:TCC_AI|DeepStack
STATE:120:r1200f:Ah|Kh:100|-100:DeepStack|TCC_AI
STATE:121:cc/cc:Ks|Qh/As:100|-100:TCC_AI|DeepStack
STATE:122:cc/cc:Qh|Ks/Qs:100|-100:DeepStack|TCC_AI
STATE:123:cr300r800r1200c/:As|Ah/Kh:0|0:TCC_AI|DeepStack
STATE:124:cr300c/cr400c:Kh|Ks/Qs:0|0:DeepStack|TCC_AI
STATE:125:r800f:Ah|Qs:100|-100:TCC_AI|DeepStack
STATE:126:cr300f:Qs|Ah:-100|100:DeepStack|TCC_AI
STATE:127:cc/cr300f:Qh|Ks/Kh:-100|100:TCC_AI|DeepStack
STATE:128:r300r800c/r1200c:Qs|As/Qh:1200|-1200:DeepStack|TCC_AI
STATE:129:r300r1200f:Kh|As:-300|300:TCC_AI|DeepStack
STATE:130:cr300f:Qs|Ah:-100|100:DeepStack|TCC_AI
STATE:131:r600f:As|Qh:100|-100:TCC_AI|DeepStack
STATE:132:cc/cc:As|Ks/Qh:100|-100:DeepStack|TCC_AI
STATE:133:cc/cc:Qs|Kh/Qh:100|-100:TCC_AI|DeepStack
STATE:134:cr300f:Qh|Ah:-100|100:DeepStack|TCC_AI
STATE:135:cc/cc:Qh|Qs/Ah:0|0:TCC_AI|DeepStack
STATE:136:cr400f:Qh|As:-100|100:DeepStack|TCC_AI
STATE:137:cc/cc:Qs|Ks/As:-100|100:TCC_AI|DeepStack
STATE:138:cc/cc:Ks|Kh/Qh:0|0:DeepStack|TCC_AI
STATE:139:cr300f:Qh|As:-100|100:TCC_AI|DeepStack
STATE:140:r300c/cr1100f:Ah|Qh/Ks:-300|300:DeepStack|TCC_AI
STATE:141:cr300f:Qs|Ah:-100|100:TCC_AI|DeepStack
STATE:142:cr300f:Kh|Ah:-100|100:DeepStack|TCC_AI
STATE:143:cc/cc:Qs|Qh/Ah:0|0:TCC_AI|DeepStack
STATE:144:r1200f:As|Qs:100|-100:DeepStack|TCC_AI
STATE:145:cc/cc:Qh|Qs/Ks:0|0:TCC_AI|DeepStack
STATE:146:cc/cr200c:Ah|Qh/Qs:-200|200:DeepStack|TCC_AI
STATE:147:cr300f:Ks|Kh:-100|100:TCC_AI|DeepStack
STATE:148:cc/cc:Kh|Qh/Ks:100|-100:DeepStack|TCC_AI
STATE:149:cc/cr300f:Qs|Ks/Kh:-100|100:TCC_AI|DeepStack
STATE:150:r1200f:As|Ks:100|-100:DeepStack|TCC_AI
STATE:151:cr300f:Kh|Qh:-100|100:TCC_AI|DeepStack
STATE:152:cr800f:Qh|As:-100|100:DeepStack|TCC_AI
STATE:153:cr300c/cc:Ks|Ah/Qs:-300|300:TCC_AI|DeepStack
STATE:154:cr300f:Kh|Ah:-100|100:DeepStack|TCC_AI
STATE:155:cr300c/cc:Ks|As/Qh:-300|300:TCC_AI|DeepStack
STATE:156:cr200c/cc:Qs|As/Kh:-200|200:DeepStack|TCC_AI
STATE:157:cr300c/cc:Kh|Ah/Qs:-300|300:TCC_AI|DeepStack
STATE:158:cr400f:Qh|Kh:-100|100:DeepStack|TCC_AI
STATE:159:cr300f:Qh|Ah:-100|100:TCC_AI|DeepStack
STATE:160:cr300f:Qs|As:-100|100:DeepStack|TCC_AI
STATE:161:cc/cc:Qs|Qh/Ah:0|0:TCC_AI|DeepStack
STATE:162:cc/cr500f:Qh|Kh/As:-100|100:DeepStack|TCC_AI
STATE:163:cc/cc:Kh|Qs/As:100|-100:TCC_AI|DeepStack
STATE:164:cc/r300f:Ks|Qs/Ah:100|-100:DeepStack|TCC_AI
STATE:165:cc/r400r1200f:Kh|As/Ah:-400|400:TCC_AI|DeepStack
STATE:166:cr300f:Qh|As:-100|100:DeepStack|TCC_AI
STATE:167:cc/cc:Ks|Qs/Ah:100|-100:TCC_AI|DeepStack
STATE:168:cc/cc:Kh|As/Qs:-100|100:DeepStack|TCC_AI
STATE:169:cc/r300c:Ks|Kh/Ah:0|0:TCC_AI|DeepStack
STATE:170:cr300r1200f:Ah|Qs:300|-300:DeepStack|TCC_AI
STATE:171:r200c/r300f:Ah|Qs/As:200|-200:TCC_AI|DeepStack
STATE:172:cc/cr200f:Ks|Qh/Qs:-100|100:DeepStack|TCC_AI
STATE:173:cr300f:Qh|Ah:-100|100:TCC_AI|DeepStack
STATE:174:cc/r300f:Ks|Qh/As:100|-100:DeepStack|TCC_AI
STATE:175:cr300f:Qs|Ah:-100|100:TCC_AI|DeepStack
STATE:176:cc/cc:Qs|Kh/Qh:100|-100:DeepStack|TCC_AI
STATE:177:cc/r400c:Kh|Ks/As:0|0:TCC_AI|DeepStack
STATE:178:cc/cr200f:Ah|Qh/Qs:-100|100:DeepStack|TCC_AI
STATE:179:cc/cc:As|Qh/Kh:100|-100:TCC_AI|DeepStack
STATE:180:cc/r300c:Ks|Kh/As:0|0:DeepStack|TCC_AI
STATE:181:cr300f:Ks|As:-100|100:TCC_AI|DeepStack
STATE:182:cc/cc:Qs|Qh/As:0|0:DeepStack|TCC_AI
STATE:183:cc/r1000f:Ah|Qh/As:100|-100:TCC_AI|DeepStack
STATE:184:cc/cr200c:Ah|Kh/Ks:-200|200:DeepStack|TCC_AI
STATE:185:cc/cc:Qh|Ah/Ks:-100|100:TCC_AI|DeepStack
STATE:186:cc/cc:As|Qh/Ks:100|-100:DeepStack|TCC_AI
STATE:187:cc/cc:Qh|Kh/Ah:-100|100:TCC_AI|DeepStack
STATE:188:cr300f:Qh|As:-100|100:DeepStack|TCC_AI
STATE:189:cr300f:Qs|As:-100|100:TCC_AI|DeepStack
STATE:190:cc/r300r800f:Kh|Ah/As:-300|300:DeepStack|TCC_AI
STATE:191:cr300f:Qs|Ah:-100|100:TCC_AI|DeepStack
STATE:192:cc/cc:Qs|Ks/Qh:100|-100:DeepStack|TCC_AI
STATE:193:cr300c/cc:Kh|Ah/Qh:-300|300:TCC_AI|DeepStack
STATE:194:cr300c/cr900f:Kh|As/Ah:-300|300:DeepStack|TCC_AI
STATE:195:cc/r400f:Ks|Kh/As:100|-100:TCC_AI|DeepStack
STATE:196:cr300c/r1200c:Kh|As/Qs:-1200|1200:DeepStack|TCC_AI
STATE:197:cc/cr300f:As|Qs/Qh:-100|100:TCC_AI|DeepStack
STATE:198:cc/cc:As|Ks/Qh:100|-100:DeepStack|TCC_AI
STATE:199:r1100f:As|Qh:100|-100:TCC_AI|DeepStack
STATE:200:cc/cc:Ks|Ah/Qs:-100|100:DeepStack|TCC_AI
STATE:201:cr1200f:Qs|As:-100|100:TCC_AI|DeepStack
STATE:202:cr300c/r1200f:Kh|As/Qs:300|-300:DeepStack|TCC_AI
STATE:203:cr1200c/:Ah|As/Qh:0|0:TCC_AI|DeepStack
STATE:204:cr200c/r600f:Qh|Ks/Qs:200|-200:DeepStack|TCC_AI
STATE:205:cc/r500c:Ah|Ks/As:500|-500:TCC_AI|DeepStack
STATE:206:cc/cc:Qs|Kh/Qh:100|-100:DeepStack|TCC_AI
STATE:207:cc/r500f:Ks|Kh/Ah:100|-100:TCC_AI|DeepStack
STATE:208:cr300f:Ks|As:-100|100:DeepStack|TCC_AI
STATE:209:r600f:Ah|Ks:100|-100:TCC_AI|DeepStack
STATE:210:cc/cc:Qh|Ah/Ks:-100|100:DeepStack|TCC_AI
STATE:211:cc/r400f:Qs|Qh/As:100|-100:TCC_AI|DeepStack
STATE:212:cc/cr200f:Ks|Qh/Qs:-100|100:DeepStack|TCC_AI
STATE:213:cr300f:Ks|As:-100|100:TCC_AI|DeepStack
STATE:214:cr300f:Qs|Kh:-100|100:DeepStack|TCC_AI
STATE:215:cc/r400f:Kh|Qs/Ah:100|-100:TCC_AI|DeepStack
STATE:216:cr200c/cr900f:Kh|As/Ah:-200|200:DeepStack|TCC_AI
STATE:217:r300c/cc:Ks|Qs/As:300|-300:TCC_AI|DeepStack
STATE:218:cc/cc:Kh|Qh/Ks:100|-100:DeepStack|TCC_AI
STATE:219:cr300r800c/r1100f:Ah|Kh/Qh:800|-800:TCC_AI|DeepStack
STATE:220:cc/cr200f:Qs|Kh/Ks:-100|100:DeepStack|TCC_AI
STATE:221:cc/cr300f:As|Ks/Kh:-100|100:TCC_AI|DeepStack
STATE:222:r300c/cc:Qh|Ks/As:-300|300:DeepStack|TCC_AI
STATE:223:cc/r300f:Kh|Qs/Ah:100|-100:TCC_AI|DeepStack
STATE:224:cr300r1200c/:As|Ah/Qh:0|0:DeepStack|TCC_AI
STATE:225:cc/cr300f:Qh|Ks/Kh:-100|100:TCC_AI|DeepStack
STATE:226:cc/cc:Kh|Ks/Qs:0|0:DeepStack|TCC_AI
STATE:227:cc/cc:Kh|Qh/Ah:100|-100:TCC_AI|DeepStack
STATE:228:r1200f:Ah|Ks:100|-100:DeepStack|TCC_AI
STATE:229:cc/cc:Qh|Ks/Ah:-100|100:TCC_AI|DeepStack
STATE:230:cr300f:Kh|As:-100|100:DeepStack|TCC_AI
STATE:231:cc/r500c:Ks|Kh/As:0|0:TCC_AI|DeepStack
STATE:232:cr400f:Qh|As:-100|100:DeepStack|TCC_AI
STATE:233:cr300c/cr1200f:Kh|Qs/Ah:-300|300:TCC_AI|DeepStack
STATE:234:cr300r1200c/:Ah|As/Ks:0|0:DeepStack|TCC_AI
STATE:235:cc/cr300c:As|Qh/Ks:300|-300:TCC_AI|DeepStack
STATE:236:cc/cc:Ah|Kh/Qh:100|-100:DeepStack|TCC_AI
STATE:237:cc/cr300f:Ks|Kh/Qh:-100|100:TCC_AI|DeepStack
STATE:238:cr500c/cc:Kh|As/Qh:-500|500:DeepStack|TCC_AI
STATE:239:cr300f:Qs|As:-100|100:TCC_AI|DeepStack
STATE:240:cc/cc:Qs|Ks/As:-100|100:DeepStack|TCC_AI
STATE:241:cc/cc:Qs|Kh/Ah:-100|100:TCC_AI|DeepStack
STATE:242:cc/r300f:Kh|Qs/As:100|-100:DeepStack|TCC_AI
STATE:243:cr300f:Qh|Ah:-100|100:TCC_AI|DeepStack
STATE:244:cc/cc:Kh|Qs/As:100|-100:DeepStack|TCC_AI
STATE:245:cr300c/r1200c:Kh|Ah/Ks:1200|-1200:TCC_AI|DeepStack
STATE:246:cc/cc:Kh|Ah/Ks:100|-100:DeepStack|TCC_AI
STATE:247:cc/cc:Qh|Qs/Ah:0|0:TCC_AI|DeepStack
STATE:248:cc/cc:Qh|Kh/As:-100|100:DeepStack|TCC_AI
STATE:249:cc/r500f:Kh|Qs/As:100|-100:TCC_AI|DeepStack
STATE:250:r1200f:As|Ks:100|-100:DeepStack|TCC_AI
STATE:251:r800f:As|Qs:100|-100:TCC_AI|DeepStack
STATE:252:cc/r300f:Kh|Qs/As:100|-100:DeepStack|TCC_AI
STATE:253:cc/cc:Qs|Qh/As:0|0:TCC_AI|DeepStack
STATE:254:cr500f:Qs|Ah:-100|100:DeepStack|TCC_AI
STATE:255:cr1200c/:Ah|As/Kh:0|0:TCC_AI|DeepStack
STATE:256:cr300c/r1200f:Qs|As/Kh:300|-300:DeepStack|TCC_AI
STATE:257:cr300f:Ks|As:-100|100:TCC_AI|DeepStack
STATE:258:cr200c/cc:Ks|Ah/Kh:200|-200:DeepStack|TCC_AI
STATE:259:cr300r900r1200c/:Ah|As/Qs:0|0:TCC_AI|DeepStack
STATE:260:cr300c/r1200f:Qh|Ah/Qs:300|-300:DeepStack|TCC_AI
STATE:261:cc/cr300f:Kh|Qh/Qs:-100|100:TCC_AI|DeepStack
STATE:262:cc/cr200c:As|Qs/Qh:-200|200:DeepStack|TCC_AI
STATE:263:cr300f:Kh|Qs:-100|100:TCC_AI|DeepStack
STATE:264:cc/cr200c:Ah|Kh/Qs:200|-200:DeepStack|TCC_AI
STATE:265:cr300f:Qh|As:-100|100:TCC_AI|DeepStack
STATE:266:cr200c/r600f:Qh|Ah/Qs:200|-200:DeepStack|TCC_AI
STATE:267:cr300f:Kh|Ks:-100|100:TCC_AI|DeepStack
STATE:268:r1200f:Ah|Ks:100|-100:DeepStack|TCC_AI
STATE:269:r300c/cr1200f:As|Ks/Kh:-300|300:TCC_AI|DeepStack
STATE:270:cr400f:Qs|Ah:-100|100:DeepStack|TCC_AI
STATE:271:cc/cr300f:Qs|Ks/Kh:-100|100:TCC_AI|DeepStack
STATE:272:cr300f:Qh|Ah:-100|100:DeepStack|TCC_AI
STATE:273:cr300f:Qh|As:-100|100:TCC_AI|DeepStack
STATE:274:cr400f:Qs|Ah:-100|100:DeepStack|TCC_AI
STATE:275:cc/cr300c:Ah|Kh/Ks:-300|300:TCC_AI|DeepStack
STATE:276:cc/cc:Qh|Kh/As:-100|100:DeepStack|TCC_AI
STATE:277:cc/cr1200f:Ks|Ah/As:-100|100:TCC_AI|DeepStack
STATE:278:cc/cr300r900f:Ks|Qs/Kh:300|-300:DeepStack|TCC_AI
STATE:279:cc/cr300r700f:Ks|Qs/Kh:300|-300:TCC_AI|DeepStack
STATE:280:cr300f:Qs|Ah:-100|100:DeepStack|TCC_AI
STATE:281:r600f:As|Ks:100|-100:TCC_AI|DeepStack
STATE:282:cr300f:Qs|As:-100|100:DeepStack|TCC_AI
STATE:283:cc/cc:Kh|Qs/As:100|-100:TCC_AI|DeepStack
STATE:284:r1200f:As|Qs:100|-100:DeepStack|TCC_AI
STATE:285:cr300r800f:As|Qh:300|-300:TCC_AI|DeepStack
STATE:286:cc/cc:Ks|Qs/Kh:100|-100:DeepStack|TCC_AI
STATE:287:cr300f:Kh|Qs:-100|100:TCC_AI|DeepStack
STATE:288:cr300c/r1200f:Qh|Ah/Ks:300|-300:DeepStack|TCC_AI
STATE:289:cr300f:Qs|Ah:-100|100:TCC_AI|DeepStack
STATE:290:cr300f:Kh|Qs:-100|100:DeepStack|TCC_AI
STATE:291:cc/cc:Kh|As/Qh:-100|100:TCC_AI|DeepStack
STATE:292:cc/r300f:Kh|Qh/As:100|-100:DeepStack|TCC_AI
STATE:293:cc/cr300f:Ks|Qs/Qh:-100|100:TCC_AI|DeepStack
STATE:294:cc/cc:Qs|Qh/Ks:0|0:DeepStack|TCC_AI
STATE:295:cr300c/cr1200f:Qh|As/Ah:-300|300:TCC_AI|DeepStack
STATE:296:cr300c/cc:Ks|As/Qs:-300|300:DeepStack|TCC_AI
STATE:297:cc/cc:Kh|Qh/Ah:100|-100:TCC_AI|DeepStack
STATE:298:cc/cc:Qh|Kh/Qs:100|-100:DeepStack|TCC_AI
STATE:299:cc/r400f:As|Qh/Ah:100|-100:TCC_AI|DeepStack
STATE:300:cc/cc:Ks|Ah/Kh:100|-100:DeepStack|TCC_AI
STATE:301:cc/cr300f:Qs|Kh/Ks:-100|100:TCC_AI|DeepStack
STATE:302:cr300f:Ks|Qh:-100|100:DeepStack|TCC_AI
STATE:303:r300r1200c/:As|Ah/Qh:0|0:TCC_AI|DeepStack
STATE:304:cc/r300f:Kh|Qs/Ah:100|-100:DeepStack|TCC_AI
STATE:305:cr300f:Qs|Ks:-100|100:TCC_AI|DeepStack
STATE:306:cc/r300c:Ah|Ks/As:300|-300:DeepStack|TCC_AI
STATE:307:cr300f:Qs|Qh:-100|100:TCC_AI|DeepStack
STATE:308:cc/cr200f:Kh|Ks/Qh:-100|100:DeepStack|TCC_AI
STATE:309:cc/cc:As|Qh/Ks:100|-100:TCC_AI|DeepStack
STATE:310:cc/cc:Qh|Qs/Kh:0|0:DeepStack|TCC_AI
STATE:311:cc/cc:Qs|Qh/Kh:0|0:TCC_AI|DeepStack
STATE:312:cr300c/cc:Ks|As/Qs:-300|300:DeepStack|TCC_AI
STATE:313:cr300f:Kh|Qh:-100|100:TCC_AI|DeepStack
STATE:314:cr400f:Qs|As:-100|100:DeepStack|TCC_AI
STATE:315:cc/cr300f:Qs|Ks/Kh:-100|100:TCC_AI|DeepStack
STATE:316:cr400f:Ks|Ah:-100|100:DeepStack|TCC_AI
STATE:317:cc/cr300f:As|Qh/Qs:-100|100:TCC_AI|DeepStack
STATE:318:cc/cc:Qs|Kh/Qh:100|-100:DeepStack|TCC_AI
STATE:319:cc/cr300f:Ah|Qs/Qh:-100|100:TCC_AI|DeepStack
STATE:320:r1200f:As|Ks:100|-100:DeepStack|TCC_AI
STATE:321:cc/r300f:Ks|Qs/Ah:100|-100:TCC_AI|DeepStack
STATE:322:cc/cr200f:Qs|Qh/Ah:-100|100:DeepStack|TCC_AI
STATE:323:cc/cc:Kh|Ah/Qs:-100|100:TCC_AI|DeepStack
STATE:324:cc/r300c:Ks|Kh/Ah:0|0:DeepStack|TCC_AI
STATE:325:cc/cc:Qs|Kh/Qh:100|-100:TCC_AI|DeepStack
STATE:326:cr400r1200c/:As|Ah/Ks:0|0:DeepStack|TCC_AI
STATE:327:cc/cr300f:Qs|Ks/Kh:-100|100:TCC_AI|DeepStack
STATE:328:cr300f:Qh|As:-100|100:DeepStack|TCC_AI
STATE:329:cr300r1000r1200c/:Ah|As/Kh:0|0:TCC_AI|DeepStack
STATE:330:cr300r1200c/:As|Ah/Qh:0|0:DeepStack|TCC_AI
STATE:331:cr300c/cc:Qh|As/Ks:-300|300:TCC_AI|DeepStack
STATE:332:cc/cc:Qh|Kh/As:-100|100:DeepStack|TCC_AI
STATE:333:cr300c/cr1200c:Kh|As/Ah:-1200|1200:TCC_AI|DeepStack
STATE:334:cr600r1200c/:As|Ah/Ks:0|0:DeepStack|TCC_AI
STATE:335:cc/r500c:Ah|Kh/As:500|-500:TCC_AI|DeepStack
STATE:336:cc/cc:As|Ks/Qh:100|-100:DeepStack|TCC_AI
STATE:337:r600r1200c/:Ah|As/Ks:0|0:TCC_AI|DeepStack
STATE:338:cr300f:Kh|As:-100|100:DeepStack|TCC_AI
STATE:339:cc/cc:Qs|Qh/Kh:0|0:TCC_AI|DeepStack
STATE:340:cc/cr200f:Qh|Qs/Ah:-100|100:DeepStack|TCC_AI
STATE:341:cc/cc:Ks|Qh/Ah:100|-100:TCC_AI|DeepStack
STATE:342:cr300f:Qs|As:-100|100:DeepStack|TCC_AI
STATE:343:cc/r400f:Kh|Ks/As:100|-100:TCC_AI|DeepStack
STATE:344:cc/cc:Qs|Ks/Ah:-100|100:DeepStack|TCC_AI
STATE:345:r800f:As|Ks:100|-100:TCC_AI|DeepStack
STATE:346:cr300f:Qh|Ah:-100|100:DeepStack|TCC_AI
STATE:347:cr1200f:Ks|As:-100|100:TCC_AI|DeepStack
STATE:348:r1200f:Ah|Kh:100|-100:DeepStack|TCC_AI
STATE:349:cr300f:Qs|As:-100|100:TCC_AI|DeepStack
STATE:350:cc/cc:Ks|Kh/As:0|0:DeepStack|TCC_AI
STATE:351:cc/cr300f:Qh|Qs/Ks:-100|100:TCC_AI|DeepStack
STATE:352:cc/r300f:As|Kh/Ah:100|-100:DeepStack|TCC_AI
STATE:353:cr1200f:Ks|As:-100|100:TCC_AI|DeepStack
STATE:354:r1200f:Ah|Ks:100|-100:DeepStack|TCC_AI
STATE:355:cr1200f:Kh|Ah:-100|100:TCC_AI|DeepStack
STATE:356:cc/cc:Qs|Kh/Qh:100|-100:DeepStack|TCC_AI
STATE:357:cc/cr300c:As|Qh/Qs:-300|300:TCC_AI|DeepStack
STATE:358:cr300f:Qs|Kh:-100|100:DeepStack|TCC_AI
STATE:359:r800c/cr1200c:As|Ah/Qs:0|0:TCC_AI|DeepStack
STATE:360:cr300f:Qs|Ah:-100|100:DeepStack|TCC_AI
STATE:361:cr300f:Qh|As:-100|100:TCC_AI|DeepStack
STATE:362:cr1100r1200c/:Ah|As/Qh:0|0:DeepStack|TCC_AI
STATE:363:cc/cc:Ah|Qs/Ks:100|-100:TCC_AI|DeepStack
STATE:364:cr300r1200f:Ah|Qh:300|-300:DeepStack|TCC_AI
STATE:365:cc/cc:Kh|Ks/Qs:0|0:TCC_AI|DeepStack
STATE:366:cc/r300c:Ks|Kh/Ah:0|0:DeepStack|TCC_AI
STATE:367:cr300r900r1200c/:As|Ah/Kh:0|0:TCC_AI|DeepStack
STATE:368:cr300f:Kh|Qh:-100|100:DeepStack|TCC_AI
STATE:369:r800f:As|Ks:100|-100:TCC_AI|DeepStack
STATE:370:r1200f:Ah|Qs:100|-100:DeepStack|TCC_AI
STATE:371:cc/cc:As|Qh/Kh:100|-100:TCC_AI|DeepStack
STATE:372:r1200c/:Ah|As/Qh:0|0:DeepStack|TCC_AI
STATE:373:cr300c/cr900c:As|Ah/Qh:0|0:TCC_AI|DeepStack
STATE:374:cc/r1200f:As|Qs/Ah:100|-100:DeepStack|TCC_AI
STATE:375:cc/r600f:Ah|Qs/As:100|-100:TCC_AI|DeepStack
STATE:376:cc/cc:Qh|Ks/Ah:-100|100:DeepStack|TCC_AI
STATE:377:cc/cr300f:Ks|Qh/Qs:-100|100:TCC_AI|DeepStack
STATE:378:cr300f:Qh|Ah:-100|100:DeepStack|TCC_AI
STATE:379:cr300c/cr1200f:Qh|Ah/As:-300|300:TCC_AI|DeepStack
STATE:380:cc/cr200c:As|Qs/Qh:-200|200:DeepStack|TCC_AI
STATE:381:r600r1200c/:As|Ah/Kh:0|0:TCC_AI|DeepStack
STATE:382:cr300c/r1200f:Qh|Qs/Kh:300|-300:DeepStack|TCC_AI
STATE:383:cc/r300f:Ah|Qs/As:100|-100:TCC_AI|DeepStack
STATE:384:cr300f:Qh|Ah:-100|100:DeepStack|TCC_AI
STATE:385:r300c/cc:Ah|Qs/Ks:300|-300:TCC_AI|DeepStack
STATE:386:cc/cr200f:Qs|Ks/Kh:-100|100:DeepStack|TCC_AI
STATE:387:cc/cc:Kh|Qh/Ks:100|-100:TCC_AI|DeepStack
STATE:388:cc/cc:As|Qs/Kh:100|-100:DeepStack|TCC_AI
STATE:389:cc/cr300f:As|Ks/Qh:-100|100:TCC_AI|DeepStack
STATE:390:cr600f:Qh|Ah:-100|100:DeepStack|TCC_AI
STATE:391:cc/cr300f:As|Qs/Qh:-100|100:TCC_AI|DeepStack
STATE:392:cr500f:Kh|Ah:-100|100:DeepStack|TCC_AI
STATE:393:cr300c/r1200f:Qs|Qh/Kh:300|-300:TCC_AI|DeepStack
STATE:394:cc/cc:Qs|Qh/As:0|0:DeepStack|TCC_AI
STATE:395:cc/r300f:As|Qh/Ah:100|-100:TCC_AI|DeepStack
STATE:396:cr300f:Qs|Ah:-100|100:DeepStack|TCC_AI
STATE:397:cr300f:Qs|Ah:-100|100:TCC_AI|DeepStack
STATE:398:cc/cc:Qh|Kh/As:-100|100:DeepStack|TCC_AI
STATE:399:cc/cc:Qh|Ks/Qs:100|-100:TCC_AI|DeepStack
STATE:400:r1200f:As|Qh:100|-100:DeepStack|TCC_AI
STATE:401:cc/cc:Ah|Qs/Ks:100|-100:TCC_AI|DeepStack
STATE:402:cr800f:Qs|Ah:-100|100:DeepStack|TCC_AI
STATE:403:cc/cc:Qs|Qh/Ah:0|0:TCC_AI|DeepStack
STATE:404:cc/cc:Qh|Ks/As:-100|100:DeepStack|TCC_AI
STATE:405:r1000r1200c/:As|Ah/Qs:0|0:TCC_AI|DeepStack
STATE:406:cc/r300f:Ks|Qh/Ah:100|-100:DeepStack|TCC_AI
STATE:407:cr300c/cr900f:Kh|As/Qs:-300|300:TCC_AI|DeepStack
STATE:408:cc/cc:Qs|Qh/Kh:0|0:DeepStack|TCC_AI
STATE:409:cc/cc:Ah|Qs/Kh:100|-100:TCC_AI|DeepStack
STATE:410:cc/r300f:Ah|Qh/As:100|-100:DeepStack|TCC_AI
STATE:411:r400f:Ah|Kh:100|-100:TCC_AI|DeepStack
STATE:412:cc/cc:Kh|Qh/As:100|-100:DeepStack|TCC_AI
STATE:413:cc/cr300f:As|Kh/Ks:-100|100:TCC_AI|DeepStack
STATE:414:cr500r1200c/:Ah|As/Ks:0|0:DeepStack|TCC_AI
STATE:415:cr1200f:Qs|Ah:-100|100:TCC_AI|DeepStack
STATE:416:cc/cc:Qs|Ah/Ks:-100|100:DeepStack|TCC_AI
STATE:417:cr300f:Kh|As:-100|100:TCC_AI|DeepStack
STATE:418:cr300r1200c/:As|Ah/Qs:0|0:DeepStack|TCC_AI
STATE:419:cc/cc:Ks|Qs/Ah:100|-100:TCC_AI|DeepStack
STATE:420:cc/cc:Ks|Ah/Qs:-100|100:DeepStack|TCC_AI
STATE:421:cc/cr300f:Kh|Qs/Qh:-100|100:TCC_AI|DeepStack
STATE:422:r300r800c/cr900f:Ks|Ah/As:-800|800:DeepStack|TCC_AI
STATE:423:cc/r800f:Ah|Ks/As:100|-100:TCC_AI|DeepStack
STATE:424:cc/cr200f:Qh|Kh/Ks:-100|100:DeepStack|TCC_AI
STATE:425:cc/cc:Qh|Kh/Qs:100|-100:TCC_AI|DeepStack
STATE:426:cr300f:Kh|Ah:-100|100:DeepStack|TCC_AI
STATE:427:cc/cc:Qs|Kh/As:-100|100:TCC_AI|DeepStack
STATE:428:cc/r300f:Kh|Qs/As:100|-100:DeepStack|TCC_AI
STATE:429:cr1200f:Qh|Ah:-100|100:TCC_AI|DeepStack
STATE:430:cc/cc:Ks|Kh/Qs:0|0:DeepStack|TCC_AI
STATE:431:cc/cc:Qs|Qh/Kh:0|0:TCC_AI|DeepStack
STATE:432:cc/cc:As|Qh/Kh:100|-100:DeepStack|TCC_AI
STATE:433:cr300f:Qh|Ks:-100|100:TCC_AI|DeepStack
STATE:434:cr300r1200c/:As|Ah/Qs:0|0:DeepStack|TCC_AI
STATE:435:cr300f:Qs|Ah:-100|100:TCC_AI|DeepStack
STATE:436:cr500f:Qh|As:-100|100:DeepStack|TCC_AI
STATE:437:cc/r600f:Ah|Ks/As:100|-100:TCC_AI|DeepStack
STATE:438:cc/cc:Qh|Qs/Ah:0|0:DeepStack|TCC_AI
STATE:439:cr300c/cc:Qs|As/Qh:300|-300:TCC_AI|DeepStack
STATE:440:r1200c/:As|Ah/Ks:0|0:DeepStack|TCC_AI
STATE:441:cc/cc:Ah|Kh/Qh:100|-100:TCC_AI|DeepStack
STATE:442:cr300c/r1200f:Kh|Ah/Ks:300|-300:DeepStack|TCC_AI
STATE:443:cc/cr300f:Qh|Ks/Kh:-100|100:TCC_AI|DeepStack
STATE:444:cc/cc:Kh|Qh/Ks:100|-100:DeepStack|TCC_AI
STATE:445:cc/cr300f:As|Qs/Qh:-100|100:TCC_AI|DeepStack
STATE:446:cc/cr200f:Ks|Qs/Qh:-100|100:DeepStack|TCC_AI
STATE:447:cc/cc:Qh|Kh/As:-100|100:TCC_AI|DeepStack
STATE:448:r300c/cr1200f:Ah|Kh/Ks:-300|300:DeepStack|TCC_AI
STATE:449:r600f:As|Ks:100|-100:TCC_AI|DeepStack
STATE:450:cc/r300c:As|Ks/Ah:300|-300:DeepStack|TCC_AI
STATE:451:cr300f:Qs|Ah:-100|100:TCC_AI|DeepStack
STATE:452:cr1200f:Kh|As:-100|100:DeepStack|TCC_AI
STATE:453:r200c/cc:As|Ah/Qh:0|0:TCC_AI|DeepStack
STATE:454:cc/r300r600f:Ks|As/Ah:-300|300:DeepStack|TCC_AI
STATE:455:r600f:As|Qh:100|-100:TCC_AI|DeepStack
STATE:456:cr300f:Qs|Ah:-100|100:DeepStack|TCC_AI
STATE:457:cc/cr1200f:Qs|As/Ah:-100|100:TCC_AI|DeepStack
STATE:458:cc/cc:Qh|Ah/Ks:-100|100:DeepStack|TCC_AI
STATE:459:r800f:Ah|Ks:100|-100:TCC_AI|DeepStack
STATE:460:cc/cc:Qs|Qh/Ah:0|0:DeepStack|TCC_AI
STATE:461:r800f:As|Qs:100|-100:TCC_AI|DeepStack
STATE:462:cc/cr300c:Ah|Ks/Qh:300|-300:DeepStack|TCC_AI
STATE:463:cc/cc:Qh|Ah/Ks:-100|100:TCC_AI|DeepStack
STATE:464:r1200f:Ah|Qs:100|-100:DeepStack|TCC_AI
STATE:465:cr300f:Qs|As:-100|100:TCC_AI|DeepStack
STATE:466:cc/cc:Ks|Qs/Kh:100|-100:DeepStack|TCC_AI
STATE:467:cr300c/cr1200c:Ks|Qh/Ah:1200|-1200:TCC_AI|DeepStack
STATE:468:cc/cc:Qh|Ks/Ah:-100|100:DeepStack|TCC_AI
STATE:469:cc/cc:Ah|Ks/Qs:100|-100:TCC_AI|DeepStack
STATE:470:cc/cc:Qs|Qh/As:0|0:DeepStack|TCC_AI
STATE:471:r600r1200c/:As|Ah/Qh:0|0:TCC_AI|DeepStack
STATE:472:cr300f:Ks|Ah:-100|100:DeepStack|TCC_AI
STATE:473:cc/cc:Kh|Qh/Ks:100|-100:TCC_AI|DeepStack
STATE:474:cc/r300f:Ah|Kh/As:100|-100:DeepStack|TCC_AI
STATE:475:cc/r400c:Ks|Kh/Ah:0|0:TCC_AI|DeepStack
STATE:476:cr300c/cc:Qh|As/Kh:-300|300:DeepStack|TCC_AI
STATE:477:cr1200f:Qs|As:-100|100:TCC_AI|DeepStack
STATE:478:cr300f:Qh|Ks:-100|100:DeepStack|TCC_AI
STATE:479:cc/cc:Qh|Kh/Ah:-100|100:TCC_AI|DeepStack
STATE:480:cr300f:Qs|Ah:-100|100:DeepStack|TCC_AI
STATE:481:cr1200f:Qh|Ah:-100|100:TCC_AI|DeepStack
STATE:482:r1200f:Ah|Ks:100|-100:DeepStack|TCC_AI
STATE:483:cc/cc:Ks|Qs/Kh:100|-100:TCC_AI|DeepStack
STATE:484:cc/cr600f:Kh|Ah/As:-100|100:DeepStack|TCC_AI
STATE:485:cc/cc:Qs|Kh/Qh:100|-100:TCC_AI|DeepStack
STATE:486:cr300f:Qh|Ah:-100|100:DeepStack|TCC_AI
STATE:487:cc/cr300f:Qs|Kh/Ks:-100|100:TCC_AI|DeepStack
STATE:488:cc/cc:As|Kh/Qh:100|-100:DeepStack|TCC_AI
STATE:489:cc/cr300r900f:Qh|Ks/Qs:300|-300:TCC_AI|DeepStack
STATE:490:cc/cr200f:Ks|Qh/Qs:-100|100:DeepStack|TCC_AI
STATE:491:cc/cc:Qh|Ks/As:-100|100:TCC_AI|DeepStack
STATE:492:cc/cc:As|Kh/Qs:100|-100:DeepStack|TCC_AI
STATE:493:cc/cc:Ah|Qs/Kh:100|-100:TCC_AI|DeepStack
STATE:494:cc/r300c:Kh|Ks/Ah:0|0:DeepStack|TCC_AI
STATE:495:cr300f:Kh|Ah:-100|100:TCC_AI|DeepStack
STATE:496:cr200c/cr300r900f:Ks|Qs/Kh:300|-300:DeepStack|TCC_AI
STATE:497:cr300f:Qh|Ah:-100|100:TCC_AI|DeepStack
STATE:498:cc/r300r1200f:Ks|Qh/As:-300|300:DeepStack|TCC_AI
STATE:499:cc/cc:Kh|Qs/As:100|-100:TCC_AI|DeepStack
STATE:500:cc/cr200f:Ks|Kh/Qs:-100|100:DeepStack|TCC_AI
STATE:501:cr300f:Kh|As:-100|100:TCC_AI|DeepStack
STATE:502:cc/cc:Ah|As/Kh:0|0:DeepStack|TCC_AI
STATE:503:cr300f:Kh|Ks:-100|100:TCC_AI|DeepStack
STATE:504:cc/cc:Ks|As/Kh:100|-100:DeepStack|TCC_AI
STATE:505:cr300f:Ks|Qs:-100|100:TCC_AI|DeepStack
STATE:506:cr200r1200f:Ah|Ks:200|-200:DeepStack|TCC_AI
STATE:507:cr1200f:Qh|Ah:-100|100:TCC_AI|DeepStack
STATE:508:cr300c/cr1200f:Qs|Ah/Kh:-300|300:DeepStack|TCC_AI
STATE:509:cr300f:Ks|Ah:-100|100:TCC_AI|DeepStack
STATE:510:cc/r300f:Kh|Qs/As:100|-100:DeepStack|TCC_AI
STATE:511:cr300f:Qh|Kh:-100|100:TCC_AI|DeepStack
STATE:512:cc/cr200f:Ks|Qh/Qs:-100|100:DeepStack|TCC_AI
STATE:513:cr300f:Qh|Qs:-100|100:TCC_AI|DeepStack
STATE:514:cc/cc:As|Ah/Kh:0|0:DeepStack|TCC_AI
STATE:515:cc/cr300f:Ah|Ks/Kh:-100|100:TCC_AI|DeepStack
STATE:516:cr300f:Ks|As:-100|100:DeepStack|TCC_AI
STATE:517:cc/r700f:Qh|Kh/As:100|-100:TCC_AI|DeepStack
STATE:518:cr300f:Kh|As:-100|100:DeepStack|TCC_AI
STATE:519:cr300f:Kh|Qs:-100|100:TCC_AI|DeepStack
STATE:520:cr500f:Ks|Ah:-100|100:DeepStack|TCC_AI
STATE:521:cr300r800f:As|Ks:300|-300:TCC_AI|DeepStack
STATE:522:cc/cc:As|Qh/Kh:100|-100:DeepStack|TCC_AI
STATE:523:cc/cc:Ks|Kh/Qh:0|0:TCC_AI|DeepStack
STATE:524:cr300c/cr800f:Qs|Ks/As:-300|300:DeepStack|TCC_AI
STATE:525:r800r1200c/:Ah|As/Ks:0|0:TCC_AI|DeepStack
STATE:526:r300c/cc:Ks|Qs/As:300|-300:DeepStack|TCC_AI
STATE:527:cr300f:Qs|Kh:-100|100:TCC_AI|DeepStack
STATE:528:cr300f:Kh|Qh:-100|100:DeepStack|TCC_AI
STATE:529:cr300r900f:As|Qh:300|-300:TCC_AI|DeepStack
STATE:530:cr300f:Ks|Ah:-100|100:DeepStack|TCC_AI
STATE:531:cc/cc:Ks|Qs/Kh:100|-100:TCC_AI|DeepStack
STATE:532:cc/cc:Qh|Qs/Ah:0|0:DeepStack|TCC_AI
STATE:533:cr300c/cc:As|Ah/Ks:0|0:TCC_AI|DeepStack
STATE:534:cr800f:Kh|Ah:-100|100:DeepStack|TCC_AI
STATE:535:cr300f:Ks|Kh:-100|100:TCC_AI|DeepStack
STATE:536:cc/cc:Qh|Kh/As:-100|100:DeepStack|TCC_AI
STATE:537:cc/r700f:Ah|Qh/As:100|-100:TCC_AI|DeepStack
STATE:538:cc/cc:Qh|Qs/Ks:0|0:DeepStack|TCC_AI
STATE:539:cr300f:Qs|Ah:-100|100:TCC_AI|DeepStack
STATE:540:cc/cc:Kh|Qs/As:100|-100:DeepStack|TCC_AI
STATE:541:cc/cr1200f:Qh|As/Ah:-100|100:TCC_AI|DeepStack
STATE:542:r1200f:Ah|Kh:100|-100:DeepStack|TCC_AI
STATE:543:cc/r600f:Ah|Qh/As:100|-100:TCC_AI|DeepStack
STATE:544:r1200f:Ah|Ks:100|-100:DeepStack|TCC_AI
STATE:545:cc/r300f:Ks|Kh/Ah:100|-100:TCC_AI|DeepStack
STATE:546:cc/cc:Qs|Qh/As:0|0:DeepStack|TCC_AI
STATE:547:cr300r900f:Ah|Qs:300|-300:TCC_AI|DeepStack
STATE:548:cr300f:Kh|Ah:-100|100:DeepStack|TCC_AI
STATE:549:cc/cr1200f:Qh|As/Ah:-100|100:TCC_AI|DeepStack
STATE:550:cr200c/cc:Qh|Ah/Kh:-200|200:DeepStack|TCC_AI
STATE:551:cr300r800c/r900f:Ah|Qh/As:800|-800:TCC_AI|DeepStack
STATE:552:r1200f:Ah|Kh:100|-100:DeepStack|TCC_AI
STATE:553:cc/cr300f:Ks|Qh/Qs:-100|100:TCC_AI|DeepStack
STATE:554:cc/cr800f:Qs|Qh/As:-100|100:DeepStack|TCC_AI
STATE:555:cc/cr300c:As|Qs/Kh:300|-300:TCC_AI|DeepStack
STATE:556:cc/cc:Kh|Ks/Qs:0|0:DeepStack|TCC_AI
STATE:557:cc/cc:As|Qh/Ks:100|-100:TCC_AI|DeepStack
STATE:558:cc/cr400f:Qh|Ah/As:-100|100:DeepStack|TCC_AI
STATE:559:r500f:As|Ks:100|-100:TCC_AI|DeepStack
STATE:560:cr300r1200c/:As|Ah/Ks:0|0:DeepStack|TCC_AI
STATE:561:cr300f:Qh|Ks:-100|100:TCC_AI|DeepStack
STATE:562:cc/cr200c:As|Qs/Ks:200|-200:DeepStack|TCC_AI
STATE:563:cc/cc:Qs|Ah/Qh:100|-100:TCC_AI|DeepStack
STATE:564:r1200f:As|Qh:100|-100:DeepStack|TCC_AI
STATE:565:cc/cc:Qh|Kh/Ah:-100|100:TCC_AI|DeepStack
STATE:566:cc/cc:Qs|Ks/As:-100|100:DeepStack|TCC_AI
STATE:567:cr300c/r1200f:Qs|Ah/Ks:300|-300:TCC_AI|DeepStack
STATE:568:cc/cc:Ks|Qh/Ah:100|-100:DeepStack|TCC_AI
STATE:569:cc/cc:As|Kh/Qh:100|-100:TCC_AI|DeepStack
STATE:570:r1200c/:As|Ah/Kh:0|0:DeepStack|TCC_AI
STATE:571:cc/cr300f:Qs|Ks/Kh:-100|100:TCC_AI|DeepStack
STATE:572:cr300f:Qh|Kh:-100|100:DeepStack|TCC_AI
STATE:573:cr300f:Qs|Kh:-100|100:TCC_AI|DeepStack
STATE:574:cc/r300c:Kh|Ks/As:0|0:DeepStack|TCC_AI
STATE:575:cc/cr300f:As|Qh/Ks:-100|100:TCC_AI|DeepStack
STATE:576:cc/cr200f:Kh|Qh/Qs:-100|100:DeepStack|TCC_AI
STATE:577:r300c/cr1200f:Kh|Qs/Qh:-300|300:TCC_AI|DeepStack
STATE:578:cc/cc:Ks|Qs/Ah:100|-100:DeepStack|TCC_AI
STATE:579:cr300f:Kh|As:-100|100:TCC_AI|DeepStack
STATE:580:cr300c/cr400c:Kh|Ah/Qs:-400|400:DeepStack|TCC_AI
STATE:581:cr300f:Qs|Ah:-100|100:TCC_AI|DeepStack
STATE:582:cc/cc:Qh|Qs/Kh:0|0:DeepStack|TCC_AI
STATE:583:r600r1200c/:Ah|As/Ks:0|0:TCC_AI|DeepStack
STATE:584:cr300f:Qs|Ah:-100|100:DeepStack|TCC_AI
STATE:585:cc/cc:Qh|Ks/Qs:100|-100:TCC_AI|DeepStack
STATE:586:cc/r300f:Kh|Qs/As:100|-100:DeepStack|TCC_AI
STATE:587:cc/cr300f:As|Kh/Qh:-100|100:TCC_AI|DeepStack
STATE:588:cc/cc:Ks|Kh/Qs:0|0:DeepStack|TCC_AI
STATE:589:cc/r500r1200f:Qh|Ah/As:-500|500:TCC_AI|DeepStack
STATE:590:cr300f:Ks|Ah:-100|100:DeepStack|TCC_AI
STATE:591:cc/cc:Qs|Kh/Ah:-100|100:TCC_AI|DeepStack
STATE:592:cc/cc:Qs|Qh/Ks:0|0:DeepStack|TCC_AI
STATE:593:cr300r800c/r1200f:Ah|Qs/Kh:800|-800:TCC_AI|DeepStack
STATE:594:cc/cc:Qh|Kh/Qs:100|-100:DeepStack|TCC_AI
STATE:595:cc/cc:Ks|Qs/Ah:100|-100:TCC_AI|DeepStack
STATE:596:cc/cc:Qh|Kh/Ah:-100|100:DeepStack|TCC_AI
STATE:597:cc/cc:Ah|Qh/Ks:100|-100:TCC_AI|DeepStack
STATE:598:cr700f:Ks|As:-100|100:DeepStack|TCC_AI
STATE:599:cc/cc:Qh|Ks/As:-100|100:TCC_AI|DeepStack
STATE:600:cc/cc:Qs|Kh/As:-100|100:DeepStack|TCC_AI
STATE:601:cc/r500f:Qh|Qs/As:100|-100:TCC_AI|DeepStack
STATE:602:cc/cc:Qh|Ks/As:-100|100:DeepStack|TCC_AI
STATE:603:r1100r1200c/:Ah|As/Kh:0|0:TCC_AI|DeepStack
STATE:604:cr300c/cc:Ks|As/Qs:-300|300:DeepStack|TCC_AI
STATE:605:cr300f:Qh|Ah:-100|100:TCC_AI|DeepStack
STATE:606:r1200c/:Ah|As/Kh:0|0:DeepStack|TCC_AI
STATE:607:cc/cc:Kh|Ks/Qs:0|0:TCC_AI|DeepStack
STATE:608:cc/cr400f:Qh|Kh/As:-100|100:DeepStack|TCC_AI
STATE:609:cc/cr300f:Ah|Kh/Qh:-100|100:TCC_AI|DeepStack
STATE:610:cr200c/cr900f:Qh|Qs/Kh:-200|200:DeepStack|TCC_AI
STATE:611:cr300f:Kh|Ah:-100|100:TCC_AI|DeepStack
STATE:612:cc/cc:Ah|As/Qh:0|0:DeepStack|TCC_AI
STATE:613:cr300f:Qh|As:-100|100:TCC_AI|DeepStack
STATE:614:cr300f:Kh|As:-100|100:DeepStack|TCC_AI
STATE:615:r400r1200f:Kh|Ah:-400|400:TCC_AI|DeepStack
STATE:616:r300f:Ah|Ks:100|-100:DeepStack|TCC_AI
STATE:617:cr300f:Qh|Ah:-100|100:TCC_AI|DeepStack
STATE:618:cr300f:Qs|As:-100|100:DeepStack|TCC_AI
STATE:619:cr300f:Qs|Ah:-100|100:TCC_AI|DeepStack
STATE:620:cc/cc:Ks|Kh/Qs:0|0:DeepStack|TCC_AI
STATE:621:r600f:Ah|Qh:100|-100:TCC_AI|DeepStack
STATE:622:cc/cc:Qs|Qh/Ks:0|0:DeepStack|TCC_AI
STATE:623:cc/cc:Qh|Qs/Ah:0|0:TCC_AI|DeepStack
STATE:624:cc/cc:Ks|Qs/Kh:100|-100:DeepStack|TCC_AI
STATE:625:cc/cr300f:Ks|Kh/Qs:-100|100:TCC_AI|DeepStack
STATE:626:cr300c/cr1100f:Ks|Qs/Ah:-300|300:DeepStack|TCC_AI
STATE:627:cr300c/cc:Kh|Ah/Qs:-300|300:TCC_AI|DeepStack
STATE:628:cr300f:Qs|Kh:-100|100:DeepStack|TCC_AI
STATE:629:cc/cr300f:Kh|Qh/Qs:-100|100:TCC_AI|DeepStack
STATE:630:r1200f:As|Qs:100|-100:DeepStack|TCC_AI
STATE:631:r800r1200c/:Ah|As/Ks:0|0:TCC_AI|DeepStack
STATE:632:cr300f:Kh|Ah:-100|100:DeepStack|TCC_AI
STATE:633:cc/cr300f:Kh|Qh/Qs:-100|100:TCC_AI|DeepStack
STATE:634:cr200c/r1200f:Qs|Kh/As:200|-200:DeepStack|TCC_AI
STATE:635:r600f:As|Qs:100|-100:TCC_AI|DeepStack
STATE:636:cr300c/r1200f:Ks|As/Qh:300|-300:DeepStack|TCC_AI
STATE:637:cc/r400f:Ks|Qs/Ah:100|-100:TCC_AI|DeepStack
STATE:638:cr200c/cr800c:Ks|Kh/Ah:0|0:DeepStack|TCC_AI
STATE:639:cc/cc:Ah|Qh/Kh:100|-100:TCC_AI|DeepStack
STATE:640:cc/cc:Qh|Ks/As:-100|100:DeepStack|TCC_AI
STATE:641:cc/r400f:As|Qh/Ah:100|-100:TCC_AI|DeepStack
STATE:642:cc/cc:Ah|Qh/Kh:100|-100:DeepStack|TCC_AI
STATE:643:cc/cr300f:Qh|Qs/Ks:-100|100:TCC_AI|DeepStack
STATE:644:r300r1000r1200c/:Ah|As/Qh:0|0:DeepStack|TCC_AI
STATE:645:cr300f:Ks|As:-100|100:TCC_AI|DeepStack
STATE:646:cc/cc:Kh|Qh/Ks:100|-100:DeepStack|TCC_AI
STATE:647:r800f:Ah|Qh:100|-100:TCC_AI|DeepStack
STATE:648:cr300f:Kh|As:-100|100:DeepStack|TCC_AI
STATE:649:cr300r800f:Ah|Qh:300|-300:TCC_AI|DeepStack
STATE:650:cr200r1200f:As|Ks:200|-200:DeepStack|TCC_AI
STATE:651:cc/cc:Kh|Ks/Ah:0|0:TCC_AI|DeepStack
STATE:652:cr400c/r1200c:Ah|As/Qh:0|0:DeepStack|TCC_AI
STATE:653:cr300f:Qh|As:-100|100:TCC_AI|DeepStack
STATE:654:cr300f:Qs|Ah:-100|100:DeepStack|TCC_AI
STATE:655:r800f:As|Qh:100|-100:TCC_AI|DeepStack
STATE:656:r1200f:Ah|Qs:100|-100:DeepStack|TCC_AI
STATE:657:r800r1200c/:As|Ah/Ks:0|0:TCC_AI|DeepStack
STATE:658:r1200c/:As|Ah/Qs:0|0:DeepStack|TCC_AI
STATE:659:cc/cc:Kh|Qh/Ks:100|-100:TCC_AI|DeepStack
STATE:660:cr200c/cc:Ks|Kh/Ah:0|0:DeepStack|TCC_AI
STATE:661:r300c/r1100f:Ah|Qs/As:300|-300:TCC_AI|DeepStack
STATE:662:cr300c/cr400c:Qs|Ah/Kh:-400|400:DeepStack|TCC_AI
STATE:663:cr300c/cr1200f:Ks|As/Ah:-300|300:TCC_AI|DeepStack
STATE:664:cc/cc:As|Ks/Qs:100|-100:DeepStack|TCC_AI
STATE:665:cc/cr300f:Ah|Kh/Ks:-100|100:TCC_AI|DeepStack
STATE:666:cr300f:Ks|As:-100|100:DeepStack|TCC_AI
STATE:667:cr300f:Ks|Qh:-100|100:TCC_AI|DeepStack
STATE:668:cc/cc:Qh|Kh/As:-100|100:DeepStack|TCC_AI
STATE:669:cc/r1100f:Ah|Ks/As:100|-100:TCC_AI|DeepStack
STATE:670:r1200f:As|Qh:100|-100:DeepStack|TCC_AI
STATE:671:cc/r600f:Qs|Kh/As:100|-100:TCC_AI|DeepStack
STATE:672:r1200f:As|Kh:100|-100:DeepStack|TCC_AI
STATE:673:cr300c/cr1200f:Qh|As/Ah:-300|300:TCC_AI|DeepStack
STATE:674:cr200c/r1200f:Qs|Ah/Qh:200|-200:DeepStack|TCC_AI
STATE:675:cc/cc:As|Kh/Qh:100|-100:TCC_AI|DeepStack
STATE:676:cr300c/r1200c:Qh|As/Qs:1200|-1200:DeepStack|TCC_AI
STATE:677:cc/cr1200f:Qh|As/Ah:-100|100:TCC_AI|DeepStack
STATE:678:r1200f:Ah|Kh:100|-100:DeepStack|TCC_AI
STATE:679:cc/cc:Qh|Qs/Ah:0|0:TCC_AI|DeepStack
STATE:680:cr300f:Qh|Kh:-100|100:DeepStack|TCC_AI
STATE:681:cc/cr300f:Kh|Ks/Qs:-100|100:TCC_AI|DeepStack
STATE:682:cr300f:Kh|Ah:-100|100:DeepStack|TCC_AI
STATE:683:cc/cc:Ah|Qh/Ks:100|-100:TCC_AI|DeepStack
STATE:684:cr300c/cr1100c:Kh|Ks/As:0|0:DeepStack|TCC_AI
STATE:685:r1100f:As|Qh:100|-100:TCC_AI|DeepStack
STATE:686:cc/cc:As|Qs/Ks:100|-100:DeepStack|TCC_AI
STATE:687:cr300f:Qs|Qh:-100|100:TCC_AI|DeepStack
STATE:688:cr300f:Qs|As:-100|100:DeepStack|TCC_AI
STATE:689:cr300f:Qh|Kh:-100|100:TCC_AI|DeepStack
STATE:690:cc/r300r500r1200c:As|Ks/Ah:1200|-1200:DeepStack|TCC_AI
STATE:691:cc/cr300r700f:Kh|Qh/Ks:300|-300:TCC_AI|DeepStack
STATE:692:cr300f:Ks|Ah:-100|100:DeepStack|TCC_AI
STATE:693:cc/cc:Qs|Qh/Kh:0|0:TCC_AI|DeepStack
STATE:694:cc/cc:Qh|Qs/As:0|0:DeepStack|TCC_AI
STATE:695:cc/cc:Kh|Qh/Ks:100|-100:TCC_AI|DeepStack
STATE:696:cc/cc:Qs|Kh/Ah:-100|100:DeepStack|TCC_AI
STATE:697:cr300f:Qs|As:-100|100:TCC_AI|DeepStack
STATE:698:cc/cc:Ks|Kh/Qs:0|0:DeepStack|TCC_AI
STATE:699:cc/cr300r500f:Ks|Qh/Kh:300|-300:TCC_AI|DeepStack
STATE:700:cr300f:Qh|As:-100|100:DeepStack|TCC_AI
STATE:701:cc/cc:Ks|As/Qs:-100|100:TCC_AI|DeepStack
STATE:702:cc/cr400f:Qh|Ks/Ah:-100|100:DeepStack|TCC_AI
STATE:703:cr1200f:Ks|As:-100|100:TCC_AI|DeepStack
STATE:704:cr300c/r1200c:Ah|As/Qh:0|0:DeepStack|TCC_AI
STATE:705:cc/cc:As|Qs/Kh:100|-100:TCC_AI|DeepStack
STATE:706:cc/cr200f:Ah|Qs/Qh:-100|100:DeepStack|TCC_AI
STATE:707:cc/cc:Qs|Qh/As:0|0:TCC_AI|DeepStack
STATE:708:cc/cc:Qs|Ks/Qh:100|-100:DeepStack|TCC_AI
STATE:709:cr1200f:Kh|Ah:-100|100:TCC_AI|DeepStack
STATE:710:cr300c/cr1000f:Ks|Qs/Qh:-300|300:DeepStack|TCC_AI
STATE:711:r500f:Ah|Qs:100|-100:TCC_AI|DeepStack
STATE:712:cr200c/cr1100f:Qh|Ks/As:-200|200:DeepStack|TCC_AI
STATE:713:cr300f:Qs|Ah:-100|100:TCC_AI|DeepStack
STATE:714:cc/cr200f:Kh|Ks/Qs:-100|100:DeepStack|TCC_AI
STATE:715:cr300r800c/r1200c:As|Ks/Kh:-1200|1200:TCC_AI|DeepStack
STATE:716:cc/cc:Ks|Kh/Qh:0|0:DeepStack|TCC_AI
STATE:717:cr300f:Qh|Kh:-100|100:TCC_AI|DeepStack
STATE:718:cc/cc:Qh|Qs/As:0|0:DeepStack|TCC_AI
STATE:719:r600f:As|Ks:100|-100:TCC_AI|DeepStack
STATE:720:cc/r1200f:Qs|Qh/As:100|-100:DeepStack|TCC_AI
STATE:721:cc/cc:Ah|Qs/Ks:100|-100:TCC_AI|DeepStack
STATE:722:cc/cc:Qh|Qs/Ks:0|0:DeepStack|TCC_AI
STATE:723:cc/r300f:Kh|Ks/Ah:100|-100:TCC_AI|DeepStack
STATE:724:cc/cr200f:Qs|Qh/Ks:-100|100:DeepStack|TCC_AI
STATE:725:cc/cr300f:Kh|Qs/Qh:-100|100:TCC_AI|DeepStack
STATE:726:cr400f:Kh|Qs:-100|100:DeepStack|TCC_AI
STATE:727:cc/cc:Qs|Ks/Ah:-100|100:TCC_AI|DeepStack
STATE:728:cr300r1200f:Ah|Qs:300|-300:DeepStack|TCC_AI
STATE:729:cr300f:Kh|Ah:-100|100:TCC_AI|DeepStack
STATE:730:cr500c/cr700f:Qs|As/Ah:-500|500:DeepStack|TCC_AI
STATE:731:cr300f:Ks|Ah:-100|100:TCC_AI|DeepStack
STATE:732:cc/cr300f:Qh|Qs/Ks:-100|100:DeepStack|TCC_AI
STATE:733:cr300f:Ks|Ah:-100|100:TCC_AI|DeepStack
STATE:734:r1200f:As|Kh:100|-100:DeepStack|TCC_AI
STATE:735:cr300r1100f:As|Ks:300|-300:TCC_AI|DeepStack
STATE:736:cc/cc:Ks|Qs/As:100|-100:DeepStack|TCC_AI
STATE:737:cc/r600f:Ah|Qh/As:100|-100:TCC_AI|DeepStack
STATE:738:cr500f:Qs|Ah:-100|100:DeepStack|TCC_AI
STATE:739:r800f:As|Qh:100|-100:TCC_AI|DeepStack
STATE:740:cc/cc:Ks|Kh/Qh:0|0:DeepStack|TCC_AI
STATE:741:cr300c/cc:Ks|Qs/As:300|-300:TCC_AI|DeepStack
STATE:742:cc/cc:Qh|Qs/Ks:0|0:DeepStack|TCC_AI
STATE:743:cc/cc:As|Ah/Kh:0|0:TCC_AI|DeepStack
STATE:744:cc/cc:As|Ah/Qh:0|0:DeepStack|TCC_AI
STATE:745:cc/cc:Kh|Ks/As:0|0:TCC_AI|DeepStack
STATE:746:cc/cc:Qs|Kh/Ah:-100|100:DeepStack|TCC_AI
STATE:747:cr300c/r1200f:Kh|Ah/Qh:300|-300:TCC_AI|DeepStack
STATE:748:cr200c/cr600f:Qh|As/Ah:-200|200:DeepStack|TCC_AI
STATE:749:cc/cr300f:Kh|Qh/Qs:-100|100:TCC_AI|DeepStack
STATE:750:cc/cc:Qs|Ks/As:-100|100:DeepStack|TCC_AI
STATE:751:cr1200f:Qh|As:-100|100:TCC_AI|DeepStack
STATE:752:cc/cr200f:As|Ks/Kh:-100|100:DeepStack|TCC_AI
STATE:753:r600f:As|Ks:100|-100:TCC_AI|DeepStack
STATE:754:cr300r1200c/:As|Ah/Ks:0|0:DeepStack|TCC_AI
STATE:755:cc/cc:Ah|Qs/As:100|-100:TCC_AI|DeepStack
STATE:756:cc/cc:Ks|Qs/Ah:100|-100:DeepStack|TCC_AI
STATE:757:cr300f:Qh|Ah:-100|100:TCC_AI|DeepStack
STATE:758:cr300f:Ks|Ah:-100|100:DeepStack|TCC_AI
STATE:759:cr300c/r1200f:Ks|Kh/Qs:300|-300:TCC_AI|DeepStack
STATE:760:cc/cc:As|Qh/Kh:100|-100:DeepStack|TCC_AI
STATE:761:cc/cc:Ks|Kh/Qs:0|0:TCC_AI|DeepStack
STATE:762:cc/cc:Qh|Kh/Ah:-100|100:DeepStack|TCC_AI
STATE:763:cr300f:Qh|Kh:-100|100:TCC_AI|DeepStack
STATE:764:cc/cc:Ks|Kh/Qs:0|0:DeepStack|TCC_AI
STATE:765:cr300f:Qh|Ah:-100|100:TCC_AI|DeepStack
STATE:766:cc/cr300f:Ah|Qs/Qh:-100|100:DeepStack|TCC_AI
STATE:767:cc/cc:Ah|Qs/Kh:100|-100:TCC_AI|DeepStack
STATE:768:cr300r1200c/:Ah|As/Qs:0|0:DeepStack|TCC_AI
STATE:769:cc/cc:Qs|Ks/As:-100|100:TCC_AI|DeepStack
STATE:770:cr200c/cc:Qh|Kh/Ah:-200|200:DeepStack|TCC_AI
STATE:771:r800f:Ah|Qh:100|-100:TCC_AI|DeepStack
STATE:772:cr300c/r1200f:As|Qh/Ks:300|-300:DeepStack|TCC_AI
STATE:773:cr1200f:Ks|Ah:-100|100:TCC_AI|DeepStack
STATE:774:r1200f:As|Ks:100|-100:DeepStack|TCC_AI
STATE:775:cc/r700c:Qs|Kh/Ah:-700|700:TCC_AI|DeepStack
STATE:776:cc/cc:Ks|Kh/Qh:0|0:DeepStack|TCC_AI
STATE:777:cc/cc:Qs|Ks/As:-100|100:TCC_AI|DeepStack
STATE:778:cr1100f:Kh|Ah:-100|100:DeepStack|TCC_AI
STATE:779:cc/cc:As|Qh/Ks:100|-100:TCC_AI|DeepStack
STATE:780:cc/cc:Qh|Ks/Ah:-100|100:DeepStack|TCC_AI
STATE:781:cc/r200f:Qh|Qs/As:100|-100:TCC_AI|DeepStack
STATE:782:cr300f:Kh|Ah:-100|100:DeepStack|TCC_AI
STATE:783:cc/cr300r1000f:Qh|Kh/Qs:300|-300:TCC_AI|DeepStack
STATE:784:cr300f:Qh|Ah:-100|100:DeepStack|TCC_AI
STATE:785:cr300r800f:As|Qh:300|-300:TCC_AI|DeepStack
STATE:786:r1200f:As|Qs:100|-100:DeepStack|TCC_AI
STATE:787:r200c/cc:As|Qs/Kh:200|-200:TCC_AI|DeepStack
STATE:788:cc/cc:Kh|Ah/Ks:100|-100:DeepStack|TCC_AI
STATE:789:r300c/cr1200c:Ah|Qs/Qh:-1200|1200:TCC_AI|DeepStack
STATE:790:r1200f:Ah|Ks:100|-100:DeepStack|TCC_AI
STATE:791:cc/r1000f:Ah|Qh/As:100|-100:TCC_AI|DeepStack
STATE:792:cc/cr300f:Kh|Qh/Qs:-100|100:DeepStack|TCC_AI
STATE:793:cc/cr300f:Ks|Qh/Qs:-100|100:TCC_AI|DeepStack
STATE:794:cr300f:Qh|As:-100|100:DeepStack|TCC_AI
STATE:795:cc/cc:Qh|Qs/Ah:0|0:TCC_AI|DeepStack
STATE:796:cc/cc:Qs|Qh/As:0|0:DeepStack|TCC_AI
STATE:797:cc/r400f:As|Kh/Ah:100|-100:TCC_AI|DeepStack
STATE:798:cc/cc:Ah|Qh/Kh:100|-100:DeepStack|TCC_AI
STATE:799:cc/r300f:Kh|Ks/As:100|-100:TCC_AI|DeepStack
STATE:800:cc/cc:Ks|Qh/As:100|-100:DeepStack|TCC_AI
STATE:801:cr300c/r800f:Ks|Ah/Kh:300|-300:TCC_AI|DeepStack
STATE:802:cc/cc:Qs|Ah/Ks:-100|100:DeepStack|TCC_AI
STATE:803:cc/cc:Qh|Kh/As:-100|100:TCC_AI|DeepStack
STATE:804:cr200c/cr400f:Ks|Qs/Qh:-200|200:DeepStack|TCC_AI
STATE:805:r500c/cr1200c:As|Kh/Ks:-1200|1200:TCC_AI|DeepStack
STATE:806:cc/cr200f:As|Qs/Qh:-100|100:DeepStack|TCC_AI
STATE:807:cc/cr300f:Qh|Kh/Ks:-100|100:TCC_AI|DeepStack
STATE:808:cr300r1200f:Ah|Qh:300|-300:DeepStack|TCC_AI
STATE:809:cr300f:Qh|Ah:-100|100:TCC_AI|DeepStack
STATE:810:cc/r1200f:Qs|Ks/As:100|-100:DeepStack|TCC_AI
STATE:811:cc/cc:Qh|Kh/Qs:100|-100:TCC_AI|DeepStack
STATE:812:cc/cc:Qh|Ks/As:-100|100:DeepStack|TCC_AI
STATE:813:cc/cc:Qs|Kh/Qh:100|-100:TCC_AI|DeepStack
STATE:814:cc/cc:As|Qh/Ks:100|-100:DeepStack|TCC_AI
STATE:815:cc/r400f:Ah|Qh/As:100|-100:TCC_AI|DeepStack
STATE:816:cc/cc:Qs|Ks/Qh:100|-100:DeepStack|TCC_AI
STATE:817:cc/cc:As|Ks/Qh:100|-100:TCC_AI|DeepStack
STATE:818:cr300r1200c/:As|Ah/Ks:0|0:DeepStack|TCC_AI
STATE:819:cc/r400c:As|Ks/Ah:400|-400:TCC_AI|DeepStack
STATE:820:r1200f:Ah|Qs:100|-100:DeepStack|TCC_AI
STATE:821:cc/cc:Ah|Qs/Ks:100|-100:TCC_AI|DeepStack
STATE:822:cc/r1200f:Ah|Qs/As:100|-100:DeepStack|TCC_AI
STATE:823:cr1200f:Qh|Ah:-100|100:TCC_AI|DeepStack
STATE:824:cc/cc:Qs|Kh/Qh:100|-100:DeepStack|TCC_AI
STATE:825:cr300c/r1200f:Qh|Ah/Ks:300|-300:TCC_AI|DeepStack
STATE:826:cc/cc:Kh|Qh/Ah:100|-100:DeepStack|TCC_AI
STATE:827:r500r1200c/:Ah|As/Kh:0|0:TCC_AI|DeepStack
STATE:828:r1200f:Ah|Qs:100|-100:DeepStack|TCC_AI
STATE:829:cc/cr300f:Kh|Ks/Qs:-100|100:TCC_AI|DeepStack
STATE:830:cc/cc:Ah|Ks/As:100|-100:DeepStack|TCC_AI
STATE:831:cr300f:Qh|Ks:-100|100:TCC_AI|DeepStack
STATE:832:cr500c/cc:Ks|Ah/Qh:-500|500:DeepStack|TCC_AI
STATE:833:cc/cr300f:Qs|Qh/Kh:-100|100:TCC_AI|DeepStack
STATE:834:r1200f:Ah|Kh:100|-100:DeepStack|TCC_AI
STATE:835:cr300f:Qh|Qs:-100|100:TCC_AI|DeepStack
STATE:836:cr200c/cr300f:Qs|Qh/Kh:-200|200:DeepStack|TCC_AI
STATE:837:cc/cr300f:Ah|Ks/Kh:-100|100:TCC_AI|DeepStack
STATE:838:cc/cc:Qs|Ah/Qh:100|-100:DeepStack|TCC_AI
STATE:839:cc/cc:Qh|Kh/As:-100|100:TCC_AI|DeepStack
STATE:840:cr300c/cc:Qs|As/Kh:-300|300:DeepStack|TCC_AI
STATE:841:cc/cc:Qh|Ks/As:-100|100:TCC_AI|DeepStack
STATE:842:cr300r1200c/:Ah|As/Kh:0|0:DeepStack|TCC_AI
STATE:843:cr1200f:Kh|Ah:-100|100:TCC_AI|DeepStack
STATE:844:cr300f:Ks|Qs:-100|100:DeepStack|TCC_AI
STATE:845:r200c/cr600f:As|Qs/Qh:-200|200:TCC_AI|DeepStack
STATE:846:cc/cc:Kh|Qh/Ah:100|-100:DeepStack|TCC_AI
STATE:847:cc/cr300f:Qh|Ks/Kh:-100|100:TCC_AI|DeepStack
STATE:848:cc/cc:Ah|Qs/Ks:100|-100:DeepStack|TCC_AI
STATE:849:cc/cc:As|Ks/Qh:100|-100:TCC_AI|DeepStack
STATE:850:r1200f:As|Ks:100|-100:DeepStack|TCC_AI
STATE:851:cr300c/cc:Kh|As/Qh:-300|300:TCC_AI|DeepStack
STATE:852:cc/r300f:As|Qs/Ah:100|-100:DeepStack|TCC_AI
STATE:853:cc/cc:Qh|Kh/As:-100|100:TCC_AI|DeepStack
STATE:854:cc/cr300f:Kh|Qs/Qh:-100|100:DeepStack|TCC_AI
STATE:855:cr300r800r1200c/:As|Ah/Qh:0|0:TCC_AI|DeepStack
STATE:856:cr300f:Qh|Ah:-100|100:DeepStack|TCC_AI
STATE:857:cc/cr300f:Ks|Kh/Qs:-100|100:TCC_AI|DeepStack
STATE:858:cc/cr300f:Kh|Qh/Qs:-100|100:DeepStack|TCC_AI
STATE:859:cr300f:Kh|As:-100|100:TCC_AI|DeepStack
STATE:860:r1200f:As|Qh:100|-100:DeepStack|TCC_AI
STATE:861:cr300f:Qh|As:-100|100:TCC_AI|DeepStack
STATE:862:cc/cr300c:As|Qs/Ks:300|-300:DeepStack|TCC_AI
STATE:863:cc/cc:Kh|Qs/Ah:100|-100:TCC_AI|DeepStack
STATE:864:cc/cc:Kh|Qh/As:100|-100:DeepStack|TCC_AI
STATE:865:cc/cc:Qs|Ks/Ah:-100|100:TCC_AI|DeepStack
STATE:866:cr300f:Kh|As:-100|100:DeepStack|TCC_AI
STATE:867:cr300f:Kh|Ks:-100|100:TCC_AI|DeepStack
STATE:868:cr300c/cr800f:Ks|As/Ah:-300|300:DeepStack|TCC_AI
STATE:869:cr1200c/:As|Ah/Ks:0|0:TCC_AI|DeepStack
STATE:870:cr500f:Qh|As:-100|100:DeepStack|TCC_AI
STATE:871:cr1200f:Qs|Ah:-100|100:TCC_AI|DeepStack
STATE:872:cc/cr200f:Kh|Qh/Qs:-100|100:DeepStack|TCC_AI
STATE:873:cc/cr300f:Ah|Qh/Kh:-100|100:TCC_AI|DeepStack
STATE:874:cc/cr300f:As|Qs/Qh:-100|100:DeepStack|TCC_AI
STATE:875:r600f:As|Qs:100|-100:TCC_AI|DeepStack
STATE:876:cr300f:Ks|Ah:-100|100:DeepStack|TCC_AI
STATE:877:cc/cc:Qs|Ks/As:-100|100:TCC_AI|DeepStack
STATE:878:cc/cr400f:Qs|Ah/As:-100|100:DeepStack|TCC_AI
STATE:879:cc/cc:Qs|Ks/As:-100|100:TCC_AI|DeepStack
STATE:880:cr200r1200f:As|Kh:200|-200:DeepStack|TCC_AI
STATE:881:cr1200f:Ks|Ah:-100|100:TCC_AI|DeepStack
STATE:882:cc/cc:Ah|Qs/Kh:100|-100:DeepStack|TCC_AI
STATE:883:cc/cc:Kh|Ah/Ks:100|-100:TCC_AI|DeepStack
STATE:884:cr300f:Ks|As:-100|100:DeepStack|TCC_AI
STATE:885:cr300f:Ks|As:-100|100:TCC_AI|DeepStack
STATE:886:cc/r1200f:As|Qh/Ah:100|-100:DeepStack|TCC_AI
STATE:887:cc/cr300f:As|Ks/Kh:-100|100:TCC_AI|DeepStack
STATE:888:cc/cc:As|Kh/Qh:100|-100:DeepStack|TCC_AI
STATE:889:cr300c/r700c:Ah|As/Qs:0|0:TCC_AI|DeepStack
STATE:890:cc/cc:Qs|Qh/As:0|0:DeepStack|TCC_AI
STATE:891:cc/cr300f:Qs|Kh/Ks:-100|100:TCC_AI|DeepStack
STATE:892:cc/cc:Ah|Kh/Qs:100|-100:DeepStack|TCC_AI
STATE:893:cc/cc:Ks|Qs/Kh:100|-100:TCC_AI|DeepStack
STATE:894:cr1200c/:Ah|As/Qs:0|0:DeepStack|TCC_AI
STATE:895:cc/r400f:As|Ks/Ah:100|-100:TCC_AI|DeepStack
STATE:896:cr1200f:Ks|As:-100|100:DeepStack|TCC_AI
STATE:897:cr1200f:Qh|As:-100|100:TCC_AI|DeepStack
STATE:898:cc/cc:Qs|As/Kh:-100|100:DeepStack|TCC_AI
STATE:899:cc/cr300c:As|Kh/Ks:-300|300:TCC_AI|DeepStack
STATE:900:r1200f:Ah|Qs:100|-100:DeepStack|TCC_AI
STATE:901:cr300c/r900f:Ks|Ah/Kh:300|-300:TCC_AI|DeepStack
STATE:902:cc/cr200f:As|Qs/Qh:-100|100:DeepStack|TCC_AI
STATE:903:r800f:Ah|Qh:100|-100:TCC_AI|DeepStack
STATE:904:cc/cc:Qs|Qh/As:0|0:DeepStack|TCC_AI
STATE:905:cc/cc:Ks|Qs/Kh:100|-100:TCC_AI|DeepStack
STATE:906:cr300c/cr1100f:Ks|Qs/Qh:-300|300:DeepStack|TCC_AI
STATE:907:cr300f:Ks|As:-100|100:TCC_AI|DeepStack
STATE:908:r1200f:Ah|Ks:100|-100:DeepStack|TCC_AI
STATE:909:cc/cc:Qh|Qs/As:0|0:TCC_AI|DeepStack
STATE:910:cr300c/cr400f:Ks|Ah/Qs:-300|300:DeepStack|TCC_AI
STATE:911:cr300f:Qs|Ah:-100|100:TCC_AI|DeepStack
STATE:912:cc/cc:As|Qh/Kh:100|-100:DeepStack|TCC_AI
STATE:913:r800r1200c/:As|Ah/Kh:0|0:TCC_AI|DeepStack
STATE:914:cr300c/cc:Qh|Ah/Ks:-300|300:DeepStack|TCC_AI
STATE:915:cc/cr300c:Ah|Ks/Qs:300|-300:TCC_AI|DeepStack
STATE:916:r1200f:Ah|Ks:100|-100:DeepStack|TCC_AI
STATE:917:cc/cr300f:Ks|Qs/Qh:-100|100:TCC_AI|DeepStack
STATE:918:cc/r300f:Ks|Qs/As:100|-100:DeepStack|TCC_AI
STATE:919:cr300r1200f:Ah|Kh:300|-300:TCC_AI|DeepStack
STATE:920:cc/r300f:As|Qh/Ah:100|-100:DeepStack|TCC_AI
STATE:921:cc/cc:As|Qh/Kh:100|-100:TCC_AI|DeepStack
STATE:922:cr300f:Qh|Qs:-100|100:DeepStack|TCC_AI
STATE:923:cr300r900c/r1100r1200c:As|Ah/Qh:0|0:TCC_AI|DeepStack
STATE:924:cc/cc:Ks|Qh/Kh:100|-100:DeepStack|TCC_AI
STATE:925:cc/cc:As|Kh/Qs:100|-100:TCC_AI|DeepStack
STATE:926:cc/cc:As|Ah/Kh:0|0:DeepStack|TCC_AI
STATE:927:cc/cc:Kh|Ks/Qh:0|0:TCC_AI|DeepStack
STATE:928:cc/cc:Qh|Kh/Qs:100|-100:DeepStack|TCC_AI
STATE:929:cr300f:Qs|Ah:-100|100:TCC_AI|DeepStack
STATE:930:cc/cc:Qh|Ks/Ah:-100|100:DeepStack|TCC_AI
STATE:931:cc/cc:As|Kh/Qh:100|-100:TCC_AI|DeepStack
STATE:932:r1200f:Ah|Qs:100|-100:DeepStack|TCC_AI
STATE:933:cr300f:Ks|As:-100|100:TCC_AI|DeepStack
STATE:934:r1200f:Ah|Qh:100|-100:DeepStack|TCC_AI
STATE:935:cc/cc:Qs|Qh/As:0|0:TCC_AI|DeepStack
STATE:936:cc/cc:Qh|Qs/As:0|0:DeepStack|TCC_AI
STATE:937:cc/cc:Qh|Ks/As:-100|100:TCC_AI|DeepStack
STATE:938:cr500f:Qs|As:-100|100:DeepStack|TCC_AI
STATE:939:cr300r1200f:Ah|Qh:300|-300:TCC_AI|DeepStack
STATE:940:r1200f:As|Qs:100|-100:DeepStack|TCC_AI
STATE:941:cc/cc:Qh|Ks/As:-100|100:TCC_AI|DeepStack
STATE:942:cr500f:Qh|As:-100|100:DeepStack|TCC_AI
STATE:943:cr300f:Kh|As:-100|100:TCC_AI|DeepStack
STATE:944:cr300f:Qs|Ah:-100|100:DeepStack|TCC_AI
STATE:945:cc/cc:Qs|Qh/Ah:0|0:TCC_AI|DeepStack
STATE:946:cc/cc:Ah|Ks/Qh:100|-100:DeepStack|TCC_AI
STATE:947:cr300c/cr1200c:Ks|Kh/As:0|0:TCC_AI|DeepStack
STATE:948:r1200f:Ah|Qh:100|-100:DeepStack|TCC_AI
STATE:949:cr300c/cr900f:Qh|Qs/Kh:-300|300:TCC_AI|DeepStack
STATE:950:cc/cr300f:Qs|Qh/Ks:-100|100:DeepStack|TCC_AI
STATE:951:r800f:Ah|Qs:100|-100:TCC_AI|DeepStack
STATE:952:cc/cc:Kh|Ks/Qh:0|0:DeepStack|TCC_AI
STATE:953:cc/cr300c:Ah|Qh/Qs:-300|300:TCC_AI|DeepStack
STATE:954:cc/cc:Kh|Ah/Qs:-100|100:DeepStack|TCC_AI
STATE:955:cr300r1200c/:Ah|As/Qs:0|0:TCC_AI|DeepStack
STATE:956:cr300f:Ks|As:-100|100:DeepStack|TCC_AI
STATE:957:cc/cr300f:As|Qh/Qs:-100|100:TCC_AI|DeepStack
STATE:958:r1200c/:Ah|As/Qs:0|0:DeepStack|TCC_AI
STATE:959:cc/r500f:Ah|Qs/As:100|-100:TCC_AI|DeepStack
STATE:960:cr300r1200c/:As|Ah/Ks:0|0:DeepStack|TCC_AI
STATE:961:cr300f:Qs|Qh:-100|100:TCC_AI|DeepStack
STATE:962:cr300r1200c/:As|Ah/Kh:0|0:DeepStack|TCC_AI
STATE:963:cc/cr300f:Ah|Kh/Ks:-100|100:TCC_AI|DeepStack
STATE:964:r300c/cr1100f:Ks|Ah/As:-300|300:DeepStack|TCC_AI
STATE:965:cr300r1200f:As|Qh:300|-300:TCC_AI|DeepStack
STATE:966:cc/cc:Qs|Ks/Qh:100|-100:DeepStack|TCC_AI
STATE:967:r1000f:As|Qs:100|-100:TCC_AI|DeepStack
STATE:968:cr300f:Qh|Ah:-100|100:DeepStack|TCC_AI
STATE:969:cr300f:Qs|Ah:-100|100:TCC_AI|DeepStack
STATE:970:cc/cr200c:Ah|Qh/Qs:-200|200:DeepStack|TCC_AI
STATE:971:r600f:Ah|Ks:100|-100:TCC_AI|DeepStack
STATE:972:r300f:Qs|Qh:100|-100:DeepStack|TCC_AI
STATE:973:cr300f:Qh|As:-100|100:TCC_AI|DeepStack
STATE:974:cr300c/r1200f:Ks|Qh/Kh:300|-300:DeepStack|TCC_AI
STATE:975:cr300r1000f:As|Qs:300|-300:TCC_AI|DeepStack
STATE:976:cr300c/cr1200c:Kh|Ah/As:-1200|1200:DeepStack|TCC_AI
STATE:977:cc/r500f:Ks|Qs/Ah:100|-100:TCC_AI|DeepStack
STATE:978:r1200c/:Ah|As/Kh:0|0:DeepStack|TCC_AI
STATE:979:cr300c/r1100f:Ks|As/Kh:300|-300:TCC_AI|DeepStack
STATE:980:r1200f:As|Kh:100|-100:DeepStack|TCC_AI
STATE:981:cr300f:Ks|Kh:-100|100:TCC_AI|DeepStack
STATE:982:cr300f:Kh|Ah:-100|100:DeepStack|TCC_AI
STATE:983:cr300r900c/r1000r1200c:As|Ah/Ks:0|0:TCC_AI|DeepStack
STATE:984:cr300f:Qh|Ah:-100|100:DeepStack|TCC_AI
STATE:985:r800f:Ah|Ks:100|-100:TCC_AI|DeepStack
STATE:986:cc/cc:Qh|Qs/Ks:0|0:DeepStack|TCC_AI
STATE:987:cr300c/r1100f:Kh|Ah/Ks:300|-300:TCC_AI|DeepStack
STATE:988:r1200c/:Ah|As/Qh:0|0:DeepStack|TCC_AI
STATE:989:cc/cc:Qs|Kh/As:-100|100:TCC_AI|DeepStack
STATE:990:cc/cc:Kh|Ks/As:0|0:DeepStack|TCC_AI
STATE:991:cc/r300r900f:Ks|As/Ah:-300|300:TCC_AI|DeepStack
STATE:992:cr300c/r900f:Qs|Ah/Qh:300|-300:DeepStack|TCC_AI
STATE:993:cr300f:Qh|As:-100|100:TCC_AI|DeepStack
STATE:994:cc/cr200c:As|Qs/Qh:-200|200:DeepStack|TCC_AI
STATE:995:cr300r1000f:Ah|Kh:300|-300:TCC_AI|DeepStack
STATE:996:cc/cr200f:Qs|Qh/Kh:-100|100:DeepStack|TCC_AI
STATE:997:cc/cr300f:Kh|Qs/Qh:-100|100:TCC_AI|DeepStack
STATE:998:cc/cc:Qh|Ks/Qs:100|-100:DeepStack|TCC_AI
STATE:999:cc/cc:As|Qh/Ks:100|-100:TCC_AI|DeepStack
SCORE:-2700|2700:DeepStack|TCC_AI
