# name/game/hands/seed c5_cfr20kk_1kgames leduc.game 1000 55
#--t_response 600000
#--t_hand 600000
#--t_per_hand 7000
STATE:0:cr300f:Kh|Ks:-100|100:DeepStack|TCC_AI
STATE:1:cc/cc:Ah|Qs/Kh:100|-100:TCC_AI|DeepStack
STATE:2:cc/cr800f:Qs|Ah/As:-100|100:DeepStack|TCC_AI
STATE:3:cc/cc:Kh|Qs/As:100|-100:TCC_AI|DeepStack
STATE:4:r300c/cr1200f:Ah|Qh/Qs:-300|300:DeepStack|TCC_AI
STATE:5:cr300f:Ks|Ah:-100|100:TCC_AI|DeepStack
STATE:6:cr500f:Qs|Ah:-100|100:DeepStack|TCC_AI
STATE:7:cr300f:Qh|Ah:-100|100:TCC_AI|DeepStack
STATE:8:cc/cc:Qs|Ah/Kh:-100|100:DeepStack|TCC_AI
STATE:9:cr300c/cr1200f:Kh|Qh/Qs:-300|300:TCC_AI|DeepStack
STATE:10:r1200f:Ah|Qh:100|-100:DeepStack|TCC_AI
STATE:11:r600f:As|Qh:100|-100:TCC_AI|DeepStack
STATE:12:cc/cc:Qs|Kh/As:-100|100:DeepStack|TCC_AI
STATE:13:cc/r500f:Kh|Ks/Ah:100|-100:TCC_AI|DeepStack
STATE:14:cc/cc:Kh|Ks/Qh:0|0:DeepStack|TCC_AI
STATE:15:r200c/r500c:Ks|Kh/Ah:0|0:TCC_AI|DeepStack
STATE:16:cc/cc:Ah|Kh/Qs:100|-100:DeepStack|TCC_AI
STATE:17:cc/cr300c:Ah|Qs/Qh:-300|300:TCC_AI|DeepStack
STATE:18:cc/cc:Ks|Qh/Kh:100|-100:DeepStack|TCC_AI
STATE:19:cr300f:Qh|Ks:-100|100:TCC_AI|DeepStack
STATE:20:cc/cr200c:Ah|Ks/Kh:-200|200:DeepStack|TCC_AI
STATE:21:cr300c/r900r1200c:Ah|Kh/Ks:-1200|1200:TCC_AI|DeepStack
STATE:22:cc/r300f:As|Ks/Ah:100|-100:DeepStack|TCC_AI
STATE:23:cc/cr300f:Ah|Qh/Qs:-100|100:TCC_AI|DeepStack
STATE:24:r1200f:As|Qh:100|-100:DeepStack|TCC_AI
STATE:25:cr300f:Qh|Ks:-100|100:TCC_AI|DeepStack
STATE:26:cr300c/r1200f:Qh|Ah/Kh:300|-300:DeepStack|TCC_AI
STATE:27:cc/cc:Qs|Kh/Ah:-100|100:TCC_AI|DeepStack
STATE:28:cc/cc:Qh|Kh/As:-100|100:DeepStack|TCC_AI
STATE:29:cc/r300f:Ah|Qs/As:100|-100:TCC_AI|DeepStack
STATE:30:r1200f:As|Qs:100|-100:DeepStack|TCC_AI
STATE:31:cr300r1100r1200c/:Ah|As/Ks:0|0:TCC_AI|DeepStack
STATE:32:cc/r300c:Kh|Ks/As:0|0:DeepStack|TCC_AI
STATE:33:cr300f:Ks|Ah:-100|100:TCC_AI|DeepStack
STATE:34:cr300c/cr1100f:Qs|As/Ks:-300|300:DeepStack|TCC_AI
STATE:35:r500c/r600r1200c:Ah|As/Kh:0|0:TCC_AI|DeepStack
STATE:36:cr300c/cc:Ks|Ah/Qh:-300|300:DeepStack|TCC_AI
STATE:37:cc/cc:Kh|Qh/Ks:100|-100:TCC_AI|DeepStack
STATE:38:r300r800c/cc:Kh|Ah/Qh:-800|800:DeepStack|TCC_AI
STATE:39:cr1200f:Qs|Ah:-100|100:TCC_AI|DeepStack
STATE:40:cr300c/cr1200c:Ks|Ah/As:-1200|1200:DeepStack|TCC_AI
STATE:41:cr1200f:Ks|As:-100|100:TCC_AI|DeepStack
STATE:42:cc/cc:Ks|Kh/Ah:0|0:DeepStack|TCC_AI
STATE:43:cc/cc:As|Qs/Kh:100|-100:TCC_AI|DeepStack
STATE:44:cc/cc:Qh|Ks/Ah:-100|100:DeepStack|TCC_AI
STATE:45:cc/r600f:Ah|Qh/As:100|-100:TCC_AI|DeepStack
STATE:46:cc/cr300f:As|Ks/Kh:-100|100:DeepStack|TCC_AI
STATE:47:cc/cr1200f:Qs|Kh/As:-100|100:TCC_AI|DeepStack
STATE:48:cc/cr200f:Qs|Ks/Kh:-100|100:DeepStack|TCC_AI
STATE:49:cr300f:Qs|Qh:-100|100:TCC_AI|DeepStack
STATE:50:r1200f:Ah|Kh:100|-100:DeepStack|TCC_AI
STATE:51:cc/cc:Ah|Qh/Ks:100|-100:TCC_AI|DeepStack
STATE:52:r1200f:Ah|Kh:100|-100:DeepStack|TCC_AI
STATE:53:cr300f:Ks|Kh:-100|100:TCC_AI|DeepStack
STATE:54:cc/cc:Qs|Qh/Kh:0|0:DeepStack|TCC_AI
STATE:55:cr1200f:Qs|As:-100|100:TCC_AI|DeepStack
STATE:56:cc/r300f:Qs|Qh/Ah:100|-100:DeepStack|TCC_AI
STATE:57:r800f:As|Kh:100|-100:TCC_AI|DeepStack
STATE:58:cr300c/r1200f:Qh|Qs/Ks:300|-300:DeepStack|TCC_AI
STATE:59:cr300f:Qh|Ks:-100|100:TCC_AI|DeepStack
STATE:60:cc/cc:Ks|Kh/As:0|0:DeepStack|TCC_AI
STATE:61:r800c/r900r1200c:As|Ah/Qh:0|0:TCC_AI|DeepStack
STATE:62:cc/cc:Ah|Kh/Qs:100|-100:DeepStack|TCC_AI
STATE:63:cr300c/cr1200c:Ks|As/Ah:-1200|1200:TCC_AI|DeepStack
STATE:64:cc/r300f:As|Qs/Ah:100|-100:DeepStack|TCC_AI
STATE:65:r500f:Ah|Qs:100|-100:TCC_AI|DeepStack
STATE:66:r1200f:Ah|Qh:100|-100:DeepStack|TCC_AI
STATE:67:cr300c/r1000f:Ks|As/Kh:300|-300:TCC_AI|DeepStack
STATE:68:cr300f:Kh|Ah:-100|100:DeepStack|TCC_AI
STATE:69:cc/cc:Qs|Ks/Ah:-100|100:TCC_AI|DeepStack
STATE:70:cr300f:Qs|Ah:-100|100:DeepStack|TCC_AI
STATE:71:cr300f:Kh|Ah:-100|100:TCC_AI|DeepStack
STATE:72:cr300f:Qs|As:-100|100:DeepStack|TCC_AI
STATE:73:cc/cc:Qs|Ah/Ks:-100|100:TCC_AI|DeepStack
STATE:74:cc/cc:Qh|Kh/As:-100|100:DeepStack|TCC_AI
STATE:75:cc/r200c:Ks|Kh/As:0|0:TCC_AI|DeepStack
STATE:76:cc/cr200c:As|Ks/Qs:200|-200:DeepStack|TCC_AI
STATE:77:cc/cc:Qh|Qs/Ah:0|0:TCC_AI|DeepStack
STATE:78:cc/cr200c:Ah|Kh/Ks:-200|200:DeepStack|TCC_AI
STATE:79:r600f:Ah|Qs:100|-100:TCC_AI|DeepStack
STATE:80:cc/cc:Qs|Ks/Qh:100|-100:DeepStack|TCC_AI
STATE:81:cc/cr300f:Ah|Qh/Qs:-100|100:TCC_AI|DeepStack
STATE:82:r1200f:Ah|Qh:100|-100:DeepStack|TCC_AI
STATE:83:cr300f:Qh|Ah:-100|100:TCC_AI|DeepStack
STATE:84:r1200f:Ah|Ks:100|-100:DeepStack|TCC_AI
STATE:85:cr300f:Qs|Ks:-100|100:TCC_AI|DeepStack
STATE:86:cr300r1200c/:As|Ah/Qs:0|0:DeepStack|TCC_AI
STATE:87:cc/cc:Qh|Qs/As:0|0:TCC_AI|DeepStack
STATE:88:r1200f:Ah|Kh:100|-100:DeepStack|TCC_AI
STATE:89:cc/cc:As|Qh/Kh:100|-100:TCC_AI|DeepStack
STATE:90:cr300f:Qs|As:-100|100:DeepStack|TCC_AI
STATE:91:cc/r300f:Kh|Qs/As:100|-100:TCC_AI|DeepStack
STATE:92:cr400f:Kh|As:-100|100:DeepStack|TCC_AI
STATE:93:r500c/r700f:Ah|Qs/As:500|-500:TCC_AI|DeepStack
STATE:94:cr300r1200f:Ah|Qs:300|-300:DeepStack|TCC_AI
STATE:95:cc/cr300f:As|Qs/Ks:-100|100:TCC_AI|DeepStack
STATE:96:r1200f:Ah|Kh:100|-100:DeepStack|TCC_AI
STATE:97:cr300c/r1200f:Qs|Kh/Qh:300|-300:TCC_AI|DeepStack
STATE:98:cr500c/cr900f:Qh|As/Ah:-500|500:DeepStack|TCC_AI
STATE:99:r800f:As|Qh:100|-100:TCC_AI|DeepStack
STATE:100:cc/cc:Kh|Qs/Ks:100|-100:DeepStack|TCC_AI
STATE:101:cc/cc:Ah|Ks/Qh:100|-100:TCC_AI|DeepStack
STATE:102:cc/cr200f:Ks|Qs/Qh:-100|100:DeepStack|TCC_AI
STATE:103:cr1200c/:Ah|As/Qh:0|0:TCC_AI|DeepStack
STATE:104:cr300f:Qh|Ah:-100|100:DeepStack|TCC_AI
STATE:105:cr300f:Kh|As:-100|100:TCC_AI|DeepStack
STATE:106:cr200c/cc:Kh|Ks/Qs:0|0:DeepStack|TCC_AI
STATE:107:cc/cr300f:Ks|Qs/Qh:-100|100:TCC_AI|DeepStack
STATE:108:cc/cr200f:Qs|Qh/Kh:-100|100:DeepStack|TCC_AI
STATE:109:cc/cr300f:Qh|Ks/Kh:-100|100:TCC_AI|DeepStack
STATE:110:cc/cr200c:Ah|Qs/Qh:-200|200:DeepStack|TCC_AI
STATE:111:cc/cc:As|Ks/Qh:100|-100:TCC_AI|DeepStack
STATE:112:cr300f:Qh|As:-100|100:DeepStack|TCC_AI
STATE:113:cr300r1000c/cr1200c:As|Ah/Kh:0|0:TCC_AI|DeepStack
STATE:114:cc/cr200c:Ah|Qh/Qs:-200|200:DeepStack|TCC_AI
STATE:115:cc/r400c:As|Kh/Ah:400|-400:TCC_AI|DeepStack
STATE:116:cr300f:Ks|Qh:-100|100:DeepStack|TCC_AI
STATE:117:cr300c/cc:Ks|Ah/Qh:-300|300:TCC_AI|DeepStack
STATE:118:cc/cr200r1200f:Kh|Qh/Ks:200|-200:DeepStack|TCC_AI
STATE:119:r500f:Ah|Qh:100|-100:TCC_AI|DeepStack
STATE:120:cc/cr300f:Qh|Ks/Kh:-100|100:DeepStack|TCC_AI
STATE:121:cc/cc:Ks|Kh/Qh:0|0:TCC_AI|DeepStack
STATE:122:cr300r1200f:As|Kh:300|-300:DeepStack|TCC_AI
STATE:123:cr300r1200f:Ah|Ks:300|-300:TCC_AI|DeepStack
STATE:124:cc/cr200r600f:Qs|Ks/Qh:200|-200:DeepStack|TCC_AI
STATE:125:cr300f:Qh|Ah:-100|100:TCC_AI|DeepStack
STATE:126:cr300r1200f:Ah|Kh:300|-300:DeepStack|TCC_AI
STATE:127:cc/cc:Qs|Kh/As:-100|100:TCC_AI|DeepStack
STATE:128:cr300f:Kh|As:-100|100:DeepStack|TCC_AI
STATE:129:cr300c/r1100f:Kh|As/Ks:300|-300:TCC_AI|DeepStack
STATE:130:cc/cr200c:As|Qs/Ks:200|-200:DeepStack|TCC_AI
STATE:131:cr300f:Qh|As:-100|100:TCC_AI|DeepStack
STATE:132:cc/cr200f:Ah|Qs/Qh:-100|100:DeepStack|TCC_AI
STATE:133:cr300r800c/r900c:As|Ks/Ah:900|-900:TCC_AI|DeepStack
STATE:134:cc/cr300f:Ks|Qh/Qs:-100|100:DeepStack|TCC_AI
STATE:135:cc/cc:Kh|Qs/Ah:100|-100:TCC_AI|DeepStack
STATE:136:cr400f:Kh|As:-100|100:DeepStack|TCC_AI
STATE:137:cc/cc:Qh|Ks/Ah:-100|100:TCC_AI|DeepStack
STATE:138:r1200f:Ah|Ks:100|-100:DeepStack|TCC_AI
STATE:139:cc/cc:Qs|Ah/Kh:-100|100:TCC_AI|DeepStack
STATE:140:cr300c/cr1100f:Qs|As/Ah:-300|300:DeepStack|TCC_AI
STATE:141:cr300f:Kh|As:-100|100:TCC_AI|DeepStack
STATE:142:cc/cr200f:Qh|Kh/Ks:-100|100:DeepStack|TCC_AI
STATE:143:cc/cr300f:Ah|Ks/Qh:-100|100:TCC_AI|DeepStack
STATE:144:r1200f:As|Qs:100|-100:DeepStack|TCC_AI
STATE:145:cc/cc:Qh|Ah/Ks:-100|100:TCC_AI|DeepStack
STATE:146:cr300f:Qs|Ah:-100|100:DeepStack|TCC_AI
STATE:147:cc/cc:Ks|As/Qh:-100|100:TCC_AI|DeepStack
STATE:148:cc/cc:Qs|Qh/Kh:0|0:DeepStack|TCC_AI
STATE:149:cc/r300c:Ah|Ks/As:300|-300:TCC_AI|DeepStack
STATE:150:cr300f:Qh|Ks:-100|100:DeepStack|TCC_AI
STATE:151:r600f:As|Qs:100|-100:TCC_AI|DeepStack
STATE:152:cr800f:Ks|As:-100|100:DeepStack|TCC_AI
STATE:153:cc/cc:Qs|Qh/Ah:0|0:TCC_AI|DeepStack
STATE:154:cc/cr200c:As|Qs/Qh:-200|200:DeepStack|TCC_AI
STATE:155:cr300c/cc:Kh|Ah/Qs:-300|300:TCC_AI|DeepStack
STATE:156:cr300f:Qh|Ah:-100|100:DeepStack|TCC_AI
STATE:157:cr300f:Qh|Kh:-100|100:TCC_AI|DeepStack
STATE:158:cc/cc:Ah|Qs/Ks:100|-100:DeepStack|TCC_AI
STATE:159:cc/cr300f:Ks|Qh/Qs:-100|100:TCC_AI|DeepStack
STATE:160:cc/cc:Ks|Kh/Qh:0|0:DeepStack|TCC_AI
STATE:161:cr300r800f:As|Ks:300|-300:TCC_AI|DeepStack
STATE:162:cc/r300r1000f:Ks|As/Ah:-300|300:DeepStack|TCC_AI
STATE:163:cc/cc:Qs|Ks/Ah:-100|100:TCC_AI|DeepStack
STATE:164:cr300f:Qh|Qs:-100|100:DeepStack|TCC_AI
STATE:165:r300c/cr1200f:As|Qs/Qh:-300|300:TCC_AI|DeepStack
STATE:166:cc/r300f:As|Qh/Ah:100|-100:DeepStack|TCC_AI
STATE:167:cr300f:Qs|Ah:-100|100:TCC_AI|DeepStack
STATE:168:cr200c/cc:Qs|Ks/As:-200|200:DeepStack|TCC_AI
STATE:169:r800f:As|Qs:100|-100:TCC_AI|DeepStack
STATE:170:cr300f:Qh|As:-100|100:DeepStack|TCC_AI
STATE:171:cc/cc:Ks|Qh/Kh:100|-100:TCC_AI|DeepStack
STATE:172:cc/cc:Kh|Ks/Qh:0|0:DeepStack|TCC_AI
STATE:173:cc/cc:Ks|Qs/As:100|-100:TCC_AI|DeepStack
STATE:174:cc/cc:Ks|Kh/Qs:0|0:DeepStack|TCC_AI
STATE:175:cc/cc:Qh|Qs/As:0|0:TCC_AI|DeepStack
STATE:176:cc/cc:Ks|Qh/Kh:100|-100:DeepStack|TCC_AI
STATE:177:cc/cc:Ah|As/Kh:0|0:TCC_AI|DeepStack
STATE:178:cc/cc:Qs|Kh/Qh:100|-100:DeepStack|TCC_AI
STATE:179:cc/cc:Ah|Qs/Ks:100|-100:TCC_AI|DeepStack
STATE:180:cc/cc:Qh|Kh/Qs:100|-100:DeepStack|TCC_AI
STATE:181:cr300r1100f:As|Kh:300|-300:TCC_AI|DeepStack
STATE:182:cr200c/cr300c:Ks|Ah/Qh:-300|300:DeepStack|TCC_AI
STATE:183:cc/cc:Ah|Ks/Qh:100|-100:TCC_AI|DeepStack
STATE:184:cc/cr200c:As|Kh/Ks:-200|200:DeepStack|TCC_AI
STATE:185:cr1200f:Ks|As:-100|100:TCC_AI|DeepStack
STATE:186:cr500c/cr1000f:Qh|Ah/Kh:-500|500:DeepStack|TCC_AI
STATE:187:cc/cr300f:As|Qs/Qh:-100|100:TCC_AI|DeepStack
STATE:188:r1200c/:Ah|As/Kh:0|0:DeepStack|TCC_AI
STATE:189:r300c/r800c:As|Kh/Ah:800|-800:TCC_AI|DeepStack
STATE:190:cr300c/cr800f:Qs|Ks/As:-300|300:DeepStack|TCC_AI
STATE:191:cc/cc:Qs|Kh/As:-100|100:TCC_AI|DeepStack
STATE:192:cc/cc:Qs|Kh/Ah:-100|100:DeepStack|TCC_AI
STATE:193:r800f:Ah|Qs:100|-100:TCC_AI|DeepStack
STATE:194:cc/cc:Ah|Qh/Ks:100|-100:DeepStack|TCC_AI
STATE:195:cc/cc:Qh|Kh/Qs:100|-100:TCC_AI|DeepStack
STATE:196:cc/cc:Ks|Qs/Ah:100|-100:DeepStack|TCC_AI
STATE:197:cr300f:Qh|Ah:-100|100:TCC_AI|DeepStack
STATE:198:cc/cc:Kh|Ks/Qs:0|0:DeepStack|TCC_AI
STATE:199:cc/r400f:Ks|Qh/Ah:100|-100:TCC_AI|DeepStack
STATE:200:cr300f:Qs|Qh:-100|100:DeepStack|TCC_AI
STATE:201:cc/cc:Qs|Qh/As:0|0:TCC_AI|DeepStack
STATE:202:cr300r1200f:Ah|Kh:300|-300:DeepStack|TCC_AI
STATE:203:cc/cr300f:Ah|Kh/Ks:-100|100:TCC_AI|DeepStack
STATE:204:r1200c/:As|Ah/Qh:0|0:DeepStack|TCC_AI
STATE:205:r600r1200c/:As|Ah/Kh:0|0:TCC_AI|DeepStack
STATE:206:cr500f:Qs|Ah:-100|100:DeepStack|TCC_AI
STATE:207:cc/r300f:Ks|Kh/As:100|-100:TCC_AI|DeepStack
STATE:208:cc/cc:Qs|Qh/Kh:0|0:DeepStack|TCC_AI
STATE:209:r800f:Ah|Qs:100|-100:TCC_AI|DeepStack
STATE:210:cc/cr200f:As|Qh/Qs:-100|100:DeepStack|TCC_AI
STATE:211:cr300f:Qs|As:-100|100:TCC_AI|DeepStack
STATE:212:cr300f:Ks|Qs:-100|100:DeepStack|TCC_AI
STATE:213:r800c/cc:As|Ah/Qs:0|0:TCC_AI|DeepStack
STATE:214:cc/cc:Ks|Qh/Kh:100|-100:DeepStack|TCC_AI
STATE:215:r800f:Ah|Ks:100|-100:TCC_AI|DeepStack
STATE:216:cr300f:Qh|As:-100|100:DeepStack|TCC_AI
STATE:217:cc/cr300f:Qh|Ks/Kh:-100|100:TCC_AI|DeepStack
STATE:218:cr200r600c/cr1200c:Ah|Qh/Qs:-1200|1200:DeepStack|TCC_AI
STATE:219:cr300f:Qh|Ks:-100|100:TCC_AI|DeepStack
STATE:220:cc/cr200f:Qs|Kh/Ks:-100|100:DeepStack|TCC_AI
STATE:221:cc/cc:Ks|Qh/Kh:100|-100:TCC_AI|DeepStack
STATE:222:cr300r1200c/:As|Ah/Kh:0|0:DeepStack|TCC_AI
STATE:223:cc/r800f:Qs|Kh/As:100|-100:TCC_AI|DeepStack
STATE:224:r1200c/:Ah|As/Kh:0|0:DeepStack|TCC_AI
STATE:225:cc/cc:Kh|Qs/Ks:100|-100:TCC_AI|DeepStack
STATE:226:r1200f:Ah|Qh:100|-100:DeepStack|TCC_AI
STATE:227:cc/cc:Qs|Kh/Qh:100|-100:TCC_AI|DeepStack
STATE:228:cc/cc:Qs|Kh/Ah:-100|100:DeepStack|TCC_AI
STATE:229:r600f:Ah|Qs:100|-100:TCC_AI|DeepStack
STATE:230:cr300f:Qs|Ks:-100|100:DeepStack|TCC_AI
STATE:231:cr300f:Qh|Ah:-100|100:TCC_AI|DeepStack
STATE:232:cc/cr300f:Qh|Ks/Kh:-100|100:DeepStack|TCC_AI
STATE:233:cr300r800c/cc:Ah|As/Ks:0|0:TCC_AI|DeepStack
STATE:234:cc/cr200f:Kh|Qh/Qs:-100|100:DeepStack|TCC_AI
STATE:235:cc/cr300f:As|Kh/Ks:-100|100:TCC_AI|DeepStack
STATE:236:cc/cc:Qh|Ks/Ah:-100|100:DeepStack|TCC_AI
STATE:237:cr300r900c/r1100c:As|Ah/Qs:0|0:TCC_AI|DeepStack
STATE:238:r1200f:Ah|Kh:100|-100:DeepStack|TCC_AI
STATE:239:r600f:Ah|Qh:100|-100:TCC_AI|DeepStack
STATE:240:cc/r300f:As|Qh/Ah:100|-100:DeepStack|TCC_AI
STATE:241:cr300f:Qs|Ks:-100|100:TCC_AI|DeepStack
STATE:242:cr300f:Kh|Qs:-100|100:DeepStack|TCC_AI
STATE:243:cc/cr300f:Qh|Qs/Ks:-100|100:TCC_AI|DeepStack
STATE:244:cc/cr200f:Qh|Kh/Ks:-100|100:DeepStack|TCC_AI
STATE:245:cr300c/r1100f:Ks|As/Kh:300|-300:TCC_AI|DeepStack
STATE:246:cr300f:Qs|Ah:-100|100:DeepStack|TCC_AI
STATE:247:cc/cc:Ah|Qh/Ks:100|-100:TCC_AI|DeepStack
STATE:248:cc/cc:Qh|Qs/Ks:0|0:DeepStack|TCC_AI
STATE:249:cr300f:Qh|As:-100|100:TCC_AI|DeepStack
STATE:250:r1200f:As|Qs:100|-100:DeepStack|TCC_AI
STATE:251:cc/r400f:Kh|Ks/Ah:100|-100:TCC_AI|DeepStack
STATE:252:cc/r1200c:Ks|Ah/As:-1200|1200:DeepStack|TCC_AI
STATE:253:cr1200c/:As|Ah/Kh:0|0:TCC_AI|DeepStack
STATE:254:cc/cr200f:Ks|Qh/Qs:-100|100:DeepStack|TCC_AI
STATE:255:cc/r700f:As|Ks/Ah:100|-100:TCC_AI|DeepStack
STATE:256:cc/r300r600c:Kh|As/Ah:-600|600:DeepStack|TCC_AI
STATE:257:cc/cc:Qs|Kh/Ah:-100|100:TCC_AI|DeepStack
STATE:258:r1200c/:As|Ah/Kh:0|0:DeepStack|TCC_AI
STATE:259:r800f:As|Ks:100|-100:TCC_AI|DeepStack
STATE:260:cc/cr500f:Qs|Ah/As:-100|100:DeepStack|TCC_AI
STATE:261:r300c/cc:As|Ks/Qh:300|-300:TCC_AI|DeepStack
STATE:262:r1200f:Ah|Qh:100|-100:DeepStack|TCC_AI
STATE:263:cr300f:Qs|Kh:-100|100:TCC_AI|DeepStack
STATE:264:cc/cr200f:Qh|Qs/Ks:-100|100:DeepStack|TCC_AI
STATE:265:cr300f:Qs|Ah:-100|100:TCC_AI|DeepStack
STATE:266:cc/r300f:Ks|Qs/As:100|-100:DeepStack|TCC_AI
STATE:267:cr1200f:Qh|As:-100|100:TCC_AI|DeepStack
STATE:268:cr500c/cr900f:Qh|As/Ah:-500|500:DeepStack|TCC_AI
STATE:269:cr300f:Qh|Qs:-100|100:TCC_AI|DeepStack
STATE:270:cr300f:Qh|As:-100|100:DeepStack|TCC_AI
STATE:271:cc/cc:Qh|Kh/As:-100|100:TCC_AI|DeepStack
STATE:272:cr300r1200c/:As|Ah/Kh:0|0:DeepStack|TCC_AI
STATE:273:cr300f:Qs|As:-100|100:TCC_AI|DeepStack
STATE:274:cc/r300f:Ah|Qs/As:100|-100:DeepStack|TCC_AI
STATE:275:cr300f:Ks|As:-100|100:TCC_AI|DeepStack
STATE:276:cc/cc:Qs|Ks/Qh:100|-100:DeepStack|TCC_AI
STATE:277:cr300f:Ks|Kh:-100|100:TCC_AI|DeepStack
STATE:278:cc/cc:Kh|Ks/Qh:0|0:DeepStack|TCC_AI
STATE:279:cc/cr300f:Kh|Qs/Qh:-100|100:TCC_AI|DeepStack
STATE:280:cc/cc:Qh|Kh/Ah:-100|100:DeepStack|TCC_AI
STATE:281:cr300f:Kh|As:-100|100:TCC_AI|DeepStack
STATE:282:cc/cr300c:As|Qh/Qs:-300|300:DeepStack|TCC_AI
STATE:283:cr300c/cc:Qh|As/Ks:-300|300:TCC_AI|DeepStack
STATE:284:cc/cr300f:As|Kh/Ks:-100|100:DeepStack|TCC_AI
STATE:285:cr300r1200f:Ah|Qs:300|-300:TCC_AI|DeepStack
STATE:286:cc/cr200c:As|Qs/Qh:-200|200:DeepStack|TCC_AI
STATE:287:cc/cr300r900f:Qs|Ks/Qh:300|-300:TCC_AI|DeepStack
STATE:288:cr300f:Kh|As:-100|100:DeepStack|TCC_AI
STATE:289:cr300c/cr1200f:Qh|Kh/Ks:-300|300:TCC_AI|DeepStack
STATE:290:cr300f:Qh|Ks:-100|100:DeepStack|TCC_AI
STATE:291:cr300c/cc:Qs|Ah/Kh:-300|300:TCC_AI|DeepStack
STATE:292:cr300c/cr1100f:Qs|Ah/As:-300|300:DeepStack|TCC_AI
STATE:293:cc/cr300f:As|Qh/Qs:-100|100:TCC_AI|DeepStack
STATE:294:cr300f:Qs|Ah:-100|100:DeepStack|TCC_AI
STATE:295:cr300f:Qh|Ks:-100|100:TCC_AI|DeepStack
STATE:296:cc/cc:As|Ks/Qh:100|-100:DeepStack|TCC_AI
STATE:297:cr300f:Kh|Ks:-100|100:TCC_AI|DeepStack
STATE:298:cc/r300c:Qs|Ks/Ah:-300|300:DeepStack|TCC_AI
STATE:299:cc/cr300f:Ah|Qh/Qs:-100|100:TCC_AI|DeepStack
STATE:300:cc/cc:Qh|Qs/Kh:0|0:DeepStack|TCC_AI
STATE:301:cc/r400f:As|Ks/Ah:100|-100:TCC_AI|DeepStack
STATE:302:cc/cc:Qs|Qh/As:0|0:DeepStack|TCC_AI
STATE:303:cr300f:Kh|Ah:-100|100:TCC_AI|DeepStack
STATE:304:cc/cc:Qs|Ks/Qh:100|-100:DeepStack|TCC_AI
STATE:305:r600f:Ah|Qs:100|-100:TCC_AI|DeepStack
STATE:306:r1200f:As|Qs:100|-100:DeepStack|TCC_AI
STATE:307:cc/cr300f:Kh|Qh/Qs:-100|100:TCC_AI|DeepStack
STATE:308:cc/cc:As|Qh/Kh:100|-100:DeepStack|TCC_AI
STATE:309:cr300c/cr900c:Kh|Ah/As:-900|900:TCC_AI|DeepStack
STATE:310:cc/r1200f:As|Ks/Ah:100|-100:DeepStack|TCC_AI
STATE:311:cr300f:Ks|Ah:-100|100:TCC_AI|DeepStack
STATE:312:cr400f:Qh|As:-100|100:DeepStack|TCC_AI
STATE:313:cc/r400f:As|Qs/Ah:100|-100:TCC_AI|DeepStack
STATE:314:cr200r600c/cr1200f:As|Ah/Ks:-600|600:DeepStack|TCC_AI
STATE:315:cr300f:Ks|Ah:-100|100:TCC_AI|DeepStack
STATE:316:cr300r1200c/:Ah|As/Ks:0|0:DeepStack|TCC_AI
STATE:317:cr300r900f:Ah|Kh:300|-300:TCC_AI|DeepStack
STATE:318:cc/r1200f:Ah|Ks/As:100|-100:DeepStack|TCC_AI
STATE:319:cr300f:Ks|Kh:-100|100:TCC_AI|DeepStack
STATE:320:r1200c/:Ah|As/Qs:0|0:DeepStack|TCC_AI
STATE:321:cc/cc:Qs|Qh/As:0|0:TCC_AI|DeepStack
STATE:322:cc/cc:Qh|Kh/As:-100|100:DeepStack|TCC_AI
STATE:323:cc/cr300f:Qh|Ks/Kh:-100|100:TCC_AI|DeepStack
STATE:324:cc/cr200f:Kh|Qs/Qh:-100|100:DeepStack|TCC_AI
STATE:325:cc/r600f:As|Qh/Ah:100|-100:TCC_AI|DeepStack
STATE:326:cr300f:Qh|As:-100|100:DeepStack|TCC_AI
STATE:327:cr300f:Qh|As:-100|100:TCC_AI|DeepStack
STATE:328:cr200c/r600f:Qs|Ks/Qh:200|-200:DeepStack|TCC_AI
STATE:329:cc/r500r1200f:Qs|As/Ah:-500|500:TCC_AI|DeepStack
STATE:330:cc/cc:As|Qs/Ks:100|-100:DeepStack|TCC_AI
STATE:331:r800c/cr1200c:As|Ah/Qh:0|0:TCC_AI|DeepStack
STATE:332:cc/cr200f:Qh|Kh/Ks:-100|100:DeepStack|TCC_AI
STATE:333:cc/cc:Qh|Kh/As:-100|100:TCC_AI|DeepStack
STATE:334:cc/cr200f:Kh|Qs/Qh:-100|100:DeepStack|TCC_AI
STATE:335:cr300r1200c/:Ah|As/Kh:0|0:TCC_AI|DeepStack
STATE:336:cc/cr200f:Qs|Kh/Ks:-100|100:DeepStack|TCC_AI
STATE:337:cc/cc:Qs|Kh/Ah:-100|100:TCC_AI|DeepStack
STATE:338:cr400f:Qs|Qh:-100|100:DeepStack|TCC_AI
STATE:339:cc/cc:Qs|As/Qh:100|-100:TCC_AI|DeepStack
STATE:340:cr300f:Qs|Ah:-100|100:DeepStack|TCC_AI
STATE:341:cr300c/cc:Kh|As/Qh:-300|300:TCC_AI|DeepStack
STATE:342:cr300f:Ks|Qs:-100|100:DeepStack|TCC_AI
STATE:343:cr300c/cr1200f:Ks|Kh/As:-300|300:TCC_AI|DeepStack
STATE:344:cr300f:Ks|As:-100|100:DeepStack|TCC_AI
STATE:345:cr300r800r1200c/:As|Ah/Kh:0|0:TCC_AI|DeepStack
STATE:346:cr500f:Ks|As:-100|100:DeepStack|TCC_AI
STATE:347:cc/cc:Ah|Qs/Kh:100|-100:TCC_AI|DeepStack
STATE:348:cc/cr200c:Ah|Ks/Kh:-200|200:DeepStack|TCC_AI
STATE:349:cr1200f:Qs|Ah:-100|100:TCC_AI|DeepStack
STATE:350:cc/cc:Ah|Ks/Qs:100|-100:DeepStack|TCC_AI
STATE:351:cc/cc:Qh|Qs/Kh:0|0:TCC_AI|DeepStack
STATE:352:cc/cc:Ks|Qs/Kh:100|-100:DeepStack|TCC_AI
STATE:353:cr300r1100c/r1200c:As|Ah/Qs:0|0:TCC_AI|DeepStack
STATE:354:cr300r1200f:As|Kh:300|-300:DeepStack|TCC_AI
STATE:355:cr300f:Qs|Ah:-100|100:TCC_AI|DeepStack
STATE:356:cc/cc:Ks|Ah/Qs:-100|100:DeepStack|TCC_AI
STATE:357:cr1200f:Kh|As:-100|100:TCC_AI|DeepStack
STATE:358:cc/r300f:Kh|Qh/As:100|-100:DeepStack|TCC_AI
STATE:359:cc/cr300f:As|Kh/Ks:-100|100:TCC_AI|DeepStack
STATE:360:cr400f:Qs|Ah:-100|100:DeepStack|TCC_AI
STATE:361:cc/cc:Qh|Ks/Qs:100|-100:TCC_AI|DeepStack
STATE:362:cc/cc:Qs|Ks/As:-100|100:DeepStack|TCC_AI
STATE:363:cr300f:Qh|Ah:-100|100:TCC_AI|DeepStack
STATE:364:cr300f:Qh|As:-100|100:DeepStack|TCC_AI
STATE:365:cc/cr300f:Ks|Kh/Qh:-100|100:TCC_AI|DeepStack
STATE:366:cc/cr800c:Kh|Qh/As:800|-800:DeepStack|TCC_AI
STATE:367:r800f:As|Ks:100|-100:TCC_AI|DeepStack
STATE:368:cr300f:Qs|Kh:-100|100:DeepStack|TCC_AI
STATE:369:r300c/cc:Ah|Qs/Ks:300|-300:TCC_AI|DeepStack
STATE:370:cr300c/cc:Qs|Ks/As:-300|300:DeepStack|TCC_AI
STATE:371:cr300r800f:As|Ks:300|-300:TCC_AI|DeepStack
STATE:372:r1200f:Ah|Qs:100|-100:DeepStack|TCC_AI
STATE:373:cc/cc:Kh|Qs/As:100|-100:TCC_AI|DeepStack
STATE:374:cr300r1200f:As|Kh:300|-300:DeepStack|TCC_AI
STATE:375:cc/cc:Kh|Ks/Ah:0|0:TCC_AI|DeepStack
STATE:376:cr300c/cr400f:Ks|Kh/Qs:-300|300:DeepStack|TCC_AI
STATE:377:cc/r300r900c:Kh|Qh/As:900|-900:TCC_AI|DeepStack
STATE:378:cc/cc:As|Kh/Qs:100|-100:DeepStack|TCC_AI
STATE:379:cr1200f:Qs|Ah:-100|100:TCC_AI|DeepStack
STATE:380:cc/cc:Ah|As/Kh:0|0:DeepStack|TCC_AI
STATE:381:r300c/r1100f:Qh|Ks/As:300|-300:TCC_AI|DeepStack
STATE:382:r1200f:As|Qs:100|-100:DeepStack|TCC_AI
STATE:383:cr300r800r1200c/:As|Ah/Kh:0|0:TCC_AI|DeepStack
STATE:384:cc/cc:Ah|Qh/Kh:100|-100:DeepStack|TCC_AI
STATE:385:cr300r900r1200c/:Ah|As/Ks:0|0:TCC_AI|DeepStack
STATE:386:cr300f:Kh|As:-100|100:DeepStack|TCC_AI
STATE:387:cc/cc:Qh|Qs/As:0|0:TCC_AI|DeepStack
STATE:388:cc/r300f:As|Kh/Ah:100|-100:DeepStack|TCC_AI
STATE:389:r600f:As|Ks:100|-100:TCC_AI|DeepStack
STATE:390:r1200f:As|Ks:100|-100:DeepStack|TCC_AI
STATE:391:r800f:Ah|Kh:100|-100:TCC_AI|DeepStack
STATE:392:cc/cr200f:Qh|Kh/Ks:-100|100:DeepStack|TCC_AI
STATE:393:r800f:Ah|Qh:100|-100:TCC_AI|DeepStack
STATE:394:cc/cc:Qs|Kh/Ah:-100|100:DeepStack|TCC_AI
STATE:395:cc/cc:Ah|Kh/Qs:100|-100:TCC_AI|DeepStack
STATE:396:cc/cr800f:Qh|As/Ah:-100|100:DeepStack|TCC_AI
STATE:397:r200r1200f:Kh|As:-200|200:TCC_AI|DeepStack
STATE:398:cr300f:Qh|As:-100|100:DeepStack|TCC_AI
STATE:399:cc/cc:Ah|Kh/Qh:100|-100:TCC_AI|DeepStack
STATE:400:cr300c/r1200f:As|Ah/Ks:300|-300:DeepStack|TCC_AI
STATE:401:cc/cc:As|Kh/Ah:100|-100:TCC_AI|DeepStack
STATE:402:r1200f:Ah|Ks:100|-100:DeepStack|TCC_AI
STATE:403:cr300c/cc:Ah|Qs/Kh:300|-300:TCC_AI|DeepStack
STATE:404:cc/cc:As|Kh/Qs:100|-100:DeepStack|TCC_AI
STATE:405:cc/cr300f:Ah|Qs/Kh:-100|100:TCC_AI|DeepStack
STATE:406:cc/cc:Kh|Ah/Ks:100|-100:DeepStack|TCC_AI
STATE:407:cr300f:Kh|As:-100|100:TCC_AI|DeepStack
STATE:408:cr300f:Ks|Ah:-100|100:DeepStack|TCC_AI
STATE:409:cr1200f:Qs|As:-100|100:TCC_AI|DeepStack
STATE:410:cr300r1200f:Ah|Qs:300|-300:DeepStack|TCC_AI
STATE:411:cr300f:Qh|Ah:-100|100:TCC_AI|DeepStack
STATE:412:cc/cr200f:Ah|Kh/Ks:-100|100:DeepStack|TCC_AI
STATE:413:cc/r400f:Qh|Qs/As:100|-100:TCC_AI|DeepStack
STATE:414:cc/cc:As|Ks/Qh:100|-100:DeepStack|TCC_AI
STATE:415:r800r1200c/:Ah|As/Ks:0|0:TCC_AI|DeepStack
STATE:416:cr500c/cr1000f:Qs|Ah/Kh:-500|500:DeepStack|TCC_AI
STATE:417:cr300c/cr1200f:Ks|As/Ah:-300|300:TCC_AI|DeepStack
STATE:418:cc/cc:Qs|Ks/Qh:100|-100:DeepStack|TCC_AI
STATE:419:r800f:Ah|Qh:100|-100:TCC_AI|DeepStack
STATE:420:cc/r300f:Kh|Ks/As:100|-100:DeepStack|TCC_AI
STATE:421:cc/cc:Qs|Qh/Ah:0|0:TCC_AI|DeepStack
STATE:422:cr300f:Kh|As:-100|100:DeepStack|TCC_AI
STATE:423:cc/cr300f:Ah|Qh/Qs:-100|100:TCC_AI|DeepStack
STATE:424:cc/cr300f:Ah|Kh/Qs:-100|100:DeepStack|TCC_AI
STATE:425:cr300f:Ks|Qs:-100|100:TCC_AI|DeepStack
STATE:426:cc/r300f:Kh|Ks/Ah:100|-100:DeepStack|TCC_AI
STATE:427:cc/cc:Ah|Qs/Ks:100|-100:TCC_AI|DeepStack
STATE:428:r1200f:Ah|Qs:100|-100:DeepStack|TCC_AI
STATE:429:cr300c/cc:Ks|Ah/Qh:-300|300:TCC_AI|DeepStack
STATE:430:cc/cc:Kh|Qh/As:100|-100:DeepStack|TCC_AI
STATE:431:cc/cc:Qh|Kh/As:-100|100:TCC_AI|DeepStack
STATE:432:cr300c/cc:Qs|As/Kh:-300|300:DeepStack|TCC_AI
STATE:433:r600f:Ah|Kh:100|-100:TCC_AI|DeepStack
STATE:434:cc/cr200f:Kh|Qs/Qh:-100|100:DeepStack|TCC_AI
STATE:435:cr300f:Qs|Ah:-100|100:TCC_AI|DeepStack
STATE:436:cc/cc:Ks|Qh/Kh:100|-100:DeepStack|TCC_AI
STATE:437:cr300f:Kh|Ah:-100|100:TCC_AI|DeepStack
STATE:438:cr300c/cr1000f:Kh|Qs/Qh:-300|300:DeepStack|TCC_AI
STATE:439:cr300r1000c/r1200c:As|Ah/Kh:0|0:TCC_AI|DeepStack
STATE:440:cc/r300c:Kh|Ks/As:0|0:DeepStack|TCC_AI
STATE:441:cc/cc:Kh|Ah/Qh:-100|100:TCC_AI|DeepStack
STATE:442:cr300f:Qh|Qs:-100|100:DeepStack|TCC_AI
STATE:443:cc/cr300f:Qh|Kh/Ks:-100|100:TCC_AI|DeepStack
STATE:444:r1200c/:As|Ah/Kh:0|0:DeepStack|TCC_AI
STATE:445:cc/r300f:Ah|Kh/As:100|-100:TCC_AI|DeepStack
STATE:446:cr300r1200f:As|Ks:300|-300:DeepStack|TCC_AI
STATE:447:cr300c/r1200f:Qh|As/Kh:300|-300:TCC_AI|DeepStack
STATE:448:cr600f:Qs|Ah:-100|100:DeepStack|TCC_AI
STATE:449:cc/r400f:Kh|Ks/As:100|-100:TCC_AI|DeepStack
STATE:450:cc/cr200r1200f:Ks|Qh/Kh:200|-200:DeepStack|TCC_AI
STATE:451:cc/cr300f:Qh|Kh/Ks:-100|100:TCC_AI|DeepStack
STATE:452:cr1200f:Qs|As:-100|100:DeepStack|TCC_AI
STATE:453:cr1200f:Qs|Ah:-100|100:TCC_AI|DeepStack
STATE:454:r1200f:Ah|Qs:100|-100:DeepStack|TCC_AI
STATE:455:cc/r400f:Ks|Qs/Ah:100|-100:TCC_AI|DeepStack
STATE:456:cc/cc:Qh|Qs/Ah:0|0:DeepStack|TCC_AI
STATE:457:cc/r400f:Ah|Qs/As:100|-100:TCC_AI|DeepStack
STATE:458:cc/cc:Kh|Ks/Qh:0|0:DeepStack|TCC_AI
STATE:459:cr300f:Qs|Kh:-100|100:TCC_AI|DeepStack
STATE:460:cc/cr200c:As|Qh/Ks:200|-200:DeepStack|TCC_AI
STATE:461:cc/cc:Kh|Qs/As:100|-100:TCC_AI|DeepStack
STATE:462:cc/cr200f:Ks|Qs/Qh:-100|100:DeepStack|TCC_AI
STATE:463:cr300f:Qh|As:-100|100:TCC_AI|DeepStack
STATE:464:cr300r1200f:As|Kh:300|-300:DeepStack|TCC_AI
STATE:465:cc/cc:Ks|Qs/As:100|-100:TCC_AI|DeepStack
STATE:466:cr1000f:Kh|As:-100|100:DeepStack|TCC_AI
STATE:467:r800f:Ah|Qs:100|-100:TCC_AI|DeepStack
STATE:468:cr500f:Qs|Ah:-100|100:DeepStack|TCC_AI
STATE:469:cr300f:Kh|Ks:-100|100:TCC_AI|DeepStack
STATE:470:cr300f:Qs|Ah:-100|100:DeepStack|TCC_AI
STATE:471:cr300f:Qs|Qh:-100|100:TCC_AI|DeepStack
STATE:472:cr300c/r1200c:Qs|As/Kh:-1200|1200:DeepStack|TCC_AI
STATE:473:cc/r400f:Ks|Qs/Ah:100|-100:TCC_AI|DeepStack
STATE:474:cc/cc:Ks|Qh/Kh:100|-100:DeepStack|TCC_AI
STATE:475:cr300f:Qh|Ah:-100|100:TCC_AI|DeepStack
STATE:476:cr300r1200c/:As|Ah/Qh:0|0:DeepStack|TCC_AI
STATE:477:r800f:Ah|Kh:100|-100:TCC_AI|DeepStack
STATE:478:cc/cr200f:Qh|Kh/Ks:-100|100:DeepStack|TCC_AI
STATE:479:cc/cc:Qs|Ks/Ah:-100|100:TCC_AI|DeepStack
STATE:480:cr300f:Ks|As:-100|100:DeepStack|TCC_AI
STATE:481:cr300c/cc:Ks|Kh/Ah:0|0:TCC_AI|DeepStack
STATE:482:r1200f:Ah|Ks:100|-100:DeepStack|TCC_AI
STATE:483:r200c/r900f:Qh|Ks/As:200|-200:TCC_AI|DeepStack
STATE:484:r300f:Ah|Kh:100|-100:DeepStack|TCC_AI
STATE:485:cr300f:Kh|Ah:-100|100:TCC_AI|DeepStack
STATE:486:cc/cc:Qh|Qs/Ks:0|0:DeepStack|TCC_AI
STATE:487:r600r1200c/:Ah|As/Ks:0|0:TCC_AI|DeepStack
STATE:488:r1200c/:Ah|As/Qs:0|0:DeepStack|TCC_AI
STATE:489:cr300r800f:Ah|Qh:300|-300:TCC_AI|DeepStack
STATE:490:cr200c/cc:Qh|As/Ks:-200|200:DeepStack|TCC_AI
STATE:491:cc/r400f:As|Qh/Ah:100|-100:TCC_AI|DeepStack
STATE:492:cr300f:Ks|As:-100|100:DeepStack|TCC_AI
STATE:493:r600r1200c/:Ah|As/Qh:0|0:TCC_AI|DeepStack
STATE:494:cc/cc:Qh|Qs/As:0|0:DeepStack|TCC_AI
STATE:495:cc/cc:Ks|Qh/Kh:100|-100:TCC_AI|DeepStack
STATE:496:cr300f:Kh|Ah:-100|100:DeepStack|TCC_AI
STATE:497:cr300c/r1100f:Qh|Ah/Kh:300|-300:TCC_AI|DeepStack
STATE:498:cr300f:Ks|As:-100|100:DeepStack|TCC_AI
STATE:499:r600f:Ah|Ks:100|-100:TCC_AI|DeepStack
STATE:500:cr300f:Kh|Ks:-100|100:DeepStack|TCC_AI
STATE:501:cc/r300c:As|Kh/Ah:300|-300:TCC_AI|DeepStack
STATE:502:cr300c/cr900f:Kh|Ks/As:-300|300:DeepStack|TCC_AI
STATE:503:r400f:Ah|Qh:100|-100:TCC_AI|DeepStack
STATE:504:r1200f:Ah|Kh:100|-100:DeepStack|TCC_AI
STATE:505:cr300f:Kh|Ah:-100|100:TCC_AI|DeepStack
STATE:506:cr300f:Ks|As:-100|100:DeepStack|TCC_AI
STATE:507:cr300f:Qh|As:-100|100:TCC_AI|DeepStack
STATE:508:cr300f:Qh|As:-100|100:DeepStack|TCC_AI
STATE:509:cr300f:Ks|As:-100|100:TCC_AI|DeepStack
STATE:510:cc/cc:Ah|Ks/Qh:100|-100:DeepStack|TCC_AI
STATE:511:cr300f:Qs|As:-100|100:TCC_AI|DeepStack
STATE:512:cr300f:Ks|Qh:-100|100:DeepStack|TCC_AI
STATE:513:cc/r500f:Ah|Qh/As:100|-100:TCC_AI|DeepStack
STATE:514:cr800f:Qs|As:-100|100:DeepStack|TCC_AI
STATE:515:cc/cc:Ks|As/Kh:100|-100:TCC_AI|DeepStack
STATE:516:cc/cr200f:Kh|Qh/Qs:-100|100:DeepStack|TCC_AI
STATE:517:cc/cc:As|Kh/Qs:100|-100:TCC_AI|DeepStack
STATE:518:cr300f:Qs|Ah:-100|100:DeepStack|TCC_AI
STATE:519:cc/cc:Qh|Ks/Qs:100|-100:TCC_AI|DeepStack
STATE:520:cr300c/r1200f:Ks|Ah/Kh:300|-300:DeepStack|TCC_AI
STATE:521:cc/cc:Qh|Ks/Ah:-100|100:TCC_AI|DeepStack
STATE:522:cc/cr500f:Qs|Kh/As:-100|100:DeepStack|TCC_AI
STATE:523:cc/cc:Ks|Ah/Qs:-100|100:TCC_AI|DeepStack
STATE:524:cr300f:Ks|Ah:-100|100:DeepStack|TCC_AI
STATE:525:cr300r1100c/r1200c:As|Ah/Kh:0|0:TCC_AI|DeepStack
STATE:526:cr500f:Qh|Qs:-100|100:DeepStack|TCC_AI
STATE:527:cr300c/cr1200f:Qs|Qh/As:-300|300:TCC_AI|DeepStack
STATE:528:cr200c/cr600f:Qh|Kh/As:-200|200:DeepStack|TCC_AI
STATE:529:cc/cc:Qh|Ks/As:-100|100:TCC_AI|DeepStack
STATE:530:cr400c/r1200f:Ks|Ah/Kh:400|-400:DeepStack|TCC_AI
STATE:531:cc/cc:Qs|Ks/Ah:-100|100:TCC_AI|DeepStack
STATE:532:cc/cc:As|Qh/Ks:100|-100:DeepStack|TCC_AI
STATE:533:cc/r400f:Kh|Qh/Ah:100|-100:TCC_AI|DeepStack
STATE:534:cc/cc:Qs|Qh/Ks:0|0:DeepStack|TCC_AI
STATE:535:cc/cc:Qh|Kh/Ah:-100|100:TCC_AI|DeepStack
STATE:536:cc/cr300f:As|Qs/Ks:-100|100:DeepStack|TCC_AI
STATE:537:cc/cr300c:Ah|Ks/Qh:300|-300:TCC_AI|DeepStack
STATE:538:r1200c/:Ah|As/Qh:0|0:DeepStack|TCC_AI
STATE:539:cc/r400f:As|Qs/Ah:100|-100:TCC_AI|DeepStack
STATE:540:cc/cc:Qs|Ks/As:-100|100:DeepStack|TCC_AI
STATE:541:r600c/cr1200c:Ah|As/Qh:0|0:TCC_AI|DeepStack
STATE:542:cc/cc:Qs|Qh/As:0|0:DeepStack|TCC_AI
STATE:543:cc/cc:Ks|Kh/Qs:0|0:TCC_AI|DeepStack
STATE:544:cr300f:Qs|As:-100|100:DeepStack|TCC_AI
STATE:545:cc/cc:Qs|Kh/Qh:100|-100:TCC_AI|DeepStack
STATE:546:cc/cr200r1200f:Qh|Ks/Qs:200|-200:DeepStack|TCC_AI
STATE:547:cr300f:Qh|As:-100|100:TCC_AI|DeepStack
STATE:548:cc/cc:Kh|Qh/As:100|-100:DeepStack|TCC_AI
STATE:549:cc/r300f:Ks|Qh/Ah:100|-100:TCC_AI|DeepStack
STATE:550:cc/cc:Qs|Qh/Ks:0|0:DeepStack|TCC_AI
STATE:551:cc/cc:Qh|Ks/Qs:100|-100:TCC_AI|DeepStack
STATE:552:cc/cc:Qs|Qh/Ks:0|0:DeepStack|TCC_AI
STATE:553:cc/r300r1200f:Ks|As/Ah:-300|300:TCC_AI|DeepStack
STATE:554:cr300c/r1200f:Kh|As/Ks:300|-300:DeepStack|TCC_AI
STATE:555:cc/cc:Qs|Qh/Kh:0|0:TCC_AI|DeepStack
STATE:556:cc/cr200f:Qs|Kh/Ks:-100|100:DeepStack|TCC_AI
STATE:557:cc/cr300c:As|Ks/Kh:-300|300:TCC_AI|DeepStack
STATE:558:cc/cc:Ah|Ks/Qs:100|-100:DeepStack|TCC_AI
STATE:559:cc/cc:Ks|Qh/Kh:100|-100:TCC_AI|DeepStack
STATE:560:cc/r300f:Kh|Qh/As:100|-100:DeepStack|TCC_AI
STATE:561:cr300f:Qs|Ks:-100|100:TCC_AI|DeepStack
STATE:562:cr300f:Qh|As:-100|100:DeepStack|TCC_AI
STATE:563:cr300f:Ks|As:-100|100:TCC_AI|DeepStack
STATE:564:cc/cr200f:Ks|Qh/Qs:-100|100:DeepStack|TCC_AI
STATE:565:cr300f:Qh|Kh:-100|100:TCC_AI|DeepStack
STATE:566:cr300c/r1200c:Ks|Ah/Kh:1200|-1200:DeepStack|TCC_AI
STATE:567:cr300f:Qh|As:-100|100:TCC_AI|DeepStack
STATE:568:cc/cr200f:Kh|Qs/Qh:-100|100:DeepStack|TCC_AI
STATE:569:cr300f:Qh|Ah:-100|100:TCC_AI|DeepStack
STATE:570:cc/cc:Qs|Ah/Qh:100|-100:DeepStack|TCC_AI
STATE:571:r800f:Ah|Qs:100|-100:TCC_AI|DeepStack
STATE:572:cc/cc:Ks|Kh/As:0|0:DeepStack|TCC_AI
STATE:573:cr300r800c/r1200c:Ah|As/Ks:0|0:TCC_AI|DeepStack
STATE:574:cr300r1200f:As|Ks:300|-300:DeepStack|TCC_AI
STATE:575:cr300f:Qs|As:-100|100:TCC_AI|DeepStack
STATE:576:cc/cc:Kh|Qh/Ks:100|-100:DeepStack|TCC_AI
STATE:577:cc/cr300f:Ks|Kh/Qs:-100|100:TCC_AI|DeepStack
STATE:578:r1200f:As|Qh:100|-100:DeepStack|TCC_AI
STATE:579:cr1200f:Qs|Ah:-100|100:TCC_AI|DeepStack
STATE:580:cc/cc:Qs|Qh/Ah:0|0:DeepStack|TCC_AI
STATE:581:cr1200f:Ks|As:-100|100:TCC_AI|DeepStack
STATE:582:cr300r1200f:Ah|Ks:300|-300:DeepStack|TCC_AI
STATE:583:cr300r800f:As|Qs:300|-300:TCC_AI|DeepStack
STATE:584:cc/cr200f:Kh|Qh/Qs:-100|100:DeepStack|TCC_AI
STATE:585:cc/cr300f:As|Qh/Qs:-100|100:TCC_AI|DeepStack
STATE:586:cr500f:Qh|Ah:-100|100:DeepStack|TCC_AI
STATE:587:cc/cr300f:Qh|Kh/Ks:-100|100:TCC_AI|DeepStack
STATE:588:r1200f:As|Ks:100|-100:DeepStack|TCC_AI
STATE:589:r800f:Ah|Qh:100|-100:TCC_AI|DeepStack
STATE:590:r1200f:Ah|Qh:100|-100:DeepStack|TCC_AI
STATE:591:r800f:Ah|Ks:100|-100:TCC_AI|DeepStack
STATE:592:cc/cc:Ks|Kh/As:0|0:DeepStack|TCC_AI
STATE:593:cr300f:Ks|Qh:-100|100:TCC_AI|DeepStack
STATE:594:cc/r1200f:Qh|Ks/As:100|-100:DeepStack|TCC_AI
STATE:595:cr300f:Qs|As:-100|100:TCC_AI|DeepStack
STATE:596:cr300f:Qh|Ah:-100|100:DeepStack|TCC_AI
STATE:597:cr300f:Qs|As:-100|100:TCC_AI|DeepStack
STATE:598:cc/cr200f:Kh|Ks/Qh:-100|100:DeepStack|TCC_AI
STATE:599:cc/cc:Kh|Ks/Qh:0|0:TCC_AI|DeepStack
STATE:600:cr400f:Ks|Ah:-100|100:DeepStack|TCC_AI
STATE:601:cc/cr300f:Ks|Qs/Qh:-100|100:TCC_AI|DeepStack
STATE:602:cc/cc:Kh|Ks/Qs:0|0:DeepStack|TCC_AI
STATE:603:cc/cr300r500f:Kh|Qs/Ks:300|-300:TCC_AI|DeepStack
STATE:604:r1200f:Ah|Qh:100|-100:DeepStack|TCC_AI
STATE:605:cc/cc:Qs|Qh/Kh:0|0:TCC_AI|DeepStack
STATE:606:cr300f:Kh|As:-100|100:DeepStack|TCC_AI
STATE:607:cc/cc:Qs|Qh/Ah:0|0:TCC_AI|DeepStack
STATE:608:cc/cr200f:As|Ks/Qs:-100|100:DeepStack|TCC_AI
STATE:609:cc/cc:Ks|Kh/As:0|0:TCC_AI|DeepStack
STATE:610:cc/cc:Qs|Ks/Ah:-100|100:DeepStack|TCC_AI
STATE:611:cc/r400f:Kh|Qs/Ah:100|-100:TCC_AI|DeepStack
STATE:612:r1200f:Ah|Qs:100|-100:DeepStack|TCC_AI
STATE:613:cr300c/cr1200f:Qh|Ah/As:-300|300:TCC_AI|DeepStack
STATE:614:cr300f:Kh|As:-100|100:DeepStack|TCC_AI
STATE:615:cr300f:Qh|Ks:-100|100:TCC_AI|DeepStack
STATE:616:cr300f:Qh|Ah:-100|100:DeepStack|TCC_AI
STATE:617:cr300f:Ks|As:-100|100:TCC_AI|DeepStack
STATE:618:cc/cc:As|Kh/Qh:100|-100:DeepStack|TCC_AI
STATE:619:cc/cr300f:Qs|Ks/Kh:-100|100:TCC_AI|DeepStack
STATE:620:r1200f:Ah|Kh:100|-100:DeepStack|TCC_AI
STATE:621:r600f:Ah|Ks:100|-100:TCC_AI|DeepStack
STATE:622:cr300r1200c/:As|Ah/Qh:0|0:DeepStack|TCC_AI
STATE:623:cc/cc:Ah|Ks/Qs:100|-100:TCC_AI|DeepStack
STATE:624:cc/r300f:Ks|Qs/Ah:100|-100:DeepStack|TCC_AI
STATE:625:cc/cr1200c:Ks|Qh/As:1200|-1200:TCC_AI|DeepStack
STATE:626:cr300c/cr1000c:Ah|Ks/Qh:1000|-1000:DeepStack|TCC_AI
STATE:627:r200c/cr600f:Ks|Qh/Qs:-200|200:TCC_AI|DeepStack
STATE:628:cc/cc:Qs|Qh/Kh:0|0:DeepStack|TCC_AI
STATE:629:cr300f:Qh|As:-100|100:TCC_AI|DeepStack
STATE:630:r1200f:Ah|Ks:100|-100:DeepStack|TCC_AI
STATE:631:cc/r400c:Kh|Ks/As:0|0:TCC_AI|DeepStack
STATE:632:cc/cr200c:As|Qs/Qh:-200|200:DeepStack|TCC_AI
STATE:633:cc/cc:Ah|As/Ks:0|0:TCC_AI|DeepStack
STATE:634:cc/cr300f:Kh|Qh/Qs:-100|100:DeepStack|TCC_AI
STATE:635:cr300c/r900f:Qs|Ah/Qh:300|-300:TCC_AI|DeepStack
STATE:636:r1200f:As|Qs:100|-100:DeepStack|TCC_AI
STATE:637:cc/cr300r500f:Kh|Qs/Ks:300|-300:TCC_AI|DeepStack
STATE:638:cc/cr200f:Qs|Kh/Ah:-100|100:DeepStack|TCC_AI
STATE:639:cc/r500f:Ah|Ks/As:100|-100:TCC_AI|DeepStack
STATE:640:cr300r1200f:As|Qh:300|-300:DeepStack|TCC_AI
STATE:641:cc/r200c:Ks|Kh/Ah:0|0:TCC_AI|DeepStack
STATE:642:cr300c/r1200f:Kh|Qh/Ks:300|-300:DeepStack|TCC_AI
STATE:643:cc/cc:Qh|Kh/As:-100|100:TCC_AI|DeepStack
STATE:644:cr300f:Qh|As:-100|100:DeepStack|TCC_AI
STATE:645:cc/cc:Qh|Ks/Qs:100|-100:TCC_AI|DeepStack
STATE:646:cc/cc:As|Qs/Kh:100|-100:DeepStack|TCC_AI
STATE:647:cc/cc:Kh|Ks/Ah:0|0:TCC_AI|DeepStack
STATE:648:r1200f:As|Ks:100|-100:DeepStack|TCC_AI
STATE:649:cc/cr300f:Kh|Qh/Qs:-100|100:TCC_AI|DeepStack
STATE:650:cr200c/cr300f:Kh|As/Qs:-200|200:DeepStack|TCC_AI
STATE:651:cr300c/r900c:Qh|Ah/Qs:900|-900:TCC_AI|DeepStack
STATE:652:cr300c/r1200f:Ks|Qs/Kh:300|-300:DeepStack|TCC_AI
STATE:653:cr300f:Qh|Ah:-100|100:TCC_AI|DeepStack
STATE:654:cc/cr200f:Ks|Qh/Qs:-100|100:DeepStack|TCC_AI
STATE:655:cc/cr300f:Ah|Qs/Qh:-100|100:TCC_AI|DeepStack
STATE:656:cr500f:Qs|As:-100|100:DeepStack|TCC_AI
STATE:657:r300c/cc:As|Qh/Kh:300|-300:TCC_AI|DeepStack
STATE:658:cr300f:Qh|Ah:-100|100:DeepStack|TCC_AI
STATE:659:cr300f:Ks|Ah:-100|100:TCC_AI|DeepStack
STATE:660:cc/cr200f:Qh|Kh/Ks:-100|100:DeepStack|TCC_AI
STATE:661:cr300c/r1200f:Qh|As/Ks:300|-300:TCC_AI|DeepStack
STATE:662:cc/cc:Qh|Qs/Kh:0|0:DeepStack|TCC_AI
STATE:663:cc/r500f:Ks|Kh/As:100|-100:TCC_AI|DeepStack
STATE:664:cr300f:Kh|Ah:-100|100:DeepStack|TCC_AI
STATE:665:cc/cc:Qh|Ks/As:-100|100:TCC_AI|DeepStack
STATE:666:cc/r300c:Ks|Kh/Ah:0|0:DeepStack|TCC_AI
STATE:667:r300c/cc:Kh|Qs/Ks:300|-300:TCC_AI|DeepStack
STATE:668:cr300c/cr400c:As|Ah/Kh:0|0:DeepStack|TCC_AI
STATE:669:cc/cc:Ks|Qs/Kh:100|-100:TCC_AI|DeepStack
STATE:670:cr300f:Qs|As:-100|100:DeepStack|TCC_AI
STATE:671:cc/cc:Qs|Ks/Ah:-100|100:TCC_AI|DeepStack
STATE:672:cr300f:Qh|Ah:-100|100:DeepStack|TCC_AI
STATE:673:cc/cr1200f:Ks|As/Ah:-100|100:TCC_AI|DeepStack
STATE:674:cr300f:Qs|As:-100|100:DeepStack|TCC_AI
STATE:675:cr300r900f:Ah|Kh:300|-300:TCC_AI|DeepStack
STATE:676:cr300f:Kh|Ah:-100|100:DeepStack|TCC_AI
STATE:677:cr300f:Qs|Ah:-100|100:TCC_AI|DeepStack
STATE:678:cr200c/r600f:Qh|Kh/Qs:200|-200:DeepStack|TCC_AI
STATE:679:cr300f:Kh|Qs:-100|100:TCC_AI|DeepStack
STATE:680:cc/cc:Qh|Ah/Ks:-100|100:DeepStack|TCC_AI
STATE:681:cc/cc:Qh|Qs/Ah:0|0:TCC_AI|DeepStack
STATE:682:cc/cr600c:Ks|Ah/As:-600|600:DeepStack|TCC_AI
STATE:683:r600f:As|Qs:100|-100:TCC_AI|DeepStack
STATE:684:cr300r1200c/:Ah|As/Ks:0|0:DeepStack|TCC_AI
STATE:685:cc/cr300f:Kh|Qh/Qs:-100|100:TCC_AI|DeepStack
STATE:686:cr300f:Ks|Ah:-100|100:DeepStack|TCC_AI
STATE:687:cc/cc:Qh|Ks/As:-100|100:TCC_AI|DeepStack
STATE:688:cc/cc:Qs|Ah/Kh:-100|100:DeepStack|TCC_AI
STATE:689:cc/cr300r1000f:Qs|Kh/Qh:300|-300:TCC_AI|DeepStack
STATE:690:r1200f:Ah|Qs:100|-100:DeepStack|TCC_AI
STATE:691:r400r1200c/:Ah|As/Qs:0|0:TCC_AI|DeepStack
STATE:692:cr300f:Ks|Ah:-100|100:DeepStack|TCC_AI
STATE:693:cc/cr300c:Ah|Ks/Qh:300|-300:TCC_AI|DeepStack
STATE:694:cc/cc:Ks|Kh/Qh:0|0:DeepStack|TCC_AI
STATE:695:cr300f:Qh|Ks:-100|100:TCC_AI|DeepStack
STATE:696:cc/cr600f:Qh|Ks/Ah:-100|100:DeepStack|TCC_AI
STATE:697:r800r1200c/:Ah|As/Ks:0|0:TCC_AI|DeepStack
STATE:698:cc/cc:Qs|Qh/Ks:0|0:DeepStack|TCC_AI
STATE:699:r500f:As|Qh:100|-100:TCC_AI|DeepStack
STATE:700:cc/cc:Qh|Ks/As:-100|100:DeepStack|TCC_AI
STATE:701:cc/cr300f:As|Qs/Qh:-100|100:TCC_AI|DeepStack
STATE:702:cr300c/cc:Kh|Ah/Qh:-300|300:DeepStack|TCC_AI
STATE:703:cr300f:Qs|As:-100|100:TCC_AI|DeepStack
STATE:704:cr300f:Qs|Kh:-100|100:DeepStack|TCC_AI
STATE:705:cr300c/cr1200c:Kh|Ah/As:-1200|1200:TCC_AI|DeepStack
STATE:706:r300c/cc:As|Ks/Qh:300|-300:DeepStack|TCC_AI
STATE:707:cc/cr300r700f:Ks|Qh/Kh:300|-300:TCC_AI|DeepStack
STATE:708:cc/r300f:Kh|Qh/Ah:100|-100:DeepStack|TCC_AI
STATE:709:r600f:Ah|Kh:100|-100:TCC_AI|DeepStack
STATE:710:cr300f:Kh|Ah:-100|100:DeepStack|TCC_AI
STATE:711:cc/cc:Kh|As/Ks:100|-100:TCC_AI|DeepStack
STATE:712:cr300f:Kh|Ah:-100|100:DeepStack|TCC_AI
STATE:713:cc/cc:Qh|Ah/Kh:-100|100:TCC_AI|DeepStack
STATE:714:r1200f:Ah|Ks:100|-100:DeepStack|TCC_AI
STATE:715:cc/r500f:Ah|Qh/As:100|-100:TCC_AI|DeepStack
STATE:716:cr300r1200c/:As|Ah/Qh:0|0:DeepStack|TCC_AI
STATE:717:cr300f:Ks|Ah:-100|100:TCC_AI|DeepStack
STATE:718:cc/cr200c:As|Ks/Kh:-200|200:DeepStack|TCC_AI
STATE:719:cc/cr300c:As|Ks/Kh:-300|300:TCC_AI|DeepStack
STATE:720:cr200c/cr1100f:Qs|As/Ah:-200|200:DeepStack|TCC_AI
STATE:721:cc/cc:Qs|Kh/Ah:-100|100:TCC_AI|DeepStack
STATE:722:cr300c/r1200c:Qs|Ah/Qh:1200|-1200:DeepStack|TCC_AI
STATE:723:cc/cr300r900f:Qs|Ks/Qh:300|-300:TCC_AI|DeepStack
STATE:724:cr300f:Qh|Ah:-100|100:DeepStack|TCC_AI
STATE:725:cc/cr300c:As|Ks/Kh:-300|300:TCC_AI|DeepStack
STATE:726:cr300f:Kh|Ah:-100|100:DeepStack|TCC_AI
STATE:727:cr300f:Qs|As:-100|100:TCC_AI|DeepStack
STATE:728:cc/cc:Ks|Qs/As:100|-100:DeepStack|TCC_AI
STATE:729:cc/cc:Qh|As/Ks:-100|100:TCC_AI|DeepStack
STATE:730:cr300f:Qs|Ah:-100|100:DeepStack|TCC_AI
STATE:731:cc/cr1200c:Kh|Qs/Ah:1200|-1200:TCC_AI|DeepStack
STATE:732:cc/cc:Qh|Qs/Kh:0|0:DeepStack|TCC_AI
STATE:733:cr300f:Kh|Qs:-100|100:TCC_AI|DeepStack
STATE:734:cr300f:Qh|Kh:-100|100:DeepStack|TCC_AI
STATE:735:cr300f:Qh|As:-100|100:TCC_AI|DeepStack
STATE:736:cc/cr1000f:Qs|Ah/As:-100|100:DeepStack|TCC_AI
STATE:737:cc/r600f:Ah|Qs/As:100|-100:TCC_AI|DeepStack
STATE:738:cc/cc:Qh|Kh/Ah:-100|100:DeepStack|TCC_AI
STATE:739:cr300f:Qs|Ah:-100|100:TCC_AI|DeepStack
STATE:740:cc/cr300f:As|Kh/Qs:-100|100:DeepStack|TCC_AI
STATE:741:cc/cr300f:Qs|Qh/Ks:-100|100:TCC_AI|DeepStack
STATE:742:r1200c/:As|Ah/Kh:0|0:DeepStack|TCC_AI
STATE:743:cr300r800f:Ah|Kh:300|-300:TCC_AI|DeepStack
STATE:744:cc/r300f:Ks|Qs/As:100|-100:DeepStack|TCC_AI
STATE:745:cr300c/r1100f:Qs|As/Qh:300|-300:TCC_AI|DeepStack
STATE:746:cr500r1200f:Ah|Qh:500|-500:DeepStack|TCC_AI
STATE:747:cr300r800f:As|Qh:300|-300:TCC_AI|DeepStack
STATE:748:cr200r1200f:As|Kh:200|-200:DeepStack|TCC_AI
STATE:749:cc/cr300f:As|Kh/Ks:-100|100:TCC_AI|DeepStack
STATE:750:r1200f:Ah|Qs:100|-100:DeepStack|TCC_AI
STATE:751:r300c/cc:Kh|Qh/Ah:300|-300:TCC_AI|DeepStack
STATE:752:cc/cc:Qs|Qh/Kh:0|0:DeepStack|TCC_AI
STATE:753:cc/cc:Qs|Ks/As:-100|100:TCC_AI|DeepStack
STATE:754:cc/cr200f:Qs|Kh/Ks:-100|100:DeepStack|TCC_AI
STATE:755:cc/r400r1200f:Kh|Ah/As:-400|400:TCC_AI|DeepStack
STATE:756:cr300f:Qh|Ah:-100|100:DeepStack|TCC_AI
STATE:757:r800f:Ah|Qs:100|-100:TCC_AI|DeepStack
STATE:758:r300r1000r1200c/:As|Ah/Ks:0|0:DeepStack|TCC_AI
STATE:759:cc/cc:Kh|Ks/Qs:0|0:TCC_AI|DeepStack
STATE:760:cr300f:Qh|Ks:-100|100:DeepStack|TCC_AI
STATE:761:cc/r500f:Ah|Qs/As:100|-100:TCC_AI|DeepStack
STATE:762:cr500f:Qh|Ah:-100|100:DeepStack|TCC_AI
STATE:763:cc/cr1200f:Qs|Ah/As:-100|100:TCC_AI|DeepStack
STATE:764:cc/cc:As|Qh/Ks:100|-100:DeepStack|TCC_AI
STATE:765:cc/cr300f:Qs|Kh/Ks:-100|100:TCC_AI|DeepStack
STATE:766:cc/cc:Qs|Ks/As:-100|100:DeepStack|TCC_AI
STATE:767:cc/cc:Qs|Qh/Ks:0|0:TCC_AI|DeepStack
STATE:768:cr300r1200f:Ah|Qh:300|-300:DeepStack|TCC_AI
STATE:769:cc/cr300f:Kh|Qs/Qh:-100|100:TCC_AI|DeepStack
STATE:770:cr200c/cc:Qh|As/Kh:-200|200:DeepStack|TCC_AI
STATE:771:cr300r900r1200c/:As|Ah/Ks:0|0:TCC_AI|DeepStack
STATE:772:cc/cc:As|Qh/Ks:100|-100:DeepStack|TCC_AI
STATE:773:cr300f:Kh|Ah:-100|100:TCC_AI|DeepStack
STATE:774:cc/cc:Qs|Qh/Ah:0|0:DeepStack|TCC_AI
STATE:775:cr300f:Qh|Ah:-100|100:TCC_AI|DeepStack
STATE:776:r1200f:Ah|Kh:100|-100:DeepStack|TCC_AI
STATE:777:cc/cc:Ah|Qh/Kh:100|-100:TCC_AI|DeepStack
STATE:778:cr300f:Qs|As:-100|100:DeepStack|TCC_AI
STATE:779:r200c/cr1200f:As|Qh/Qs:-200|200:TCC_AI|DeepStack
STATE:780:cr300f:Qs|Ah:-100|100:DeepStack|TCC_AI
STATE:781:r500f:As|Qh:100|-100:TCC_AI|DeepStack
STATE:782:r300c/cc:As|Ah/Kh:0|0:DeepStack|TCC_AI
STATE:783:cr300f:Ks|As:-100|100:TCC_AI|DeepStack
STATE:784:cr300f:Kh|As:-100|100:DeepStack|TCC_AI
STATE:785:cr300r1200c/:Ah|As/Ks:0|0:TCC_AI|DeepStack
STATE:786:cr300f:Ks|As:-100|100:DeepStack|TCC_AI
STATE:787:r600f:As|Kh:100|-100:TCC_AI|DeepStack
STATE:788:cr300f:Ks|Ah:-100|100:DeepStack|TCC_AI
STATE:789:cr300f:Ks|As:-100|100:TCC_AI|DeepStack
STATE:790:cr300f:Ks|Qs:-100|100:DeepStack|TCC_AI
STATE:791:r800f:Ah|Ks:100|-100:TCC_AI|DeepStack
STATE:792:cc/cr500f:Ks|Kh/Ah:-100|100:DeepStack|TCC_AI
STATE:793:r600r1200c/:Ah|As/Qh:0|0:TCC_AI|DeepStack
STATE:794:r1200f:Ah|Kh:100|-100:DeepStack|TCC_AI
STATE:795:cr300c/cr1200f:Qs|Qh/As:-300|300:TCC_AI|DeepStack
STATE:796:cr300c/r900c:Qs|Ah/Qh:900|-900:DeepStack|TCC_AI
STATE:797:cr300c/cc:Kh|As/Qh:-300|300:TCC_AI|DeepStack
STATE:798:cc/cc:Kh|Ah/Qs:-100|100:DeepStack|TCC_AI
STATE:799:cr300f:Ks|Qh:-100|100:TCC_AI|DeepStack
STATE:800:cc/r300f:Ah|Qh/As:100|-100:DeepStack|TCC_AI
STATE:801:cc/cr300f:Kh|Ks/Qs:-100|100:TCC_AI|DeepStack
STATE:802:cr300f:Ks|As:-100|100:DeepStack|TCC_AI
STATE:803:cc/cr300f:Qs|Kh/Ks:-100|100:TCC_AI|DeepStack
STATE:804:cr300f:Qs|As:-100|100:DeepStack|TCC_AI
STATE:805:cc/r300f:Ks|Qs/As:100|-100:TCC_AI|DeepStack
STATE:806:cc/cc:Kh|Ks/Qh:0|0:DeepStack|TCC_AI
STATE:807:cr300r900r1200c/:As|Ah/Qs:0|0:TCC_AI|DeepStack
STATE:808:cr300f:Kh|As:-100|100:DeepStack|TCC_AI
STATE:809:cr300f:Kh|Qh:-100|100:TCC_AI|DeepStack
STATE:810:cc/cr300f:As|Qh/Qs:-100|100:DeepStack|TCC_AI
STATE:811:cc/cc:Kh|Ks/Ah:0|0:TCC_AI|DeepStack
STATE:812:r1200c/:Ah|As/Qs:0|0:DeepStack|TCC_AI
STATE:813:cc/cc:As|Ah/Qh:0|0:TCC_AI|DeepStack
STATE:814:cr200c/cr600f:Kh|As/Ah:-200|200:DeepStack|TCC_AI
STATE:815:r300c/r900f:Ks|Kh/Ah:300|-300:TCC_AI|DeepStack
STATE:816:cc/r1200f:Qs|Ks/As:100|-100:DeepStack|TCC_AI
STATE:817:cc/cc:Qs|Qh/Kh:0|0:TCC_AI|DeepStack
STATE:818:cr200c/r600c:Qs|As/Qh:600|-600:DeepStack|TCC_AI
STATE:819:cr300c/r1100c:Kh|Ah/Ks:1100|-1100:TCC_AI|DeepStack
STATE:820:cc/cr300r1200f:Ks|Qs/Kh:300|-300:DeepStack|TCC_AI
STATE:821:cr300c/cc:Kh|Ah/Qs:-300|300:TCC_AI|DeepStack
STATE:822:r1200f:As|Qs:100|-100:DeepStack|TCC_AI
STATE:823:cc/r400f:Ks|Kh/As:100|-100:TCC_AI|DeepStack
STATE:824:cr300f:Kh|Ks:-100|100:DeepStack|TCC_AI
STATE:825:cr300f:Kh|Ah:-100|100:TCC_AI|DeepStack
STATE:826:cc/cc:Qh|Kh/Qs:100|-100:DeepStack|TCC_AI
STATE:827:cc/cc:Kh|Ks/Qs:0|0:TCC_AI|DeepStack
STATE:828:cr300f:Qs|As:-100|100:DeepStack|TCC_AI
STATE:829:cc/cr300f:Qs|Kh/Ks:-100|100:TCC_AI|DeepStack
STATE:830:cc/cc:Qs|Ks/Ah:-100|100:DeepStack|TCC_AI
STATE:831:cr300r800r1200c/:Ah|As/Qs:0|0:TCC_AI|DeepStack
STATE:832:r1200f:As|Qs:100|-100:DeepStack|TCC_AI
STATE:833:cc/cc:As|Ks/Qh:100|-100:TCC_AI|DeepStack
STATE:834:cr300c/cr400f:Kh|As/Qh:-300|300:DeepStack|TCC_AI
STATE:835:cc/cr300f:Qh|Ks/Kh:-100|100:TCC_AI|DeepStack
STATE:836:r1200f:As|Qh:100|-100:DeepStack|TCC_AI
STATE:837:r600r1200c/:As|Ah/Qh:0|0:TCC_AI|DeepStack
STATE:838:r1200f:Ah|Ks:100|-100:DeepStack|TCC_AI
STATE:839:cc/r700c:Ah|Kh/As:700|-700:TCC_AI|DeepStack
STATE:840:cr600f:Ks|As:-100|100:DeepStack|TCC_AI
STATE:841:cc/cc:Ah|As/Ks:0|0:TCC_AI|DeepStack
STATE:842:cc/cc:Kh|As/Ks:100|-100:DeepStack|TCC_AI
STATE:843:cc/r300c:As|Ks/Ah:300|-300:TCC_AI|DeepStack
STATE:844:cc/cc:Qs|Kh/As:-100|100:DeepStack|TCC_AI
STATE:845:r800f:Ah|Qh:100|-100:TCC_AI|DeepStack
STATE:846:cc/r1200f:Ks|Qh/Ah:100|-100:DeepStack|TCC_AI
STATE:847:cc/cc:Qh|Kh/Ah:-100|100:TCC_AI|DeepStack
STATE:848:cr300r1200c/:Ah|As/Kh:0|0:DeepStack|TCC_AI
STATE:849:cc/cc:Kh|Ks/Qh:0|0:TCC_AI|DeepStack
STATE:850:cr300c/cr1100f:Qh|Ks/Kh:-300|300:DeepStack|TCC_AI
STATE:851:cr300r1100r1200c/:As|Ah/Qs:0|0:TCC_AI|DeepStack
STATE:852:cr600f:Kh|As:-100|100:DeepStack|TCC_AI
STATE:853:cr300f:Kh|As:-100|100:TCC_AI|DeepStack
STATE:854:cc/cc:Kh|As/Qh:-100|100:DeepStack|TCC_AI
STATE:855:r600r1200c/:Ah|As/Ks:0|0:TCC_AI|DeepStack
STATE:856:cr300f:Ks|Kh:-100|100:DeepStack|TCC_AI
STATE:857:cr300r900f:Ah|Qh:300|-300:TCC_AI|DeepStack
STATE:858:cc/cc:Kh|Ks/As:0|0:DeepStack|TCC_AI
STATE:859:cr300r800f:As|Kh:300|-300:TCC_AI|DeepStack
STATE:860:r1200f:Ah|Ks:100|-100:DeepStack|TCC_AI
STATE:861:r300f:Ah|Qs:100|-100:TCC_AI|DeepStack
STATE:862:cr300f:Qh|As:-100|100:DeepStack|TCC_AI
STATE:863:cr300f:Qh|As:-100|100:TCC_AI|DeepStack
STATE:864:cc/r300f:As|Ks/Ah:100|-100:DeepStack|TCC_AI
STATE:865:cc/cc:Qh|As/Ks:-100|100:TCC_AI|DeepStack
STATE:866:cr300c/cc:Qh|Ah/Ks:-300|300:DeepStack|TCC_AI
STATE:867:cc/cr300f:Ks|Qs/Qh:-100|100:TCC_AI|DeepStack
STATE:868:cc/cr600c:Ks|Kh/Ah:0|0:DeepStack|TCC_AI
STATE:869:cc/cc:Kh|Qs/Ks:100|-100:TCC_AI|DeepStack
STATE:870:cc/cr300f:As|Qh/Ks:-100|100:DeepStack|TCC_AI
STATE:871:cc/cc:Ks|Qs/As:100|-100:TCC_AI|DeepStack
STATE:872:cr300f:Qh|Ah:-100|100:DeepStack|TCC_AI
STATE:873:cr300r800r1200c/:Ah|As/Qh:0|0:TCC_AI|DeepStack
STATE:874:cr300c/cr400c:Kh|Ah/Qs:-400|400:DeepStack|TCC_AI
STATE:875:r800f:Ah|Qh:100|-100:TCC_AI|DeepStack
STATE:876:cc/cc:Ah|Ks/Qh:100|-100:DeepStack|TCC_AI
STATE:877:cc/cc:Ah|As/Qs:0|0:TCC_AI|DeepStack
STATE:878:r1200f:Ah|Qs:100|-100:DeepStack|TCC_AI
STATE:879:cc/cc:Ks|Qs/Kh:100|-100:TCC_AI|DeepStack
STATE:880:r300c/r1200f:Ah|Ks/As:300|-300:DeepStack|TCC_AI
STATE:881:cc/cc:Qh|Kh/As:-100|100:TCC_AI|DeepStack
STATE:882:cr300f:Ks|As:-100|100:DeepStack|TCC_AI
STATE:883:r800f:As|Qs:100|-100:TCC_AI|DeepStack
STATE:884:cr300f:Kh|Ah:-100|100:DeepStack|TCC_AI
STATE:885:r800f:Ah|Kh:100|-100:TCC_AI|DeepStack
STATE:886:cr300f:Ks|As:-100|100:DeepStack|TCC_AI
STATE:887:cc/cr300r900f:Qh|Ks/Qs:300|-300:TCC_AI|DeepStack
STATE:888:r300c/r1200f:Ah|Qh/As:300|-300:DeepStack|TCC_AI
STATE:889:cc/cr300r500f:Qh|Ks/Qs:300|-300:TCC_AI|DeepStack
STATE:890:cc/cr300f:Qh|Ks/Kh:-100|100:DeepStack|TCC_AI
STATE:891:r800f:As|Ks:100|-100:TCC_AI|DeepStack
STATE:892:cc/cr200f:Kh|Ks/Qh:-100|100:DeepStack|TCC_AI
STATE:893:cr300f:Kh|Ah:-100|100:TCC_AI|DeepStack
STATE:894:r1200f:Ah|Qs:100|-100:DeepStack|TCC_AI
STATE:895:cc/cc:Ks|Kh/Qs:0|0:TCC_AI|DeepStack
STATE:896:cc/r300c:Kh|Ks/As:0|0:DeepStack|TCC_AI
STATE:897:cr300c/cc:Ks|Ah/Qs:-300|300:TCC_AI|DeepStack
STATE:898:r1200f:As|Qs:100|-100:DeepStack|TCC_AI
STATE:899:cc/cc:Ks|Kh/Ah:0|0:TCC_AI|DeepStack
STATE:900:cr300f:Ks|As:-100|100:DeepStack|TCC_AI
STATE:901:cc/cr300f:Kh|Ks/Qs:-100|100:TCC_AI|DeepStack
STATE:902:cr300f:Qs|Ah:-100|100:DeepStack|TCC_AI
STATE:903:r600f:Ah|Qh:100|-100:TCC_AI|DeepStack
STATE:904:cc/cc:Qs|Ks/Qh:100|-100:DeepStack|TCC_AI
STATE:905:cr300r1200f:As|Ks:300|-300:TCC_AI|DeepStack
STATE:906:cc/cc:Qh|Qs/Kh:0|0:DeepStack|TCC_AI
STATE:907:cr300f:Ks|Qs:-100|100:TCC_AI|DeepStack
STATE:908:cr300f:Ks|Qs:-100|100:DeepStack|TCC_AI
STATE:909:r300c/r600r1200c:As|Ks/Ah:1200|-1200:TCC_AI|DeepStack
STATE:910:cc/cc:Kh|Ks/Qh:0|0:DeepStack|TCC_AI
STATE:911:cc/cc:Ks|Kh/Qh:0|0:TCC_AI|DeepStack
STATE:912:r1200f:Ah|Kh:100|-100:DeepStack|TCC_AI
STATE:913:cr1200f:Kh|As:-100|100:TCC_AI|DeepStack
STATE:914:cc/r300c:Ks|Kh/As:0|0:DeepStack|TCC_AI
STATE:915:r400c/r500c:As|Ah/Kh:0|0:TCC_AI|DeepStack
STATE:916:cr300f:Ks|Ah:-100|100:DeepStack|TCC_AI
STATE:917:cc/r200f:Kh|Qh/Ah:100|-100:TCC_AI|DeepStack
STATE:918:cc/cc:Ks|Qs/As:100|-100:DeepStack|TCC_AI
STATE:919:cr300c/cr1200f:Qs|Ah/As:-300|300:TCC_AI|DeepStack
STATE:920:cr300f:Qh|As:-100|100:DeepStack|TCC_AI
STATE:921:cc/cc:Kh|Qs/Ah:100|-100:TCC_AI|DeepStack
STATE:922:cr300f:Kh|As:-100|100:DeepStack|TCC_AI
STATE:923:cc/cc:Qh|Qs/Kh:0|0:TCC_AI|DeepStack
STATE:924:cr300f:Ks|Qh:-100|100:DeepStack|TCC_AI
STATE:925:r200r1200f:Kh|Ah:-200|200:TCC_AI|DeepStack
STATE:926:cr1200f:Kh|As:-100|100:DeepStack|TCC_AI
STATE:927:cc/cc:As|Qh/Kh:100|-100:TCC_AI|DeepStack
STATE:928:cr300c/cc:Ah|As/Qh:0|0:DeepStack|TCC_AI
STATE:929:cc/cr300f:As|Qs/Qh:-100|100:TCC_AI|DeepStack
STATE:930:cc/cc:Qs|Kh/Qh:100|-100:DeepStack|TCC_AI
STATE:931:cr300f:Qs|As:-100|100:TCC_AI|DeepStack
STATE:932:cr300r1200c/:Ah|As/Kh:0|0:DeepStack|TCC_AI
STATE:933:cr300r1000c/r1200c:As|Ah/Qs:0|0:TCC_AI|DeepStack
STATE:934:cc/cc:Kh|Ah/Qs:-100|100:DeepStack|TCC_AI
STATE:935:cr300c/r1200f:Qs|Ah/Ks:300|-300:TCC_AI|DeepStack
STATE:936:cc/cr300f:As|Qh/Kh:-100|100:DeepStack|TCC_AI
STATE:937:cr1200f:Qs|As:-100|100:TCC_AI|DeepStack
STATE:938:cc/cc:Kh|Ks/Qh:0|0:DeepStack|TCC_AI
STATE:939:cc/cr300f:Kh|Qs/Qh:-100|100:TCC_AI|DeepStack
STATE:940:cc/cc:Qh|Ks/Qs:100|-100:DeepStack|TCC_AI
STATE:941:cr300f:Qs|Ah:-100|100:TCC_AI|DeepStack
STATE:942:cc/cc:Qh|Ah/Ks:-100|100:DeepStack|TCC_AI
STATE:943:cc/cc:Qs|Qh/Ah:0|0:TCC_AI|DeepStack
STATE:944:cc/r300f:Ks|Qs/Ah:100|-100:DeepStack|TCC_AI
STATE:945:cr1200f:Kh|As:-100|100:TCC_AI|DeepStack
STATE:946:cc/cr200f:Qs|Kh/Ks:-100|100:DeepStack|TCC_AI
STATE:947:cr1200f:Qh|As:-100|100:TCC_AI|DeepStack
STATE:948:cc/cc:Qs|Kh/As:-100|100:DeepStack|TCC_AI
STATE:949:r800f:Ah|Qs:100|-100:TCC_AI|DeepStack
STATE:950:cc/cr300f:Kh|Qs/Qh:-100|100:DeepStack|TCC_AI
STATE:951:cr300r800f:As|Qh:300|-300:TCC_AI|DeepStack
STATE:952:cc/r300f:Ks|Qs/As:100|-100:DeepStack|TCC_AI
STATE:953:r600r1200c/:As|Ah/Ks:0|0:TCC_AI|DeepStack
STATE:954:cc/cc:As|Qs/Ks:100|-100:DeepStack|TCC_AI
STATE:955:cr300c/cr1200f:Qs|Qh/Ah:-300|300:TCC_AI|DeepStack
STATE:956:cc/cc:Kh|Qh/Ks:100|-100:DeepStack|TCC_AI
STATE:957:cc/cr300f:Kh|Ks/Qh:-100|100:TCC_AI|DeepStack
STATE:958:cc/cr200r1200f:Qs|Ks/Qh:200|-200:DeepStack|TCC_AI
STATE:959:cr300r800c/r1000c:As|Ah/Qs:0|0:TCC_AI|DeepStack
STATE:960:cc/cr200f:Qs|Kh/Ks:-100|100:DeepStack|TCC_AI
STATE:961:cr300f:Qh|Ah:-100|100:TCC_AI|DeepStack
STATE:962:cr300f:Qs|Ah:-100|100:DeepStack|TCC_AI
STATE:963:cr300c/cr1200c:As|Qs/Ah:1200|-1200:TCC_AI|DeepStack
STATE:964:cc/cc:Qs|Kh/As:-100|100:DeepStack|TCC_AI
STATE:965:cc/cc:Qh|Kh/As:-100|100:TCC_AI|DeepStack
STATE:966:cc/cc:Kh|As/Qh:-100|100:DeepStack|TCC_AI
STATE:967:r300f:Ks|Qh:100|-100:TCC_AI|DeepStack
STATE:968:cc/cr300f:Qs|Kh/Ks:-100|100:DeepStack|TCC_AI
STATE:969:cc/cr300f:Qh|Ks/Kh:-100|100:TCC_AI|DeepStack
STATE:970:cc/cc:Ah|Qs/Ks:100|-100:DeepStack|TCC_AI
STATE:971:cr300f:Kh|Ks:-100|100:TCC_AI|DeepStack
STATE:972:cr200c/cc:Ah|As/Kh:0|0:DeepStack|TCC_AI
STATE:973:cr300f:Kh|As:-100|100:TCC_AI|DeepStack
STATE:974:cr300f:Ks|Kh:-100|100:DeepStack|TCC_AI
STATE:975:cc/cc:As|Qh/Kh:100|-100:TCC_AI|DeepStack
STATE:976:cr300f:Kh|Qs:-100|100:DeepStack|TCC_AI
STATE:977:cr300f:Ks|Ah:-100|100:TCC_AI|DeepStack
STATE:978:cr300f:Qs|Qh:-100|100:DeepStack|TCC_AI
STATE:979:r600r1200c/:As|Ah/Kh:0|0:TCC_AI|DeepStack
STATE:980:cr300f:Qh|Qs:-100|100:DeepStack|TCC_AI
STATE:981:r600f:Ah|Qs:100|-100:TCC_AI|DeepStack
STATE:982:cc/cc:Qs|Qh/Ks:0|0:DeepStack|TCC_AI
STATE:983:r800f:As|Qs:100|-100:TCC_AI|DeepStack
STATE:984:cr300f:Ks|As:-100|100:DeepStack|TCC_AI
STATE:985:cr300f:Qs|As:-100|100:TCC_AI|DeepStack
STATE:986:r1200f:Ah|Qs:100|-100:DeepStack|TCC_AI
STATE:987:cr300f:Ks|Qh:-100|100:TCC_AI|DeepStack
STATE:988:cc/r1200f:Ah|Qs/As:100|-100:DeepStack|TCC_AI
STATE:989:cc/cr300f:Ah|Kh/Qh:-100|100:TCC_AI|DeepStack
STATE:990:cr300f:Ks|Ah:-100|100:DeepStack|TCC_AI
STATE:991:cc/r600f:Kh|Ks/As:100|-100:TCC_AI|DeepStack
STATE:992:cc/cr700f:Kh|As/Ah:-100|100:DeepStack|TCC_AI
STATE:993:cc/cr300f:Kh|Qh/Qs:-100|100:TCC_AI|DeepStack
STATE:994:cr300c/r1200f:Qh|As/Qs:300|-300:DeepStack|TCC_AI
STATE:995:cr1200f:Qh|Ah:-100|100:TCC_AI|DeepStack
STATE:996:cr300f:Kh|As:-100|100:DeepStack|TCC_AI
STATE:997:cc/cr300f:Ks|Qh/Qs:-100|100:TCC_AI|DeepStack
STATE:998:cc/cc:Qs|Kh/Qh:100|-100:DeepStack|TCC_AI
STATE:999:cc/cr300f:Ks|Qs/Qh:-100|100:TCC_AI|DeepStack
SCORE:-15300|15300:DeepStack|TCC_AI
