# name/game/hands/seed c6_cfr20kk_1kgames leduc.game 1000 66
#--t_response 600000
#--t_hand 600000
#--t_per_hand 7000
STATE:0:cr300f:Ks|Ah:-100|100:DeepStack|TCC_AI
STATE:1:cr300f:Kh|Ks:-100|100:TCC_AI|DeepStack
STATE:2:cr300f:Kh|As:-100|100:DeepStack|TCC_AI
STATE:3:cr1200f:Kh|Ah:-100|100:TCC_AI|DeepStack
STATE:4:cr300r1200c/:Ah|As/Kh:0|0:DeepStack|TCC_AI
STATE:5:cc/cr300f:Kh|Qh/Qs:-100|100:TCC_AI|DeepStack
STATE:6:cc/cc:Kh|Qs/Ks:100|-100:DeepStack|TCC_AI
STATE:7:cr300f:Qs|As:-100|100:TCC_AI|DeepStack
STATE:8:cc/r300f:Ah|Kh/As:100|-100:DeepStack|TCC_AI
STATE:9:cc/cc:Qh|As/Ks:-100|100:TCC_AI|DeepStack
STATE:10:cc/cc:Qs|Kh/Qh:100|-100:DeepStack|TCC_AI
STATE:11:r800r1200c/:Ah|As/Kh:0|0:TCC_AI|DeepStack
STATE:12:cc/cc:Ks|Qh/Kh:100|-100:DeepStack|TCC_AI
STATE:13:r300c/r1000c:Qh|Ks/As:-1000|1000:TCC_AI|DeepStack
STATE:14:cc/cc:Qh|Ah/Qs:100|-100:DeepStack|TCC_AI
STATE:15:cr300f:Ks|Ah:-100|100:TCC_AI|DeepStack
STATE:16:r1200f:As|Ks:100|-100:DeepStack|TCC_AI
STATE:17:cc/r600f:Ah|Qh/As:100|-100:TCC_AI|DeepStack
STATE:18:cc/cc:Qh|Ks/Ah:-100|100:DeepStack|TCC_AI
STATE:19:r600r1200c/:As|Ah/Qh:0|0:TCC_AI|DeepStack
STATE:20:r1200f:Ah|Qh:100|-100:DeepStack|TCC_AI
STATE:21:cr300f:Kh|Ah:-100|100:TCC_AI|DeepStack
STATE:22:cc/cc:Qh|Ks/Ah:-100|100:DeepStack|TCC_AI
STATE:23:cc/cc:Ks|Qs/Kh:100|-100:TCC_AI|DeepStack
STATE:24:cc/cc:Qh|Ks/As:-100|100:DeepStack|TCC_AI
STATE:25:cc/r300f:Ks|Qs/As:100|-100:TCC_AI|DeepStack
STATE:26:cr500r1200c/:As|Ah/Kh:0|0:DeepStack|TCC_AI
STATE:27:cc/cr300f:As|Kh/Ks:-100|100:TCC_AI|DeepStack
STATE:28:cr300c/cr1100f:Qh|As/Ah:-300|300:DeepStack|TCC_AI
STATE:29:cr300f:Kh|Ah:-100|100:TCC_AI|DeepStack
STATE:30:r1200f:Ah|Qs:100|-100:DeepStack|TCC_AI
STATE:31:cr300f:Qs|Ks:-100|100:TCC_AI|DeepStack
STATE:32:cr300c/cr1100f:Ks|Ah/As:-300|300:DeepStack|TCC_AI
STATE:33:cr300f:Ks|As:-100|100:TCC_AI|DeepStack
STATE:34:cr300f:Qh|As:-100|100:DeepStack|TCC_AI
STATE:35:cc/r500f:Ah|Qs/As:100|-100:TCC_AI|DeepStack
STATE:36:cc/cr200c:As|Qs/Ks:200|-200:DeepStack|TCC_AI
STATE:37:cc/r500r1200f:Qh|Qs/As:-500|500:TCC_AI|DeepStack
STATE:38:cr300f:Qh|Ah:-100|100:DeepStack|TCC_AI
STATE:39:cc/cc:Ks|Qh/As:100|-100:TCC_AI|DeepStack
STATE:40:cc/cc:As|Qh/Kh:100|-100:DeepStack|TCC_AI
STATE:41:cr300r800f:Ah|Qh:300|-300:TCC_AI|DeepStack
STATE:42:cr400f:Qh|Ah:-100|100:DeepStack|TCC_AI
STATE:43:cc/cc:Ah|Ks/Qs:100|-100:TCC_AI|DeepStack
STATE:44:cc/cc:Qs|Kh/As:-100|100:DeepStack|TCC_AI
STATE:45:r600f:As|Qs:100|-100:TCC_AI|DeepStack
STATE:46:cr300f:Qh|As:-100|100:DeepStack|TCC_AI
STATE:47:cr300f:Qs|Ah:-100|100:TCC_AI|DeepStack
STATE:48:cc/r300f:Kh|Qs/As:100|-100:DeepStack|TCC_AI
STATE:49:cc/r500f:As|Ks/Ah:100|-100:TCC_AI|DeepStack
STATE:50:cc/r1200f:Qh|Qs/Ah:100|-100:DeepStack|TCC_AI
STATE:51:r300c/cc:Ks|Ah/Kh:300|-300:TCC_AI|DeepStack
STATE:52:cr400f:Qs|Ah:-100|100:DeepStack|TCC_AI
STATE:53:cr300c/cr1200f:Qs|Qh/Ah:-300|300:TCC_AI|DeepStack
STATE:54:cr300f:Qh|Ah:-100|100:DeepStack|TCC_AI
STATE:55:cr1200f:Kh|Ah:-100|100:TCC_AI|DeepStack
STATE:56:r1200f:Ah|Qs:100|-100:DeepStack|TCC_AI
STATE:57:cr300f:Qh|As:-100|100:TCC_AI|DeepStack
STATE:58:cr300r1200c/:As|Ah/Ks:0|0:DeepStack|TCC_AI
STATE:59:cc/cc:Qh|Ks/Ah:-100|100:TCC_AI|DeepStack
STATE:60:cc/cr200f:Qs|Kh/Ks:-100|100:DeepStack|TCC_AI
STATE:61:cc/cc:Ah|Kh/Qs:100|-100:TCC_AI|DeepStack
STATE:62:cc/r1200f:As|Qs/Ah:100|-100:DeepStack|TCC_AI
STATE:63:cr300f:Qs|As:-100|100:TCC_AI|DeepStack
STATE:64:cc/cc:Ah|Qs/Kh:100|-100:DeepStack|TCC_AI
STATE:65:cr300r800c/r1000f:Ah|Ks/Qs:800|-800:TCC_AI|DeepStack
STATE:66:cc/cr200f:Kh|Qs/Qh:-100|100:DeepStack|TCC_AI
STATE:67:cc/cc:Ah|As/Qh:0|0:TCC_AI|DeepStack
STATE:68:r1200f:As|Qs:100|-100:DeepStack|TCC_AI
STATE:69:cc/cc:Kh|Ks/Ah:0|0:TCC_AI|DeepStack
STATE:70:r1200f:As|Ks:100|-100:DeepStack|TCC_AI
STATE:71:cr300c/r1200f:Qh|Ah/Qs:300|-300:TCC_AI|DeepStack
STATE:72:cc/cc:Kh|Ah/Qh:-100|100:DeepStack|TCC_AI
STATE:73:cc/cc:Qs|Ah/Ks:-100|100:TCC_AI|DeepStack
STATE:74:r1200f:Ah|Qh:100|-100:DeepStack|TCC_AI
STATE:75:cr300f:Kh|As:-100|100:TCC_AI|DeepStack
STATE:76:r1200f:Ah|Qh:100|-100:DeepStack|TCC_AI
STATE:77:cc/cr300f:Ks|Qh/Qs:-100|100:TCC_AI|DeepStack
STATE:78:cr300r1200c/:Ah|As/Ks:0|0:DeepStack|TCC_AI
STATE:79:cr300f:Kh|As:-100|100:TCC_AI|DeepStack
STATE:80:cc/cc:Ks|Qh/Kh:100|-100:DeepStack|TCC_AI
STATE:81:cc/r700f:Qh|Kh/Ah:100|-100:TCC_AI|DeepStack
STATE:82:cr300f:Qh|Ah:-100|100:DeepStack|TCC_AI
STATE:83:cc/cc:Ah|Kh/Qs:100|-100:TCC_AI|DeepStack
STATE:84:cc/cc:Qs|Qh/Ks:0|0:DeepStack|TCC_AI
STATE:85:cc/r300f:Ah|Qh/As:100|-100:TCC_AI|DeepStack
STATE:86:cc/cc:Kh|Ks/Qs:0|0:DeepStack|TCC_AI
STATE:87:cr300r800f:Ah|Qh:300|-300:TCC_AI|DeepStack
STATE:88:cc/cr300f:Qs|Kh/Ks:-100|100:DeepStack|TCC_AI
STATE:89:r300c/cr900c:As|Ks/Kh:-900|900:TCC_AI|DeepStack
STATE:90:cc/cr200f:Qh|Ks/Kh:-100|100:DeepStack|TCC_AI
STATE:91:cc/cc:Qh|Ks/Ah:-100|100:TCC_AI|DeepStack
STATE:92:cc/cr200f:As|Ks/Kh:-100|100:DeepStack|TCC_AI
STATE:93:cc/r300f:Ks|Qh/As:100|-100:TCC_AI|DeepStack
STATE:94:cr300r1200c/:Ah|As/Ks:0|0:DeepStack|TCC_AI
STATE:95:cr300c/cc:Qs|Ah/Kh:-300|300:TCC_AI|DeepStack
STATE:96:cr300f:Qs|Kh:-100|100:DeepStack|TCC_AI
STATE:97:cc/cr300f:Ah|Kh/Qh:-100|100:TCC_AI|DeepStack
STATE:98:cr300f:Kh|As:-100|100:DeepStack|TCC_AI
STATE:99:cc/r500f:Kh|Qh/As:100|-100:TCC_AI|DeepStack
STATE:100:cc/r300f:Ah|Qh/As:100|-100:DeepStack|TCC_AI
STATE:101:cc/cc:Kh|Qs/Ks:100|-100:TCC_AI|DeepStack
STATE:102:cc/cc:Qs|Ks/Qh:100|-100:DeepStack|TCC_AI
STATE:103:cr300r1000f:Ah|Ks:300|-300:TCC_AI|DeepStack
STATE:104:cc/cc:Ah|Ks/Qh:100|-100:DeepStack|TCC_AI
STATE:105:cr300r800c/r1000c:As|Ah/Qh:0|0:TCC_AI|DeepStack
STATE:106:cr300f:Kh|Ks:-100|100:DeepStack|TCC_AI
STATE:107:cc/cc:Ks|Qs/Kh:100|-100:TCC_AI|DeepStack
STATE:108:cc/cr200f:Ks|Kh/Qs:-100|100:DeepStack|TCC_AI
STATE:109:cc/cr300f:Qs|Qh/Ks:-100|100:TCC_AI|DeepStack
STATE:110:cr300c/cr1000c:Ah|Qh/Qs:-1000|1000:DeepStack|TCC_AI
STATE:111:cc/cc:Ks|Ah/Kh:100|-100:TCC_AI|DeepStack
STATE:112:cc/cr800f:Qh|As/Ah:-100|100:DeepStack|TCC_AI
STATE:113:cc/cr300f:Qs|Kh/Ks:-100|100:TCC_AI|DeepStack
STATE:114:r1200f:Ah|Qh:100|-100:DeepStack|TCC_AI
STATE:115:cc/cc:Qs|Kh/Ah:-100|100:TCC_AI|DeepStack
STATE:116:cc/cr200f:Qh|Qs/Kh:-100|100:DeepStack|TCC_AI
STATE:117:cc/cc:Qs|Kh/As:-100|100:TCC_AI|DeepStack
STATE:118:cc/cr200c:As|Qs/Ks:200|-200:DeepStack|TCC_AI
STATE:119:cc/cc:Qh|Qs/Ah:0|0:TCC_AI|DeepStack
STATE:120:cr200c/cc:Qh|Kh/As:-200|200:DeepStack|TCC_AI
STATE:121:r300c/r400r1200c:As|Qs/Kh:1200|-1200:TCC_AI|DeepStack
STATE:122:cc/cr1200f:Kh|Qh/As:-100|100:DeepStack|TCC_AI
STATE:123:cc/cr300r900f:Qs|Ks/Qh:300|-300:TCC_AI|DeepStack
STATE:124:cr800f:Qh|As:-100|100:DeepStack|TCC_AI
STATE:125:cc/cr300f:Qh|Ks/Kh:-100|100:TCC_AI|DeepStack
STATE:126:r1200f:As|Kh:100|-100:DeepStack|TCC_AI
STATE:127:cr300f:Qh|As:-100|100:TCC_AI|DeepStack
STATE:128:r300f:Ah|Ks:100|-100:DeepStack|TCC_AI
STATE:129:cc/cr300f:Ah|Ks/Qs:-100|100:TCC_AI|DeepStack
STATE:130:cr300c/r1200f:Kh|As/Ks:300|-300:DeepStack|TCC_AI
STATE:131:cc/cr1200f:Kh|Ah/As:-100|100:TCC_AI|DeepStack
STATE:132:r1200f:Ah|Ks:100|-100:DeepStack|TCC_AI
STATE:133:cc/r700c:Ah|Kh/As:700|-700:TCC_AI|DeepStack
STATE:134:r1200f:As|Kh:100|-100:DeepStack|TCC_AI
STATE:135:cc/cc:Kh|Qs/As:100|-100:TCC_AI|DeepStack
STATE:136:cr300r1200f:Ah|Kh:300|-300:DeepStack|TCC_AI
STATE:137:cr300f:Kh|As:-100|100:TCC_AI|DeepStack
STATE:138:cc/cc:Kh|Qs/Ks:100|-100:DeepStack|TCC_AI
STATE:139:cr300f:Qs|As:-100|100:TCC_AI|DeepStack
STATE:140:cc/cc:Ah|Ks/Qs:100|-100:DeepStack|TCC_AI
STATE:141:cc/cc:Qs|Qh/Kh:0|0:TCC_AI|DeepStack
STATE:142:r1200f:As|Ks:100|-100:DeepStack|TCC_AI
STATE:143:r500c/r700f:Ah|Qh/Kh:500|-500:TCC_AI|DeepStack
STATE:144:cc/cc:Qh|Qs/As:0|0:DeepStack|TCC_AI
STATE:145:r500f:Ks|Qh:100|-100:TCC_AI|DeepStack
STATE:146:cr300c/r1200f:Qs|Ks/Qh:300|-300:DeepStack|TCC_AI
STATE:147:cc/cr300c:As|Qh/Qs:-300|300:TCC_AI|DeepStack
STATE:148:cc/cc:Ks|Kh/Qs:0|0:DeepStack|TCC_AI
STATE:149:cr300c/cc:Kh|As/Qs:-300|300:TCC_AI|DeepStack
STATE:150:r1200f:As|Qh:100|-100:DeepStack|TCC_AI
STATE:151:cc/cc:Qs|Ks/Qh:100|-100:TCC_AI|DeepStack
STATE:152:cc/r300c:Ks|Kh/Ah:0|0:DeepStack|TCC_AI
STATE:153:cr300f:Kh|As:-100|100:TCC_AI|DeepStack
STATE:154:r1200f:Ah|Ks:100|-100:DeepStack|TCC_AI
STATE:155:cr300f:Qh|As:-100|100:TCC_AI|DeepStack
STATE:156:cc/r300c:Kh|Ks/Ah:0|0:DeepStack|TCC_AI
STATE:157:cc/cc:Ks|Qs/Kh:100|-100:TCC_AI|DeepStack
STATE:158:cc/cc:Qh|Kh/Qs:100|-100:DeepStack|TCC_AI
STATE:159:cc/cc:Kh|Qh/Ks:100|-100:TCC_AI|DeepStack
STATE:160:r1200c/:As|Ah/Kh:0|0:DeepStack|TCC_AI
STATE:161:cc/r1000f:As|Kh/Ah:100|-100:TCC_AI|DeepStack
STATE:162:cr300c/r1200c:Qh|As/Kh:-1200|1200:DeepStack|TCC_AI
STATE:163:r500r1200c/:As|Ah/Kh:0|0:TCC_AI|DeepStack
STATE:164:r1200c/:Ah|As/Ks:0|0:DeepStack|TCC_AI
STATE:165:cc/cr300f:Kh|Qh/Qs:-100|100:TCC_AI|DeepStack
STATE:166:r1200f:As|Kh:100|-100:DeepStack|TCC_AI
STATE:167:cr300f:Ks|Qs:-100|100:TCC_AI|DeepStack
STATE:168:cc/cc:Ah|Qh/Ks:100|-100:DeepStack|TCC_AI
STATE:169:cr300f:Qh|Ks:-100|100:TCC_AI|DeepStack
STATE:170:cc/cr200c:Ah|Qs/Qh:-200|200:DeepStack|TCC_AI
STATE:171:r800f:As|Qs:100|-100:TCC_AI|DeepStack
STATE:172:cr300f:Kh|Ah:-100|100:DeepStack|TCC_AI
STATE:173:cr300c/cr900c:Ah|Ks/Qs:900|-900:TCC_AI|DeepStack
STATE:174:cc/r1200f:Qs|Qh/Ah:100|-100:DeepStack|TCC_AI
STATE:175:cc/r300c:Kh|Ks/As:0|0:TCC_AI|DeepStack
STATE:176:cc/r300c:Ks|Kh/As:0|0:DeepStack|TCC_AI
STATE:177:cc/r500f:Ks|Qs/As:100|-100:TCC_AI|DeepStack
STATE:178:cc/cr200f:Ks|Qs/Qh:-100|100:DeepStack|TCC_AI
STATE:179:cr300f:Ks|As:-100|100:TCC_AI|DeepStack
STATE:180:cr300f:Qh|Ah:-100|100:DeepStack|TCC_AI
STATE:181:cc/cc:Qh|Kh/As:-100|100:TCC_AI|DeepStack
STATE:182:r1200f:Ah|Qh:100|-100:DeepStack|TCC_AI
STATE:183:r800c/r900c:As|Ah/Ks:0|0:TCC_AI|DeepStack
STATE:184:cr300c/cr1200f:Qs|Qh/Ah:-300|300:DeepStack|TCC_AI
STATE:185:cc/cc:Qh|Qs/Kh:0|0:TCC_AI|DeepStack
STATE:186:cr300f:Ks|Ah:-100|100:DeepStack|TCC_AI
STATE:187:cc/cc:Qs|Ks/Qh:100|-100:TCC_AI|DeepStack
STATE:188:r1200f:Ah|Qh:100|-100:DeepStack|TCC_AI
STATE:189:cr300f:Qs|Ah:-100|100:TCC_AI|DeepStack
STATE:190:cr300f:Kh|As:-100|100:DeepStack|TCC_AI
STATE:191:r600f:Ah|Qh:100|-100:TCC_AI|DeepStack
STATE:192:cr300c/cr1200f:Kh|Ah/As:-300|300:DeepStack|TCC_AI
STATE:193:cc/cc:Ks|Kh/Qh:0|0:TCC_AI|DeepStack
STATE:194:cc/r300f:Ah|Qs/As:100|-100:DeepStack|TCC_AI
STATE:195:cc/cc:Ah|Qh/Ks:100|-100:TCC_AI|DeepStack
STATE:196:cr300f:Qh|Ks:-100|100:DeepStack|TCC_AI
STATE:197:cc/cr300f:Qs|Kh/Ks:-100|100:TCC_AI|DeepStack
STATE:198:cc/cc:Qs|Kh/Qh:100|-100:DeepStack|TCC_AI
STATE:199:r800f:As|Qh:100|-100:TCC_AI|DeepStack
STATE:200:cc/cc:Qh|Kh/As:-100|100:DeepStack|TCC_AI
STATE:201:cc/r500f:Ks|Qs/Ah:100|-100:TCC_AI|DeepStack
STATE:202:cc/cr300f:Ks|Qs/Qh:-100|100:DeepStack|TCC_AI
STATE:203:cr300f:Ks|Ah:-100|100:TCC_AI|DeepStack
STATE:204:cc/cc:Qs|Ks/As:-100|100:DeepStack|TCC_AI
STATE:205:cc/cr300f:Ks|Qs/Qh:-100|100:TCC_AI|DeepStack
STATE:206:cc/cr200f:Kh|Qh/Qs:-100|100:DeepStack|TCC_AI
STATE:207:cc/cc:Kh|Qh/Ah:100|-100:TCC_AI|DeepStack
STATE:208:cc/cc:Qh|Kh/Ah:-100|100:DeepStack|TCC_AI
STATE:209:cr300f:Ks|Ah:-100|100:TCC_AI|DeepStack
STATE:210:cc/cc:As|Kh/Qs:100|-100:DeepStack|TCC_AI
STATE:211:cr300f:Qh|Kh:-100|100:TCC_AI|DeepStack
STATE:212:cc/cr200f:Qs|Qh/Kh:-100|100:DeepStack|TCC_AI
STATE:213:cr300f:Ks|Qs:-100|100:TCC_AI|DeepStack
STATE:214:cr300f:Ks|Qs:-100|100:DeepStack|TCC_AI
STATE:215:cr300f:Ks|Kh:-100|100:TCC_AI|DeepStack
STATE:216:cr500f:Qs|Ah:-100|100:DeepStack|TCC_AI
STATE:217:cc/cr300c:Ah|Qh/Ks:300|-300:TCC_AI|DeepStack
STATE:218:cc/r300f:As|Qs/Ah:100|-100:DeepStack|TCC_AI
STATE:219:cc/cc:Ks|Qh/Ah:100|-100:TCC_AI|DeepStack
STATE:220:cc/cc:Qs|Kh/Qh:100|-100:DeepStack|TCC_AI
STATE:221:cc/r300c:Qs|Ks/As:-300|300:TCC_AI|DeepStack
STATE:222:cr300r1200f:As|Ks:300|-300:DeepStack|TCC_AI
STATE:223:cc/r500f:Kh|Qs/Ah:100|-100:TCC_AI|DeepStack
STATE:224:r300f:Ah|Ks:100|-100:DeepStack|TCC_AI
STATE:225:cc/cc:Ah|Qh/Kh:100|-100:TCC_AI|DeepStack
STATE:226:cr300r1200c/:As|Ah/Qs:0|0:DeepStack|TCC_AI
STATE:227:cc/cc:As|Qs/Ks:100|-100:TCC_AI|DeepStack
STATE:228:cc/cr200f:Kh|Qh/Qs:-100|100:DeepStack|TCC_AI
STATE:229:cr300f:Kh|As:-100|100:TCC_AI|DeepStack
STATE:230:cc/cr200c:Ah|Qs/Qh:-200|200:DeepStack|TCC_AI
STATE:231:cc/cc:Ah|Ks/Qh:100|-100:TCC_AI|DeepStack
STATE:232:cc/cc:Qh|Ah/Kh:-100|100:DeepStack|TCC_AI
STATE:233:cr300f:Qh|As:-100|100:TCC_AI|DeepStack
STATE:234:r1200f:Ah|Qh:100|-100:DeepStack|TCC_AI
STATE:235:cr300r800r1200c/:As|Ah/Qs:0|0:TCC_AI|DeepStack
STATE:236:r1200f:As|Qh:100|-100:DeepStack|TCC_AI
STATE:237:cc/cc:Kh|Qs/Ks:100|-100:TCC_AI|DeepStack
STATE:238:cc/cc:Qs|Ks/As:-100|100:DeepStack|TCC_AI
STATE:239:cc/cc:Ks|Qh/Ah:100|-100:TCC_AI|DeepStack
STATE:240:cc/cr200f:Kh|Qh/Qs:-100|100:DeepStack|TCC_AI
STATE:241:cc/cr300f:Qh|Ks/Kh:-100|100:TCC_AI|DeepStack
STATE:242:cr300f:Qs|Qh:-100|100:DeepStack|TCC_AI
STATE:243:r800f:As|Kh:100|-100:TCC_AI|DeepStack
STATE:244:cr300f:Kh|Ah:-100|100:DeepStack|TCC_AI
STATE:245:cr300c/cc:Kh|Ah/Qs:-300|300:TCC_AI|DeepStack
STATE:246:cc/r300c:Ks|Kh/Ah:0|0:DeepStack|TCC_AI
STATE:247:cc/cc:Ks|Kh/As:0|0:TCC_AI|DeepStack
STATE:248:cc/cc:Qs|As/Kh:-100|100:DeepStack|TCC_AI
STATE:249:cc/cr300f:Qh|Qs/Kh:-100|100:TCC_AI|DeepStack
STATE:250:cr300f:Qh|As:-100|100:DeepStack|TCC_AI
STATE:251:cc/r500f:Ks|Kh/Ah:100|-100:TCC_AI|DeepStack
STATE:252:cr1200f:Qh|As:-100|100:DeepStack|TCC_AI
STATE:253:cc/cc:Qh|Ah/Ks:-100|100:TCC_AI|DeepStack
STATE:254:cc/cr300f:Kh|Qs/Qh:-100|100:DeepStack|TCC_AI
STATE:255:r200c/r300c:Kh|Qh/Ks:300|-300:TCC_AI|DeepStack
STATE:256:cr300f:Kh|As:-100|100:DeepStack|TCC_AI
STATE:257:cr300f:Qs|Ah:-100|100:TCC_AI|DeepStack
STATE:258:cc/cc:As|Ks/Qs:100|-100:DeepStack|TCC_AI
STATE:259:cc/cr1200c:Ks|Qh/Ah:1200|-1200:TCC_AI|DeepStack
STATE:260:cc/r300f:Ks|Qh/As:100|-100:DeepStack|TCC_AI
STATE:261:cr300c/cr1200f:Qh|Ks/Kh:-300|300:TCC_AI|DeepStack
STATE:262:cc/cc:Kh|Qh/As:100|-100:DeepStack|TCC_AI
STATE:263:cc/cc:Ah|Qh/Ks:100|-100:TCC_AI|DeepStack
STATE:264:cc/cc:Qs|Kh/As:-100|100:DeepStack|TCC_AI
STATE:265:r800f:As|Qs:100|-100:TCC_AI|DeepStack
STATE:266:r1200c/:Ah|As/Ks:0|0:DeepStack|TCC_AI
STATE:267:cr300f:Qs|Qh:-100|100:TCC_AI|DeepStack
STATE:268:cc/cc:As|Ah/Qs:0|0:DeepStack|TCC_AI
STATE:269:cr1200f:Kh|Ah:-100|100:TCC_AI|DeepStack
STATE:270:cr300f:Qh|Kh:-100|100:DeepStack|TCC_AI
STATE:271:cc/r300r1200f:Kh|Qh/Ah:-300|300:TCC_AI|DeepStack
STATE:272:r1200f:Ah|Ks:100|-100:DeepStack|TCC_AI
STATE:273:r500f:Kh|Ks:100|-100:TCC_AI|DeepStack
STATE:274:cr200r600f:Ah|Ks:200|-200:DeepStack|TCC_AI
STATE:275:cr300f:Kh|Qh:-100|100:TCC_AI|DeepStack
STATE:276:cr300r1200f:Ah|Ks:300|-300:DeepStack|TCC_AI
STATE:277:cr300f:Kh|Qs:-100|100:TCC_AI|DeepStack
STATE:278:r1200f:Ah|Qs:100|-100:DeepStack|TCC_AI
STATE:279:cr300c/cc:Ks|Ah/Qs:-300|300:TCC_AI|DeepStack
STATE:280:r300f:As|Kh:100|-100:DeepStack|TCC_AI
STATE:281:r300c/cr900f:As|Kh/Ks:-300|300:TCC_AI|DeepStack
STATE:282:r1200f:As|Qh:100|-100:DeepStack|TCC_AI
STATE:283:cr300f:Qs|Kh:-100|100:TCC_AI|DeepStack
STATE:284:cc/cr200c:Ah|Qs/Qh:-200|200:DeepStack|TCC_AI
STATE:285:cc/cc:Kh|Ah/Qs:-100|100:TCC_AI|DeepStack
STATE:286:r1200f:As|Qh:100|-100:DeepStack|TCC_AI
STATE:287:cc/cc:Ks|Qs/Ah:100|-100:TCC_AI|DeepStack
STATE:288:cr300f:Kh|Qh:-100|100:DeepStack|TCC_AI
STATE:289:cc/r400f:As|Qs/Ah:100|-100:TCC_AI|DeepStack
STATE:290:cc/cc:Ks|Qs/As:100|-100:DeepStack|TCC_AI
STATE:291:cc/cc:Qh|Qs/Ah:0|0:TCC_AI|DeepStack
STATE:292:cc/cc:Qh|Kh/Ah:-100|100:DeepStack|TCC_AI
STATE:293:r800f:Ah|Qh:100|-100:TCC_AI|DeepStack
STATE:294:cc/r300c:Ks|Kh/As:0|0:DeepStack|TCC_AI
STATE:295:cr300f:Qh|Ah:-100|100:TCC_AI|DeepStack
STATE:296:cr300f:Ks|As:-100|100:DeepStack|TCC_AI
STATE:297:cr300f:Qh|Ah:-100|100:TCC_AI|DeepStack
STATE:298:r300f:Qh|Ks:100|-100:DeepStack|TCC_AI
STATE:299:cr300f:Ks|Kh:-100|100:TCC_AI|DeepStack
STATE:300:cr300r1200f:As|Ks:300|-300:DeepStack|TCC_AI
STATE:301:cr300f:Qh|As:-100|100:TCC_AI|DeepStack
STATE:302:r1200f:Ah|Qh:100|-100:DeepStack|TCC_AI
STATE:303:cr300f:Kh|As:-100|100:TCC_AI|DeepStack
STATE:304:cr1200f:Ks|Ah:-100|100:DeepStack|TCC_AI
STATE:305:cr300f:Qh|Qs:-100|100:TCC_AI|DeepStack
STATE:306:cc/cr600f:Qs|Ah/As:-100|100:DeepStack|TCC_AI
STATE:307:cc/cc:Kh|Ks/Qh:0|0:TCC_AI|DeepStack
STATE:308:r1200c/:As|Ah/Qs:0|0:DeepStack|TCC_AI
STATE:309:cc/cr300f:Ah|Qh/Qs:-100|100:TCC_AI|DeepStack
STATE:310:cr400c/r1200c:Kh|As/Ks:1200|-1200:DeepStack|TCC_AI
STATE:311:r200c/cr1200f:Ks|Qh/Qs:-200|200:TCC_AI|DeepStack
STATE:312:cc/cc:Ah|Qs/Kh:100|-100:DeepStack|TCC_AI
STATE:313:cr300r900f:Ah|Qs:300|-300:TCC_AI|DeepStack
STATE:314:cr200r600c/r1200c:As|Ah/Qh:0|0:DeepStack|TCC_AI
STATE:315:cc/cc:Kh|Qs/Ah:100|-100:TCC_AI|DeepStack
STATE:316:cc/cc:Qs|Kh/Qh:100|-100:DeepStack|TCC_AI
STATE:317:cc/cc:As|Ks/Qh:100|-100:TCC_AI|DeepStack
STATE:318:r1200f:Ah|Qh:100|-100:DeepStack|TCC_AI
STATE:319:cc/r400r1200f:Kh|Ah/As:-400|400:TCC_AI|DeepStack
STATE:320:cc/cr200f:Kh|Qh/Qs:-100|100:DeepStack|TCC_AI
STATE:321:cc/cr300c:Ah|Qh/Kh:300|-300:TCC_AI|DeepStack
STATE:322:r1200c/:Ah|As/Qs:0|0:DeepStack|TCC_AI
STATE:323:cr300f:Kh|Ah:-100|100:TCC_AI|DeepStack
STATE:324:r300f:Kh|Qs:100|-100:DeepStack|TCC_AI
STATE:325:cr300f:Qs|Ah:-100|100:TCC_AI|DeepStack
STATE:326:cc/cc:Qh|Qs/As:0|0:DeepStack|TCC_AI
STATE:327:cc/cc:Qh|Qs/As:0|0:TCC_AI|DeepStack
STATE:328:cr300f:Qh|Ah:-100|100:DeepStack|TCC_AI
STATE:329:cr300f:Qh|Ah:-100|100:TCC_AI|DeepStack
STATE:330:cr300f:Ks|Ah:-100|100:DeepStack|TCC_AI
STATE:331:cr1200f:Kh|As:-100|100:TCC_AI|DeepStack
STATE:332:r300c/r1200f:Ks|Qh/Ah:300|-300:DeepStack|TCC_AI
STATE:333:cc/r500f:Kh|Ks/As:100|-100:TCC_AI|DeepStack
STATE:334:cc/cc:Qh|Ks/As:-100|100:DeepStack|TCC_AI
STATE:335:r1100r1200c/:As|Ah/Qs:0|0:TCC_AI|DeepStack
STATE:336:cc/cr200f:Ah|Qh/Qs:-100|100:DeepStack|TCC_AI
STATE:337:cr300c/r800f:Qh|Ah/Kh:300|-300:TCC_AI|DeepStack
STATE:338:r1200f:As|Kh:100|-100:DeepStack|TCC_AI
STATE:339:cc/r500f:Ah|Qs/As:100|-100:TCC_AI|DeepStack
STATE:340:cr300f:Ks|As:-100|100:DeepStack|TCC_AI
STATE:341:cc/cr300f:As|Qh/Kh:-100|100:TCC_AI|DeepStack
STATE:342:cc/r1200f:Ah|Qs/As:100|-100:DeepStack|TCC_AI
STATE:343:r800f:Ah|Qh:100|-100:TCC_AI|DeepStack
STATE:344:cc/cr200c:Ah|Kh/Ks:-200|200:DeepStack|TCC_AI
STATE:345:cr300r900f:Ah|Kh:300|-300:TCC_AI|DeepStack
STATE:346:cc/cr200f:Kh|Qh/Qs:-100|100:DeepStack|TCC_AI
STATE:347:cr300r800c/r1000r1200c:Ah|As/Qs:0|0:TCC_AI|DeepStack
STATE:348:cc/cr200c:As|Kh/Ks:-200|200:DeepStack|TCC_AI
STATE:349:cc/cr300f:Qh|Kh/Ks:-100|100:TCC_AI|DeepStack
STATE:350:r1200f:Ah|Kh:100|-100:DeepStack|TCC_AI
STATE:351:cr300r1100f:Ah|Qh:300|-300:TCC_AI|DeepStack
STATE:352:cc/cc:Ah|Qh/Ks:100|-100:DeepStack|TCC_AI
STATE:353:cr300r800c/r1200c:Ah|Ks/Kh:-1200|1200:TCC_AI|DeepStack
STATE:354:cr300c/cr1100f:Ks|Qh/Ah:-300|300:DeepStack|TCC_AI
STATE:355:cr300f:Kh|Ks:-100|100:TCC_AI|DeepStack
STATE:356:cr300f:Qh|As:-100|100:DeepStack|TCC_AI
STATE:357:cc/cr300f:Qh|Kh/Ks:-100|100:TCC_AI|DeepStack
STATE:358:cc/cr200f:Ks|Qs/Qh:-100|100:DeepStack|TCC_AI
STATE:359:cc/cc:Qs|Ks/Qh:100|-100:TCC_AI|DeepStack
STATE:360:cc/cr200f:Qh|Kh/Ks:-100|100:DeepStack|TCC_AI
STATE:361:cc/cr300f:As|Ks/Kh:-100|100:TCC_AI|DeepStack
STATE:362:cr300f:Qs|Ah:-100|100:DeepStack|TCC_AI
STATE:363:cr1200f:Qh|As:-100|100:TCC_AI|DeepStack
STATE:364:cr300c/r1200f:Qs|As/Kh:300|-300:DeepStack|TCC_AI
STATE:365:cc/cc:Qh|Kh/Ah:-100|100:TCC_AI|DeepStack
STATE:366:cc/cr200r600f:Ks|Qs/Kh:200|-200:DeepStack|TCC_AI
STATE:367:cr300r900f:Ah|Qs:300|-300:TCC_AI|DeepStack
STATE:368:cr300f:Qh|As:-100|100:DeepStack|TCC_AI
STATE:369:cr300c/cc:Ks|Ah/Qs:-300|300:TCC_AI|DeepStack
STATE:370:cr300r1200c/:As|Ah/Ks:0|0:DeepStack|TCC_AI
STATE:371:cc/cc:Qs|Kh/As:-100|100:TCC_AI|DeepStack
STATE:372:cc/cc:Kh|Ks/Qs:0|0:DeepStack|TCC_AI
STATE:373:cc/r500f:As|Ks/Ah:100|-100:TCC_AI|DeepStack
STATE:374:cr300f:Qh|As:-100|100:DeepStack|TCC_AI
STATE:375:r800c/r900r1200c:As|Ah/Ks:0|0:TCC_AI|DeepStack
STATE:376:cc/cc:Ks|Kh/Qs:0|0:DeepStack|TCC_AI
STATE:377:r400f:As|Qh:100|-100:TCC_AI|DeepStack
STATE:378:cr300f:Kh|As:-100|100:DeepStack|TCC_AI
STATE:379:cr1200c/:As|Ah/Ks:0|0:TCC_AI|DeepStack
STATE:380:cc/cr200f:As|Qh/Qs:-100|100:DeepStack|TCC_AI
STATE:381:cr300f:Ks|Ah:-100|100:TCC_AI|DeepStack
STATE:382:cc/cc:Qs|As/Qh:100|-100:DeepStack|TCC_AI
STATE:383:cr1200f:Qh|Ah:-100|100:TCC_AI|DeepStack
STATE:384:cc/cr200r600f:Ks|Qh/Kh:200|-200:DeepStack|TCC_AI
STATE:385:cc/cc:Qh|As/Ks:-100|100:TCC_AI|DeepStack
STATE:386:cc/cr200f:As|Qh/Qs:-100|100:DeepStack|TCC_AI
STATE:387:r600r1200c/:Ah|As/Kh:0|0:TCC_AI|DeepStack
STATE:388:cr400f:Qs|Ah:-100|100:DeepStack|TCC_AI
STATE:389:cr300f:Kh|Ah:-100|100:TCC_AI|DeepStack
STATE:390:cc/cc:Qs|Kh/Qh:100|-100:DeepStack|TCC_AI
STATE:391:cr300f:Ks|Qh:-100|100:TCC_AI|DeepStack
STATE:392:cc/cr200f:Kh|Qh/Qs:-100|100:DeepStack|TCC_AI
STATE:393:cr300r800c/r1000f:Ah|Kh/Qs:800|-800:TCC_AI|DeepStack
STATE:394:cr300r1200f:Ah|Qh:300|-300:DeepStack|TCC_AI
STATE:395:cc/cr300f:Ks|Qs/Qh:-100|100:TCC_AI|DeepStack
STATE:396:cc/cc:Qs|Ks/Qh:100|-100:DeepStack|TCC_AI
STATE:397:cc/cc:Qh|Kh/Ah:-100|100:TCC_AI|DeepStack
STATE:398:cc/cr200f:Ks|Kh/Qh:-100|100:DeepStack|TCC_AI
STATE:399:cc/cc:As|Qs/Ks:100|-100:TCC_AI|DeepStack
STATE:400:cr300f:Qs|As:-100|100:DeepStack|TCC_AI
STATE:401:cr300r900f:Ah|Qs:300|-300:TCC_AI|DeepStack
STATE:402:cc/cr200f:Qh|Kh/Ks:-100|100:DeepStack|TCC_AI
STATE:403:cr300f:Qs|Ks:-100|100:TCC_AI|DeepStack
STATE:404:cc/cr200c:As|Kh/Ks:-200|200:DeepStack|TCC_AI
STATE:405:cc/cc:As|Ah/Qs:0|0:TCC_AI|DeepStack
STATE:406:cc/r300f:Kh|Qs/Ah:100|-100:DeepStack|TCC_AI
STATE:407:cr300f:Kh|Ah:-100|100:TCC_AI|DeepStack
STATE:408:cc/cc:Qh|Qs/As:0|0:DeepStack|TCC_AI
STATE:409:r600f:Ah|Kh:100|-100:TCC_AI|DeepStack
STATE:410:r1200c/:Ah|As/Ks:0|0:DeepStack|TCC_AI
STATE:411:cc/r900f:Qh|Kh/As:100|-100:TCC_AI|DeepStack
STATE:412:r1200f:As|Ks:100|-100:DeepStack|TCC_AI
STATE:413:cr300f:Kh|Qs:-100|100:TCC_AI|DeepStack
STATE:414:cc/cr200f:Kh|Qh/Qs:-100|100:DeepStack|TCC_AI
STATE:415:cc/r300f:Ks|Qs/Ah:100|-100:TCC_AI|DeepStack
STATE:416:cc/cc:As|Qh/Kh:100|-100:DeepStack|TCC_AI
STATE:417:cc/r300f:Kh|Qh/Ah:100|-100:TCC_AI|DeepStack
STATE:418:r1200c/:Ah|As/Ks:0|0:DeepStack|TCC_AI
STATE:419:cr300f:Qh|Kh:-100|100:TCC_AI|DeepStack
STATE:420:cc/cc:Ks|Kh/Qs:0|0:DeepStack|TCC_AI
STATE:421:cr300f:Ks|Qs:-100|100:TCC_AI|DeepStack
STATE:422:cr300f:Qs|Qh:-100|100:DeepStack|TCC_AI
STATE:423:cc/r400f:Ks|Kh/Ah:100|-100:TCC_AI|DeepStack
STATE:424:r1200f:As|Qs:100|-100:DeepStack|TCC_AI
STATE:425:cr300f:Qh|Ah:-100|100:TCC_AI|DeepStack
STATE:426:cc/cr200f:Kh|Qh/Qs:-100|100:DeepStack|TCC_AI
STATE:427:cr1200f:Kh|As:-100|100:TCC_AI|DeepStack
STATE:428:cr400f:Qh|Ah:-100|100:DeepStack|TCC_AI
STATE:429:cc/cr300r700f:Kh|Qh/Ks:300|-300:TCC_AI|DeepStack
STATE:430:cc/cc:Qh|Ks/Qs:100|-100:DeepStack|TCC_AI
STATE:431:cr300c/cr900f:Qs|Ah/Ks:-300|300:TCC_AI|DeepStack
STATE:432:cr300f:Qh|Kh:-100|100:DeepStack|TCC_AI
STATE:433:cc/cc:Ks|Kh/Qs:0|0:TCC_AI|DeepStack
STATE:434:cc/cr200f:Qs|Ks/Kh:-100|100:DeepStack|TCC_AI
STATE:435:cr300f:Ks|Kh:-100|100:TCC_AI|DeepStack
STATE:436:cr300f:Ks|Ah:-100|100:DeepStack|TCC_AI
STATE:437:cc/cr300c:Ah|Qs/Kh:300|-300:TCC_AI|DeepStack
STATE:438:r1200c/:Ah|As/Qs:0|0:DeepStack|TCC_AI
STATE:439:cc/cc:Qs|Qh/Ks:0|0:TCC_AI|DeepStack
STATE:440:cr300f:Qh|Ah:-100|100:DeepStack|TCC_AI
STATE:441:cr300r800f:As|Qh:300|-300:TCC_AI|DeepStack
STATE:442:cr300f:Qs|Ah:-100|100:DeepStack|TCC_AI
STATE:443:cr300f:Qh|Ah:-100|100:TCC_AI|DeepStack
STATE:444:cr200c/cr600f:Qs|Ks/Ah:-200|200:DeepStack|TCC_AI
STATE:445:r300c/r700c:Ah|Kh/As:700|-700:TCC_AI|DeepStack
STATE:446:cr300r1200f:As|Qh:300|-300:DeepStack|TCC_AI
STATE:447:cr300c/r1100f:Kh|Ah/Ks:300|-300:TCC_AI|DeepStack
STATE:448:cc/cc:Qs|Qh/Ah:0|0:DeepStack|TCC_AI
STATE:449:cc/r300f:Kh|Qs/As:100|-100:TCC_AI|DeepStack
STATE:450:r1200c/:As|Ah/Qs:0|0:DeepStack|TCC_AI
STATE:451:cc/cc:Kh|Qh/Ks:100|-100:TCC_AI|DeepStack
STATE:452:cr400f:Kh|As:-100|100:DeepStack|TCC_AI
STATE:453:cc/cc:Qh|Ks/Ah:-100|100:TCC_AI|DeepStack
STATE:454:cr200c/r600f:Ks|As/Qs:200|-200:DeepStack|TCC_AI
STATE:455:cc/cc:Kh|Qs/Ks:100|-100:TCC_AI|DeepStack
STATE:456:cc/cc:Qs|Kh/As:-100|100:DeepStack|TCC_AI
STATE:457:cr300c/cc:Ks|Kh/Ah:0|0:TCC_AI|DeepStack
STATE:458:cc/cr200c:As|Ks/Kh:-200|200:DeepStack|TCC_AI
STATE:459:cc/cc:Ah|Ks/Qh:100|-100:TCC_AI|DeepStack
STATE:460:r300c/cc:Ah|Qs/Ks:300|-300:DeepStack|TCC_AI
STATE:461:cc/cr300f:Ah|Qh/Qs:-100|100:TCC_AI|DeepStack
STATE:462:cc/cc:Qs|Kh/Ah:-100|100:DeepStack|TCC_AI
STATE:463:cc/cr300r900f:Qs|Kh/Qh:300|-300:TCC_AI|DeepStack
STATE:464:r300c/cr900c:Ah|Qs/Qh:-900|900:DeepStack|TCC_AI
STATE:465:cr300f:Ks|As:-100|100:TCC_AI|DeepStack
STATE:466:cc/cr200f:Kh|Qs/Qh:-100|100:DeepStack|TCC_AI
STATE:467:cr300f:Kh|Qs:-100|100:TCC_AI|DeepStack
STATE:468:cr1000f:Qh|As:-100|100:DeepStack|TCC_AI
STATE:469:cc/cc:As|Qh/Kh:100|-100:TCC_AI|DeepStack
STATE:470:cr300f:Kh|Ah:-100|100:DeepStack|TCC_AI
STATE:471:cr300c/cr1200f:Ks|As/Ah:-300|300:TCC_AI|DeepStack
STATE:472:r1200c/:As|Ah/Qs:0|0:DeepStack|TCC_AI
STATE:473:cc/cr300f:As|Qh/Kh:-100|100:TCC_AI|DeepStack
STATE:474:cr300r1200c/:As|Ah/Ks:0|0:DeepStack|TCC_AI
STATE:475:cr300f:Qs|Kh:-100|100:TCC_AI|DeepStack
STATE:476:r1200f:Ah|Kh:100|-100:DeepStack|TCC_AI
STATE:477:cc/r300r1200f:Kh|As/Ah:-300|300:TCC_AI|DeepStack
STATE:478:cc/cr300f:Ks|Qs/Qh:-100|100:DeepStack|TCC_AI
STATE:479:cc/cc:Kh|Ah/Ks:100|-100:TCC_AI|DeepStack
STATE:480:cc/cc:Qs|Qh/Ks:0|0:DeepStack|TCC_AI
STATE:481:cc/cr300f:Kh|Qh/Qs:-100|100:TCC_AI|DeepStack
STATE:482:cr300f:Kh|Qs:-100|100:DeepStack|TCC_AI
STATE:483:cc/cr300f:Ks|Qs/Qh:-100|100:TCC_AI|DeepStack
STATE:484:cr300f:Ks|As:-100|100:DeepStack|TCC_AI
STATE:485:cc/cr300c:As|Qs/Qh:-300|300:TCC_AI|DeepStack
STATE:486:cc/cr200c:As|Qh/Qs:-200|200:DeepStack|TCC_AI
STATE:487:cc/cc:Qs|Ks/As:-100|100:TCC_AI|DeepStack
STATE:488:cc/cc:Ks|Kh/Ah:0|0:DeepStack|TCC_AI
STATE:489:cc/cr300f:Qs|Qh/Kh:-100|100:TCC_AI|DeepStack
STATE:490:cc/cr800f:Qh|Ks/As:-100|100:DeepStack|TCC_AI
STATE:491:r800f:As|Qh:100|-100:TCC_AI|DeepStack
STATE:492:r300c/cr1200c:Ah|Qh/Qs:-1200|1200:DeepStack|TCC_AI
STATE:493:cr1200f:Kh|As:-100|100:TCC_AI|DeepStack
STATE:494:cr300r1200c/:As|Ah/Kh:0|0:DeepStack|TCC_AI
STATE:495:cc/cr1200f:Qs|Ah/As:-100|100:TCC_AI|DeepStack
STATE:496:cc/r300f:Ks|Kh/As:100|-100:DeepStack|TCC_AI
STATE:497:cc/cc:Kh|Qs/Ah:100|-100:TCC_AI|DeepStack
STATE:498:cc/cr200c:As|Ks/Qs:200|-200:DeepStack|TCC_AI
STATE:499:cc/cr300f:As|Qs/Qh:-100|100:TCC_AI|DeepStack
STATE:500:cc/r1200f:Ah|Qs/As:100|-100:DeepStack|TCC_AI
STATE:501:cc/cr300r700f:Ks|Qs/Kh:300|-300:TCC_AI|DeepStack
STATE:502:cc/r300f:Ks|Qs/Ah:100|-100:DeepStack|TCC_AI
STATE:503:cr300f:Ks|As:-100|100:TCC_AI|DeepStack
STATE:504:r1200c/:Ah|As/Qs:0|0:DeepStack|TCC_AI
STATE:505:r200c/cc:Ah|Ks/Qh:200|-200:TCC_AI|DeepStack
STATE:506:cc/cc:Ah|Ks/Qs:100|-100:DeepStack|TCC_AI
STATE:507:cr300c/r900c:Ks|Ah/Kh:900|-900:TCC_AI|DeepStack
STATE:508:cc/r1200f:Qs|Qh/Ah:100|-100:DeepStack|TCC_AI
STATE:509:cc/cr1200f:Qs|Ah/As:-100|100:TCC_AI|DeepStack
STATE:510:r1200f:Ah|Ks:100|-100:DeepStack|TCC_AI
STATE:511:cr300f:Qs|Kh:-100|100:TCC_AI|DeepStack
STATE:512:cc/cc:Qs|As/Kh:-100|100:DeepStack|TCC_AI
STATE:513:cr300f:Kh|As:-100|100:TCC_AI|DeepStack
STATE:514:cr300r1200c/:As|Ah/Qs:0|0:DeepStack|TCC_AI
STATE:515:cc/cc:Ks|Kh/Qs:0|0:TCC_AI|DeepStack
STATE:516:r1200f:Ah|Qh:100|-100:DeepStack|TCC_AI
STATE:517:r800f:Ah|Qh:100|-100:TCC_AI|DeepStack
STATE:518:cc/cc:Qs|Qh/Ah:0|0:DeepStack|TCC_AI
STATE:519:r200r600r1200c/:Ah|As/Qs:0|0:TCC_AI|DeepStack
STATE:520:r1200f:Ah|Qh:100|-100:DeepStack|TCC_AI
STATE:521:cc/cr300f:Qs|Qh/Ks:-100|100:TCC_AI|DeepStack
STATE:522:cc/cc:Qh|Qs/Kh:0|0:DeepStack|TCC_AI
STATE:523:cc/cc:Kh|Qs/Ks:100|-100:TCC_AI|DeepStack
STATE:524:cr200r1200f:As|Qh:200|-200:DeepStack|TCC_AI
STATE:525:cr300f:Qh|As:-100|100:TCC_AI|DeepStack
STATE:526:cc/cc:As|Ah/Kh:0|0:DeepStack|TCC_AI
STATE:527:cc/cc:Qs|Qh/Kh:0|0:TCC_AI|DeepStack
STATE:528:cr300c/cc:Ks|As/Qh:-300|300:DeepStack|TCC_AI
STATE:529:cr300c/cr1200f:Kh|Qs/Qh:-300|300:TCC_AI|DeepStack
STATE:530:r1200f:As|Qs:100|-100:DeepStack|TCC_AI
STATE:531:cc/cc:Ks|Ah/Qh:-100|100:TCC_AI|DeepStack
STATE:532:cc/r300f:Ah|Ks/As:100|-100:DeepStack|TCC_AI
STATE:533:cc/r400f:Ah|Qs/As:100|-100:TCC_AI|DeepStack
STATE:534:cr300c/cr1000f:Qs|Kh/As:-300|300:DeepStack|TCC_AI
STATE:535:cc/cc:As|Kh/Qs:100|-100:TCC_AI|DeepStack
STATE:536:cr300r1200f:Ah|Ks:300|-300:DeepStack|TCC_AI
STATE:537:cr300f:Kh|Qs:-100|100:TCC_AI|DeepStack
STATE:538:cr300f:Ks|Qh:-100|100:DeepStack|TCC_AI
STATE:539:cc/r500c:Ah|Ks/As:500|-500:TCC_AI|DeepStack
STATE:540:cc/cc:Qs|Qh/Ah:0|0:DeepStack|TCC_AI
STATE:541:cc/cr300f:Qh|Ks/Kh:-100|100:TCC_AI|DeepStack
STATE:542:cc/cc:Kh|Ks/As:0|0:DeepStack|TCC_AI
STATE:543:r900f:Ah|Qs:100|-100:TCC_AI|DeepStack
STATE:544:r1200f:As|Kh:100|-100:DeepStack|TCC_AI
STATE:545:cr300f:Kh|Ks:-100|100:TCC_AI|DeepStack
STATE:546:cr300f:Qs|As:-100|100:DeepStack|TCC_AI
STATE:547:cc/cc:Qs|Ah/Ks:-100|100:TCC_AI|DeepStack
STATE:548:r1200f:Ah|Kh:100|-100:DeepStack|TCC_AI
STATE:549:cr300f:Qs|Ah:-100|100:TCC_AI|DeepStack
STATE:550:cc/r300f:Kh|Qh/Ah:100|-100:DeepStack|TCC_AI
STATE:551:cr300r800r1200c/:As|Ah/Qh:0|0:TCC_AI|DeepStack
STATE:552:cc/r300f:As|Qs/Ah:100|-100:DeepStack|TCC_AI
STATE:553:r600r1200c/:Ah|As/Qs:0|0:TCC_AI|DeepStack
STATE:554:cr300f:Ks|As:-100|100:DeepStack|TCC_AI
STATE:555:cr300r800c/r900c:As|Ah/Ks:0|0:TCC_AI|DeepStack
STATE:556:cc/r300f:As|Qh/Ah:100|-100:DeepStack|TCC_AI
STATE:557:cc/cc:Ah|Kh/Qs:100|-100:TCC_AI|DeepStack
STATE:558:cc/cc:Qh|Qs/As:0|0:DeepStack|TCC_AI
STATE:559:cc/cr300f:Qs|Kh/Ks:-100|100:TCC_AI|DeepStack
STATE:560:cr300f:Qh|As:-100|100:DeepStack|TCC_AI
STATE:561:cc/r300f:Ks|Qh/Ah:100|-100:TCC_AI|DeepStack
STATE:562:cr300f:Qh|As:-100|100:DeepStack|TCC_AI
STATE:563:cr300r900f:Ah|Qs:300|-300:TCC_AI|DeepStack
STATE:564:cc/cr300f:Qh|Ks/Kh:-100|100:DeepStack|TCC_AI
STATE:565:cc/cc:Qs|Ks/As:-100|100:TCC_AI|DeepStack
STATE:566:cr500f:Qs|As:-100|100:DeepStack|TCC_AI
STATE:567:cc/cr300f:Ks|Kh/Qs:-100|100:TCC_AI|DeepStack
STATE:568:cr300c/cr1000f:Ks|As/Ah:-300|300:DeepStack|TCC_AI
STATE:569:r800f:As|Kh:100|-100:TCC_AI|DeepStack
STATE:570:r1200f:Ah|Ks:100|-100:DeepStack|TCC_AI
STATE:571:cc/cc:Ks|As/Qh:-100|100:TCC_AI|DeepStack
STATE:572:cr300c/cr1100f:Ks|Ah/As:-300|300:DeepStack|TCC_AI
STATE:573:cc/cc:Kh|Ah/Qs:-100|100:TCC_AI|DeepStack
STATE:574:cc/cc:Qs|Qh/Ks:0|0:DeepStack|TCC_AI
STATE:575:cc/cr300f:Ks|Qs/Qh:-100|100:TCC_AI|DeepStack
STATE:576:cc/cc:Kh|As/Qs:-100|100:DeepStack|TCC_AI
STATE:577:cc/cr300f:Ah|Ks/Kh:-100|100:TCC_AI|DeepStack
STATE:578:cr200c/cr1200f:Ks|Qh/As:-200|200:DeepStack|TCC_AI
STATE:579:r600r1200c/:Ah|As/Kh:0|0:TCC_AI|DeepStack
STATE:580:r1200f:As|Qs:100|-100:DeepStack|TCC_AI
STATE:581:cr300f:Qs|As:-100|100:TCC_AI|DeepStack
STATE:582:cr300f:Ks|Ah:-100|100:DeepStack|TCC_AI
STATE:583:cr1200f:Qs|As:-100|100:TCC_AI|DeepStack
STATE:584:cr300f:Kh|Ah:-100|100:DeepStack|TCC_AI
STATE:585:cr300f:Kh|Qs:-100|100:TCC_AI|DeepStack
STATE:586:cc/cr700f:Qh|Qs/Ah:-100|100:DeepStack|TCC_AI
STATE:587:cc/r500c:Ks|Kh/Ah:0|0:TCC_AI|DeepStack
STATE:588:cr300f:Kh|Ah:-100|100:DeepStack|TCC_AI
STATE:589:r800f:As|Qs:100|-100:TCC_AI|DeepStack
STATE:590:cc/cc:Qs|Ks/As:-100|100:DeepStack|TCC_AI
STATE:591:r800f:As|Qs:100|-100:TCC_AI|DeepStack
STATE:592:cc/cr300f:Kh|Qh/Qs:-100|100:DeepStack|TCC_AI
STATE:593:cc/cr300f:Qh|Kh/Ks:-100|100:TCC_AI|DeepStack
STATE:594:r1200f:As|Ks:100|-100:DeepStack|TCC_AI
STATE:595:r600f:Ah|Kh:100|-100:TCC_AI|DeepStack
STATE:596:cc/cc:As|Qs/Ks:100|-100:DeepStack|TCC_AI
STATE:597:cc/cc:Qh|Ks/As:-100|100:TCC_AI|DeepStack
STATE:598:cc/cc:Qh|Kh/As:-100|100:DeepStack|TCC_AI
STATE:599:r800f:Ah|Kh:100|-100:TCC_AI|DeepStack
STATE:600:r300c/cc:Kh|Ks/As:0|0:DeepStack|TCC_AI
STATE:601:cr1200f:Kh|As:-100|100:TCC_AI|DeepStack
STATE:602:cr500f:Ks|As:-100|100:DeepStack|TCC_AI
STATE:603:r800f:Ah|Qh:100|-100:TCC_AI|DeepStack
STATE:604:cr300r1200f:As|Ks:300|-300:DeepStack|TCC_AI
STATE:605:cc/cr300f:Kh|Qh/Qs:-100|100:TCC_AI|DeepStack
STATE:606:cc/cc:Qh|Ks/Qs:100|-100:DeepStack|TCC_AI
STATE:607:r200r1200f:Qs|As:-200|200:TCC_AI|DeepStack
STATE:608:cc/cr200f:Kh|Qh/Qs:-100|100:DeepStack|TCC_AI
STATE:609:cr300f:Qs|Kh:-100|100:TCC_AI|DeepStack
STATE:610:cr300r1200f:As|Qh:300|-300:DeepStack|TCC_AI
STATE:611:cr300f:Kh|Ks:-100|100:TCC_AI|DeepStack
STATE:612:cr300c/r1200f:Kh|As/Ks:300|-300:DeepStack|TCC_AI
STATE:613:cr1200c/:Ah|As/Ks:0|0:TCC_AI|DeepStack
STATE:614:cr300f:Kh|Ah:-100|100:DeepStack|TCC_AI
STATE:615:cc/cc:Qh|Kh/Ah:-100|100:TCC_AI|DeepStack
STATE:616:cc/r300f:Kh|Qh/As:100|-100:DeepStack|TCC_AI
STATE:617:cc/r300f:As|Qh/Ah:100|-100:TCC_AI|DeepStack
STATE:618:cr300f:Ks|Ah:-100|100:DeepStack|TCC_AI
STATE:619:cc/r300f:As|Qs/Ah:100|-100:TCC_AI|DeepStack
STATE:620:r1200f:Ah|Qh:100|-100:DeepStack|TCC_AI
STATE:621:cc/r500c:Kh|Ks/As:0|0:TCC_AI|DeepStack
STATE:622:cc/cr200r600f:Ks|Qh/Kh:200|-200:DeepStack|TCC_AI
STATE:623:cr300f:Kh|Qs:-100|100:TCC_AI|DeepStack
STATE:624:cc/cc:Qs|Ks/As:-100|100:DeepStack|TCC_AI
STATE:625:cc/r400f:As|Ks/Ah:100|-100:TCC_AI|DeepStack
STATE:626:cr400f:Kh|Ah:-100|100:DeepStack|TCC_AI
STATE:627:cc/cc:As|Qs/Kh:100|-100:TCC_AI|DeepStack
STATE:628:cc/cc:Ah|As/Qs:0|0:DeepStack|TCC_AI
STATE:629:cc/cr300f:As|Qh/Qs:-100|100:TCC_AI|DeepStack
STATE:630:cr300r1200f:Ah|Ks:300|-300:DeepStack|TCC_AI
STATE:631:cr300r800c/r1000r1200c:Ah|Qh/Qs:-1200|1200:TCC_AI|DeepStack
STATE:632:cc/r300f:Ks|Qh/Ah:100|-100:DeepStack|TCC_AI
STATE:633:cr300c/cr1200f:Kh|Ah/As:-300|300:TCC_AI|DeepStack
STATE:634:r1200c/:Ah|As/Ks:0|0:DeepStack|TCC_AI
STATE:635:cr300f:Qs|Ah:-100|100:TCC_AI|DeepStack
STATE:636:cc/cc:Qh|Ah/Qs:100|-100:DeepStack|TCC_AI
STATE:637:cc/cc:Kh|Ks/As:0|0:TCC_AI|DeepStack
STATE:638:cc/r300c:Kh|Ks/As:0|0:DeepStack|TCC_AI
STATE:639:cr300f:Ks|Kh:-100|100:TCC_AI|DeepStack
STATE:640:cr300f:Qs|As:-100|100:DeepStack|TCC_AI
STATE:641:r800f:As|Kh:100|-100:TCC_AI|DeepStack
STATE:642:cr300c/cc:Ks|Ah/Qh:-300|300:DeepStack|TCC_AI
STATE:643:cc/r700f:Qs|Qh/As:100|-100:TCC_AI|DeepStack
STATE:644:r1200f:Ah|Qh:100|-100:DeepStack|TCC_AI
STATE:645:cr300f:Qs|Ks:-100|100:TCC_AI|DeepStack
STATE:646:r300f:As|Ks:100|-100:DeepStack|TCC_AI
STATE:647:cc/r300f:Ks|Qs/As:100|-100:TCC_AI|DeepStack
STATE:648:cr300f:Kh|Qh:-100|100:DeepStack|TCC_AI
STATE:649:cr300f:Qh|As:-100|100:TCC_AI|DeepStack
STATE:650:cr300f:Ks|Ah:-100|100:DeepStack|TCC_AI
STATE:651:cr300f:Ks|As:-100|100:TCC_AI|DeepStack
STATE:652:cr300r1200f:Ah|Ks:300|-300:DeepStack|TCC_AI
STATE:653:cc/r400f:Kh|Ks/Ah:100|-100:TCC_AI|DeepStack
STATE:654:cr500f:Qs|Ah:-100|100:DeepStack|TCC_AI
STATE:655:cr300f:Qh|Qs:-100|100:TCC_AI|DeepStack
STATE:656:cc/cc:As|Qs/Kh:100|-100:DeepStack|TCC_AI
STATE:657:cc/cr300f:Qh|Ks/Kh:-100|100:TCC_AI|DeepStack
STATE:658:cc/r300f:Ks|Kh/As:100|-100:DeepStack|TCC_AI
STATE:659:cr300f:Qs|As:-100|100:TCC_AI|DeepStack
STATE:660:cc/cc:Qs|Qh/Kh:0|0:DeepStack|TCC_AI
STATE:661:r400f:Ah|Qs:100|-100:TCC_AI|DeepStack
STATE:662:cc/cr200f:Kh|Qh/Qs:-100|100:DeepStack|TCC_AI
STATE:663:cr300f:Qs|Ah:-100|100:TCC_AI|DeepStack
STATE:664:cr300f:Kh|Ah:-100|100:DeepStack|TCC_AI
STATE:665:cc/cc:Ks|Kh/As:0|0:TCC_AI|DeepStack
STATE:666:cc/cc:Ks|Qs/As:100|-100:DeepStack|TCC_AI
STATE:667:r800c/cr1200c:As|Ah/Qh:0|0:TCC_AI|DeepStack
STATE:668:cc/cc:Qs|Qh/Ks:0|0:DeepStack|TCC_AI
STATE:669:cc/cc:Kh|Ks/Qh:0|0:TCC_AI|DeepStack
STATE:670:cc/cr200f:Qh|Ks/Kh:-100|100:DeepStack|TCC_AI
STATE:671:r200c/r600c:Ks|Kh/As:0|0:TCC_AI|DeepStack
STATE:672:cr300f:Ks|As:-100|100:DeepStack|TCC_AI
STATE:673:cc/r300f:Kh|Qh/As:100|-100:TCC_AI|DeepStack
STATE:674:cc/cc:Ks|Qh/As:100|-100:DeepStack|TCC_AI
STATE:675:cc/cr300f:Kh|Qs/Qh:-100|100:TCC_AI|DeepStack
STATE:676:cc/cr200f:Qs|Ks/Kh:-100|100:DeepStack|TCC_AI
STATE:677:cr300f:Qs|Ks:-100|100:TCC_AI|DeepStack
STATE:678:cc/cr200f:Ks|Qs/Qh:-100|100:DeepStack|TCC_AI
STATE:679:cc/cc:Qh|Qs/Ah:0|0:TCC_AI|DeepStack
STATE:680:cr300f:Qs|As:-100|100:DeepStack|TCC_AI
STATE:681:cr1200f:Qs|Ah:-100|100:TCC_AI|DeepStack
STATE:682:r1200f:Ah|Ks:100|-100:DeepStack|TCC_AI
STATE:683:cc/cc:Qh|Qs/As:0|0:TCC_AI|DeepStack
STATE:684:r1200f:Ah|Ks:100|-100:DeepStack|TCC_AI
STATE:685:cc/cc:As|Ks/Qh:100|-100:TCC_AI|DeepStack
STATE:686:cr400f:Kh|As:-100|100:DeepStack|TCC_AI
STATE:687:cr300f:Qs|As:-100|100:TCC_AI|DeepStack
STATE:688:cc/cr200f:Ks|Qh/Qs:-100|100:DeepStack|TCC_AI
STATE:689:r600f:As|Qs:100|-100:TCC_AI|DeepStack
STATE:690:cc/cc:Ks|Qs/As:100|-100:DeepStack|TCC_AI
STATE:691:cc/cc:Qh|Kh/Ah:-100|100:TCC_AI|DeepStack
STATE:692:r1200c/:As|Ah/Kh:0|0:DeepStack|TCC_AI
STATE:693:cr300r800c/r1000f:As|Ks/Qs:800|-800:TCC_AI|DeepStack
STATE:694:cc/cc:Qs|Qh/As:0|0:DeepStack|TCC_AI
STATE:695:r800f:As|Ks:100|-100:TCC_AI|DeepStack
STATE:696:cr300f:Qs|As:-100|100:DeepStack|TCC_AI
STATE:697:cr300f:Qs|Ah:-100|100:TCC_AI|DeepStack
STATE:698:cc/r300c:As|Ks/Ah:300|-300:DeepStack|TCC_AI
STATE:699:cr300f:Ks|As:-100|100:TCC_AI|DeepStack
STATE:700:cr300f:Ks|As:-100|100:DeepStack|TCC_AI
STATE:701:cr300f:Qh|Kh:-100|100:TCC_AI|DeepStack
STATE:702:cr300c/r1200f:Kh|Ks/Qh:300|-300:DeepStack|TCC_AI
STATE:703:cc/cc:Ks|Qs/Ah:100|-100:TCC_AI|DeepStack
STATE:704:cr300f:Qh|Kh:-100|100:DeepStack|TCC_AI
STATE:705:r600f:As|Kh:100|-100:TCC_AI|DeepStack
STATE:706:cc/cr300f:Qs|Ks/Kh:-100|100:DeepStack|TCC_AI
STATE:707:cr1200f:Qs|As:-100|100:TCC_AI|DeepStack
STATE:708:cr300c/cr1000f:Qs|Kh/Ah:-300|300:DeepStack|TCC_AI
STATE:709:cc/cc:As|Qh/Kh:100|-100:TCC_AI|DeepStack
STATE:710:cc/r300c:As|Ks/Ah:300|-300:DeepStack|TCC_AI
STATE:711:r600f:As|Ks:100|-100:TCC_AI|DeepStack
STATE:712:cc/r1200f:Ah|Qh/As:100|-100:DeepStack|TCC_AI
STATE:713:cr300r800c/r900f:As|Qh/Ah:800|-800:TCC_AI|DeepStack
STATE:714:r1200f:As|Kh:100|-100:DeepStack|TCC_AI
STATE:715:r200c/r900f:Kh|Qs/As:200|-200:TCC_AI|DeepStack
STATE:716:cc/cc:As|Ks/Qh:100|-100:DeepStack|TCC_AI
STATE:717:cc/cc:Qs|Kh/As:-100|100:TCC_AI|DeepStack
STATE:718:cr300f:Qh|Kh:-100|100:DeepStack|TCC_AI
STATE:719:cc/r500c:Ks|Kh/Ah:0|0:TCC_AI|DeepStack
STATE:720:r300c/cc:As|Ks/Qh:300|-300:DeepStack|TCC_AI
STATE:721:cc/cc:As|Qh/Ks:100|-100:TCC_AI|DeepStack
STATE:722:cc/cr900f:Qh|As/Ah:-100|100:DeepStack|TCC_AI
STATE:723:r600f:Ah|Ks:100|-100:TCC_AI|DeepStack
STATE:724:cr300c/r1200f:Ks|Ah/Kh:300|-300:DeepStack|TCC_AI
STATE:725:cc/cc:Kh|Qh/As:100|-100:TCC_AI|DeepStack
STATE:726:cc/cc:Qh|Kh/As:-100|100:DeepStack|TCC_AI
STATE:727:r200c/cr1200f:Ks|Qh/Qs:-200|200:TCC_AI|DeepStack
STATE:728:r1200f:As|Qs:100|-100:DeepStack|TCC_AI
STATE:729:cc/r400r1200f:Ks|As/Ah:-400|400:TCC_AI|DeepStack
STATE:730:cr300f:Qh|As:-100|100:DeepStack|TCC_AI
STATE:731:cc/cr300f:As|Ks/Kh:-100|100:TCC_AI|DeepStack
STATE:732:cr200c/cc:As|Ks/Qs:200|-200:DeepStack|TCC_AI
STATE:733:r500r1200f:Qh|Ah:-500|500:TCC_AI|DeepStack
STATE:734:cr300c/cr1200f:Qs|Ah/As:-300|300:DeepStack|TCC_AI
STATE:735:cc/cr300r700f:Kh|Qh/Ks:300|-300:TCC_AI|DeepStack
STATE:736:cr300r1200f:Ah|Qh:300|-300:DeepStack|TCC_AI
STATE:737:r600r1200c/:Ah|As/Qs:0|0:TCC_AI|DeepStack
STATE:738:cc/cr200f:Ah|Kh/Ks:-100|100:DeepStack|TCC_AI
STATE:739:cc/cc:Qh|Kh/As:-100|100:TCC_AI|DeepStack
STATE:740:cc/cc:Qs|Kh/As:-100|100:DeepStack|TCC_AI
STATE:741:cr1200f:Qh|As:-100|100:TCC_AI|DeepStack
STATE:742:cr300f:Qh|Ah:-100|100:DeepStack|TCC_AI
STATE:743:cc/cr300f:Ah|Qs/Qh:-100|100:TCC_AI|DeepStack
STATE:744:cc/cr200f:Qs|Kh/Ks:-100|100:DeepStack|TCC_AI
STATE:745:cc/r400f:Ks|Qs/As:100|-100:TCC_AI|DeepStack
STATE:746:cc/r300f:As|Kh/Ah:100|-100:DeepStack|TCC_AI
STATE:747:cc/cr1200f:Qs|Ah/As:-100|100:TCC_AI|DeepStack
STATE:748:cc/cc:Kh|Qh/As:100|-100:DeepStack|TCC_AI
STATE:749:cr1200f:Qs|As:-100|100:TCC_AI|DeepStack
STATE:750:cr300r1200f:As|Qh:300|-300:DeepStack|TCC_AI
STATE:751:cr300f:Qh|Ks:-100|100:TCC_AI|DeepStack
STATE:752:cr500c/r1200c:Kh|As/Ks:1200|-1200:DeepStack|TCC_AI
STATE:753:cc/cc:Qs|Kh/Ah:-100|100:TCC_AI|DeepStack
STATE:754:cc/cr200f:Qh|Qs/Kh:-100|100:DeepStack|TCC_AI
STATE:755:cr300r900f:Ah|Ks:300|-300:TCC_AI|DeepStack
STATE:756:cr300f:Ks|Ah:-100|100:DeepStack|TCC_AI
STATE:757:cc/cc:Ks|Qs/Kh:100|-100:TCC_AI|DeepStack
STATE:758:cr300f:Qs|Ks:-100|100:DeepStack|TCC_AI
STATE:759:cc/cc:Qh|Qs/Ah:0|0:TCC_AI|DeepStack
STATE:760:cc/r300f:Ks|Qs/Ah:100|-100:DeepStack|TCC_AI
STATE:761:cc/cr300f:Ks|Qh/Qs:-100|100:TCC_AI|DeepStack
STATE:762:r1200f:Ah|Qh:100|-100:DeepStack|TCC_AI
STATE:763:cr300f:Ks|Kh:-100|100:TCC_AI|DeepStack
STATE:764:cr200c/r600c:Kh|Ah/Qh:-600|600:DeepStack|TCC_AI
STATE:765:cc/cr300f:Qh|Kh/Ks:-100|100:TCC_AI|DeepStack
STATE:766:cr300r1200f:As|Kh:300|-300:DeepStack|TCC_AI
STATE:767:cc/cr300f:Ah|Kh/Qs:-100|100:TCC_AI|DeepStack
STATE:768:cc/cr300c:Ah|Qh/Qs:-300|300:DeepStack|TCC_AI
STATE:769:cc/r400f:As|Qs/Ah:100|-100:TCC_AI|DeepStack
STATE:770:cc/cr200f:Ah|Qh/Qs:-100|100:DeepStack|TCC_AI
STATE:771:cc/cr300f:Qs|Qh/Ks:-100|100:TCC_AI|DeepStack
STATE:772:cr300f:Qs|As:-100|100:DeepStack|TCC_AI
STATE:773:cc/cc:Qh|Qs/Kh:0|0:TCC_AI|DeepStack
STATE:774:cr300r1200f:As|Kh:300|-300:DeepStack|TCC_AI
STATE:775:cc/cc:Ah|Ks/As:100|-100:TCC_AI|DeepStack
STATE:776:cr300c/r1200c:Ks|Ah/Qh:-1200|1200:DeepStack|TCC_AI
STATE:777:cc/cc:Kh|Ks/Qs:0|0:TCC_AI|DeepStack
STATE:778:cr300f:Qh|Ah:-100|100:DeepStack|TCC_AI
STATE:779:cc/cc:Qs|Ks/As:-100|100:TCC_AI|DeepStack
STATE:780:cc/cc:Qs|Ah/Kh:-100|100:DeepStack|TCC_AI
STATE:781:r300r900r1200c/:Ah|As/Ks:0|0:TCC_AI|DeepStack
STATE:782:r1200f:Ah|Qh:100|-100:DeepStack|TCC_AI
STATE:783:cc/cr300f:Kh|Qh/Qs:-100|100:TCC_AI|DeepStack
STATE:784:cc/r300c:Kh|Ks/As:0|0:DeepStack|TCC_AI
STATE:785:cr300f:Qs|Ah:-100|100:TCC_AI|DeepStack
STATE:786:cc/cc:Ks|Qs/Kh:100|-100:DeepStack|TCC_AI
STATE:787:cc/r400f:Ks|Qh/Ah:100|-100:TCC_AI|DeepStack
STATE:788:cr300c/cr400c:Ks|Ah/Qh:-400|400:DeepStack|TCC_AI
STATE:789:cc/cc:Qh|Qs/As:0|0:TCC_AI|DeepStack
STATE:790:cr200c/cc:Ks|Kh/As:0|0:DeepStack|TCC_AI
STATE:791:cr300f:Qs|As:-100|100:TCC_AI|DeepStack
STATE:792:r1200f:Ah|Qh:100|-100:DeepStack|TCC_AI
STATE:793:cr300f:Qh|Ah:-100|100:TCC_AI|DeepStack
STATE:794:cr300c/r1200f:Ks|Ah/Kh:300|-300:DeepStack|TCC_AI
STATE:795:cc/cc:Kh|Ks/Ah:0|0:TCC_AI|DeepStack
STATE:796:cc/cc:As|Qh/Ks:100|-100:DeepStack|TCC_AI
STATE:797:cc/cc:Qs|Ks/Ah:-100|100:TCC_AI|DeepStack
STATE:798:cc/cr200f:Qs|Ks/Kh:-100|100:DeepStack|TCC_AI
STATE:799:cr300c/r1200f:Ks|Ah/Qh:300|-300:TCC_AI|DeepStack
STATE:800:cr300f:Qs|Qh:-100|100:DeepStack|TCC_AI
STATE:801:cc/r300f:Ks|Qh/As:100|-100:TCC_AI|DeepStack
STATE:802:cc/r300f:Kh|Qs/As:100|-100:DeepStack|TCC_AI
STATE:803:cr300c/cc:Kh|As/Qs:-300|300:TCC_AI|DeepStack
STATE:804:cr300f:Qh|Ah:-100|100:DeepStack|TCC_AI
STATE:805:r200c/cc:Ah|As/Qh:0|0:TCC_AI|DeepStack
STATE:806:cc/r300f:Kh|Qs/As:100|-100:DeepStack|TCC_AI
STATE:807:r800r1200c/:As|Ah/Qh:0|0:TCC_AI|DeepStack
STATE:808:cc/r300f:Ks|Qs/Ah:100|-100:DeepStack|TCC_AI
STATE:809:r300c/cc:Kh|Qh/Ah:300|-300:TCC_AI|DeepStack
STATE:810:cc/cr400f:Qh|Ks/As:-100|100:DeepStack|TCC_AI
STATE:811:cc/cc:Kh|Ks/As:0|0:TCC_AI|DeepStack
STATE:812:cc/r300c:As|Ks/Ah:300|-300:DeepStack|TCC_AI
STATE:813:cc/r600f:Qh|Qs/As:100|-100:TCC_AI|DeepStack
STATE:814:cc/cc:As|Kh/Qs:100|-100:DeepStack|TCC_AI
STATE:815:r800f:Ah|Kh:100|-100:TCC_AI|DeepStack
STATE:816:cr300f:Qs|As:-100|100:DeepStack|TCC_AI
STATE:817:cc/cr300f:Ks|Kh/Qs:-100|100:TCC_AI|DeepStack
STATE:818:r1200f:As|Kh:100|-100:DeepStack|TCC_AI
STATE:819:cc/cc:Kh|Ks/As:0|0:TCC_AI|DeepStack
STATE:820:cr300r1200c/:As|Ah/Qh:0|0:DeepStack|TCC_AI
STATE:821:cr300f:Qh|Kh:-100|100:TCC_AI|DeepStack
STATE:822:r300r1000f:Kh|As:-300|300:DeepStack|TCC_AI
STATE:823:cc/r500f:Kh|Qs/Ah:100|-100:TCC_AI|DeepStack
STATE:824:cc/cc:Qh|Ks/Ah:-100|100:DeepStack|TCC_AI
STATE:825:cc/r700f:Ah|Ks/As:100|-100:TCC_AI|DeepStack
STATE:826:r1200c/:Ah|As/Kh:0|0:DeepStack|TCC_AI
STATE:827:cc/cc:Ks|Qh/Kh:100|-100:TCC_AI|DeepStack
STATE:828:cc/cc:Qs|Kh/As:-100|100:DeepStack|TCC_AI
STATE:829:cr300r800f:Ah|Qh:300|-300:TCC_AI|DeepStack
STATE:830:r1200f:Ah|Kh:100|-100:DeepStack|TCC_AI
STATE:831:cr300r800f:As|Kh:300|-300:TCC_AI|DeepStack
STATE:832:cr300f:Kh|As:-100|100:DeepStack|TCC_AI
STATE:833:cr1200f:Kh|As:-100|100:TCC_AI|DeepStack
STATE:834:cr300c/cr1100f:Kh|Qs/Ah:-300|300:DeepStack|TCC_AI
STATE:835:r500c/cc:Ah|Qs/Kh:500|-500:TCC_AI|DeepStack
STATE:836:r1200f:As|Kh:100|-100:DeepStack|TCC_AI
STATE:837:cc/cc:Qs|Ks/Qh:100|-100:TCC_AI|DeepStack
STATE:838:cc/cc:Qs|Kh/Qh:100|-100:DeepStack|TCC_AI
STATE:839:cc/cc:Qs|Kh/Ah:-100|100:TCC_AI|DeepStack
STATE:840:cc/cc:Qh|Qs/Ah:0|0:DeepStack|TCC_AI
STATE:841:cc/cc:Qh|Ks/Qs:100|-100:TCC_AI|DeepStack
STATE:842:r1200f:Ah|Qh:100|-100:DeepStack|TCC_AI
STATE:843:cc/cc:Qs|Ah/Kh:-100|100:TCC_AI|DeepStack
STATE:844:cc/cc:Kh|As/Qh:-100|100:DeepStack|TCC_AI
STATE:845:cc/cr300r700f:Kh|Qs/Ks:300|-300:TCC_AI|DeepStack
STATE:846:cc/cc:As|Qh/Kh:100|-100:DeepStack|TCC_AI
STATE:847:cc/r400c:Ah|Ks/As:400|-400:TCC_AI|DeepStack
STATE:848:cr300f:Kh|Ah:-100|100:DeepStack|TCC_AI
STATE:849:cr300f:Qh|Ah:-100|100:TCC_AI|DeepStack
STATE:850:cc/cc:Qs|Qh/Ks:0|0:DeepStack|TCC_AI
STATE:851:cr300f:Qs|Ah:-100|100:TCC_AI|DeepStack
STATE:852:cr400c/r1200f:Ks|Ah/Kh:400|-400:DeepStack|TCC_AI
STATE:853:cc/cr300f:Qh|Ks/Kh:-100|100:TCC_AI|DeepStack
STATE:854:cr300c/cr1100f:Qh|Ah/As:-300|300:DeepStack|TCC_AI
STATE:855:cr300f:Qs|Qh:-100|100:TCC_AI|DeepStack
STATE:856:cc/cr200r1200f:Kh|Qh/Ks:200|-200:DeepStack|TCC_AI
STATE:857:r300r1200f:Ks|Ah:-300|300:TCC_AI|DeepStack
STATE:858:cr200c/cr400f:Ks|Qs/Qh:-200|200:DeepStack|TCC_AI
STATE:859:cc/cr300f:As|Qs/Ks:-100|100:TCC_AI|DeepStack
STATE:860:cc/r300c:Ah|Kh/As:300|-300:DeepStack|TCC_AI
STATE:861:cr300f:Qs|Ah:-100|100:TCC_AI|DeepStack
STATE:862:cc/cr600f:Qs|Kh/Ah:-100|100:DeepStack|TCC_AI
STATE:863:cc/cc:Qs|Kh/Qh:100|-100:TCC_AI|DeepStack
STATE:864:r1200f:Ah|Qs:100|-100:DeepStack|TCC_AI
STATE:865:cr300f:Ks|As:-100|100:TCC_AI|DeepStack
STATE:866:cc/cc:Kh|Ah/Qs:-100|100:DeepStack|TCC_AI
STATE:867:cc/cc:Kh|Ks/Qh:0|0:TCC_AI|DeepStack
STATE:868:cr200c/cr300f:Kh|Ks/Qs:-200|200:DeepStack|TCC_AI
STATE:869:cc/cc:Qs|Kh/Ah:-100|100:TCC_AI|DeepStack
STATE:870:r1200f:As|Qs:100|-100:DeepStack|TCC_AI
STATE:871:cr300f:Qh|Ah:-100|100:TCC_AI|DeepStack
STATE:872:cc/cr200f:Qs|Kh/Ks:-100|100:DeepStack|TCC_AI
STATE:873:cr300c/r1100f:Ks|Ah/Kh:300|-300:TCC_AI|DeepStack
STATE:874:cr300f:Qh|As:-100|100:DeepStack|TCC_AI
STATE:875:cr300c/r1100c:As|Ah/Kh:0|0:TCC_AI|DeepStack
STATE:876:r300f:As|Ks:100|-100:DeepStack|TCC_AI
STATE:877:cc/cr300f:Qs|Kh/Ks:-100|100:TCC_AI|DeepStack
STATE:878:cr300c/cr800c:Ks|Ah/As:-800|800:DeepStack|TCC_AI
STATE:879:cc/r500c:Kh|Ks/As:0|0:TCC_AI|DeepStack
STATE:880:r1200f:As|Kh:100|-100:DeepStack|TCC_AI
STATE:881:cr300f:Qs|Ks:-100|100:TCC_AI|DeepStack
STATE:882:cr300f:Ks|Ah:-100|100:DeepStack|TCC_AI
STATE:883:cr300f:Ks|As:-100|100:TCC_AI|DeepStack
STATE:884:cc/cr200f:Ah|Qh/Ks:-100|100:DeepStack|TCC_AI
STATE:885:cc/cr300f:Ah|Ks/Qs:-100|100:TCC_AI|DeepStack
STATE:886:r1200f:Ah|Ks:100|-100:DeepStack|TCC_AI
STATE:887:cc/cr300f:Ks|Qh/Qs:-100|100:TCC_AI|DeepStack
STATE:888:cc/cc:Qh|Qs/Ks:0|0:DeepStack|TCC_AI
STATE:889:cc/cr300f:Kh|Qs/Qh:-100|100:TCC_AI|DeepStack
STATE:890:cr300f:Kh|As:-100|100:DeepStack|TCC_AI
STATE:891:cr300c/r1100f:Ah|Kh/Qh:300|-300:TCC_AI|DeepStack
STATE:892:cr300f:Qh|Ah:-100|100:DeepStack|TCC_AI
STATE:893:cr300f:Ks|Qh:-100|100:TCC_AI|DeepStack
STATE:894:cc/cc:Qh|Qs/Ks:0|0:DeepStack|TCC_AI
STATE:895:cr300f:Kh|Qh:-100|100:TCC_AI|DeepStack
STATE:896:cc/cr600f:Kh|Ah/As:-100|100:DeepStack|TCC_AI
STATE:897:cc/cc:Kh|Qh/Ks:100|-100:TCC_AI|DeepStack
STATE:898:cc/cr200c:As|Qs/Qh:-200|200:DeepStack|TCC_AI
STATE:899:r600f:As|Ks:100|-100:TCC_AI|DeepStack
STATE:900:cr300c/r1200c:Ks|Ah/Kh:1200|-1200:DeepStack|TCC_AI
STATE:901:r800f:As|Ks:100|-100:TCC_AI|DeepStack
STATE:902:cc/cr300f:As|Kh/Ks:-100|100:DeepStack|TCC_AI
STATE:903:cr1200c/:As|Ah/Qs:0|0:TCC_AI|DeepStack
STATE:904:cr300f:Qs|As:-100|100:DeepStack|TCC_AI
STATE:905:cr300f:Qs|Qh:-100|100:TCC_AI|DeepStack
STATE:906:cr300f:Kh|As:-100|100:DeepStack|TCC_AI
STATE:907:cr300f:Ks|Ah:-100|100:TCC_AI|DeepStack
STATE:908:r1200f:Ah|Qh:100|-100:DeepStack|TCC_AI
STATE:909:cc/cc:Kh|Ks/Qh:0|0:TCC_AI|DeepStack
STATE:910:cc/cc:Qh|Ks/Ah:-100|100:DeepStack|TCC_AI
STATE:911:cc/cc:Qs|Qh/As:0|0:TCC_AI|DeepStack
STATE:912:cr300c/cr1100f:Ks|Ah/As:-300|300:DeepStack|TCC_AI
STATE:913:cc/cr300f:Ah|Qh/Qs:-100|100:TCC_AI|DeepStack
STATE:914:cc/r300f:Kh|Qh/As:100|-100:DeepStack|TCC_AI
STATE:915:cc/cc:As|Qh/Kh:100|-100:TCC_AI|DeepStack
STATE:916:cc/cc:Qs|Qh/As:0|0:DeepStack|TCC_AI
STATE:917:cc/r500c:Ks|Kh/As:0|0:TCC_AI|DeepStack
STATE:918:r1200f:Ah|Ks:100|-100:DeepStack|TCC_AI
STATE:919:r600f:Ah|Qh:100|-100:TCC_AI|DeepStack
STATE:920:cr500f:Qs|Ah:-100|100:DeepStack|TCC_AI
STATE:921:cc/cc:Qh|Qs/Ah:0|0:TCC_AI|DeepStack
STATE:922:cc/cc:Qh|Kh/Qs:100|-100:DeepStack|TCC_AI
STATE:923:cr300f:Ks|As:-100|100:TCC_AI|DeepStack
STATE:924:cr300f:Kh|Ah:-100|100:DeepStack|TCC_AI
STATE:925:cc/cr300c:As|Qh/Qs:-300|300:TCC_AI|DeepStack
STATE:926:cr300c/cr1100f:Qs|As/Ah:-300|300:DeepStack|TCC_AI
STATE:927:r800f:As|Qs:100|-100:TCC_AI|DeepStack
STATE:928:cc/cr200f:Ks|Qh/Qs:-100|100:DeepStack|TCC_AI
STATE:929:cc/cc:Kh|Qs/Ks:100|-100:TCC_AI|DeepStack
STATE:930:r1200c/:As|Ah/Ks:0|0:DeepStack|TCC_AI
STATE:931:cc/cc:Ks|Kh/As:0|0:TCC_AI|DeepStack
STATE:932:cc/cc:Qs|Qh/As:0|0:DeepStack|TCC_AI
STATE:933:cr300f:Ks|Ah:-100|100:TCC_AI|DeepStack
STATE:934:cr300f:Qs|Ah:-100|100:DeepStack|TCC_AI
STATE:935:cc/cc:Qh|Ks/As:-100|100:TCC_AI|DeepStack
STATE:936:cc/cr300f:Kh|Qs/Qh:-100|100:DeepStack|TCC_AI
STATE:937:cc/cc:Ah|Qh/Ks:100|-100:TCC_AI|DeepStack
STATE:938:cc/cc:Qh|Ah/Qs:100|-100:DeepStack|TCC_AI
STATE:939:cr300f:Qs|Ah:-100|100:TCC_AI|DeepStack
STATE:940:r1200f:As|Ks:100|-100:DeepStack|TCC_AI
STATE:941:cc/r300f:Ks|Qs/Ah:100|-100:TCC_AI|DeepStack
STATE:942:cc/cc:Kh|Qh/Ks:100|-100:DeepStack|TCC_AI
STATE:943:cr300f:Qs|As:-100|100:TCC_AI|DeepStack
STATE:944:cc/cc:Qs|Qh/Kh:0|0:DeepStack|TCC_AI
STATE:945:r1100f:Ah|Qh:100|-100:TCC_AI|DeepStack
STATE:946:cc/r300c:Ks|Kh/As:0|0:DeepStack|TCC_AI
STATE:947:cr300r800c/cc:As|Ah/Qh:0|0:TCC_AI|DeepStack
STATE:948:cc/cc:Qh|Qs/Ah:0|0:DeepStack|TCC_AI
STATE:949:cr1200f:Ks|As:-100|100:TCC_AI|DeepStack
STATE:950:cc/cr900f:Kh|Ah/As:-100|100:DeepStack|TCC_AI
STATE:951:r800r1200c/:As|Ah/Kh:0|0:TCC_AI|DeepStack
STATE:952:r1200f:Ah|Kh:100|-100:DeepStack|TCC_AI
STATE:953:cr300f:Kh|Ah:-100|100:TCC_AI|DeepStack
STATE:954:r1200f:As|Qh:100|-100:DeepStack|TCC_AI
STATE:955:cc/cr1200f:Kh|As/Ah:-100|100:TCC_AI|DeepStack
STATE:956:cr500f:Qh|As:-100|100:DeepStack|TCC_AI
STATE:957:cr300c/r900c:Kh|Ah/Ks:900|-900:TCC_AI|DeepStack
STATE:958:cr500f:Kh|As:-100|100:DeepStack|TCC_AI
STATE:959:cc/cc:Kh|Qh/As:100|-100:TCC_AI|DeepStack
STATE:960:cc/r300f:Ah|Qs/As:100|-100:DeepStack|TCC_AI
STATE:961:cc/cr300f:As|Qh/Qs:-100|100:TCC_AI|DeepStack
STATE:962:cc/cc:Ks|Qh/Kh:100|-100:DeepStack|TCC_AI
STATE:963:cc/cr300f:Kh|Qs/Qh:-100|100:TCC_AI|DeepStack
STATE:964:cr500f:Qs|Ah:-100|100:DeepStack|TCC_AI
STATE:965:cc/cr300f:Ah|Qh/Qs:-100|100:TCC_AI|DeepStack
STATE:966:cc/cc:As|Ah/Kh:0|0:DeepStack|TCC_AI
STATE:967:cc/cc:Kh|Qs/As:100|-100:TCC_AI|DeepStack
STATE:968:cr200r600c/cr1200f:Qs|Ah/Ks:-600|600:DeepStack|TCC_AI
STATE:969:r300f:Ah|Qh:100|-100:TCC_AI|DeepStack
STATE:970:cr300f:Qs|Ks:-100|100:DeepStack|TCC_AI
STATE:971:cr300f:Qs|Kh:-100|100:TCC_AI|DeepStack
STATE:972:cr300f:Ks|Qs:-100|100:DeepStack|TCC_AI
STATE:973:cc/cc:Kh|Ks/As:0|0:TCC_AI|DeepStack
STATE:974:cr300f:Qh|Ah:-100|100:DeepStack|TCC_AI
STATE:975:cr300r800f:As|Kh:300|-300:TCC_AI|DeepStack
STATE:976:cr300c/cr1100c:Kh|Ah/As:-1100|1100:DeepStack|TCC_AI
STATE:977:cr300c/cc:Qh|Kh/Ah:-300|300:TCC_AI|DeepStack
STATE:978:cr200c/cc:Qs|Ah/Kh:-200|200:DeepStack|TCC_AI
STATE:979:cc/cc:As|Qs/Kh:100|-100:TCC_AI|DeepStack
STATE:980:cr300r1200c/:As|Ah/Ks:0|0:DeepStack|TCC_AI
STATE:981:cr300f:Qh|As:-100|100:TCC_AI|DeepStack
STATE:982:cc/cr200f:As|Qh/Qs:-100|100:DeepStack|TCC_AI
STATE:983:cr300c/cr1200f:Kh|Qh/Qs:-300|300:TCC_AI|DeepStack
STATE:984:cc/cc:Kh|Qs/As:100|-100:DeepStack|TCC_AI
STATE:985:cr300f:Ks|As:-100|100:TCC_AI|DeepStack
STATE:986:cc/cc:Qs|Ks/Qh:100|-100:DeepStack|TCC_AI
STATE:987:cr300c/cr1200f:Qs|Ks/Ah:-300|300:TCC_AI|DeepStack
STATE:988:cc/cc:Qh|Kh/Ah:-100|100:DeepStack|TCC_AI
STATE:989:cc/cr300f:Ks|Kh/Qh:-100|100:TCC_AI|DeepStack
STATE:990:cr300f:Qs|Ah:-100|100:DeepStack|TCC_AI
STATE:991:cc/cr300f:As|Qh/Qs:-100|100:TCC_AI|DeepStack
STATE:992:cr300r1200f:As|Ks:300|-300:DeepStack|TCC_AI
STATE:993:r600f:As|Ks:100|-100:TCC_AI|DeepStack
STATE:994:cr300f:Qh|As:-100|100:DeepStack|TCC_AI
STATE:995:cc/cr1200f:Qs|As/Ah:-100|100:TCC_AI|DeepStack
STATE:996:cr300f:Kh|Qs:-100|100:DeepStack|TCC_AI
STATE:997:cc/cr300f:Kh|Qs/Qh:-100|100:TCC_AI|DeepStack
STATE:998:cc/cr200f:Ah|Ks/Kh:-100|100:DeepStack|TCC_AI
STATE:999:r300c/cc:Ah|As/Ks:0|0:TCC_AI|DeepStack
SCORE:-6000|6000:DeepStack|TCC_AI
