# name/game/hands/seed c7_cfr20kk_1kgames leduc.game 1000 77
#--t_response 600000
#--t_hand 600000
#--t_per_hand 7000
STATE:0:cc/cr300c:As|Qh/Ks:300|-300:DeepStack|TCC_AI
STATE:1:cc/cc:Qh|Ah/Kh:-100|100:TCC_AI|DeepStack
STATE:2:cc/cc:Qh|Ks/As:-100|100:DeepStack|TCC_AI
STATE:3:r800c/r900r1200c:As|Ah/Kh:0|0:TCC_AI|DeepStack
STATE:4:cc/cr200f:Ks|Qs/Qh:-100|100:DeepStack|TCC_AI
STATE:5:cc/cc:Kh|Qh/Ks:100|-100:TCC_AI|DeepStack
STATE:6:cc/cr200f:Qh|Ks/Kh:-100|100:DeepStack|TCC_AI
STATE:7:cc/cr300c:As|Ks/Qs:300|-300:TCC_AI|DeepStack
STATE:8:cr800r1200c/:Ah|As/Qs:0|0:DeepStack|TCC_AI
STATE:9:cc/cr300f:Kh|Qh/Qs:-100|100:TCC_AI|DeepStack
STATE:10:r1200f:Ah|Kh:100|-100:DeepStack|TCC_AI
STATE:11:cc/cr300f:Qh|Ks/Kh:-100|100:TCC_AI|DeepStack
STATE:12:cr500f:Ks|Qs:-100|100:DeepStack|TCC_AI
STATE:13:cr300f:Qh|Ks:-100|100:TCC_AI|DeepStack
STATE:14:cc/cc:Qh|Qs/As:0|0:DeepStack|TCC_AI
STATE:15:cr300f:Kh|As:-100|100:TCC_AI|DeepStack
STATE:16:r1200f:As|Qh:100|-100:DeepStack|TCC_AI
STATE:17:r800f:Ah|Kh:100|-100:TCC_AI|DeepStack
STATE:18:cc/cc:As|Kh/Qh:100|-100:DeepStack|TCC_AI
STATE:19:cr1200f:Qs|Ah:-100|100:TCC_AI|DeepStack
STATE:20:cc/cc:Ks|Kh/As:0|0:DeepStack|TCC_AI
STATE:21:cr300c/cc:Ks|Ah/Qs:-300|300:TCC_AI|DeepStack
STATE:22:r1200f:Ah|Qs:100|-100:DeepStack|TCC_AI
STATE:23:cc/r400f:Ks|Kh/Ah:100|-100:TCC_AI|DeepStack
STATE:24:cc/cc:As|Ks/Qh:100|-100:DeepStack|TCC_AI
STATE:25:cr300f:Qs|Ah:-100|100:TCC_AI|DeepStack
STATE:26:cc/cc:Ah|Ks/Qh:100|-100:DeepStack|TCC_AI
STATE:27:cc/r400f:Ks|Qs/As:100|-100:TCC_AI|DeepStack
STATE:28:r1200f:As|Qs:100|-100:DeepStack|TCC_AI
STATE:29:cc/cc:Ks|Kh/Qs:0|0:TCC_AI|DeepStack
STATE:30:cc/r300f:Ks|Qs/Ah:100|-100:DeepStack|TCC_AI
STATE:31:cc/cr1200f:Qs|Kh/Ah:-100|100:TCC_AI|DeepStack
STATE:32:cr300f:Kh|As:-100|100:DeepStack|TCC_AI
STATE:33:cc/cc:Qs|Ks/As:-100|100:TCC_AI|DeepStack
STATE:34:r1200c/:Ah|As/Qs:0|0:DeepStack|TCC_AI
STATE:35:cr300f:Ks|Ah:-100|100:TCC_AI|DeepStack
STATE:36:cr300r1200f:Ah|Qs:300|-300:DeepStack|TCC_AI
STATE:37:cr300f:Qh|Ah:-100|100:TCC_AI|DeepStack
STATE:38:cr300c/r900c:As|Ah/Kh:0|0:DeepStack|TCC_AI
STATE:39:cr300f:Ks|As:-100|100:TCC_AI|DeepStack
STATE:40:cr300c/cc:Kh|As/Qh:-300|300:DeepStack|TCC_AI
STATE:41:cc/r300f:Ah|Qs/As:100|-100:TCC_AI|DeepStack
STATE:42:cr300r1200f:As|Kh:300|-300:DeepStack|TCC_AI
STATE:43:cr300f:Qh|Qs:-100|100:TCC_AI|DeepStack
STATE:44:cr200r1200f:Ah|Ks:200|-200:DeepStack|TCC_AI
STATE:45:cr300r800r1200c/:As|Ah/Ks:0|0:TCC_AI|DeepStack
STATE:46:cc/cc:As|Qh/Ks:100|-100:DeepStack|TCC_AI
STATE:47:cc/cc:Qh|Kh/Qs:100|-100:TCC_AI|DeepStack
STATE:48:cc/cr200c:As|Kh/Qh:200|-200:DeepStack|TCC_AI
STATE:49:cr300f:Qs|Ah:-100|100:TCC_AI|DeepStack
STATE:50:cr300f:Qh|Qs:-100|100:DeepStack|TCC_AI
STATE:51:cc/cc:Kh|As/Ks:100|-100:TCC_AI|DeepStack
STATE:52:cc/cc:Kh|Qs/Ks:100|-100:DeepStack|TCC_AI
STATE:53:cc/cc:Ah|Ks/Qh:100|-100:TCC_AI|DeepStack
STATE:54:cc/cr400f:Qs|Kh/Ah:-100|100:DeepStack|TCC_AI
STATE:55:r200c/cc:Kh|Qs/As:200|-200:TCC_AI|DeepStack
STATE:56:cr300f:Qh|As:-100|100:DeepStack|TCC_AI
STATE:57:cr300c/cc:Kh|Ah/Qh:-300|300:TCC_AI|DeepStack
STATE:58:cc/cc:Qs|Kh/As:-100|100:DeepStack|TCC_AI
STATE:59:cc/r400c:Kh|Ks/As:0|0:TCC_AI|DeepStack
STATE:60:cr300r1200c/:Ah|As/Ks:0|0:DeepStack|TCC_AI
STATE:61:cr1200f:Ks|As:-100|100:TCC_AI|DeepStack
STATE:62:cr1200f:Qs|Ah:-100|100:DeepStack|TCC_AI
STATE:63:cc/cc:Ks|Qs/As:100|-100:TCC_AI|DeepStack
STATE:64:cr300f:Kh|Ah:-100|100:DeepStack|TCC_AI
STATE:65:cc/cr300c:As|Qh/Ks:300|-300:TCC_AI|DeepStack
STATE:66:r300c/cc:Ah|Qs/Ks:300|-300:DeepStack|TCC_AI
STATE:67:cc/cr300r900f:Qh|Ks/Qs:300|-300:TCC_AI|DeepStack
STATE:68:cc/cr200f:Kh|Qs/Qh:-100|100:DeepStack|TCC_AI
STATE:69:cc/cc:Qh|Qs/As:0|0:TCC_AI|DeepStack
STATE:70:cr300f:Ks|Ah:-100|100:DeepStack|TCC_AI
STATE:71:cc/cc:Qs|Ah/Qh:100|-100:TCC_AI|DeepStack
STATE:72:cr300f:Qh|Qs:-100|100:DeepStack|TCC_AI
STATE:73:cc/cr300c:Ah|Qs/Qh:-300|300:TCC_AI|DeepStack
STATE:74:cc/cr200f:Qs|Kh/Ks:-100|100:DeepStack|TCC_AI
STATE:75:cc/cc:Ks|Qh/Kh:100|-100:TCC_AI|DeepStack
STATE:76:cc/cc:Ah|As/Ks:0|0:DeepStack|TCC_AI
STATE:77:cr300f:Qs|Kh:-100|100:TCC_AI|DeepStack
STATE:78:r1200f:Ah|Qs:100|-100:DeepStack|TCC_AI
STATE:79:cc/cc:Qs|Ks/Ah:-100|100:TCC_AI|DeepStack
STATE:80:cr300f:Ks|As:-100|100:DeepStack|TCC_AI
STATE:81:cr300f:Ks|As:-100|100:TCC_AI|DeepStack
STATE:82:cc/r300f:Ks|Qs/As:100|-100:DeepStack|TCC_AI
STATE:83:cr300f:Qs|Ah:-100|100:TCC_AI|DeepStack
STATE:84:cr300f:Ks|Kh:-100|100:DeepStack|TCC_AI
STATE:85:cc/cr300r700f:Kh|Qs/Ks:300|-300:TCC_AI|DeepStack
STATE:86:cc/cc:Qh|Ah/Kh:-100|100:DeepStack|TCC_AI
STATE:87:cr300f:Qh|Kh:-100|100:TCC_AI|DeepStack
STATE:88:cr300r1200f:Ah|Kh:300|-300:DeepStack|TCC_AI
STATE:89:cc/r400c:As|Kh/Ah:400|-400:TCC_AI|DeepStack
STATE:90:r300f:As|Ks:100|-100:DeepStack|TCC_AI
STATE:91:cc/cc:Qh|Ks/Ah:-100|100:TCC_AI|DeepStack
STATE:92:cc/cc:Qh|As/Qs:100|-100:DeepStack|TCC_AI
STATE:93:cc/cr300f:As|Qh/Qs:-100|100:TCC_AI|DeepStack
STATE:94:cc/cc:Ks|As/Qh:-100|100:DeepStack|TCC_AI
STATE:95:cr300c/r1200f:Ks|As/Kh:300|-300:TCC_AI|DeepStack
STATE:96:cc/cc:Qh|Qs/Ah:0|0:DeepStack|TCC_AI
STATE:97:r600f:As|Kh:100|-100:TCC_AI|DeepStack
STATE:98:cc/cc:Kh|Qs/As:100|-100:DeepStack|TCC_AI
STATE:99:cc/r500f:Ah|Qs/As:100|-100:TCC_AI|DeepStack
STATE:100:r1200f:Ah|Kh:100|-100:DeepStack|TCC_AI
STATE:101:r600f:Ah|Ks:100|-100:TCC_AI|DeepStack
STATE:102:cc/cc:Kh|Qs/As:100|-100:DeepStack|TCC_AI
STATE:103:cc/cr1200f:Ks|As/Ah:-100|100:TCC_AI|DeepStack
STATE:104:r1200f:Ah|Qs:100|-100:DeepStack|TCC_AI
STATE:105:cr300c/cr1200f:Qh|Ah/Kh:-300|300:TCC_AI|DeepStack
STATE:106:cc/cc:Qs|Qh/Ah:0|0:DeepStack|TCC_AI
STATE:107:cr300f:Qh|Qs:-100|100:TCC_AI|DeepStack
STATE:108:r1200f:As|Qh:100|-100:DeepStack|TCC_AI
STATE:109:cr300r800c/r1000c:As|Ah/Qs:0|0:TCC_AI|DeepStack
STATE:110:cc/cc:Ks|Qs/Kh:100|-100:DeepStack|TCC_AI
STATE:111:cc/cr300f:Ah|Qs/Qh:-100|100:TCC_AI|DeepStack
STATE:112:cc/cc:As|Qh/Kh:100|-100:DeepStack|TCC_AI
STATE:113:r800r1200c/:Ah|As/Qs:0|0:TCC_AI|DeepStack
STATE:114:cc/cc:Qh|Qs/Kh:0|0:DeepStack|TCC_AI
STATE:115:cc/r400f:Ah|Kh/As:100|-100:TCC_AI|DeepStack
STATE:116:cc/r1200f:Ah|Qh/As:100|-100:DeepStack|TCC_AI
STATE:117:cc/cc:Ks|Kh/Qs:0|0:TCC_AI|DeepStack
STATE:118:cc/cc:Ah|Qh/Kh:100|-100:DeepStack|TCC_AI
STATE:119:cc/cr300r500f:Ks|Qs/Kh:300|-300:TCC_AI|DeepStack
STATE:120:cr200r1200c/:As|Ah/Kh:0|0:DeepStack|TCC_AI
STATE:121:cc/cc:As|Ks/Qh:100|-100:TCC_AI|DeepStack
STATE:122:r1200c/:Ah|As/Ks:0|0:DeepStack|TCC_AI
STATE:123:cr300r1200f:As|Ks:300|-300:TCC_AI|DeepStack
STATE:124:cc/r300c:Ks|Kh/As:0|0:DeepStack|TCC_AI
STATE:125:cr300f:Kh|As:-100|100:TCC_AI|DeepStack
STATE:126:r1200f:Ah|Qh:100|-100:DeepStack|TCC_AI
STATE:127:cr300f:Qh|Ah:-100|100:TCC_AI|DeepStack
STATE:128:cr300f:Ks|Ah:-100|100:DeepStack|TCC_AI
STATE:129:cr300f:Kh|As:-100|100:TCC_AI|DeepStack
STATE:130:cr300f:Qh|Ks:-100|100:DeepStack|TCC_AI
STATE:131:cc/cc:Qh|Ks/Qs:100|-100:TCC_AI|DeepStack
STATE:132:cc/cr1100f:Ks|Qs/As:-100|100:DeepStack|TCC_AI
STATE:133:cc/cc:Qh|Kh/Ah:-100|100:TCC_AI|DeepStack
STATE:134:cc/cc:Qs|Ah/Kh:-100|100:DeepStack|TCC_AI
STATE:135:cc/cc:Qs|Kh/As:-100|100:TCC_AI|DeepStack
STATE:136:r1200f:Ah|Qs:100|-100:DeepStack|TCC_AI
STATE:137:cr300r900r1200c/:Ah|As/Qh:0|0:TCC_AI|DeepStack
STATE:138:cc/cc:As|Qs/Kh:100|-100:DeepStack|TCC_AI
STATE:139:cc/r200c:Qs|Kh/As:-200|200:TCC_AI|DeepStack
STATE:140:cr300r1200c/:As|Ah/Qs:0|0:DeepStack|TCC_AI
STATE:141:cr300f:Qh|Ah:-100|100:TCC_AI|DeepStack
STATE:142:r1200c/:As|Ah/Qh:0|0:DeepStack|TCC_AI
STATE:143:cc/cc:As|Ks/Qh:100|-100:TCC_AI|DeepStack
STATE:144:cc/cc:Qh|Qs/As:0|0:DeepStack|TCC_AI
STATE:145:cr300f:Ks|As:-100|100:TCC_AI|DeepStack
STATE:146:cr300c/cc:As|Ah/Qh:0|0:DeepStack|TCC_AI
STATE:147:cc/cc:Ah|Qs/Ks:100|-100:TCC_AI|DeepStack
STATE:148:cc/cc:Ks|Kh/Qs:0|0:DeepStack|TCC_AI
STATE:149:cr300r1000f:Ah|Qs:300|-300:TCC_AI|DeepStack
STATE:150:cr300f:Kh|As:-100|100:DeepStack|TCC_AI
STATE:151:cc/cc:Ah|Qh/Kh:100|-100:TCC_AI|DeepStack
STATE:152:r1200c/:As|Ah/Qs:0|0:DeepStack|TCC_AI
STATE:153:cc/cc:Qs|Qh/Kh:0|0:TCC_AI|DeepStack
STATE:154:cr300f:Kh|Ah:-100|100:DeepStack|TCC_AI
STATE:155:cc/cr300f:Ks|Qs/Qh:-100|100:TCC_AI|DeepStack
STATE:156:cc/cc:As|Qs/Kh:100|-100:DeepStack|TCC_AI
STATE:157:r500f:As|Ks:100|-100:TCC_AI|DeepStack
STATE:158:r300c/cc:Ah|Qs/Kh:300|-300:DeepStack|TCC_AI
STATE:159:cc/cc:Ah|Kh/Qs:100|-100:TCC_AI|DeepStack
STATE:160:cr300f:Qs|As:-100|100:DeepStack|TCC_AI
STATE:161:r600f:Ah|Qs:100|-100:TCC_AI|DeepStack
STATE:162:cr300r1200f:Ah|Ks:300|-300:DeepStack|TCC_AI
STATE:163:cc/cc:Ks|As/Qh:-100|100:TCC_AI|DeepStack
STATE:164:cc/cc:Qh|Qs/Kh:0|0:DeepStack|TCC_AI
STATE:165:r600f:Ah|Kh:100|-100:TCC_AI|DeepStack
STATE:166:cc/cc:Qh|As/Kh:-100|100:DeepStack|TCC_AI
STATE:167:cr300f:Qs|Ah:-100|100:TCC_AI|DeepStack
STATE:168:r1200f:As|Qh:100|-100:DeepStack|TCC_AI
STATE:169:cc/cc:Qh|Kh/Qs:100|-100:TCC_AI|DeepStack
STATE:170:cr300c/cr1100f:Qh|Kh/Ks:-300|300:DeepStack|TCC_AI
STATE:171:cc/cc:Qh|Ks/Qs:100|-100:TCC_AI|DeepStack
STATE:172:cr300c/cc:Qs|Ah/Ks:-300|300:DeepStack|TCC_AI
STATE:173:cr300r800c/cc:As|Qs/Kh:800|-800:TCC_AI|DeepStack
STATE:174:cc/cc:Ah|Qh/Kh:100|-100:DeepStack|TCC_AI
STATE:175:cr300f:Ks|Ah:-100|100:TCC_AI|DeepStack
STATE:176:cr300f:Ks|Ah:-100|100:DeepStack|TCC_AI
STATE:177:cc/cc:Ks|Qh/Kh:100|-100:TCC_AI|DeepStack
STATE:178:cc/cc:Qh|Qs/As:0|0:DeepStack|TCC_AI
STATE:179:cc/cc:Qh|Qs/Ks:0|0:TCC_AI|DeepStack
STATE:180:cr200c/r600f:Qs|Ah/Kh:200|-200:DeepStack|TCC_AI
STATE:181:cc/cr300c:As|Qs/Ks:300|-300:TCC_AI|DeepStack
STATE:182:cr300r1200f:As|Ks:300|-300:DeepStack|TCC_AI
STATE:183:cr300c/cc:Ks|As/Qh:-300|300:TCC_AI|DeepStack
STATE:184:r1200c/:Ah|As/Kh:0|0:DeepStack|TCC_AI
STATE:185:cr300f:Ks|Kh:-100|100:TCC_AI|DeepStack
STATE:186:cr500f:Qh|Ah:-100|100:DeepStack|TCC_AI
STATE:187:cc/cr300f:Kh|Qh/Qs:-100|100:TCC_AI|DeepStack
STATE:188:r1200c/:As|Ah/Kh:0|0:DeepStack|TCC_AI
STATE:189:cc/cc:Qs|As/Kh:-100|100:TCC_AI|DeepStack
STATE:190:cc/cc:Qs|Kh/Ah:-100|100:DeepStack|TCC_AI
STATE:191:cr1200f:Ks|As:-100|100:TCC_AI|DeepStack
STATE:192:r1200f:Ah|Qs:100|-100:DeepStack|TCC_AI
STATE:193:cr300r800c/r1000f:Ah|Kh/Qh:800|-800:TCC_AI|DeepStack
STATE:194:cr400f:Kh|Ah:-100|100:DeepStack|TCC_AI
STATE:195:cc/r300f:Qs|Qh/Ah:100|-100:TCC_AI|DeepStack
STATE:196:r300r800f:Qs|Ah:-300|300:DeepStack|TCC_AI
STATE:197:cr300f:Qs|Kh:-100|100:TCC_AI|DeepStack
STATE:198:r1200f:Ah|Kh:100|-100:DeepStack|TCC_AI
STATE:199:cr300f:Qs|As:-100|100:TCC_AI|DeepStack
STATE:200:cr300f:Qh|Ah:-100|100:DeepStack|TCC_AI
STATE:201:cr300c/cc:Ks|Ah/Qs:-300|300:TCC_AI|DeepStack
STATE:202:cc/cc:Qh|Kh/Qs:100|-100:DeepStack|TCC_AI
STATE:203:cr300f:Ks|Qh:-100|100:TCC_AI|DeepStack
STATE:204:cr300c/r1200c:Qs|Ah/Qh:1200|-1200:DeepStack|TCC_AI
STATE:205:cr300f:Qs|Ah:-100|100:TCC_AI|DeepStack
STATE:206:cr300f:Kh|As:-100|100:DeepStack|TCC_AI
STATE:207:cc/cc:Ah|Qs/Kh:100|-100:TCC_AI|DeepStack
STATE:208:cr200c/cc:Ks|As/Qh:-200|200:DeepStack|TCC_AI
STATE:209:cr300f:Qh|Ah:-100|100:TCC_AI|DeepStack
STATE:210:cc/cr200f:As|Kh/Ks:-100|100:DeepStack|TCC_AI
STATE:211:r800r1200c/:Ah|As/Kh:0|0:TCC_AI|DeepStack
STATE:212:cc/cc:Ah|Ks/Qs:100|-100:DeepStack|TCC_AI
STATE:213:cr300f:Kh|Ah:-100|100:TCC_AI|DeepStack
STATE:214:cc/cc:Ks|Ah/Qh:-100|100:DeepStack|TCC_AI
STATE:215:cr300f:Qs|Ah:-100|100:TCC_AI|DeepStack
STATE:216:cc/cc:Kh|Ks/As:0|0:DeepStack|TCC_AI
STATE:217:cr300f:Kh|As:-100|100:TCC_AI|DeepStack
STATE:218:cc/r1200f:As|Kh/Ah:100|-100:DeepStack|TCC_AI
STATE:219:cc/r400f:Ks|Kh/As:100|-100:TCC_AI|DeepStack
STATE:220:r1200f:Ah|Ks:100|-100:DeepStack|TCC_AI
STATE:221:cr300f:Ks|As:-100|100:TCC_AI|DeepStack
STATE:222:cc/cc:Kh|Ks/Ah:0|0:DeepStack|TCC_AI
STATE:223:cr300r1100r1200c/:Ah|As/Qh:0|0:TCC_AI|DeepStack
STATE:224:r1200f:As|Ks:100|-100:DeepStack|TCC_AI
STATE:225:cc/cr300f:Ks|Qh/Qs:-100|100:TCC_AI|DeepStack
STATE:226:cc/cc:Kh|Ks/Qs:0|0:DeepStack|TCC_AI
STATE:227:cc/cc:Ah|Kh/Qs:100|-100:TCC_AI|DeepStack
STATE:228:cc/cc:Qs|Ks/Ah:-100|100:DeepStack|TCC_AI
STATE:229:cr300f:Kh|Qs:-100|100:TCC_AI|DeepStack
STATE:230:cc/cc:Ah|Kh/Qh:100|-100:DeepStack|TCC_AI
STATE:231:cc/cr300f:Ks|Kh/Qs:-100|100:TCC_AI|DeepStack
STATE:232:cc/cc:As|Kh/Qs:100|-100:DeepStack|TCC_AI
STATE:233:cc/cc:Qh|Kh/Ah:-100|100:TCC_AI|DeepStack
STATE:234:cc/cr200c:As|Qs/Qh:-200|200:DeepStack|TCC_AI
STATE:235:cr300r800f:As|Kh:300|-300:TCC_AI|DeepStack
STATE:236:cc/cr300c:Ah|Qs/Kh:300|-300:DeepStack|TCC_AI
STATE:237:cr300f:Qh|Ah:-100|100:TCC_AI|DeepStack
STATE:238:cr300f:Ks|As:-100|100:DeepStack|TCC_AI
STATE:239:cc/r400r1200c:Ks|Qs/Ah:1200|-1200:TCC_AI|DeepStack
STATE:240:cc/cr200c:As|Kh/Ks:-200|200:DeepStack|TCC_AI
STATE:241:cr300f:Kh|Qs:-100|100:TCC_AI|DeepStack
STATE:242:r1200f:As|Ks:100|-100:DeepStack|TCC_AI
STATE:243:cr300f:Qs|Qh:-100|100:TCC_AI|DeepStack
STATE:244:cc/cc:Ks|Qs/Kh:100|-100:DeepStack|TCC_AI
STATE:245:cr300c/cc:Ks|Ah/Qh:-300|300:TCC_AI|DeepStack
STATE:246:cc/cc:As|Kh/Qh:100|-100:DeepStack|TCC_AI
STATE:247:cc/cc:Ks|Qh/Kh:100|-100:TCC_AI|DeepStack
STATE:248:cc/cc:Ks|Qs/As:100|-100:DeepStack|TCC_AI
STATE:249:cr300r800c/r1200c:As|Ah/Kh:0|0:TCC_AI|DeepStack
STATE:250:r1200f:As|Qs:100|-100:DeepStack|TCC_AI
STATE:251:cc/cc:Kh|Qs/As:100|-100:TCC_AI|DeepStack
STATE:252:cr300c/cr400c:Ah|Ks/Qh:400|-400:DeepStack|TCC_AI
STATE:253:cc/cr300f:Ah|Kh/Ks:-100|100:TCC_AI|DeepStack
STATE:254:cc/cr200c:As|Kh/Ks:-200|200:DeepStack|TCC_AI
STATE:255:cr300r1200c/:Ah|As/Qh:0|0:TCC_AI|DeepStack
STATE:256:cr300c/r1200f:Ks|Ah/Qh:300|-300:DeepStack|TCC_AI
STATE:257:cr300f:Qs|Ah:-100|100:TCC_AI|DeepStack
STATE:258:r300c/r1200f:As|Qs/Ah:300|-300:DeepStack|TCC_AI
STATE:259:cc/cc:Ks|Qs/Kh:100|-100:TCC_AI|DeepStack
STATE:260:cc/cc:Qs|Ks/Ah:-100|100:DeepStack|TCC_AI
STATE:261:cr300f:Ks|Ah:-100|100:TCC_AI|DeepStack
STATE:262:cc/cc:Qh|Qs/Ah:0|0:DeepStack|TCC_AI
STATE:263:r200c/cc:Ah|Kh/Qs:200|-200:TCC_AI|DeepStack
STATE:264:cc/cr200c:As|Qs/Ks:200|-200:DeepStack|TCC_AI
STATE:265:cr300f:Qs|Ah:-100|100:TCC_AI|DeepStack
STATE:266:cr300f:Kh|As:-100|100:DeepStack|TCC_AI
STATE:267:cc/cc:Qs|Ks/Ah:-100|100:TCC_AI|DeepStack
STATE:268:cc/r300f:Ks|Qs/As:100|-100:DeepStack|TCC_AI
STATE:269:cc/cr300f:Ah|Ks/Kh:-100|100:TCC_AI|DeepStack
STATE:270:cr300c/cr900c:Ks|Ah/As:-900|900:DeepStack|TCC_AI
STATE:271:r800r1200c/:Ah|As/Ks:0|0:TCC_AI|DeepStack
STATE:272:cc/cc:Ks|Kh/Qh:0|0:DeepStack|TCC_AI
STATE:273:cc/cc:Ah|As/Ks:0|0:TCC_AI|DeepStack
STATE:274:cc/cc:Qs|Qh/As:0|0:DeepStack|TCC_AI
STATE:275:r800r1200c/:Ah|As/Ks:0|0:TCC_AI|DeepStack
STATE:276:cr300f:Kh|As:-100|100:DeepStack|TCC_AI
STATE:277:cr300r800f:Ah|Kh:300|-300:TCC_AI|DeepStack
STATE:278:cr400f:Qs|As:-100|100:DeepStack|TCC_AI
STATE:279:r800f:Ah|Ks:100|-100:TCC_AI|DeepStack
STATE:280:cr300f:Qh|Ah:-100|100:DeepStack|TCC_AI
STATE:281:cc/cc:Ah|As/Qh:0|0:TCC_AI|DeepStack
STATE:282:cc/r300f:Ks|Qh/Ah:100|-100:DeepStack|TCC_AI
STATE:283:cr300r800c/r1000c:Ah|As/Qh:0|0:TCC_AI|DeepStack
STATE:284:cc/cr200c:As|Ks/Kh:-200|200:DeepStack|TCC_AI
STATE:285:r200c/cr1200f:Ks|Qs/Qh:-200|200:TCC_AI|DeepStack
STATE:286:cc/cr200f:Qh|Ks/Kh:-100|100:DeepStack|TCC_AI
STATE:287:cr300f:Kh|Ah:-100|100:TCC_AI|DeepStack
STATE:288:cr300f:Kh|Ah:-100|100:DeepStack|TCC_AI
STATE:289:cr300f:Kh|Ah:-100|100:TCC_AI|DeepStack
STATE:290:r1200f:As|Qh:100|-100:DeepStack|TCC_AI
STATE:291:cc/cc:Qh|Qs/Ks:0|0:TCC_AI|DeepStack
STATE:292:r1200f:As|Qs:100|-100:DeepStack|TCC_AI
STATE:293:cc/cr300f:Qs|Ks/Kh:-100|100:TCC_AI|DeepStack
STATE:294:cc/cr200f:Qs|Qh/Ks:-100|100:DeepStack|TCC_AI
STATE:295:cr300c/cr1200f:Ks|Qs/Qh:-300|300:TCC_AI|DeepStack
STATE:296:cc/cc:Qh|Ks/As:-100|100:DeepStack|TCC_AI
STATE:297:cr300f:Qs|As:-100|100:TCC_AI|DeepStack
STATE:298:cc/r1200f:Ah|Kh/As:100|-100:DeepStack|TCC_AI
STATE:299:cc/cc:Ks|Kh/As:0|0:TCC_AI|DeepStack
STATE:300:cr300c/r1200c:Ks|Ah/Kh:1200|-1200:DeepStack|TCC_AI
STATE:301:cr300f:Qh|As:-100|100:TCC_AI|DeepStack
STATE:302:cc/cr200f:Ah|Qs/Qh:-100|100:DeepStack|TCC_AI
STATE:303:cc/cr300c:As|Ks/Kh:-300|300:TCC_AI|DeepStack
STATE:304:cc/cr200c:As|Qh/Qs:-200|200:DeepStack|TCC_AI
STATE:305:cc/r500f:Kh|Ks/Ah:100|-100:TCC_AI|DeepStack
STATE:306:r1200f:Ah|Ks:100|-100:DeepStack|TCC_AI
STATE:307:cc/cr300f:Ah|Qs/Qh:-100|100:TCC_AI|DeepStack
STATE:308:r1200f:Ah|Qh:100|-100:DeepStack|TCC_AI
STATE:309:cr300f:Kh|Ah:-100|100:TCC_AI|DeepStack
STATE:310:cc/cc:Ks|Kh/As:0|0:DeepStack|TCC_AI
STATE:311:cr300c/r1200f:Kh|Qs/Ks:300|-300:TCC_AI|DeepStack
STATE:312:cc/cc:Qh|Kh/Ah:-100|100:DeepStack|TCC_AI
STATE:313:cc/cc:Qs|Qh/Kh:0|0:TCC_AI|DeepStack
STATE:314:cc/cc:As|Ah/Ks:0|0:DeepStack|TCC_AI
STATE:315:cr300f:Qh|As:-100|100:TCC_AI|DeepStack
STATE:316:cr300f:Kh|Qh:-100|100:DeepStack|TCC_AI
STATE:317:cc/cr300f:As|Ks/Qs:-100|100:TCC_AI|DeepStack
STATE:318:cc/cr200f:As|Qs/Ks:-100|100:DeepStack|TCC_AI
STATE:319:cr300f:Kh|As:-100|100:TCC_AI|DeepStack
STATE:320:cc/r1200c:Qs|Ks/As:-1200|1200:DeepStack|TCC_AI
STATE:321:cc/r400f:Qh|Ks/As:100|-100:TCC_AI|DeepStack
STATE:322:cc/cc:Qh|Ks/As:-100|100:DeepStack|TCC_AI
STATE:323:cr1200f:Qh|As:-100|100:TCC_AI|DeepStack
STATE:324:cr300f:Qh|As:-100|100:DeepStack|TCC_AI
STATE:325:r300c/cc:Ah|Ks/Qs:300|-300:TCC_AI|DeepStack
STATE:326:cr300f:Kh|Ah:-100|100:DeepStack|TCC_AI
STATE:327:cc/r300c:Ah|Kh/As:300|-300:TCC_AI|DeepStack
STATE:328:cc/r300c:As|Ks/Ah:300|-300:DeepStack|TCC_AI
STATE:329:cc/cc:Qh|Kh/As:-100|100:TCC_AI|DeepStack
STATE:330:cc/cc:Qs|Qh/Ah:0|0:DeepStack|TCC_AI
STATE:331:cc/cc:Kh|Qs/As:100|-100:TCC_AI|DeepStack
STATE:332:cc/cc:Qh|Qs/Kh:0|0:DeepStack|TCC_AI
STATE:333:cc/cc:Kh|Qh/Ks:100|-100:TCC_AI|DeepStack
STATE:334:cr300f:Qs|Ah:-100|100:DeepStack|TCC_AI
STATE:335:cc/cc:Ah|As/Kh:0|0:TCC_AI|DeepStack
STATE:336:cr300f:Ks|Kh:-100|100:DeepStack|TCC_AI
STATE:337:cr300r800c/r900r1200c:Ah|As/Kh:0|0:TCC_AI|DeepStack
STATE:338:cr300c/r1200f:Qs|As/Kh:300|-300:DeepStack|TCC_AI
STATE:339:cc/cr300f:Ah|Qh/Qs:-100|100:TCC_AI|DeepStack
STATE:340:cr300f:Kh|Ks:-100|100:DeepStack|TCC_AI
STATE:341:cr300c/r1100f:Kh|As/Ks:300|-300:TCC_AI|DeepStack
STATE:342:cc/cc:Ah|Qh/Kh:100|-100:DeepStack|TCC_AI
STATE:343:r800f:Ah|Qh:100|-100:TCC_AI|DeepStack
STATE:344:cr300c/r1200f:Kh|Ah/Ks:300|-300:DeepStack|TCC_AI
STATE:345:cr300r1000r1200c/:As|Ah/Qh:0|0:TCC_AI|DeepStack
STATE:346:cc/cc:Ks|Kh/Qs:0|0:DeepStack|TCC_AI
STATE:347:cr300r800c/r1000r1200c:As|Qs/Qh:-1200|1200:TCC_AI|DeepStack
STATE:348:cc/cc:Qs|Ks/As:-100|100:DeepStack|TCC_AI
STATE:349:r600f:As|Kh:100|-100:TCC_AI|DeepStack
STATE:350:cc/cr200c:Ah|Kh/Ks:-200|200:DeepStack|TCC_AI
STATE:351:cr300f:Qs|Ks:-100|100:TCC_AI|DeepStack
STATE:352:cr200c/cr1000f:Qs|Qh/As:-200|200:DeepStack|TCC_AI
STATE:353:cc/cc:Qs|As/Ks:-100|100:TCC_AI|DeepStack
STATE:354:cr300c/cr1100r1200c:Ks|As/Ah:-1200|1200:DeepStack|TCC_AI
STATE:355:cr300c/cr1200f:Kh|As/Ah:-300|300:TCC_AI|DeepStack
STATE:356:cr300r1200c/:Ah|As/Qh:0|0:DeepStack|TCC_AI
STATE:357:cc/cc:Qh|Ks/Ah:-100|100:TCC_AI|DeepStack
STATE:358:cc/cc:Kh|Ah/Qs:-100|100:DeepStack|TCC_AI
STATE:359:cr300c/cc:Kh|As/Qh:-300|300:TCC_AI|DeepStack
STATE:360:cc/cr200r1200f:Qs|Kh/Qh:200|-200:DeepStack|TCC_AI
STATE:361:cc/cc:As|Qh/Ks:100|-100:TCC_AI|DeepStack
STATE:362:cc/cc:Ah|Kh/Qh:100|-100:DeepStack|TCC_AI
STATE:363:cr300r800r1200c/:Ah|As/Qh:0|0:TCC_AI|DeepStack
STATE:364:cc/cr200f:Ks|Qs/Qh:-100|100:DeepStack|TCC_AI
STATE:365:cc/cc:Qh|Qs/Ah:0|0:TCC_AI|DeepStack
STATE:366:cc/cr200f:Qh|Qs/Ks:-100|100:DeepStack|TCC_AI
STATE:367:cc/cc:Qh|As/Qs:100|-100:TCC_AI|DeepStack
STATE:368:cc/cc:Qh|Kh/Qs:100|-100:DeepStack|TCC_AI
STATE:369:cc/cr300f:Qh|Qs/Ks:-100|100:TCC_AI|DeepStack
STATE:370:cc/cr200f:Ah|Qs/Kh:-100|100:DeepStack|TCC_AI
STATE:371:r600r1200c/:As|Ah/Qs:0|0:TCC_AI|DeepStack
STATE:372:cr300c/cr1000f:Ks|Kh/Ah:-300|300:DeepStack|TCC_AI
STATE:373:cc/cc:Qh|Ks/Qs:100|-100:TCC_AI|DeepStack
STATE:374:r1200f:Ah|Qs:100|-100:DeepStack|TCC_AI
STATE:375:cr300f:Qh|Ah:-100|100:TCC_AI|DeepStack
STATE:376:r300c/cr700f:As|Kh/Ks:-300|300:DeepStack|TCC_AI
STATE:377:cr300f:Qh|Kh:-100|100:TCC_AI|DeepStack
STATE:378:cc/cc:Ks|Kh/Ah:0|0:DeepStack|TCC_AI
STATE:379:r800f:Ah|Qh:100|-100:TCC_AI|DeepStack
STATE:380:cc/cc:Qs|Ah/Kh:-100|100:DeepStack|TCC_AI
STATE:381:r300f:As|Qh:100|-100:TCC_AI|DeepStack
STATE:382:cc/r300f:Ah|Qh/As:100|-100:DeepStack|TCC_AI
STATE:383:cr300f:Qh|Ah:-100|100:TCC_AI|DeepStack
STATE:384:cc/cr200f:Qs|Kh/Ks:-100|100:DeepStack|TCC_AI
STATE:385:cc/cc:As|Qh/Ah:100|-100:TCC_AI|DeepStack
STATE:386:cr300f:Qh|As:-100|100:DeepStack|TCC_AI
STATE:387:r800f:Ah|Ks:100|-100:TCC_AI|DeepStack
STATE:388:cc/cr200f:As|Kh/Qh:-100|100:DeepStack|TCC_AI
STATE:389:cr300r800r1200c/:As|Ah/Ks:0|0:TCC_AI|DeepStack
STATE:390:cr300f:Kh|Qs:-100|100:DeepStack|TCC_AI
STATE:391:r800f:Ah|Qh:100|-100:TCC_AI|DeepStack
STATE:392:r1200c/:As|Ah/Qh:0|0:DeepStack|TCC_AI
STATE:393:cr300f:Qs|Qh:-100|100:TCC_AI|DeepStack
STATE:394:cr300c/r1200f:Ks|Qs/Kh:300|-300:DeepStack|TCC_AI
STATE:395:cc/r500f:Kh|Ks/As:100|-100:TCC_AI|DeepStack
STATE:396:cc/cc:Ah|Kh/Qs:100|-100:DeepStack|TCC_AI
STATE:397:cc/cc:Ks|Kh/As:0|0:TCC_AI|DeepStack
STATE:398:cc/cc:Qh|Kh/As:-100|100:DeepStack|TCC_AI
STATE:399:cc/cc:Qh|Ks/As:-100|100:TCC_AI|DeepStack
STATE:400:cr300f:Kh|Ah:-100|100:DeepStack|TCC_AI
STATE:401:r500f:Ah|Qh:100|-100:TCC_AI|DeepStack
STATE:402:cc/r300r700f:Kh|Ah/As:-300|300:DeepStack|TCC_AI
STATE:403:cr300f:Qh|Kh:-100|100:TCC_AI|DeepStack
STATE:404:cr300c/r1200c:Ks|Ah/Kh:1200|-1200:DeepStack|TCC_AI
STATE:405:cc/cc:Qs|Qh/Kh:0|0:TCC_AI|DeepStack
STATE:406:cr300f:Qh|As:-100|100:DeepStack|TCC_AI
STATE:407:cr300f:Ks|As:-100|100:TCC_AI|DeepStack
STATE:408:cr300f:Ks|Qs:-100|100:DeepStack|TCC_AI
STATE:409:cr300f:Kh|Qs:-100|100:TCC_AI|DeepStack
STATE:410:cr300f:Kh|Ah:-100|100:DeepStack|TCC_AI
STATE:411:cc/cr300r1000f:Qh|Ks/Qs:300|-300:TCC_AI|DeepStack
STATE:412:cr300f:Qs|As:-100|100:DeepStack|TCC_AI
STATE:413:cc/cc:Qh|Ah/Kh:-100|100:TCC_AI|DeepStack
STATE:414:cc/cr200f:Qs|Ks/Kh:-100|100:DeepStack|TCC_AI
STATE:415:cr300r800f:Ah|Ks:300|-300:TCC_AI|DeepStack
STATE:416:cc/r300r500f:Ks|Ah/As:-300|300:DeepStack|TCC_AI
STATE:417:cr300f:Kh|As:-100|100:TCC_AI|DeepStack
STATE:418:cr500f:Qh|Ah:-100|100:DeepStack|TCC_AI
STATE:419:cc/cc:Ks|Kh/Ah:0|0:TCC_AI|DeepStack
STATE:420:r1200c/:As|Ah/Qs:0|0:DeepStack|TCC_AI
STATE:421:cr300f:Ks|As:-100|100:TCC_AI|DeepStack
STATE:422:cr300f:Qs|As:-100|100:DeepStack|TCC_AI
STATE:423:r300r1200f:Ks|As:-300|300:TCC_AI|DeepStack
STATE:424:cc/cc:Qh|Ks/As:-100|100:DeepStack|TCC_AI
STATE:425:cc/cr300f:Kh|Qh/Qs:-100|100:TCC_AI|DeepStack
STATE:426:cc/r300f:Ks|Qs/Ah:100|-100:DeepStack|TCC_AI
STATE:427:cr300f:Qs|Ah:-100|100:TCC_AI|DeepStack
STATE:428:r1200f:Ah|Ks:100|-100:DeepStack|TCC_AI
STATE:429:cc/cr1200f:Qh|As/Ah:-100|100:TCC_AI|DeepStack
STATE:430:cr300f:Kh|Ks:-100|100:DeepStack|TCC_AI
STATE:431:cr300f:Ks|Ah:-100|100:TCC_AI|DeepStack
STATE:432:cc/cr200f:Ks|Qh/Qs:-100|100:DeepStack|TCC_AI
STATE:433:cc/cc:Qh|Qs/Ah:0|0:TCC_AI|DeepStack
STATE:434:cr300f:Qh|As:-100|100:DeepStack|TCC_AI
STATE:435:cr300f:Qs|Qh:-100|100:TCC_AI|DeepStack
STATE:436:r300c/cc:Ah|Ks/As:300|-300:DeepStack|TCC_AI
STATE:437:r800f:As|Ks:100|-100:TCC_AI|DeepStack
STATE:438:cr300f:Qh|Ah:-100|100:DeepStack|TCC_AI
STATE:439:cr300c/cc:Kh|Ah/Ks:300|-300:TCC_AI|DeepStack
STATE:440:cc/cc:As|Qs/Ks:100|-100:DeepStack|TCC_AI
STATE:441:cr1200f:Kh|Ah:-100|100:TCC_AI|DeepStack
STATE:442:cr300f:Qh|Kh:-100|100:DeepStack|TCC_AI
STATE:443:r600f:Ah|Kh:100|-100:TCC_AI|DeepStack
STATE:444:cc/cc:Ah|Ks/Qh:100|-100:DeepStack|TCC_AI
STATE:445:cc/cc:Ks|Ah/Qh:-100|100:TCC_AI|DeepStack
STATE:446:cc/cc:Ks|Kh/Ah:0|0:DeepStack|TCC_AI
STATE:447:cc/r700f:Ah|Kh/As:100|-100:TCC_AI|DeepStack
STATE:448:cc/cc:Qh|Kh/Qs:100|-100:DeepStack|TCC_AI
STATE:449:r800f:As|Qs:100|-100:TCC_AI|DeepStack
STATE:450:cc/cc:Qs|Qh/Ks:0|0:DeepStack|TCC_AI
STATE:451:cc/cc:Qh|Qs/As:0|0:TCC_AI|DeepStack
STATE:452:r300f:Ks|Qh:100|-100:DeepStack|TCC_AI
STATE:453:r800f:As|Qs:100|-100:TCC_AI|DeepStack
STATE:454:cc/r300f:As|Qh/Ah:100|-100:DeepStack|TCC_AI
STATE:455:cc/cr300f:Ah|Qh/Qs:-100|100:TCC_AI|DeepStack
STATE:456:cc/cr200f:Ah|Kh/Ks:-100|100:DeepStack|TCC_AI
STATE:457:cr1200f:Qh|As:-100|100:TCC_AI|DeepStack
STATE:458:cc/cc:Qh|Qs/Ah:0|0:DeepStack|TCC_AI
STATE:459:r600f:As|Qh:100|-100:TCC_AI|DeepStack
STATE:460:cc/r300r600f:Kh|Ks/Ah:-300|300:DeepStack|TCC_AI
STATE:461:cc/cc:Qs|Qh/Ah:0|0:TCC_AI|DeepStack
STATE:462:r1200f:Ah|Qh:100|-100:DeepStack|TCC_AI
STATE:463:cr300f:Ks|Kh:-100|100:TCC_AI|DeepStack
STATE:464:cc/cr200f:Ks|Qh/Qs:-100|100:DeepStack|TCC_AI
STATE:465:cr300f:Qh|Ah:-100|100:TCC_AI|DeepStack
STATE:466:cc/cc:Ah|Kh/Qh:100|-100:DeepStack|TCC_AI
STATE:467:cc/cc:Ah|Qs/Kh:100|-100:TCC_AI|DeepStack
STATE:468:r1200c/:Ah|As/Qs:0|0:DeepStack|TCC_AI
STATE:469:cr300f:Kh|As:-100|100:TCC_AI|DeepStack
STATE:470:cc/cr400f:Qs|Ks/As:-100|100:DeepStack|TCC_AI
STATE:471:cc/cr300f:Qs|Qh/Ks:-100|100:TCC_AI|DeepStack
STATE:472:r300c/cc:Kh|Ks/As:0|0:DeepStack|TCC_AI
STATE:473:cc/cc:Qh|Kh/Ah:-100|100:TCC_AI|DeepStack
STATE:474:cr200c/r600c:Kh|As/Qh:-600|600:DeepStack|TCC_AI
STATE:475:cc/cc:Ah|Qs/Kh:100|-100:TCC_AI|DeepStack
STATE:476:cc/cc:Qs|As/Ks:-100|100:DeepStack|TCC_AI
STATE:477:cr300f:Qs|Ah:-100|100:TCC_AI|DeepStack
STATE:478:cr300f:Qh|As:-100|100:DeepStack|TCC_AI
STATE:479:cc/r600f:Ah|Qs/As:100|-100:TCC_AI|DeepStack
STATE:480:cr300f:Qs|Qh:-100|100:DeepStack|TCC_AI
STATE:481:cr300f:Qs|Kh:-100|100:TCC_AI|DeepStack
STATE:482:cr300f:Ks|As:-100|100:DeepStack|TCC_AI
STATE:483:cr300c/cc:Ks|Kh/Qs:0|0:TCC_AI|DeepStack
STATE:484:cc/cc:Ks|Qs/Ah:100|-100:DeepStack|TCC_AI
STATE:485:cr1200f:Kh|As:-100|100:TCC_AI|DeepStack
STATE:486:cc/r300f:As|Qh/Ah:100|-100:DeepStack|TCC_AI
STATE:487:cc/cc:Qh|Kh/Qs:100|-100:TCC_AI|DeepStack
STATE:488:r1200f:As|Ks:100|-100:DeepStack|TCC_AI
STATE:489:cr300f:Qh|As:-100|100:TCC_AI|DeepStack
STATE:490:cc/cc:Kh|Qs/Ks:100|-100:DeepStack|TCC_AI
STATE:491:cr300f:Qh|As:-100|100:TCC_AI|DeepStack
STATE:492:cc/cr300c:Ah|Qh/Ks:300|-300:DeepStack|TCC_AI
STATE:493:cc/cc:Qs|Qh/As:0|0:TCC_AI|DeepStack
STATE:494:cc/cc:Qh|Qs/Ah:0|0:DeepStack|TCC_AI
STATE:495:cc/cr300c:As|Qs/Qh:-300|300:TCC_AI|DeepStack
STATE:496:cr300f:Qs|As:-100|100:DeepStack|TCC_AI
STATE:497:cc/r1000f:Qh|Ks/Ah:100|-100:TCC_AI|DeepStack
STATE:498:cc/cc:Ks|Qh/Kh:100|-100:DeepStack|TCC_AI
STATE:499:cc/r600f:Ah|Qh/As:100|-100:TCC_AI|DeepStack
STATE:500:cc/cc:Ah|Ks/Qh:100|-100:DeepStack|TCC_AI
STATE:501:cr300f:Kh|As:-100|100:TCC_AI|DeepStack
STATE:502:r1200f:Ah|Qh:100|-100:DeepStack|TCC_AI
STATE:503:cr300f:Qh|As:-100|100:TCC_AI|DeepStack
STATE:504:cr200c/cr1100f:Ks|Qh/As:-200|200:DeepStack|TCC_AI
STATE:505:cr300f:Ks|Kh:-100|100:TCC_AI|DeepStack
STATE:506:cr300c/cc:Qs|Ah/Kh:-300|300:DeepStack|TCC_AI
STATE:507:r200c/cc:Ks|Kh/As:0|0:TCC_AI|DeepStack
STATE:508:cc/r300r1100f:Qs|Kh/Ks:-300|300:DeepStack|TCC_AI
STATE:509:cc/cr300f:As|Qh/Qs:-100|100:TCC_AI|DeepStack
STATE:510:cc/cc:Qs|Qh/As:0|0:DeepStack|TCC_AI
STATE:511:cc/cc:Ah|As/Qh:0|0:TCC_AI|DeepStack
STATE:512:cr300c/cr1100c:Ks|Qs/Ah:1100|-1100:DeepStack|TCC_AI
STATE:513:cc/cc:Kh|As/Ks:100|-100:TCC_AI|DeepStack
STATE:514:cc/r300c:Kh|Ks/As:0|0:DeepStack|TCC_AI
STATE:515:cr300f:Kh|Ks:-100|100:TCC_AI|DeepStack
STATE:516:cc/cc:Qs|Kh/As:-100|100:DeepStack|TCC_AI
STATE:517:r500r1200c/:Ah|As/Ks:0|0:TCC_AI|DeepStack
STATE:518:r1200f:As|Kh:100|-100:DeepStack|TCC_AI
STATE:519:cr300c/r900f:Ks|As/Kh:300|-300:TCC_AI|DeepStack
STATE:520:cr300f:Ks|Ah:-100|100:DeepStack|TCC_AI
STATE:521:cr1200f:Kh|Ah:-100|100:TCC_AI|DeepStack
STATE:522:cc/cr200f:As|Ks/Qh:-100|100:DeepStack|TCC_AI
STATE:523:cc/cr300f:As|Kh/Ks:-100|100:TCC_AI|DeepStack
STATE:524:cc/cc:Qh|Kh/Ah:-100|100:DeepStack|TCC_AI
STATE:525:cr300f:Ks|Ah:-100|100:TCC_AI|DeepStack
STATE:526:cc/cc:Qs|Qh/As:0|0:DeepStack|TCC_AI
STATE:527:r600f:As|Qh:100|-100:TCC_AI|DeepStack
STATE:528:cr300c/cr400c:Ks|Kh/Qh:0|0:DeepStack|TCC_AI
STATE:529:cc/cr300f:As|Ks/Qs:-100|100:TCC_AI|DeepStack
STATE:530:r1200f:Ah|Kh:100|-100:DeepStack|TCC_AI
STATE:531:cc/cc:Ks|Qs/Kh:100|-100:TCC_AI|DeepStack
STATE:532:cr300r1200c/:As|Ah/Ks:0|0:DeepStack|TCC_AI
STATE:533:cr300f:Ks|Ah:-100|100:TCC_AI|DeepStack
STATE:534:cc/r300c:Kh|Ks/As:0|0:DeepStack|TCC_AI
STATE:535:cc/cc:Qh|Kh/As:-100|100:TCC_AI|DeepStack
STATE:536:cr300f:Qh|As:-100|100:DeepStack|TCC_AI
STATE:537:cc/cc:Qh|Kh/Ah:-100|100:TCC_AI|DeepStack
STATE:538:cc/cc:Kh|Ks/Qh:0|0:DeepStack|TCC_AI
STATE:539:cr300r1000f:Ah|Qs:300|-300:TCC_AI|DeepStack
STATE:540:cc/cc:Ah|Ks/Qh:100|-100:DeepStack|TCC_AI
STATE:541:cr300f:Qs|As:-100|100:TCC_AI|DeepStack
STATE:542:cr200c/cr300f:Ks|Ah/Qs:-200|200:DeepStack|TCC_AI
STATE:543:cc/cr300f:Qh|Ks/Kh:-100|100:TCC_AI|DeepStack
STATE:544:cr300r1200c/:Ah|As/Kh:0|0:DeepStack|TCC_AI
STATE:545:cr300c/cc:Ah|Ks/Qh:300|-300:TCC_AI|DeepStack
STATE:546:cc/cc:As|Ks/Qs:100|-100:DeepStack|TCC_AI
STATE:547:cc/cr1200f:Ks|Ah/As:-100|100:TCC_AI|DeepStack
STATE:548:cc/cr200f:Qh|Qs/Kh:-100|100:DeepStack|TCC_AI
STATE:549:cc/cc:Qh|Qs/Ah:0|0:TCC_AI|DeepStack
STATE:550:cc/cc:Kh|Ks/Ah:0|0:DeepStack|TCC_AI
STATE:551:cr300r800f:Ah|Kh:300|-300:TCC_AI|DeepStack
STATE:552:cr300f:Ks|Ah:-100|100:DeepStack|TCC_AI
STATE:553:cc/cr300f:Ks|Qh/Qs:-100|100:TCC_AI|DeepStack
STATE:554:cc/cc:As|Ks/Qh:100|-100:DeepStack|TCC_AI
STATE:555:cc/cc:Ks|Kh/Qs:0|0:TCC_AI|DeepStack
STATE:556:cc/cr200f:Ah|Qs/Qh:-100|100:DeepStack|TCC_AI
STATE:557:r800f:Ah|Qh:100|-100:TCC_AI|DeepStack
STATE:558:cc/cr300r900f:Kh|Qh/Ks:300|-300:DeepStack|TCC_AI
STATE:559:r800f:As|Qh:100|-100:TCC_AI|DeepStack
STATE:560:cc/cc:Qh|Kh/As:-100|100:DeepStack|TCC_AI
STATE:561:cc/cr300f:Ks|Qs/Qh:-100|100:TCC_AI|DeepStack
STATE:562:cr300f:Qh|As:-100|100:DeepStack|TCC_AI
STATE:563:cr300c/cc:Qs|Kh/Ah:-300|300:TCC_AI|DeepStack
STATE:564:cr500c/cr1100f:Qs|As/Ks:-500|500:DeepStack|TCC_AI
STATE:565:cc/cc:Ks|Ah/Qs:-100|100:TCC_AI|DeepStack
STATE:566:cc/cr200f:Qs|Kh/Ks:-100|100:DeepStack|TCC_AI
STATE:567:cr300f:Qs|Ah:-100|100:TCC_AI|DeepStack
STATE:568:cr300r1200f:Ah|Qh:300|-300:DeepStack|TCC_AI
STATE:569:cc/cc:Kh|Ks/Qh:0|0:TCC_AI|DeepStack
STATE:570:cr300f:Kh|Qh:-100|100:DeepStack|TCC_AI
STATE:571:cr300c/cr1200f:Ks|Ah/As:-300|300:TCC_AI|DeepStack
STATE:572:cc/cc:As|Ah/Qs:0|0:DeepStack|TCC_AI
STATE:573:cc/cc:Qs|Qh/Ah:0|0:TCC_AI|DeepStack
STATE:574:cc/cr400f:Qh|Kh/Ah:-100|100:DeepStack|TCC_AI
STATE:575:cr300f:Kh|As:-100|100:TCC_AI|DeepStack
STATE:576:cr300c/r1200c:Qs|Ah/Kh:-1200|1200:DeepStack|TCC_AI
STATE:577:cr300r800c/r1100c:As|Ah/Qh:0|0:TCC_AI|DeepStack
STATE:578:r1200f:As|Qh:100|-100:DeepStack|TCC_AI
STATE:579:cr1200f:Ks|Ah:-100|100:TCC_AI|DeepStack
STATE:580:r1200f:Ah|Qs:100|-100:DeepStack|TCC_AI
STATE:581:cr1200f:Kh|Ah:-100|100:TCC_AI|DeepStack
STATE:582:cc/cr200f:Qs|Ks/Kh:-100|100:DeepStack|TCC_AI
STATE:583:cr300c/cc:Ah|Qh/Kh:300|-300:TCC_AI|DeepStack
STATE:584:cc/cc:Ks|Kh/Qs:0|0:DeepStack|TCC_AI
STATE:585:cc/r400r1200f:Kh|As/Ah:-400|400:TCC_AI|DeepStack
STATE:586:cc/r300f:Ks|Qh/Ah:100|-100:DeepStack|TCC_AI
STATE:587:cc/cc:Kh|As/Qs:-100|100:TCC_AI|DeepStack
STATE:588:cr300f:Qh|Kh:-100|100:DeepStack|TCC_AI
STATE:589:cc/r500c:Ah|Kh/As:500|-500:TCC_AI|DeepStack
STATE:590:cc/cc:Qs|Qh/Kh:0|0:DeepStack|TCC_AI
STATE:591:cc/cc:Kh|Qs/Ks:100|-100:TCC_AI|DeepStack
STATE:592:r1200f:As|Kh:100|-100:DeepStack|TCC_AI
STATE:593:cr300c/cr1200f:Kh|As/Ah:-300|300:TCC_AI|DeepStack
STATE:594:cc/cc:Qh|Qs/As:0|0:DeepStack|TCC_AI
STATE:595:cc/r400f:Ks|Qs/Ah:100|-100:TCC_AI|DeepStack
STATE:596:cc/cc:Qs|Ks/Qh:100|-100:DeepStack|TCC_AI
STATE:597:cr300r1200f:Ah|Qs:300|-300:TCC_AI|DeepStack
STATE:598:cc/cc:Kh|Qs/Ks:100|-100:DeepStack|TCC_AI
STATE:599:cc/cc:Ks|Qs/Ah:100|-100:TCC_AI|DeepStack
STATE:600:cr300c/cr1100f:Ks|Qh/Qs:-300|300:DeepStack|TCC_AI
STATE:601:cc/cr300f:Kh|Qh/Qs:-100|100:TCC_AI|DeepStack
STATE:602:cc/cc:Qh|Ks/As:-100|100:DeepStack|TCC_AI
STATE:603:cr300f:Ks|Qh:-100|100:TCC_AI|DeepStack
STATE:604:cr600f:Ks|Ah:-100|100:DeepStack|TCC_AI
STATE:605:cr300f:Qh|As:-100|100:TCC_AI|DeepStack
STATE:606:r1200f:Ah|Qh:100|-100:DeepStack|TCC_AI
STATE:607:cc/cr300f:As|Ks/Kh:-100|100:TCC_AI|DeepStack
STATE:608:cr200c/cr1200f:Kh|Qh/Ah:-200|200:DeepStack|TCC_AI
STATE:609:cr300f:Ks|As:-100|100:TCC_AI|DeepStack
STATE:610:cc/cc:As|Ks/Qs:100|-100:DeepStack|TCC_AI
STATE:611:cc/cc:Ah|Ks/Qh:100|-100:TCC_AI|DeepStack
STATE:612:cr300r1200c/:Ah|As/Qh:0|0:DeepStack|TCC_AI
STATE:613:cc/r300f:Kh|Ks/As:100|-100:TCC_AI|DeepStack
STATE:614:cc/cc:Kh|Ks/Qh:0|0:DeepStack|TCC_AI
STATE:615:cr300f:Ks|Ah:-100|100:TCC_AI|DeepStack
STATE:616:cr300f:Kh|Qs:-100|100:DeepStack|TCC_AI
STATE:617:cc/r400f:Ah|Ks/As:100|-100:TCC_AI|DeepStack
STATE:618:cr400f:Ks|Ah:-100|100:DeepStack|TCC_AI
STATE:619:cr300r1100r1200c/:Ah|As/Qh:0|0:TCC_AI|DeepStack
STATE:620:cr300f:Qh|As:-100|100:DeepStack|TCC_AI
STATE:621:cc/r400f:Ks|Kh/Ah:100|-100:TCC_AI|DeepStack
STATE:622:cr300c/cr400c:Qs|Ah/Kh:-400|400:DeepStack|TCC_AI
STATE:623:cc/cr300f:Ks|Kh/Qh:-100|100:TCC_AI|DeepStack
STATE:624:cr300c/cc:As|Ah/Qs:0|0:DeepStack|TCC_AI
STATE:625:cc/cc:Ks|Qh/Ah:100|-100:TCC_AI|DeepStack
STATE:626:cc/cr300f:Kh|Qs/Qh:-100|100:DeepStack|TCC_AI
STATE:627:cc/cc:As|Qh/Ks:100|-100:TCC_AI|DeepStack
STATE:628:cr500f:Qs|Ah:-100|100:DeepStack|TCC_AI
STATE:629:cc/cr300f:Ks|Qs/Qh:-100|100:TCC_AI|DeepStack
STATE:630:r300c/cr1100f:As|Qs/Qh:-300|300:DeepStack|TCC_AI
STATE:631:cr1200f:Qh|Ah:-100|100:TCC_AI|DeepStack
STATE:632:cr300f:Qh|As:-100|100:DeepStack|TCC_AI
STATE:633:cr300f:Ks|Ah:-100|100:TCC_AI|DeepStack
STATE:634:cc/cc:Ks|Ah/Qs:-100|100:DeepStack|TCC_AI
STATE:635:cc/cc:Qs|Ah/Kh:-100|100:TCC_AI|DeepStack
STATE:636:r300c/r1200f:Kh|Ks/Ah:300|-300:DeepStack|TCC_AI
STATE:637:cc/cr300f:Ks|Qh/Qs:-100|100:TCC_AI|DeepStack
STATE:638:cr300f:Kh|Qh:-100|100:DeepStack|TCC_AI
STATE:639:cc/cr300f:Ks|Qs/Qh:-100|100:TCC_AI|DeepStack
STATE:640:cr400f:Ks|Ah:-100|100:DeepStack|TCC_AI
STATE:641:cc/cc:As|Qh/Ks:100|-100:TCC_AI|DeepStack
STATE:642:cc/cc:Ah|As/Qh:0|0:DeepStack|TCC_AI
STATE:643:cc/cc:Qh|Qs/Ah:0|0:TCC_AI|DeepStack
STATE:644:cr300c/r1200f:Ks|Ah/Kh:300|-300:DeepStack|TCC_AI
STATE:645:cr300f:Ks|Ah:-100|100:TCC_AI|DeepStack
STATE:646:cc/cr200f:Qh|Ks/Kh:-100|100:DeepStack|TCC_AI
STATE:647:cc/r500c:Ks|Kh/As:0|0:TCC_AI|DeepStack
STATE:648:cc/r300f:As|Qh/Ah:100|-100:DeepStack|TCC_AI
STATE:649:cr1200f:Ks|As:-100|100:TCC_AI|DeepStack
STATE:650:cc/r300f:Ks|Kh/Ah:100|-100:DeepStack|TCC_AI
STATE:651:cc/cc:Ah|Kh/Qh:100|-100:TCC_AI|DeepStack
STATE:652:cr300f:Ks|Ah:-100|100:DeepStack|TCC_AI
STATE:653:cc/cc:Kh|Ks/Qh:0|0:TCC_AI|DeepStack
STATE:654:r1200f:Ah|Kh:100|-100:DeepStack|TCC_AI
STATE:655:cr300r800f:As|Qh:300|-300:TCC_AI|DeepStack
STATE:656:cc/cc:Ah|Qh/Kh:100|-100:DeepStack|TCC_AI
STATE:657:cr1200f:Qs|As:-100|100:TCC_AI|DeepStack
STATE:658:cc/r300f:Ah|Qs/As:100|-100:DeepStack|TCC_AI
STATE:659:cr300c/cr1200f:Ks|As/Qh:-300|300:TCC_AI|DeepStack
STATE:660:cr300c/r1200c:Ks|As/Kh:1200|-1200:DeepStack|TCC_AI
STATE:661:cc/r900f:Qh|Kh/Ah:100|-100:TCC_AI|DeepStack
STATE:662:cc/cc:Qs|Qh/As:0|0:DeepStack|TCC_AI
STATE:663:cr300f:Ks|As:-100|100:TCC_AI|DeepStack
STATE:664:cc/cr200c:Ks|Qs/As:200|-200:DeepStack|TCC_AI
STATE:665:cr300f:Qh|As:-100|100:TCC_AI|DeepStack
STATE:666:cc/cc:Qs|Kh/Ah:-100|100:DeepStack|TCC_AI
STATE:667:cr300f:Kh|As:-100|100:TCC_AI|DeepStack
STATE:668:cc/cc:Kh|Qs/Ks:100|-100:DeepStack|TCC_AI
STATE:669:r200c/r400f:Kh|Ks/Qh:200|-200:TCC_AI|DeepStack
STATE:670:cc/r300f:Ks|Qs/As:100|-100:DeepStack|TCC_AI
STATE:671:cr300r900r1200c/:Ah|As/Qh:0|0:TCC_AI|DeepStack
STATE:672:cc/cc:Kh|As/Ks:100|-100:DeepStack|TCC_AI
STATE:673:cc/cr300r700f:Kh|Qs/Ks:300|-300:TCC_AI|DeepStack
STATE:674:cc/cc:Ah|Qh/Kh:100|-100:DeepStack|TCC_AI
STATE:675:cc/cc:Ks|As/Qs:-100|100:TCC_AI|DeepStack
STATE:676:cc/cc:Kh|Qs/Ah:100|-100:DeepStack|TCC_AI
STATE:677:cc/r300f:Ks|Qs/As:100|-100:TCC_AI|DeepStack
STATE:678:cr300f:Qs|As:-100|100:DeepStack|TCC_AI
STATE:679:cc/cr300f:Ks|Qs/Qh:-100|100:TCC_AI|DeepStack
STATE:680:cr300c/cc:Qh|Ah/Ks:-300|300:DeepStack|TCC_AI
STATE:681:cc/cc:As|Qh/Ks:100|-100:TCC_AI|DeepStack
STATE:682:cr300c/cc:Kh|As/Qh:-300|300:DeepStack|TCC_AI
STATE:683:cr300r800r1200c/:As|Ah/Kh:0|0:TCC_AI|DeepStack
STATE:684:r300r800c/cr900f:Ks|As/Ah:-800|800:DeepStack|TCC_AI
STATE:685:cr300f:Qh|As:-100|100:TCC_AI|DeepStack
STATE:686:cc/cr200f:Qh|Ks/Kh:-100|100:DeepStack|TCC_AI
STATE:687:cc/cc:Qh|Ks/Qs:100|-100:TCC_AI|DeepStack
STATE:688:cr300c/r1200c:Ks|As/Kh:1200|-1200:DeepStack|TCC_AI
STATE:689:cr1200f:Kh|As:-100|100:TCC_AI|DeepStack
STATE:690:cc/cc:Qs|Qh/Kh:0|0:DeepStack|TCC_AI
STATE:691:cr300f:Qs|Ah:-100|100:TCC_AI|DeepStack
STATE:692:cc/cc:Qs|Kh/Qh:100|-100:DeepStack|TCC_AI
STATE:693:cc/cr300f:As|Kh/Ks:-100|100:TCC_AI|DeepStack
STATE:694:cc/cc:Qs|Ks/As:-100|100:DeepStack|TCC_AI
STATE:695:cc/cc:Ks|Qs/Kh:100|-100:TCC_AI|DeepStack
STATE:696:r1200c/:Ah|As/Qh:0|0:DeepStack|TCC_AI
STATE:697:r800f:Ah|Kh:100|-100:TCC_AI|DeepStack
STATE:698:cr300f:Kh|Ks:-100|100:DeepStack|TCC_AI
STATE:699:cr300f:Qh|Ah:-100|100:TCC_AI|DeepStack
STATE:700:cc/cc:Qh|Ks/As:-100|100:DeepStack|TCC_AI
STATE:701:r800f:Ah|Kh:100|-100:TCC_AI|DeepStack
STATE:702:cr200c/cr1000f:Ks|Ah/As:-200|200:DeepStack|TCC_AI
STATE:703:cc/cc:Kh|Qh/Ks:100|-100:TCC_AI|DeepStack
STATE:704:cc/cc:Ks|Kh/Qh:0|0:DeepStack|TCC_AI
STATE:705:cr300f:Qs|As:-100|100:TCC_AI|DeepStack
STATE:706:cc/cr200c:As|Ks/Kh:-200|200:DeepStack|TCC_AI
STATE:707:cc/cc:Qs|Ks/As:-100|100:TCC_AI|DeepStack
STATE:708:cc/cr300c:As|Qh/Qs:-300|300:DeepStack|TCC_AI
STATE:709:cr300c/cc:Kh|Ks/Ah:0|0:TCC_AI|DeepStack
STATE:710:cr300f:Qh|Ah:-100|100:DeepStack|TCC_AI
STATE:711:cc/cc:As|Qh/Kh:100|-100:TCC_AI|DeepStack
STATE:712:cr1200f:Qh|As:-100|100:DeepStack|TCC_AI
STATE:713:cc/cc:As|Qh/Ks:100|-100:TCC_AI|DeepStack
STATE:714:cr400f:Qs|As:-100|100:DeepStack|TCC_AI
STATE:715:cr300f:Ks|Qs:-100|100:TCC_AI|DeepStack
STATE:716:cc/r300f:Kh|Qh/As:100|-100:DeepStack|TCC_AI
STATE:717:cc/cc:Ks|Kh/Qs:0|0:TCC_AI|DeepStack
STATE:718:cc/cr200r1200f:Kh|Qh/Ks:200|-200:DeepStack|TCC_AI
STATE:719:cc/cr300r1000f:Qs|Ks/Qh:300|-300:TCC_AI|DeepStack
STATE:720:cr300f:Qs|Ah:-100|100:DeepStack|TCC_AI
STATE:721:cc/cc:Qs|Qh/As:0|0:TCC_AI|DeepStack
STATE:722:cc/r1200f:As|Qs/Ah:100|-100:DeepStack|TCC_AI
STATE:723:cr300c/cr1200f:Qh|Ah/As:-300|300:TCC_AI|DeepStack
STATE:724:r300c/cc:Ks|Qs/As:300|-300:DeepStack|TCC_AI
STATE:725:cr1200f:Kh|As:-100|100:TCC_AI|DeepStack
STATE:726:cc/cr300f:Ks|Qs/Qh:-100|100:DeepStack|TCC_AI
STATE:727:cc/cc:As|Qh/Ks:100|-100:TCC_AI|DeepStack
STATE:728:cc/cc:Ah|Kh/Qs:100|-100:DeepStack|TCC_AI
STATE:729:cr300f:Qh|Ah:-100|100:TCC_AI|DeepStack
STATE:730:cc/cr200r1200f:Kh|Qh/Ks:200|-200:DeepStack|TCC_AI
STATE:731:cc/cc:Ks|Qs/Kh:100|-100:TCC_AI|DeepStack
STATE:732:cc/cc:As|Ks/Qs:100|-100:DeepStack|TCC_AI
STATE:733:cr300f:Kh|As:-100|100:TCC_AI|DeepStack
STATE:734:cc/cc:Ah|Kh/Qs:100|-100:DeepStack|TCC_AI
STATE:735:cc/r400f:Qh|Ks/As:100|-100:TCC_AI|DeepStack
STATE:736:cr300r1200f:Ah|Kh:300|-300:DeepStack|TCC_AI
STATE:737:cc/cr300f:Qs|Kh/Ks:-100|100:TCC_AI|DeepStack
STATE:738:r1200f:As|Kh:100|-100:DeepStack|TCC_AI
STATE:739:cc/r800f:Qs|Qh/As:100|-100:TCC_AI|DeepStack
STATE:740:cc/cr300f:As|Qh/Ks:-100|100:DeepStack|TCC_AI
STATE:741:cc/cc:Qs|Kh/Ah:-100|100:TCC_AI|DeepStack
STATE:742:cr300f:Ks|As:-100|100:DeepStack|TCC_AI
STATE:743:cc/cr300f:Qs|Ks/Kh:-100|100:TCC_AI|DeepStack
STATE:744:cc/r300f:Kh|Qh/Ah:100|-100:DeepStack|TCC_AI
STATE:745:cc/cr1200f:Qh|As/Ah:-100|100:TCC_AI|DeepStack
STATE:746:cr300f:Qs|Ks:-100|100:DeepStack|TCC_AI
STATE:747:cc/cc:Qs|Kh/Ah:-100|100:TCC_AI|DeepStack
STATE:748:cc/cc:Qh|Qs/Ah:0|0:DeepStack|TCC_AI
STATE:749:cc/cc:Qh|Qs/Kh:0|0:TCC_AI|DeepStack
STATE:750:cr300f:Qh|Ks:-100|100:DeepStack|TCC_AI
STATE:751:cr300f:Qs|Ah:-100|100:TCC_AI|DeepStack
STATE:752:r1200f:Ah|Qs:100|-100:DeepStack|TCC_AI
STATE:753:cc/cc:Qs|Kh/Ah:-100|100:TCC_AI|DeepStack
STATE:754:cr300f:Qs|Ah:-100|100:DeepStack|TCC_AI
STATE:755:cc/r300c:Ks|Kh/Ah:0|0:TCC_AI|DeepStack
STATE:756:cc/r1200f:Qs|Ks/Ah:100|-100:DeepStack|TCC_AI
STATE:757:cr300f:Qs|Ah:-100|100:TCC_AI|DeepStack
STATE:758:cc/cr300f:Ah|Kh/Ks:-100|100:DeepStack|TCC_AI
STATE:759:cc/r1000f:As|Qs/Ah:100|-100:TCC_AI|DeepStack
STATE:760:cr500f:Qh|As:-100|100:DeepStack|TCC_AI
STATE:761:cc/cr300c:Ah|Ks/Qh:300|-300:TCC_AI|DeepStack
STATE:762:cc/cr200f:Ks|Kh/Qh:-100|100:DeepStack|TCC_AI
STATE:763:cr300c/cr1200f:Qs|As/Ah:-300|300:TCC_AI|DeepStack
STATE:764:cc/cc:Qh|Kh/As:-100|100:DeepStack|TCC_AI
STATE:765:cc/cc:Ks|Qh/Kh:100|-100:TCC_AI|DeepStack
STATE:766:r1200c/:As|Ah/Kh:0|0:DeepStack|TCC_AI
STATE:767:cc/cc:Qs|Ah/Qh:100|-100:TCC_AI|DeepStack
STATE:768:r1200f:Ah|Qh:100|-100:DeepStack|TCC_AI
STATE:769:r600f:Ah|Kh:100|-100:TCC_AI|DeepStack
STATE:770:cr200c/cc:Kh|Ks/Ah:0|0:DeepStack|TCC_AI
STATE:771:cr300f:Ks|As:-100|100:TCC_AI|DeepStack
STATE:772:r300f:Ks|Qh:100|-100:DeepStack|TCC_AI
STATE:773:cr1200f:Kh|As:-100|100:TCC_AI|DeepStack
STATE:774:cc/cr200f:As|Qh/Qs:-100|100:DeepStack|TCC_AI
STATE:775:cr300c/cc:Ks|Ah/Qs:-300|300:TCC_AI|DeepStack
STATE:776:cc/cc:Ah|As/Qh:0|0:DeepStack|TCC_AI
STATE:777:cc/r600f:Ah|Qs/As:100|-100:TCC_AI|DeepStack
STATE:778:cr300r1200c/:As|Ah/Qh:0|0:DeepStack|TCC_AI
STATE:779:cr300c/r1100f:Qh|Ah/Ks:300|-300:TCC_AI|DeepStack
STATE:780:cr300f:Ks|Ah:-100|100:DeepStack|TCC_AI
STATE:781:cr300c/cc:As|Ah/Qh:0|0:TCC_AI|DeepStack
STATE:782:cc/cc:As|Qh/Kh:100|-100:DeepStack|TCC_AI
STATE:783:cc/cc:As|Qs/Kh:100|-100:TCC_AI|DeepStack
STATE:784:cr300r1200f:As|Qh:300|-300:DeepStack|TCC_AI
STATE:785:r600f:As|Qs:100|-100:TCC_AI|DeepStack
STATE:786:cr300r1200c/:Ah|As/Ks:0|0:DeepStack|TCC_AI
STATE:787:cc/cc:Kh|Qs/As:100|-100:TCC_AI|DeepStack
STATE:788:cc/cr200f:Ks|Qh/Qs:-100|100:DeepStack|TCC_AI
STATE:789:cc/cc:Kh|Qh/Ah:100|-100:TCC_AI|DeepStack
STATE:790:cc/r300f:Ks|Qs/As:100|-100:DeepStack|TCC_AI
STATE:791:cr300r900c/r1100r1200c:As|Ah/Qs:0|0:TCC_AI|DeepStack
STATE:792:cr300f:Qh|Ah:-100|100:DeepStack|TCC_AI
STATE:793:cr300f:Ks|Ah:-100|100:TCC_AI|DeepStack
STATE:794:cr500f:Kh|Ah:-100|100:DeepStack|TCC_AI
STATE:795:cr300f:Kh|As:-100|100:TCC_AI|DeepStack
STATE:796:cc/cc:Kh|Ks/Qh:0|0:DeepStack|TCC_AI
STATE:797:cc/r400f:Qs|Kh/As:100|-100:TCC_AI|DeepStack
STATE:798:cc/cc:As|Qs/Ah:100|-100:DeepStack|TCC_AI
STATE:799:cr300f:Qs|Qh:-100|100:TCC_AI|DeepStack
STATE:800:cc/r300r800f:Ks|Qh/Ah:-300|300:DeepStack|TCC_AI
STATE:801:cc/r400f:Kh|Qh/Ah:100|-100:TCC_AI|DeepStack
STATE:802:cc/r1200f:Ah|Kh/As:100|-100:DeepStack|TCC_AI
STATE:803:cc/cr300c:Ah|Qs/Qh:-300|300:TCC_AI|DeepStack
STATE:804:cr300f:Qs|Ah:-100|100:DeepStack|TCC_AI
STATE:805:r800f:As|Ks:100|-100:TCC_AI|DeepStack
STATE:806:r1200f:Ah|Ks:100|-100:DeepStack|TCC_AI
STATE:807:cc/r400f:Kh|Qs/As:100|-100:TCC_AI|DeepStack
STATE:808:cc/cc:Qh|Ah/Ks:-100|100:DeepStack|TCC_AI
STATE:809:cc/cr300r1000f:Qh|Kh/Qs:300|-300:TCC_AI|DeepStack
STATE:810:cc/r300f:Kh|Ks/As:100|-100:DeepStack|TCC_AI
STATE:811:r800f:As|Qh:100|-100:TCC_AI|DeepStack
STATE:812:r1200c/:Ah|As/Kh:0|0:DeepStack|TCC_AI
STATE:813:cc/cr300f:As|Qs/Qh:-100|100:TCC_AI|DeepStack
STATE:814:cr200c/cr300r1200f:Ah|Ks/Qh:300|-300:DeepStack|TCC_AI
STATE:815:cr300f:Qh|Ah:-100|100:TCC_AI|DeepStack
STATE:816:cc/r300f:Ks|Qh/As:100|-100:DeepStack|TCC_AI
STATE:817:cc/cc:Ks|Kh/Ah:0|0:TCC_AI|DeepStack
STATE:818:r1200c/:Ah|Ks/Qh:1200|-1200:DeepStack|TCC_AI
STATE:819:cc/cc:Ah|Qh/Ks:100|-100:TCC_AI|DeepStack
STATE:820:r1200c/:Ah|As/Ks:0|0:DeepStack|TCC_AI
STATE:821:cr300r1200f:As|Qs:300|-300:TCC_AI|DeepStack
STATE:822:cc/cr200c:Ah|Qs/Qh:-200|200:DeepStack|TCC_AI
STATE:823:cc/cc:As|Ks/Qh:100|-100:TCC_AI|DeepStack
STATE:824:cc/r300f:Ks|Qh/Ah:100|-100:DeepStack|TCC_AI
STATE:825:cr300r1000r1200c/:Ah|As/Qh:0|0:TCC_AI|DeepStack
STATE:826:cr300r1200f:Ah|Qs:300|-300:DeepStack|TCC_AI
STATE:827:cc/cr300c:Ah|Ks/Kh:-300|300:TCC_AI|DeepStack
STATE:828:cr300f:Ks|Ah:-100|100:DeepStack|TCC_AI
STATE:829:cc/r500f:As|Qh/Ah:100|-100:TCC_AI|DeepStack
STATE:830:cc/cr200c:As|Kh/Ks:-200|200:DeepStack|TCC_AI
STATE:831:cc/cc:As|Qh/Kh:100|-100:TCC_AI|DeepStack
STATE:832:cc/cc:Qh|As/Ks:-100|100:DeepStack|TCC_AI
STATE:833:cr300r800c/r1200c:Ah|As/Kh:0|0:TCC_AI|DeepStack
STATE:834:r1200f:As|Kh:100|-100:DeepStack|TCC_AI
STATE:835:r600f:Ah|Qh:100|-100:TCC_AI|DeepStack
STATE:836:cr300f:Qs|Qh:-100|100:DeepStack|TCC_AI
STATE:837:cr300c/r800c:Qs|As/Qh:800|-800:TCC_AI|DeepStack
STATE:838:cc/cc:Kh|Ks/Qh:0|0:DeepStack|TCC_AI
STATE:839:cc/cr300f:Ks|Qs/Qh:-100|100:TCC_AI|DeepStack
STATE:840:cc/cc:Qs|Qh/Kh:0|0:DeepStack|TCC_AI
STATE:841:cc/cc:Qs|Ah/Ks:-100|100:TCC_AI|DeepStack
STATE:842:r300c/cr1000f:Ah|Ks/Kh:-300|300:DeepStack|TCC_AI
STATE:843:cc/cc:Qh|Kh/As:-100|100:TCC_AI|DeepStack
STATE:844:cc/cc:Ah|Kh/Qs:100|-100:DeepStack|TCC_AI
STATE:845:cc/cc:Ah|Qh/Ks:100|-100:TCC_AI|DeepStack
STATE:846:cc/cc:Ah|As/Qh:0|0:DeepStack|TCC_AI
STATE:847:cc/cr300f:Ks|Qs/Qh:-100|100:TCC_AI|DeepStack
STATE:848:cc/cc:Ks|Kh/Ah:0|0:DeepStack|TCC_AI
STATE:849:cc/r500f:Kh|Qs/Ah:100|-100:TCC_AI|DeepStack
STATE:850:cr200c/r600r1100f:Kh|Qh/Qs:-600|600:DeepStack|TCC_AI
STATE:851:cr1200f:Kh|Ah:-100|100:TCC_AI|DeepStack
STATE:852:cc/r1200c:Qh|Ah/As:-1200|1200:DeepStack|TCC_AI
STATE:853:cr300f:Ks|As:-100|100:TCC_AI|DeepStack
STATE:854:cc/cc:Ks|Kh/Qs:0|0:DeepStack|TCC_AI
STATE:855:r600f:Ah|Qs:100|-100:TCC_AI|DeepStack
STATE:856:cc/cr300r900f:Ks|Qs/Kh:300|-300:DeepStack|TCC_AI
STATE:857:cr300r900f:Ah|Qs:300|-300:TCC_AI|DeepStack
STATE:858:cr300r1200c/:Ah|As/Kh:0|0:DeepStack|TCC_AI
STATE:859:cc/r400r1200f:Ks|Qh/Ah:-400|400:TCC_AI|DeepStack
STATE:860:cr300f:Qs|Qh:-100|100:DeepStack|TCC_AI
STATE:861:cc/cr300f:Ks|Kh/Qh:-100|100:TCC_AI|DeepStack
STATE:862:cr300f:Kh|As:-100|100:DeepStack|TCC_AI
STATE:863:cr1200f:Kh|As:-100|100:TCC_AI|DeepStack
STATE:864:r300c/cc:As|Ks/Qs:300|-300:DeepStack|TCC_AI
STATE:865:cc/cr300f:Qs|Ks/Kh:-100|100:TCC_AI|DeepStack
STATE:866:cr300c/cr400c:As|Qh/Ks:400|-400:DeepStack|TCC_AI
STATE:867:cr300f:Ks|Ah:-100|100:TCC_AI|DeepStack
STATE:868:cc/cr800f:Qs|Ks/Ah:-100|100:DeepStack|TCC_AI
STATE:869:cc/cc:Ah|Qs/Ks:100|-100:TCC_AI|DeepStack
STATE:870:cc/r300f:Ks|Qh/Ah:100|-100:DeepStack|TCC_AI
STATE:871:cc/cr300r700f:Kh|Qh/Ks:300|-300:TCC_AI|DeepStack
STATE:872:cc/cc:Qh|Qs/Ks:0|0:DeepStack|TCC_AI
STATE:873:cc/cc:Qs|Kh/As:-100|100:TCC_AI|DeepStack
STATE:874:r1200f:Ah|Qs:100|-100:DeepStack|TCC_AI
STATE:875:cc/cr300f:Ah|Qs/Qh:-100|100:TCC_AI|DeepStack
STATE:876:cc/cc:Qs|Qh/Ks:0|0:DeepStack|TCC_AI
STATE:877:cc/cr300f:As|Qs/Qh:-100|100:TCC_AI|DeepStack
STATE:878:cc/cc:Kh|Qh/Ah:100|-100:DeepStack|TCC_AI
STATE:879:cc/r200c:Ks|Kh/Ah:0|0:TCC_AI|DeepStack
STATE:880:cc/cc:Qh|Kh/As:-100|100:DeepStack|TCC_AI
STATE:881:r800c/cc:As|Ah/Qs:0|0:TCC_AI|DeepStack
STATE:882:cr400f:Qh|As:-100|100:DeepStack|TCC_AI
STATE:883:cr300r800c/r1200f:As|Qs/Kh:800|-800:TCC_AI|DeepStack
STATE:884:cr300f:Ks|Ah:-100|100:DeepStack|TCC_AI
STATE:885:cc/cc:Qh|Ks/Ah:-100|100:TCC_AI|DeepStack
STATE:886:cr200c/cr1200f:Qs|Ah/As:-200|200:DeepStack|TCC_AI
STATE:887:r300c/r1000c:As|Kh/Ah:1000|-1000:TCC_AI|DeepStack
STATE:888:cc/cc:As|Qh/Ks:100|-100:DeepStack|TCC_AI
STATE:889:cr300f:Qs|Ah:-100|100:TCC_AI|DeepStack
STATE:890:cr400r1200c/:As|Ah/Qs:0|0:DeepStack|TCC_AI
STATE:891:r800f:Ah|Qh:100|-100:TCC_AI|DeepStack
STATE:892:cc/r300r800f:Kh|Ah/As:-300|300:DeepStack|TCC_AI
STATE:893:cr300f:Qs|Ah:-100|100:TCC_AI|DeepStack
STATE:894:r1200f:As|Ks:100|-100:DeepStack|TCC_AI
STATE:895:cr300r900f:As|Kh:300|-300:TCC_AI|DeepStack
STATE:896:cr300f:Ks|Ah:-100|100:DeepStack|TCC_AI
STATE:897:cr300f:Qh|Ah:-100|100:TCC_AI|DeepStack
STATE:898:cc/cc:Ks|Qh/Ah:100|-100:DeepStack|TCC_AI
STATE:899:r500f:Ah|Qs:100|-100:TCC_AI|DeepStack
STATE:900:cc/cc:As|Ks/Qh:100|-100:DeepStack|TCC_AI
STATE:901:cr300r800r1200c/:Ah|As/Ks:0|0:TCC_AI|DeepStack
STATE:902:cr300r1200c/:As|Ah/Kh:0|0:DeepStack|TCC_AI
STATE:903:cr300f:Qs|As:-100|100:TCC_AI|DeepStack
STATE:904:cc/r300f:Ah|Kh/As:100|-100:DeepStack|TCC_AI
STATE:905:cc/cc:Qs|Qh/Ah:0|0:TCC_AI|DeepStack
STATE:906:cc/cc:Ah|Qh/Ks:100|-100:DeepStack|TCC_AI
STATE:907:r600f:Ah|Kh:100|-100:TCC_AI|DeepStack
STATE:908:cr200c/r1200f:Kh|Ks/Qh:200|-200:DeepStack|TCC_AI
STATE:909:cr300c/cr1200f:Qh|Qs/Ks:-300|300:TCC_AI|DeepStack
STATE:910:cr300f:Qh|Ah:-100|100:DeepStack|TCC_AI
STATE:911:cc/cc:Ks|Qh/Ah:100|-100:TCC_AI|DeepStack
STATE:912:cc/cr200f:Ks|Qh/Qs:-100|100:DeepStack|TCC_AI
STATE:913:cc/cc:Ks|Qh/Kh:100|-100:TCC_AI|DeepStack
STATE:914:r1200c/:Ah|As/Ks:0|0:DeepStack|TCC_AI
STATE:915:cr300f:Qh|Qs:-100|100:TCC_AI|DeepStack
STATE:916:cc/cc:Kh|Qs/As:100|-100:DeepStack|TCC_AI
STATE:917:cr300c/cc:Ks|Ah/Qh:-300|300:TCC_AI|DeepStack
STATE:918:cr300f:Qh|Qs:-100|100:DeepStack|TCC_AI
STATE:919:cr300r800c/r1200c:Ah|As/Ks:0|0:TCC_AI|DeepStack
STATE:920:cr300c/r1200f:Kh|Ah/Ks:300|-300:DeepStack|TCC_AI
STATE:921:cr300f:Qh|Kh:-100|100:TCC_AI|DeepStack
STATE:922:cc/cr200f:Ks|Qs/Qh:-100|100:DeepStack|TCC_AI
STATE:923:cc/r500f:Kh|Ks/Ah:100|-100:TCC_AI|DeepStack
STATE:924:cc/r300f:Kh|Ks/As:100|-100:DeepStack|TCC_AI
STATE:925:cr300f:Kh|Ah:-100|100:TCC_AI|DeepStack
STATE:926:cr500f:Qs|Ah:-100|100:DeepStack|TCC_AI
STATE:927:cr1200f:Ks|As:-100|100:TCC_AI|DeepStack
STATE:928:cc/r300f:Ks|Qs/Ah:100|-100:DeepStack|TCC_AI
STATE:929:cc/r300c:As|Kh/Ah:300|-300:TCC_AI|DeepStack
STATE:930:cc/r300f:Kh|Qs/As:100|-100:DeepStack|TCC_AI
STATE:931:cr300f:Qs|As:-100|100:TCC_AI|DeepStack
STATE:932:r1200f:Ah|Qs:100|-100:DeepStack|TCC_AI
STATE:933:cc/cr300f:Ks|Qh/Qs:-100|100:TCC_AI|DeepStack
STATE:934:cc/cr200r1200f:Kh|Qs/Ks:200|-200:DeepStack|TCC_AI
STATE:935:cc/cc:Ks|As/Qh:-100|100:TCC_AI|DeepStack
STATE:936:cc/cr300f:Qh|Ks/Kh:-100|100:DeepStack|TCC_AI
STATE:937:cr300c/cc:Qs|As/Ks:-300|300:TCC_AI|DeepStack
STATE:938:cr200r600f:Ah|Qh:200|-200:DeepStack|TCC_AI
STATE:939:cc/cc:Qs|Ks/As:-100|100:TCC_AI|DeepStack
STATE:940:cr300f:Qs|Qh:-100|100:DeepStack|TCC_AI
STATE:941:cc/cc:Ah|Ks/Qh:100|-100:TCC_AI|DeepStack
STATE:942:r1200c/:As|Ah/Qh:0|0:DeepStack|TCC_AI
STATE:943:cc/r400f:Ah|Qs/As:100|-100:TCC_AI|DeepStack
STATE:944:cr300f:Qh|Ks:-100|100:DeepStack|TCC_AI
STATE:945:cc/r500c:Qh|Ks/As:-500|500:TCC_AI|DeepStack
STATE:946:r1200f:As|Qh:100|-100:DeepStack|TCC_AI
STATE:947:cc/cr300f:Qh|Ks/Kh:-100|100:TCC_AI|DeepStack
STATE:948:cc/cc:As|Ks/Qs:100|-100:DeepStack|TCC_AI
STATE:949:cr300f:Qs|As:-100|100:TCC_AI|DeepStack
STATE:950:cr300c/cr800r1200f:Ah|Ks/As:800|-800:DeepStack|TCC_AI
STATE:951:cc/cc:Qs|Ks/Ah:-100|100:TCC_AI|DeepStack
STATE:952:r1200c/:Ah|As/Qh:0|0:DeepStack|TCC_AI
STATE:953:cr1200f:Kh|As:-100|100:TCC_AI|DeepStack
STATE:954:cr300f:Kh|As:-100|100:DeepStack|TCC_AI
STATE:955:cc/cc:Qh|Kh/Qs:100|-100:TCC_AI|DeepStack
STATE:956:r1200f:As|Qs:100|-100:DeepStack|TCC_AI
STATE:957:cc/cc:Ks|Qh/Kh:100|-100:TCC_AI|DeepStack
STATE:958:r1200f:As|Qh:100|-100:DeepStack|TCC_AI
STATE:959:cr300c/r1200f:Qs|Ah/Qh:300|-300:TCC_AI|DeepStack
STATE:960:cc/cr200f:As|Qs/Qh:-100|100:DeepStack|TCC_AI
STATE:961:cc/cc:Kh|Qs/Ks:100|-100:TCC_AI|DeepStack
STATE:962:r300c/cr1200f:As|Kh/Qh:-300|300:DeepStack|TCC_AI
STATE:963:cc/cc:Kh|Ks/Ah:0|0:TCC_AI|DeepStack
STATE:964:cr200c/cc:Ks|As/Qs:-200|200:DeepStack|TCC_AI
STATE:965:r500f:Ah|Qh:100|-100:TCC_AI|DeepStack
STATE:966:r1200c/:As|Ah/Qh:0|0:DeepStack|TCC_AI
STATE:967:cr300f:Qs|Ah:-100|100:TCC_AI|DeepStack
STATE:968:cc/r300f:Kh|Qh/Ah:100|-100:DeepStack|TCC_AI
STATE:969:r800f:Ah|Qs:100|-100:TCC_AI|DeepStack
STATE:970:cc/r300f:As|Kh/Ah:100|-100:DeepStack|TCC_AI
STATE:971:cr1200f:Qh|Ah:-100|100:TCC_AI|DeepStack
STATE:972:r1200f:As|Ks:100|-100:DeepStack|TCC_AI
STATE:973:cr300c/cr1200f:Qs|Kh/Ah:-300|300:TCC_AI|DeepStack
STATE:974:cr1000f:Ks|Ah:-100|100:DeepStack|TCC_AI
STATE:975:r600r1200c/:Ah|As/Qs:0|0:TCC_AI|DeepStack
STATE:976:cc/r300f:As|Qs/Ah:100|-100:DeepStack|TCC_AI
STATE:977:r600f:Ah|Kh:100|-100:TCC_AI|DeepStack
STATE:978:cc/cc:Ks|Kh/Ah:0|0:DeepStack|TCC_AI
STATE:979:cr300c/cc:Qh|As/Kh:-300|300:TCC_AI|DeepStack
STATE:980:cr400f:Qh|Ah:-100|100:DeepStack|TCC_AI
STATE:981:cc/cr300f:As|Ks/Kh:-100|100:TCC_AI|DeepStack
STATE:982:cc/r300f:Ks|Qh/As:100|-100:DeepStack|TCC_AI
STATE:983:cc/cc:Qh|Kh/Ah:-100|100:TCC_AI|DeepStack
STATE:984:cc/cc:Ah|Kh/Qh:100|-100:DeepStack|TCC_AI
STATE:985:cc/r500f:Kh|Ks/As:100|-100:TCC_AI|DeepStack
STATE:986:cr300f:Qh|As:-100|100:DeepStack|TCC_AI
STATE:987:cr300f:Qs|Ah:-100|100:TCC_AI|DeepStack
STATE:988:r1200f:As|Kh:100|-100:DeepStack|TCC_AI
STATE:989:cr1200f:Kh|Ah:-100|100:TCC_AI|DeepStack
STATE:990:cr300r1200f:Ah|Qs:300|-300:DeepStack|TCC_AI
STATE:991:cr300f:Qh|Ks:-100|100:TCC_AI|DeepStack
STATE:992:cc/cc:Qh|As/Ks:-100|100:DeepStack|TCC_AI
STATE:993:cc/r300c:Kh|Ks/Ah:0|0:TCC_AI|DeepStack
STATE:994:cr200c/cr300c:As|Kh/Qs:300|-300:DeepStack|TCC_AI
STATE:995:cr300f:Kh|As:-100|100:TCC_AI|DeepStack
STATE:996:cc/cc:Qs|Qh/Kh:0|0:DeepStack|TCC_AI
STATE:997:cc/cr300f:Ks|Qs/Qh:-100|100:TCC_AI|DeepStack
STATE:998:r1200f:Ah|Qs:100|-100:DeepStack|TCC_AI
STATE:999:cr300f:Qh|As:-100|100:TCC_AI|DeepStack
SCORE:3000|-3000:DeepStack|TCC_AI
