# name/game/hands/seed c8_cfr20kk_1kgames leduc.game 1000 88
#--t_response 600000
#--t_hand 600000
#--t_per_hand 7000
STATE:0:cc/cc:Ah|As/Qs:0|0:DeepStack|TCC_AI
STATE:1:r200c/cr1200f:As|Qs/Qh:-200|200:TCC_AI|DeepStack
STATE:2:cc/cr200c:As|Ks/Kh:-200|200:DeepStack|TCC_AI
STATE:3:cc/cc:Qh|Qs/As:0|0:TCC_AI|DeepStack
STATE:4:cr300f:Qh|Ah:-100|100:DeepStack|TCC_AI
STATE:5:cc/cc:Kh|Qh/Ks:100|-100:TCC_AI|DeepStack
STATE:6:cr300f:Kh|As:-100|100:DeepStack|TCC_AI
STATE:7:r600f:As|Ks:100|-100:TCC_AI|DeepStack
STATE:8:r1200f:Ah|Ks:100|-100:DeepStack|TCC_AI
STATE:9:cc/r300f:Kh|Qs/As:100|-100:TCC_AI|DeepStack
STATE:10:cc/cc:Kh|Qs/Ah:100|-100:DeepStack|TCC_AI
STATE:11:cr300f:Qh|Ah:-100|100:TCC_AI|DeepStack
STATE:12:r300f:Ah|Qh:100|-100:DeepStack|TCC_AI
STATE:13:cc/r400c:Ks|Kh/As:0|0:TCC_AI|DeepStack
STATE:14:cc/cr400f:Qs|Ah/As:-100|100:DeepStack|TCC_AI
STATE:15:cc/r300f:Kh|Qs/As:100|-100:TCC_AI|DeepStack
STATE:16:cr500f:Kh|Ah:-100|100:DeepStack|TCC_AI
STATE:17:cc/r700f:Kh|Qh/Ah:100|-100:TCC_AI|DeepStack
STATE:18:cc/cc:As|Qs/Ks:100|-100:DeepStack|TCC_AI
STATE:19:cr300f:Kh|Ah:-100|100:TCC_AI|DeepStack
STATE:20:cc/cc:Qs|Ks/Ah:-100|100:DeepStack|TCC_AI
STATE:21:cc/cr1200f:Qh|Ah/As:-100|100:TCC_AI|DeepStack
STATE:22:cc/cc:Qs|Qh/Ks:0|0:DeepStack|TCC_AI
STATE:23:r800f:Ah|Kh:100|-100:TCC_AI|DeepStack
STATE:24:cr300f:Qh|As:-100|100:DeepStack|TCC_AI
STATE:25:cr1200c/:Ah|As/Qs:0|0:TCC_AI|DeepStack
STATE:26:cc/cc:Ah|As/Ks:0|0:DeepStack|TCC_AI
STATE:27:cr300f:Ks|Qs:-100|100:TCC_AI|DeepStack
STATE:28:cc/cc:Qh|Qs/Kh:0|0:DeepStack|TCC_AI
STATE:29:cc/r400f:Kh|Qs/Ah:100|-100:TCC_AI|DeepStack
STATE:30:cc/cc:As|Qs/Ks:100|-100:DeepStack|TCC_AI
STATE:31:r1100f:As|Ks:100|-100:TCC_AI|DeepStack
STATE:32:r1200f:As|Kh:100|-100:DeepStack|TCC_AI
STATE:33:cr300r800c/r1000f:As|Ks/Qh:800|-800:TCC_AI|DeepStack
STATE:34:cc/r300f:Ks|Qh/Ah:100|-100:DeepStack|TCC_AI
STATE:35:cc/cc:Ah|Qs/Ks:100|-100:TCC_AI|DeepStack
STATE:36:cr200c/cr300r1200f:Ks|Qs/Kh:300|-300:DeepStack|TCC_AI
STATE:37:cc/cr300f:Ks|Kh/Qs:-100|100:TCC_AI|DeepStack
STATE:38:cc/r300f:Ah|Qh/As:100|-100:DeepStack|TCC_AI
STATE:39:r800f:Ah|Kh:100|-100:TCC_AI|DeepStack
STATE:40:cr300f:Qh|Kh:-100|100:DeepStack|TCC_AI
STATE:41:cc/cc:Qs|Qh/As:0|0:TCC_AI|DeepStack
STATE:42:cc/r300f:Ks|Qh/Ah:100|-100:DeepStack|TCC_AI
STATE:43:cr300f:Qh|As:-100|100:TCC_AI|DeepStack
STATE:44:cr300r1200f:As|Qs:300|-300:DeepStack|TCC_AI
STATE:45:cc/cc:Qs|Ks/As:-100|100:TCC_AI|DeepStack
STATE:46:cr300f:Kh|Ah:-100|100:DeepStack|TCC_AI
STATE:47:cc/cc:Qs|Kh/Ah:-100|100:TCC_AI|DeepStack
STATE:48:cc/cc:Kh|Ks/Qh:0|0:DeepStack|TCC_AI
STATE:49:cc/cr300f:Ks|Qs/Qh:-100|100:TCC_AI|DeepStack
STATE:50:r1200f:Ah|Kh:100|-100:DeepStack|TCC_AI
STATE:51:cc/cc:Qh|Kh/As:-100|100:TCC_AI|DeepStack
STATE:52:cc/cc:Ks|Qs/Kh:100|-100:DeepStack|TCC_AI
STATE:53:cr300r800c/r900r1200c:As|Ah/Qh:0|0:TCC_AI|DeepStack
STATE:54:cr300f:Qs|As:-100|100:DeepStack|TCC_AI
STATE:55:cc/r300f:As|Qs/Ah:100|-100:TCC_AI|DeepStack
STATE:56:cr300f:Qs|Ah:-100|100:DeepStack|TCC_AI
STATE:57:cc/cc:Qs|Qh/Kh:0|0:TCC_AI|DeepStack
STATE:58:cc/cc:Qh|Kh/As:-100|100:DeepStack|TCC_AI
STATE:59:r800r1200c/:Ah|As/Qs:0|0:TCC_AI|DeepStack
STATE:60:cc/cc:Qs|Qh/Ks:0|0:DeepStack|TCC_AI
STATE:61:cr300r900f:As|Ks:300|-300:TCC_AI|DeepStack
STATE:62:cr300f:Kh|As:-100|100:DeepStack|TCC_AI
STATE:63:cr300f:Ks|Ah:-100|100:TCC_AI|DeepStack
STATE:64:cc/cc:Kh|Qh/Ks:100|-100:DeepStack|TCC_AI
STATE:65:cc/cc:Ks|Qh/Kh:100|-100:TCC_AI|DeepStack
STATE:66:cc/cc:As|Ks/Qs:100|-100:DeepStack|TCC_AI
STATE:67:cc/cr300f:Kh|Qh/Qs:-100|100:TCC_AI|DeepStack
STATE:68:cc/cc:Kh|Qs/Ks:100|-100:DeepStack|TCC_AI
STATE:69:cr300f:Ks|Ah:-100|100:TCC_AI|DeepStack
STATE:70:cr300c/cr800f:Qs|Ks/As:-300|300:DeepStack|TCC_AI
STATE:71:cc/cc:Kh|As/Qh:-100|100:TCC_AI|DeepStack
STATE:72:cr200c/r600c:Qs|Ah/Qh:600|-600:DeepStack|TCC_AI
STATE:73:cc/cc:Qh|Kh/Qs:100|-100:TCC_AI|DeepStack
STATE:74:cr300f:Qh|As:-100|100:DeepStack|TCC_AI
STATE:75:cc/cc:Qh|Qs/Ks:0|0:TCC_AI|DeepStack
STATE:76:cc/r300f:As|Kh/Ah:100|-100:DeepStack|TCC_AI
STATE:77:cc/cc:Qh|Kh/As:-100|100:TCC_AI|DeepStack
STATE:78:cc/cc:Kh|Ks/Qh:0|0:DeepStack|TCC_AI
STATE:79:cc/cr300f:Ks|Qs/Qh:-100|100:TCC_AI|DeepStack
STATE:80:r1200f:Ah|Qs:100|-100:DeepStack|TCC_AI
STATE:81:cc/cc:Qs|Kh/Ah:-100|100:TCC_AI|DeepStack
STATE:82:cc/cr200f:As|Qh/Qs:-100|100:DeepStack|TCC_AI
STATE:83:cr300f:Kh|Ks:-100|100:TCC_AI|DeepStack
STATE:84:cr300f:Qh|Qs:-100|100:DeepStack|TCC_AI
STATE:85:r600f:As|Ks:100|-100:TCC_AI|DeepStack
STATE:86:cc/r300f:Kh|Ks/As:100|-100:DeepStack|TCC_AI
STATE:87:cc/cc:Kh|Qh/Ks:100|-100:TCC_AI|DeepStack
STATE:88:r1200c/:Ah|As/Qh:0|0:DeepStack|TCC_AI
STATE:89:cc/cc:Ah|Ks/Qs:100|-100:TCC_AI|DeepStack
STATE:90:cc/r300f:Ks|Qh/As:100|-100:DeepStack|TCC_AI
STATE:91:cr300f:Ks|As:-100|100:TCC_AI|DeepStack
STATE:92:cr300f:Qs|As:-100|100:DeepStack|TCC_AI
STATE:93:cr300r800c/r900c:As|Ah/Qh:0|0:TCC_AI|DeepStack
STATE:94:r1200f:Ah|Ks:100|-100:DeepStack|TCC_AI
STATE:95:cc/cc:Qh|Qs/Ah:0|0:TCC_AI|DeepStack
STATE:96:cc/cc:Ah|Qh/Ks:100|-100:DeepStack|TCC_AI
STATE:97:cc/cc:Qs|Ks/As:-100|100:TCC_AI|DeepStack
STATE:98:cr300f:Kh|As:-100|100:DeepStack|TCC_AI
STATE:99:cc/cr300f:Kh|Ks/Qh:-100|100:TCC_AI|DeepStack
STATE:100:cr300r1200f:As|Ks:300|-300:DeepStack|TCC_AI
STATE:101:r300r900r1200c/:Ah|As/Qs:0|0:TCC_AI|DeepStack
STATE:102:cc/cc:Kh|Qh/Ks:100|-100:DeepStack|TCC_AI
STATE:103:cr300r900r1200c/:Ah|As/Kh:0|0:TCC_AI|DeepStack
STATE:104:cr300r1200f:As|Ks:300|-300:DeepStack|TCC_AI
STATE:105:cr300f:Kh|Qs:-100|100:TCC_AI|DeepStack
STATE:106:cr300f:Qh|Qs:-100|100:DeepStack|TCC_AI
STATE:107:cc/cc:Kh|Ks/As:0|0:TCC_AI|DeepStack
STATE:108:cc/cr300f:Qs|Ks/Kh:-100|100:DeepStack|TCC_AI
STATE:109:r800f:Ah|Qs:100|-100:TCC_AI|DeepStack
STATE:110:cc/cc:Qs|Ks/Qh:100|-100:DeepStack|TCC_AI
STATE:111:r600f:As|Kh:100|-100:TCC_AI|DeepStack
STATE:112:cc/cc:Qs|Ks/As:-100|100:DeepStack|TCC_AI
STATE:113:cc/cc:Ks|Qh/As:100|-100:TCC_AI|DeepStack
STATE:114:r1200f:As|Ks:100|-100:DeepStack|TCC_AI
STATE:115:cc/cc:Kh|Qh/Ks:100|-100:TCC_AI|DeepStack
STATE:116:cc/cc:Ks|Qs/Kh:100|-100:DeepStack|TCC_AI
STATE:117:cr300c/cr1200f:Ks|Qh/Qs:-300|300:TCC_AI|DeepStack
STATE:118:r1200f:Ah|Kh:100|-100:DeepStack|TCC_AI
STATE:119:cc/cc:Ks|Kh/Qs:0|0:TCC_AI|DeepStack
STATE:120:cr300f:Qh|Ah:-100|100:DeepStack|TCC_AI
STATE:121:cc/cc:Qs|Qh/Kh:0|0:TCC_AI|DeepStack
STATE:122:cc/r300f:As|Ks/Ah:100|-100:DeepStack|TCC_AI
STATE:123:cr1200f:Qh|Ah:-100|100:TCC_AI|DeepStack
STATE:124:cc/cr200f:Qs|Qh/Kh:-100|100:DeepStack|TCC_AI
STATE:125:cc/cc:Ks|Kh/Qh:0|0:TCC_AI|DeepStack
STATE:126:cc/r300r800f:Kh|As/Ah:-300|300:DeepStack|TCC_AI
STATE:127:cc/cr300f:As|Qh/Kh:-100|100:TCC_AI|DeepStack
STATE:128:r1200f:As|Qh:100|-100:DeepStack|TCC_AI
STATE:129:cc/cc:As|Qs/Ks:100|-100:TCC_AI|DeepStack
STATE:130:cc/cr200f:Kh|Qh/Qs:-100|100:DeepStack|TCC_AI
STATE:131:cc/cc:Kh|Qh/Ah:100|-100:TCC_AI|DeepStack
STATE:132:cc/cc:Kh|Qs/Ks:100|-100:DeepStack|TCC_AI
STATE:133:cc/cc:Ks|Qs/Kh:100|-100:TCC_AI|DeepStack
STATE:134:cr300c/r1200f:Qs|Kh/Qh:300|-300:DeepStack|TCC_AI
STATE:135:r800f:Ah|Qh:100|-100:TCC_AI|DeepStack
STATE:136:cc/cc:Qh|Kh/As:-100|100:DeepStack|TCC_AI
STATE:137:cr300f:Ks|Qs:-100|100:TCC_AI|DeepStack
STATE:138:cc/cc:Qh|Ks/Qs:100|-100:DeepStack|TCC_AI
STATE:139:cc/cr300f:Qs|Ks/Kh:-100|100:TCC_AI|DeepStack
STATE:140:cr300f:Ks|As:-100|100:DeepStack|TCC_AI
STATE:141:cr300f:Qh|Ah:-100|100:TCC_AI|DeepStack
STATE:142:cr300f:Kh|Ah:-100|100:DeepStack|TCC_AI
STATE:143:cc/cc:Ks|Kh/Qh:0|0:TCC_AI|DeepStack
STATE:144:cr300f:Kh|As:-100|100:DeepStack|TCC_AI
STATE:145:cr300f:Qs|As:-100|100:TCC_AI|DeepStack
STATE:146:r1200f:As|Qs:100|-100:DeepStack|TCC_AI
STATE:147:cc/cr300f:Qs|Qh/Ks:-100|100:TCC_AI|DeepStack
STATE:148:cr300c/r1200f:Kh|Ah/Ks:300|-300:DeepStack|TCC_AI
STATE:149:cc/cr300f:Qh|Ks/Kh:-100|100:TCC_AI|DeepStack
STATE:150:cc/cc:Kh|Ah/Qh:-100|100:DeepStack|TCC_AI
STATE:151:cc/cc:Ks|Qh/Ah:100|-100:TCC_AI|DeepStack
STATE:152:cc/cc:Ah|As/Qs:0|0:DeepStack|TCC_AI
STATE:153:cc/r300c:Ks|Kh/As:0|0:TCC_AI|DeepStack
STATE:154:cr300r1200c/:Ah|As/Qs:0|0:DeepStack|TCC_AI
STATE:155:cc/cr300f:Ah|Kh/Qh:-100|100:TCC_AI|DeepStack
STATE:156:cc/cc:Kh|As/Qh:-100|100:DeepStack|TCC_AI
STATE:157:cc/cc:As|Kh/Qs:100|-100:TCC_AI|DeepStack
STATE:158:r1200f:As|Ks:100|-100:DeepStack|TCC_AI
STATE:159:cr300r800f:As|Kh:300|-300:TCC_AI|DeepStack
STATE:160:cr300r1200c/:As|Ah/Qs:0|0:DeepStack|TCC_AI
STATE:161:cr300f:Kh|Qh:-100|100:TCC_AI|DeepStack
STATE:162:cr300f:Ks|As:-100|100:DeepStack|TCC_AI
STATE:163:cr300c/cr1200f:Qh|Ks/As:-300|300:TCC_AI|DeepStack
STATE:164:cc/cc:Qs|Qh/Ks:0|0:DeepStack|TCC_AI
STATE:165:cc/cr300c:Ah|Qs/Qh:-300|300:TCC_AI|DeepStack
STATE:166:cc/cr200f:Qh|Kh/Ks:-100|100:DeepStack|TCC_AI
STATE:167:cr300f:Ks|Qh:-100|100:TCC_AI|DeepStack
STATE:168:cr1200f:Kh|Ah:-100|100:DeepStack|TCC_AI
STATE:169:cc/cc:Qs|Ks/Ah:-100|100:TCC_AI|DeepStack
STATE:170:cc/cc:Qh|Kh/Qs:100|-100:DeepStack|TCC_AI
STATE:171:cc/cc:Kh|Ks/As:0|0:TCC_AI|DeepStack
STATE:172:cr300r1200f:As|Qs:300|-300:DeepStack|TCC_AI
STATE:173:cr300c/cr900f:Kh|Ah/As:-300|300:TCC_AI|DeepStack
STATE:174:cc/cr200f:Qh|Kh/Ks:-100|100:DeepStack|TCC_AI
STATE:175:cc/cr300f:Qs|Kh/Ks:-100|100:TCC_AI|DeepStack
STATE:176:cc/cr300f:Qs|Ks/Kh:-100|100:DeepStack|TCC_AI
STATE:177:cc/cc:Kh|As/Qs:-100|100:TCC_AI|DeepStack
STATE:178:cc/cc:Ah|As/Qh:0|0:DeepStack|TCC_AI
STATE:179:r300f:Ah|Qs:100|-100:TCC_AI|DeepStack
STATE:180:r1200f:As|Qs:100|-100:DeepStack|TCC_AI
STATE:181:cr300f:Qs|Ks:-100|100:TCC_AI|DeepStack
STATE:182:cc/r300f:Kh|Qs/As:100|-100:DeepStack|TCC_AI
STATE:183:cc/r400f:Kh|Qh/Ah:100|-100:TCC_AI|DeepStack
STATE:184:cc/cc:Ks|Qh/As:100|-100:DeepStack|TCC_AI
STATE:185:cc/cc:Qh|Kh/Ah:-100|100:TCC_AI|DeepStack
STATE:186:cc/cc:Qh|Kh/Qs:100|-100:DeepStack|TCC_AI
STATE:187:cr300f:Qh|As:-100|100:TCC_AI|DeepStack
STATE:188:cc/cr400f:Ah|Qs/Kh:-100|100:DeepStack|TCC_AI
STATE:189:cc/r600f:Kh|Qh/As:100|-100:TCC_AI|DeepStack
STATE:190:cr300r1200c/:Ah|As/Kh:0|0:DeepStack|TCC_AI
STATE:191:cr300c/cc:Qh|As/Kh:-300|300:TCC_AI|DeepStack
STATE:192:cr300f:Qh|Qs:-100|100:DeepStack|TCC_AI
STATE:193:cc/r500f:As|Qs/Ah:100|-100:TCC_AI|DeepStack
STATE:194:cc/cc:Qs|Ks/Qh:100|-100:DeepStack|TCC_AI
STATE:195:cr300c/cr900f:Qs|Ah/As:-300|300:TCC_AI|DeepStack
STATE:196:r1200c/:Ah|As/Qh:0|0:DeepStack|TCC_AI
STATE:197:cr300f:Qs|Ah:-100|100:TCC_AI|DeepStack
STATE:198:r300c/cc:Ks|Kh/Ah:0|0:DeepStack|TCC_AI
STATE:199:cr300f:Qh|Qs:-100|100:TCC_AI|DeepStack
STATE:200:cr300f:Qs|Ah:-100|100:DeepStack|TCC_AI
STATE:201:cc/cc:Qh|Ks/Qs:100|-100:TCC_AI|DeepStack
STATE:202:cc/cc:Qs|Qh/Ks:0|0:DeepStack|TCC_AI
STATE:203:cr300f:Qh|Ks:-100|100:TCC_AI|DeepStack
STATE:204:cr300f:Kh|Ah:-100|100:DeepStack|TCC_AI
STATE:205:r800f:As|Ks:100|-100:TCC_AI|DeepStack
STATE:206:cc/cc:Qh|Ks/As:-100|100:DeepStack|TCC_AI
STATE:207:cc/cr300f:As|Ks/Kh:-100|100:TCC_AI|DeepStack
STATE:208:cc/cr200f:Ah|Qs/Qh:-100|100:DeepStack|TCC_AI
STATE:209:cr300f:Qh|Kh:-100|100:TCC_AI|DeepStack
STATE:210:cr300f:Qh|As:-100|100:DeepStack|TCC_AI
STATE:211:cc/cr300f:Kh|Qs/Qh:-100|100:TCC_AI|DeepStack
STATE:212:cr1200f:Ks|Ah:-100|100:DeepStack|TCC_AI
STATE:213:cr1200f:Ks|As:-100|100:TCC_AI|DeepStack
STATE:214:cr300c/r900c:Ks|Ah/Kh:900|-900:DeepStack|TCC_AI
STATE:215:cr300f:Qh|As:-100|100:TCC_AI|DeepStack
STATE:216:cc/cr300f:Qs|Kh/Ks:-100|100:DeepStack|TCC_AI
STATE:217:r600f:Ah|Kh:100|-100:TCC_AI|DeepStack
STATE:218:cc/cc:Qs|Kh/Ah:-100|100:DeepStack|TCC_AI
STATE:219:r800f:Ah|Ks:100|-100:TCC_AI|DeepStack
STATE:220:cc/cc:Qs|Kh/As:-100|100:DeepStack|TCC_AI
STATE:221:r300f:Ah|Qh:100|-100:TCC_AI|DeepStack
STATE:222:r1200c/:Ah|As/Ks:0|0:DeepStack|TCC_AI
STATE:223:cr300c/cc:Ah|As/Qs:0|0:TCC_AI|DeepStack
STATE:224:cr300f:Kh|Ks:-100|100:DeepStack|TCC_AI
STATE:225:cr300f:Kh|As:-100|100:TCC_AI|DeepStack
STATE:226:cc/r300f:Kh|Qs/Ah:100|-100:DeepStack|TCC_AI
STATE:227:cc/cc:Qh|Ks/As:-100|100:TCC_AI|DeepStack
STATE:228:cc/cc:Ks|Qh/As:100|-100:DeepStack|TCC_AI
STATE:229:r200r1200f:Qh|Ah:-200|200:TCC_AI|DeepStack
STATE:230:cc/r300f:As|Qh/Ah:100|-100:DeepStack|TCC_AI
STATE:231:cr300f:Qh|As:-100|100:TCC_AI|DeepStack
STATE:232:cc/cc:Kh|Ks/Qh:0|0:DeepStack|TCC_AI
STATE:233:cc/cc:As|Kh/Qs:100|-100:TCC_AI|DeepStack
STATE:234:cc/r300r1200f:Ks|As/Ah:-300|300:DeepStack|TCC_AI
STATE:235:cr300f:Qs|Kh:-100|100:TCC_AI|DeepStack
STATE:236:cc/r300f:Kh|Qs/As:100|-100:DeepStack|TCC_AI
STATE:237:cc/cr300f:Ks|Qh/Qs:-100|100:TCC_AI|DeepStack
STATE:238:cr300f:Kh|Ah:-100|100:DeepStack|TCC_AI
STATE:239:cc/cc:Ks|Kh/Qs:0|0:TCC_AI|DeepStack
STATE:240:cc/cc:Qs|Ks/Ah:-100|100:DeepStack|TCC_AI
STATE:241:cr300r800c/cr1200c:Ah|As/Kh:0|0:TCC_AI|DeepStack
STATE:242:cc/cc:As|Qh/Kh:100|-100:DeepStack|TCC_AI
STATE:243:cr300f:Ks|Qh:-100|100:TCC_AI|DeepStack
STATE:244:cr300f:Qh|Ah:-100|100:DeepStack|TCC_AI
STATE:245:cc/cc:Qs|Kh/Ah:-100|100:TCC_AI|DeepStack
STATE:246:cc/cr200f:As|Qh/Kh:-100|100:DeepStack|TCC_AI
STATE:247:cr300f:Qh|As:-100|100:TCC_AI|DeepStack
STATE:248:r300c/cr1100c:Ah|Qs/Qh:-1100|1100:DeepStack|TCC_AI
STATE:249:cc/cr1200c:Kh|Qh/As:1200|-1200:TCC_AI|DeepStack
STATE:250:cr300f:Kh|Ah:-100|100:DeepStack|TCC_AI
STATE:251:cr300f:Ks|Ah:-100|100:TCC_AI|DeepStack
STATE:252:r1200c/:Ah|As/Ks:0|0:DeepStack|TCC_AI
STATE:253:cr300c/cr1200f:Ks|As/Ah:-300|300:TCC_AI|DeepStack
STATE:254:r1200c/:Ah|As/Qh:0|0:DeepStack|TCC_AI
STATE:255:r500f:As|Ks:100|-100:TCC_AI|DeepStack
STATE:256:cc/cc:Qs|Kh/Qh:100|-100:DeepStack|TCC_AI
STATE:257:cc/cc:Kh|Ks/Qs:0|0:TCC_AI|DeepStack
STATE:258:cc/cr200f:Qs|Qh/Kh:-100|100:DeepStack|TCC_AI
STATE:259:cr300c/cc:Ah|As/Ks:0|0:TCC_AI|DeepStack
STATE:260:cc/r300c:Kh|Ks/Ah:0|0:DeepStack|TCC_AI
STATE:261:cr300f:Qh|As:-100|100:TCC_AI|DeepStack
STATE:262:cr300f:Kh|Qs:-100|100:DeepStack|TCC_AI
STATE:263:cc/cr300f:Kh|Qs/Qh:-100|100:TCC_AI|DeepStack
STATE:264:cc/r300f:Ah|Kh/As:100|-100:DeepStack|TCC_AI
STATE:265:cr300r800f:Ah|Qh:300|-300:TCC_AI|DeepStack
STATE:266:r300f:As|Qh:100|-100:DeepStack|TCC_AI
STATE:267:cc/cr300f:As|Ks/Qh:-100|100:TCC_AI|DeepStack
STATE:268:cc/cc:Kh|Qh/As:100|-100:DeepStack|TCC_AI
STATE:269:cc/cr300r900f:Qs|Ks/Qh:300|-300:TCC_AI|DeepStack
STATE:270:cc/cr200r600f:Qh|Ks/Qs:200|-200:DeepStack|TCC_AI
STATE:271:cc/cc:Qs|Ks/Qh:100|-100:TCC_AI|DeepStack
STATE:272:cr300f:Qh|As:-100|100:DeepStack|TCC_AI
STATE:273:cc/cc:Kh|Ah/Qh:-100|100:TCC_AI|DeepStack
STATE:274:cc/cr800f:Qs|Kh/As:-100|100:DeepStack|TCC_AI
STATE:275:cr300c/r1100f:Kh|As/Ks:300|-300:TCC_AI|DeepStack
STATE:276:cc/r300f:Ks|Qs/Ah:100|-100:DeepStack|TCC_AI
STATE:277:cr1200c/:Ah|As/Ks:0|0:TCC_AI|DeepStack
STATE:278:cr300c/cr400c:Ks|Kh/Qh:0|0:DeepStack|TCC_AI
STATE:279:cr300f:Kh|As:-100|100:TCC_AI|DeepStack
STATE:280:cc/cc:Qh|Qs/Kh:0|0:DeepStack|TCC_AI
STATE:281:cc/cr300f:Qh|Ks/Kh:-100|100:TCC_AI|DeepStack
STATE:282:cr200c/cc:Ks|Kh/Qh:0|0:DeepStack|TCC_AI
STATE:283:cc/cc:Qs|Ks/As:-100|100:TCC_AI|DeepStack
STATE:284:cr300c/cc:Kh|Ah/Qs:-300|300:DeepStack|TCC_AI
STATE:285:cc/cc:Ks|Kh/Qh:0|0:TCC_AI|DeepStack
STATE:286:r1200f:Ah|Qs:100|-100:DeepStack|TCC_AI
STATE:287:cr300f:Kh|Qh:-100|100:TCC_AI|DeepStack
STATE:288:cr300f:Ks|As:-100|100:DeepStack|TCC_AI
STATE:289:cc/cr300f:As|Qs/Qh:-100|100:TCC_AI|DeepStack
STATE:290:cr500r1200c/:As|Ah/Qh:0|0:DeepStack|TCC_AI
STATE:291:cc/cc:Qh|As/Ks:-100|100:TCC_AI|DeepStack
STATE:292:r1200f:Ah|Kh:100|-100:DeepStack|TCC_AI
STATE:293:cc/cr300f:As|Ks/Kh:-100|100:TCC_AI|DeepStack
STATE:294:cr300f:Ks|Ah:-100|100:DeepStack|TCC_AI
STATE:295:cc/cc:Qs|Ks/As:-100|100:TCC_AI|DeepStack
STATE:296:cc/cc:Qh|Kh/As:-100|100:DeepStack|TCC_AI
STATE:297:cc/r300f:Ks|Qh/Ah:100|-100:TCC_AI|DeepStack
STATE:298:cc/cr200f:Ks|Qh/Qs:-100|100:DeepStack|TCC_AI
STATE:299:r300c/r400f:Ah|Qh/Kh:300|-300:TCC_AI|DeepStack
STATE:300:cr300f:Qh|Ah:-100|100:DeepStack|TCC_AI
STATE:301:r400r1200c/:As|Ah/Qs:0|0:TCC_AI|DeepStack
STATE:302:cr300r1200f:Ah|Kh:300|-300:DeepStack|TCC_AI
STATE:303:cr300f:Ks|As:-100|100:TCC_AI|DeepStack
STATE:304:cc/cc:Ah|Qh/Kh:100|-100:DeepStack|TCC_AI
STATE:305:cc/cr300f:Qh|Ks/Kh:-100|100:TCC_AI|DeepStack
STATE:306:cc/cr200f:As|Qs/Kh:-100|100:DeepStack|TCC_AI
STATE:307:cr300f:Qs|As:-100|100:TCC_AI|DeepStack
STATE:308:cr200c/r600f:Ks|Qh/Kh:200|-200:DeepStack|TCC_AI
STATE:309:cr300r800c/r1000f:Ah|Kh/Qh:800|-800:TCC_AI|DeepStack
STATE:310:cr300r1200f:As|Qh:300|-300:DeepStack|TCC_AI
STATE:311:cr300f:Qs|Kh:-100|100:TCC_AI|DeepStack
STATE:312:cc/r1200f:Ah|Ks/As:100|-100:DeepStack|TCC_AI
STATE:313:cr300f:Qs|Ah:-100|100:TCC_AI|DeepStack
STATE:314:cr300f:Qs|Ah:-100|100:DeepStack|TCC_AI
STATE:315:cc/cr300f:Qs|Kh/Ks:-100|100:TCC_AI|DeepStack
STATE:316:cc/cr200f:Ks|Qs/Qh:-100|100:DeepStack|TCC_AI
STATE:317:cr300f:Qh|Kh:-100|100:TCC_AI|DeepStack
STATE:318:cc/cr200f:Qh|Ks/Kh:-100|100:DeepStack|TCC_AI
STATE:319:cc/r300f:Kh|Ks/Ah:100|-100:TCC_AI|DeepStack
STATE:320:cr300f:Qs|Kh:-100|100:DeepStack|TCC_AI
STATE:321:cr300f:Qs|Qh:-100|100:TCC_AI|DeepStack
STATE:322:cc/r300f:As|Qs/Ah:100|-100:DeepStack|TCC_AI
STATE:323:cc/cr300f:Qh|Kh/Ks:-100|100:TCC_AI|DeepStack
STATE:324:cc/cc:Ah|Kh/As:100|-100:DeepStack|TCC_AI
STATE:325:cr300r800c/r1200f:As|Qh/Kh:800|-800:TCC_AI|DeepStack
STATE:326:cr300c/cc:Ks|Ah/Qh:-300|300:DeepStack|TCC_AI
STATE:327:cc/r500f:Kh|Qh/As:100|-100:TCC_AI|DeepStack
STATE:328:cc/cc:Qs|Ks/Ah:-100|100:DeepStack|TCC_AI
STATE:329:cc/r400c:Ks|Kh/As:0|0:TCC_AI|DeepStack
STATE:330:cr300r1200f:Ah|Ks:300|-300:DeepStack|TCC_AI
STATE:331:cr300f:Qh|Qs:-100|100:TCC_AI|DeepStack
STATE:332:cr300f:Kh|Ah:-100|100:DeepStack|TCC_AI
STATE:333:r800r1200c/:Ah|As/Qs:0|0:TCC_AI|DeepStack
STATE:334:cc/cr200f:Qs|Kh/Ks:-100|100:DeepStack|TCC_AI
STATE:335:cr300f:Qh|As:-100|100:TCC_AI|DeepStack
STATE:336:cc/cr300r900f:Qh|Kh/Qs:300|-300:DeepStack|TCC_AI
STATE:337:cc/cc:Qh|Qs/Ks:0|0:TCC_AI|DeepStack
STATE:338:cc/cc:Qh|Ah/Qs:100|-100:DeepStack|TCC_AI
STATE:339:cc/cc:Qs|Qh/Ah:0|0:TCC_AI|DeepStack
STATE:340:cr300f:Kh|As:-100|100:DeepStack|TCC_AI
STATE:341:cc/cr300f:Ks|Qs/Qh:-100|100:TCC_AI|DeepStack
STATE:342:cc/cc:As|Ks/Qs:100|-100:DeepStack|TCC_AI
STATE:343:cr300r800c/cc:Ah|As/Ks:0|0:TCC_AI|DeepStack
STATE:344:cc/cr600f:Qh|Ks/Ah:-100|100:DeepStack|TCC_AI
STATE:345:cr300f:Qh|Ah:-100|100:TCC_AI|DeepStack
STATE:346:r1200f:As|Qh:100|-100:DeepStack|TCC_AI
STATE:347:cr300r1200f:As|Ks:300|-300:TCC_AI|DeepStack
STATE:348:cc/cc:Qs|Qh/As:0|0:DeepStack|TCC_AI
STATE:349:cc/cr300f:Kh|Qs/Qh:-100|100:TCC_AI|DeepStack
STATE:350:cc/r300f:Ks|Qh/Ah:100|-100:DeepStack|TCC_AI
STATE:351:cc/cr300f:As|Ks/Kh:-100|100:TCC_AI|DeepStack
STATE:352:r1200f:As|Ks:100|-100:DeepStack|TCC_AI
STATE:353:cc/cc:Qh|Kh/As:-100|100:TCC_AI|DeepStack
STATE:354:cc/cc:Kh|Qs/Ks:100|-100:DeepStack|TCC_AI
STATE:355:cr300f:Qh|Ah:-100|100:TCC_AI|DeepStack
STATE:356:cc/cc:Ks|Qh/As:100|-100:DeepStack|TCC_AI
STATE:357:cc/cc:Kh|Qs/Ks:100|-100:TCC_AI|DeepStack
STATE:358:cc/cr300f:Kh|Qh/Qs:-100|100:DeepStack|TCC_AI
STATE:359:cr300f:Ks|Kh:-100|100:TCC_AI|DeepStack
STATE:360:cr300r1200c/:Ah|As/Ks:0|0:DeepStack|TCC_AI
STATE:361:cr300f:Kh|Ah:-100|100:TCC_AI|DeepStack
STATE:362:r1200f:As|Ks:100|-100:DeepStack|TCC_AI
STATE:363:cc/cc:As|Kh/Qs:100|-100:TCC_AI|DeepStack
STATE:364:cc/cr200f:Kh|Ks/Qh:-100|100:DeepStack|TCC_AI
STATE:365:cc/cr300f:As|Kh/Ks:-100|100:TCC_AI|DeepStack
STATE:366:cr300c/r1200f:Ks|Qh/Kh:300|-300:DeepStack|TCC_AI
STATE:367:cc/cr300f:Ks|Kh/Qs:-100|100:TCC_AI|DeepStack
STATE:368:cc/cc:Qs|Ks/As:-100|100:DeepStack|TCC_AI
STATE:369:r600f:Ah|Kh:100|-100:TCC_AI|DeepStack
STATE:370:cc/cc:Ah|Kh/Qh:100|-100:DeepStack|TCC_AI
STATE:371:cr1200f:Qh|As:-100|100:TCC_AI|DeepStack
STATE:372:r1200f:Ah|Ks:100|-100:DeepStack|TCC_AI
STATE:373:cr300r900f:Ah|Kh:300|-300:TCC_AI|DeepStack
STATE:374:cc/r1200f:Ah|Qs/As:100|-100:DeepStack|TCC_AI
STATE:375:cc/cc:Qh|Qs/Kh:0|0:TCC_AI|DeepStack
STATE:376:r1200f:As|Qh:100|-100:DeepStack|TCC_AI
STATE:377:cc/cc:Qh|Kh/As:-100|100:TCC_AI|DeepStack
STATE:378:cc/cc:Ah|Ks/Qs:100|-100:DeepStack|TCC_AI
STATE:379:cc/r900f:Ah|Ks/As:100|-100:TCC_AI|DeepStack
STATE:380:cr300c/r1200f:Qs|Ah/Qh:300|-300:DeepStack|TCC_AI
STATE:381:cr300f:Kh|Ah:-100|100:TCC_AI|DeepStack
STATE:382:cc/cr200f:Kh|Qh/Qs:-100|100:DeepStack|TCC_AI
STATE:383:cc/r400f:Kh|Qs/As:100|-100:TCC_AI|DeepStack
STATE:384:cc/cc:Qs|Ks/As:-100|100:DeepStack|TCC_AI
STATE:385:cr300f:Qh|Kh:-100|100:TCC_AI|DeepStack
STATE:386:cr300r1200f:As|Qh:300|-300:DeepStack|TCC_AI
STATE:387:cr300f:Kh|Ah:-100|100:TCC_AI|DeepStack
STATE:388:cc/cc:Kh|Qs/Ks:100|-100:DeepStack|TCC_AI
STATE:389:cr300f:Qh|Kh:-100|100:TCC_AI|DeepStack
STATE:390:r1200f:As|Qh:100|-100:DeepStack|TCC_AI
STATE:391:cc/cc:Qh|Qs/Kh:0|0:TCC_AI|DeepStack
STATE:392:cc/cc:Ks|Qh/Kh:100|-100:DeepStack|TCC_AI
STATE:393:cr1200f:Qh|Ah:-100|100:TCC_AI|DeepStack
STATE:394:r1200f:As|Ks:100|-100:DeepStack|TCC_AI
STATE:395:cc/cc:Ks|Qs/Kh:100|-100:TCC_AI|DeepStack
STATE:396:cr300c/cr800f:Ks|As/Ah:-300|300:DeepStack|TCC_AI
STATE:397:cc/cc:Qs|Qh/Ah:0|0:TCC_AI|DeepStack
STATE:398:cr400f:Kh|As:-100|100:DeepStack|TCC_AI
STATE:399:cc/cc:Ah|Qh/Kh:100|-100:TCC_AI|DeepStack
STATE:400:cr600f:Ks|As:-100|100:DeepStack|TCC_AI
STATE:401:cc/cc:Qh|As/Kh:-100|100:TCC_AI|DeepStack
STATE:402:cr300f:Qs|Kh:-100|100:DeepStack|TCC_AI
STATE:403:cc/cc:Qs|Qh/Kh:0|0:TCC_AI|DeepStack
STATE:404:cr300f:Ks|As:-100|100:DeepStack|TCC_AI
STATE:405:cr300f:Ks|As:-100|100:TCC_AI|DeepStack
STATE:406:r1200f:Ah|Kh:100|-100:DeepStack|TCC_AI
STATE:407:cr300f:Kh|Ah:-100|100:TCC_AI|DeepStack
STATE:408:cc/cr200c:As|Kh/Qs:200|-200:DeepStack|TCC_AI
STATE:409:cc/r300f:Ks|Qs/Ah:100|-100:TCC_AI|DeepStack
STATE:410:cr300f:Qh|Ah:-100|100:DeepStack|TCC_AI
STATE:411:cc/r500f:Ks|Qs/Ah:100|-100:TCC_AI|DeepStack
STATE:412:cr300f:Qh|As:-100|100:DeepStack|TCC_AI
STATE:413:cr1200f:Kh|As:-100|100:TCC_AI|DeepStack
STATE:414:cr500f:Qs|Qh:-100|100:DeepStack|TCC_AI
STATE:415:cr300f:Kh|Ah:-100|100:TCC_AI|DeepStack
STATE:416:cc/cc:Qs|Qh/As:0|0:DeepStack|TCC_AI
STATE:417:cc/r300f:Kh|Qh/Ah:100|-100:TCC_AI|DeepStack
STATE:418:cr300f:Kh|As:-100|100:DeepStack|TCC_AI
STATE:419:cr1200c/:As|Ah/Ks:0|0:TCC_AI|DeepStack
STATE:420:r300f:As|Qs:100|-100:DeepStack|TCC_AI
STATE:421:cr1200f:Qs|Ah:-100|100:TCC_AI|DeepStack
STATE:422:r1200c/:Ah|As/Kh:0|0:DeepStack|TCC_AI
STATE:423:cr1200f:Qs|Ah:-100|100:TCC_AI|DeepStack
STATE:424:cc/cr800f:Qh|Qs/Ah:-100|100:DeepStack|TCC_AI
STATE:425:cc/cr300f:Qh|Qs/Ks:-100|100:TCC_AI|DeepStack
STATE:426:cr300c/cr400r1200f:Ah|Kh/Qh:400|-400:DeepStack|TCC_AI
STATE:427:r900f:Ah|Ks:100|-100:TCC_AI|DeepStack
STATE:428:cr300r1200c/:Ah|As/Qs:0|0:DeepStack|TCC_AI
STATE:429:cc/r400f:Kh|Ks/Ah:100|-100:TCC_AI|DeepStack
STATE:430:cr300c/cr800f:Qs|Ks/Ah:-300|300:DeepStack|TCC_AI
STATE:431:cr300r800c/r900f:Ah|Kh/As:800|-800:TCC_AI|DeepStack
STATE:432:cr400r1200c/:Ah|As/Qs:0|0:DeepStack|TCC_AI
STATE:433:cc/cc:Kh|Ks/As:0|0:TCC_AI|DeepStack
STATE:434:r1200f:Ah|Qh:100|-100:DeepStack|TCC_AI
STATE:435:cc/cc:Qs|Qh/As:0|0:TCC_AI|DeepStack
STATE:436:cc/cc:Qs|Qh/Ah:0|0:DeepStack|TCC_AI
STATE:437:cr300r800c/r1000r1200c:Ah|As/Qh:0|0:TCC_AI|DeepStack
STATE:438:cc/cc:Qh|Qs/Ah:0|0:DeepStack|TCC_AI
STATE:439:cr300c/cc:Kh|As/Qs:-300|300:TCC_AI|DeepStack
STATE:440:r1200f:Ah|Kh:100|-100:DeepStack|TCC_AI
STATE:441:cc/cc:Qs|Qh/Kh:0|0:TCC_AI|DeepStack
STATE:442:cr300f:Qs|As:-100|100:DeepStack|TCC_AI
STATE:443:cr300f:Qs|Kh:-100|100:TCC_AI|DeepStack
STATE:444:cr300f:Qs|Ks:-100|100:DeepStack|TCC_AI
STATE:445:cr300f:Ks|Ah:-100|100:TCC_AI|DeepStack
STATE:446:cr500f:Kh|Ah:-100|100:DeepStack|TCC_AI
STATE:447:r600f:As|Ks:100|-100:TCC_AI|DeepStack
STATE:448:cr400f:Qs|Ah:-100|100:DeepStack|TCC_AI
STATE:449:cc/cc:Kh|Ks/Qh:0|0:TCC_AI|DeepStack
STATE:450:cr400r1200c/:Ah|As/Kh:0|0:DeepStack|TCC_AI
STATE:451:cr300f:Kh|Qh:-100|100:TCC_AI|DeepStack
STATE:452:r300c/cc:Ks|As/Qs:-300|300:DeepStack|TCC_AI
STATE:453:cr300c/cc:Kh|As/Qs:-300|300:TCC_AI|DeepStack
STATE:454:r300c/cr1200f:Kh|Qs/Qh:-300|300:DeepStack|TCC_AI
STATE:455:cr300f:Ks|Ah:-100|100:TCC_AI|DeepStack
STATE:456:cc/cc:Qs|Qh/Kh:0|0:DeepStack|TCC_AI
STATE:457:r800f:As|Kh:100|-100:TCC_AI|DeepStack
STATE:458:cc/r1200f:Qs|Qh/As:100|-100:DeepStack|TCC_AI
STATE:459:cr300f:Qs|Ah:-100|100:TCC_AI|DeepStack
STATE:460:cc/cc:Ks|Kh/Qh:0|0:DeepStack|TCC_AI
STATE:461:cc/r300f:As|Qs/Ah:100|-100:TCC_AI|DeepStack
STATE:462:cr300f:Qs|As:-100|100:DeepStack|TCC_AI
STATE:463:cr300f:Qs|Ah:-100|100:TCC_AI|DeepStack
STATE:464:cc/cc:Qh|Ks/As:-100|100:DeepStack|TCC_AI
STATE:465:r800f:As|Ks:100|-100:TCC_AI|DeepStack
STATE:466:cc/cc:Qh|Kh/Ah:-100|100:DeepStack|TCC_AI
STATE:467:cc/cr300f:As|Qs/Qh:-100|100:TCC_AI|DeepStack
STATE:468:r1200f:As|Ks:100|-100:DeepStack|TCC_AI
STATE:469:cr300c/cr900f:Qs|As/Ah:-300|300:TCC_AI|DeepStack
STATE:470:cc/cc:Qh|Ks/As:-100|100:DeepStack|TCC_AI
STATE:471:cc/r400c:Ks|Kh/As:0|0:TCC_AI|DeepStack
STATE:472:cr300f:Kh|Qh:-100|100:DeepStack|TCC_AI
STATE:473:cc/cr300f:Qh|Kh/Ks:-100|100:TCC_AI|DeepStack
STATE:474:cr300r1200c/:As|Ah/Qs:0|0:DeepStack|TCC_AI
STATE:475:cc/cc:Kh|Ah/Ks:100|-100:TCC_AI|DeepStack
STATE:476:cr300r1200f:As|Qs:300|-300:DeepStack|TCC_AI
STATE:477:cc/cc:Qs|Kh/Qh:100|-100:TCC_AI|DeepStack
STATE:478:cr300f:Qh|Ah:-100|100:DeepStack|TCC_AI
STATE:479:r800f:As|Qh:100|-100:TCC_AI|DeepStack
STATE:480:cr200c/cc:Kh|Ks/As:0|0:DeepStack|TCC_AI
STATE:481:cc/cc:Qh|Kh/Ah:-100|100:TCC_AI|DeepStack
STATE:482:cc/r300f:Ks|Qh/Ah:100|-100:DeepStack|TCC_AI
STATE:483:cc/cc:Kh|Ks/Ah:0|0:TCC_AI|DeepStack
STATE:484:cr300f:Qh|As:-100|100:DeepStack|TCC_AI
STATE:485:cc/cc:Qh|Kh/Qs:100|-100:TCC_AI|DeepStack
STATE:486:cc/cc:Qh|Kh/Qs:100|-100:DeepStack|TCC_AI
STATE:487:cr300f:Ks|Ah:-100|100:TCC_AI|DeepStack
STATE:488:cr300c/cr1100f:Qs|As/Ah:-300|300:DeepStack|TCC_AI
STATE:489:cc/cr300f:Ah|Qs/Qh:-100|100:TCC_AI|DeepStack
STATE:490:cc/cr200f:Qs|Kh/Ks:-100|100:DeepStack|TCC_AI
STATE:491:cr300r800r1200c/:As|Ah/Kh:0|0:TCC_AI|DeepStack
STATE:492:cc/cc:Qh|As/Qs:100|-100:DeepStack|TCC_AI
STATE:493:cc/cr300f:Ks|Kh/Qs:-100|100:TCC_AI|DeepStack
STATE:494:cc/r300c:As|Ks/Ah:300|-300:DeepStack|TCC_AI
STATE:495:cc/cc:Qs|Qh/Ah:0|0:TCC_AI|DeepStack
STATE:496:cr300f:Ks|Qs:-100|100:DeepStack|TCC_AI
STATE:497:cc/cc:Qh|Ah/Kh:-100|100:TCC_AI|DeepStack
STATE:498:cr300f:Qh|Ah:-100|100:DeepStack|TCC_AI
STATE:499:r600f:As|Kh:100|-100:TCC_AI|DeepStack
STATE:500:cr300f:Qh|Kh:-100|100:DeepStack|TCC_AI
STATE:501:cc/cr300f:Kh|Qh/Qs:-100|100:TCC_AI|DeepStack
STATE:502:cc/cr200f:Kh|Qh/Qs:-100|100:DeepStack|TCC_AI
STATE:503:cr300f:Qs|As:-100|100:TCC_AI|DeepStack
STATE:504:cc/r300f:Ks|Qh/Ah:100|-100:DeepStack|TCC_AI
STATE:505:cr300c/r1200c:Ks|As/Kh:1200|-1200:TCC_AI|DeepStack
STATE:506:r1200f:As|Ks:100|-100:DeepStack|TCC_AI
STATE:507:cr300f:Qh|As:-100|100:TCC_AI|DeepStack
STATE:508:cc/cc:Qs|Kh/Qh:100|-100:DeepStack|TCC_AI
STATE:509:cr300f:Ks|Qs:-100|100:TCC_AI|DeepStack
STATE:510:cc/cc:Qs|Ks/As:-100|100:DeepStack|TCC_AI
STATE:511:cr300r800f:Ah|Kh:300|-300:TCC_AI|DeepStack
STATE:512:cc/cr200f:Ah|Qs/Qh:-100|100:DeepStack|TCC_AI
STATE:513:cr300f:Kh|Ks:-100|100:TCC_AI|DeepStack
STATE:514:cr300f:Qh|As:-100|100:DeepStack|TCC_AI
STATE:515:cr300f:Qh|Qs:-100|100:TCC_AI|DeepStack
STATE:516:cc/r300f:Kh|Qs/As:100|-100:DeepStack|TCC_AI
STATE:517:cc/cr300f:Ah|Qh/Qs:-100|100:TCC_AI|DeepStack
STATE:518:cc/cc:Qs|Kh/Ah:-100|100:DeepStack|TCC_AI
STATE:519:cc/cc:Qs|Ks/As:-100|100:TCC_AI|DeepStack
STATE:520:cr300f:Ks|As:-100|100:DeepStack|TCC_AI
STATE:521:cr300f:Qh|As:-100|100:TCC_AI|DeepStack
STATE:522:cc/cr500f:Qh|Ks/Ah:-100|100:DeepStack|TCC_AI
STATE:523:cc/cr300f:Ks|Qh/Qs:-100|100:TCC_AI|DeepStack
STATE:524:cc/r300c:Ks|Kh/Ah:0|0:DeepStack|TCC_AI
STATE:525:cr300f:Kh|Ks:-100|100:TCC_AI|DeepStack
STATE:526:r1200f:Ah|Ks:100|-100:DeepStack|TCC_AI
STATE:527:cr300f:Qs|Qh:-100|100:TCC_AI|DeepStack
STATE:528:cr300f:Ks|Qs:-100|100:DeepStack|TCC_AI
STATE:529:cr300f:Ks|Qh:-100|100:TCC_AI|DeepStack
STATE:530:cc/cc:As|Qs/Ks:100|-100:DeepStack|TCC_AI
STATE:531:cr300f:Kh|Qs:-100|100:TCC_AI|DeepStack
STATE:532:cc/cc:Ks|Kh/Qh:0|0:DeepStack|TCC_AI
STATE:533:cr300f:Qs|Ah:-100|100:TCC_AI|DeepStack
STATE:534:cc/cr200f:Qh|Ks/Kh:-100|100:DeepStack|TCC_AI
STATE:535:cr300f:Qs|Ah:-100|100:TCC_AI|DeepStack
STATE:536:cc/cc:Kh|Qs/Ks:100|-100:DeepStack|TCC_AI
STATE:537:cc/cr300f:Ah|Qh/Ks:-100|100:TCC_AI|DeepStack
STATE:538:r1200f:As|Ks:100|-100:DeepStack|TCC_AI
STATE:539:cc/cr300f:Ks|Qs/Qh:-100|100:TCC_AI|DeepStack
STATE:540:cr300c/cr800c:Ks|Ah/As:-800|800:DeepStack|TCC_AI
STATE:541:cc/cc:Qs|Qh/Ks:0|0:TCC_AI|DeepStack
STATE:542:cc/cc:As|Qs/Kh:100|-100:DeepStack|TCC_AI
STATE:543:cr300f:Kh|As:-100|100:TCC_AI|DeepStack
STATE:544:cr300f:Kh|As:-100|100:DeepStack|TCC_AI
STATE:545:cc/r400f:Ks|Qh/As:100|-100:TCC_AI|DeepStack
STATE:546:cr300f:Kh|Ah:-100|100:DeepStack|TCC_AI
STATE:547:r800f:Ah|Qs:100|-100:TCC_AI|DeepStack
STATE:548:cr300r1200c/:As|Ah/Kh:0|0:DeepStack|TCC_AI
STATE:549:cc/cc:Ah|Qs/Kh:100|-100:TCC_AI|DeepStack
STATE:550:cr300c/cr1200c:Ks|Qh/As:1200|-1200:DeepStack|TCC_AI
STATE:551:r800f:As|Qs:100|-100:TCC_AI|DeepStack
STATE:552:cr300f:Kh|Ah:-100|100:DeepStack|TCC_AI
STATE:553:cc/cc:Qs|Ks/As:-100|100:TCC_AI|DeepStack
STATE:554:cc/cc:Ks|Kh/Qh:0|0:DeepStack|TCC_AI
STATE:555:cc/cc:Qs|Kh/Qh:100|-100:TCC_AI|DeepStack
STATE:556:cr400f:Qh|Kh:-100|100:DeepStack|TCC_AI
STATE:557:r500f:Ah|Kh:100|-100:TCC_AI|DeepStack
STATE:558:cr200c/r600c:Kh|Ah/Qs:-600|600:DeepStack|TCC_AI
STATE:559:cr300f:Qs|As:-100|100:TCC_AI|DeepStack
STATE:560:cc/cc:As|Ks/Qs:100|-100:DeepStack|TCC_AI
STATE:561:cc/r400f:Kh|Qh/As:100|-100:TCC_AI|DeepStack
STATE:562:r1200c/:Ah|As/Qh:0|0:DeepStack|TCC_AI
STATE:563:r800r1200c/:Ah|As/Ks:0|0:TCC_AI|DeepStack
STATE:564:r1200f:Ah|Qs:100|-100:DeepStack|TCC_AI
STATE:565:cc/cc:As|Kh/Qs:100|-100:TCC_AI|DeepStack
STATE:566:r1200f:As|Qs:100|-100:DeepStack|TCC_AI
STATE:567:cc/r1100f:Qs|Ks/As:100|-100:TCC_AI|DeepStack
STATE:568:r1200f:Ah|Kh:100|-100:DeepStack|TCC_AI
STATE:569:cr300c/cc:Ks|Kh/Qh:0|0:TCC_AI|DeepStack
STATE:570:r1200c/:Ah|As/Qh:0|0:DeepStack|TCC_AI
STATE:571:r800c/r900r1200c:As|Ah/Ks:0|0:TCC_AI|DeepStack
STATE:572:cc/cc:Ks|Kh/As:0|0:DeepStack|TCC_AI
STATE:573:cr300c/cr900c:As|Kh/Qs:900|-900:TCC_AI|DeepStack
STATE:574:cr300f:Qh|Ah:-100|100:DeepStack|TCC_AI
STATE:575:r600r1200c/:As|Ah/Qh:0|0:TCC_AI|DeepStack
STATE:576:cc/cc:As|Kh/Qs:100|-100:DeepStack|TCC_AI
STATE:577:cc/cc:Qs|As/Qh:100|-100:TCC_AI|DeepStack
STATE:578:cr300f:Kh|As:-100|100:DeepStack|TCC_AI
STATE:579:cc/cr300f:Ks|Qh/Qs:-100|100:TCC_AI|DeepStack
STATE:580:cc/cr200f:As|Qs/Ks:-100|100:DeepStack|TCC_AI
STATE:581:cc/cc:Ks|Ah/Qs:-100|100:TCC_AI|DeepStack
STATE:582:cr300f:Ks|As:-100|100:DeepStack|TCC_AI
STATE:583:r200c/cr1200f:Ks|Qh/Qs:-200|200:TCC_AI|DeepStack
STATE:584:cr300f:Ks|As:-100|100:DeepStack|TCC_AI
STATE:585:r200r1200f:Kh|As:-200|200:TCC_AI|DeepStack
STATE:586:cc/cc:Kh|As/Qh:-100|100:DeepStack|TCC_AI
STATE:587:cc/r300f:Ks|Qh/As:100|-100:TCC_AI|DeepStack
STATE:588:cr300f:Qs|Ah:-100|100:DeepStack|TCC_AI
STATE:589:cr300f:Ks|As:-100|100:TCC_AI|DeepStack
STATE:590:cc/cr200f:Qh|Kh/Ks:-100|100:DeepStack|TCC_AI
STATE:591:cc/cr300f:Ks|Kh/Qh:-100|100:TCC_AI|DeepStack
STATE:592:cc/cr200f:Kh|Qs/Qh:-100|100:DeepStack|TCC_AI
STATE:593:cc/cr300f:Kh|Qs/Qh:-100|100:TCC_AI|DeepStack
STATE:594:cr200c/r1200f:Qh|Ah/Qs:200|-200:DeepStack|TCC_AI
STATE:595:cr300f:Ks|Qh:-100|100:TCC_AI|DeepStack
STATE:596:cr300c/cr1000f:Qs|Ah/As:-300|300:DeepStack|TCC_AI
STATE:597:cc/cc:Qh|Qs/Kh:0|0:TCC_AI|DeepStack
STATE:598:r1200f:Ah|Qh:100|-100:DeepStack|TCC_AI
STATE:599:cr300c/r800f:Ks|Qh/Kh:300|-300:TCC_AI|DeepStack
STATE:600:r1200f:As|Qh:100|-100:DeepStack|TCC_AI
STATE:601:cr300f:Ks|Ah:-100|100:TCC_AI|DeepStack
STATE:602:cr300c/r1200f:Qs|Kh/Qh:300|-300:DeepStack|TCC_AI
STATE:603:cr300c/cr900f:Kh|Ah/Qs:-300|300:TCC_AI|DeepStack
STATE:604:cc/cc:Ks|Kh/Qh:0|0:DeepStack|TCC_AI
STATE:605:cc/cr300f:Qh|Ks/Kh:-100|100:TCC_AI|DeepStack
STATE:606:cr500f:Qh|As:-100|100:DeepStack|TCC_AI
STATE:607:cr300c/r1200f:Ks|As/Kh:300|-300:TCC_AI|DeepStack
STATE:608:cr300f:Qh|As:-100|100:DeepStack|TCC_AI
STATE:609:cr1200f:Kh|As:-100|100:TCC_AI|DeepStack
STATE:610:cr300c/r1200c:Qs|As/Ks:-1200|1200:DeepStack|TCC_AI
STATE:611:r800f:As|Qh:100|-100:TCC_AI|DeepStack
STATE:612:cc/cr400f:Qs|Kh/As:-100|100:DeepStack|TCC_AI
STATE:613:cr300f:Kh|As:-100|100:TCC_AI|DeepStack
STATE:614:cc/r300c:As|Ks/Ah:300|-300:DeepStack|TCC_AI
STATE:615:cr300f:Qs|As:-100|100:TCC_AI|DeepStack
STATE:616:cr300f:Qs|Ah:-100|100:DeepStack|TCC_AI
STATE:617:cc/cc:Ks|Ah/Qh:-100|100:TCC_AI|DeepStack
STATE:618:cr300c/cr1000f:Qs|Kh/Ah:-300|300:DeepStack|TCC_AI
STATE:619:cr300r800c/r900f:As|Qh/Ah:800|-800:TCC_AI|DeepStack
STATE:620:r1200f:Ah|Ks:100|-100:DeepStack|TCC_AI
STATE:621:r1000f:Ah|Qh:100|-100:TCC_AI|DeepStack
STATE:622:cr300c/cr800f:Ks|Kh/As:-300|300:DeepStack|TCC_AI
STATE:623:cc/cc:Ks|Qs/Kh:100|-100:TCC_AI|DeepStack
STATE:624:cc/cc:As|Ks/Qh:100|-100:DeepStack|TCC_AI
STATE:625:r600f:As|Qh:100|-100:TCC_AI|DeepStack
STATE:626:cc/cc:Qh|Ah/Ks:-100|100:DeepStack|TCC_AI
STATE:627:r800f:Ah|Qh:100|-100:TCC_AI|DeepStack
STATE:628:cr300f:Qs|Kh:-100|100:DeepStack|TCC_AI
STATE:629:cc/r300f:Ks|Qs/As:100|-100:TCC_AI|DeepStack
STATE:630:cc/cr200f:Ah|Qs/Ks:-100|100:DeepStack|TCC_AI
STATE:631:cc/cr300f:As|Kh/Qs:-100|100:TCC_AI|DeepStack
STATE:632:cr200c/cr1200f:Ks|Qh/As:-200|200:DeepStack|TCC_AI
STATE:633:cr300f:Qs|Qh:-100|100:TCC_AI|DeepStack
STATE:634:cr400c/cr1000f:Ks|Qs/Qh:-400|400:DeepStack|TCC_AI
STATE:635:cr300c/r1200c:Qh|Ah/Kh:-1200|1200:TCC_AI|DeepStack
STATE:636:cr300f:Ks|Ah:-100|100:DeepStack|TCC_AI
STATE:637:r600r1200c/:As|Ah/Ks:0|0:TCC_AI|DeepStack
STATE:638:cc/cc:Qh|Ah/Kh:-100|100:DeepStack|TCC_AI
STATE:639:cr1200f:Ks|As:-100|100:TCC_AI|DeepStack
STATE:640:cr300f:Qh|Qs:-100|100:DeepStack|TCC_AI
STATE:641:cc/cc:Qs|Kh/Ah:-100|100:TCC_AI|DeepStack
STATE:642:cr500f:Qs|As:-100|100:DeepStack|TCC_AI
STATE:643:cc/r400c:Ah|Ks/As:400|-400:TCC_AI|DeepStack
STATE:644:cr300r1200f:As|Ks:300|-300:DeepStack|TCC_AI
STATE:645:cc/cc:Qs|As/Ks:-100|100:TCC_AI|DeepStack
STATE:646:cc/cc:Qs|Qh/As:0|0:DeepStack|TCC_AI
STATE:647:cc/cr300f:Kh|Ks/Qs:-100|100:TCC_AI|DeepStack
STATE:648:cc/cr200f:Qs|Ks/Kh:-100|100:DeepStack|TCC_AI
STATE:649:cr300c/cr1200f:Ks|As/Qh:-300|300:TCC_AI|DeepStack
STATE:650:cc/r1200c:Ah|Kh/As:1200|-1200:DeepStack|TCC_AI
STATE:651:cc/cc:Qs|Kh/As:-100|100:TCC_AI|DeepStack
STATE:652:cc/cr300f:As|Ks/Kh:-100|100:DeepStack|TCC_AI
STATE:653:cr300c/cc:Ah|Qh/Ks:300|-300:TCC_AI|DeepStack
STATE:654:cc/cc:Kh|Qh/Ks:100|-100:DeepStack|TCC_AI
STATE:655:cr300f:Qs|As:-100|100:TCC_AI|DeepStack
STATE:656:cc/cc:Qs|Ks/Ah:-100|100:DeepStack|TCC_AI
STATE:657:cr300f:Qs|Qh:-100|100:TCC_AI|DeepStack
STATE:658:cc/cc:Qs|Ah/Qh:100|-100:DeepStack|TCC_AI
STATE:659:cc/cr300c:As|Qs/Qh:-300|300:TCC_AI|DeepStack
STATE:660:cc/cc:Qs|Qh/As:0|0:DeepStack|TCC_AI
STATE:661:cc/cr300c:Ah|Kh/Ks:-300|300:TCC_AI|DeepStack
STATE:662:cr300f:Qh|As:-100|100:DeepStack|TCC_AI
STATE:663:cr300f:Kh|As:-100|100:TCC_AI|DeepStack
STATE:664:cc/cc:Ah|Kh/Qh:100|-100:DeepStack|TCC_AI
STATE:665:cc/cr300f:As|Kh/Ks:-100|100:TCC_AI|DeepStack
STATE:666:cc/cr200c:As|Qh/Qs:-200|200:DeepStack|TCC_AI
STATE:667:cr1200f:Kh|As:-100|100:TCC_AI|DeepStack
STATE:668:cr500f:Kh|Qs:-100|100:DeepStack|TCC_AI
STATE:669:cc/cr300f:Kh|Qh/Qs:-100|100:TCC_AI|DeepStack
STATE:670:cr300c/r1200c:As|Ah/Qh:0|0:DeepStack|TCC_AI
STATE:671:cr300r800c/r1000r1200c:Ah|Qs/Qh:-1200|1200:TCC_AI|DeepStack
STATE:672:cc/cc:Kh|As/Ks:100|-100:DeepStack|TCC_AI
STATE:673:r800f:As|Ks:100|-100:TCC_AI|DeepStack
STATE:674:cr300c/r1200c:Qs|As/Ks:-1200|1200:DeepStack|TCC_AI
STATE:675:cr300f:Qh|Ah:-100|100:TCC_AI|DeepStack
STATE:676:cc/r300c:Ah|Kh/As:300|-300:DeepStack|TCC_AI
STATE:677:cr300f:Qh|As:-100|100:TCC_AI|DeepStack
STATE:678:cr300f:Ks|Ah:-100|100:DeepStack|TCC_AI
STATE:679:r800c/r900r1200c:As|Ah/Kh:0|0:TCC_AI|DeepStack
STATE:680:cr300f:Kh|As:-100|100:DeepStack|TCC_AI
STATE:681:cr1200f:Kh|Ah:-100|100:TCC_AI|DeepStack
STATE:682:cr200r1200c/:As|Ah/Ks:0|0:DeepStack|TCC_AI
STATE:683:cr300c/cr1200f:Ks|Qs/Qh:-300|300:TCC_AI|DeepStack
STATE:684:cc/cr200f:Ks|Qh/Qs:-100|100:DeepStack|TCC_AI
STATE:685:cc/cc:As|Qh/Kh:100|-100:TCC_AI|DeepStack
STATE:686:cr800f:Qs|Ah:-100|100:DeepStack|TCC_AI
STATE:687:cc/cr300f:As|Kh/Qh:-100|100:TCC_AI|DeepStack
STATE:688:cc/cr200f:As|Qs/Qh:-100|100:DeepStack|TCC_AI
STATE:689:cc/r600f:Ah|Qh/As:100|-100:TCC_AI|DeepStack
STATE:690:cc/cc:Qs|Qh/Ah:0|0:DeepStack|TCC_AI
STATE:691:cr300f:Kh|Qs:-100|100:TCC_AI|DeepStack
STATE:692:cr200c/cc:Kh|As/Qs:-200|200:DeepStack|TCC_AI
STATE:693:r200c/cc:Ks|As/Kh:200|-200:TCC_AI|DeepStack
STATE:694:cc/cc:Ks|Kh/Qh:0|0:DeepStack|TCC_AI
STATE:695:cr300f:Qs|Kh:-100|100:TCC_AI|DeepStack
STATE:696:cc/cc:As|Qh/Ah:100|-100:DeepStack|TCC_AI
STATE:697:cr300f:Kh|Ah:-100|100:TCC_AI|DeepStack
STATE:698:r1200c/:Ah|As/Ks:0|0:DeepStack|TCC_AI
STATE:699:cr300c/r1200f:Kh|As/Ks:300|-300:TCC_AI|DeepStack
STATE:700:r1200f:As|Kh:100|-100:DeepStack|TCC_AI
STATE:701:cc/r400f:Ks|Qs/Ah:100|-100:TCC_AI|DeepStack
STATE:702:cc/cc:As|Kh/Qh:100|-100:DeepStack|TCC_AI
STATE:703:cc/r400r1200f:Kh|Ah/As:-400|400:TCC_AI|DeepStack
STATE:704:r1200f:As|Kh:100|-100:DeepStack|TCC_AI
STATE:705:cc/cc:Qs|Ks/Ah:-100|100:TCC_AI|DeepStack
STATE:706:cr200c/r600f:Qs|Ah/Qh:200|-200:DeepStack|TCC_AI
STATE:707:cc/cc:Kh|Qs/Ks:100|-100:TCC_AI|DeepStack
STATE:708:r1200c/:Ah|As/Ks:0|0:DeepStack|TCC_AI
STATE:709:cc/cc:Ks|As/Kh:100|-100:TCC_AI|DeepStack
STATE:710:cc/cc:Ks|Kh/Qh:0|0:DeepStack|TCC_AI
STATE:711:cc/cc:Ks|Kh/Qs:0|0:TCC_AI|DeepStack
STATE:712:cc/r300f:Kh|Qs/As:100|-100:DeepStack|TCC_AI
STATE:713:r600f:Ah|Kh:100|-100:TCC_AI|DeepStack
STATE:714:r1200f:Ah|Kh:100|-100:DeepStack|TCC_AI
STATE:715:r300r1200c/:Ah|As/Qs:0|0:TCC_AI|DeepStack
STATE:716:cc/r300f:Kh|Qs/Ah:100|-100:DeepStack|TCC_AI
STATE:717:cr300f:Kh|As:-100|100:TCC_AI|DeepStack
STATE:718:cc/cc:Qh|Qs/Ah:0|0:DeepStack|TCC_AI
STATE:719:cr300f:Qs|Ah:-100|100:TCC_AI|DeepStack
STATE:720:r1200f:As|Ks:100|-100:DeepStack|TCC_AI
STATE:721:cr300f:Ks|Ah:-100|100:TCC_AI|DeepStack
STATE:722:cc/r300f:Kh|Qs/Ah:100|-100:DeepStack|TCC_AI
STATE:723:cr300f:Kh|Ah:-100|100:TCC_AI|DeepStack
STATE:724:cr300f:Qh|As:-100|100:DeepStack|TCC_AI
STATE:725:cr300r1000r1200c/:As|Ah/Kh:0|0:TCC_AI|DeepStack
STATE:726:cc/cc:Kh|Ks/As:0|0:DeepStack|TCC_AI
STATE:727:cc/cr300f:Kh|Qs/Qh:-100|100:TCC_AI|DeepStack
STATE:728:cc/r300f:Ks|Qs/Ah:100|-100:DeepStack|TCC_AI
STATE:729:cr300f:Qh|As:-100|100:TCC_AI|DeepStack
STATE:730:cc/cr200f:Qs|Ks/Kh:-100|100:DeepStack|TCC_AI
STATE:731:cc/cc:As|Qs/Kh:100|-100:TCC_AI|DeepStack
STATE:732:cc/cc:Ks|Qs/Kh:100|-100:DeepStack|TCC_AI
STATE:733:r300c/r700r1200c:Ah|Ks/Qs:1200|-1200:TCC_AI|DeepStack
STATE:734:cr300f:Qh|Ah:-100|100:DeepStack|TCC_AI
STATE:735:cc/cr300f:Ks|Qs/Qh:-100|100:TCC_AI|DeepStack
STATE:736:cc/cc:Ks|Qs/Kh:100|-100:DeepStack|TCC_AI
STATE:737:cr300f:Ks|As:-100|100:TCC_AI|DeepStack
STATE:738:cr200c/cr300c:Kh|As/Qh:-300|300:DeepStack|TCC_AI
STATE:739:r300c/r700f:Kh|Qh/As:300|-300:TCC_AI|DeepStack
STATE:740:cr300f:Qs|Ah:-100|100:DeepStack|TCC_AI
STATE:741:cc/cc:Ks|Kh/Qh:0|0:TCC_AI|DeepStack
STATE:742:cc/cc:As|Ah/Qs:0|0:DeepStack|TCC_AI
STATE:743:cc/r400f:Ks|Qs/As:100|-100:TCC_AI|DeepStack
STATE:744:cc/r300c:Ks|Kh/As:0|0:DeepStack|TCC_AI
STATE:745:cr300c/cr1200c:Ah|Qs/Ks:1200|-1200:TCC_AI|DeepStack
STATE:746:cr200c/cr1000f:Kh|Qh/Ah:-200|200:DeepStack|TCC_AI
STATE:747:cc/cr300c:Ah|Kh/Qs:300|-300:TCC_AI|DeepStack
STATE:748:cc/r300f:Kh|Qs/Ah:100|-100:DeepStack|TCC_AI
STATE:749:r600f:As|Ks:100|-100:TCC_AI|DeepStack
STATE:750:cc/cc:Qs|As/Kh:-100|100:DeepStack|TCC_AI
STATE:751:cc/cc:Qh|Ks/Qs:100|-100:TCC_AI|DeepStack
STATE:752:r1200f:As|Qs:100|-100:DeepStack|TCC_AI
STATE:753:cc/cc:Ah|Kh/Qs:100|-100:TCC_AI|DeepStack
STATE:754:cc/cc:Ks|Kh/As:0|0:DeepStack|TCC_AI
STATE:755:cc/cr300f:Ah|Kh/Qs:-100|100:TCC_AI|DeepStack
STATE:756:cc/r300f:Ks|Qh/Ah:100|-100:DeepStack|TCC_AI
STATE:757:cr300r900c/r1100r1200c:As|Ah/Qh:0|0:TCC_AI|DeepStack
STATE:758:cc/cc:As|Ks/Qh:100|-100:DeepStack|TCC_AI
STATE:759:cc/cc:Qs|Ks/As:-100|100:TCC_AI|DeepStack
STATE:760:cc/r300f:As|Ks/Ah:100|-100:DeepStack|TCC_AI
STATE:761:cr300c/cr1200f:Ks|Ah/As:-300|300:TCC_AI|DeepStack
STATE:762:cc/cc:Qh|As/Ks:-100|100:DeepStack|TCC_AI
STATE:763:cc/r400f:Ks|Qh/As:100|-100:TCC_AI|DeepStack
STATE:764:r300f:As|Qs:100|-100:DeepStack|TCC_AI
STATE:765:r600f:As|Kh:100|-100:TCC_AI|DeepStack
STATE:766:cc/cr200c:Ah|Qs/Kh:200|-200:DeepStack|TCC_AI
STATE:767:cr300f:Qh|Ah:-100|100:TCC_AI|DeepStack
STATE:768:cc/cr200f:Ks|Qs/Qh:-100|100:DeepStack|TCC_AI
STATE:769:cr300f:Qh|As:-100|100:TCC_AI|DeepStack
STATE:770:cc/cc:Ks|Qh/Kh:100|-100:DeepStack|TCC_AI
STATE:771:cr300r800c/r1200c:As|Ks/Kh:-1200|1200:TCC_AI|DeepStack
STATE:772:cr300f:Ks|As:-100|100:DeepStack|TCC_AI
STATE:773:cc/cc:Ks|Kh/As:0|0:TCC_AI|DeepStack
STATE:774:cc/cc:Kh|Qh/Ks:100|-100:DeepStack|TCC_AI
STATE:775:cr300r1000f:Ah|Kh:300|-300:TCC_AI|DeepStack
STATE:776:cc/cr200f:Ks|Qh/Qs:-100|100:DeepStack|TCC_AI
STATE:777:cc/cr300f:Ks|Kh/Qs:-100|100:TCC_AI|DeepStack
STATE:778:cc/cr200c:As|Qh/Qs:-200|200:DeepStack|TCC_AI
STATE:779:cc/r300f:Kh|Qh/Ah:100|-100:TCC_AI|DeepStack
STATE:780:cr300f:Qs|Ah:-100|100:DeepStack|TCC_AI
STATE:781:cr300f:Qs|As:-100|100:TCC_AI|DeepStack
STATE:782:cr300f:Kh|Ah:-100|100:DeepStack|TCC_AI
STATE:783:cr300f:Qh|Ah:-100|100:TCC_AI|DeepStack
STATE:784:cr300f:Qs|As:-100|100:DeepStack|TCC_AI
STATE:785:r800f:As|Qs:100|-100:TCC_AI|DeepStack
STATE:786:cc/cc:Qh|Qs/Kh:0|0:DeepStack|TCC_AI
STATE:787:cc/cr300f:As|Qs/Qh:-100|100:TCC_AI|DeepStack
STATE:788:cr400c/cr1200f:Kh|Ah/As:-400|400:DeepStack|TCC_AI
STATE:789:cr300r1000c/r1200c:As|Ah/Kh:0|0:TCC_AI|DeepStack
STATE:790:cr300c/r1200f:Qs|Ah/Ks:300|-300:DeepStack|TCC_AI
STATE:791:r800f:Ah|Qh:100|-100:TCC_AI|DeepStack
STATE:792:cc/r300f:Kh|Ks/Ah:100|-100:DeepStack|TCC_AI
STATE:793:cr300r1200c/:As|Ah/Qh:0|0:TCC_AI|DeepStack
STATE:794:cr300f:Kh|Ah:-100|100:DeepStack|TCC_AI
STATE:795:cr300r1200c/:Ah|As/Ks:0|0:TCC_AI|DeepStack
STATE:796:cc/cc:Qs|Ks/Qh:100|-100:DeepStack|TCC_AI
STATE:797:cc/cc:Kh|Qs/As:100|-100:TCC_AI|DeepStack
STATE:798:cr300r1200f:As|Qh:300|-300:DeepStack|TCC_AI
STATE:799:cr300f:Qh|As:-100|100:TCC_AI|DeepStack
STATE:800:cc/cr200c:Ah|Ks/Qs:200|-200:DeepStack|TCC_AI
STATE:801:r300c/cc:Kh|As/Qs:-300|300:TCC_AI|DeepStack
STATE:802:cc/cr200c:Ah|Qs/Qh:-200|200:DeepStack|TCC_AI
STATE:803:cr300r1100c/r1200c:As|Ah/Qs:0|0:TCC_AI|DeepStack
STATE:804:r1200f:Ah|Kh:100|-100:DeepStack|TCC_AI
STATE:805:r600f:Ah|Ks:100|-100:TCC_AI|DeepStack
STATE:806:cr300f:Ks|As:-100|100:DeepStack|TCC_AI
STATE:807:cr300f:Kh|Ah:-100|100:TCC_AI|DeepStack
STATE:808:cr300c/cr400c:As|Qs/Kh:400|-400:DeepStack|TCC_AI
STATE:809:cc/cc:Kh|Qs/Ks:100|-100:TCC_AI|DeepStack
STATE:810:cc/r1200f:Qs|Qh/Ah:100|-100:DeepStack|TCC_AI
STATE:811:cc/cc:Qh|Qs/Ah:0|0:TCC_AI|DeepStack
STATE:812:cc/cc:As|Qs/Ah:100|-100:DeepStack|TCC_AI
STATE:813:cr1200f:Qh|As:-100|100:TCC_AI|DeepStack
STATE:814:r1200f:Ah|Kh:100|-100:DeepStack|TCC_AI
STATE:815:cr1200f:Ks|As:-100|100:TCC_AI|DeepStack
STATE:816:cr500f:Qh|Ah:-100|100:DeepStack|TCC_AI
STATE:817:cr300r1200f:As|Qs:300|-300:TCC_AI|DeepStack
STATE:818:cr300c/r1200f:Kh|Qh/Ks:300|-300:DeepStack|TCC_AI
STATE:819:cc/cc:Qs|Ks/Ah:-100|100:TCC_AI|DeepStack
STATE:820:cr300f:Ks|Ah:-100|100:DeepStack|TCC_AI
STATE:821:cc/cc:Kh|Qh/Ks:100|-100:TCC_AI|DeepStack
STATE:822:cr300f:Ks|Ah:-100|100:DeepStack|TCC_AI
STATE:823:cc/cr300c:Ah|Qh/Qs:-300|300:TCC_AI|DeepStack
STATE:824:cc/cc:Ks|Qs/Kh:100|-100:DeepStack|TCC_AI
STATE:825:cc/r700f:As|Qh/Ah:100|-100:TCC_AI|DeepStack
STATE:826:cc/cr200f:Ah|Qs/Qh:-100|100:DeepStack|TCC_AI
STATE:827:cc/r500c:Qs|Ks/As:-500|500:TCC_AI|DeepStack
STATE:828:cc/cr200c:As|Ks/Kh:-200|200:DeepStack|TCC_AI
STATE:829:cc/cc:Qs|Kh/As:-100|100:TCC_AI|DeepStack
STATE:830:cr300c/cc:As|Ah/Qs:0|0:DeepStack|TCC_AI
STATE:831:cc/cr300f:Qs|Ks/Kh:-100|100:TCC_AI|DeepStack
STATE:832:cr1200f:Qs|As:-100|100:DeepStack|TCC_AI
STATE:833:cr300f:Qh|Ks:-100|100:TCC_AI|DeepStack
STATE:834:cc/cc:Qh|Kh/Qs:100|-100:DeepStack|TCC_AI
STATE:835:cr300c/r1100r1200f:Qh|Ks/Kh:-1100|1100:TCC_AI|DeepStack
STATE:836:cr300c/r1200f:Qh|As/Kh:300|-300:DeepStack|TCC_AI
STATE:837:cc/cr300f:Ah|Ks/Qh:-100|100:TCC_AI|DeepStack
STATE:838:cc/cc:Qh|Ks/Qs:100|-100:DeepStack|TCC_AI
STATE:839:cr300f:Qh|Kh:-100|100:TCC_AI|DeepStack
STATE:840:cc/r300c:As|Kh/Ah:300|-300:DeepStack|TCC_AI
STATE:841:cc/cc:Qs|Kh/As:-100|100:TCC_AI|DeepStack
STATE:842:cr300r1200c/:As|Ah/Qs:0|0:DeepStack|TCC_AI
STATE:843:r600r1200c/:Ah|As/Qs:0|0:TCC_AI|DeepStack
STATE:844:r1200f:Ah|Qs:100|-100:DeepStack|TCC_AI
STATE:845:cc/cr300f:Ah|Qs/Kh:-100|100:TCC_AI|DeepStack
STATE:846:cc/cr200f:Qh|Ks/Kh:-100|100:DeepStack|TCC_AI
STATE:847:cr300f:Qh|Ah:-100|100:TCC_AI|DeepStack
STATE:848:cc/cr200f:As|Qs/Ks:-100|100:DeepStack|TCC_AI
STATE:849:r800r1200c/:As|Ah/Qs:0|0:TCC_AI|DeepStack
STATE:850:cc/cc:As|Kh/Qs:100|-100:DeepStack|TCC_AI
STATE:851:r200c/cr1200c:As|Qh/Qs:-1200|1200:TCC_AI|DeepStack
STATE:852:r1200f:Ah|Qh:100|-100:DeepStack|TCC_AI
STATE:853:cc/cc:Qs|Qh/Kh:0|0:TCC_AI|DeepStack
STATE:854:cr300f:Qs|Ah:-100|100:DeepStack|TCC_AI
STATE:855:cc/cr300f:Kh|Qs/Qh:-100|100:TCC_AI|DeepStack
STATE:856:r1200c/:As|Ah/Qs:0|0:DeepStack|TCC_AI
STATE:857:cc/cr300f:Qs|Kh/Ks:-100|100:TCC_AI|DeepStack
STATE:858:r1200c/:Ah|As/Qs:0|0:DeepStack|TCC_AI
STATE:859:r200r1200c/:Ah|As/Qs:0|0:TCC_AI|DeepStack
STATE:860:cc/cr200f:Qh|Ks/Kh:-100|100:DeepStack|TCC_AI
STATE:861:cc/cc:Kh|Qs/Ah:100|-100:TCC_AI|DeepStack
STATE:862:cc/cc:Qh|Qs/Ah:0|0:DeepStack|TCC_AI
STATE:863:cc/r500f:Kh|Qh/As:100|-100:TCC_AI|DeepStack
STATE:864:r1200f:As|Kh:100|-100:DeepStack|TCC_AI
STATE:865:cc/cc:Qh|Qs/As:0|0:TCC_AI|DeepStack
STATE:866:cc/cr400f:Qh|Kh/As:-100|100:DeepStack|TCC_AI
STATE:867:cc/r400f:Qh|Kh/As:100|-100:TCC_AI|DeepStack
STATE:868:cr300f:Qh|As:-100|100:DeepStack|TCC_AI
STATE:869:cc/cc:Qs|Qh/As:0|0:TCC_AI|DeepStack
STATE:870:r300c/cc:As|Ks/Ah:300|-300:DeepStack|TCC_AI
STATE:871:cr300f:Qs|Kh:-100|100:TCC_AI|DeepStack
STATE:872:cr200c/cr1200c:Ks|Qh/As:1200|-1200:DeepStack|TCC_AI
STATE:873:r300r1200c/:Ah|As/Ks:0|0:TCC_AI|DeepStack
STATE:874:cc/cc:Kh|Qh/Ks:100|-100:DeepStack|TCC_AI
STATE:875:cr1200f:Ks|As:-100|100:TCC_AI|DeepStack
STATE:876:cr300f:Qs|As:-100|100:DeepStack|TCC_AI
STATE:877:cc/cr300c:Ah|Ks/Kh:-300|300:TCC_AI|DeepStack
STATE:878:cc/r300f:Kh|Qh/Ah:100|-100:DeepStack|TCC_AI
STATE:879:cc/cc:Kh|As/Ks:100|-100:TCC_AI|DeepStack
STATE:880:cc/cc:Qh|Kh/Qs:100|-100:DeepStack|TCC_AI
STATE:881:cc/cc:Qh|Qs/Kh:0|0:TCC_AI|DeepStack
STATE:882:cr300f:Kh|Qs:-100|100:DeepStack|TCC_AI
STATE:883:cr300f:Ks|Ah:-100|100:TCC_AI|DeepStack
STATE:884:cc/cc:Ks|Ah/Kh:100|-100:DeepStack|TCC_AI
STATE:885:cr300f:Qs|As:-100|100:TCC_AI|DeepStack
STATE:886:cr300f:Kh|Ks:-100|100:DeepStack|TCC_AI
STATE:887:r800r1200c/:Ah|As/Kh:0|0:TCC_AI|DeepStack
STATE:888:cc/cc:Qh|Ks/As:-100|100:DeepStack|TCC_AI
STATE:889:cc/cc:As|Kh/Qs:100|-100:TCC_AI|DeepStack
STATE:890:r1200f:Ah|Kh:100|-100:DeepStack|TCC_AI
STATE:891:cr300f:Ks|Qh:-100|100:TCC_AI|DeepStack
STATE:892:cr300f:Ks|Ah:-100|100:DeepStack|TCC_AI
STATE:893:cc/cc:Qs|Ks/Ah:-100|100:TCC_AI|DeepStack
STATE:894:cc/cr200c:Ah|Kh/Ks:-200|200:DeepStack|TCC_AI
STATE:895:cr1200f:Qs|As:-100|100:TCC_AI|DeepStack
STATE:896:cc/cr200c:Ah|Kh/Ks:-200|200:DeepStack|TCC_AI
STATE:897:cc/cc:Ah|Qh/Ks:100|-100:TCC_AI|DeepStack
STATE:898:cc/cr700c:Ks|Kh/Ah:0|0:DeepStack|TCC_AI
STATE:899:cc/cc:Qs|Ks/Ah:-100|100:TCC_AI|DeepStack
STATE:900:cr200c/cc:Ah|As/Ks:0|0:DeepStack|TCC_AI
STATE:901:cr300f:Qs|Ah:-100|100:TCC_AI|DeepStack
STATE:902:r1200f:Ah|Qs:100|-100:DeepStack|TCC_AI
STATE:903:cc/cr300r1000f:Qh|Ks/Qs:300|-300:TCC_AI|DeepStack
STATE:904:cr300c/cc:As|Ah/Qh:0|0:DeepStack|TCC_AI
STATE:905:cr300f:Qs|As:-100|100:TCC_AI|DeepStack
STATE:906:cc/cr300f:Qs|Qh/Kh:-100|100:DeepStack|TCC_AI
STATE:907:cr300f:Qs|Ah:-100|100:TCC_AI|DeepStack
STATE:908:cr300f:Kh|Ah:-100|100:DeepStack|TCC_AI
STATE:909:cr300f:Kh|Ah:-100|100:TCC_AI|DeepStack
STATE:910:cr300f:Qh|Kh:-100|100:DeepStack|TCC_AI
STATE:911:cr300r1100c/r1200c:As|Ah/Qs:0|0:TCC_AI|DeepStack
STATE:912:cr400c/r1200c:As|Ah/Ks:0|0:DeepStack|TCC_AI
STATE:913:cr300r800c/r900f:As|Ks/Qs:800|-800:TCC_AI|DeepStack
STATE:914:cc/r300f:Kh|Qs/As:100|-100:DeepStack|TCC_AI
STATE:915:cr1200f:Qh|As:-100|100:TCC_AI|DeepStack
STATE:916:cr300r1200f:As|Kh:300|-300:DeepStack|TCC_AI
STATE:917:cc/cr300f:Ah|Qs/Qh:-100|100:TCC_AI|DeepStack
STATE:918:cc/cc:Ks|Qh/As:100|-100:DeepStack|TCC_AI
STATE:919:cc/cr300f:Ks|Qh/Qs:-100|100:TCC_AI|DeepStack
STATE:920:cc/r1200f:As|Kh/Ah:100|-100:DeepStack|TCC_AI
STATE:921:cc/cc:Qh|Qs/Ah:0|0:TCC_AI|DeepStack
STATE:922:cc/cr200f:As|Kh/Qs:-100|100:DeepStack|TCC_AI
STATE:923:cr300c/cc:As|Ah/Qh:0|0:TCC_AI|DeepStack
STATE:924:r1200f:As|Qs:100|-100:DeepStack|TCC_AI
STATE:925:cr300f:Qs|Kh:-100|100:TCC_AI|DeepStack
STATE:926:cc/cr200f:Kh|Qs/Qh:-100|100:DeepStack|TCC_AI
STATE:927:r800f:As|Qs:100|-100:TCC_AI|DeepStack
STATE:928:cr300f:Kh|Ks:-100|100:DeepStack|TCC_AI
STATE:929:cr300f:Ks|Ah:-100|100:TCC_AI|DeepStack
STATE:930:cc/r300f:Ks|Qh/Ah:100|-100:DeepStack|TCC_AI
STATE:931:cc/cc:Ah|As/Kh:0|0:TCC_AI|DeepStack
STATE:932:cr300f:Ks|As:-100|100:DeepStack|TCC_AI
STATE:933:cc/cc:Ks|Qs/Kh:100|-100:TCC_AI|DeepStack
STATE:934:cc/cr200f:Qs|Kh/Ks:-100|100:DeepStack|TCC_AI
STATE:935:r800f:Ah|Ks:100|-100:TCC_AI|DeepStack
STATE:936:r1200f:Ah|Kh:100|-100:DeepStack|TCC_AI
STATE:937:cc/cr300r900f:Qs|Kh/Qh:300|-300:TCC_AI|DeepStack
STATE:938:cr300r900f:As|Qs:300|-300:DeepStack|TCC_AI
STATE:939:cc/cr300f:Qs|Kh/Ks:-100|100:TCC_AI|DeepStack
STATE:940:r1200f:Ah|Kh:100|-100:DeepStack|TCC_AI
STATE:941:cc/r600f:Ah|Kh/As:100|-100:TCC_AI|DeepStack
STATE:942:cc/cr1100f:Ks|Qh/As:-100|100:DeepStack|TCC_AI
STATE:943:cc/cc:Ks|Kh/Qh:0|0:TCC_AI|DeepStack
STATE:944:r1200f:Ah|Kh:100|-100:DeepStack|TCC_AI
STATE:945:cr300f:Qs|Ks:-100|100:TCC_AI|DeepStack
STATE:946:r1200c/:Ah|As/Ks:0|0:DeepStack|TCC_AI
STATE:947:cr300c/cr1200f:Ks|As/Ah:-300|300:TCC_AI|DeepStack
STATE:948:cr300f:Ks|As:-100|100:DeepStack|TCC_AI
STATE:949:cc/cc:Qs|Qh/Kh:0|0:TCC_AI|DeepStack
STATE:950:cr300f:Qh|As:-100|100:DeepStack|TCC_AI
STATE:951:cc/cc:Kh|As/Ks:100|-100:TCC_AI|DeepStack
STATE:952:cc/r300f:As|Qh/Ah:100|-100:DeepStack|TCC_AI
STATE:953:r800f:Ah|Ks:100|-100:TCC_AI|DeepStack
STATE:954:r1200f:As|Qs:100|-100:DeepStack|TCC_AI
STATE:955:cc/cc:Ks|Ah/Qh:-100|100:TCC_AI|DeepStack
STATE:956:cr300f:Qs|As:-100|100:DeepStack|TCC_AI
STATE:957:cc/r500f:Ah|Qs/As:100|-100:TCC_AI|DeepStack
STATE:958:cc/cc:Ks|Ah/Qs:-100|100:DeepStack|TCC_AI
STATE:959:cr300c/cc:Ks|As/Qs:-300|300:TCC_AI|DeepStack
STATE:960:cr300c/cr1100f:Qh|Ah/As:-300|300:DeepStack|TCC_AI
STATE:961:cc/cr300f:As|Qh/Qs:-100|100:TCC_AI|DeepStack
STATE:962:cc/cc:Qh|Qs/Ah:0|0:DeepStack|TCC_AI
STATE:963:cc/r300f:Kh|Qs/As:100|-100:TCC_AI|DeepStack
STATE:964:cc/cc:Ah|Kh/Qs:100|-100:DeepStack|TCC_AI
STATE:965:cr300r1000c/r1200c:As|Ah/Qh:0|0:TCC_AI|DeepStack
STATE:966:cr300f:Ks|Qs:-100|100:DeepStack|TCC_AI
STATE:967:cc/cr300f:As|Qs/Qh:-100|100:TCC_AI|DeepStack
STATE:968:cc/r300f:Qh|Qs/Ks:100|-100:DeepStack|TCC_AI
STATE:969:cc/cc:Ks|Qs/Kh:100|-100:TCC_AI|DeepStack
STATE:970:cc/cc:Qs|Qh/Ah:0|0:DeepStack|TCC_AI
STATE:971:cc/cr300f:Qs|Ks/Kh:-100|100:TCC_AI|DeepStack
STATE:972:cc/cc:Qh|Qs/Ks:0|0:DeepStack|TCC_AI
STATE:973:cr300f:Qh|Kh:-100|100:TCC_AI|DeepStack
STATE:974:cc/cc:Ks|Qs/Ah:100|-100:DeepStack|TCC_AI
STATE:975:r200c/cc:Kh|Ks/Qh:0|0:TCC_AI|DeepStack
STATE:976:cr300c/r1200f:Qh|Ks/Qs:300|-300:DeepStack|TCC_AI
STATE:977:cc/cr300f:Qs|Ks/Kh:-100|100:TCC_AI|DeepStack
STATE:978:cr300f:Qh|As:-100|100:DeepStack|TCC_AI
STATE:979:cc/cc:Ks|Qh/Kh:100|-100:TCC_AI|DeepStack
STATE:980:r300f:Qh|Ks:100|-100:DeepStack|TCC_AI
STATE:981:cr300f:Qh|Kh:-100|100:TCC_AI|DeepStack
STATE:982:cr300r1200f:As|Qs:300|-300:DeepStack|TCC_AI
STATE:983:cc/cr300f:As|Kh/Ks:-100|100:TCC_AI|DeepStack
STATE:984:cc/cc:Ks|Kh/Qh:0|0:DeepStack|TCC_AI
STATE:985:cr300r1200c/:As|Ah/Kh:0|0:TCC_AI|DeepStack
STATE:986:cc/r300f:Ks|Qh/Ah:100|-100:DeepStack|TCC_AI
STATE:987:cr300c/cc:Ks|Ah/Qh:-300|300:TCC_AI|DeepStack
STATE:988:cc/cr200f:Qs|Kh/Ks:-100|100:DeepStack|TCC_AI
STATE:989:cc/cc:Ah|Qh/Kh:100|-100:TCC_AI|DeepStack
STATE:990:cr300f:Qs|Qh:-100|100:DeepStack|TCC_AI
STATE:991:cc/r400f:Ah|Qs/As:100|-100:TCC_AI|DeepStack
STATE:992:cc/cr200c:As|Qh/Qs:-200|200:DeepStack|TCC_AI
STATE:993:cr1200f:Qs|As:-100|100:TCC_AI|DeepStack
STATE:994:cr300f:Kh|Ah:-100|100:DeepStack|TCC_AI
STATE:995:r600f:As|Qs:100|-100:TCC_AI|DeepStack
STATE:996:cc/r300c:Kh|Ks/As:0|0:DeepStack|TCC_AI
STATE:997:cc/cr300f:Ks|Qs/Qh:-100|100:TCC_AI|DeepStack
STATE:998:cc/r300r600f:Ks|As/Ah:-300|300:DeepStack|TCC_AI
STATE:999:cr300f:Kh|As:-100|100:TCC_AI|DeepStack
SCORE:8700|-8700:DeepStack|TCC_AI
