# name/game/hands/seed c9_cfr20kk_1kgames leduc.game 1000 99
#--t_response 600000
#--t_hand 600000
#--t_per_hand 7000
STATE:0:cc/cr200f:Qs|Ks/Kh:-100|100:DeepStack|TCC_AI
STATE:1:r600f:Ah|Kh:100|-100:TCC_AI|DeepStack
STATE:2:r1200f:Ah|Qs:100|-100:DeepStack|TCC_AI
STATE:3:cc/cc:Qh|Ks/Qs:100|-100:TCC_AI|DeepStack
STATE:4:cc/cc:Qh|Ks/Qs:100|-100:DeepStack|TCC_AI
STATE:5:cr300f:Kh|Ah:-100|100:TCC_AI|DeepStack
STATE:6:r1200f:As|Qs:100|-100:DeepStack|TCC_AI
STATE:7:cc/cc:Qs|Kh/As:-100|100:TCC_AI|DeepStack
STATE:8:cc/cr300f:Ah|Qs/Qh:-100|100:DeepStack|TCC_AI
STATE:9:cr300f:Qh|Ah:-100|100:TCC_AI|DeepStack
STATE:10:cr300c/cr1100f:Qs|Ah/As:-300|300:DeepStack|TCC_AI
STATE:11:cc/cc:Kh|Qs/Ks:100|-100:TCC_AI|DeepStack
STATE:12:cc/r300f:Kh|Qh/As:100|-100:DeepStack|TCC_AI
STATE:13:cr300c/cr1200f:Qh|Ah/As:-300|300:TCC_AI|DeepStack
STATE:14:cc/cr200f:Qs|Ks/Kh:-100|100:DeepStack|TCC_AI
STATE:15:cc/cr300f:Qs|Kh/Ks:-100|100:TCC_AI|DeepStack
STATE:16:r300c/cc:Qs|Qh/As:0|0:DeepStack|TCC_AI
STATE:17:cc/r500f:Kh|Qs/Ah:100|-100:TCC_AI|DeepStack
STATE:18:cc/cc:Ks|As/Kh:100|-100:DeepStack|TCC_AI
STATE:19:cc/cc:Ks|Qh/As:100|-100:TCC_AI|DeepStack
STATE:20:cc/cc:Qs|Qh/Kh:0|0:DeepStack|TCC_AI
STATE:21:cc/r600r1200f:Ks|Qs/Ah:-600|600:TCC_AI|DeepStack
STATE:22:cc/cc:As|Ks/Qs:100|-100:DeepStack|TCC_AI
STATE:23:cr300f:Qs|Ah:-100|100:TCC_AI|DeepStack
STATE:24:cr500f:Qs|Ah:-100|100:DeepStack|TCC_AI
STATE:25:cr300c/cr900f:Ks|Ah/Qh:-300|300:TCC_AI|DeepStack
STATE:26:cr300c/cr900f:Ks|Kh/Ah:-300|300:DeepStack|TCC_AI
STATE:27:cr300f:Kh|Qs:-100|100:TCC_AI|DeepStack
STATE:28:cr300f:Qh|Ah:-100|100:DeepStack|TCC_AI
STATE:29:cc/cc:Qs|Kh/Ah:-100|100:TCC_AI|DeepStack
STATE:30:cr300f:Ks|Ah:-100|100:DeepStack|TCC_AI
STATE:31:cr300f:Qh|Ah:-100|100:TCC_AI|DeepStack
STATE:32:cc/r300f:Ks|Qh/Ah:100|-100:DeepStack|TCC_AI
STATE:33:cc/cr300r1000f:Qh|Ks/Qs:300|-300:TCC_AI|DeepStack
STATE:34:cr400f:Qh|Qs:-100|100:DeepStack|TCC_AI
STATE:35:cr300f:Qs|Kh:-100|100:TCC_AI|DeepStack
STATE:36:cc/cc:As|Qh/Ks:100|-100:DeepStack|TCC_AI
STATE:37:cc/cc:Kh|Qh/As:100|-100:TCC_AI|DeepStack
STATE:38:cc/cr300f:Kh|Qh/Qs:-100|100:DeepStack|TCC_AI
STATE:39:cr300r800c/r1000c:As|Ah/Qs:0|0:TCC_AI|DeepStack
STATE:40:cr1200c/:Ah|As/Kh:0|0:DeepStack|TCC_AI
STATE:41:cc/r600r1200f:Kh|As/Ah:-600|600:TCC_AI|DeepStack
STATE:42:cr300f:Qs|Ah:-100|100:DeepStack|TCC_AI
STATE:43:r800f:As|Ks:100|-100:TCC_AI|DeepStack
STATE:44:r1200c/:As|Ah/Qs:0|0:DeepStack|TCC_AI
STATE:45:cr300f:Kh|As:-100|100:TCC_AI|DeepStack
STATE:46:cc/cr300f:Qs|Kh/Ks:-100|100:DeepStack|TCC_AI
STATE:47:cc/cr300r700f:Kh|Qs/Ks:300|-300:TCC_AI|DeepStack
STATE:48:cc/cc:Qh|Ks/As:-100|100:DeepStack|TCC_AI
STATE:49:cc/cc:Qh|Ks/Qs:100|-100:TCC_AI|DeepStack
STATE:50:r1200f:Ah|Ks:100|-100:DeepStack|TCC_AI
STATE:51:cc/cc:Kh|Ks/Ah:0|0:TCC_AI|DeepStack
STATE:52:cc/cc:Kh|Qh/Ks:100|-100:DeepStack|TCC_AI
STATE:53:cr300f:Ks|As:-100|100:TCC_AI|DeepStack
STATE:54:cr300r1200c/:As|Ah/Qh:0|0:DeepStack|TCC_AI
STATE:55:cr1200f:Kh|Ah:-100|100:TCC_AI|DeepStack
STATE:56:cc/r1200f:Ah|Qh/As:100|-100:DeepStack|TCC_AI
STATE:57:cc/r400f:As|Qh/Ah:100|-100:TCC_AI|DeepStack
STATE:58:cr500r1200c/:Ah|As/Qh:0|0:DeepStack|TCC_AI
STATE:59:cr300f:Qh|Ah:-100|100:TCC_AI|DeepStack
STATE:60:cc/cc:Ah|Qs/Ks:100|-100:DeepStack|TCC_AI
STATE:61:cc/r500f:As|Qh/Ah:100|-100:TCC_AI|DeepStack
STATE:62:cc/cc:As|Ks/Qs:100|-100:DeepStack|TCC_AI
STATE:63:cc/r500f:Kh|Qh/Ah:100|-100:TCC_AI|DeepStack
STATE:64:cc/r1200f:Qs|Qh/Ah:100|-100:DeepStack|TCC_AI
STATE:65:r200c/cr600f:Ah|Qh/Kh:-200|200:TCC_AI|DeepStack
STATE:66:cr300c/cr1000f:Qs|Ks/Ah:-300|300:DeepStack|TCC_AI
STATE:67:cc/cr300r900f:Qh|Ks/Qs:300|-300:TCC_AI|DeepStack
STATE:68:cr500f:Kh|As:-100|100:DeepStack|TCC_AI
STATE:69:cr1200c/:Ah|As/Ks:0|0:TCC_AI|DeepStack
STATE:70:cc/cc:As|Qh/Ks:100|-100:DeepStack|TCC_AI
STATE:71:cc/r1000f:As|Ks/Ah:100|-100:TCC_AI|DeepStack
STATE:72:cr300f:Qs|Qh:-100|100:DeepStack|TCC_AI
STATE:73:cc/cc:Kh|Ks/Ah:0|0:TCC_AI|DeepStack
STATE:74:cr300f:Qs|Qh:-100|100:DeepStack|TCC_AI
STATE:75:cr300c/cr1200f:Qh|Qs/As:-300|300:TCC_AI|DeepStack
STATE:76:cc/cr200c:Ah|Qh/Qs:-200|200:DeepStack|TCC_AI
STATE:77:cr300c/cr1200c:Ks|Ah/As:-1200|1200:TCC_AI|DeepStack
STATE:78:cc/r1200c:As|Kh/Ah:1200|-1200:DeepStack|TCC_AI
STATE:79:cr300f:Kh|As:-100|100:TCC_AI|DeepStack
STATE:80:cc/cc:Ks|Ah/Qs:-100|100:DeepStack|TCC_AI
STATE:81:cr300f:Qh|Ah:-100|100:TCC_AI|DeepStack
STATE:82:cr300r1200f:As|Ks:300|-300:DeepStack|TCC_AI
STATE:83:cc/cr300f:Ah|Qs/Ks:-100|100:TCC_AI|DeepStack
STATE:84:cr300r1200f:As|Qh:300|-300:DeepStack|TCC_AI
STATE:85:cc/cc:Qs|Qh/Kh:0|0:TCC_AI|DeepStack
STATE:86:r1200c/:As|Ah/Qh:0|0:DeepStack|TCC_AI
STATE:87:cr300f:Ks|As:-100|100:TCC_AI|DeepStack
STATE:88:cr300c/cr1200f:Ks|Ah/Qs:-300|300:DeepStack|TCC_AI
STATE:89:cr300f:Ks|Kh:-100|100:TCC_AI|DeepStack
STATE:90:cc/cc:Qs|Qh/Ah:0|0:DeepStack|TCC_AI
STATE:91:cr300f:Qh|Ah:-100|100:TCC_AI|DeepStack
STATE:92:cc/cc:Qh|Ks/Ah:-100|100:DeepStack|TCC_AI
STATE:93:cc/cr300f:Qs|Qh/Ks:-100|100:TCC_AI|DeepStack
STATE:94:cr300c/r1200f:Qh|Kh/Qs:300|-300:DeepStack|TCC_AI
STATE:95:cr300f:Kh|Qh:-100|100:TCC_AI|DeepStack
STATE:96:cr400f:Ks|As:-100|100:DeepStack|TCC_AI
STATE:97:cr300f:Qh|As:-100|100:TCC_AI|DeepStack
STATE:98:r1200f:Ah|Qs:100|-100:DeepStack|TCC_AI
STATE:99:cr300r1200f:As|Qs:300|-300:TCC_AI|DeepStack
STATE:100:r1200f:Ah|Kh:100|-100:DeepStack|TCC_AI
STATE:101:cr300f:Qh|As:-100|100:TCC_AI|DeepStack
STATE:102:cc/cr200f:Kh|Qs/Qh:-100|100:DeepStack|TCC_AI
STATE:103:r800f:Ah|Qh:100|-100:TCC_AI|DeepStack
STATE:104:r1200c/:Ah|As/Qh:0|0:DeepStack|TCC_AI
STATE:105:cc/cc:Ks|Qs/Ah:100|-100:TCC_AI|DeepStack
STATE:106:cr300f:Qs|Ah:-100|100:DeepStack|TCC_AI
STATE:107:cc/cc:As|Ah/Qs:0|0:TCC_AI|DeepStack
STATE:108:cr300c/cr400c:Kh|Ah/Qs:-400|400:DeepStack|TCC_AI
STATE:109:cc/cc:As|Qs/Ks:100|-100:TCC_AI|DeepStack
STATE:110:cr300f:Qs|As:-100|100:DeepStack|TCC_AI
STATE:111:cc/cc:Qh|Ah/Ks:-100|100:TCC_AI|DeepStack
STATE:112:cc/cc:Qh|Qs/As:0|0:DeepStack|TCC_AI
STATE:113:cc/cc:Ks|Kh/As:0|0:TCC_AI|DeepStack
STATE:114:cc/cc:Qs|Qh/Kh:0|0:DeepStack|TCC_AI
STATE:115:r800f:As|Ks:100|-100:TCC_AI|DeepStack
STATE:116:cr300f:Qs|As:-100|100:DeepStack|TCC_AI
STATE:117:cc/cr300f:As|Kh/Qs:-100|100:TCC_AI|DeepStack
STATE:118:cr300f:Qs|As:-100|100:DeepStack|TCC_AI
STATE:119:cc/cc:Ah|Qh/Kh:100|-100:TCC_AI|DeepStack
STATE:120:cc/cr200c:Ah|Ks/Kh:-200|200:DeepStack|TCC_AI
STATE:121:cc/cc:Qh|Kh/Ah:-100|100:TCC_AI|DeepStack
STATE:122:cr1200f:Qh|As:-100|100:DeepStack|TCC_AI
STATE:123:cr300f:Kh|Ks:-100|100:TCC_AI|DeepStack
STATE:124:cr300c/r1200f:Qs|As/Qh:300|-300:DeepStack|TCC_AI
STATE:125:cc/cc:Qs|Kh/Qh:100|-100:TCC_AI|DeepStack
STATE:126:cr200c/cc:Qh|Ah/Ks:-200|200:DeepStack|TCC_AI
STATE:127:cr300r800c/cr1200c:As|Qs/Qh:-1200|1200:TCC_AI|DeepStack
STATE:128:cr300f:Ks|As:-100|100:DeepStack|TCC_AI
STATE:129:cc/cr300f:Kh|Qs/Qh:-100|100:TCC_AI|DeepStack
STATE:130:cc/r300f:As|Ks/Ah:100|-100:DeepStack|TCC_AI
STATE:131:r600f:As|Qs:100|-100:TCC_AI|DeepStack
STATE:132:cr300f:Kh|As:-100|100:DeepStack|TCC_AI
STATE:133:cr300r800c/cc:As|Ah/Qs:0|0:TCC_AI|DeepStack
STATE:134:cr400c/cr1000f:Qs|As/Ah:-400|400:DeepStack|TCC_AI
STATE:135:cr300f:Qs|Ks:-100|100:TCC_AI|DeepStack
STATE:136:r1200f:Ah|Kh:100|-100:DeepStack|TCC_AI
STATE:137:cr300c/cr900f:Qs|Ah/As:-300|300:TCC_AI|DeepStack
STATE:138:r1200c/:As|Ah/Ks:0|0:DeepStack|TCC_AI
STATE:139:cc/cc:Qs|Qh/Kh:0|0:TCC_AI|DeepStack
STATE:140:r1200f:Ah|Ks:100|-100:DeepStack|TCC_AI
STATE:141:cc/cc:As|Qs/Ks:100|-100:TCC_AI|DeepStack
STATE:142:cc/cc:Qh|Ks/Qs:100|-100:DeepStack|TCC_AI
STATE:143:cc/cc:Kh|Ks/Qs:0|0:TCC_AI|DeepStack
STATE:144:cr300f:Qs|Ks:-100|100:DeepStack|TCC_AI
STATE:145:cr300f:Qs|Ah:-100|100:TCC_AI|DeepStack
STATE:146:cc/cr200c:As|Qh/Qs:-200|200:DeepStack|TCC_AI
STATE:147:cr300f:Kh|Ah:-100|100:TCC_AI|DeepStack
STATE:148:cr300f:Ks|Kh:-100|100:DeepStack|TCC_AI
STATE:149:r200c/cc:Ah|Qh/Ks:200|-200:TCC_AI|DeepStack
STATE:150:cc/cc:Qs|Kh/As:-100|100:DeepStack|TCC_AI
STATE:151:cr1200c/:As|Ah/Ks:0|0:TCC_AI|DeepStack
STATE:152:cc/cc:As|Qh/Ks:100|-100:DeepStack|TCC_AI
STATE:153:cc/cr300f:Qh|Ks/Kh:-100|100:TCC_AI|DeepStack
STATE:154:cr300f:Qs|Qh:-100|100:DeepStack|TCC_AI
STATE:155:cc/cc:Ah|Kh/Qs:100|-100:TCC_AI|DeepStack
STATE:156:cc/cc:Qs|Ks/Qh:100|-100:DeepStack|TCC_AI
STATE:157:r200c/r700r1200f:Qs|Qh/As:-700|700:TCC_AI|DeepStack
STATE:158:cc/cc:Ks|Qh/Kh:100|-100:DeepStack|TCC_AI
STATE:159:cr1200f:Ks|As:-100|100:TCC_AI|DeepStack
STATE:160:cr300f:Qs|As:-100|100:DeepStack|TCC_AI
STATE:161:cc/r400f:Ks|Qs/Ah:100|-100:TCC_AI|DeepStack
STATE:162:cr300f:Qh|Ah:-100|100:DeepStack|TCC_AI
STATE:163:cr300f:Qh|As:-100|100:TCC_AI|DeepStack
STATE:164:cc/cr300f:Ks|Qs/Qh:-100|100:DeepStack|TCC_AI
STATE:165:cr300f:Kh|As:-100|100:TCC_AI|DeepStack
STATE:166:cr300r1200f:As|Ks:300|-300:DeepStack|TCC_AI
STATE:167:cr300f:Qh|Ks:-100|100:TCC_AI|DeepStack
STATE:168:cc/r300c:Ks|Kh/As:0|0:DeepStack|TCC_AI
STATE:169:cc/cc:Ah|Qh/Ks:100|-100:TCC_AI|DeepStack
STATE:170:r300r800c/r1200c:Kh|Ah/Ks:1200|-1200:DeepStack|TCC_AI
STATE:171:r500c/r1000f:As|Kh/Ah:500|-500:TCC_AI|DeepStack
STATE:172:cc/cr200c:As|Qh/Qs:-200|200:DeepStack|TCC_AI
STATE:173:cr300f:Kh|Qs:-100|100:TCC_AI|DeepStack
STATE:174:r1200f:As|Qh:100|-100:DeepStack|TCC_AI
STATE:175:cc/cc:Qh|Kh/As:-100|100:TCC_AI|DeepStack
STATE:176:cc/r300f:Kh|Ks/As:100|-100:DeepStack|TCC_AI
STATE:177:cr300f:Ks|Ah:-100|100:TCC_AI|DeepStack
STATE:178:cr300f:Qs|Ah:-100|100:DeepStack|TCC_AI
STATE:179:cc/cc:Qh|Ks/Ah:-100|100:TCC_AI|DeepStack
STATE:180:cc/cc:Qh|Ks/As:-100|100:DeepStack|TCC_AI
STATE:181:cc/cr300f:Ks|Kh/Qs:-100|100:TCC_AI|DeepStack
STATE:182:cc/cc:Qh|Kh/Qs:100|-100:DeepStack|TCC_AI
STATE:183:r600f:As|Kh:100|-100:TCC_AI|DeepStack
STATE:184:cr300c/r900r1200c:Kh|Qh/Ks:1200|-1200:DeepStack|TCC_AI
STATE:185:cc/r300c:As|Ks/Ah:300|-300:TCC_AI|DeepStack
STATE:186:cc/cc:Qh|Kh/Qs:100|-100:DeepStack|TCC_AI
STATE:187:cr1200f:Kh|As:-100|100:TCC_AI|DeepStack
STATE:188:cc/r300f:Ks|Qh/As:100|-100:DeepStack|TCC_AI
STATE:189:cc/r500r1200f:Ks|As/Ah:-500|500:TCC_AI|DeepStack
STATE:190:r1200f:Ah|Qh:100|-100:DeepStack|TCC_AI
STATE:191:r500f:Ah|Qs:100|-100:TCC_AI|DeepStack
STATE:192:cc/cr200f:Qh|Qs/As:-100|100:DeepStack|TCC_AI
STATE:193:r300c/cr1200c:As|Ah/Ks:0|0:TCC_AI|DeepStack
STATE:194:cr500f:Qs|As:-100|100:DeepStack|TCC_AI
STATE:195:r600f:As|Ks:100|-100:TCC_AI|DeepStack
STATE:196:cr300f:Kh|As:-100|100:DeepStack|TCC_AI
STATE:197:cr300f:Ks|As:-100|100:TCC_AI|DeepStack
STATE:198:cc/cc:Qs|Ks/As:-100|100:DeepStack|TCC_AI
STATE:199:cr300f:Qs|Ah:-100|100:TCC_AI|DeepStack
STATE:200:cc/cr200c:Ah|Qs/Ks:200|-200:DeepStack|TCC_AI
STATE:201:cc/cc:Kh|Qs/As:100|-100:TCC_AI|DeepStack
STATE:202:r1200f:As|Qh:100|-100:DeepStack|TCC_AI
STATE:203:r300f:Ks|Qh:100|-100:TCC_AI|DeepStack
STATE:204:cc/r300f:Kh|Qh/As:100|-100:DeepStack|TCC_AI
STATE:205:cc/cc:Kh|Qs/Ks:100|-100:TCC_AI|DeepStack
STATE:206:cc/cr300f:As|Qh/Qs:-100|100:DeepStack|TCC_AI
STATE:207:cc/cc:Ks|Qs/Kh:100|-100:TCC_AI|DeepStack
STATE:208:cc/cc:Qh|As/Ks:-100|100:DeepStack|TCC_AI
STATE:209:cc/cr300f:Qs|Ks/Kh:-100|100:TCC_AI|DeepStack
STATE:210:cc/cc:Qh|Ks/Qs:100|-100:DeepStack|TCC_AI
STATE:211:cc/cr300r900f:Qs|Kh/Qh:300|-300:TCC_AI|DeepStack
STATE:212:cr300f:Kh|Ah:-100|100:DeepStack|TCC_AI
STATE:213:cc/cc:Ks|Kh/Qh:0|0:TCC_AI|DeepStack
STATE:214:cr400f:Qs|As:-100|100:DeepStack|TCC_AI
STATE:215:cr300r1200f:As|Qs:300|-300:TCC_AI|DeepStack
STATE:216:r1200c/:As|Ah/Kh:0|0:DeepStack|TCC_AI
STATE:217:cc/cc:Qh|Ks/Qs:100|-100:TCC_AI|DeepStack
STATE:218:cc/cr200c:As|Qh/Qs:-200|200:DeepStack|TCC_AI
STATE:219:cc/cr300f:Ah|Kh/Qh:-100|100:TCC_AI|DeepStack
STATE:220:r1200f:Ah|Qs:100|-100:DeepStack|TCC_AI
STATE:221:cc/cr300f:Qh|Ks/Kh:-100|100:TCC_AI|DeepStack
STATE:222:cr300f:Kh|Ah:-100|100:DeepStack|TCC_AI
STATE:223:cr300f:Qs|Ks:-100|100:TCC_AI|DeepStack
STATE:224:cc/cr200c:As|Ks/Qs:200|-200:DeepStack|TCC_AI
STATE:225:cc/r700r1200f:Qh|Ah/As:-700|700:TCC_AI|DeepStack
STATE:226:cc/r300f:As|Qh/Ah:100|-100:DeepStack|TCC_AI
STATE:227:cc/cc:Kh|Ks/As:0|0:TCC_AI|DeepStack
STATE:228:r1200c/:Ah|As/Qh:0|0:DeepStack|TCC_AI
STATE:229:cc/cc:Qh|Kh/Qs:100|-100:TCC_AI|DeepStack
STATE:230:cc/cr200f:As|Qh/Qs:-100|100:DeepStack|TCC_AI
STATE:231:r900f:Ah|Qh:100|-100:TCC_AI|DeepStack
STATE:232:cc/r300f:Kh|Qs/Ah:100|-100:DeepStack|TCC_AI
STATE:233:cc/r400c:Kh|Ks/As:0|0:TCC_AI|DeepStack
STATE:234:cr300f:Qs|Qh:-100|100:DeepStack|TCC_AI
STATE:235:cc/cc:As|Kh/Qh:100|-100:TCC_AI|DeepStack
STATE:236:cc/r300c:Ah|Kh/As:300|-300:DeepStack|TCC_AI
STATE:237:cr300f:Ks|Ah:-100|100:TCC_AI|DeepStack
STATE:238:cr400c/cr1200f:Ks|As/Qh:-400|400:DeepStack|TCC_AI
STATE:239:r600f:Ah|Kh:100|-100:TCC_AI|DeepStack
STATE:240:r300f:As|Kh:100|-100:DeepStack|TCC_AI
STATE:241:cc/cr1200c:Kh|Qs/As:1200|-1200:TCC_AI|DeepStack
STATE:242:cr300f:Qs|Ks:-100|100:DeepStack|TCC_AI
STATE:243:cc/cc:Kh|Qs/As:100|-100:TCC_AI|DeepStack
STATE:244:r1200f:Ah|Qh:100|-100:DeepStack|TCC_AI
STATE:245:r900f:Ah|Qs:100|-100:TCC_AI|DeepStack
STATE:246:cc/cc:Kh|Ks/Qh:0|0:DeepStack|TCC_AI
STATE:247:cc/cr300f:Ks|Qs/Qh:-100|100:TCC_AI|DeepStack
STATE:248:r1200f:As|Ks:100|-100:DeepStack|TCC_AI
STATE:249:cc/cr300f:Qs|Ks/Kh:-100|100:TCC_AI|DeepStack
STATE:250:cr300f:Qs|As:-100|100:DeepStack|TCC_AI
STATE:251:r300c/cr900c:Ah|Kh/Ks:-900|900:TCC_AI|DeepStack
STATE:252:cc/cc:Qs|Qh/Ks:0|0:DeepStack|TCC_AI
STATE:253:cr300f:Qh|As:-100|100:TCC_AI|DeepStack
STATE:254:cr300f:Qs|Kh:-100|100:DeepStack|TCC_AI
STATE:255:cc/cc:Qh|Ks/Qs:100|-100:TCC_AI|DeepStack
STATE:256:cr500c/r1200c:Ah|As/Qh:0|0:DeepStack|TCC_AI
STATE:257:cr300f:Qh|Ah:-100|100:TCC_AI|DeepStack
STATE:258:cr300c/r1200f:Qs|Ah/Ks:300|-300:DeepStack|TCC_AI
STATE:259:r200c/cc:Ks|Qs/As:200|-200:TCC_AI|DeepStack
STATE:260:cc/cc:Ks|Kh/Ah:0|0:DeepStack|TCC_AI
STATE:261:cr300f:Qh|Qs:-100|100:TCC_AI|DeepStack
STATE:262:r1200f:Ah|Ks:100|-100:DeepStack|TCC_AI
STATE:263:cc/cc:Ks|As/Qs:-100|100:TCC_AI|DeepStack
STATE:264:cr300f:Qh|As:-100|100:DeepStack|TCC_AI
STATE:265:cr300c/cr900c:Kh|Ah/As:-900|900:TCC_AI|DeepStack
STATE:266:r1200f:As|Kh:100|-100:DeepStack|TCC_AI
STATE:267:cc/cc:Ks|Qh/Kh:100|-100:TCC_AI|DeepStack
STATE:268:cc/cc:Ah|As/Qs:0|0:DeepStack|TCC_AI
STATE:269:cr300f:Qh|Ah:-100|100:TCC_AI|DeepStack
STATE:270:cr300r1200c/:As|Ah/Qs:0|0:DeepStack|TCC_AI
STATE:271:cc/cc:As|Ah/Kh:0|0:TCC_AI|DeepStack
STATE:272:cc/r300f:Kh|Qs/Ah:100|-100:DeepStack|TCC_AI
STATE:273:cr300f:Kh|Ah:-100|100:TCC_AI|DeepStack
STATE:274:cc/cr200f:Ah|Qh/Qs:-100|100:DeepStack|TCC_AI
STATE:275:cc/cr300f:Kh|Qh/Qs:-100|100:TCC_AI|DeepStack
STATE:276:cr300c/cc:Ks|Ah/Qs:-300|300:DeepStack|TCC_AI
STATE:277:cr300f:Ks|As:-100|100:TCC_AI|DeepStack
STATE:278:cc/cc:Qs|Qh/Kh:0|0:DeepStack|TCC_AI
STATE:279:cr300f:Qs|Qh:-100|100:TCC_AI|DeepStack
STATE:280:cr300c/cr400r1200c:Ks|As/Qs:-1200|1200:DeepStack|TCC_AI
STATE:281:cr300f:Ks|Kh:-100|100:TCC_AI|DeepStack
STATE:282:cc/r300c:As|Kh/Ah:300|-300:DeepStack|TCC_AI
STATE:283:cc/cr300f:Ks|Qh/Qs:-100|100:TCC_AI|DeepStack
STATE:284:cr300f:Kh|Ah:-100|100:DeepStack|TCC_AI
STATE:285:cc/cr300r700f:Kh|Qs/Ks:300|-300:TCC_AI|DeepStack
STATE:286:cc/cr200f:Kh|Qh/Qs:-100|100:DeepStack|TCC_AI
STATE:287:cr1200f:Qs|As:-100|100:TCC_AI|DeepStack
STATE:288:cr200c/r600c:Kh|As/Ks:600|-600:DeepStack|TCC_AI
STATE:289:cr300f:Qh|Ah:-100|100:TCC_AI|DeepStack
STATE:290:cc/cc:Ks|Kh/Ah:0|0:DeepStack|TCC_AI
STATE:291:cr300f:Ks|As:-100|100:TCC_AI|DeepStack
STATE:292:cr300f:Kh|Ah:-100|100:DeepStack|TCC_AI
STATE:293:cr300f:Qs|As:-100|100:TCC_AI|DeepStack
STATE:294:cc/cc:Qh|As/Kh:-100|100:DeepStack|TCC_AI
STATE:295:cc/cc:As|Qh/Kh:100|-100:TCC_AI|DeepStack
STATE:296:cc/cr300r1200f:Ks|Qh/Kh:300|-300:DeepStack|TCC_AI
STATE:297:cr300f:Qs|Ah:-100|100:TCC_AI|DeepStack
STATE:298:cr300r1200f:As|Ks:300|-300:DeepStack|TCC_AI
STATE:299:cc/r300f:Ks|Qh/Ah:100|-100:TCC_AI|DeepStack
STATE:300:cr300f:Qs|Qh:-100|100:DeepStack|TCC_AI
STATE:301:cc/cc:Ks|Kh/Qs:0|0:TCC_AI|DeepStack
STATE:302:cc/r300f:Ah|Qh/As:100|-100:DeepStack|TCC_AI
STATE:303:cc/cc:Qh|As/Kh:-100|100:TCC_AI|DeepStack
STATE:304:cr300c/r1200f:Ks|Qs/Kh:300|-300:DeepStack|TCC_AI
STATE:305:cc/cr300f:Ks|Qh/Qs:-100|100:TCC_AI|DeepStack
STATE:306:r1200f:As|Qh:100|-100:DeepStack|TCC_AI
STATE:307:cc/r400f:Ah|Qs/As:100|-100:TCC_AI|DeepStack
STATE:308:r1200c/:Ah|As/Qs:0|0:DeepStack|TCC_AI
STATE:309:cc/cr300f:As|Ks/Kh:-100|100:TCC_AI|DeepStack
STATE:310:cr300c/cc:Ah|As/Qs:0|0:DeepStack|TCC_AI
STATE:311:cr300r800c/cc:Ah|As/Qs:0|0:TCC_AI|DeepStack
STATE:312:cc/cc:As|Qh/Ks:100|-100:DeepStack|TCC_AI
STATE:313:r800f:As|Ks:100|-100:TCC_AI|DeepStack
STATE:314:cc/cc:Ah|Qh/Ks:100|-100:DeepStack|TCC_AI
STATE:315:cr300r1000c/r1200c:Ah|As/Qh:0|0:TCC_AI|DeepStack
STATE:316:r1200f:As|Ks:100|-100:DeepStack|TCC_AI
STATE:317:cc/r300c:Ks|Kh/Ah:0|0:TCC_AI|DeepStack
STATE:318:cc/cc:Qh|Ks/As:-100|100:DeepStack|TCC_AI
STATE:319:r200c/cr1200f:Kh|Ks/Qs:-200|200:TCC_AI|DeepStack
STATE:320:cc/cc:Qh|Kh/Ah:-100|100:DeepStack|TCC_AI
STATE:321:cr1200f:Qs|Ah:-100|100:TCC_AI|DeepStack
STATE:322:cc/cc:Kh|Ks/Qh:0|0:DeepStack|TCC_AI
STATE:323:cc/cr300f:Kh|Qh/Qs:-100|100:TCC_AI|DeepStack
STATE:324:r1200f:Ah|Qh:100|-100:DeepStack|TCC_AI
STATE:325:cr300f:Qs|Ah:-100|100:TCC_AI|DeepStack
STATE:326:cc/cr200f:Kh|Qh/Qs:-100|100:DeepStack|TCC_AI
STATE:327:cr300f:Qs|Ks:-100|100:TCC_AI|DeepStack
STATE:328:cr300r1200f:As|Qs:300|-300:DeepStack|TCC_AI
STATE:329:cr300r800r1200c/:Ah|As/Qh:0|0:TCC_AI|DeepStack
STATE:330:cc/cc:Qs|Ks/Qh:100|-100:DeepStack|TCC_AI
STATE:331:cc/cc:Qs|Qh/As:0|0:TCC_AI|DeepStack
STATE:332:cc/r1200f:Ah|Kh/As:100|-100:DeepStack|TCC_AI
STATE:333:cr300f:Qh|Ah:-100|100:TCC_AI|DeepStack
STATE:334:cc/cr200c:Ah|Kh/Ks:-200|200:DeepStack|TCC_AI
STATE:335:cc/cr300f:Qs|Kh/Ks:-100|100:TCC_AI|DeepStack
STATE:336:cr300c/cr1100f:Qh|As/Ah:-300|300:DeepStack|TCC_AI
STATE:337:cr1200f:Kh|As:-100|100:TCC_AI|DeepStack
STATE:338:r300f:As|Ks:100|-100:DeepStack|TCC_AI
STATE:339:cc/cc:Qh|Ah/Qs:100|-100:TCC_AI|DeepStack
STATE:340:cc/cr200f:Ah|Ks/Kh:-100|100:DeepStack|TCC_AI
STATE:341:cc/cr1200f:Kh|Qh/As:-100|100:TCC_AI|DeepStack
STATE:342:cc/r300f:Kh|Qs/As:100|-100:DeepStack|TCC_AI
STATE:343:cc/cc:Qh|Qs/Ah:0|0:TCC_AI|DeepStack
STATE:344:r300c/cr700f:Qh|Ks/Kh:-300|300:DeepStack|TCC_AI
STATE:345:cc/cc:Ks|Kh/Ah:0|0:TCC_AI|DeepStack
STATE:346:cr300f:Kh|Ah:-100|100:DeepStack|TCC_AI
STATE:347:cr300f:Kh|As:-100|100:TCC_AI|DeepStack
STATE:348:cr300c/r1200f:Qs|Kh/Qh:300|-300:DeepStack|TCC_AI
STATE:349:cc/cr300f:As|Kh/Ks:-100|100:TCC_AI|DeepStack
STATE:350:cc/r300c:Ks|Kh/Ah:0|0:DeepStack|TCC_AI
STATE:351:cr1200f:Qh|As:-100|100:TCC_AI|DeepStack
STATE:352:cr300c/cr700f:Qs|Qh/As:-300|300:DeepStack|TCC_AI
STATE:353:cc/cc:Qh|Ks/Ah:-100|100:TCC_AI|DeepStack
STATE:354:cr300f:Ks|Qs:-100|100:DeepStack|TCC_AI
STATE:355:r600f:As|Kh:100|-100:TCC_AI|DeepStack
STATE:356:cc/cc:Qs|Ks/Qh:100|-100:DeepStack|TCC_AI
STATE:357:cc/cc:Qs|Ks/As:-100|100:TCC_AI|DeepStack
STATE:358:cr500c/cc:Qh|Ah/Qs:500|-500:DeepStack|TCC_AI
STATE:359:cc/r400f:Ks|Qh/As:100|-100:TCC_AI|DeepStack
STATE:360:cc/cc:Qs|Kh/Ah:-100|100:DeepStack|TCC_AI
STATE:361:cr300f:Kh|Qs:-100|100:TCC_AI|DeepStack
STATE:362:cc/cc:Kh|Ks/As:0|0:DeepStack|TCC_AI
STATE:363:cc/r600f:As|Qs/Ah:100|-100:TCC_AI|DeepStack
STATE:364:r1200f:Ah|Qs:100|-100:DeepStack|TCC_AI
STATE:365:cr300c/cc:Qs|Kh/Ah:-300|300:TCC_AI|DeepStack
STATE:366:cc/cc:Qs|Ah/Kh:-100|100:DeepStack|TCC_AI
STATE:367:cc/cc:Qs|Qh/Kh:0|0:TCC_AI|DeepStack
STATE:368:cc/cc:Qs|Kh/Ah:-100|100:DeepStack|TCC_AI
STATE:369:cr300r800c/r900c:As|Ah/Qs:0|0:TCC_AI|DeepStack
STATE:370:cc/cc:Kh|Qh/Ks:100|-100:DeepStack|TCC_AI
STATE:371:cc/cc:As|Qh/Ks:100|-100:TCC_AI|DeepStack
STATE:372:cc/cr300f:Qs|Ks/Kh:-100|100:DeepStack|TCC_AI
STATE:373:cr300f:Qh|Ah:-100|100:TCC_AI|DeepStack
STATE:374:cr400r1200f:As|Qh:400|-400:DeepStack|TCC_AI
STATE:375:cr300f:Qs|As:-100|100:TCC_AI|DeepStack
STATE:376:cc/cc:Kh|Qh/As:100|-100:DeepStack|TCC_AI
STATE:377:cc/cr300f:Ah|Qh/Qs:-100|100:TCC_AI|DeepStack
STATE:378:cc/cr300f:Ks|Qs/Qh:-100|100:DeepStack|TCC_AI
STATE:379:r800f:Ah|Qh:100|-100:TCC_AI|DeepStack
STATE:380:cr300f:Ks|Ah:-100|100:DeepStack|TCC_AI
STATE:381:cr300f:Qs|Kh:-100|100:TCC_AI|DeepStack
STATE:382:cc/cc:Qh|As/Kh:-100|100:DeepStack|TCC_AI
STATE:383:cc/cc:Qs|Qh/Ks:0|0:TCC_AI|DeepStack
STATE:384:cc/cc:Qs|Qh/Kh:0|0:DeepStack|TCC_AI
STATE:385:r600f:As|Kh:100|-100:TCC_AI|DeepStack
STATE:386:cc/r300f:As|Kh/Ah:100|-100:DeepStack|TCC_AI
STATE:387:cc/cc:Qh|Qs/As:0|0:TCC_AI|DeepStack
STATE:388:cc/cc:Ks|Qh/Kh:100|-100:DeepStack|TCC_AI
STATE:389:cc/cr300f:Ks|Qs/Qh:-100|100:TCC_AI|DeepStack
STATE:390:cr300f:Qh|As:-100|100:DeepStack|TCC_AI
STATE:391:cr300c/r1000f:Ks|As/Kh:300|-300:TCC_AI|DeepStack
STATE:392:r1200f:Ah|Qh:100|-100:DeepStack|TCC_AI
STATE:393:cc/cr300f:Qs|Ks/Kh:-100|100:TCC_AI|DeepStack
STATE:394:cr300f:Qs|Ks:-100|100:DeepStack|TCC_AI
STATE:395:r300c/r400f:As|Kh/Qs:300|-300:TCC_AI|DeepStack
STATE:396:r1200f:Ah|Qs:100|-100:DeepStack|TCC_AI
STATE:397:cr300c/cr900c:Ks|Ah/As:-900|900:TCC_AI|DeepStack
STATE:398:cr300f:Qs|Ah:-100|100:DeepStack|TCC_AI
STATE:399:cc/r400c:Ks|Kh/Ah:0|0:TCC_AI|DeepStack
STATE:400:cr300f:Qs|Ah:-100|100:DeepStack|TCC_AI
STATE:401:cc/cc:Qs|Kh/Qh:100|-100:TCC_AI|DeepStack
STATE:402:cc/cc:Qh|Qs/Ks:0|0:DeepStack|TCC_AI
STATE:403:cc/cr300f:Ks|Qs/Qh:-100|100:TCC_AI|DeepStack
STATE:404:cc/r300f:Kh|Qs/Ah:100|-100:DeepStack|TCC_AI
STATE:405:cr300r1000f:Ah|Ks:300|-300:TCC_AI|DeepStack
STATE:406:cc/cc:Qh|Ks/Qs:100|-100:DeepStack|TCC_AI
STATE:407:cc/cc:Qs|Kh/As:-100|100:TCC_AI|DeepStack
STATE:408:cc/cc:Qs|As/Kh:-100|100:DeepStack|TCC_AI
STATE:409:cr300c/cr1200f:Qs|Kh/As:-300|300:TCC_AI|DeepStack
STATE:410:cc/cc:Qs|Ks/Ah:-100|100:DeepStack|TCC_AI
STATE:411:r500f:Ah|Kh:100|-100:TCC_AI|DeepStack
STATE:412:r300c/cr1100f:Ks|Qh/Qs:-300|300:DeepStack|TCC_AI
STATE:413:cc/cc:As|Ks/Qh:100|-100:TCC_AI|DeepStack
STATE:414:cc/r300f:Kh|Qs/As:100|-100:DeepStack|TCC_AI
STATE:415:cr300f:Qh|Kh:-100|100:TCC_AI|DeepStack
STATE:416:cc/cr300f:Ks|Qs/Qh:-100|100:DeepStack|TCC_AI
STATE:417:cr300f:Qh|As:-100|100:TCC_AI|DeepStack
STATE:418:cr300c/cc:Kh|Ah/Qs:-300|300:DeepStack|TCC_AI
STATE:419:cr300r800c/r1200f:Ah|Qs/Ks:800|-800:TCC_AI|DeepStack
STATE:420:cc/cr200f:Ks|Qs/Qh:-100|100:DeepStack|TCC_AI
STATE:421:cr300f:Qh|Ah:-100|100:TCC_AI|DeepStack
STATE:422:cc/cc:Qh|As/Qs:100|-100:DeepStack|TCC_AI
STATE:423:cc/cr300f:Qh|Ks/Kh:-100|100:TCC_AI|DeepStack
STATE:424:cr300c/r1200c:Qs|Ah/Ks:-1200|1200:DeepStack|TCC_AI
STATE:425:cc/cr300f:Ah|Qs/Ks:-100|100:TCC_AI|DeepStack
STATE:426:cc/r1200f:Ah|Qs/As:100|-100:DeepStack|TCC_AI
STATE:427:cc/r300f:Ah|Qs/As:100|-100:TCC_AI|DeepStack
STATE:428:cr500c/r1200c:As|Ah/Qh:0|0:DeepStack|TCC_AI
STATE:429:r600f:Ah|Qs:100|-100:TCC_AI|DeepStack
STATE:430:r1200f:Ah|Qs:100|-100:DeepStack|TCC_AI
STATE:431:cr1200f:Qh|As:-100|100:TCC_AI|DeepStack
STATE:432:cr300f:Qh|Ah:-100|100:DeepStack|TCC_AI
STATE:433:cc/r300f:Ks|Qs/As:100|-100:TCC_AI|DeepStack
STATE:434:cc/r1200f:Ah|Kh/As:100|-100:DeepStack|TCC_AI
STATE:435:cr300f:Qs|Qh:-100|100:TCC_AI|DeepStack
STATE:436:cc/cc:Ks|Qh/Kh:100|-100:DeepStack|TCC_AI
STATE:437:cc/cc:Kh|Ks/Qs:0|0:TCC_AI|DeepStack
STATE:438:cr300f:Ks|As:-100|100:DeepStack|TCC_AI
STATE:439:cr1200f:Kh|Ah:-100|100:TCC_AI|DeepStack
STATE:440:r1200f:Ah|Qs:100|-100:DeepStack|TCC_AI
STATE:441:cr300f:Qh|Ks:-100|100:TCC_AI|DeepStack
STATE:442:cc/cc:Qs|Qh/As:0|0:DeepStack|TCC_AI
STATE:443:cc/cr300f:Kh|Qh/Qs:-100|100:TCC_AI|DeepStack
STATE:444:cc/r300f:Kh|Qh/Ah:100|-100:DeepStack|TCC_AI
STATE:445:cc/cr300f:Ks|Qh/Qs:-100|100:TCC_AI|DeepStack
STATE:446:cr200c/cc:Qh|As/Ks:-200|200:DeepStack|TCC_AI
STATE:447:cr300f:Kh|Ah:-100|100:TCC_AI|DeepStack
STATE:448:r1200f:Ah|Qs:100|-100:DeepStack|TCC_AI
STATE:449:cc/cc:Ks|Ah/Qs:-100|100:TCC_AI|DeepStack
STATE:450:cr400r1200c/:Ah|As/Kh:0|0:DeepStack|TCC_AI
STATE:451:cc/cc:Kh|Qh/Ks:100|-100:TCC_AI|DeepStack
STATE:452:cr300f:Kh|Ah:-100|100:DeepStack|TCC_AI
STATE:453:cc/r300c:As|Kh/Ah:300|-300:TCC_AI|DeepStack
STATE:454:cc/cr300c:Ah|Qh/Qs:-300|300:DeepStack|TCC_AI
STATE:455:cc/cc:Ks|Qh/Kh:100|-100:TCC_AI|DeepStack
STATE:456:cc/cr1000f:Kh|Ah/As:-100|100:DeepStack|TCC_AI
STATE:457:cr300f:Ks|Ah:-100|100:TCC_AI|DeepStack
STATE:458:r1200f:Ah|Ks:100|-100:DeepStack|TCC_AI
STATE:459:r600f:As|Qh:100|-100:TCC_AI|DeepStack
STATE:460:cc/cc:Qh|Ks/Qs:100|-100:DeepStack|TCC_AI
STATE:461:cr300r800r1200c/:As|Ah/Qs:0|0:TCC_AI|DeepStack
STATE:462:cc/r1200f:Ah|Qs/As:100|-100:DeepStack|TCC_AI
STATE:463:r400r1200f:Kh|Ah:-400|400:TCC_AI|DeepStack
STATE:464:cr300r1200f:Ah|Qh:300|-300:DeepStack|TCC_AI
STATE:465:cc/cc:Kh|Qs/Ks:100|-100:TCC_AI|DeepStack
STATE:466:cc/cc:Qh|Qs/Kh:0|0:DeepStack|TCC_AI
STATE:467:cc/cr300f:Ks|Qs/Qh:-100|100:TCC_AI|DeepStack
STATE:468:r1200f:As|Qs:100|-100:DeepStack|TCC_AI
STATE:469:r600f:Ah|Qh:100|-100:TCC_AI|DeepStack
STATE:470:cc/cc:Ks|Qs/As:100|-100:DeepStack|TCC_AI
STATE:471:cc/cr300f:Ks|Kh/Qs:-100|100:TCC_AI|DeepStack
STATE:472:r1200f:As|Qh:100|-100:DeepStack|TCC_AI
STATE:473:cr300f:Ks|Qs:-100|100:TCC_AI|DeepStack
STATE:474:cc/cr200r1200f:Kh|Qh/Ks:200|-200:DeepStack|TCC_AI
STATE:475:cr300r800c/r1200c:Ah|Ks/Kh:-1200|1200:TCC_AI|DeepStack
STATE:476:cr300c/r1200f:Ks|Ah/Kh:300|-300:DeepStack|TCC_AI
STATE:477:cc/r600f:Ks|Kh/Ah:100|-100:TCC_AI|DeepStack
STATE:478:cc/cc:Qh|Ks/As:-100|100:DeepStack|TCC_AI
STATE:479:r800f:As|Qh:100|-100:TCC_AI|DeepStack
STATE:480:cr300f:Kh|Qh:-100|100:DeepStack|TCC_AI
STATE:481:cc/cr300r700f:Ks|Qh/Kh:300|-300:TCC_AI|DeepStack
STATE:482:cc/r300f:Kh|Qh/Ah:100|-100:DeepStack|TCC_AI
STATE:483:cc/r300f:Kh|Qh/Ah:100|-100:TCC_AI|DeepStack
STATE:484:r1200f:Ah|Kh:100|-100:DeepStack|TCC_AI
STATE:485:r600f:As|Qh:100|-100:TCC_AI|DeepStack
STATE:486:cr800f:Qh|As:-100|100:DeepStack|TCC_AI
STATE:487:cc/cr300f:Qh|Qs/Kh:-100|100:TCC_AI|DeepStack
STATE:488:cc/cr200c:As|Qs/Ks:200|-200:DeepStack|TCC_AI
STATE:489:cr300f:Qh|Ah:-100|100:TCC_AI|DeepStack
STATE:490:r1200f:As|Ks:100|-100:DeepStack|TCC_AI
STATE:491:cr300c/cr1200f:Kh|Ks/Qs:-300|300:TCC_AI|DeepStack
STATE:492:cr300f:Kh|Ks:-100|100:DeepStack|TCC_AI
STATE:493:cc/cc:Kh|Ks/Ah:0|0:TCC_AI|DeepStack
STATE:494:cr300f:Kh|Ks:-100|100:DeepStack|TCC_AI
STATE:495:r200c/cc:Ah|Ks/Qs:200|-200:TCC_AI|DeepStack
STATE:496:cr300f:Qh|As:-100|100:DeepStack|TCC_AI
STATE:497:cc/cr300f:Kh|Qs/Qh:-100|100:TCC_AI|DeepStack
STATE:498:cc/cc:Qs|Ks/Ah:-100|100:DeepStack|TCC_AI
STATE:499:cc/cc:Ks|Kh/Qh:0|0:TCC_AI|DeepStack
STATE:500:cc/cr200f:Qs|Kh/Ks:-100|100:DeepStack|TCC_AI
STATE:501:cr1200f:Qh|As:-100|100:TCC_AI|DeepStack
STATE:502:cc/cc:As|Kh/Qh:100|-100:DeepStack|TCC_AI
STATE:503:cr300f:Qs|Ah:-100|100:TCC_AI|DeepStack
STATE:504:cr300f:Kh|As:-100|100:DeepStack|TCC_AI
STATE:505:cc/cc:Kh|Qs/Ah:100|-100:TCC_AI|DeepStack
STATE:506:cc/cc:As|Qs/Ks:100|-100:DeepStack|TCC_AI
STATE:507:cr300r800c/r1000r1200c:Ah|Qh/Qs:-1200|1200:TCC_AI|DeepStack
STATE:508:cr300c/cr800c:Kh|Qs/As:800|-800:DeepStack|TCC_AI
STATE:509:cr300f:Qs|Qh:-100|100:TCC_AI|DeepStack
STATE:510:cc/cc:Ks|Ah/Qs:-100|100:DeepStack|TCC_AI
STATE:511:cr300c/r900c:Ah|As/Ks:0|0:TCC_AI|DeepStack
STATE:512:cc/cr200f:Qh|Qs/Ks:-100|100:DeepStack|TCC_AI
STATE:513:cr300f:Kh|Ah:-100|100:TCC_AI|DeepStack
STATE:514:cc/cc:Qh|Kh/Qs:100|-100:DeepStack|TCC_AI
STATE:515:cr300f:Qh|Kh:-100|100:TCC_AI|DeepStack
STATE:516:cc/r300f:Ks|Qs/As:100|-100:DeepStack|TCC_AI
STATE:517:r300c/cr900f:Ah|Qh/Ks:-300|300:TCC_AI|DeepStack
STATE:518:cr300c/cr800f:Qs|Kh/As:-300|300:DeepStack|TCC_AI
STATE:519:r800f:As|Kh:100|-100:TCC_AI|DeepStack
STATE:520:r300c/cr1100f:As|Qh/Kh:-300|300:DeepStack|TCC_AI
STATE:521:cr300f:Ks|Ah:-100|100:TCC_AI|DeepStack
STATE:522:r1200f:As|Ks:100|-100:DeepStack|TCC_AI
STATE:523:r800f:As|Qh:100|-100:TCC_AI|DeepStack
STATE:524:cc/cc:Qh|Qs/Ah:0|0:DeepStack|TCC_AI
STATE:525:r400c/cc:As|Ah/Qs:0|0:TCC_AI|DeepStack
STATE:526:cr300c/r1200c:Kh|Ah/Ks:1200|-1200:DeepStack|TCC_AI
STATE:527:r600f:Ah|Kh:100|-100:TCC_AI|DeepStack
STATE:528:r1200f:Ah|Qs:100|-100:DeepStack|TCC_AI
STATE:529:cr300f:Qs|As:-100|100:TCC_AI|DeepStack
STATE:530:cr300f:Qh|As:-100|100:DeepStack|TCC_AI
STATE:531:cr300f:Qs|Qh:-100|100:TCC_AI|DeepStack
STATE:532:cc/cc:Ah|Kh/Qs:100|-100:DeepStack|TCC_AI
STATE:533:cr300f:Ks|Ah:-100|100:TCC_AI|DeepStack
STATE:534:cr500f:Qs|Ah:-100|100:DeepStack|TCC_AI
STATE:535:cc/cr300f:Qs|Kh/Ks:-100|100:TCC_AI|DeepStack
STATE:536:r1200c/:Ah|As/Qh:0|0:DeepStack|TCC_AI
STATE:537:cc/cc:Ah|As/Kh:0|0:TCC_AI|DeepStack
STATE:538:cc/cr200c:As|Qh/Qs:-200|200:DeepStack|TCC_AI
STATE:539:r800f:Ah|Qs:100|-100:TCC_AI|DeepStack
STATE:540:cc/cc:Qs|Ks/Ah:-100|100:DeepStack|TCC_AI
STATE:541:cr300r800c/r1200f:As|Qs/Kh:800|-800:TCC_AI|DeepStack
STATE:542:cc/cr800f:Qh|As/Ah:-100|100:DeepStack|TCC_AI
STATE:543:cc/cc:Ah|As/Qs:0|0:TCC_AI|DeepStack
STATE:544:cc/cc:Qs|Qh/Ks:0|0:DeepStack|TCC_AI
STATE:545:cc/cr300f:Qh|Kh/Ks:-100|100:TCC_AI|DeepStack
STATE:546:cr300f:Kh|Ah:-100|100:DeepStack|TCC_AI
STATE:547:cc/cr300f:Qs|Qh/Kh:-100|100:TCC_AI|DeepStack
STATE:548:cc/cr200f:Qs|Ks/Kh:-100|100:DeepStack|TCC_AI
STATE:549:cc/cc:As|Qh/Ks:100|-100:TCC_AI|DeepStack
STATE:550:cc/cc:As|Ks/Qs:100|-100:DeepStack|TCC_AI
STATE:551:cc/cc:Kh|Ks/Qh:0|0:TCC_AI|DeepStack
STATE:552:r1200f:As|Ks:100|-100:DeepStack|TCC_AI
STATE:553:r600f:As|Qh:100|-100:TCC_AI|DeepStack
STATE:554:cc/cc:Kh|Qh/Ah:100|-100:DeepStack|TCC_AI
STATE:555:cr300f:Kh|Qs:-100|100:TCC_AI|DeepStack
STATE:556:cr300f:Ks|Ah:-100|100:DeepStack|TCC_AI
STATE:557:cc/cc:Qs|Kh/Ah:-100|100:TCC_AI|DeepStack
STATE:558:cc/cc:As|Kh/Qh:100|-100:DeepStack|TCC_AI
STATE:559:cc/r600f:Qs|Kh/Ah:100|-100:TCC_AI|DeepStack
STATE:560:cr500c/cr1100f:Qs|Ah/Ks:-500|500:DeepStack|TCC_AI
STATE:561:cc/r300c:Ah|Kh/As:300|-300:TCC_AI|DeepStack
STATE:562:cr300f:Ks|Ah:-100|100:DeepStack|TCC_AI
STATE:563:cc/cr300f:As|Ks/Kh:-100|100:TCC_AI|DeepStack
STATE:564:r1200f:As|Qh:100|-100:DeepStack|TCC_AI
STATE:565:cr300f:Kh|As:-100|100:TCC_AI|DeepStack
STATE:566:cc/cc:Ah|Ks/Qh:100|-100:DeepStack|TCC_AI
STATE:567:cc/cr300f:Kh|Qh/Qs:-100|100:TCC_AI|DeepStack
STATE:568:cr300f:Qs|As:-100|100:DeepStack|TCC_AI
STATE:569:cr300r900f:Ah|Qh:300|-300:TCC_AI|DeepStack
STATE:570:cc/cr200c:As|Ks/Kh:-200|200:DeepStack|TCC_AI
STATE:571:cc/r500f:Ks|Qs/Ah:100|-100:TCC_AI|DeepStack
STATE:572:cr300r1200c/:Ah|As/Ks:0|0:DeepStack|TCC_AI
STATE:573:cc/cc:Qs|Ks/As:-100|100:TCC_AI|DeepStack
STATE:574:cc/cc:Ah|Kh/Qs:100|-100:DeepStack|TCC_AI
STATE:575:r800f:As|Qh:100|-100:TCC_AI|DeepStack
STATE:576:cr300f:Kh|As:-100|100:DeepStack|TCC_AI
STATE:577:cr300f:Qs|As:-100|100:TCC_AI|DeepStack
STATE:578:cc/cc:Kh|Qs/As:100|-100:DeepStack|TCC_AI
STATE:579:cc/r300f:Ks|Qh/Ah:100|-100:TCC_AI|DeepStack
STATE:580:cr300f:Ks|Ah:-100|100:DeepStack|TCC_AI
STATE:581:cr1200f:Qs|Ah:-100|100:TCC_AI|DeepStack
STATE:582:cc/cc:As|Kh/Qs:100|-100:DeepStack|TCC_AI
STATE:583:cc/r300f:Ks|Qs/Ah:100|-100:TCC_AI|DeepStack
STATE:584:cc/cc:Ah|Qs/Kh:100|-100:DeepStack|TCC_AI
STATE:585:r800f:Ah|Qh:100|-100:TCC_AI|DeepStack
STATE:586:cc/r300f:Ks|Qh/Ah:100|-100:DeepStack|TCC_AI
STATE:587:cr300f:Qs|As:-100|100:TCC_AI|DeepStack
STATE:588:cc/cc:Qh|Kh/Qs:100|-100:DeepStack|TCC_AI
STATE:589:r600f:Ah|Ks:100|-100:TCC_AI|DeepStack
STATE:590:cr200c/r600r1000f:As|Qs/Qh:-600|600:DeepStack|TCC_AI
STATE:591:r1100f:Ah|Qs:100|-100:TCC_AI|DeepStack
STATE:592:cr300f:Qs|Ah:-100|100:DeepStack|TCC_AI
STATE:593:cc/cc:Kh|Qs/As:100|-100:TCC_AI|DeepStack
STATE:594:cc/cr800f:Qs|Ks/Ah:-100|100:DeepStack|TCC_AI
STATE:595:cr300f:Qs|Ks:-100|100:TCC_AI|DeepStack
STATE:596:r1200f:Ah|Kh:100|-100:DeepStack|TCC_AI
STATE:597:r200c/cr600c:As|Qh/Qs:-600|600:TCC_AI|DeepStack
STATE:598:cc/cc:Qh|Kh/Qs:100|-100:DeepStack|TCC_AI
STATE:599:cr300r800c/r900r1200c:As|Qs/Qh:-1200|1200:TCC_AI|DeepStack
STATE:600:cc/cc:Kh|Qh/Ah:100|-100:DeepStack|TCC_AI
STATE:601:cc/cc:As|Ks/Qs:100|-100:TCC_AI|DeepStack
STATE:602:cc/cc:Kh|Ks/Qs:0|0:DeepStack|TCC_AI
STATE:603:cc/cc:Ks|Qs/Ah:100|-100:TCC_AI|DeepStack
STATE:604:cc/cc:Ks|Qh/As:100|-100:DeepStack|TCC_AI
STATE:605:cr300r800c/r900f:As|Kh/Qs:800|-800:TCC_AI|DeepStack
STATE:606:cc/cc:Ks|Qs/As:100|-100:DeepStack|TCC_AI
STATE:607:cc/cr300f:Ah|Qs/Qh:-100|100:TCC_AI|DeepStack
STATE:608:cc/cr200c:As|Qs/Qh:-200|200:DeepStack|TCC_AI
STATE:609:r200r1200f:Kh|As:-200|200:TCC_AI|DeepStack
STATE:610:cc/cc:Qs|As/Qh:100|-100:DeepStack|TCC_AI
STATE:611:cc/cc:Qs|Qh/Ah:0|0:TCC_AI|DeepStack
STATE:612:cc/r300f:Kh|Qh/As:100|-100:DeepStack|TCC_AI
STATE:613:cc/r400c:As|Ks/Ah:400|-400:TCC_AI|DeepStack
STATE:614:r300c/cc:Qs|Qh/Ks:0|0:DeepStack|TCC_AI
STATE:615:cc/cc:Qh|Qs/Ah:0|0:TCC_AI|DeepStack
STATE:616:cc/cc:As|Kh/Qh:100|-100:DeepStack|TCC_AI
STATE:617:cr1200f:Kh|As:-100|100:TCC_AI|DeepStack
STATE:618:cc/cc:Qh|Kh/As:-100|100:DeepStack|TCC_AI
STATE:619:cc/r400f:Ks|Qh/As:100|-100:TCC_AI|DeepStack
STATE:620:r1200f:Ah|Ks:100|-100:DeepStack|TCC_AI
STATE:621:cr300c/r400r1200f:Ks|As/Ah:-400|400:TCC_AI|DeepStack
STATE:622:cr800f:Qs|Ah:-100|100:DeepStack|TCC_AI
STATE:623:cr300f:Qs|Ah:-100|100:TCC_AI|DeepStack
STATE:624:cr200r1200f:Ah|Kh:200|-200:DeepStack|TCC_AI
STATE:625:cr300f:Qh|Kh:-100|100:TCC_AI|DeepStack
STATE:626:cc/cc:Ah|Ks/Qh:100|-100:DeepStack|TCC_AI
STATE:627:cr300f:Kh|As:-100|100:TCC_AI|DeepStack
STATE:628:cc/cc:Qh|Qs/As:0|0:DeepStack|TCC_AI
STATE:629:cc/cr300f:Ks|Qs/Qh:-100|100:TCC_AI|DeepStack
STATE:630:cc/cc:Kh|Qs/Ks:100|-100:DeepStack|TCC_AI
STATE:631:cr300f:Ks|Ah:-100|100:TCC_AI|DeepStack
STATE:632:cc/cr200f:Kh|Qs/Qh:-100|100:DeepStack|TCC_AI
STATE:633:cc/cc:Qh|Ks/As:-100|100:TCC_AI|DeepStack
STATE:634:cc/cc:Qh|As/Kh:-100|100:DeepStack|TCC_AI
STATE:635:cr300f:Ks|As:-100|100:TCC_AI|DeepStack
STATE:636:cr300f:Kh|Ks:-100|100:DeepStack|TCC_AI
STATE:637:r800f:Ah|Ks:100|-100:TCC_AI|DeepStack
STATE:638:cc/cc:Kh|Qh/Ks:100|-100:DeepStack|TCC_AI
STATE:639:r800f:As|Qh:100|-100:TCC_AI|DeepStack
STATE:640:r1200f:As|Qh:100|-100:DeepStack|TCC_AI
STATE:641:cr300f:Qs|Ks:-100|100:TCC_AI|DeepStack
STATE:642:cc/cc:Qs|Qh/As:0|0:DeepStack|TCC_AI
STATE:643:cr300f:Qh|Ks:-100|100:TCC_AI|DeepStack
STATE:644:cc/cr200c:Ah|Qh/Qs:-200|200:DeepStack|TCC_AI
STATE:645:cr300r1000c/r1200c:Ah|As/Qs:0|0:TCC_AI|DeepStack
STATE:646:r1200c/:Ah|As/Qh:0|0:DeepStack|TCC_AI
STATE:647:r600r1200c/:Ah|As/Qh:0|0:TCC_AI|DeepStack
STATE:648:cc/cc:Kh|Qs/As:100|-100:DeepStack|TCC_AI
STATE:649:cc/cc:Ah|Kh/Qh:100|-100:TCC_AI|DeepStack
STATE:650:cc/cc:Kh|Qh/Ks:100|-100:DeepStack|TCC_AI
STATE:651:cc/cc:Ah|Qs/Kh:100|-100:TCC_AI|DeepStack
STATE:652:cc/cr200c:As|Ks/Qs:200|-200:DeepStack|TCC_AI
STATE:653:cc/r400c:Qs|Ks/As:-400|400:TCC_AI|DeepStack
STATE:654:cc/cc:Qh|Qs/Kh:0|0:DeepStack|TCC_AI
STATE:655:cc/r300r900r1200f:Ah|Qh/As:900|-900:TCC_AI|DeepStack
STATE:656:cr300r1200f:Ah|Ks:300|-300:DeepStack|TCC_AI
STATE:657:cr300f:Qs|Ks:-100|100:TCC_AI|DeepStack
STATE:658:cr300f:Qh|As:-100|100:DeepStack|TCC_AI
STATE:659:cc/cc:Qh|Qs/Ah:0|0:TCC_AI|DeepStack
STATE:660:cc/cc:Ks|Qs/Kh:100|-100:DeepStack|TCC_AI
STATE:661:cc/cc:As|Qh/Kh:100|-100:TCC_AI|DeepStack
STATE:662:cr200c/cr400f:Qh|Ks/Kh:-200|200:DeepStack|TCC_AI
STATE:663:cc/cc:Qh|Kh/Ah:-100|100:TCC_AI|DeepStack
STATE:664:cr300f:Ks|Ah:-100|100:DeepStack|TCC_AI
STATE:665:cc/cc:Ah|Qs/Ks:100|-100:TCC_AI|DeepStack
STATE:666:cr300f:Qs|As:-100|100:DeepStack|TCC_AI
STATE:667:cc/cc:Qh|Ks/Qs:100|-100:TCC_AI|DeepStack
STATE:668:r1200f:Ah|Qh:100|-100:DeepStack|TCC_AI
STATE:669:cr300c/cc:Kh|Ah/Qs:-300|300:TCC_AI|DeepStack
STATE:670:cc/cr200f:Qs|Ks/Ah:-100|100:DeepStack|TCC_AI
STATE:671:cr1200c/:As|Ah/Qs:0|0:TCC_AI|DeepStack
STATE:672:r1200f:As|Ks:100|-100:DeepStack|TCC_AI
STATE:673:cc/cc:Qs|As/Qh:100|-100:TCC_AI|DeepStack
STATE:674:cr300f:Ks|Qh:-100|100:DeepStack|TCC_AI
STATE:675:cc/cc:Qh|Kh/As:-100|100:TCC_AI|DeepStack
STATE:676:cr300r1200c/:Ah|As/Qh:0|0:DeepStack|TCC_AI
STATE:677:cc/cr300f:Qh|Kh/Ks:-100|100:TCC_AI|DeepStack
STATE:678:cc/cc:Qh|Qs/Ks:0|0:DeepStack|TCC_AI
STATE:679:cr1200f:Qh|As:-100|100:TCC_AI|DeepStack
STATE:680:cr300f:Ks|As:-100|100:DeepStack|TCC_AI
STATE:681:cc/cc:Ah|Ks/Qh:100|-100:TCC_AI|DeepStack
STATE:682:cr300r1200f:As|Qh:300|-300:DeepStack|TCC_AI
STATE:683:cc/cc:Qh|Kh/Qs:100|-100:TCC_AI|DeepStack
STATE:684:cr300f:Qh|As:-100|100:DeepStack|TCC_AI
STATE:685:cr300f:Qs|Ah:-100|100:TCC_AI|DeepStack
STATE:686:cc/r1200f:Qs|Kh/Ah:100|-100:DeepStack|TCC_AI
STATE:687:cr300f:Qs|Ks:-100|100:TCC_AI|DeepStack
STATE:688:cr300c/r1200f:Ks|Ah/Kh:300|-300:DeepStack|TCC_AI
STATE:689:cr1200c/:Ah|As/Kh:0|0:TCC_AI|DeepStack
STATE:690:cc/cc:Qh|Kh/Qs:100|-100:DeepStack|TCC_AI
STATE:691:cr300c/cr1200f:Ks|As/Qh:-300|300:TCC_AI|DeepStack
STATE:692:cr300r1200f:As|Kh:300|-300:DeepStack|TCC_AI
STATE:693:cr300f:Qs|As:-100|100:TCC_AI|DeepStack
STATE:694:cc/cc:Qh|Ah/Ks:-100|100:DeepStack|TCC_AI
STATE:695:cc/r400f:Ks|Qs/Ah:100|-100:TCC_AI|DeepStack
STATE:696:cr300f:Qs|Ah:-100|100:DeepStack|TCC_AI
STATE:697:cr300f:Qs|Qh:-100|100:TCC_AI|DeepStack
STATE:698:cr300f:Qs|Ah:-100|100:DeepStack|TCC_AI
STATE:699:r800f:As|Qh:100|-100:TCC_AI|DeepStack
STATE:700:cr300r1200f:Ah|Qs:300|-300:DeepStack|TCC_AI
STATE:701:cr300f:Kh|Ah:-100|100:TCC_AI|DeepStack
STATE:702:r1200f:As|Kh:100|-100:DeepStack|TCC_AI
STATE:703:cc/cr300f:As|Kh/Ks:-100|100:TCC_AI|DeepStack
STATE:704:cr300r1200c/:Ah|As/Qh:0|0:DeepStack|TCC_AI
STATE:705:cc/cc:Kh|Ah/Qh:-100|100:TCC_AI|DeepStack
STATE:706:cc/cc:Kh|Ks/Qh:0|0:DeepStack|TCC_AI
STATE:707:cc/cc:Qh|Qs/Ks:0|0:TCC_AI|DeepStack
STATE:708:cc/cr200f:Qs|Kh/Ks:-100|100:DeepStack|TCC_AI
STATE:709:cc/cc:Qh|Kh/As:-100|100:TCC_AI|DeepStack
STATE:710:cc/cc:Kh|Ks/Qh:0|0:DeepStack|TCC_AI
STATE:711:cc/cc:Qs|Qh/Kh:0|0:TCC_AI|DeepStack
STATE:712:r1200f:Ah|Kh:100|-100:DeepStack|TCC_AI
STATE:713:cc/cr300c:Ah|Qh/Qs:-300|300:TCC_AI|DeepStack
STATE:714:cc/cc:Kh|As/Ks:100|-100:DeepStack|TCC_AI
STATE:715:cc/cr300f:Qs|Ks/Kh:-100|100:TCC_AI|DeepStack
STATE:716:cc/cc:Qh|Kh/Qs:100|-100:DeepStack|TCC_AI
STATE:717:cc/cc:Ks|As/Qh:-100|100:TCC_AI|DeepStack
STATE:718:r1200f:As|Kh:100|-100:DeepStack|TCC_AI
STATE:719:cc/cr300f:As|Qh/Qs:-100|100:TCC_AI|DeepStack
STATE:720:cr300c/cr1000f:Qs|Ah/As:-300|300:DeepStack|TCC_AI
STATE:721:cc/cr300f:Qs|Kh/Ks:-100|100:TCC_AI|DeepStack
STATE:722:r1200f:As|Qh:100|-100:DeepStack|TCC_AI
STATE:723:cc/cc:Qh|Ks/Ah:-100|100:TCC_AI|DeepStack
STATE:724:cc/r300f:As|Qs/Ah:100|-100:DeepStack|TCC_AI
STATE:725:cc/cc:Ks|Qs/Ah:100|-100:TCC_AI|DeepStack
STATE:726:cc/cc:Ah|Qs/Kh:100|-100:DeepStack|TCC_AI
STATE:727:cc/cc:Qs|Qh/Ks:0|0:TCC_AI|DeepStack
STATE:728:r1200f:As|Ks:100|-100:DeepStack|TCC_AI
STATE:729:cr300r1200f:As|Kh:300|-300:TCC_AI|DeepStack
STATE:730:cc/cc:Kh|Ah/Ks:100|-100:DeepStack|TCC_AI
STATE:731:cr300r1100c/r1200c:As|Ah/Kh:0|0:TCC_AI|DeepStack
STATE:732:cr300f:Qh|Kh:-100|100:DeepStack|TCC_AI
STATE:733:cr300c/cc:Ks|Kh/As:0|0:TCC_AI|DeepStack
STATE:734:cc/cr300c:As|Ks/Kh:-300|300:DeepStack|TCC_AI
STATE:735:cc/cr300f:Kh|Qs/Qh:-100|100:TCC_AI|DeepStack
STATE:736:r1200c/:As|Ah/Kh:0|0:DeepStack|TCC_AI
STATE:737:cc/cc:Ah|Qh/Kh:100|-100:TCC_AI|DeepStack
STATE:738:cr300f:Qh|Kh:-100|100:DeepStack|TCC_AI
STATE:739:cc/cr300f:Qs|Qh/Kh:-100|100:TCC_AI|DeepStack
STATE:740:cc/r300f:Kh|Qh/Ah:100|-100:DeepStack|TCC_AI
STATE:741:cr300c/r1200c:Kh|Ah/Ks:1200|-1200:TCC_AI|DeepStack
STATE:742:cr300c/cc:Qh|As/Ks:-300|300:DeepStack|TCC_AI
STATE:743:r200c/cc:As|Qs/Ks:200|-200:TCC_AI|DeepStack
STATE:744:cr200r600f:As|Qs:200|-200:DeepStack|TCC_AI
STATE:745:cc/r400f:Ks|Qh/Ah:100|-100:TCC_AI|DeepStack
STATE:746:r300c/cc:Ks|Kh/Qh:0|0:DeepStack|TCC_AI
STATE:747:cc/cr300c:Ah|Qh/Qs:-300|300:TCC_AI|DeepStack
STATE:748:cr300f:Kh|As:-100|100:DeepStack|TCC_AI
STATE:749:cr300f:Qs|Ah:-100|100:TCC_AI|DeepStack
STATE:750:cc/cr200f:Ks|Qs/Qh:-100|100:DeepStack|TCC_AI
STATE:751:cc/cr300f:Ks|Qh/Qs:-100|100:TCC_AI|DeepStack
STATE:752:cc/r1200c:Ah|Ks/As:1200|-1200:DeepStack|TCC_AI
STATE:753:cc/cr300f:Ah|Qs/Kh:-100|100:TCC_AI|DeepStack
STATE:754:r300c/cr1200c:Ah|Qs/Qh:-1200|1200:DeepStack|TCC_AI
STATE:755:r800f:As|Kh:100|-100:TCC_AI|DeepStack
STATE:756:r1200f:As|Qs:100|-100:DeepStack|TCC_AI
STATE:757:cr300c/cc:Qh|Kh/Ah:-300|300:TCC_AI|DeepStack
STATE:758:cr500f:Qh|As:-100|100:DeepStack|TCC_AI
STATE:759:cc/cr1200f:Qh|As/Ah:-100|100:TCC_AI|DeepStack
STATE:760:cc/cr200c:As|Ks/Kh:-200|200:DeepStack|TCC_AI
STATE:761:cc/cr300f:As|Qh/Qs:-100|100:TCC_AI|DeepStack
STATE:762:cc/cr200r600f:Kh|Qs/Ks:200|-200:DeepStack|TCC_AI
STATE:763:cr300f:Qh|Qs:-100|100:TCC_AI|DeepStack
STATE:764:cc/cc:Qs|Qh/Ks:0|0:DeepStack|TCC_AI
STATE:765:cr300f:Kh|Ah:-100|100:TCC_AI|DeepStack
STATE:766:cc/cc:As|Qh/Ks:100|-100:DeepStack|TCC_AI
STATE:767:cc/cc:Qs|Qh/Kh:0|0:TCC_AI|DeepStack
STATE:768:cc/cc:Qh|Qs/Ah:0|0:DeepStack|TCC_AI
STATE:769:cr300f:Qh|As:-100|100:TCC_AI|DeepStack
STATE:770:cc/cr200f:Ah|Ks/Qs:-100|100:DeepStack|TCC_AI
STATE:771:cr1200f:Ks|Ah:-100|100:TCC_AI|DeepStack
STATE:772:cc/cc:Ah|As/Kh:0|0:DeepStack|TCC_AI
STATE:773:cr1200f:Qh|Ah:-100|100:TCC_AI|DeepStack
STATE:774:cc/cc:Kh|Ah/Qs:-100|100:DeepStack|TCC_AI
STATE:775:cr300r800f:Ah|Qh:300|-300:TCC_AI|DeepStack
STATE:776:cr200c/cc:Qh|As/Kh:-200|200:DeepStack|TCC_AI
STATE:777:cr300f:Qs|Kh:-100|100:TCC_AI|DeepStack
STATE:778:cc/r1200c:Ah|Kh/As:1200|-1200:DeepStack|TCC_AI
STATE:779:cc/r500f:Ah|Qs/As:100|-100:TCC_AI|DeepStack
STATE:780:cr300f:Kh|Ah:-100|100:DeepStack|TCC_AI
STATE:781:cc/cc:Ks|Qh/Kh:100|-100:TCC_AI|DeepStack
STATE:782:cr300r1200c/:As|Ah/Qh:0|0:DeepStack|TCC_AI
STATE:783:cr300f:Qs|Ah:-100|100:TCC_AI|DeepStack
STATE:784:r1200f:Ah|Qs:100|-100:DeepStack|TCC_AI
STATE:785:cr300c/r1200c:Qh|As/Ks:-1200|1200:TCC_AI|DeepStack
STATE:786:cc/cc:Kh|Ks/Ah:0|0:DeepStack|TCC_AI
STATE:787:cr300f:Qs|As:-100|100:TCC_AI|DeepStack
STATE:788:r1200f:As|Qs:100|-100:DeepStack|TCC_AI
STATE:789:cc/cc:Qh|Kh/Ah:-100|100:TCC_AI|DeepStack
STATE:790:r300c/cr1100f:Kh|Ks/Qh:-300|300:DeepStack|TCC_AI
STATE:791:r300r1200c/:As|Ah/Qs:0|0:TCC_AI|DeepStack
STATE:792:cr300r1200f:Ah|Qh:300|-300:DeepStack|TCC_AI
STATE:793:r800f:As|Qh:100|-100:TCC_AI|DeepStack
STATE:794:cr300f:Ks|Ah:-100|100:DeepStack|TCC_AI
STATE:795:cc/cc:Ks|Qs/Kh:100|-100:TCC_AI|DeepStack
STATE:796:cc/cr200c:As|Qh/Qs:-200|200:DeepStack|TCC_AI
STATE:797:cr300f:Ks|Qs:-100|100:TCC_AI|DeepStack
STATE:798:cc/r300f:As|Qh/Ah:100|-100:DeepStack|TCC_AI
STATE:799:cr300f:Ks|Ah:-100|100:TCC_AI|DeepStack
STATE:800:cc/cr800f:Qs|Kh/As:-100|100:DeepStack|TCC_AI
STATE:801:cc/cc:Qs|Qh/Ah:0|0:TCC_AI|DeepStack
STATE:802:cc/cr200r1200f:Kh|Qs/Ks:200|-200:DeepStack|TCC_AI
STATE:803:cc/r600f:As|Ks/Ah:100|-100:TCC_AI|DeepStack
STATE:804:cr300c/cr1200f:Qs|Ah/Ks:-300|300:DeepStack|TCC_AI
STATE:805:cc/cc:Qs|Ks/As:-100|100:TCC_AI|DeepStack
STATE:806:r1200f:Ah|Ks:100|-100:DeepStack|TCC_AI
STATE:807:cr300f:Qs|Qh:-100|100:TCC_AI|DeepStack
STATE:808:cr500c/r1200f:As|Ah/Ks:500|-500:DeepStack|TCC_AI
STATE:809:cr300r1200c/:Ah|As/Ks:0|0:TCC_AI|DeepStack
STATE:810:cc/cc:Qs|Qh/Ah:0|0:DeepStack|TCC_AI
STATE:811:cc/cc:Ks|Qh/Kh:100|-100:TCC_AI|DeepStack
STATE:812:cr300c/cr900c:Ks|Qs/As:900|-900:DeepStack|TCC_AI
STATE:813:cc/cr1200f:Qh|As/Ah:-100|100:TCC_AI|DeepStack
STATE:814:cc/cc:Ks|Kh/Qs:0|0:DeepStack|TCC_AI
STATE:815:cc/r400f:Ks|Qh/Ah:100|-100:TCC_AI|DeepStack
STATE:816:cr1200f:Qs|As:-100|100:DeepStack|TCC_AI
STATE:817:cr300r800c/r1000r1200c:As|Ah/Qs:0|0:TCC_AI|DeepStack
STATE:818:cr1100f:Qs|As:-100|100:DeepStack|TCC_AI
STATE:819:r800f:As|Ks:100|-100:TCC_AI|DeepStack
STATE:820:cr300f:Kh|As:-100|100:DeepStack|TCC_AI
STATE:821:cr300r800r1200c/:Ah|As/Qs:0|0:TCC_AI|DeepStack
STATE:822:cr300r1200f:As|Kh:300|-300:DeepStack|TCC_AI
STATE:823:cr300c/cc:Kh|Ah/Qs:-300|300:TCC_AI|DeepStack
STATE:824:cr300f:Ks|As:-100|100:DeepStack|TCC_AI
STATE:825:cc/cr300f:Ah|Kh/Ks:-100|100:TCC_AI|DeepStack
STATE:826:r300r800c/cr900c:Ks|Ah/As:-900|900:DeepStack|TCC_AI
STATE:827:cr300f:Qh|Ah:-100|100:TCC_AI|DeepStack
STATE:828:cc/cr200f:Ks|Kh/Qs:-100|100:DeepStack|TCC_AI
STATE:829:cc/r500f:Ks|Qs/Ah:100|-100:TCC_AI|DeepStack
STATE:830:cc/r300f:Kh|Qs/As:100|-100:DeepStack|TCC_AI
STATE:831:r600f:Ah|Qh:100|-100:TCC_AI|DeepStack
STATE:832:cr300f:Kh|Ah:-100|100:DeepStack|TCC_AI
STATE:833:cc/cr300f:Kh|Qs/Qh:-100|100:TCC_AI|DeepStack
STATE:834:cc/cr300f:As|Ks/Kh:-100|100:DeepStack|TCC_AI
STATE:835:cr300f:Qh|As:-100|100:TCC_AI|DeepStack
STATE:836:r1200c/:Ah|As/Qh:0|0:DeepStack|TCC_AI
STATE:837:r800r1200c/:Ah|As/Qh:0|0:TCC_AI|DeepStack
STATE:838:cc/cr200f:As|Kh/Ks:-100|100:DeepStack|TCC_AI
STATE:839:cc/r500r1200f:Ks|As/Ah:-500|500:TCC_AI|DeepStack
STATE:840:cc/cr200c:As|Ks/Kh:-200|200:DeepStack|TCC_AI
STATE:841:cc/cr300f:Qs|Kh/Ks:-100|100:TCC_AI|DeepStack
STATE:842:cc/cr200f:As|Qh/Ks:-100|100:DeepStack|TCC_AI
STATE:843:cr300r800c/r900c:As|Kh/Ah:900|-900:TCC_AI|DeepStack
STATE:844:r1200f:As|Kh:100|-100:DeepStack|TCC_AI
STATE:845:cc/cr300r900f:Qs|Ks/Qh:300|-300:TCC_AI|DeepStack
STATE:846:cr500f:Qs|Qh:-100|100:DeepStack|TCC_AI
STATE:847:cc/cc:Qs|Ks/As:-100|100:TCC_AI|DeepStack
STATE:848:r1200c/:As|Ah/Kh:0|0:DeepStack|TCC_AI
STATE:849:cc/cc:Qh|Qs/Ah:0|0:TCC_AI|DeepStack
STATE:850:cr300c/cr1100f:Qs|Ah/As:-300|300:DeepStack|TCC_AI
STATE:851:cr300c/cc:Kh|Ah/Qs:-300|300:TCC_AI|DeepStack
STATE:852:cr300f:Kh|Ah:-100|100:DeepStack|TCC_AI
STATE:853:cr300f:Qs|Ah:-100|100:TCC_AI|DeepStack
STATE:854:cr300f:Qh|Ah:-100|100:DeepStack|TCC_AI
STATE:855:cr300c/r1100f:Qs|As/Kh:300|-300:TCC_AI|DeepStack
STATE:856:cr300f:Qs|Kh:-100|100:DeepStack|TCC_AI
STATE:857:cr300c/r1200c:Qh|Ks/Kh:-1200|1200:TCC_AI|DeepStack
STATE:858:r1200f:Ah|Qh:100|-100:DeepStack|TCC_AI
STATE:859:cc/cc:Ah|Qh/Kh:100|-100:TCC_AI|DeepStack
STATE:860:r1200f:Ah|Ks:100|-100:DeepStack|TCC_AI
STATE:861:cr300f:Kh|Ah:-100|100:TCC_AI|DeepStack
STATE:862:r1200f:Ah|Qh:100|-100:DeepStack|TCC_AI
STATE:863:cr300f:Qh|Ah:-100|100:TCC_AI|DeepStack
STATE:864:r1200f:Ah|Qs:100|-100:DeepStack|TCC_AI
STATE:865:r600f:Ah|Qh:100|-100:TCC_AI|DeepStack
STATE:866:cc/cc:Qh|Ks/Qs:100|-100:DeepStack|TCC_AI
STATE:867:cr300c/cr900f:Qs|Ah/As:-300|300:TCC_AI|DeepStack
STATE:868:cr500f:Qh|Ah:-100|100:DeepStack|TCC_AI
STATE:869:cc/cc:Ks|Kh/As:0|0:TCC_AI|DeepStack
STATE:870:cr300f:Qh|As:-100|100:DeepStack|TCC_AI
STATE:871:cc/cc:As|Kh/Qs:100|-100:TCC_AI|DeepStack
STATE:872:cr300c/cc:Qs|Ah/Ks:-300|300:DeepStack|TCC_AI
STATE:873:cc/r400f:Ks|Qs/As:100|-100:TCC_AI|DeepStack
STATE:874:cc/cr200f:Qs|Kh/Ks:-100|100:DeepStack|TCC_AI
STATE:875:cr1200f:Ks|Ah:-100|100:TCC_AI|DeepStack
STATE:876:cc/cc:Ks|Kh/Qs:0|0:DeepStack|TCC_AI
STATE:877:cc/cr300f:As|Qh/Qs:-100|100:TCC_AI|DeepStack
STATE:878:cc/cr800f:Qh|Ks/As:-100|100:DeepStack|TCC_AI
STATE:879:cc/cr300r700f:Ks|Qh/Kh:300|-300:TCC_AI|DeepStack
STATE:880:r1200f:Ah|Ks:100|-100:DeepStack|TCC_AI
STATE:881:cr300r800c/r900r1200c:Ah|Ks/Kh:-1200|1200:TCC_AI|DeepStack
STATE:882:cc/cr200f:Ks|Qs/Qh:-100|100:DeepStack|TCC_AI
STATE:883:cc/r500f:Ah|Kh/As:100|-100:TCC_AI|DeepStack
STATE:884:r1200f:Ah|Qh:100|-100:DeepStack|TCC_AI
STATE:885:cc/cc:Ks|Qh/As:100|-100:TCC_AI|DeepStack
STATE:886:cc/cc:Qs|Qh/Ks:0|0:DeepStack|TCC_AI
STATE:887:cc/cc:Ah|Ks/Qh:100|-100:TCC_AI|DeepStack
STATE:888:cc/r300f:Ks|Qs/Ah:100|-100:DeepStack|TCC_AI
STATE:889:cc/cr300c:Ah|Qs/Kh:300|-300:TCC_AI|DeepStack
STATE:890:cc/cc:Qs|Ks/Ah:-100|100:DeepStack|TCC_AI
STATE:891:cc/cc:Kh|Qh/Ks:100|-100:TCC_AI|DeepStack
STATE:892:cc/cr600f:Qh|Qs/As:-100|100:DeepStack|TCC_AI
STATE:893:cc/cc:Ah|Qh/Ks:100|-100:TCC_AI|DeepStack
STATE:894:cr300f:Kh|Ah:-100|100:DeepStack|TCC_AI
STATE:895:r800f:Ah|Kh:100|-100:TCC_AI|DeepStack
STATE:896:cc/cr200f:Kh|Qh/Qs:-100|100:DeepStack|TCC_AI
STATE:897:cc/cc:Qh|Ah/Qs:100|-100:TCC_AI|DeepStack
STATE:898:cc/cr300f:Ks|Qh/Qs:-100|100:DeepStack|TCC_AI
STATE:899:cr300f:Qs|As:-100|100:TCC_AI|DeepStack
STATE:900:cr300f:Qs|As:-100|100:DeepStack|TCC_AI
STATE:901:cr300r1200f:As|Qs:300|-300:TCC_AI|DeepStack
STATE:902:cc/cc:Ah|Ks/Qs:100|-100:DeepStack|TCC_AI
STATE:903:r800f:Ah|Qh:100|-100:TCC_AI|DeepStack
STATE:904:cr300c/r1200c:Ks|Ah/Qh:-1200|1200:DeepStack|TCC_AI
STATE:905:cc/r300f:Kh|Qs/As:100|-100:TCC_AI|DeepStack
STATE:906:cc/cc:Qh|Kh/As:-100|100:DeepStack|TCC_AI
STATE:907:cr300f:Qs|Ks:-100|100:TCC_AI|DeepStack
STATE:908:cr300f:Ks|Qs:-100|100:DeepStack|TCC_AI
STATE:909:cr300f:Ks|Kh:-100|100:TCC_AI|DeepStack
STATE:910:cc/cr200f:Kh|Qs/Qh:-100|100:DeepStack|TCC_AI
STATE:911:r600f:Ah|Kh:100|-100:TCC_AI|DeepStack
STATE:912:cc/cc:As|Qh/Ks:100|-100:DeepStack|TCC_AI
STATE:913:cr300c/cc:Qh|Ah/Ks:-300|300:TCC_AI|DeepStack
STATE:914:cc/cc:As|Qh/Ks:100|-100:DeepStack|TCC_AI
STATE:915:cc/r400f:Kh|Qh/As:100|-100:TCC_AI|DeepStack
STATE:916:cc/r300c:As|Kh/Ah:300|-300:DeepStack|TCC_AI
STATE:917:r500c/r800f:As|Qs/Ah:500|-500:TCC_AI|DeepStack
STATE:918:cc/r300f:Ks|Qs/Ah:100|-100:DeepStack|TCC_AI
STATE:919:cr300c/cc:Ks|Kh/Ah:0|0:TCC_AI|DeepStack
STATE:920:cc/cc:Kh|Ks/Qs:0|0:DeepStack|TCC_AI
STATE:921:cr1200f:Ks|As:-100|100:TCC_AI|DeepStack
STATE:922:cr600f:Qs|Ah:-100|100:DeepStack|TCC_AI
STATE:923:cr300f:Ks|As:-100|100:TCC_AI|DeepStack
STATE:924:cr300f:Ks|As:-100|100:DeepStack|TCC_AI
STATE:925:cr300f:Qs|Qh:-100|100:TCC_AI|DeepStack
STATE:926:cr300c/cr800c:Ks|Kh/As:0|0:DeepStack|TCC_AI
STATE:927:cc/cc:Qs|Kh/As:-100|100:TCC_AI|DeepStack
STATE:928:cc/cc:Qh|Qs/Kh:0|0:DeepStack|TCC_AI
STATE:929:r800f:Ah|Qh:100|-100:TCC_AI|DeepStack
STATE:930:cc/cc:Ks|Qs/Ah:100|-100:DeepStack|TCC_AI
STATE:931:cr300r1200f:As|Kh:300|-300:TCC_AI|DeepStack
STATE:932:cr500r1200c/:Ah|As/Kh:0|0:DeepStack|TCC_AI
STATE:933:cc/cc:Kh|Ah/Ks:100|-100:TCC_AI|DeepStack
STATE:934:cc/cr1100f:Qs|As/Ah:-100|100:DeepStack|TCC_AI
STATE:935:cc/cc:Qs|Ks/As:-100|100:TCC_AI|DeepStack
STATE:936:cr300r1200c/:Ah|As/Kh:0|0:DeepStack|TCC_AI
STATE:937:cc/cr300f:Qh|Ks/Kh:-100|100:TCC_AI|DeepStack
STATE:938:cc/cr300f:Qs|Kh/Ks:-100|100:DeepStack|TCC_AI
STATE:939:cc/cr300f:Ks|Qh/Qs:-100|100:TCC_AI|DeepStack
STATE:940:cc/r300f:Kh|Ks/Ah:100|-100:DeepStack|TCC_AI
STATE:941:cc/cc:Qs|Ks/Qh:100|-100:TCC_AI|DeepStack
STATE:942:cr300c/cr1100c:Ks|As/Ah:-1100|1100:DeepStack|TCC_AI
STATE:943:r800f:As|Qs:100|-100:TCC_AI|DeepStack
STATE:944:cr300f:Qs|As:-100|100:DeepStack|TCC_AI
STATE:945:cr300c/cc:Qs|Ks/Ah:-300|300:TCC_AI|DeepStack
STATE:946:cr200c/r600f:Ks|Kh/Qs:200|-200:DeepStack|TCC_AI
STATE:947:cr300f:Ks|Ah:-100|100:TCC_AI|DeepStack
STATE:948:cr300f:Qs|Ah:-100|100:DeepStack|TCC_AI
STATE:949:cc/cr300f:Ks|Qs/Qh:-100|100:TCC_AI|DeepStack
STATE:950:cc/cc:Kh|As/Ks:100|-100:DeepStack|TCC_AI
STATE:951:cr300f:Qh|Ks:-100|100:TCC_AI|DeepStack
STATE:952:cc/cr300c:As|Qs/Kh:300|-300:DeepStack|TCC_AI
STATE:953:cr300f:Ks|Ah:-100|100:TCC_AI|DeepStack
STATE:954:cr300f:Qh|Ks:-100|100:DeepStack|TCC_AI
STATE:955:cr300c/cc:Kh|Ks/As:0|0:TCC_AI|DeepStack
STATE:956:cc/r300f:Kh|Qh/Ah:100|-100:DeepStack|TCC_AI
STATE:957:cr300f:Qs|Ah:-100|100:TCC_AI|DeepStack
STATE:958:cc/cc:Qh|Kh/As:-100|100:DeepStack|TCC_AI
STATE:959:r300f:Ah|Qh:100|-100:TCC_AI|DeepStack
STATE:960:cr300f:Ks|Qs:-100|100:DeepStack|TCC_AI
STATE:961:r800f:As|Qh:100|-100:TCC_AI|DeepStack
STATE:962:cc/cc:Qh|Ah/Qs:100|-100:DeepStack|TCC_AI
STATE:963:cr300r1000c/r1200c:As|Ah/Qh:0|0:TCC_AI|DeepStack
STATE:964:cc/r300c:Ks|Kh/Ah:0|0:DeepStack|TCC_AI
STATE:965:cr300f:Qh|As:-100|100:TCC_AI|DeepStack
STATE:966:cr200r600c/cr1200f:Qh|Ah/Kh:-600|600:DeepStack|TCC_AI
STATE:967:r600f:Ah|Ks:100|-100:TCC_AI|DeepStack
STATE:968:cc/r300f:Ks|Kh/Ah:100|-100:DeepStack|TCC_AI
STATE:969:cc/cc:Qs|Qh/As:0|0:TCC_AI|DeepStack
STATE:970:r1200c/:As|Ah/Qs:0|0:DeepStack|TCC_AI
STATE:971:cc/cc:As|Ah/Ks:0|0:TCC_AI|DeepStack
STATE:972:cr300f:Ks|Qs:-100|100:DeepStack|TCC_AI
STATE:973:r300f:Kh|Qs:100|-100:TCC_AI|DeepStack
STATE:974:cr300f:Qh|As:-100|100:DeepStack|TCC_AI
STATE:975:cr300f:Kh|Ah:-100|100:TCC_AI|DeepStack
STATE:976:cr300f:Ks|As:-100|100:DeepStack|TCC_AI
STATE:977:cr300f:Qs|Ks:-100|100:TCC_AI|DeepStack
STATE:978:cr300r1200c/:As|Ah/Qh:0|0:DeepStack|TCC_AI
STATE:979:cr300f:Qh|As:-100|100:TCC_AI|DeepStack
STATE:980:cc/cc:Qh|Kh/Qs:100|-100:DeepStack|TCC_AI
STATE:981:cr300f:Qh|As:-100|100:TCC_AI|DeepStack
STATE:982:cc/cc:As|Qh/Kh:100|-100:DeepStack|TCC_AI
STATE:983:cr300f:Qs|Ah:-100|100:TCC_AI|DeepStack
STATE:984:cc/cr200r1200f:Qs|Ks/Qh:200|-200:DeepStack|TCC_AI
STATE:985:cr300c/cc:Qs|Kh/Ah:-300|300:TCC_AI|DeepStack
STATE:986:r1200f:Ah|Qs:100|-100:DeepStack|TCC_AI
STATE:987:cc/cr300f:As|Qs/Qh:-100|100:TCC_AI|DeepStack
STATE:988:cc/cr200c:Ah|Ks/Kh:-200|200:DeepStack|TCC_AI
STATE:989:cc/cc:Kh|As/Qh:-100|100:TCC_AI|DeepStack
STATE:990:cr300c/r1200f:Qs|As/Ks:300|-300:DeepStack|TCC_AI
STATE:991:cc/cc:Kh|Ks/Qh:0|0:TCC_AI|DeepStack
STATE:992:cc/cc:Ks|Kh/Qs:0|0:DeepStack|TCC_AI
STATE:993:cc/cr300f:Ah|Kh/Qh:-100|100:TCC_AI|DeepStack
STATE:994:r1200f:As|Qh:100|-100:DeepStack|TCC_AI
STATE:995:cc/cr300f:Qs|Ks/Kh:-100|100:TCC_AI|DeepStack
STATE:996:cc/cr200f:Kh|Ks/Qs:-100|100:DeepStack|TCC_AI
STATE:997:r800f:As|Qh:100|-100:TCC_AI|DeepStack
STATE:998:r1200c/:Ah|As/Qs:0|0:DeepStack|TCC_AI
STATE:999:cr300r800f:As|Kh:300|-300:TCC_AI|DeepStack
SCORE:16900|-16900:DeepStack|TCC_AI
