# name/game/hands/seed c10_dp_dp_1k leduc.game 1000 100
#--t_response 600000
#--t_hand 600000
#--t_per_hand 7000
STATE:0:cr300f:Ks|Ah:-100|100:DeepStack_20000|DeepStack_20001
STATE:1:cr300r1200f:As|Qh:300|-300:DeepStack_20001|DeepStack_20000
STATE:2:cc/cc:Qh|Qs/Ah:0|0:DeepStack_20000|DeepStack_20001
STATE:3:cc/cr300c:Ah|Ks/Kh:-300|300:DeepStack_20001|DeepStack_20000
STATE:4:cc/r300f:Ah|Qs/As:100|-100:DeepStack_20000|DeepStack_20001
STATE:5:cc/cr300f:Ks|Kh/Qh:-100|100:DeepStack_20001|DeepStack_20000
STATE:6:cc/cc:Qh|Qs/As:0|0:DeepStack_20000|DeepStack_20001
STATE:7:cc/r300c:As|Ks/Ah:300|-300:DeepStack_20001|DeepStack_20000
STATE:8:cc/r300f:Ks|Kh/As:100|-100:DeepStack_20000|DeepStack_20001
STATE:9:cr300f:Qs|As:-100|100:DeepStack_20001|DeepStack_20000
STATE:10:cc/cr300r1200f:Kh|Qh/Ks:300|-300:DeepStack_20000|DeepStack_20001
STATE:11:cc/cc:As|Qh/Kh:100|-100:DeepStack_20001|DeepStack_20000
STATE:12:cc/cc:Qs|Ks/Qh:100|-100:DeepStack_20000|DeepStack_20001
STATE:13:r1200f:Ah|Qh:100|-100:DeepStack_20001|DeepStack_20000
STATE:14:cc/cr300f:Qs|Ks/Kh:-100|100:DeepStack_20000|DeepStack_20001
STATE:15:cc/cr300f:Qs|Qh/Kh:-100|100:DeepStack_20001|DeepStack_20000
STATE:16:cr300c/r1200f:Qh|Ks/Qs:300|-300:DeepStack_20000|DeepStack_20001
STATE:17:cr300f:Qs|Ah:-100|100:DeepStack_20001|DeepStack_20000
STATE:18:r1200c/:As|Ah/Ks:0|0:DeepStack_20000|DeepStack_20001
STATE:19:cc/cc:Qs|Kh/As:-100|100:DeepStack_20001|DeepStack_20000
STATE:20:cc/cc:Qs|Qh/Ks:0|0:DeepStack_20000|DeepStack_20001
STATE:21:cc/r300f:Ks|Qs/Ah:100|-100:DeepStack_20001|DeepStack_20000
STATE:22:cc/cr300f:Qh|Qs/Ks:-100|100:DeepStack_20000|DeepStack_20001
STATE:23:cr300f:Qs|Qh:-100|100:DeepStack_20001|DeepStack_20000
STATE:24:cr300f:Qh|As:-100|100:DeepStack_20000|DeepStack_20001
STATE:25:cr300f:Ks|Ah:-100|100:DeepStack_20001|DeepStack_20000
STATE:26:cc/cr300f:As|Qs/Kh:-100|100:DeepStack_20000|DeepStack_20001
STATE:27:r300r1200c/:Ah|As/Kh:0|0:DeepStack_20001|DeepStack_20000
STATE:28:cc/cc:Qs|Qh/Ah:0|0:DeepStack_20000|DeepStack_20001
STATE:29:cr300f:Qh|Ah:-100|100:DeepStack_20001|DeepStack_20000
STATE:30:cc/r300f:As|Qh/Ah:100|-100:DeepStack_20000|DeepStack_20001
STATE:31:cc/cr300f:Qh|Kh/Ks:-100|100:DeepStack_20001|DeepStack_20000
STATE:32:cr300f:Ks|As:-100|100:DeepStack_20000|DeepStack_20001
STATE:33:cr300r1200f:Ah|Qh:300|-300:DeepStack_20001|DeepStack_20000
STATE:34:cc/cc:Qs|Ks/As:-100|100:DeepStack_20000|DeepStack_20001
STATE:35:cr300f:Qh|Ks:-100|100:DeepStack_20001|DeepStack_20000
STATE:36:cc/cc:Kh|As/Qh:-100|100:DeepStack_20000|DeepStack_20001
STATE:37:cr300f:Qh|Kh:-100|100:DeepStack_20001|DeepStack_20000
STATE:38:cc/cc:Qs|Ks/Ah:-100|100:DeepStack_20000|DeepStack_20001
STATE:39:cc/r300c:Ks|Kh/Ah:0|0:DeepStack_20001|DeepStack_20000
STATE:40:r1200f:Ah|Ks:100|-100:DeepStack_20000|DeepStack_20001
STATE:41:cc/cc:Ks|Ah/Qs:-100|100:DeepStack_20001|DeepStack_20000
STATE:42:cr300f:Qh|Ah:-100|100:DeepStack_20000|DeepStack_20001
STATE:43:cc/cc:Qh|Ks/Ah:-100|100:DeepStack_20001|DeepStack_20000
STATE:44:cr1200f:Qh|Ah:-100|100:DeepStack_20000|DeepStack_20001
STATE:45:cc/cc:Ah|Qh/Kh:100|-100:DeepStack_20001|DeepStack_20000
STATE:46:cc/r1200f:Ah|Qh/As:100|-100:DeepStack_20000|DeepStack_20001
STATE:47:cc/cc:Qh|Qs/Ks:0|0:DeepStack_20001|DeepStack_20000
STATE:48:cr300c/r1200f:Kh|Qh/Ks:300|-300:DeepStack_20000|DeepStack_20001
STATE:49:cc/cc:Qh|Qs/Kh:0|0:DeepStack_20001|DeepStack_20000
STATE:50:cr1200c/:Ah|As/Kh:0|0:DeepStack_20000|DeepStack_20001
STATE:51:cc/cr300f:Ks|Qs/Qh:-100|100:DeepStack_20001|DeepStack_20000
STATE:52:cr1200f:Qh|As:-100|100:DeepStack_20000|DeepStack_20001
STATE:53:cr1200f:Ks|Ah:-100|100:DeepStack_20001|DeepStack_20000
STATE:54:cc/cc:Kh|Ah/Qs:-100|100:DeepStack_20000|DeepStack_20001
STATE:55:cc/cc:Ks|Ah/Kh:100|-100:DeepStack_20001|DeepStack_20000
STATE:56:cc/cr300f:Qs|Ks/Kh:-100|100:DeepStack_20000|DeepStack_20001
STATE:57:cr300c/cr1200f:Kh|Qh/Qs:-300|300:DeepStack_20001|DeepStack_20000
STATE:58:r1200c/:Ah|As/Ks:0|0:DeepStack_20000|DeepStack_20001
STATE:59:cr300c/cr900f:Ks|As/Qh:-300|300:DeepStack_20001|DeepStack_20000
STATE:60:r1200f:As|Ks:100|-100:DeepStack_20000|DeepStack_20001
STATE:61:cr300c/cr1200f:Qh|As/Ks:-300|300:DeepStack_20001|DeepStack_20000
STATE:62:cc/cc:Kh|Qs/Ah:100|-100:DeepStack_20000|DeepStack_20001
STATE:63:cr300f:Ks|As:-100|100:DeepStack_20001|DeepStack_20000
STATE:64:cc/cc:Qs|Ks/Qh:100|-100:DeepStack_20000|DeepStack_20001
STATE:65:cr300c/r1200c:Qh|Kh/Ks:-1200|1200:DeepStack_20001|DeepStack_20000
STATE:66:cc/cr300c:As|Kh/Ks:-300|300:DeepStack_20000|DeepStack_20001
STATE:67:cr300f:Qh|Ah:-100|100:DeepStack_20001|DeepStack_20000
STATE:68:cc/cr300r1200f:Ks|Qh/Kh:300|-300:DeepStack_20000|DeepStack_20001
STATE:69:cr300f:Kh|Ks:-100|100:DeepStack_20001|DeepStack_20000
STATE:70:cc/r300c:As|Ks/Ah:300|-300:DeepStack_20000|DeepStack_20001
STATE:71:cr300r1200f:Ah|Qh:300|-300:DeepStack_20001|DeepStack_20000
STATE:72:cr300f:Kh|Qh:-100|100:DeepStack_20000|DeepStack_20001
STATE:73:r1200c/:As|Ah/Qh:0|0:DeepStack_20001|DeepStack_20000
STATE:74:r1200f:Ah|Qs:100|-100:DeepStack_20000|DeepStack_20001
STATE:75:cc/cc:Qh|Kh/Ah:-100|100:DeepStack_20001|DeepStack_20000
STATE:76:r1200f:As|Qs:100|-100:DeepStack_20000|DeepStack_20001
STATE:77:cc/r300f:Kh|Qh/Ah:100|-100:DeepStack_20001|DeepStack_20000
STATE:78:cc/cc:As|Qh/Kh:100|-100:DeepStack_20000|DeepStack_20001
STATE:79:r1200c/:Ah|As/Kh:0|0:DeepStack_20001|DeepStack_20000
STATE:80:cr300c/r1200f:Ks|As/Kh:300|-300:DeepStack_20000|DeepStack_20001
STATE:81:cc/cr300f:Ks|Qs/Qh:-100|100:DeepStack_20001|DeepStack_20000
STATE:82:cc/r300f:As|Qs/Ah:100|-100:DeepStack_20000|DeepStack_20001
STATE:83:cr300f:Kh|Ks:-100|100:DeepStack_20001|DeepStack_20000
STATE:84:cc/cc:Qs|As/Kh:-100|100:DeepStack_20000|DeepStack_20001
STATE:85:r1200c/:Ah|As/Qh:0|0:DeepStack_20001|DeepStack_20000
STATE:86:r1200f:Ah|Qh:100|-100:DeepStack_20000|DeepStack_20001
STATE:87:cr300f:Qh|Ah:-100|100:DeepStack_20001|DeepStack_20000
STATE:88:cc/cr300c:Ah|Ks/Kh:-300|300:DeepStack_20000|DeepStack_20001
STATE:89:cc/cr300f:Qs|Qh/Ks:-100|100:DeepStack_20001|DeepStack_20000
STATE:90:cr300f:Qh|Kh:-100|100:DeepStack_20000|DeepStack_20001
STATE:91:cr1200f:Kh|Ah:-100|100:DeepStack_20001|DeepStack_20000
STATE:92:r300c/cc:Ah|Ks/Qh:300|-300:DeepStack_20000|DeepStack_20001
STATE:93:r300c/cr1200c:As|Qs/Ks:1200|-1200:DeepStack_20001|DeepStack_20000
STATE:94:cc/cc:Qh|Qs/Ks:0|0:DeepStack_20000|DeepStack_20001
STATE:95:cc/r300f:Ks|Qs/Ah:100|-100:DeepStack_20001|DeepStack_20000
STATE:96:r1200c/:As|Ah/Ks:0|0:DeepStack_20000|DeepStack_20001
STATE:97:cc/cc:As|Ks/Qh:100|-100:DeepStack_20001|DeepStack_20000
STATE:98:cr300c/r1200c:Kh|Ah/Qs:-1200|1200:DeepStack_20000|DeepStack_20001
STATE:99:cr300f:Qh|Kh:-100|100:DeepStack_20001|DeepStack_20000
STATE:100:r1200f:As|Qs:100|-100:DeepStack_20000|DeepStack_20001
STATE:101:cc/cc:Qs|Kh/Qh:100|-100:DeepStack_20001|DeepStack_20000
STATE:102:cr300c/r1200c:Qs|Ks/Kh:-1200|1200:DeepStack_20000|DeepStack_20001
STATE:103:cr300r1200f:As|Qs:300|-300:DeepStack_20001|DeepStack_20000
STATE:104:cr300c/cc:Qh|Ah/Ks:-300|300:DeepStack_20000|DeepStack_20001
STATE:105:cc/cr300f:Qs|Kh/Ks:-100|100:DeepStack_20001|DeepStack_20000
STATE:106:cr300f:Ks|As:-100|100:DeepStack_20000|DeepStack_20001
STATE:107:cr300f:Ks|Kh:-100|100:DeepStack_20001|DeepStack_20000
STATE:108:cc/cr300f:Ks|Qh/Qs:-100|100:DeepStack_20000|DeepStack_20001
STATE:109:cc/cr300f:Kh|Qs/Qh:-100|100:DeepStack_20001|DeepStack_20000
STATE:110:cr300f:Kh|Ah:-100|100:DeepStack_20000|DeepStack_20001
STATE:111:r300c/cr1200c:As|Kh/Qs:1200|-1200:DeepStack_20001|DeepStack_20000
STATE:112:cc/r300f:As|Qs/Ah:100|-100:DeepStack_20000|DeepStack_20001
STATE:113:cr300r1200c/:Ah|As/Ks:0|0:DeepStack_20001|DeepStack_20000
STATE:114:cc/r300f:As|Ks/Ah:100|-100:DeepStack_20000|DeepStack_20001
STATE:115:cr300f:Ks|Ah:-100|100:DeepStack_20001|DeepStack_20000
STATE:116:cc/cc:Kh|Ks/As:0|0:DeepStack_20000|DeepStack_20001
STATE:117:cc/cc:Qh|Kh/As:-100|100:DeepStack_20001|DeepStack_20000
STATE:118:cr1200f:Qh|As:-100|100:DeepStack_20000|DeepStack_20001
STATE:119:r1200f:Ah|Kh:100|-100:DeepStack_20001|DeepStack_20000
STATE:120:cr300c/cr900f:Kh|Ks/Qh:-300|300:DeepStack_20000|DeepStack_20001
STATE:121:cr300r1200c/:As|Ah/Ks:0|0:DeepStack_20001|DeepStack_20000
STATE:122:cc/cr300f:Kh|Qh/Qs:-100|100:DeepStack_20000|DeepStack_20001
STATE:123:cc/r300c:As|Ks/Ah:300|-300:DeepStack_20001|DeepStack_20000
STATE:124:cc/cc:Ah|Kh/Qs:100|-100:DeepStack_20000|DeepStack_20001
STATE:125:cr300f:Ks|Qh:-100|100:DeepStack_20001|DeepStack_20000
STATE:126:cc/cc:Ah|Qh/Ks:100|-100:DeepStack_20000|DeepStack_20001
STATE:127:cc/cr300c:As|Qs/Qh:-300|300:DeepStack_20001|DeepStack_20000
STATE:128:cc/cc:Qs|Qh/Ah:0|0:DeepStack_20000|DeepStack_20001
STATE:129:cr300f:Qs|Qh:-100|100:DeepStack_20001|DeepStack_20000
STATE:130:r1200c/:As|Ah/Qs:0|0:DeepStack_20000|DeepStack_20001
STATE:131:cc/r1200f:Qh|Kh/As:100|-100:DeepStack_20001|DeepStack_20000
STATE:132:cr300c/cc:Kh|As/Qs:-300|300:DeepStack_20000|DeepStack_20001
STATE:133:cr300c/cr1200f:Qs|Ks/As:-300|300:DeepStack_20001|DeepStack_20000
STATE:134:r1200f:Ah|Ks:100|-100:DeepStack_20000|DeepStack_20001
STATE:135:cr1200f:Qh|As:-100|100:DeepStack_20001|DeepStack_20000
STATE:136:cc/cc:Kh|Qs/As:100|-100:DeepStack_20000|DeepStack_20001
STATE:137:cr300c/cr900f:Qs|Ah/As:-300|300:DeepStack_20001|DeepStack_20000
STATE:138:cr300f:Qh|Qs:-100|100:DeepStack_20000|DeepStack_20001
STATE:139:cc/cr300f:Qs|Ks/Kh:-100|100:DeepStack_20001|DeepStack_20000
STATE:140:cr300f:Ks|As:-100|100:DeepStack_20000|DeepStack_20001
STATE:141:cc/cr1200f:Qs|Ah/As:-100|100:DeepStack_20001|DeepStack_20000
STATE:142:r1200f:Ah|Qs:100|-100:DeepStack_20000|DeepStack_20001
STATE:143:cr300r1200c/:As|Ah/Qs:0|0:DeepStack_20001|DeepStack_20000
STATE:144:cc/cc:As|Ks/Qh:100|-100:DeepStack_20000|DeepStack_20001
STATE:145:r1200f:Ah|Qh:100|-100:DeepStack_20001|DeepStack_20000
STATE:146:cc/r300c:As|Kh/Ah:300|-300:DeepStack_20000|DeepStack_20001
STATE:147:cc/cc:Qh|Ks/As:-100|100:DeepStack_20001|DeepStack_20000
STATE:148:cc/cc:Qs|Kh/As:-100|100:DeepStack_20000|DeepStack_20001
STATE:149:cc/r300r900f:Ks|Ah/As:-300|300:DeepStack_20001|DeepStack_20000
STATE:150:cr300f:Qs|Ks:-100|100:DeepStack_20000|DeepStack_20001
STATE:151:cc/r300f:Kh|Qs/As:100|-100:DeepStack_20001|DeepStack_20000
STATE:152:cc/cr300f:Qs|Qh/Ks:-100|100:DeepStack_20000|DeepStack_20001
STATE:153:cc/cr300f:As|Qs/Qh:-100|100:DeepStack_20001|DeepStack_20000
STATE:154:cc/r300f:Ks|Qh/As:100|-100:DeepStack_20000|DeepStack_20001
STATE:155:cc/cr1200f:Qh|Qs/As:-100|100:DeepStack_20001|DeepStack_20000
STATE:156:cc/cr1200f:Kh|Ah/As:-100|100:DeepStack_20000|DeepStack_20001
STATE:157:cc/cc:Ks|Qs/As:100|-100:DeepStack_20001|DeepStack_20000
STATE:158:cc/cc:Kh|Ks/Qs:0|0:DeepStack_20000|DeepStack_20001
STATE:159:cc/cr300f:Qs|Kh/Ks:-100|100:DeepStack_20001|DeepStack_20000
STATE:160:cc/cc:Qs|Ah/Qh:100|-100:DeepStack_20000|DeepStack_20001
STATE:161:cr1200f:Qs|Ah:-100|100:DeepStack_20001|DeepStack_20000
STATE:162:cr300f:Ks|Ah:-100|100:DeepStack_20000|DeepStack_20001
STATE:163:cr300f:Qh|Ks:-100|100:DeepStack_20001|DeepStack_20000
STATE:164:cc/cr300f:Ah|Kh/Qs:-100|100:DeepStack_20000|DeepStack_20001
STATE:165:cc/cr300f:Qs|Kh/Ks:-100|100:DeepStack_20001|DeepStack_20000
STATE:166:cr1200c/:Ah|As/Kh:0|0:DeepStack_20000|DeepStack_20001
STATE:167:r1200f:Ah|Qs:100|-100:DeepStack_20001|DeepStack_20000
STATE:168:cr300r1200f:Ah|Qh:300|-300:DeepStack_20000|DeepStack_20001
STATE:169:cr300c/r1200f:As|Qh/Kh:300|-300:DeepStack_20001|DeepStack_20000
STATE:170:cr300c/cr1200f:Qh|Kh/Ks:-300|300:DeepStack_20000|DeepStack_20001
STATE:171:cc/cc:Kh|Ks/Qs:0|0:DeepStack_20001|DeepStack_20000
STATE:172:cr300f:Qs|Ks:-100|100:DeepStack_20000|DeepStack_20001
STATE:173:r1200f:As|Kh:100|-100:DeepStack_20001|DeepStack_20000
STATE:174:r1200f:As|Qh:100|-100:DeepStack_20000|DeepStack_20001
STATE:175:cc/cr300f:Ah|Qh/Qs:-100|100:DeepStack_20001|DeepStack_20000
STATE:176:cc/cr300f:Ks|Kh/Qs:-100|100:DeepStack_20000|DeepStack_20001
STATE:177:cr300r1200f:As|Ks:300|-300:DeepStack_20001|DeepStack_20000
STATE:178:cr300r1200c/:Ah|As/Ks:0|0:DeepStack_20000|DeepStack_20001
STATE:179:cr300c/cr1200f:Ks|Ah/As:-300|300:DeepStack_20001|DeepStack_20000
STATE:180:cr1200f:Qs|Ah:-100|100:DeepStack_20000|DeepStack_20001
STATE:181:cc/r300f:Ks|Qs/Ah:100|-100:DeepStack_20001|DeepStack_20000
STATE:182:cr1200f:Qh|Ah:-100|100:DeepStack_20000|DeepStack_20001
STATE:183:cr300c/r1200f:Kh|As/Ks:300|-300:DeepStack_20001|DeepStack_20000
STATE:184:cr1200f:Ks|As:-100|100:DeepStack_20000|DeepStack_20001
STATE:185:cc/cc:Qh|Qs/As:0|0:DeepStack_20001|DeepStack_20000
STATE:186:cr300c/r1200f:Kh|As/Ks:300|-300:DeepStack_20000|DeepStack_20001
STATE:187:cr300r1200f:Ah|Qh:300|-300:DeepStack_20001|DeepStack_20000
STATE:188:cc/r300f:Ah|Kh/As:100|-100:DeepStack_20000|DeepStack_20001
STATE:189:cc/cr300f:Qh|Ks/Kh:-100|100:DeepStack_20001|DeepStack_20000
STATE:190:cr300f:Qs|As:-100|100:DeepStack_20000|DeepStack_20001
STATE:191:cr300f:Qh|Ah:-100|100:DeepStack_20001|DeepStack_20000
STATE:192:cr300c/r1200f:Ks|Ah/Qh:300|-300:DeepStack_20000|DeepStack_20001
STATE:193:cr1200f:Kh|As:-100|100:DeepStack_20001|DeepStack_20000
STATE:194:cc/cc:As|Ks/Qh:100|-100:DeepStack_20000|DeepStack_20001
STATE:195:cc/cc:Ks|Kh/Qs:0|0:DeepStack_20001|DeepStack_20000
STATE:196:cc/cr300f:Qs|Ks/Kh:-100|100:DeepStack_20000|DeepStack_20001
STATE:197:cc/cr300f:Qh|Kh/As:-100|100:DeepStack_20001|DeepStack_20000
STATE:198:cc/cr300r900f:Qs|Ks/Qh:300|-300:DeepStack_20000|DeepStack_20001
STATE:199:cr300c/cc:Kh|Ah/Qs:-300|300:DeepStack_20001|DeepStack_20000
STATE:200:cr300r1200f:Ah|Qs:300|-300:DeepStack_20000|DeepStack_20001
STATE:201:cr300f:Kh|As:-100|100:DeepStack_20001|DeepStack_20000
STATE:202:cr300f:Qh|As:-100|100:DeepStack_20000|DeepStack_20001
STATE:203:cr1200f:Qh|Ah:-100|100:DeepStack_20001|DeepStack_20000
STATE:204:cr1200f:Qs|Ah:-100|100:DeepStack_20000|DeepStack_20001
STATE:205:cc/r300f:Ks|Qh/As:100|-100:DeepStack_20001|DeepStack_20000
STATE:206:cc/cc:Qs|Kh/Ah:-100|100:DeepStack_20000|DeepStack_20001
STATE:207:cc/cr300c:As|Kh/Ks:-300|300:DeepStack_20001|DeepStack_20000
STATE:208:r1200f:As|Qh:100|-100:DeepStack_20000|DeepStack_20001
STATE:209:cr300f:Qh|Ah:-100|100:DeepStack_20001|DeepStack_20000
STATE:210:cr300f:Qh|As:-100|100:DeepStack_20000|DeepStack_20001
STATE:211:cr300f:Kh|Ks:-100|100:DeepStack_20001|DeepStack_20000
STATE:212:cr300f:Kh|As:-100|100:DeepStack_20000|DeepStack_20001
STATE:213:cc/cc:Ah|As/Kh:0|0:DeepStack_20001|DeepStack_20000
STATE:214:cc/cc:Ks|Qs/Kh:100|-100:DeepStack_20000|DeepStack_20001
STATE:215:cc/cc:Kh|Ah/Ks:100|-100:DeepStack_20001|DeepStack_20000
STATE:216:cr1200f:Ks|Ah:-100|100:DeepStack_20000|DeepStack_20001
STATE:217:cc/cr300f:Kh|Qs/Qh:-100|100:DeepStack_20001|DeepStack_20000
STATE:218:r1200f:As|Ks:100|-100:DeepStack_20000|DeepStack_20001
STATE:219:cc/cc:Ks|Kh/Qs:0|0:DeepStack_20001|DeepStack_20000
STATE:220:cr300c/cc:Qh|As/Kh:-300|300:DeepStack_20000|DeepStack_20001
STATE:221:cr300f:Qh|Ah:-100|100:DeepStack_20001|DeepStack_20000
STATE:222:cc/cr300r1200f:Ks|Qs/Kh:300|-300:DeepStack_20000|DeepStack_20001
STATE:223:cc/r300f:Kh|Ks/As:100|-100:DeepStack_20001|DeepStack_20000
STATE:224:r1200f:As|Qh:100|-100:DeepStack_20000|DeepStack_20001
STATE:225:cr300f:Qh|Ks:-100|100:DeepStack_20001|DeepStack_20000
STATE:226:r300c/cr1200c:Ah|Qs/Qh:-1200|1200:DeepStack_20000|DeepStack_20001
STATE:227:cc/cr300f:Qh|Qs/Kh:-100|100:DeepStack_20001|DeepStack_20000
STATE:228:cc/cc:Kh|Ks/Qs:0|0:DeepStack_20000|DeepStack_20001
STATE:229:cc/cc:Qs|Kh/Qh:100|-100:DeepStack_20001|DeepStack_20000
STATE:230:r1200c/:As|Ah/Ks:0|0:DeepStack_20000|DeepStack_20001
STATE:231:cc/cc:Qs|Kh/As:-100|100:DeepStack_20001|DeepStack_20000
STATE:232:cc/cr300f:Qh|Kh/Ks:-100|100:DeepStack_20000|DeepStack_20001
STATE:233:cc/cc:Ks|Qh/Ah:100|-100:DeepStack_20001|DeepStack_20000
STATE:234:cc/r300f:Ks|Kh/As:100|-100:DeepStack_20000|DeepStack_20001
STATE:235:cr1200f:Qs|Ah:-100|100:DeepStack_20001|DeepStack_20000
STATE:236:cr300c/cr1200f:Kh|As/Ah:-300|300:DeepStack_20000|DeepStack_20001
STATE:237:cr1200f:Qh|As:-100|100:DeepStack_20001|DeepStack_20000
STATE:238:cr300f:Ks|Qh:-100|100:DeepStack_20000|DeepStack_20001
STATE:239:cc/cr1200f:Qs|As/Ah:-100|100:DeepStack_20001|DeepStack_20000
STATE:240:cr300f:Qh|Ah:-100|100:DeepStack_20000|DeepStack_20001
STATE:241:cr300c/cr1200f:Ks|Kh/As:-300|300:DeepStack_20001|DeepStack_20000
STATE:242:r1200f:As|Qs:100|-100:DeepStack_20000|DeepStack_20001
STATE:243:cr300f:Qs|Ah:-100|100:DeepStack_20001|DeepStack_20000
STATE:244:r1200f:As|Qh:100|-100:DeepStack_20000|DeepStack_20001
STATE:245:r300c/cr900f:Ah|Qs/Ks:-300|300:DeepStack_20001|DeepStack_20000
STATE:246:cr300r1200c/:As|Ah/Qh:0|0:DeepStack_20000|DeepStack_20001
STATE:247:r1200f:As|Qs:100|-100:DeepStack_20001|DeepStack_20000
STATE:248:cc/cc:Qh|Qs/Kh:0|0:DeepStack_20000|DeepStack_20001
STATE:249:cc/r300f:Kh|Qs/As:100|-100:DeepStack_20001|DeepStack_20000
STATE:250:cr300f:Qh|Ah:-100|100:DeepStack_20000|DeepStack_20001
STATE:251:cc/cc:Ks|Qh/Ah:100|-100:DeepStack_20001|DeepStack_20000
STATE:252:cc/cc:Kh|Qs/Ks:100|-100:DeepStack_20000|DeepStack_20001
STATE:253:cr300f:Qh|Ks:-100|100:DeepStack_20001|DeepStack_20000
STATE:254:cr300f:Qh|Ah:-100|100:DeepStack_20000|DeepStack_20001
STATE:255:cc/r300f:Kh|Qs/As:100|-100:DeepStack_20001|DeepStack_20000
STATE:256:cr300r1200f:Ah|Qh:300|-300:DeepStack_20000|DeepStack_20001
STATE:257:cc/cc:Qs|Qh/Ah:0|0:DeepStack_20001|DeepStack_20000
STATE:258:cc/cc:Kh|Qs/As:100|-100:DeepStack_20000|DeepStack_20001
STATE:259:cc/cr300r1200f:Kh|Qh/Ks:300|-300:DeepStack_20001|DeepStack_20000
STATE:260:cr300f:Ks|Qs:-100|100:DeepStack_20000|DeepStack_20001
STATE:261:cr300r1200c/:As|Ah/Qh:0|0:DeepStack_20001|DeepStack_20000
STATE:262:cr300c/r1200c:Qh|Ah/Ks:-1200|1200:DeepStack_20000|DeepStack_20001
STATE:263:r1200f:Ah|Kh:100|-100:DeepStack_20001|DeepStack_20000
STATE:264:cc/cc:Qh|Ks/Qs:100|-100:DeepStack_20000|DeepStack_20001
STATE:265:cc/r300f:Ks|Qh/Ah:100|-100:DeepStack_20001|DeepStack_20000
STATE:266:cc/cc:Ks|As/Qs:-100|100:DeepStack_20000|DeepStack_20001
STATE:267:r1200f:As|Qh:100|-100:DeepStack_20001|DeepStack_20000
STATE:268:cr300f:Kh|Ah:-100|100:DeepStack_20000|DeepStack_20001
STATE:269:cc/cr300f:As|Qs/Qh:-100|100:DeepStack_20001|DeepStack_20000
STATE:270:cr300c/cr1200f:Kh|Qh/Ah:-300|300:DeepStack_20000|DeepStack_20001
STATE:271:cc/cr300f:Ks|Qs/Qh:-100|100:DeepStack_20001|DeepStack_20000
STATE:272:cc/r300f:Ks|Qs/As:100|-100:DeepStack_20000|DeepStack_20001
STATE:273:cr300f:Qs|Ah:-100|100:DeepStack_20001|DeepStack_20000
STATE:274:r300r1200f:Kh|Ah:-300|300:DeepStack_20000|DeepStack_20001
STATE:275:cc/cr300f:Ks|Kh/Qs:-100|100:DeepStack_20001|DeepStack_20000
STATE:276:r1200c/:Ah|As/Ks:0|0:DeepStack_20000|DeepStack_20001
STATE:277:r1200f:As|Kh:100|-100:DeepStack_20001|DeepStack_20000
STATE:278:cc/cc:Kh|Ks/Qs:0|0:DeepStack_20000|DeepStack_20001
STATE:279:cc/cc:Qh|Kh/Ah:-100|100:DeepStack_20001|DeepStack_20000
STATE:280:r1200f:Ah|Qh:100|-100:DeepStack_20000|DeepStack_20001
STATE:281:r1200f:Ah|Qh:100|-100:DeepStack_20001|DeepStack_20000
STATE:282:cc/cc:Qs|Ks/Ah:-100|100:DeepStack_20000|DeepStack_20001
STATE:283:r1200f:Ah|Kh:100|-100:DeepStack_20001|DeepStack_20000
STATE:284:cc/r300f:Ks|Qs/Ah:100|-100:DeepStack_20000|DeepStack_20001
STATE:285:r300c/cc:Qh|Kh/Ah:-300|300:DeepStack_20001|DeepStack_20000
STATE:286:r300f:As|Qs:100|-100:DeepStack_20000|DeepStack_20001
STATE:287:r1200f:Ah|Ks:100|-100:DeepStack_20001|DeepStack_20000
STATE:288:cr300r1200f:Ah|Kh:300|-300:DeepStack_20000|DeepStack_20001
STATE:289:cc/r300f:Ks|Qs/As:100|-100:DeepStack_20001|DeepStack_20000
STATE:290:cr300c/cc:Kh|As/Qs:-300|300:DeepStack_20000|DeepStack_20001
STATE:291:r1200f:Ah|Ks:100|-100:DeepStack_20001|DeepStack_20000
STATE:292:cr300f:Kh|As:-100|100:DeepStack_20000|DeepStack_20001
STATE:293:cc/r300f:As|Kh/Ah:100|-100:DeepStack_20001|DeepStack_20000
STATE:294:cr300f:Qh|Ah:-100|100:DeepStack_20000|DeepStack_20001
STATE:295:r1200f:Ah|Qh:100|-100:DeepStack_20001|DeepStack_20000
STATE:296:cr1200f:Ks|Ah:-100|100:DeepStack_20000|DeepStack_20001
STATE:297:r1200f:As|Qh:100|-100:DeepStack_20001|DeepStack_20000
STATE:298:cr300c/r1200f:Ks|As/Qs:300|-300:DeepStack_20000|DeepStack_20001
STATE:299:cc/cr300f:Ah|Ks/Qh:-100|100:DeepStack_20001|DeepStack_20000
STATE:300:cc/cc:Qh|Kh/As:-100|100:DeepStack_20000|DeepStack_20001
STATE:301:cr300f:Qs|Ah:-100|100:DeepStack_20001|DeepStack_20000
STATE:302:cc/r300f:Ks|Kh/As:100|-100:DeepStack_20000|DeepStack_20001
STATE:303:r300c/cr1200f:As|Kh/Qs:-300|300:DeepStack_20001|DeepStack_20000
STATE:304:cr300c/cr1200f:Qh|As/Ks:-300|300:DeepStack_20000|DeepStack_20001
STATE:305:cc/cc:Ks|Kh/Qh:0|0:DeepStack_20001|DeepStack_20000
STATE:306:cc/r300f:Kh|Ks/Ah:100|-100:DeepStack_20000|DeepStack_20001
STATE:307:cc/cr300r1200f:Qh|Ks/Qs:300|-300:DeepStack_20001|DeepStack_20000
STATE:308:cr300f:Qs|Qh:-100|100:DeepStack_20000|DeepStack_20001
STATE:309:cc/cc:As|Kh/Qh:100|-100:DeepStack_20001|DeepStack_20000
STATE:310:cr300f:Ks|As:-100|100:DeepStack_20000|DeepStack_20001
STATE:311:cc/cr300c:Ah|Qh/Qs:-300|300:DeepStack_20001|DeepStack_20000
STATE:312:cr300r1200f:As|Kh:300|-300:DeepStack_20000|DeepStack_20001
STATE:313:cc/cc:Ks|Kh/Qs:0|0:DeepStack_20001|DeepStack_20000
STATE:314:cr300r1200f:Ah|Kh:300|-300:DeepStack_20000|DeepStack_20001
STATE:315:cr300f:Qs|As:-100|100:DeepStack_20001|DeepStack_20000
STATE:316:cr1200f:Qs|As:-100|100:DeepStack_20000|DeepStack_20001
STATE:317:cc/cc:Kh|Ks/Qs:0|0:DeepStack_20001|DeepStack_20000
STATE:318:cr300f:Qh|Ah:-100|100:DeepStack_20000|DeepStack_20001
STATE:319:cr300f:Qh|Ah:-100|100:DeepStack_20001|DeepStack_20000
STATE:320:cc/cr300f:Qs|Kh/Ks:-100|100:DeepStack_20000|DeepStack_20001
STATE:321:cc/cr300f:Qs|Ks/Kh:-100|100:DeepStack_20001|DeepStack_20000
STATE:322:cr300c/cc:Qs|Kh/Ah:-300|300:DeepStack_20000|DeepStack_20001
STATE:323:cc/cr300f:Qh|Ks/Kh:-100|100:DeepStack_20001|DeepStack_20000
STATE:324:cc/cr300f:Kh|Ks/Qs:-100|100:DeepStack_20000|DeepStack_20001
STATE:325:r1200f:Ah|Ks:100|-100:DeepStack_20001|DeepStack_20000
STATE:326:cc/r300f:Ks|Qs/Ah:100|-100:DeepStack_20000|DeepStack_20001
STATE:327:cr300f:Ks|Ah:-100|100:DeepStack_20001|DeepStack_20000
STATE:328:r1200f:Ah|Ks:100|-100:DeepStack_20000|DeepStack_20001
STATE:329:cr300f:Kh|Ah:-100|100:DeepStack_20001|DeepStack_20000
STATE:330:cc/cc:Ks|Qh/As:100|-100:DeepStack_20000|DeepStack_20001
STATE:331:cr300c/r1200f:Ks|As/Qh:300|-300:DeepStack_20001|DeepStack_20000
STATE:332:cc/cr300f:Ah|Kh/Qs:-100|100:DeepStack_20000|DeepStack_20001
STATE:333:cc/cc:Qh|Qs/Ks:0|0:DeepStack_20001|DeepStack_20000
STATE:334:cr300f:Qs|Ah:-100|100:DeepStack_20000|DeepStack_20001
STATE:335:cr300c/cc:Qh|Ah/Kh:-300|300:DeepStack_20001|DeepStack_20000
STATE:336:cc/cc:Kh|Qs/Ks:100|-100:DeepStack_20000|DeepStack_20001
STATE:337:cr1200f:Kh|As:-100|100:DeepStack_20001|DeepStack_20000
STATE:338:cr300f:Qh|Ks:-100|100:DeepStack_20000|DeepStack_20001
STATE:339:cr300f:Qs|Ah:-100|100:DeepStack_20001|DeepStack_20000
STATE:340:cr300f:Qs|As:-100|100:DeepStack_20000|DeepStack_20001
STATE:341:cc/cr300f:As|Ks/Kh:-100|100:DeepStack_20001|DeepStack_20000
STATE:342:cc/r300f:Kh|Qh/Ah:100|-100:DeepStack_20000|DeepStack_20001
STATE:343:r1200f:As|Qh:100|-100:DeepStack_20001|DeepStack_20000
STATE:344:cr300f:Kh|Qh:-100|100:DeepStack_20000|DeepStack_20001
STATE:345:cr300r1200f:As|Ks:300|-300:DeepStack_20001|DeepStack_20000
STATE:346:cr1200f:Kh|As:-100|100:DeepStack_20000|DeepStack_20001
STATE:347:cr300f:Qh|Ah:-100|100:DeepStack_20001|DeepStack_20000
STATE:348:cc/cr300f:Ks|Kh/Qh:-100|100:DeepStack_20000|DeepStack_20001
STATE:349:cc/cr300f:Ks|Qs/Qh:-100|100:DeepStack_20001|DeepStack_20000
STATE:350:r1200f:As|Kh:100|-100:DeepStack_20000|DeepStack_20001
STATE:351:cr300f:Qh|Kh:-100|100:DeepStack_20001|DeepStack_20000
STATE:352:cr300f:Qh|Kh:-100|100:DeepStack_20000|DeepStack_20001
STATE:353:cc/cc:Qs|Qh/As:0|0:DeepStack_20001|DeepStack_20000
STATE:354:cc/cc:Qh|Ks/As:-100|100:DeepStack_20000|DeepStack_20001
STATE:355:r1200f:Ah|Qh:100|-100:DeepStack_20001|DeepStack_20000
STATE:356:cr300c/r1200f:Qs|As/Qh:300|-300:DeepStack_20000|DeepStack_20001
STATE:357:cr300c/r900f:Qs|As/Qh:300|-300:DeepStack_20001|DeepStack_20000
STATE:358:cc/cr300f:Qh|Ks/Kh:-100|100:DeepStack_20000|DeepStack_20001
STATE:359:cc/cc:Ah|Kh/Qh:100|-100:DeepStack_20001|DeepStack_20000
STATE:360:r300r1200c/:As|Ah/Kh:0|0:DeepStack_20000|DeepStack_20001
STATE:361:cr300f:Kh|Qh:-100|100:DeepStack_20001|DeepStack_20000
STATE:362:cr300f:Ks|As:-100|100:DeepStack_20000|DeepStack_20001
STATE:363:r1200c/:Ah|As/Kh:0|0:DeepStack_20001|DeepStack_20000
STATE:364:r1200f:As|Qh:100|-100:DeepStack_20000|DeepStack_20001
STATE:365:r300c/r1200f:Ah|Qh/As:300|-300:DeepStack_20001|DeepStack_20000
STATE:366:r1200c/:As|Ah/Ks:0|0:DeepStack_20000|DeepStack_20001
STATE:367:cc/cc:Ks|Qh/As:100|-100:DeepStack_20001|DeepStack_20000
STATE:368:cc/r300f:Kh|Qs/Ah:100|-100:DeepStack_20000|DeepStack_20001
STATE:369:cr300c/cr1200f:Kh|Ah/As:-300|300:DeepStack_20001|DeepStack_20000
STATE:370:cc/cc:Kh|Qh/Ks:100|-100:DeepStack_20000|DeepStack_20001
STATE:371:r1200f:Ah|Qs:100|-100:DeepStack_20001|DeepStack_20000
STATE:372:cc/cc:Ks|Kh/Qh:0|0:DeepStack_20000|DeepStack_20001
STATE:373:cc/r300f:Ks|Qh/As:100|-100:DeepStack_20001|DeepStack_20000
STATE:374:cr300f:Ks|Kh:-100|100:DeepStack_20000|DeepStack_20001
STATE:375:cc/cr300f:Ks|Qs/Qh:-100|100:DeepStack_20001|DeepStack_20000
STATE:376:cr300f:Kh|As:-100|100:DeepStack_20000|DeepStack_20001
STATE:377:cc/cc:Ah|Kh/Qh:100|-100:DeepStack_20001|DeepStack_20000
STATE:378:r1200f:Ah|Qs:100|-100:DeepStack_20000|DeepStack_20001
STATE:379:cc/cc:Qh|Qs/Kh:0|0:DeepStack_20001|DeepStack_20000
STATE:380:r1200f:Ah|Kh:100|-100:DeepStack_20000|DeepStack_20001
STATE:381:cc/cc:Kh|Qs/Ks:100|-100:DeepStack_20001|DeepStack_20000
STATE:382:cc/r300c:Qs|Ks/Ah:-300|300:DeepStack_20000|DeepStack_20001
STATE:383:cc/cr300r900f:Ks|Qh/Kh:300|-300:DeepStack_20001|DeepStack_20000
STATE:384:cc/cc:Ks|Qh/As:100|-100:DeepStack_20000|DeepStack_20001
STATE:385:cr300f:Qs|Ah:-100|100:DeepStack_20001|DeepStack_20000
STATE:386:cc/cc:Qh|Ks/Qs:100|-100:DeepStack_20000|DeepStack_20001
STATE:387:cr300f:Qh|Ah:-100|100:DeepStack_20001|DeepStack_20000
STATE:388:cc/cr300f:Kh|Qh/Qs:-100|100:DeepStack_20000|DeepStack_20001
STATE:389:cc/cc:As|Ks/Qh:100|-100:DeepStack_20001|DeepStack_20000
STATE:390:cr300c/r1200f:Qh|Ah/Qs:300|-300:DeepStack_20000|DeepStack_20001
STATE:391:cr300r1200f:As|Qh:300|-300:DeepStack_20001|DeepStack_20000
STATE:392:r1200f:Ah|Kh:100|-100:DeepStack_20000|DeepStack_20001
STATE:393:cc/cr300r900f:Qs|Ks/Qh:300|-300:DeepStack_20001|DeepStack_20000
STATE:394:cc/cr300f:As|Kh/Ks:-100|100:DeepStack_20000|DeepStack_20001
STATE:395:cc/cc:Qh|Ks/Qs:100|-100:DeepStack_20001|DeepStack_20000
STATE:396:cc/cc:Qh|Kh/Qs:100|-100:DeepStack_20000|DeepStack_20001
STATE:397:cr300c/cr1200f:Qh|Ah/Ks:-300|300:DeepStack_20001|DeepStack_20000
STATE:398:r1200f:Ah|Ks:100|-100:DeepStack_20000|DeepStack_20001
STATE:399:cc/r300f:Kh|Qs/As:100|-100:DeepStack_20001|DeepStack_20000
STATE:400:cc/cc:Kh|As/Qs:-100|100:DeepStack_20000|DeepStack_20001
STATE:401:cr300f:Qh|As:-100|100:DeepStack_20001|DeepStack_20000
STATE:402:r1200f:Ah|Qs:100|-100:DeepStack_20000|DeepStack_20001
STATE:403:r300r900r1200c/:As|Ah/Ks:0|0:DeepStack_20001|DeepStack_20000
STATE:404:cr300c/r1200c:Qs|Ks/Kh:-1200|1200:DeepStack_20000|DeepStack_20001
STATE:405:r1200f:Ah|Kh:100|-100:DeepStack_20001|DeepStack_20000
STATE:406:cr300f:Qs|Ah:-100|100:DeepStack_20000|DeepStack_20001
STATE:407:cc/cr300f:Qs|Ks/Kh:-100|100:DeepStack_20001|DeepStack_20000
STATE:408:cc/cr300f:Qs|Kh/Ks:-100|100:DeepStack_20000|DeepStack_20001
STATE:409:cr300r1200f:As|Qs:300|-300:DeepStack_20001|DeepStack_20000
STATE:410:cc/r300c:Ah|Kh/As:300|-300:DeepStack_20000|DeepStack_20001
STATE:411:cc/cr300f:Qh|Ks/Kh:-100|100:DeepStack_20001|DeepStack_20000
STATE:412:cc/cc:Qs|Ks/As:-100|100:DeepStack_20000|DeepStack_20001
STATE:413:r300r1200f:Qh|As:-300|300:DeepStack_20001|DeepStack_20000
STATE:414:r1200f:Ah|Ks:100|-100:DeepStack_20000|DeepStack_20001
STATE:415:cr1200f:Qs|As:-100|100:DeepStack_20001|DeepStack_20000
STATE:416:cc/cr300f:Kh|Ks/Qs:-100|100:DeepStack_20000|DeepStack_20001
STATE:417:cc/r300c:Ks|Kh/As:0|0:DeepStack_20001|DeepStack_20000
STATE:418:cc/cc:Ah|Qh/Ks:100|-100:DeepStack_20000|DeepStack_20001
STATE:419:cc/cc:Qs|Qh/Ah:0|0:DeepStack_20001|DeepStack_20000
STATE:420:cc/cc:Qh|Qs/As:0|0:DeepStack_20000|DeepStack_20001
STATE:421:cc/r300f:Ks|Qs/Ah:100|-100:DeepStack_20001|DeepStack_20000
STATE:422:cc/cc:Ks|Kh/Qs:0|0:DeepStack_20000|DeepStack_20001
STATE:423:cr300f:Qs|Ah:-100|100:DeepStack_20001|DeepStack_20000
STATE:424:cc/cr300c:Ah|Qh/Qs:-300|300:DeepStack_20000|DeepStack_20001
STATE:425:cr300c/r1200f:Kh|As/Ks:300|-300:DeepStack_20001|DeepStack_20000
STATE:426:cr300r1200c/:As|Ah/Ks:0|0:DeepStack_20000|DeepStack_20001
STATE:427:cc/r300f:Ks|Qh/As:100|-100:DeepStack_20001|DeepStack_20000
STATE:428:cr300f:Qh|Ah:-100|100:DeepStack_20000|DeepStack_20001
STATE:429:cc/cc:Qh|Kh/Ah:-100|100:DeepStack_20001|DeepStack_20000
STATE:430:cc/cr300f:As|Qs/Qh:-100|100:DeepStack_20000|DeepStack_20001
STATE:431:cc/cc:Qs|Qh/Ks:0|0:DeepStack_20001|DeepStack_20000
STATE:432:cc/cc:Qs|Qh/Ks:0|0:DeepStack_20000|DeepStack_20001
STATE:433:cc/cc:Qs|As/Qh:100|-100:DeepStack_20001|DeepStack_20000
STATE:434:cc/cc:Ah|Kh/Qh:100|-100:DeepStack_20000|DeepStack_20001
STATE:435:cc/cr300f:As|Qs/Kh:-100|100:DeepStack_20001|DeepStack_20000
STATE:436:cr300c/cr1200f:Qh|As/Ks:-300|300:DeepStack_20000|DeepStack_20001
STATE:437:cc/cc:Qs|Kh/Qh:100|-100:DeepStack_20001|DeepStack_20000
STATE:438:cc/cc:Qh|Qs/Ks:0|0:DeepStack_20000|DeepStack_20001
STATE:439:cc/cr300f:Kh|Qh/Qs:-100|100:DeepStack_20001|DeepStack_20000
STATE:440:cr1200f:Ks|As:-100|100:DeepStack_20000|DeepStack_20001
STATE:441:cr1200f:Qh|As:-100|100:DeepStack_20001|DeepStack_20000
STATE:442:cr300f:Qh|Ah:-100|100:DeepStack_20000|DeepStack_20001
STATE:443:cr300f:Kh|Qh:-100|100:DeepStack_20001|DeepStack_20000
STATE:444:cr300c/r900f:Qs|Ks/Qh:300|-300:DeepStack_20000|DeepStack_20001
STATE:445:cc/cr300c:Ah|Kh/Ks:-300|300:DeepStack_20001|DeepStack_20000
STATE:446:r300r1200f:Ks|As:-300|300:DeepStack_20000|DeepStack_20001
STATE:447:cc/cc:Kh|Ah/Qh:-100|100:DeepStack_20001|DeepStack_20000
STATE:448:cr300f:Ks|Kh:-100|100:DeepStack_20000|DeepStack_20001
STATE:449:r1200f:Ah|Qh:100|-100:DeepStack_20001|DeepStack_20000
STATE:450:r1200f:Ah|Qh:100|-100:DeepStack_20000|DeepStack_20001
STATE:451:cr300c/cr1200f:Kh|As/Ah:-300|300:DeepStack_20001|DeepStack_20000
STATE:452:r300f:As|Qh:100|-100:DeepStack_20000|DeepStack_20001
STATE:453:cr300c/cr1200f:Qs|Ah/As:-300|300:DeepStack_20001|DeepStack_20000
STATE:454:r1200f:Ah|Qs:100|-100:DeepStack_20000|DeepStack_20001
STATE:455:r1200f:As|Ks:100|-100:DeepStack_20001|DeepStack_20000
STATE:456:r1200f:As|Qh:100|-100:DeepStack_20000|DeepStack_20001
STATE:457:cc/cc:As|Qh/Ks:100|-100:DeepStack_20001|DeepStack_20000
STATE:458:cr300c/cr1200f:Qs|As/Ah:-300|300:DeepStack_20000|DeepStack_20001
STATE:459:cr300f:Kh|As:-100|100:DeepStack_20001|DeepStack_20000
STATE:460:cr300c/cr1200f:Kh|Qh/Ah:-300|300:DeepStack_20000|DeepStack_20001
STATE:461:r1200f:As|Qh:100|-100:DeepStack_20001|DeepStack_20000
STATE:462:r1200f:Ah|Qs:100|-100:DeepStack_20000|DeepStack_20001
STATE:463:cc/cc:Qh|Qs/Ah:0|0:DeepStack_20001|DeepStack_20000
STATE:464:cr1200f:Qs|As:-100|100:DeepStack_20000|DeepStack_20001
STATE:465:cc/cr300f:Ah|Qs/Qh:-100|100:DeepStack_20001|DeepStack_20000
STATE:466:cc/cr300f:As|Ks/Kh:-100|100:DeepStack_20000|DeepStack_20001
STATE:467:cc/cc:Qs|As/Ks:-100|100:DeepStack_20001|DeepStack_20000
STATE:468:cc/cc:Ah|Ks/Qh:100|-100:DeepStack_20000|DeepStack_20001
STATE:469:cc/cr300f:Ks|Qs/Qh:-100|100:DeepStack_20001|DeepStack_20000
STATE:470:cc/cc:Qh|Ks/Qs:100|-100:DeepStack_20000|DeepStack_20001
STATE:471:r300c/cc:Kh|Ks/Ah:0|0:DeepStack_20001|DeepStack_20000
STATE:472:cr300f:Qh|As:-100|100:DeepStack_20000|DeepStack_20001
STATE:473:cc/cr300f:Ah|Ks/Kh:-100|100:DeepStack_20001|DeepStack_20000
STATE:474:r1200c/:As|Ah/Ks:0|0:DeepStack_20000|DeepStack_20001
STATE:475:cc/cr300f:Ah|Kh/Ks:-100|100:DeepStack_20001|DeepStack_20000
STATE:476:cc/cc:Ks|Kh/Qh:0|0:DeepStack_20000|DeepStack_20001
STATE:477:cc/cc:Qs|Ks/As:-100|100:DeepStack_20001|DeepStack_20000
STATE:478:cc/r300f:Ks|Qs/As:100|-100:DeepStack_20000|DeepStack_20001
STATE:479:cc/cc:Qs|Qh/Ah:0|0:DeepStack_20001|DeepStack_20000
STATE:480:r1200c/:As|Ah/Qs:0|0:DeepStack_20000|DeepStack_20001
STATE:481:r1200c/:Ah|As/Ks:0|0:DeepStack_20001|DeepStack_20000
STATE:482:cr300f:Ks|Qh:-100|100:DeepStack_20000|DeepStack_20001
STATE:483:cr300f:Qh|As:-100|100:DeepStack_20001|DeepStack_20000
STATE:484:cc/cr300f:Qs|Ks/Kh:-100|100:DeepStack_20000|DeepStack_20001
STATE:485:r1200f:As|Ks:100|-100:DeepStack_20001|DeepStack_20000
STATE:486:cc/cc:Qh|Qs/As:0|0:DeepStack_20000|DeepStack_20001
STATE:487:cc/cc:As|Qh/Kh:100|-100:DeepStack_20001|DeepStack_20000
STATE:488:cr300c/r1200f:Qs|As/Kh:300|-300:DeepStack_20000|DeepStack_20001
STATE:489:cr300c/r1200c:Kh|Ah/Qs:-1200|1200:DeepStack_20001|DeepStack_20000
STATE:490:cr300f:Qh|As:-100|100:DeepStack_20000|DeepStack_20001
STATE:491:cr300f:Ks|As:-100|100:DeepStack_20001|DeepStack_20000
STATE:492:cc/cc:Qs|Qh/Kh:0|0:DeepStack_20000|DeepStack_20001
STATE:493:cr1200f:Qh|Ah:-100|100:DeepStack_20001|DeepStack_20000
STATE:494:cc/cc:Qs|Qh/Kh:0|0:DeepStack_20000|DeepStack_20001
STATE:495:cc/cc:Qs|Qh/Ah:0|0:DeepStack_20001|DeepStack_20000
STATE:496:r1200f:Ah|Ks:100|-100:DeepStack_20000|DeepStack_20001
STATE:497:cc/cc:As|Ks/Qs:100|-100:DeepStack_20001|DeepStack_20000
STATE:498:cr300r1200f:Ah|Kh:300|-300:DeepStack_20000|DeepStack_20001
STATE:499:cc/cc:Ah|Qh/Ks:100|-100:DeepStack_20001|DeepStack_20000
STATE:500:cc/cc:As|Qh/Kh:100|-100:DeepStack_20000|DeepStack_20001
STATE:501:cr300f:Qh|As:-100|100:DeepStack_20001|DeepStack_20000
STATE:502:cr300c/cr1200c:Ks|Ah/As:-1200|1200:DeepStack_20000|DeepStack_20001
STATE:503:cc/cr1200f:Qh|Kh/Ah:-100|100:DeepStack_20001|DeepStack_20000
STATE:504:cc/r300c:As|Kh/Ah:300|-300:DeepStack_20000|DeepStack_20001
STATE:505:r1200f:As|Kh:100|-100:DeepStack_20001|DeepStack_20000
STATE:506:cc/cc:Qh|Qs/Ks:0|0:DeepStack_20000|DeepStack_20001
STATE:507:cc/cc:Qh|Ah/Kh:-100|100:DeepStack_20001|DeepStack_20000
STATE:508:cc/cr300r900f:Kh|Qh/Ks:300|-300:DeepStack_20000|DeepStack_20001
STATE:509:cc/r300c:Ah|Ks/As:300|-300:DeepStack_20001|DeepStack_20000
STATE:510:cc/cc:Kh|Qs/As:100|-100:DeepStack_20000|DeepStack_20001
STATE:511:cc/cr300f:Ks|Qh/Qs:-100|100:DeepStack_20001|DeepStack_20000
STATE:512:cc/cc:Qs|Ah/Kh:-100|100:DeepStack_20000|DeepStack_20001
STATE:513:cr300c/cc:Qs|As/Ks:-300|300:DeepStack_20001|DeepStack_20000
STATE:514:cc/cr300f:Qh|Kh/Ks:-100|100:DeepStack_20000|DeepStack_20001
STATE:515:cc/cc:Qh|Kh/As:-100|100:DeepStack_20001|DeepStack_20000
STATE:516:cc/cc:Ks|Kh/Qh:0|0:DeepStack_20000|DeepStack_20001
STATE:517:cc/cc:Qh|Kh/Qs:100|-100:DeepStack_20001|DeepStack_20000
STATE:518:cr300f:Qh|As:-100|100:DeepStack_20000|DeepStack_20001
STATE:519:cr300f:Ks|Ah:-100|100:DeepStack_20001|DeepStack_20000
STATE:520:cr1200f:Qh|As:-100|100:DeepStack_20000|DeepStack_20001
STATE:521:cr300f:Qh|Ah:-100|100:DeepStack_20001|DeepStack_20000
STATE:522:r1200f:Ah|Kh:100|-100:DeepStack_20000|DeepStack_20001
STATE:523:cc/cc:Qh|Kh/Ah:-100|100:DeepStack_20001|DeepStack_20000
STATE:524:cr300f:Qh|Ah:-100|100:DeepStack_20000|DeepStack_20001
STATE:525:cr300f:Ks|Ah:-100|100:DeepStack_20001|DeepStack_20000
STATE:526:cr1200c/:Ah|As/Qh:0|0:DeepStack_20000|DeepStack_20001
STATE:527:cc/cc:Kh|As/Qh:-100|100:DeepStack_20001|DeepStack_20000
STATE:528:cc/cc:Ks|Kh/Qs:0|0:DeepStack_20000|DeepStack_20001
STATE:529:cc/cr300f:Ah|Kh/Ks:-100|100:DeepStack_20001|DeepStack_20000
STATE:530:cc/cr300f:Kh|Qs/Qh:-100|100:DeepStack_20000|DeepStack_20001
STATE:531:cr1200f:Qh|As:-100|100:DeepStack_20001|DeepStack_20000
STATE:532:cc/cc:Ks|As/Qh:-100|100:DeepStack_20000|DeepStack_20001
STATE:533:cc/cc:Qs|Ks/Ah:-100|100:DeepStack_20001|DeepStack_20000
STATE:534:cc/cc:Ah|Qs/Kh:100|-100:DeepStack_20000|DeepStack_20001
STATE:535:cr300f:Ks|Ah:-100|100:DeepStack_20001|DeepStack_20000
STATE:536:r300c/cc:Kh|As/Ks:300|-300:DeepStack_20000|DeepStack_20001
STATE:537:cc/cr300f:Kh|Qh/Qs:-100|100:DeepStack_20001|DeepStack_20000
STATE:538:cc/cc:Kh|Qs/Ks:100|-100:DeepStack_20000|DeepStack_20001
STATE:539:cc/cc:Ks|Kh/Qh:0|0:DeepStack_20001|DeepStack_20000
STATE:540:cr1200f:Qs|As:-100|100:DeepStack_20000|DeepStack_20001
STATE:541:cr300f:Qs|As:-100|100:DeepStack_20001|DeepStack_20000
STATE:542:cc/cr300f:As|Qh/Qs:-100|100:DeepStack_20000|DeepStack_20001
STATE:543:r300r900f:Qs|As:-300|300:DeepStack_20001|DeepStack_20000
STATE:544:cr300f:Qs|As:-100|100:DeepStack_20000|DeepStack_20001
STATE:545:cc/cr300c:As|Qs/Qh:-300|300:DeepStack_20001|DeepStack_20000
STATE:546:cr300r1200f:Ah|Kh:300|-300:DeepStack_20000|DeepStack_20001
STATE:547:cr1200f:Ks|As:-100|100:DeepStack_20001|DeepStack_20000
STATE:548:cr1200f:Qs|As:-100|100:DeepStack_20000|DeepStack_20001
STATE:549:cc/cc:Qh|Qs/As:0|0:DeepStack_20001|DeepStack_20000
STATE:550:cr300r1200c/:Ah|As/Qh:0|0:DeepStack_20000|DeepStack_20001
STATE:551:cr300f:Qs|As:-100|100:DeepStack_20001|DeepStack_20000
STATE:552:cc/r300f:Ks|Qs/Ah:100|-100:DeepStack_20000|DeepStack_20001
STATE:553:cc/r300c:Ks|Kh/Ah:0|0:DeepStack_20001|DeepStack_20000
STATE:554:cc/cc:Qs|Qh/Kh:0|0:DeepStack_20000|DeepStack_20001
STATE:555:r1200f:Ah|Kh:100|-100:DeepStack_20001|DeepStack_20000
STATE:556:cc/cc:As|Qh/Ks:100|-100:DeepStack_20000|DeepStack_20001
STATE:557:cr300f:Qs|Kh:-100|100:DeepStack_20001|DeepStack_20000
STATE:558:cr300f:Ks|Kh:-100|100:DeepStack_20000|DeepStack_20001
STATE:559:r1200c/:As|Ah/Qh:0|0:DeepStack_20001|DeepStack_20000
STATE:560:r1200f:As|Kh:100|-100:DeepStack_20000|DeepStack_20001
STATE:561:r300c/cr1200c:Ks|Ah/As:-1200|1200:DeepStack_20001|DeepStack_20000
STATE:562:cc/cc:As|Qh/Ks:100|-100:DeepStack_20000|DeepStack_20001
STATE:563:cr300c/cc:Qs|As/Kh:-300|300:DeepStack_20001|DeepStack_20000
STATE:564:cr300r1200f:As|Kh:300|-300:DeepStack_20000|DeepStack_20001
STATE:565:cc/cc:Ks|Qs/Kh:100|-100:DeepStack_20001|DeepStack_20000
STATE:566:cr300r1200f:Ah|Qh:300|-300:DeepStack_20000|DeepStack_20001
STATE:567:cr300f:Qs|Ks:-100|100:DeepStack_20001|DeepStack_20000
STATE:568:cc/r300f:Ah|Kh/As:100|-100:DeepStack_20000|DeepStack_20001
STATE:569:cc/cc:As|Ks/Qh:100|-100:DeepStack_20001|DeepStack_20000
STATE:570:cr300c/cr1200f:Ks|Ah/Qh:-300|300:DeepStack_20000|DeepStack_20001
STATE:571:r1200f:Ah|Qs:100|-100:DeepStack_20001|DeepStack_20000
STATE:572:cc/cc:Qh|Kh/Ah:-100|100:DeepStack_20000|DeepStack_20001
STATE:573:cc/r300f:Ks|Qh/As:100|-100:DeepStack_20001|DeepStack_20000
STATE:574:cc/cc:As|Qh/Kh:100|-100:DeepStack_20000|DeepStack_20001
STATE:575:cr300f:Qh|As:-100|100:DeepStack_20001|DeepStack_20000
STATE:576:cc/cr300f:As|Ks/Kh:-100|100:DeepStack_20000|DeepStack_20001
STATE:577:r300c/cr1200c:As|Qh/Qs:-1200|1200:DeepStack_20001|DeepStack_20000
STATE:578:r1200c/:Ah|As/Qh:0|0:DeepStack_20000|DeepStack_20001
STATE:579:cc/r300f:Ks|Qs/Ah:100|-100:DeepStack_20001|DeepStack_20000
STATE:580:cc/cc:Qh|Ks/Qs:100|-100:DeepStack_20000|DeepStack_20001
STATE:581:cc/cc:As|Qs/Kh:100|-100:DeepStack_20001|DeepStack_20000
STATE:582:cc/cc:Ah|Kh/Qs:100|-100:DeepStack_20000|DeepStack_20001
STATE:583:cr300r1200c/:As|Ah/Ks:0|0:DeepStack_20001|DeepStack_20000
STATE:584:cr300f:Qh|As:-100|100:DeepStack_20000|DeepStack_20001
STATE:585:cc/cr300c:Ah|Qh/Qs:-300|300:DeepStack_20001|DeepStack_20000
STATE:586:cr300f:Qs|As:-100|100:DeepStack_20000|DeepStack_20001
STATE:587:cc/cc:Ks|Kh/Qs:0|0:DeepStack_20001|DeepStack_20000
STATE:588:cr300f:Qh|Kh:-100|100:DeepStack_20000|DeepStack_20001
STATE:589:cr300f:Qh|Ah:-100|100:DeepStack_20001|DeepStack_20000
STATE:590:cr300r1200f:Ah|Qh:300|-300:DeepStack_20000|DeepStack_20001
STATE:591:cc/cr300c:As|Qh/Kh:300|-300:DeepStack_20001|DeepStack_20000
STATE:592:r1200f:As|Kh:100|-100:DeepStack_20000|DeepStack_20001
STATE:593:cr300f:Kh|Ah:-100|100:DeepStack_20001|DeepStack_20000
STATE:594:r300c/cr900f:Ah|Ks/Kh:-300|300:DeepStack_20000|DeepStack_20001
STATE:595:cc/cc:Kh|Qh/As:100|-100:DeepStack_20001|DeepStack_20000
STATE:596:cc/cr300f:Ks|Qh/Qs:-100|100:DeepStack_20000|DeepStack_20001
STATE:597:cc/cc:As|Ks/Qs:100|-100:DeepStack_20001|DeepStack_20000
STATE:598:cc/cc:Ah|As/Kh:0|0:DeepStack_20000|DeepStack_20001
STATE:599:cc/cc:Qh|Ks/Qs:100|-100:DeepStack_20001|DeepStack_20000
STATE:600:r1200f:As|Qs:100|-100:DeepStack_20000|DeepStack_20001
STATE:601:cc/cc:Kh|Qs/Ah:100|-100:DeepStack_20001|DeepStack_20000
STATE:602:cc/cc:Qh|Qs/As:0|0:DeepStack_20000|DeepStack_20001
STATE:603:cr300c/cr1200f:Ks|Qh/Qs:-300|300:DeepStack_20001|DeepStack_20000
STATE:604:cr300c/cr1200f:Qs|Ah/As:-300|300:DeepStack_20000|DeepStack_20001
STATE:605:cc/cr300c:Ah|Qs/Qh:-300|300:DeepStack_20001|DeepStack_20000
STATE:606:cc/r300f:Ks|Qs/As:100|-100:DeepStack_20000|DeepStack_20001
STATE:607:r1200f:As|Qh:100|-100:DeepStack_20001|DeepStack_20000
STATE:608:cr300f:Qs|Qh:-100|100:DeepStack_20000|DeepStack_20001
STATE:609:cc/cr300r1200f:Qs|Kh/Qh:300|-300:DeepStack_20001|DeepStack_20000
STATE:610:cr1200c/:Ah|As/Qs:0|0:DeepStack_20000|DeepStack_20001
STATE:611:cc/r300f:As|Ks/Ah:100|-100:DeepStack_20001|DeepStack_20000
STATE:612:cc/cc:As|Qh/Ks:100|-100:DeepStack_20000|DeepStack_20001
STATE:613:r1200f:Ah|Qs:100|-100:DeepStack_20001|DeepStack_20000
STATE:614:cc/cr300f:As|Kh/Ks:-100|100:DeepStack_20000|DeepStack_20001
STATE:615:cc/r300f:As|Qh/Ah:100|-100:DeepStack_20001|DeepStack_20000
STATE:616:r1200f:Ah|Qh:100|-100:DeepStack_20000|DeepStack_20001
STATE:617:cc/cc:Qs|Ks/As:-100|100:DeepStack_20001|DeepStack_20000
STATE:618:cc/r300f:As|Qs/Ah:100|-100:DeepStack_20000|DeepStack_20001
STATE:619:cc/cr300f:Ks|Kh/Qh:-100|100:DeepStack_20001|DeepStack_20000
STATE:620:cc/cc:Qs|As/Qh:100|-100:DeepStack_20000|DeepStack_20001
STATE:621:r1200f:As|Ks:100|-100:DeepStack_20001|DeepStack_20000
STATE:622:r1200f:Ah|Qs:100|-100:DeepStack_20000|DeepStack_20001
STATE:623:cr300c/cr1200c:Ks|Qs/As:1200|-1200:DeepStack_20001|DeepStack_20000
STATE:624:cc/r1200f:Qs|Ks/Ah:100|-100:DeepStack_20000|DeepStack_20001
STATE:625:cr300f:Qs|As:-100|100:DeepStack_20001|DeepStack_20000
STATE:626:cc/cc:Qs|Ks/Ah:-100|100:DeepStack_20000|DeepStack_20001
STATE:627:cc/cc:Ks|Qs/Ah:100|-100:DeepStack_20001|DeepStack_20000
STATE:628:cr1200f:Qh|As:-100|100:DeepStack_20000|DeepStack_20001
STATE:629:r300f:Ks|Qh:100|-100:DeepStack_20001|DeepStack_20000
STATE:630:cc/cc:As|Kh/Qh:100|-100:DeepStack_20000|DeepStack_20001
STATE:631:cc/r300c:Qs|Kh/Ah:-300|300:DeepStack_20001|DeepStack_20000
STATE:632:cc/cc:Kh|Qh/Ks:100|-100:DeepStack_20000|DeepStack_20001
STATE:633:r1200c/:Ah|As/Ks:0|0:DeepStack_20001|DeepStack_20000
STATE:634:cr300f:Qh|Kh:-100|100:DeepStack_20000|DeepStack_20001
STATE:635:r1200f:As|Kh:100|-100:DeepStack_20001|DeepStack_20000
STATE:636:cr1200f:Qs|As:-100|100:DeepStack_20000|DeepStack_20001
STATE:637:r1200c/:As|Ah/Ks:0|0:DeepStack_20001|DeepStack_20000
STATE:638:cc/cc:Qs|Kh/Ah:-100|100:DeepStack_20000|DeepStack_20001
STATE:639:cc/cc:Kh|Qs/Ks:100|-100:DeepStack_20001|DeepStack_20000
STATE:640:cr300c/cr1200f:Qs|As/Ah:-300|300:DeepStack_20000|DeepStack_20001
STATE:641:r1200f:Ah|Qs:100|-100:DeepStack_20001|DeepStack_20000
STATE:642:cr300f:Ks|As:-100|100:DeepStack_20000|DeepStack_20001
STATE:643:cr1200f:Ks|Ah:-100|100:DeepStack_20001|DeepStack_20000
STATE:644:cr300r1200f:Ah|Ks:300|-300:DeepStack_20000|DeepStack_20001
STATE:645:cc/cc:As|Ks/Qh:100|-100:DeepStack_20001|DeepStack_20000
STATE:646:cr300f:Qs|Ah:-100|100:DeepStack_20000|DeepStack_20001
STATE:647:cr300f:Qs|Ah:-100|100:DeepStack_20001|DeepStack_20000
STATE:648:r300c/cr1200f:Kh|Qh/Qs:-300|300:DeepStack_20000|DeepStack_20001
STATE:649:cc/cr300c:As|Qs/Kh:300|-300:DeepStack_20001|DeepStack_20000
STATE:650:r300f:Ah|Qh:100|-100:DeepStack_20000|DeepStack_20001
STATE:651:r1200f:As|Ks:100|-100:DeepStack_20001|DeepStack_20000
STATE:652:cr300f:Qh|Kh:-100|100:DeepStack_20000|DeepStack_20001
STATE:653:cr1200c/:Ah|As/Ks:0|0:DeepStack_20001|DeepStack_20000
STATE:654:cc/cr300f:Qh|Ks/Kh:-100|100:DeepStack_20000|DeepStack_20001
STATE:655:cc/cc:Qs|Qh/Ah:0|0:DeepStack_20001|DeepStack_20000
STATE:656:cc/cc:Qs|As/Qh:100|-100:DeepStack_20000|DeepStack_20001
STATE:657:cr300c/r1200c:Kh|Ah/Qh:-1200|1200:DeepStack_20001|DeepStack_20000
STATE:658:cr1200f:Ks|As:-100|100:DeepStack_20000|DeepStack_20001
STATE:659:cc/cr300c:Ah|Kh/Ks:-300|300:DeepStack_20001|DeepStack_20000
STATE:660:cc/cc:Kh|As/Qh:-100|100:DeepStack_20000|DeepStack_20001
STATE:661:cc/cc:Ks|Kh/Ah:0|0:DeepStack_20001|DeepStack_20000
STATE:662:cr300c/cr900f:Ks|Kh/Qs:-300|300:DeepStack_20000|DeepStack_20001
STATE:663:r1200f:Ah|Ks:100|-100:DeepStack_20001|DeepStack_20000
STATE:664:cr300f:Qs|Ks:-100|100:DeepStack_20000|DeepStack_20001
STATE:665:r300c/cc:Qs|Ks/Qh:300|-300:DeepStack_20001|DeepStack_20000
STATE:666:cc/r300f:Kh|Qs/As:100|-100:DeepStack_20000|DeepStack_20001
STATE:667:cc/cc:Ah|Ks/Qh:100|-100:DeepStack_20001|DeepStack_20000
STATE:668:r1200f:Ah|Ks:100|-100:DeepStack_20000|DeepStack_20001
STATE:669:r1200f:Ah|Kh:100|-100:DeepStack_20001|DeepStack_20000
STATE:670:cr300c/cr1200f:Qs|Qh/Ah:-300|300:DeepStack_20000|DeepStack_20001
STATE:671:cr300f:Qh|As:-100|100:DeepStack_20001|DeepStack_20000
STATE:672:cr300f:Qh|Qs:-100|100:DeepStack_20000|DeepStack_20001
STATE:673:cc/r300c:As|Kh/Ah:300|-300:DeepStack_20001|DeepStack_20000
STATE:674:cr300f:Qs|As:-100|100:DeepStack_20000|DeepStack_20001
STATE:675:r1200c/:Ah|As/Qh:0|0:DeepStack_20001|DeepStack_20000
STATE:676:cc/r300c:Ks|Kh/Ah:0|0:DeepStack_20000|DeepStack_20001
STATE:677:cc/cc:As|Kh/Qh:100|-100:DeepStack_20001|DeepStack_20000
STATE:678:cc/cc:Ks|Qh/As:100|-100:DeepStack_20000|DeepStack_20001
STATE:679:cr300r1200c/:As|Ah/Ks:0|0:DeepStack_20001|DeepStack_20000
STATE:680:cc/r300f:Kh|Qh/Ah:100|-100:DeepStack_20000|DeepStack_20001
STATE:681:cc/r300c:As|Kh/Ah:300|-300:DeepStack_20001|DeepStack_20000
STATE:682:cc/cc:Qs|Qh/Ah:0|0:DeepStack_20000|DeepStack_20001
STATE:683:cr300f:Ks|Qs:-100|100:DeepStack_20001|DeepStack_20000
STATE:684:cr300r1200c/:Ah|As/Qs:0|0:DeepStack_20000|DeepStack_20001
STATE:685:cc/cr1200f:Qh|As/Ah:-100|100:DeepStack_20001|DeepStack_20000
STATE:686:r1200c/:As|Ah/Kh:0|0:DeepStack_20000|DeepStack_20001
STATE:687:cc/cr300f:Ks|Qs/Qh:-100|100:DeepStack_20001|DeepStack_20000
STATE:688:r300c/cc:As|Kh/Ah:300|-300:DeepStack_20000|DeepStack_20001
STATE:689:cc/cc:Qs|Qh/Kh:0|0:DeepStack_20001|DeepStack_20000
STATE:690:cr300c/r1200f:Ah|Qh/Kh:300|-300:DeepStack_20000|DeepStack_20001
STATE:691:cc/cc:Qs|Kh/Qh:100|-100:DeepStack_20001|DeepStack_20000
STATE:692:cr300f:Kh|Qs:-100|100:DeepStack_20000|DeepStack_20001
STATE:693:cr300c/cr1200c:As|Qs/Ah:1200|-1200:DeepStack_20001|DeepStack_20000
STATE:694:cc/cc:Qh|Qs/Ah:0|0:DeepStack_20000|DeepStack_20001
STATE:695:cr300f:Ks|As:-100|100:DeepStack_20001|DeepStack_20000
STATE:696:cc/cr300f:Ks|Qh/Qs:-100|100:DeepStack_20000|DeepStack_20001
STATE:697:cc/cr300f:Ks|Qs/Qh:-100|100:DeepStack_20001|DeepStack_20000
STATE:698:cr300f:Ks|Qs:-100|100:DeepStack_20000|DeepStack_20001
STATE:699:cc/cc:Qs|Kh/As:-100|100:DeepStack_20001|DeepStack_20000
STATE:700:cr300r1200f:Ah|Ks:300|-300:DeepStack_20000|DeepStack_20001
STATE:701:cr1200f:Kh|Ah:-100|100:DeepStack_20001|DeepStack_20000
STATE:702:r1200f:As|Kh:100|-100:DeepStack_20000|DeepStack_20001
STATE:703:cr300r1200c/:As|Ah/Qh:0|0:DeepStack_20001|DeepStack_20000
STATE:704:cc/cc:Ah|Kh/Qh:100|-100:DeepStack_20000|DeepStack_20001
STATE:705:cc/cr300f:Qs|Ks/Kh:-100|100:DeepStack_20001|DeepStack_20000
STATE:706:cr300f:Kh|Ks:-100|100:DeepStack_20000|DeepStack_20001
STATE:707:r300c/r1200c:Qh|As/Ah:-1200|1200:DeepStack_20001|DeepStack_20000
STATE:708:cc/cc:Qs|Qh/Ah:0|0:DeepStack_20000|DeepStack_20001
STATE:709:cc/cr1200f:Qh|As/Ah:-100|100:DeepStack_20001|DeepStack_20000
STATE:710:r1200f:Ah|Qh:100|-100:DeepStack_20000|DeepStack_20001
STATE:711:r300f:Qs|Qh:100|-100:DeepStack_20001|DeepStack_20000
STATE:712:cc/r300f:As|Qh/Ah:100|-100:DeepStack_20000|DeepStack_20001
STATE:713:r1200f:Ah|Qs:100|-100:DeepStack_20001|DeepStack_20000
STATE:714:r1200f:Ah|Kh:100|-100:DeepStack_20000|DeepStack_20001
STATE:715:cc/r300c:Ah|Kh/As:300|-300:DeepStack_20001|DeepStack_20000
STATE:716:cc/cr300f:Qs|Kh/Ks:-100|100:DeepStack_20000|DeepStack_20001
STATE:717:cr300f:Qs|As:-100|100:DeepStack_20001|DeepStack_20000
STATE:718:cr300f:Qh|As:-100|100:DeepStack_20000|DeepStack_20001
STATE:719:cr300f:Qh|As:-100|100:DeepStack_20001|DeepStack_20000
STATE:720:cc/r1200f:As|Ks/Ah:100|-100:DeepStack_20000|DeepStack_20001
STATE:721:r300c/cr1200f:Ah|Qh/Qs:-300|300:DeepStack_20001|DeepStack_20000
STATE:722:r1200f:Ah|Qs:100|-100:DeepStack_20000|DeepStack_20001
STATE:723:cr300f:Qs|Kh:-100|100:DeepStack_20001|DeepStack_20000
STATE:724:cc/cr300r1200f:Qh|Kh/Qs:300|-300:DeepStack_20000|DeepStack_20001
STATE:725:cc/cc:Qs|Qh/Ah:0|0:DeepStack_20001|DeepStack_20000
STATE:726:cr300f:Qh|Ah:-100|100:DeepStack_20000|DeepStack_20001
STATE:727:cr300r1200f:As|Qs:300|-300:DeepStack_20001|DeepStack_20000
STATE:728:cr300f:Qh|As:-100|100:DeepStack_20000|DeepStack_20001
STATE:729:cc/cc:Qh|Qs/As:0|0:DeepStack_20001|DeepStack_20000
STATE:730:cc/r300f:Kh|Qh/Ah:100|-100:DeepStack_20000|DeepStack_20001
STATE:731:cr300f:Qs|Ah:-100|100:DeepStack_20001|DeepStack_20000
STATE:732:cr300r1200f:As|Kh:300|-300:DeepStack_20000|DeepStack_20001
STATE:733:cr300f:Kh|Ks:-100|100:DeepStack_20001|DeepStack_20000
STATE:734:cc/r300r900f:Ks|As/Ah:-300|300:DeepStack_20000|DeepStack_20001
STATE:735:r1200f:Ah|Qh:100|-100:DeepStack_20001|DeepStack_20000
STATE:736:r1200f:Ah|Qs:100|-100:DeepStack_20000|DeepStack_20001
STATE:737:cr300c/r1200f:Qh|Ah/Qs:300|-300:DeepStack_20001|DeepStack_20000
STATE:738:cr300f:Kh|Ah:-100|100:DeepStack_20000|DeepStack_20001
STATE:739:cc/cc:Ks|Qh/As:100|-100:DeepStack_20001|DeepStack_20000
STATE:740:cr300r1200c/:As|Ah/Ks:0|0:DeepStack_20000|DeepStack_20001
STATE:741:cr300f:Qh|Ks:-100|100:DeepStack_20001|DeepStack_20000
STATE:742:cr300r1200f:As|Qh:300|-300:DeepStack_20000|DeepStack_20001
STATE:743:cr300f:Qs|Ah:-100|100:DeepStack_20001|DeepStack_20000
STATE:744:cr300f:Kh|Ah:-100|100:DeepStack_20000|DeepStack_20001
STATE:745:cr300f:Qs|As:-100|100:DeepStack_20001|DeepStack_20000
STATE:746:cc/cr300r1200f:Ks|Qs/Kh:300|-300:DeepStack_20000|DeepStack_20001
STATE:747:cr300f:Qh|As:-100|100:DeepStack_20001|DeepStack_20000
STATE:748:cc/cc:Qh|Ah/Kh:-100|100:DeepStack_20000|DeepStack_20001
STATE:749:cc/r300f:Ks|Qs/As:100|-100:DeepStack_20001|DeepStack_20000
STATE:750:cc/cc:Ks|Qs/As:100|-100:DeepStack_20000|DeepStack_20001
STATE:751:cr300f:Qs|As:-100|100:DeepStack_20001|DeepStack_20000
STATE:752:cr300f:Kh|Qh:-100|100:DeepStack_20000|DeepStack_20001
STATE:753:cc/cc:Kh|Qh/As:100|-100:DeepStack_20001|DeepStack_20000
STATE:754:r1200c/:As|Ah/Kh:0|0:DeepStack_20000|DeepStack_20001
STATE:755:r1200c/:As|Ah/Qh:0|0:DeepStack_20001|DeepStack_20000
STATE:756:r1200f:As|Kh:100|-100:DeepStack_20000|DeepStack_20001
STATE:757:cc/r300f:Qs|Qh/Ah:100|-100:DeepStack_20001|DeepStack_20000
STATE:758:r1200f:As|Ks:100|-100:DeepStack_20000|DeepStack_20001
STATE:759:cr300f:Ks|Ah:-100|100:DeepStack_20001|DeepStack_20000
STATE:760:cc/cr300f:Ah|Ks/Kh:-100|100:DeepStack_20000|DeepStack_20001
STATE:761:cc/r1200f:Ah|Ks/As:100|-100:DeepStack_20001|DeepStack_20000
STATE:762:cr300f:Qh|Qs:-100|100:DeepStack_20000|DeepStack_20001
STATE:763:r1200f:As|Kh:100|-100:DeepStack_20001|DeepStack_20000
STATE:764:cc/cc:Qh|Qs/Kh:0|0:DeepStack_20000|DeepStack_20001
STATE:765:cc/cc:Ks|Kh/Qh:0|0:DeepStack_20001|DeepStack_20000
STATE:766:cr300r1200c/:As|Ah/Ks:0|0:DeepStack_20000|DeepStack_20001
STATE:767:cr300c/cr1200f:Qs|Kh/Ah:-300|300:DeepStack_20001|DeepStack_20000
STATE:768:cr300f:Kh|Ah:-100|100:DeepStack_20000|DeepStack_20001
STATE:769:cr1200f:Qs|Ah:-100|100:DeepStack_20001|DeepStack_20000
STATE:770:cr300f:Qs|As:-100|100:DeepStack_20000|DeepStack_20001
STATE:771:cc/cr300f:Qh|Kh/Ks:-100|100:DeepStack_20001|DeepStack_20000
STATE:772:cr300c/cr1200f:Ks|Qh/As:-300|300:DeepStack_20000|DeepStack_20001
STATE:773:cr300f:Ks|Ah:-100|100:DeepStack_20001|DeepStack_20000
STATE:774:cr1200f:Kh|As:-100|100:DeepStack_20000|DeepStack_20001
STATE:775:cr300f:Qh|Kh:-100|100:DeepStack_20001|DeepStack_20000
STATE:776:cc/cr300f:Kh|Qs/Qh:-100|100:DeepStack_20000|DeepStack_20001
STATE:777:cr300r1200c/:As|Ah/Qs:0|0:DeepStack_20001|DeepStack_20000
STATE:778:cc/cr300f:Qh|Qs/Ks:-100|100:DeepStack_20000|DeepStack_20001
STATE:779:cc/cc:As|Qs/Kh:100|-100:DeepStack_20001|DeepStack_20000
STATE:780:cr300f:Kh|Qh:-100|100:DeepStack_20000|DeepStack_20001
STATE:781:cr300c/r1200f:Qh|As/Qs:300|-300:DeepStack_20001|DeepStack_20000
STATE:782:cr1200f:Ks|As:-100|100:DeepStack_20000|DeepStack_20001
STATE:783:cr300r1200f:Ah|Qs:300|-300:DeepStack_20001|DeepStack_20000
STATE:784:cr300c/cr1200f:Qh|Ah/As:-300|300:DeepStack_20000|DeepStack_20001
STATE:785:cc/cc:As|Qh/Kh:100|-100:DeepStack_20001|DeepStack_20000
STATE:786:cc/cc:Kh|Ks/Qh:0|0:DeepStack_20000|DeepStack_20001
STATE:787:cc/cr300f:Qs|Qh/Kh:-100|100:DeepStack_20001|DeepStack_20000
STATE:788:r1200f:Ah|Qs:100|-100:DeepStack_20000|DeepStack_20001
STATE:789:cr300f:Ks|As:-100|100:DeepStack_20001|DeepStack_20000
STATE:790:cc/cc:Qh|Ks/Ah:-100|100:DeepStack_20000|DeepStack_20001
STATE:791:cc/cc:Qs|Ks/Ah:-100|100:DeepStack_20001|DeepStack_20000
STATE:792:cc/r300f:As|Qh/Ah:100|-100:DeepStack_20000|DeepStack_20001
STATE:793:r300r1200f:Kh|Ah:-300|300:DeepStack_20001|DeepStack_20000
STATE:794:cr300f:Qs|Ks:-100|100:DeepStack_20000|DeepStack_20001
STATE:795:cc/cc:Ks|Qh/Kh:100|-100:DeepStack_20001|DeepStack_20000
STATE:796:cc/cr300f:Qh|Qs/Ks:-100|100:DeepStack_20000|DeepStack_20001
STATE:797:cc/cr300f:Qs|Ks/Kh:-100|100:DeepStack_20001|DeepStack_20000
STATE:798:cr1200f:Qs|Ah:-100|100:DeepStack_20000|DeepStack_20001
STATE:799:cc/cc:Ah|Qs/Kh:100|-100:DeepStack_20001|DeepStack_20000
STATE:800:cr1200f:Qh|As:-100|100:DeepStack_20000|DeepStack_20001
STATE:801:cc/cc:Ks|Qs/Kh:100|-100:DeepStack_20001|DeepStack_20000
STATE:802:cc/cc:Kh|Ks/Qs:0|0:DeepStack_20000|DeepStack_20001
STATE:803:cc/cr300f:Ks|Qs/Qh:-100|100:DeepStack_20001|DeepStack_20000
STATE:804:cc/cc:Kh|Qh/Ah:100|-100:DeepStack_20000|DeepStack_20001
STATE:805:cc/cc:Qh|Qs/Kh:0|0:DeepStack_20001|DeepStack_20000
STATE:806:cr300f:Kh|As:-100|100:DeepStack_20000|DeepStack_20001
STATE:807:r1200f:As|Qh:100|-100:DeepStack_20001|DeepStack_20000
STATE:808:cr300r1200c/:As|Ah/Ks:0|0:DeepStack_20000|DeepStack_20001
STATE:809:cr300f:Kh|Qs:-100|100:DeepStack_20001|DeepStack_20000
STATE:810:r1200f:Ah|Kh:100|-100:DeepStack_20000|DeepStack_20001
STATE:811:cr300f:Qs|As:-100|100:DeepStack_20001|DeepStack_20000
STATE:812:cr300r1200c/:As|Ah/Qs:0|0:DeepStack_20000|DeepStack_20001
STATE:813:cc/cr300f:Kh|Ks/Qh:-100|100:DeepStack_20001|DeepStack_20000
STATE:814:cr1200f:Ks|As:-100|100:DeepStack_20000|DeepStack_20001
STATE:815:cr300f:Qs|Ks:-100|100:DeepStack_20001|DeepStack_20000
STATE:816:r1200f:Ah|Qh:100|-100:DeepStack_20000|DeepStack_20001
STATE:817:cc/cc:As|Ks/Ah:100|-100:DeepStack_20001|DeepStack_20000
STATE:818:cr300f:Ks|As:-100|100:DeepStack_20000|DeepStack_20001
STATE:819:r1200f:Ah|Qs:100|-100:DeepStack_20001|DeepStack_20000
STATE:820:cr300c/cr1200f:Ks|As/Ah:-300|300:DeepStack_20000|DeepStack_20001
STATE:821:cr300f:Qh|Ah:-100|100:DeepStack_20001|DeepStack_20000
STATE:822:r1200f:Ah|Ks:100|-100:DeepStack_20000|DeepStack_20001
STATE:823:cc/cc:As|Kh/Qh:100|-100:DeepStack_20001|DeepStack_20000
STATE:824:cr300f:Qh|Ah:-100|100:DeepStack_20000|DeepStack_20001
STATE:825:cc/cc:Qs|Ks/Ah:-100|100:DeepStack_20001|DeepStack_20000
STATE:826:r1200f:Ah|Qs:100|-100:DeepStack_20000|DeepStack_20001
STATE:827:cr300f:Kh|As:-100|100:DeepStack_20001|DeepStack_20000
STATE:828:cc/cc:Kh|Ks/Qh:0|0:DeepStack_20000|DeepStack_20001
STATE:829:cc/r1200f:Ks|Qs/Ah:100|-100:DeepStack_20001|DeepStack_20000
STATE:830:cc/cc:Ah|Qh/Kh:100|-100:DeepStack_20000|DeepStack_20001
STATE:831:cr300r1200f:Ah|Qh:300|-300:DeepStack_20001|DeepStack_20000
STATE:832:cr300r1200f:As|Qh:300|-300:DeepStack_20000|DeepStack_20001
STATE:833:cr300f:Qs|As:-100|100:DeepStack_20001|DeepStack_20000
STATE:834:r1200f:Ah|Kh:100|-100:DeepStack_20000|DeepStack_20001
STATE:835:cc/r300f:Ks|Qs/As:100|-100:DeepStack_20001|DeepStack_20000
STATE:836:r1200c/:Ah|As/Ks:0|0:DeepStack_20000|DeepStack_20001
STATE:837:cr300f:Qs|Ah:-100|100:DeepStack_20001|DeepStack_20000
STATE:838:r1200c/:Ah|As/Qh:0|0:DeepStack_20000|DeepStack_20001
STATE:839:cc/cr300c:As|Qh/Ks:300|-300:DeepStack_20001|DeepStack_20000
STATE:840:r1200f:Ah|Qh:100|-100:DeepStack_20000|DeepStack_20001
STATE:841:cc/cc:Qh|Ks/Qs:100|-100:DeepStack_20001|DeepStack_20000
STATE:842:cr300f:Qs|Ah:-100|100:DeepStack_20000|DeepStack_20001
STATE:843:cc/cc:Qh|Ks/As:-100|100:DeepStack_20001|DeepStack_20000
STATE:844:cc/cc:Ah|Qh/Kh:100|-100:DeepStack_20000|DeepStack_20001
STATE:845:cc/r300f:Ks|Qs/Ah:100|-100:DeepStack_20001|DeepStack_20000
STATE:846:cc/cr300c:Ks|Kh/As:0|0:DeepStack_20000|DeepStack_20001
STATE:847:r1200f:Ah|Qh:100|-100:DeepStack_20001|DeepStack_20000
STATE:848:r300f:Ah|Qs:100|-100:DeepStack_20000|DeepStack_20001
STATE:849:cr1200f:Ks|As:-100|100:DeepStack_20001|DeepStack_20000
STATE:850:cr300c/r1200f:Kh|Ah/Ks:300|-300:DeepStack_20000|DeepStack_20001
STATE:851:r1200f:Ah|Ks:100|-100:DeepStack_20001|DeepStack_20000
STATE:852:cc/cr1200f:Qs|Ah/As:-100|100:DeepStack_20000|DeepStack_20001
STATE:853:r300c/cc:As|Ks/Ah:300|-300:DeepStack_20001|DeepStack_20000
STATE:854:r1200f:As|Ks:100|-100:DeepStack_20000|DeepStack_20001
STATE:855:r1200f:Ah|Ks:100|-100:DeepStack_20001|DeepStack_20000
STATE:856:cc/cr300f:Qh|Qs/Ks:-100|100:DeepStack_20000|DeepStack_20001
STATE:857:cc/r300f:Ks|Qh/As:100|-100:DeepStack_20001|DeepStack_20000
STATE:858:cr1200c/:Ah|As/Qs:0|0:DeepStack_20000|DeepStack_20001
STATE:859:cc/cc:Qs|Ks/As:-100|100:DeepStack_20001|DeepStack_20000
STATE:860:cr300f:Qs|Ah:-100|100:DeepStack_20000|DeepStack_20001
STATE:861:cr1200f:Qs|Ah:-100|100:DeepStack_20001|DeepStack_20000
STATE:862:cr300r1200c/:Ah|As/Kh:0|0:DeepStack_20000|DeepStack_20001
STATE:863:cc/cc:As|Qs/Ah:100|-100:DeepStack_20001|DeepStack_20000
STATE:864:cc/cr300c:Ah|Qs/Qh:-300|300:DeepStack_20000|DeepStack_20001
STATE:865:cr300c/r1200f:Qh|As/Qs:300|-300:DeepStack_20001|DeepStack_20000
STATE:866:cr300f:Kh|Ks:-100|100:DeepStack_20000|DeepStack_20001
STATE:867:r1200f:Ah|Ks:100|-100:DeepStack_20001|DeepStack_20000
STATE:868:cr300c/cr1200f:Qh|Ah/As:-300|300:DeepStack_20000|DeepStack_20001
STATE:869:cr300c/cr900f:Qs|Qh/As:-300|300:DeepStack_20001|DeepStack_20000
STATE:870:cc/cr300f:Qh|Kh/Ks:-100|100:DeepStack_20000|DeepStack_20001
STATE:871:cc/cr300f:Qh|Kh/Ks:-100|100:DeepStack_20001|DeepStack_20000
STATE:872:cr300c/cc:Kh|Ks/Ah:0|0:DeepStack_20000|DeepStack_20001
STATE:873:cc/r300f:Ks|Kh/Ah:100|-100:DeepStack_20001|DeepStack_20000
STATE:874:cc/cc:Ah|Kh/Qh:100|-100:DeepStack_20000|DeepStack_20001
STATE:875:cr300f:Qh|Ah:-100|100:DeepStack_20001|DeepStack_20000
STATE:876:cc/cr1200f:Qh|As/Ah:-100|100:DeepStack_20000|DeepStack_20001
STATE:877:cc/cr300f:Qh|Kh/Ks:-100|100:DeepStack_20001|DeepStack_20000
STATE:878:cr1200f:Ks|As:-100|100:DeepStack_20000|DeepStack_20001
STATE:879:cc/cr1200f:Qh|As/Ah:-100|100:DeepStack_20001|DeepStack_20000
STATE:880:r1200f:Ah|Qh:100|-100:DeepStack_20000|DeepStack_20001
STATE:881:cr300r1200c/:As|Ah/Ks:0|0:DeepStack_20001|DeepStack_20000
STATE:882:cr300f:Qh|As:-100|100:DeepStack_20000|DeepStack_20001
STATE:883:r1200f:Ah|Ks:100|-100:DeepStack_20001|DeepStack_20000
STATE:884:r1200f:Ah|Qs:100|-100:DeepStack_20000|DeepStack_20001
STATE:885:r1200c/:As|Ah/Qh:0|0:DeepStack_20001|DeepStack_20000
STATE:886:cc/cc:Qh|Qs/Ks:0|0:DeepStack_20000|DeepStack_20001
STATE:887:cr300f:Ks|Ah:-100|100:DeepStack_20001|DeepStack_20000
STATE:888:r300c/r1200f:As|Kh/Ah:300|-300:DeepStack_20000|DeepStack_20001
STATE:889:cr300f:Qs|Kh:-100|100:DeepStack_20001|DeepStack_20000
STATE:890:cc/cc:Qs|Qh/Kh:0|0:DeepStack_20000|DeepStack_20001
STATE:891:cc/cr300f:Ah|Ks/Qs:-100|100:DeepStack_20001|DeepStack_20000
STATE:892:cc/cc:Qs|Kh/Qh:100|-100:DeepStack_20000|DeepStack_20001
STATE:893:cc/cc:Kh|Ks/As:0|0:DeepStack_20001|DeepStack_20000
STATE:894:r1200c/:Ah|As/Ks:0|0:DeepStack_20000|DeepStack_20001
STATE:895:r1200f:Ah|Kh:100|-100:DeepStack_20001|DeepStack_20000
STATE:896:cc/cc:Kh|Ks/Ah:0|0:DeepStack_20000|DeepStack_20001
STATE:897:cr300r1200f:Ah|Ks:300|-300:DeepStack_20001|DeepStack_20000
STATE:898:r1200f:Ah|Qh:100|-100:DeepStack_20000|DeepStack_20001
STATE:899:cc/cc:Kh|Ah/Ks:100|-100:DeepStack_20001|DeepStack_20000
STATE:900:cr300f:Kh|Ah:-100|100:DeepStack_20000|DeepStack_20001
STATE:901:cc/r300f:As|Qh/Ah:100|-100:DeepStack_20001|DeepStack_20000
STATE:902:cr1200c/:Ah|As/Qs:0|0:DeepStack_20000|DeepStack_20001
STATE:903:cr300r1200f:Ah|Qs:300|-300:DeepStack_20001|DeepStack_20000
STATE:904:cc/r300f:Kh|Qh/As:100|-100:DeepStack_20000|DeepStack_20001
STATE:905:cr300c/cr900f:Qs|Ah/Kh:-300|300:DeepStack_20001|DeepStack_20000
STATE:906:cc/cc:Qh|Kh/Qs:100|-100:DeepStack_20000|DeepStack_20001
STATE:907:cc/cc:Ks|Kh/Qh:0|0:DeepStack_20001|DeepStack_20000
STATE:908:cr300f:Qh|Ah:-100|100:DeepStack_20000|DeepStack_20001
STATE:909:r1200f:Ah|Qh:100|-100:DeepStack_20001|DeepStack_20000
STATE:910:cc/cc:Kh|Ah/Qh:-100|100:DeepStack_20000|DeepStack_20001
STATE:911:cr300c/cc:Qs|Ah/Kh:-300|300:DeepStack_20001|DeepStack_20000
STATE:912:cc/cr1200f:Qs|Qh/As:-100|100:DeepStack_20000|DeepStack_20001
STATE:913:cc/cc:As|Ks/Qh:100|-100:DeepStack_20001|DeepStack_20000
STATE:914:cc/cc:Qh|Ks/Qs:100|-100:DeepStack_20000|DeepStack_20001
STATE:915:cr300f:Qh|Ks:-100|100:DeepStack_20001|DeepStack_20000
STATE:916:cr300f:Qh|Kh:-100|100:DeepStack_20000|DeepStack_20001
STATE:917:r1200f:Ah|Qh:100|-100:DeepStack_20001|DeepStack_20000
STATE:918:cr300r1200c/:As|Ah/Qh:0|0:DeepStack_20000|DeepStack_20001
STATE:919:cc/cc:Qh|Kh/As:-100|100:DeepStack_20001|DeepStack_20000
STATE:920:cc/cc:As|Qh/Ks:100|-100:DeepStack_20000|DeepStack_20001
STATE:921:cc/cc:Ks|Qs/As:100|-100:DeepStack_20001|DeepStack_20000
STATE:922:r1200c/:Ah|As/Kh:0|0:DeepStack_20000|DeepStack_20001
STATE:923:cc/r1200f:Qs|Kh/Ah:100|-100:DeepStack_20001|DeepStack_20000
STATE:924:cc/cc:Qs|Ks/Ah:-100|100:DeepStack_20000|DeepStack_20001
STATE:925:cr300c/cc:Ks|Kh/As:0|0:DeepStack_20001|DeepStack_20000
STATE:926:cc/cr300f:Ah|Ks/Kh:-100|100:DeepStack_20000|DeepStack_20001
STATE:927:cr300r1200f:As|Ks:300|-300:DeepStack_20001|DeepStack_20000
STATE:928:r1200f:As|Kh:100|-100:DeepStack_20000|DeepStack_20001
STATE:929:r1200f:Ah|Kh:100|-100:DeepStack_20001|DeepStack_20000
STATE:930:cr300r1200f:As|Qh:300|-300:DeepStack_20000|DeepStack_20001
STATE:931:cc/cc:Qs|Qh/Ah:0|0:DeepStack_20001|DeepStack_20000
STATE:932:r300c/cc:Ks|Ah/Qs:-300|300:DeepStack_20000|DeepStack_20001
STATE:933:r1200f:Ah|Qs:100|-100:DeepStack_20001|DeepStack_20000
STATE:934:cc/cc:Ks|Qs/Kh:100|-100:DeepStack_20000|DeepStack_20001
STATE:935:r1200f:As|Qh:100|-100:DeepStack_20001|DeepStack_20000
STATE:936:r1200c/:Ah|As/Kh:0|0:DeepStack_20000|DeepStack_20001
STATE:937:r1200f:Ah|Qs:100|-100:DeepStack_20001|DeepStack_20000
STATE:938:cc/cc:Qh|Ks/Ah:-100|100:DeepStack_20000|DeepStack_20001
STATE:939:cc/cc:Ks|Kh/As:0|0:DeepStack_20001|DeepStack_20000
STATE:940:cc/cc:As|Ks/Qh:100|-100:DeepStack_20000|DeepStack_20001
STATE:941:r1200f:Ah|Ks:100|-100:DeepStack_20001|DeepStack_20000
STATE:942:cc/cc:As|Qh/Ks:100|-100:DeepStack_20000|DeepStack_20001
STATE:943:cc/cc:As|Ks/Qh:100|-100:DeepStack_20001|DeepStack_20000
STATE:944:r300c/cc:Ks|Kh/As:0|0:DeepStack_20000|DeepStack_20001
STATE:945:cr1200f:Kh|As:-100|100:DeepStack_20001|DeepStack_20000
STATE:946:cc/cc:Qs|Ks/As:-100|100:DeepStack_20000|DeepStack_20001
STATE:947:cr300r1200f:As|Kh:300|-300:DeepStack_20001|DeepStack_20000
STATE:948:cc/cr300f:Qh|Qs/Ks:-100|100:DeepStack_20000|DeepStack_20001
STATE:949:cc/cc:Qh|As/Ks:-100|100:DeepStack_20001|DeepStack_20000
STATE:950:cr300f:Kh|Ah:-100|100:DeepStack_20000|DeepStack_20001
STATE:951:cr300f:Kh|As:-100|100:DeepStack_20001|DeepStack_20000
STATE:952:cc/cc:Qh|Ks/As:-100|100:DeepStack_20000|DeepStack_20001
STATE:953:cc/cc:Qh|Ks/As:-100|100:DeepStack_20001|DeepStack_20000
STATE:954:cc/r300f:Kh|Qh/Ah:100|-100:DeepStack_20000|DeepStack_20001
STATE:955:cc/cc:Qs|Kh/Qh:100|-100:DeepStack_20001|DeepStack_20000
STATE:956:cc/cr300f:Qs|Ks/Kh:-100|100:DeepStack_20000|DeepStack_20001
STATE:957:cr300f:Kh|Ah:-100|100:DeepStack_20001|DeepStack_20000
STATE:958:cc/cc:Qs|Qh/Kh:0|0:DeepStack_20000|DeepStack_20001
STATE:959:cr300f:Qs|As:-100|100:DeepStack_20001|DeepStack_20000
STATE:960:cc/r300f:Ks|Qs/Ah:100|-100:DeepStack_20000|DeepStack_20001
STATE:961:cr300r1200c/:Ah|As/Ks:0|0:DeepStack_20001|DeepStack_20000
STATE:962:r1200f:As|Qh:100|-100:DeepStack_20000|DeepStack_20001
STATE:963:cr300c/cr1200c:Ah|Kh/Ks:-1200|1200:DeepStack_20001|DeepStack_20000
STATE:964:cc/cc:Qh|Ks/Qs:100|-100:DeepStack_20000|DeepStack_20001
STATE:965:r1200f:As|Qh:100|-100:DeepStack_20001|DeepStack_20000
STATE:966:cr300r1200f:As|Qs:300|-300:DeepStack_20000|DeepStack_20001
STATE:967:cc/r300f:Kh|Qh/Ah:100|-100:DeepStack_20001|DeepStack_20000
STATE:968:r1200c/:As|Ah/Qh:0|0:DeepStack_20000|DeepStack_20001
STATE:969:r300c/cr900f:Qh|Ks/Kh:-300|300:DeepStack_20001|DeepStack_20000
STATE:970:r1200c/:As|Ah/Qh:0|0:DeepStack_20000|DeepStack_20001
STATE:971:cr300f:Kh|Ah:-100|100:DeepStack_20001|DeepStack_20000
STATE:972:cr300c/r1200c:Ks|Ah/Kh:1200|-1200:DeepStack_20000|DeepStack_20001
STATE:973:cr1200f:Kh|As:-100|100:DeepStack_20001|DeepStack_20000
STATE:974:cr1200f:Ks|As:-100|100:DeepStack_20000|DeepStack_20001
STATE:975:r300f:Ks|Qh:100|-100:DeepStack_20001|DeepStack_20000
STATE:976:r1200f:Ah|Qs:100|-100:DeepStack_20000|DeepStack_20001
STATE:977:cc/cc:Qh|Kh/Ah:-100|100:DeepStack_20001|DeepStack_20000
STATE:978:cc/cc:As|Qh/Kh:100|-100:DeepStack_20000|DeepStack_20001
STATE:979:r1200c/:Ah|As/Qs:0|0:DeepStack_20001|DeepStack_20000
STATE:980:cc/cc:Kh|Ks/Qh:0|0:DeepStack_20000|DeepStack_20001
STATE:981:cc/cc:Kh|Qh/Ks:100|-100:DeepStack_20001|DeepStack_20000
STATE:982:r1200c/:As|Ah/Ks:0|0:DeepStack_20000|DeepStack_20001
STATE:983:cr300c/cc:Qh|Kh/Ah:-300|300:DeepStack_20001|DeepStack_20000
STATE:984:cc/cc:Ks|Qh/Kh:100|-100:DeepStack_20000|DeepStack_20001
STATE:985:cc/r300f:Kh|Qh/As:100|-100:DeepStack_20001|DeepStack_20000
STATE:986:cr300f:Ks|Ah:-100|100:DeepStack_20000|DeepStack_20001
STATE:987:cc/cr300c:As|Kh/Ks:-300|300:DeepStack_20001|DeepStack_20000
STATE:988:cc/cc:Ks|Kh/Qs:0|0:DeepStack_20000|DeepStack_20001
STATE:989:r300c/cc:As|Ks/Qh:300|-300:DeepStack_20001|DeepStack_20000
STATE:990:r300c/cc:Ah|Qh/Ks:300|-300:DeepStack_20000|DeepStack_20001
STATE:991:cr300f:Qh|Qs:-100|100:DeepStack_20001|DeepStack_20000
STATE:992:cc/cc:As|Ah/Ks:0|0:DeepStack_20000|DeepStack_20001
STATE:993:cr300f:Kh|Qh:-100|100:DeepStack_20001|DeepStack_20000
STATE:994:r300c/cr900f:Qs|Qh/Kh:-300|300:DeepStack_20000|DeepStack_20001
STATE:995:cc/r300f:As|Qs/Ah:100|-100:DeepStack_20001|DeepStack_20000
STATE:996:r1200f:Ah|Ks:100|-100:DeepStack_20000|DeepStack_20001
STATE:997:cc/cr300f:Ks|Qh/Qs:-100|100:DeepStack_20001|DeepStack_20000
STATE:998:cc/cc:Qs|Ah/Qh:100|-100:DeepStack_20000|DeepStack_20001
STATE:999:cc/cr300f:As|Qh/Qs:-100|100:DeepStack_20001|DeepStack_20000
SCORE:3100|-3100:DeepStack_20000|DeepStack_20001
