# name/game/hands/seed c1_dp_dp_1k leduc.game 1000 11
#--t_response 600000
#--t_hand 600000
#--t_per_hand 7000
STATE:0:cr300f:Qs|Ks:-100|100:DeepStack_20000|DeepStack_20001
STATE:1:r1200f:As|Qs:100|-100:DeepStack_20001|DeepStack_20000
STATE:2:r300f:As|Qh:100|-100:DeepStack_20000|DeepStack_20001
STATE:3:cr300r1200c/:As|Ah/Qh:0|0:DeepStack_20001|DeepStack_20000
STATE:4:cc/cc:As|Ks/Qh:100|-100:DeepStack_20000|DeepStack_20001
STATE:5:cr300f:Qs|As:-100|100:DeepStack_20001|DeepStack_20000
STATE:6:cc/cr300f:Ks|Kh/Qh:-100|100:DeepStack_20000|DeepStack_20001
STATE:7:cc/cc:Ks|Qs/Kh:100|-100:DeepStack_20001|DeepStack_20000
STATE:8:cc/cc:Qh|Qs/Kh:0|0:DeepStack_20000|DeepStack_20001
STATE:9:cc/r300f:Kh|Qh/As:100|-100:DeepStack_20001|DeepStack_20000
STATE:10:cr1200f:Kh|As:-100|100:DeepStack_20000|DeepStack_20001
STATE:11:cc/r300f:Kh|Qs/Ah:100|-100:DeepStack_20001|DeepStack_20000
STATE:12:cc/cc:Qs|Ks/Ah:-100|100:DeepStack_20000|DeepStack_20001
STATE:13:r1200f:Ah|Ks:100|-100:DeepStack_20001|DeepStack_20000
STATE:14:cr300c/cc:Ks|Ah/Qs:-300|300:DeepStack_20000|DeepStack_20001
STATE:15:r1200f:Ah|Qh:100|-100:DeepStack_20001|DeepStack_20000
STATE:16:r1200f:Ah|Qh:100|-100:DeepStack_20000|DeepStack_20001
STATE:17:cr300r1200f:Ah|Kh:300|-300:DeepStack_20001|DeepStack_20000
STATE:18:cr300f:Qs|Qh:-100|100:DeepStack_20000|DeepStack_20001
STATE:19:cr300f:Ks|Qh:-100|100:DeepStack_20001|DeepStack_20000
STATE:20:cr300r1200c/:As|Ah/Qs:0|0:DeepStack_20000|DeepStack_20001
STATE:21:r1200f:As|Kh:100|-100:DeepStack_20001|DeepStack_20000
STATE:22:cc/cc:Ks|Kh/Qs:0|0:DeepStack_20000|DeepStack_20001
STATE:23:cr300f:Kh|Qh:-100|100:DeepStack_20001|DeepStack_20000
STATE:24:cc/cr300r1200f:Ks|Qh/Kh:300|-300:DeepStack_20000|DeepStack_20001
STATE:25:cc/cc:Ks|Kh/Ah:0|0:DeepStack_20001|DeepStack_20000
STATE:26:r1200f:Ah|Qs:100|-100:DeepStack_20000|DeepStack_20001
STATE:27:cr300f:Qs|Ah:-100|100:DeepStack_20001|DeepStack_20000
STATE:28:cr300f:Qh|Ks:-100|100:DeepStack_20000|DeepStack_20001
STATE:29:cr300c/cc:Qs|Ah/Kh:-300|300:DeepStack_20001|DeepStack_20000
STATE:30:cc/cc:Qh|Kh/Qs:100|-100:DeepStack_20000|DeepStack_20001
STATE:31:cc/cc:Ks|Kh/Qh:0|0:DeepStack_20001|DeepStack_20000
STATE:32:cc/cr300f:Ks|Qs/Qh:-100|100:DeepStack_20000|DeepStack_20001
STATE:33:cc/cc:Kh|Ah/Qs:-100|100:DeepStack_20001|DeepStack_20000
STATE:34:cc/cc:Kh|Qs/Ks:100|-100:DeepStack_20000|DeepStack_20001
STATE:35:cc/cr300f:Ks|Qh/Qs:-100|100:DeepStack_20001|DeepStack_20000
STATE:36:r1200f:Ah|Qh:100|-100:DeepStack_20000|DeepStack_20001
STATE:37:cc/cr300f:Qh|Qs/Kh:-100|100:DeepStack_20001|DeepStack_20000
STATE:38:cc/cc:Qh|Kh/Qs:100|-100:DeepStack_20000|DeepStack_20001
STATE:39:cc/cc:Qh|Qs/Ah:0|0:DeepStack_20001|DeepStack_20000
STATE:40:cc/cc:Qs|Ks/Ah:-100|100:DeepStack_20000|DeepStack_20001
STATE:41:cc/cc:Qh|Qs/As:0|0:DeepStack_20001|DeepStack_20000
STATE:42:cr300f:Qs|Qh:-100|100:DeepStack_20000|DeepStack_20001
STATE:43:cr300f:Qh|Ah:-100|100:DeepStack_20001|DeepStack_20000
STATE:44:cr300f:Ks|As:-100|100:DeepStack_20000|DeepStack_20001
STATE:45:cc/cc:Kh|Qs/As:100|-100:DeepStack_20001|DeepStack_20000
STATE:46:cc/cc:Ks|Kh/Ah:0|0:DeepStack_20000|DeepStack_20001
STATE:47:cr300f:Qh|As:-100|100:DeepStack_20001|DeepStack_20000
STATE:48:cc/cr300f:Kh|Ks/Qs:-100|100:DeepStack_20000|DeepStack_20001
STATE:49:cr300f:Qs|As:-100|100:DeepStack_20001|DeepStack_20000
STATE:50:cc/cc:Ks|Qs/Ah:100|-100:DeepStack_20000|DeepStack_20001
STATE:51:r300c/cc:As|Kh/Qh:300|-300:DeepStack_20001|DeepStack_20000
STATE:52:cr300f:Ks|Ah:-100|100:DeepStack_20000|DeepStack_20001
STATE:53:r1200f:As|Kh:100|-100:DeepStack_20001|DeepStack_20000
STATE:54:cr300c/cr900c:Ks|Qs/As:900|-900:DeepStack_20000|DeepStack_20001
STATE:55:r300c/cr1200c:Kh|As/Ah:-1200|1200:DeepStack_20001|DeepStack_20000
STATE:56:cr300f:Qh|Ah:-100|100:DeepStack_20000|DeepStack_20001
STATE:57:r1200f:As|Qs:100|-100:DeepStack_20001|DeepStack_20000
STATE:58:cr300f:Ks|As:-100|100:DeepStack_20000|DeepStack_20001
STATE:59:cc/cc:Ks|Qh/As:100|-100:DeepStack_20001|DeepStack_20000
STATE:60:cc/cr300c:Ah|Qh/Ks:300|-300:DeepStack_20000|DeepStack_20001
STATE:61:cc/cr300c:As|Qs/Kh:300|-300:DeepStack_20001|DeepStack_20000
STATE:62:cc/r300r900c:Kh|Ah/As:-900|900:DeepStack_20000|DeepStack_20001
STATE:63:cr300c/cc:Qs|Kh/Ah:-300|300:DeepStack_20001|DeepStack_20000
STATE:64:cc/cr300r1200f:Qh|Ks/Qs:300|-300:DeepStack_20000|DeepStack_20001
STATE:65:cr300r1200f:As|Qs:300|-300:DeepStack_20001|DeepStack_20000
STATE:66:cr300c/cr1200f:Kh|Qs/Ah:-300|300:DeepStack_20000|DeepStack_20001
STATE:67:cc/cr300f:Qh|Qs/Ks:-100|100:DeepStack_20001|DeepStack_20000
STATE:68:cc/cr300f:Ks|Qh/Qs:-100|100:DeepStack_20000|DeepStack_20001
STATE:69:cr300f:Qs|Ah:-100|100:DeepStack_20001|DeepStack_20000
STATE:70:r1200c/:As|Ah/Kh:0|0:DeepStack_20000|DeepStack_20001
STATE:71:cr300f:Ks|Kh:-100|100:DeepStack_20001|DeepStack_20000
STATE:72:cc/cc:As|Kh/Ah:100|-100:DeepStack_20000|DeepStack_20001
STATE:73:cc/cr300f:Qh|Ks/Kh:-100|100:DeepStack_20001|DeepStack_20000
STATE:74:cc/cc:Ah|Qs/Ks:100|-100:DeepStack_20000|DeepStack_20001
STATE:75:cr300r1200c/:As|Ah/Kh:0|0:DeepStack_20001|DeepStack_20000
STATE:76:r1200f:Ah|Kh:100|-100:DeepStack_20000|DeepStack_20001
STATE:77:cr300c/cc:Qs|Ah/Ks:-300|300:DeepStack_20001|DeepStack_20000
STATE:78:cc/cr300f:As|Qs/Kh:-100|100:DeepStack_20000|DeepStack_20001
STATE:79:cc/cc:Qs|Ks/Ah:-100|100:DeepStack_20001|DeepStack_20000
STATE:80:cr300c/cr900f:Ks|Ah/As:-300|300:DeepStack_20000|DeepStack_20001
STATE:81:cr1200f:Qs|As:-100|100:DeepStack_20001|DeepStack_20000
STATE:82:r1200f:Ah|Qh:100|-100:DeepStack_20000|DeepStack_20001
STATE:83:cc/r300c:Ks|Kh/Ah:0|0:DeepStack_20001|DeepStack_20000
STATE:84:r1200f:As|Kh:100|-100:DeepStack_20000|DeepStack_20001
STATE:85:cc/r1200f:Qs|Qh/As:100|-100:DeepStack_20001|DeepStack_20000
STATE:86:cc/cr300f:Ks|Qh/Qs:-100|100:DeepStack_20000|DeepStack_20001
STATE:87:r1200f:Ah|Kh:100|-100:DeepStack_20001|DeepStack_20000
STATE:88:cc/cr300f:As|Qs/Qh:-100|100:DeepStack_20000|DeepStack_20001
STATE:89:cr300f:Qs|Ah:-100|100:DeepStack_20001|DeepStack_20000
STATE:90:cc/cc:Ks|Qs/Kh:100|-100:DeepStack_20000|DeepStack_20001
STATE:91:cc/cc:Ah|Ks/Qs:100|-100:DeepStack_20001|DeepStack_20000
STATE:92:r1200f:As|Kh:100|-100:DeepStack_20000|DeepStack_20001
STATE:93:cc/cc:Kh|Ks/As:0|0:DeepStack_20001|DeepStack_20000
STATE:94:cc/cc:Ks|Qh/Kh:100|-100:DeepStack_20000|DeepStack_20001
STATE:95:cc/r300f:Kh|Qs/Ah:100|-100:DeepStack_20001|DeepStack_20000
STATE:96:cr300f:Ks|Qh:-100|100:DeepStack_20000|DeepStack_20001
STATE:97:cc/cr300f:Kh|Qh/Qs:-100|100:DeepStack_20001|DeepStack_20000
STATE:98:r1200f:Ah|Qh:100|-100:DeepStack_20000|DeepStack_20001
STATE:99:cr300r1200f:As|Qh:300|-300:DeepStack_20001|DeepStack_20000
STATE:100:cr300f:Ks|Qs:-100|100:DeepStack_20000|DeepStack_20001
STATE:101:cr300r1200c/:As|Ah/Kh:0|0:DeepStack_20001|DeepStack_20000
STATE:102:r1200f:Ah|Kh:100|-100:DeepStack_20000|DeepStack_20001
STATE:103:cr300f:Kh|Ah:-100|100:DeepStack_20001|DeepStack_20000
STATE:104:r300c/r1200f:Ah|Kh/As:300|-300:DeepStack_20000|DeepStack_20001
STATE:105:cc/cr300f:Qs|Kh/Ks:-100|100:DeepStack_20001|DeepStack_20000
STATE:106:cr300c/cr900f:Ks|Kh/Qs:-300|300:DeepStack_20000|DeepStack_20001
STATE:107:cc/cc:Ah|Qh/Kh:100|-100:DeepStack_20001|DeepStack_20000
STATE:108:r1200f:Ah|Qs:100|-100:DeepStack_20000|DeepStack_20001
STATE:109:cc/cr300f:Kh|Qh/Qs:-100|100:DeepStack_20001|DeepStack_20000
STATE:110:cc/r300f:Kh|Ks/Ah:100|-100:DeepStack_20000|DeepStack_20001
STATE:111:cc/r1200f:Ks|Qs/Ah:100|-100:DeepStack_20001|DeepStack_20000
STATE:112:cc/cc:Qs|Qh/As:0|0:DeepStack_20000|DeepStack_20001
STATE:113:cc/cr1200f:Qh|Kh/Ah:-100|100:DeepStack_20001|DeepStack_20000
STATE:114:cr300f:Qs|Ah:-100|100:DeepStack_20000|DeepStack_20001
STATE:115:cc/r300f:Kh|Qs/As:100|-100:DeepStack_20001|DeepStack_20000
STATE:116:cr300c/cc:Qh|Ks/As:-300|300:DeepStack_20000|DeepStack_20001
STATE:117:cc/r300f:Kh|Qh/As:100|-100:DeepStack_20001|DeepStack_20000
STATE:118:cc/r1200c:Qs|As/Ah:-1200|1200:DeepStack_20000|DeepStack_20001
STATE:119:cr300f:Qh|As:-100|100:DeepStack_20001|DeepStack_20000
STATE:120:cc/cc:Ah|Kh/Qs:100|-100:DeepStack_20000|DeepStack_20001
STATE:121:cr300c/r1200f:Kh|As/Ks:300|-300:DeepStack_20001|DeepStack_20000
STATE:122:cr1200f:Qh|As:-100|100:DeepStack_20000|DeepStack_20001
STATE:123:cc/r300f:Kh|Ks/As:100|-100:DeepStack_20001|DeepStack_20000
STATE:124:cr300f:Ks|Ah:-100|100:DeepStack_20000|DeepStack_20001
STATE:125:cr300f:Qs|Kh:-100|100:DeepStack_20001|DeepStack_20000
STATE:126:cc/r1200f:As|Ks/Ah:100|-100:DeepStack_20000|DeepStack_20001
STATE:127:cr300c/cr1200f:Ks|Kh/Qh:-300|300:DeepStack_20001|DeepStack_20000
STATE:128:cc/cr300f:As|Kh/Qs:-100|100:DeepStack_20000|DeepStack_20001
STATE:129:r1200c/:Ah|As/Qs:0|0:DeepStack_20001|DeepStack_20000
STATE:130:cc/cc:Ah|Ks/Qs:100|-100:DeepStack_20000|DeepStack_20001
STATE:131:cc/cc:Qh|Qs/Kh:0|0:DeepStack_20001|DeepStack_20000
STATE:132:cr1200c/:As|Ah/Ks:0|0:DeepStack_20000|DeepStack_20001
STATE:133:r1200f:Ah|Qs:100|-100:DeepStack_20001|DeepStack_20000
STATE:134:cc/r300f:As|Qh/Ah:100|-100:DeepStack_20000|DeepStack_20001
STATE:135:r300c/cc:Ks|Kh/Qh:0|0:DeepStack_20001|DeepStack_20000
STATE:136:cr300c/cr1200f:Qh|Kh/Ks:-300|300:DeepStack_20000|DeepStack_20001
STATE:137:cc/cc:Ah|Kh/Qs:100|-100:DeepStack_20001|DeepStack_20000
STATE:138:cr300r1200f:As|Qs:300|-300:DeepStack_20000|DeepStack_20001
STATE:139:cr300f:Qs|As:-100|100:DeepStack_20001|DeepStack_20000
STATE:140:cc/cc:Qs|Kh/As:-100|100:DeepStack_20000|DeepStack_20001
STATE:141:r1200f:Ah|Kh:100|-100:DeepStack_20001|DeepStack_20000
STATE:142:cc/r300f:Kh|Qs/Ah:100|-100:DeepStack_20000|DeepStack_20001
STATE:143:cr1200f:Kh|Ah:-100|100:DeepStack_20001|DeepStack_20000
STATE:144:cr300f:Ks|Qs:-100|100:DeepStack_20000|DeepStack_20001
STATE:145:cc/cc:Ah|Ks/Qs:100|-100:DeepStack_20001|DeepStack_20000
STATE:146:cc/r300f:Ks|Qs/As:100|-100:DeepStack_20000|DeepStack_20001
STATE:147:cc/r300f:Kh|Qs/Ah:100|-100:DeepStack_20001|DeepStack_20000
STATE:148:cc/cr300f:As|Kh/Ks:-100|100:DeepStack_20000|DeepStack_20001
STATE:149:cr300r1200f:Ah|Qh:300|-300:DeepStack_20001|DeepStack_20000
STATE:150:cr300c/cr1200c:Ks|As/Ah:-1200|1200:DeepStack_20000|DeepStack_20001
STATE:151:cr300f:Qs|Ah:-100|100:DeepStack_20001|DeepStack_20000
STATE:152:cc/r1200f:Qh|Ks/As:100|-100:DeepStack_20000|DeepStack_20001
STATE:153:cr300r1200c/:As|Ah/Qs:0|0:DeepStack_20001|DeepStack_20000
STATE:154:cc/cc:Qh|Qs/As:0|0:DeepStack_20000|DeepStack_20001
STATE:155:cr300c/cr1200f:Ks|Qh/Qs:-300|300:DeepStack_20001|DeepStack_20000
STATE:156:cc/r1200f:Ks|Qs/As:100|-100:DeepStack_20000|DeepStack_20001
STATE:157:r1200f:As|Qh:100|-100:DeepStack_20001|DeepStack_20000
STATE:158:cc/cr300c:As|Ks/Kh:-300|300:DeepStack_20000|DeepStack_20001
STATE:159:cr300f:Ks|Ah:-100|100:DeepStack_20001|DeepStack_20000
STATE:160:cr300f:Qh|Ah:-100|100:DeepStack_20000|DeepStack_20001
STATE:161:r1200c/:Ah|As/Qh:0|0:DeepStack_20001|DeepStack_20000
STATE:162:r300c/r1200f:Qh|Ks/As:300|-300:DeepStack_20000|DeepStack_20001
STATE:163:cr300f:Qh|Ah:-100|100:DeepStack_20001|DeepStack_20000
STATE:164:cr300f:Kh|As:-100|100:DeepStack_20000|DeepStack_20001
STATE:165:cr300f:Qh|As:-100|100:DeepStack_20001|DeepStack_20000
STATE:166:r300c/cc:Qs|Kh/Qh:300|-300:DeepStack_20000|DeepStack_20001
STATE:167:cc/r300f:Kh|Qs/As:100|-100:DeepStack_20001|DeepStack_20000
STATE:168:r1200f:Ah|Ks:100|-100:DeepStack_20000|DeepStack_20001
STATE:169:cc/cc:Qh|Ks/As:-100|100:DeepStack_20001|DeepStack_20000
STATE:170:cr300f:Qs|Ks:-100|100:DeepStack_20000|DeepStack_20001
STATE:171:cc/cc:Kh|Ks/Qs:0|0:DeepStack_20001|DeepStack_20000
STATE:172:cc/cc:Ks|Qh/Kh:100|-100:DeepStack_20000|DeepStack_20001
STATE:173:cc/cr300f:Ks|Qs/Qh:-100|100:DeepStack_20001|DeepStack_20000
STATE:174:cc/cc:As|Ks/Qh:100|-100:DeepStack_20000|DeepStack_20001
STATE:175:cc/cr1200f:Qs|Kh/Ah:-100|100:DeepStack_20001|DeepStack_20000
STATE:176:cc/cr300r900f:Kh|Qs/Ks:300|-300:DeepStack_20000|DeepStack_20001
STATE:177:cr300f:Qh|Ah:-100|100:DeepStack_20001|DeepStack_20000
STATE:178:cc/cc:Qh|Qs/Kh:0|0:DeepStack_20000|DeepStack_20001
STATE:179:cc/cc:Qs|Kh/Qh:100|-100:DeepStack_20001|DeepStack_20000
STATE:180:cr300f:Kh|Ah:-100|100:DeepStack_20000|DeepStack_20001
STATE:181:cr1200f:Qh|As:-100|100:DeepStack_20001|DeepStack_20000
STATE:182:cc/r300f:Kh|Qs/Ah:100|-100:DeepStack_20000|DeepStack_20001
STATE:183:cr300f:Qh|As:-100|100:DeepStack_20001|DeepStack_20000
STATE:184:cr300c/cr900f:Qh|Ah/As:-300|300:DeepStack_20000|DeepStack_20001
STATE:185:cc/cc:Qs|Kh/Ah:-100|100:DeepStack_20001|DeepStack_20000
STATE:186:cc/cc:Qs|Ks/Qh:100|-100:DeepStack_20000|DeepStack_20001
STATE:187:cc/cc:Ks|Kh/Qs:0|0:DeepStack_20001|DeepStack_20000
STATE:188:cr300r1200c/:As|Ah/Qh:0|0:DeepStack_20000|DeepStack_20001
STATE:189:r1200f:As|Ks:100|-100:DeepStack_20001|DeepStack_20000
STATE:190:cr300f:Ks|Ah:-100|100:DeepStack_20000|DeepStack_20001
STATE:191:cc/cc:As|Kh/Qs:100|-100:DeepStack_20001|DeepStack_20000
STATE:192:cc/r300c:Ks|Kh/As:0|0:DeepStack_20000|DeepStack_20001
STATE:193:cc/cr300f:As|Kh/Ks:-100|100:DeepStack_20001|DeepStack_20000
STATE:194:r300c/r900c:Kh|Ah/Ks:900|-900:DeepStack_20000|DeepStack_20001
STATE:195:r1200f:Ah|Kh:100|-100:DeepStack_20001|DeepStack_20000
STATE:196:cc/cr300f:Qs|Ks/Kh:-100|100:DeepStack_20000|DeepStack_20001
STATE:197:cc/r300c:Ah|Kh/As:300|-300:DeepStack_20001|DeepStack_20000
STATE:198:r1200f:Ah|Ks:100|-100:DeepStack_20000|DeepStack_20001
STATE:199:r1200c/:As|Ah/Ks:0|0:DeepStack_20001|DeepStack_20000
STATE:200:r1200f:Ah|Qh:100|-100:DeepStack_20000|DeepStack_20001
STATE:201:cc/r300f:Ks|Qh/As:100|-100:DeepStack_20001|DeepStack_20000
STATE:202:r1200f:As|Kh:100|-100:DeepStack_20000|DeepStack_20001
STATE:203:cr1200f:Ks|As:-100|100:DeepStack_20001|DeepStack_20000
STATE:204:cr300f:Qs|As:-100|100:DeepStack_20000|DeepStack_20001
STATE:205:cc/cc:Qs|Ks/Qh:100|-100:DeepStack_20001|DeepStack_20000
STATE:206:cc/r300f:Ah|Ks/As:100|-100:DeepStack_20000|DeepStack_20001
STATE:207:cr300f:Qh|Ah:-100|100:DeepStack_20001|DeepStack_20000
STATE:208:cc/cc:Qh|Kh/Ah:-100|100:DeepStack_20000|DeepStack_20001
STATE:209:cc/cc:Ah|Ks/Qs:100|-100:DeepStack_20001|DeepStack_20000
STATE:210:cr300f:Qh|Kh:-100|100:DeepStack_20000|DeepStack_20001
STATE:211:cr300f:Qh|As:-100|100:DeepStack_20001|DeepStack_20000
STATE:212:cc/cc:Kh|As/Qs:-100|100:DeepStack_20000|DeepStack_20001
STATE:213:r1200f:As|Qh:100|-100:DeepStack_20001|DeepStack_20000
STATE:214:cc/cc:Ah|Qh/Ks:100|-100:DeepStack_20000|DeepStack_20001
STATE:215:cr300c/r1200f:Qh|Ah/Kh:300|-300:DeepStack_20001|DeepStack_20000
STATE:216:cr300f:Qh|Ah:-100|100:DeepStack_20000|DeepStack_20001
STATE:217:r1200c/:As|Ah/Qh:0|0:DeepStack_20001|DeepStack_20000
STATE:218:cr300r1200c/:As|Ah/Qs:0|0:DeepStack_20000|DeepStack_20001
STATE:219:cc/cc:Qs|Qh/Ks:0|0:DeepStack_20001|DeepStack_20000
STATE:220:cc/cc:Kh|Qs/Ks:100|-100:DeepStack_20000|DeepStack_20001
STATE:221:cr300c/r1200f:Qh|As/Qs:300|-300:DeepStack_20001|DeepStack_20000
STATE:222:cr300f:Ks|As:-100|100:DeepStack_20000|DeepStack_20001
STATE:223:cc/cc:Kh|Qh/Ah:100|-100:DeepStack_20001|DeepStack_20000
STATE:224:cc/cr300r900f:Qs|Kh/Qh:300|-300:DeepStack_20000|DeepStack_20001
STATE:225:cr300f:Qh|As:-100|100:DeepStack_20001|DeepStack_20000
STATE:226:r1200f:Ah|Qs:100|-100:DeepStack_20000|DeepStack_20001
STATE:227:cc/cc:Kh|Qs/Ks:100|-100:DeepStack_20001|DeepStack_20000
STATE:228:r1200f:Ah|Qh:100|-100:DeepStack_20000|DeepStack_20001
STATE:229:cc/cr300r1200f:Qs|Kh/Qh:300|-300:DeepStack_20001|DeepStack_20000
STATE:230:cc/r1200f:Qs|Qh/Ah:100|-100:DeepStack_20000|DeepStack_20001
STATE:231:cc/cc:Qh|Ks/Ah:-100|100:DeepStack_20001|DeepStack_20000
STATE:232:cc/cr300f:Kh|Qh/Qs:-100|100:DeepStack_20000|DeepStack_20001
STATE:233:r1200f:As|Qs:100|-100:DeepStack_20001|DeepStack_20000
STATE:234:r1200f:Ah|Qh:100|-100:DeepStack_20000|DeepStack_20001
STATE:235:cc/cc:Qh|Ks/Ah:-100|100:DeepStack_20001|DeepStack_20000
STATE:236:r1200f:Ah|Qs:100|-100:DeepStack_20000|DeepStack_20001
STATE:237:cc/cc:Kh|Qh/Ks:100|-100:DeepStack_20001|DeepStack_20000
STATE:238:cc/r300f:Ah|Qh/As:100|-100:DeepStack_20000|DeepStack_20001
STATE:239:r1200f:As|Qh:100|-100:DeepStack_20001|DeepStack_20000
STATE:240:cc/r300f:Kh|Qh/As:100|-100:DeepStack_20000|DeepStack_20001
STATE:241:cc/cc:Ah|As/Qs:0|0:DeepStack_20001|DeepStack_20000
STATE:242:cc/r300f:Kh|Qh/As:100|-100:DeepStack_20000|DeepStack_20001
STATE:243:cc/r300f:As|Qh/Ah:100|-100:DeepStack_20001|DeepStack_20000
STATE:244:cr300c/r1200f:Ks|As/Kh:300|-300:DeepStack_20000|DeepStack_20001
STATE:245:cc/cc:Qh|Qs/As:0|0:DeepStack_20001|DeepStack_20000
STATE:246:cr300f:Ks|Kh:-100|100:DeepStack_20000|DeepStack_20001
STATE:247:cc/cc:Ks|Qh/As:100|-100:DeepStack_20001|DeepStack_20000
STATE:248:r1200f:As|Qs:100|-100:DeepStack_20000|DeepStack_20001
STATE:249:cr300r1200f:Ah|Qh:300|-300:DeepStack_20001|DeepStack_20000
STATE:250:cr300f:Ks|Ah:-100|100:DeepStack_20000|DeepStack_20001
STATE:251:cr300f:Qs|As:-100|100:DeepStack_20001|DeepStack_20000
STATE:252:cr300f:Ks|Qs:-100|100:DeepStack_20000|DeepStack_20001
STATE:253:cc/cc:Qs|Kh/Ah:-100|100:DeepStack_20001|DeepStack_20000
STATE:254:cr300f:Ks|As:-100|100:DeepStack_20000|DeepStack_20001
STATE:255:cr300f:Ks|Ah:-100|100:DeepStack_20001|DeepStack_20000
STATE:256:cc/cr300f:As|Ks/Kh:-100|100:DeepStack_20000|DeepStack_20001
STATE:257:cc/cc:Qh|Ah/Qs:100|-100:DeepStack_20001|DeepStack_20000
STATE:258:cr300f:Ks|As:-100|100:DeepStack_20000|DeepStack_20001
STATE:259:cc/cr300f:As|Qh/Qs:-100|100:DeepStack_20001|DeepStack_20000
STATE:260:cr1200f:Kh|As:-100|100:DeepStack_20000|DeepStack_20001
STATE:261:cr300f:Qs|Ah:-100|100:DeepStack_20001|DeepStack_20000
STATE:262:cr300c/r1200f:Qs|Qh/Kh:300|-300:DeepStack_20000|DeepStack_20001
STATE:263:cc/cc:Kh|Ks/As:0|0:DeepStack_20001|DeepStack_20000
STATE:264:cr300f:Qs|As:-100|100:DeepStack_20000|DeepStack_20001
STATE:265:cc/r300c:Kh|Ks/As:0|0:DeepStack_20001|DeepStack_20000
STATE:266:r1200f:Ah|Kh:100|-100:DeepStack_20000|DeepStack_20001
STATE:267:r1200c/:Ah|As/Qs:0|0:DeepStack_20001|DeepStack_20000
STATE:268:cr300f:Ks|Kh:-100|100:DeepStack_20000|DeepStack_20001
STATE:269:r1200f:Ah|Qh:100|-100:DeepStack_20001|DeepStack_20000
STATE:270:cc/cr300f:As|Ks/Kh:-100|100:DeepStack_20000|DeepStack_20001
STATE:271:cc/cc:Kh|Qs/Ks:100|-100:DeepStack_20001|DeepStack_20000
STATE:272:cc/cr300c:As|Ks/Qh:300|-300:DeepStack_20000|DeepStack_20001
STATE:273:cc/cc:Qs|Kh/Qh:100|-100:DeepStack_20001|DeepStack_20000
STATE:274:cc/cc:Qh|Qs/As:0|0:DeepStack_20000|DeepStack_20001
STATE:275:r1200f:Ah|Kh:100|-100:DeepStack_20001|DeepStack_20000
STATE:276:r300c/cr1200f:Ah|Kh/Ks:-300|300:DeepStack_20000|DeepStack_20001
STATE:277:cc/r1200f:As|Qs/Ah:100|-100:DeepStack_20001|DeepStack_20000
STATE:278:cc/cc:As|Kh/Qh:100|-100:DeepStack_20000|DeepStack_20001
STATE:279:cc/cr300f:As|Qh/Kh:-100|100:DeepStack_20001|DeepStack_20000
STATE:280:cr300r1200c/:As|Ah/Ks:0|0:DeepStack_20000|DeepStack_20001
STATE:281:cc/cr300f:Qs|Ks/Kh:-100|100:DeepStack_20001|DeepStack_20000
STATE:282:cr300f:Ks|As:-100|100:DeepStack_20000|DeepStack_20001
STATE:283:cr300c/cr900c:Ah|Ks/Qh:900|-900:DeepStack_20001|DeepStack_20000
STATE:284:cc/r1200f:Ks|Qh/As:100|-100:DeepStack_20000|DeepStack_20001
STATE:285:cr300c/r1200f:Qh|As/Qs:300|-300:DeepStack_20001|DeepStack_20000
STATE:286:r1200f:Ah|Qs:100|-100:DeepStack_20000|DeepStack_20001
STATE:287:r1200f:As|Kh:100|-100:DeepStack_20001|DeepStack_20000
STATE:288:r1200c/:Ah|As/Ks:0|0:DeepStack_20000|DeepStack_20001
STATE:289:cc/cc:Kh|Qs/As:100|-100:DeepStack_20001|DeepStack_20000
STATE:290:cr1200f:Qh|As:-100|100:DeepStack_20000|DeepStack_20001
STATE:291:cc/cc:Qh|Ks/Qs:100|-100:DeepStack_20001|DeepStack_20000
STATE:292:cr300c/cr1200f:Kh|Ks/Ah:-300|300:DeepStack_20000|DeepStack_20001
STATE:293:cc/r300f:Ks|Qh/Ah:100|-100:DeepStack_20001|DeepStack_20000
STATE:294:r300c/cc:Kh|Qs/Ah:300|-300:DeepStack_20000|DeepStack_20001
STATE:295:cc/r1200f:As|Qs/Ah:100|-100:DeepStack_20001|DeepStack_20000
STATE:296:cr1200f:Ks|As:-100|100:DeepStack_20000|DeepStack_20001
STATE:297:cr300f:Qs|Ah:-100|100:DeepStack_20001|DeepStack_20000
STATE:298:cr300r1200f:Ah|Kh:300|-300:DeepStack_20000|DeepStack_20001
STATE:299:cc/cc:As|Qs/Kh:100|-100:DeepStack_20001|DeepStack_20000
STATE:300:cr300f:Qs|Kh:-100|100:DeepStack_20000|DeepStack_20001
STATE:301:cc/cc:Ks|Qs/Kh:100|-100:DeepStack_20001|DeepStack_20000
STATE:302:r1200f:As|Ks:100|-100:DeepStack_20000|DeepStack_20001
STATE:303:cc/cc:Qh|Qs/As:0|0:DeepStack_20001|DeepStack_20000
STATE:304:cc/r300f:Ks|Qs/Ah:100|-100:DeepStack_20000|DeepStack_20001
STATE:305:cr300f:Kh|Qs:-100|100:DeepStack_20001|DeepStack_20000
STATE:306:cc/cc:Qs|Qh/Kh:0|0:DeepStack_20000|DeepStack_20001
STATE:307:r1200f:As|Qs:100|-100:DeepStack_20001|DeepStack_20000
STATE:308:cr300f:Ks|Ah:-100|100:DeepStack_20000|DeepStack_20001
STATE:309:r1200f:As|Qs:100|-100:DeepStack_20001|DeepStack_20000
STATE:310:cc/r300f:As|Qs/Ah:100|-100:DeepStack_20000|DeepStack_20001
STATE:311:r1200f:Ah|Qh:100|-100:DeepStack_20001|DeepStack_20000
STATE:312:cc/cc:Kh|Ks/Qh:0|0:DeepStack_20000|DeepStack_20001
STATE:313:cr1200f:Qh|As:-100|100:DeepStack_20001|DeepStack_20000
STATE:314:r1200f:As|Qh:100|-100:DeepStack_20000|DeepStack_20001
STATE:315:cc/cr300c:As|Ks/Qh:300|-300:DeepStack_20001|DeepStack_20000
STATE:316:cc/cr300f:Qh|Kh/Ks:-100|100:DeepStack_20000|DeepStack_20001
STATE:317:cr1200f:Qh|Ah:-100|100:DeepStack_20001|DeepStack_20000
STATE:318:cc/cc:Ah|Kh/Qh:100|-100:DeepStack_20000|DeepStack_20001
STATE:319:cc/r300f:Ks|Qs/Ah:100|-100:DeepStack_20001|DeepStack_20000
STATE:320:cc/cc:Qh|Kh/Ah:-100|100:DeepStack_20000|DeepStack_20001
STATE:321:r300c/r900f:Ah|Qs/As:300|-300:DeepStack_20001|DeepStack_20000
STATE:322:cc/cr300r900f:Qs|Kh/Qh:300|-300:DeepStack_20000|DeepStack_20001
STATE:323:cr300c/cr1200f:Ks|Kh/Ah:-300|300:DeepStack_20001|DeepStack_20000
STATE:324:cc/cc:As|Qs/Ks:100|-100:DeepStack_20000|DeepStack_20001
STATE:325:cc/cc:Kh|Ks/Qs:0|0:DeepStack_20001|DeepStack_20000
STATE:326:cr300r1200c/:Ah|As/Ks:0|0:DeepStack_20000|DeepStack_20001
STATE:327:r300c/cr1200f:Kh|Qh/Qs:-300|300:DeepStack_20001|DeepStack_20000
STATE:328:cr1200f:Kh|Ah:-100|100:DeepStack_20000|DeepStack_20001
STATE:329:cr300f:Ks|Qs:-100|100:DeepStack_20001|DeepStack_20000
STATE:330:cc/cc:Qs|Qh/Ks:0|0:DeepStack_20000|DeepStack_20001
STATE:331:cc/cr300f:Ks|Qh/Qs:-100|100:DeepStack_20001|DeepStack_20000
STATE:332:cr300c/cr1200f:Kh|As/Ah:-300|300:DeepStack_20000|DeepStack_20001
STATE:333:cr300f:Kh|Ks:-100|100:DeepStack_20001|DeepStack_20000
STATE:334:r1200f:As|Ks:100|-100:DeepStack_20000|DeepStack_20001
STATE:335:cr300c/r1200f:Ks|As/Qh:300|-300:DeepStack_20001|DeepStack_20000
STATE:336:cc/r300f:Ks|Qh/As:100|-100:DeepStack_20000|DeepStack_20001
STATE:337:r300c/r900f:Kh|Qs/Ks:300|-300:DeepStack_20001|DeepStack_20000
STATE:338:r1200f:Ah|Qs:100|-100:DeepStack_20000|DeepStack_20001
STATE:339:cr1200f:Qs|Ah:-100|100:DeepStack_20001|DeepStack_20000
STATE:340:cr300r1200c/:As|Ah/Qh:0|0:DeepStack_20000|DeepStack_20001
STATE:341:cr300r1200c/:As|Ah/Qh:0|0:DeepStack_20001|DeepStack_20000
STATE:342:cc/cc:Ks|As/Qh:-100|100:DeepStack_20000|DeepStack_20001
STATE:343:cc/cc:Qh|As/Kh:-100|100:DeepStack_20001|DeepStack_20000
STATE:344:cr300r1200f:Ah|Kh:300|-300:DeepStack_20000|DeepStack_20001
STATE:345:cc/r300f:Ks|Qh/Ah:100|-100:DeepStack_20001|DeepStack_20000
STATE:346:cr1200f:Ks|As:-100|100:DeepStack_20000|DeepStack_20001
STATE:347:cc/cc:Kh|Ks/Qs:0|0:DeepStack_20001|DeepStack_20000
STATE:348:cc/cc:Qh|Ks/As:-100|100:DeepStack_20000|DeepStack_20001
STATE:349:cc/cc:Qh|Qs/As:0|0:DeepStack_20001|DeepStack_20000
STATE:350:r1200f:Ah|Qs:100|-100:DeepStack_20000|DeepStack_20001
STATE:351:cc/r300f:Kh|Qs/Ah:100|-100:DeepStack_20001|DeepStack_20000
STATE:352:cc/cr300c:As|Qs/Qh:-300|300:DeepStack_20000|DeepStack_20001
STATE:353:cc/cr300f:Qh|Ks/Kh:-100|100:DeepStack_20001|DeepStack_20000
STATE:354:cc/cc:Ah|Qs/Ks:100|-100:DeepStack_20000|DeepStack_20001
STATE:355:cc/cr300f:Kh|Qh/Qs:-100|100:DeepStack_20001|DeepStack_20000
STATE:356:cr300f:Qs|Ah:-100|100:DeepStack_20000|DeepStack_20001
STATE:357:cr300r1200f:Ah|Kh:300|-300:DeepStack_20001|DeepStack_20000
STATE:358:cr1200f:Ks|As:-100|100:DeepStack_20000|DeepStack_20001
STATE:359:cr300f:Qs|As:-100|100:DeepStack_20001|DeepStack_20000
STATE:360:cc/cc:Ah|Qh/Kh:100|-100:DeepStack_20000|DeepStack_20001
STATE:361:r1200f:As|Kh:100|-100:DeepStack_20001|DeepStack_20000
STATE:362:cr300r1200f:As|Ks:300|-300:DeepStack_20000|DeepStack_20001
STATE:363:cc/r300f:As|Qs/Ah:100|-100:DeepStack_20001|DeepStack_20000
STATE:364:cc/cr300f:Kh|Qs/Qh:-100|100:DeepStack_20000|DeepStack_20001
STATE:365:cr300r1200c/:As|Ah/Qs:0|0:DeepStack_20001|DeepStack_20000
STATE:366:cr300r1200c/:As|Ah/Qh:0|0:DeepStack_20000|DeepStack_20001
STATE:367:cr1200c/:Ah|As/Qs:0|0:DeepStack_20001|DeepStack_20000
STATE:368:r300c/cc:Ah|Qh/Ks:300|-300:DeepStack_20000|DeepStack_20001
STATE:369:cc/cr300f:Qs|Kh/Ks:-100|100:DeepStack_20001|DeepStack_20000
STATE:370:cc/r300f:Kh|Qh/Ah:100|-100:DeepStack_20000|DeepStack_20001
STATE:371:cr300c/cr900f:Qh|Ah/As:-300|300:DeepStack_20001|DeepStack_20000
STATE:372:cr300f:Ks|Ah:-100|100:DeepStack_20000|DeepStack_20001
STATE:373:cc/cr300c:Ah|Kh/Ks:-300|300:DeepStack_20001|DeepStack_20000
STATE:374:cc/cc:Qh|Qs/Kh:0|0:DeepStack_20000|DeepStack_20001
STATE:375:r1200f:As|Qh:100|-100:DeepStack_20001|DeepStack_20000
STATE:376:cr300c/r1200f:Qh|Kh/Qs:300|-300:DeepStack_20000|DeepStack_20001
STATE:377:cc/cr300f:Qs|Ks/Kh:-100|100:DeepStack_20001|DeepStack_20000
STATE:378:cr300f:Qh|As:-100|100:DeepStack_20000|DeepStack_20001
STATE:379:cr300f:Qs|Qh:-100|100:DeepStack_20001|DeepStack_20000
STATE:380:cr300c/cr900f:Qh|As/Ks:-300|300:DeepStack_20000|DeepStack_20001
STATE:381:cc/cr300f:Qh|Kh/Ks:-100|100:DeepStack_20001|DeepStack_20000
STATE:382:cc/cr300f:Qh|Qs/Kh:-100|100:DeepStack_20000|DeepStack_20001
STATE:383:cc/r1200f:Qh|Kh/As:100|-100:DeepStack_20001|DeepStack_20000
STATE:384:cr1200f:Ks|As:-100|100:DeepStack_20000|DeepStack_20001
STATE:385:cc/cc:Kh|Ks/As:0|0:DeepStack_20001|DeepStack_20000
STATE:386:r1200f:Ah|Qh:100|-100:DeepStack_20000|DeepStack_20001
STATE:387:cc/cr300f:Qs|Qh/Kh:-100|100:DeepStack_20001|DeepStack_20000
STATE:388:cr300r1200c/:As|Ah/Qs:0|0:DeepStack_20000|DeepStack_20001
STATE:389:cc/cc:As|Qh/Kh:100|-100:DeepStack_20001|DeepStack_20000
STATE:390:cc/cc:Qh|Ah/Kh:-100|100:DeepStack_20000|DeepStack_20001
STATE:391:cc/cc:Qs|Ks/Ah:-100|100:DeepStack_20001|DeepStack_20000
STATE:392:cr300c/cc:Kh|As/Qh:-300|300:DeepStack_20000|DeepStack_20001
STATE:393:cc/cc:Kh|Ks/Ah:0|0:DeepStack_20001|DeepStack_20000
STATE:394:cr300f:Kh|Ks:-100|100:DeepStack_20000|DeepStack_20001
STATE:395:cr300f:Qh|As:-100|100:DeepStack_20001|DeepStack_20000
STATE:396:cr300r1200f:As|Kh:300|-300:DeepStack_20000|DeepStack_20001
STATE:397:cr300f:Ks|Qs:-100|100:DeepStack_20001|DeepStack_20000
STATE:398:cc/cr300f:Ah|Qs/Qh:-100|100:DeepStack_20000|DeepStack_20001
STATE:399:cc/cr300f:Kh|Qs/Qh:-100|100:DeepStack_20001|DeepStack_20000
STATE:400:cc/cc:Qs|Qh/Ks:0|0:DeepStack_20000|DeepStack_20001
STATE:401:cr300f:Kh|As:-100|100:DeepStack_20001|DeepStack_20000
STATE:402:r1200c/:Ah|As/Qs:0|0:DeepStack_20000|DeepStack_20001
STATE:403:cr300f:Kh|Ah:-100|100:DeepStack_20001|DeepStack_20000
STATE:404:cr300f:Qh|Ah:-100|100:DeepStack_20000|DeepStack_20001
STATE:405:cc/cc:Qh|Ah/Ks:-100|100:DeepStack_20001|DeepStack_20000
STATE:406:cc/cr300f:Ks|Kh/Qh:-100|100:DeepStack_20000|DeepStack_20001
STATE:407:cc/r300f:Kh|Qs/As:100|-100:DeepStack_20001|DeepStack_20000
STATE:408:cc/cr300f:Qs|Kh/Ks:-100|100:DeepStack_20000|DeepStack_20001
STATE:409:cc/cr300f:Kh|Ks/Qh:-100|100:DeepStack_20001|DeepStack_20000
STATE:410:cc/cc:Kh|Qh/Ks:100|-100:DeepStack_20000|DeepStack_20001
STATE:411:r300c/cr1200c:Kh|As/Ks:1200|-1200:DeepStack_20001|DeepStack_20000
STATE:412:cr300f:Kh|Qh:-100|100:DeepStack_20000|DeepStack_20001
STATE:413:cr300f:Qs|Ah:-100|100:DeepStack_20001|DeepStack_20000
STATE:414:cc/cc:Qh|Qs/Ks:0|0:DeepStack_20000|DeepStack_20001
STATE:415:cr300c/cc:Kh|Ah/Qs:-300|300:DeepStack_20001|DeepStack_20000
STATE:416:cc/r300f:Ks|Qs/As:100|-100:DeepStack_20000|DeepStack_20001
STATE:417:cr300f:Kh|As:-100|100:DeepStack_20001|DeepStack_20000
STATE:418:r1200f:As|Kh:100|-100:DeepStack_20000|DeepStack_20001
STATE:419:cr1200f:Qs|As:-100|100:DeepStack_20001|DeepStack_20000
STATE:420:cr300f:Qs|Ks:-100|100:DeepStack_20000|DeepStack_20001
STATE:421:cc/cc:Qs|Qh/Ks:0|0:DeepStack_20001|DeepStack_20000
STATE:422:cc/cc:Qs|Kh/As:-100|100:DeepStack_20000|DeepStack_20001
STATE:423:cr300r1200f:Ah|Kh:300|-300:DeepStack_20001|DeepStack_20000
STATE:424:r1200f:As|Ks:100|-100:DeepStack_20000|DeepStack_20001
STATE:425:cr300f:Kh|Ah:-100|100:DeepStack_20001|DeepStack_20000
STATE:426:cc/cr300f:Ks|Qs/Qh:-100|100:DeepStack_20000|DeepStack_20001
STATE:427:r1200f:Ah|Kh:100|-100:DeepStack_20001|DeepStack_20000
STATE:428:r1200f:Ah|Qs:100|-100:DeepStack_20000|DeepStack_20001
STATE:429:cc/cr300f:Kh|Qh/Qs:-100|100:DeepStack_20001|DeepStack_20000
STATE:430:cr300c/r900f:As|Ah/Kh:300|-300:DeepStack_20000|DeepStack_20001
STATE:431:cr1200f:Kh|Ah:-100|100:DeepStack_20001|DeepStack_20000
STATE:432:cc/cc:Qs|Ks/Qh:100|-100:DeepStack_20000|DeepStack_20001
STATE:433:cc/cr300f:Qh|As/Ah:-100|100:DeepStack_20001|DeepStack_20000
STATE:434:cr300f:Ks|Ah:-100|100:DeepStack_20000|DeepStack_20001
STATE:435:cc/r300r1200c:As|Qs/Ah:1200|-1200:DeepStack_20001|DeepStack_20000
STATE:436:cc/cc:As|Kh/Qs:100|-100:DeepStack_20000|DeepStack_20001
STATE:437:cc/cc:Ks|Kh/Qs:0|0:DeepStack_20001|DeepStack_20000
STATE:438:cc/r300c:Qs|Ks/Ah:-300|300:DeepStack_20000|DeepStack_20001
STATE:439:cr300f:Qs|Ah:-100|100:DeepStack_20001|DeepStack_20000
STATE:440:cc/cr300r1200f:Ks|Qs/Kh:300|-300:DeepStack_20000|DeepStack_20001
STATE:441:cc/cc:Qh|Ks/As:-100|100:DeepStack_20001|DeepStack_20000
STATE:442:cc/cc:Qs|Qh/Ah:0|0:DeepStack_20000|DeepStack_20001
STATE:443:cr1200f:Ks|As:-100|100:DeepStack_20001|DeepStack_20000
STATE:444:cc/cr300f:Ah|Qh/Ks:-100|100:DeepStack_20000|DeepStack_20001
STATE:445:cr300c/r1200f:Qs|As/Ks:300|-300:DeepStack_20001|DeepStack_20000
STATE:446:cc/cc:Kh|Ah/Ks:100|-100:DeepStack_20000|DeepStack_20001
STATE:447:cc/cc:Ks|Kh/Qs:0|0:DeepStack_20001|DeepStack_20000
STATE:448:cr300c/cr1200c:Kh|Ks/As:0|0:DeepStack_20000|DeepStack_20001
STATE:449:cc/r300f:Ah|Qh/As:100|-100:DeepStack_20001|DeepStack_20000
STATE:450:cc/cr300f:As|Ks/Kh:-100|100:DeepStack_20000|DeepStack_20001
STATE:451:cr300r1200f:As|Ks:300|-300:DeepStack_20001|DeepStack_20000
STATE:452:cc/cc:Qh|Ks/As:-100|100:DeepStack_20000|DeepStack_20001
STATE:453:cc/cr300r1200f:Qh|Ks/Qs:300|-300:DeepStack_20001|DeepStack_20000
STATE:454:cc/cr300f:Qs|Ks/Kh:-100|100:DeepStack_20000|DeepStack_20001
STATE:455:cc/cr300r1200f:Ks|Qs/Kh:300|-300:DeepStack_20001|DeepStack_20000
STATE:456:r1200f:As|Qh:100|-100:DeepStack_20000|DeepStack_20001
STATE:457:cc/cr300c:Ah|Ks/Kh:-300|300:DeepStack_20001|DeepStack_20000
STATE:458:cr300c/cr900f:Qh|Ah/As:-300|300:DeepStack_20000|DeepStack_20001
STATE:459:cc/cc:Kh|Qs/As:100|-100:DeepStack_20001|DeepStack_20000
STATE:460:r1200f:Ah|Ks:100|-100:DeepStack_20000|DeepStack_20001
STATE:461:cr300f:Ks|As:-100|100:DeepStack_20001|DeepStack_20000
STATE:462:cr300c/r1200c:Kh|Ah/Qh:-1200|1200:DeepStack_20000|DeepStack_20001
STATE:463:cc/r300f:Kh|Qh/Ah:100|-100:DeepStack_20001|DeepStack_20000
STATE:464:cc/cr300f:Ks|Kh/Qh:-100|100:DeepStack_20000|DeepStack_20001
STATE:465:cc/cc:Qh|Ks/Qs:100|-100:DeepStack_20001|DeepStack_20000
STATE:466:cr300r1200c/:As|Ah/Ks:0|0:DeepStack_20000|DeepStack_20001
STATE:467:r1200f:As|Kh:100|-100:DeepStack_20001|DeepStack_20000
STATE:468:cr300f:Qs|Ah:-100|100:DeepStack_20000|DeepStack_20001
STATE:469:cc/r300f:Kh|Qs/As:100|-100:DeepStack_20001|DeepStack_20000
STATE:470:cr300f:Qs|Qh:-100|100:DeepStack_20000|DeepStack_20001
STATE:471:cc/cc:Kh|Ah/Qh:-100|100:DeepStack_20001|DeepStack_20000
STATE:472:cr300f:Qs|Ah:-100|100:DeepStack_20000|DeepStack_20001
STATE:473:cc/cc:Qs|Ks/As:-100|100:DeepStack_20001|DeepStack_20000
STATE:474:r1200f:As|Qs:100|-100:DeepStack_20000|DeepStack_20001
STATE:475:cc/cr300f:Qh|Kh/Ks:-100|100:DeepStack_20001|DeepStack_20000
STATE:476:cr300f:Qh|Ah:-100|100:DeepStack_20000|DeepStack_20001
STATE:477:cc/cr300f:Qh|Qs/Kh:-100|100:DeepStack_20001|DeepStack_20000
STATE:478:cr300f:Qs|As:-100|100:DeepStack_20000|DeepStack_20001
STATE:479:cc/cc:Qs|Kh/Qh:100|-100:DeepStack_20001|DeepStack_20000
STATE:480:cr300f:Qh|Kh:-100|100:DeepStack_20000|DeepStack_20001
STATE:481:cr300c/r1200f:Qs|Qh/Kh:300|-300:DeepStack_20001|DeepStack_20000
STATE:482:cc/cr300f:Ks|Qs/Qh:-100|100:DeepStack_20000|DeepStack_20001
STATE:483:cc/r1200f:Ah|Qh/As:100|-100:DeepStack_20001|DeepStack_20000
STATE:484:r1200f:Ah|Ks:100|-100:DeepStack_20000|DeepStack_20001
STATE:485:cc/r300f:As|Qs/Ah:100|-100:DeepStack_20001|DeepStack_20000
STATE:486:cr300f:Kh|Ah:-100|100:DeepStack_20000|DeepStack_20001
STATE:487:cr1200f:Qs|As:-100|100:DeepStack_20001|DeepStack_20000
STATE:488:cc/cr300f:Ks|Qs/Qh:-100|100:DeepStack_20000|DeepStack_20001
STATE:489:cc/cr300r1200f:Ks|Qh/Kh:300|-300:DeepStack_20001|DeepStack_20000
STATE:490:cc/cc:Qs|Qh/Kh:0|0:DeepStack_20000|DeepStack_20001
STATE:491:cc/cc:Ks|Qh/Kh:100|-100:DeepStack_20001|DeepStack_20000
STATE:492:cc/cr300f:Qh|Qs/Ks:-100|100:DeepStack_20000|DeepStack_20001
STATE:493:cc/cr300f:Qh|Ks/Kh:-100|100:DeepStack_20001|DeepStack_20000
STATE:494:r1200f:Ah|Kh:100|-100:DeepStack_20000|DeepStack_20001
STATE:495:cr300c/cr1200f:Qh|Kh/Ks:-300|300:DeepStack_20001|DeepStack_20000
STATE:496:cc/cc:Ah|Kh/Qs:100|-100:DeepStack_20000|DeepStack_20001
STATE:497:cr300f:Qh|As:-100|100:DeepStack_20001|DeepStack_20000
STATE:498:cc/r300f:Kh|Ks/Ah:100|-100:DeepStack_20000|DeepStack_20001
STATE:499:cr300f:Kh|As:-100|100:DeepStack_20001|DeepStack_20000
STATE:500:cr300r1200c/:As|Ah/Kh:0|0:DeepStack_20000|DeepStack_20001
STATE:501:cc/cc:Ks|Kh/Qh:0|0:DeepStack_20001|DeepStack_20000
STATE:502:cc/cc:Ks|Ah/Kh:100|-100:DeepStack_20000|DeepStack_20001
STATE:503:cc/r300f:As|Kh/Ah:100|-100:DeepStack_20001|DeepStack_20000
STATE:504:cc/cr300f:Ks|Qh/Qs:-100|100:DeepStack_20000|DeepStack_20001
STATE:505:cr300f:Ks|As:-100|100:DeepStack_20001|DeepStack_20000
STATE:506:cc/cr300f:Ah|Qs/Kh:-100|100:DeepStack_20000|DeepStack_20001
STATE:507:r1200c/:As|Ah/Qs:0|0:DeepStack_20001|DeepStack_20000
STATE:508:cc/cc:Ks|Kh/Qs:0|0:DeepStack_20000|DeepStack_20001
STATE:509:cc/cc:Qh|Ah/Qs:100|-100:DeepStack_20001|DeepStack_20000
STATE:510:cr300f:Ks|As:-100|100:DeepStack_20000|DeepStack_20001
STATE:511:cr300r1200c/:Ah|As/Ks:0|0:DeepStack_20001|DeepStack_20000
STATE:512:cc/r300r900f:Ks|Ah/As:-300|300:DeepStack_20000|DeepStack_20001
STATE:513:cc/cr300f:Qh|Qs/Ks:-100|100:DeepStack_20001|DeepStack_20000
STATE:514:cc/cc:Ah|Qs/Kh:100|-100:DeepStack_20000|DeepStack_20001
STATE:515:cc/cc:Ks|Qs/Kh:100|-100:DeepStack_20001|DeepStack_20000
STATE:516:cc/cc:Kh|Ks/Qh:0|0:DeepStack_20000|DeepStack_20001
STATE:517:cr1200c/:As|Ah/Qh:0|0:DeepStack_20001|DeepStack_20000
STATE:518:r1200f:As|Kh:100|-100:DeepStack_20000|DeepStack_20001
STATE:519:cr300f:Qs|Qh:-100|100:DeepStack_20001|DeepStack_20000
STATE:520:r1200f:Ah|Kh:100|-100:DeepStack_20000|DeepStack_20001
STATE:521:cc/cr300f:Qh|Ks/As:-100|100:DeepStack_20001|DeepStack_20000
STATE:522:cr300f:Kh|As:-100|100:DeepStack_20000|DeepStack_20001
STATE:523:cr300r1200f:As|Kh:300|-300:DeepStack_20001|DeepStack_20000
STATE:524:cc/cr300f:Kh|Qh/Qs:-100|100:DeepStack_20000|DeepStack_20001
STATE:525:cr300r1200f:As|Qh:300|-300:DeepStack_20001|DeepStack_20000
STATE:526:cc/cc:Ah|Ks/Qh:100|-100:DeepStack_20000|DeepStack_20001
STATE:527:cc/cc:Qs|Ah/Ks:-100|100:DeepStack_20001|DeepStack_20000
STATE:528:cc/cr300f:Ah|Ks/Kh:-100|100:DeepStack_20000|DeepStack_20001
STATE:529:r1200f:As|Kh:100|-100:DeepStack_20001|DeepStack_20000
STATE:530:r1200f:Ah|Kh:100|-100:DeepStack_20000|DeepStack_20001
STATE:531:r1200f:Ah|Qh:100|-100:DeepStack_20001|DeepStack_20000
STATE:532:cc/r300f:As|Qh/Ah:100|-100:DeepStack_20000|DeepStack_20001
STATE:533:cr1200f:Qh|As:-100|100:DeepStack_20001|DeepStack_20000
STATE:534:r1200f:Ah|Qh:100|-100:DeepStack_20000|DeepStack_20001
STATE:535:cr300f:Qs|As:-100|100:DeepStack_20001|DeepStack_20000
STATE:536:cc/cc:Qs|Ks/Ah:-100|100:DeepStack_20000|DeepStack_20001
STATE:537:cr300r1200f:As|Ks:300|-300:DeepStack_20001|DeepStack_20000
STATE:538:cc/r300r900f:Kh|Ah/As:-300|300:DeepStack_20000|DeepStack_20001
STATE:539:cr300f:Qh|As:-100|100:DeepStack_20001|DeepStack_20000
STATE:540:cc/r300f:As|Qs/Ah:100|-100:DeepStack_20000|DeepStack_20001
STATE:541:cr300r1200f:As|Qh:300|-300:DeepStack_20001|DeepStack_20000
STATE:542:cr300c/cr1200f:Qh|Kh/Ks:-300|300:DeepStack_20000|DeepStack_20001
STATE:543:r1200c/:Ah|As/Qs:0|0:DeepStack_20001|DeepStack_20000
STATE:544:cr300f:Qh|Ah:-100|100:DeepStack_20000|DeepStack_20001
STATE:545:cc/cc:As|Kh/Qs:100|-100:DeepStack_20001|DeepStack_20000
STATE:546:cr1200f:Kh|As:-100|100:DeepStack_20000|DeepStack_20001
STATE:547:cr300f:Qh|Ks:-100|100:DeepStack_20001|DeepStack_20000
STATE:548:cr300f:Qh|Ah:-100|100:DeepStack_20000|DeepStack_20001
STATE:549:cr300f:Ks|Kh:-100|100:DeepStack_20001|DeepStack_20000
STATE:550:cc/cc:Ks|Kh/As:0|0:DeepStack_20000|DeepStack_20001
STATE:551:cc/cr300r900f:Kh|Qs/Ks:300|-300:DeepStack_20001|DeepStack_20000
STATE:552:cr300r1200c/:Ah|As/Qs:0|0:DeepStack_20000|DeepStack_20001
STATE:553:cc/cr300f:Ks|Qh/Qs:-100|100:DeepStack_20001|DeepStack_20000
STATE:554:cc/cr300f:Qs|Ks/Kh:-100|100:DeepStack_20000|DeepStack_20001
STATE:555:r1200f:As|Kh:100|-100:DeepStack_20001|DeepStack_20000
STATE:556:r1200f:Ah|Qh:100|-100:DeepStack_20000|DeepStack_20001
STATE:557:cr300r1200f:As|Qh:300|-300:DeepStack_20001|DeepStack_20000
STATE:558:cr300f:Qh|Ah:-100|100:DeepStack_20000|DeepStack_20001
STATE:559:cc/cr300f:Ks|Kh/Qh:-100|100:DeepStack_20001|DeepStack_20000
STATE:560:cc/cr1200f:Qs|Qh/Ah:-100|100:DeepStack_20000|DeepStack_20001
STATE:561:cc/cc:As|Qs/Kh:100|-100:DeepStack_20001|DeepStack_20000
STATE:562:cr300r1200c/:As|Ah/Qh:0|0:DeepStack_20000|DeepStack_20001
STATE:563:cr300r1200c/:Ah|As/Qs:0|0:DeepStack_20001|DeepStack_20000
STATE:564:cc/cr300f:Ah|Kh/Qs:-100|100:DeepStack_20000|DeepStack_20001
STATE:565:cr300r1200f:As|Qs:300|-300:DeepStack_20001|DeepStack_20000
STATE:566:r1200f:Ah|Kh:100|-100:DeepStack_20000|DeepStack_20001
STATE:567:cc/cr300c:As|Kh/Ks:-300|300:DeepStack_20001|DeepStack_20000
STATE:568:cc/r300f:Kh|Qh/Ah:100|-100:DeepStack_20000|DeepStack_20001
STATE:569:cc/cr300f:Qh|Kh/Ks:-100|100:DeepStack_20001|DeepStack_20000
STATE:570:cc/r300f:As|Ks/Ah:100|-100:DeepStack_20000|DeepStack_20001
STATE:571:cr300c/cc:Kh|Ah/Qh:-300|300:DeepStack_20001|DeepStack_20000
STATE:572:cr300f:Qs|As:-100|100:DeepStack_20000|DeepStack_20001
STATE:573:cc/cc:Qh|Qs/Kh:0|0:DeepStack_20001|DeepStack_20000
STATE:574:cr300f:Qh|Ah:-100|100:DeepStack_20000|DeepStack_20001
STATE:575:cc/r300f:Ks|Qh/Ah:100|-100:DeepStack_20001|DeepStack_20000
STATE:576:cc/cc:Qs|Ks/As:-100|100:DeepStack_20000|DeepStack_20001
STATE:577:cc/cr300f:Qs|Kh/Ks:-100|100:DeepStack_20001|DeepStack_20000
STATE:578:r1200c/:Ah|As/Qs:0|0:DeepStack_20000|DeepStack_20001
STATE:579:cc/cr300f:As|Kh/Qs:-100|100:DeepStack_20001|DeepStack_20000
STATE:580:cc/cc:Qh|Ks/As:-100|100:DeepStack_20000|DeepStack_20001
STATE:581:cc/r300f:Ks|Qh/Ah:100|-100:DeepStack_20001|DeepStack_20000
STATE:582:cc/cc:Qs|Ah/Ks:-100|100:DeepStack_20000|DeepStack_20001
STATE:583:cc/cc:Ks|Qh/Kh:100|-100:DeepStack_20001|DeepStack_20000
STATE:584:cr300c/r1200f:Qs|As/Kh:300|-300:DeepStack_20000|DeepStack_20001
STATE:585:cr300c/r1200c:Ks|Ah/Qh:-1200|1200:DeepStack_20001|DeepStack_20000
STATE:586:cc/cc:Kh|Qh/As:100|-100:DeepStack_20000|DeepStack_20001
STATE:587:cr300c/cr1200c:Ks|Ah/As:-1200|1200:DeepStack_20001|DeepStack_20000
STATE:588:cc/cr300f:Ah|Ks/Kh:-100|100:DeepStack_20000|DeepStack_20001
STATE:589:cr300c/r900f:Kh|As/Qs:300|-300:DeepStack_20001|DeepStack_20000
STATE:590:cc/r1200f:Ah|Kh/As:100|-100:DeepStack_20000|DeepStack_20001
STATE:591:cr300c/cc:Ks|As/Qh:-300|300:DeepStack_20001|DeepStack_20000
STATE:592:cr300r1200c/:As|Ah/Qs:0|0:DeepStack_20000|DeepStack_20001
STATE:593:r1200f:Ah|Qs:100|-100:DeepStack_20001|DeepStack_20000
STATE:594:cr300f:Qs|As:-100|100:DeepStack_20000|DeepStack_20001
STATE:595:cc/r300f:Kh|Ks/As:100|-100:DeepStack_20001|DeepStack_20000
STATE:596:cr300f:Qh|As:-100|100:DeepStack_20000|DeepStack_20001
STATE:597:cr300c/r1200f:Qs|As/Qh:300|-300:DeepStack_20001|DeepStack_20000
STATE:598:cc/cr300f:Ah|Qh/Ks:-100|100:DeepStack_20000|DeepStack_20001
STATE:599:cr300c/cr1200f:Qh|Ks/As:-300|300:DeepStack_20001|DeepStack_20000
STATE:600:cc/cc:Qs|Qh/Kh:0|0:DeepStack_20000|DeepStack_20001
STATE:601:cc/cc:Qs|Qh/Ah:0|0:DeepStack_20001|DeepStack_20000
STATE:602:cc/cc:As|Ks/Qh:100|-100:DeepStack_20000|DeepStack_20001
STATE:603:cr300f:Kh|Ks:-100|100:DeepStack_20001|DeepStack_20000
STATE:604:cr300f:Qh|Ah:-100|100:DeepStack_20000|DeepStack_20001
STATE:605:cr300r1200c/:Ah|As/Kh:0|0:DeepStack_20001|DeepStack_20000
STATE:606:cr300f:Kh|As:-100|100:DeepStack_20000|DeepStack_20001
STATE:607:cr1200f:Qh|As:-100|100:DeepStack_20001|DeepStack_20000
STATE:608:cr300f:Qs|As:-100|100:DeepStack_20000|DeepStack_20001
STATE:609:cr300f:Kh|Ks:-100|100:DeepStack_20001|DeepStack_20000
STATE:610:cc/cc:Qs|Qh/As:0|0:DeepStack_20000|DeepStack_20001
STATE:611:cr300r1200c/:As|Ah/Kh:0|0:DeepStack_20001|DeepStack_20000
STATE:612:cc/cr300r900f:Qh|Ks/Qs:300|-300:DeepStack_20000|DeepStack_20001
STATE:613:r1200f:Ah|Kh:100|-100:DeepStack_20001|DeepStack_20000
STATE:614:cc/cc:Qh|Kh/Qs:100|-100:DeepStack_20000|DeepStack_20001
STATE:615:cc/cc:As|Ks/Qs:100|-100:DeepStack_20001|DeepStack_20000
STATE:616:r1200f:As|Ks:100|-100:DeepStack_20000|DeepStack_20001
STATE:617:cr300c/cr1200c:Ks|As/Ah:-1200|1200:DeepStack_20001|DeepStack_20000
STATE:618:r1200f:Ah|Qh:100|-100:DeepStack_20000|DeepStack_20001
STATE:619:cr1200f:Kh|As:-100|100:DeepStack_20001|DeepStack_20000
STATE:620:cr300f:Qh|Kh:-100|100:DeepStack_20000|DeepStack_20001
STATE:621:cr300c/cr1200f:Ks|Ah/As:-300|300:DeepStack_20001|DeepStack_20000
STATE:622:cc/cc:Qs|Kh/As:-100|100:DeepStack_20000|DeepStack_20001
STATE:623:cc/r300f:Ks|Qs/As:100|-100:DeepStack_20001|DeepStack_20000
STATE:624:cc/cr300r900f:Qh|Ks/Qs:300|-300:DeepStack_20000|DeepStack_20001
STATE:625:cc/r300r900c:Ks|Ah/As:-900|900:DeepStack_20001|DeepStack_20000
STATE:626:cc/cr300f:Qs|Ks/Kh:-100|100:DeepStack_20000|DeepStack_20001
STATE:627:cr300f:Qs|Ah:-100|100:DeepStack_20001|DeepStack_20000
STATE:628:cr1200f:Qs|As:-100|100:DeepStack_20000|DeepStack_20001
STATE:629:cr300f:Qh|Ah:-100|100:DeepStack_20001|DeepStack_20000
STATE:630:cc/cc:Ah|Qh/Ks:100|-100:DeepStack_20000|DeepStack_20001
STATE:631:cr300f:Qh|Ah:-100|100:DeepStack_20001|DeepStack_20000
STATE:632:cc/cr300f:Ah|Ks/Qh:-100|100:DeepStack_20000|DeepStack_20001
STATE:633:cr300f:Qh|Ks:-100|100:DeepStack_20001|DeepStack_20000
STATE:634:cc/r300c:Ah|Kh/As:300|-300:DeepStack_20000|DeepStack_20001
STATE:635:cr300r1200c/:Ah|As/Qh:0|0:DeepStack_20001|DeepStack_20000
STATE:636:cr1200f:Qs|As:-100|100:DeepStack_20000|DeepStack_20001
STATE:637:cc/cc:Qh|Kh/Ah:-100|100:DeepStack_20001|DeepStack_20000
STATE:638:cr300f:Ks|Ah:-100|100:DeepStack_20000|DeepStack_20001
STATE:639:cc/r300c:Qs|Kh/Ah:-300|300:DeepStack_20001|DeepStack_20000
STATE:640:cr300c/r1200f:Qs|Ah/Kh:300|-300:DeepStack_20000|DeepStack_20001
STATE:641:cr300f:Qs|Ah:-100|100:DeepStack_20001|DeepStack_20000
STATE:642:cr300f:Qs|As:-100|100:DeepStack_20000|DeepStack_20001
STATE:643:cr300c/cr1200f:Qs|As/Ks:-300|300:DeepStack_20001|DeepStack_20000
STATE:644:cc/cr300r900f:Kh|Qh/Ks:300|-300:DeepStack_20000|DeepStack_20001
STATE:645:r1200f:As|Qs:100|-100:DeepStack_20001|DeepStack_20000
STATE:646:r1200f:Ah|Qh:100|-100:DeepStack_20000|DeepStack_20001
STATE:647:cr300c/r1200f:Ks|Qh/Kh:300|-300:DeepStack_20001|DeepStack_20000
STATE:648:cc/cc:As|Ah/Qs:0|0:DeepStack_20000|DeepStack_20001
STATE:649:r1200f:As|Qs:100|-100:DeepStack_20001|DeepStack_20000
STATE:650:cc/cc:Qs|Kh/As:-100|100:DeepStack_20000|DeepStack_20001
STATE:651:r300c/cc:As|Qh/Ks:300|-300:DeepStack_20001|DeepStack_20000
STATE:652:r300f:As|Qs:100|-100:DeepStack_20000|DeepStack_20001
STATE:653:cr1200f:Ks|As:-100|100:DeepStack_20001|DeepStack_20000
STATE:654:r1200f:As|Qh:100|-100:DeepStack_20000|DeepStack_20001
STATE:655:cr300f:Kh|As:-100|100:DeepStack_20001|DeepStack_20000
STATE:656:cc/cr1200f:Qh|Ah/As:-100|100:DeepStack_20000|DeepStack_20001
STATE:657:cr300f:Qs|Kh:-100|100:DeepStack_20001|DeepStack_20000
STATE:658:cc/cc:Qh|Kh/Qs:100|-100:DeepStack_20000|DeepStack_20001
STATE:659:cr300f:Kh|As:-100|100:DeepStack_20001|DeepStack_20000
STATE:660:cc/cc:Qs|Qh/Ah:0|0:DeepStack_20000|DeepStack_20001
STATE:661:cr300f:Qh|Kh:-100|100:DeepStack_20001|DeepStack_20000
STATE:662:cc/r300f:Ks|Qs/Ah:100|-100:DeepStack_20000|DeepStack_20001
STATE:663:cr300f:Qh|Kh:-100|100:DeepStack_20001|DeepStack_20000
STATE:664:cc/r1200f:As|Qs/Ah:100|-100:DeepStack_20000|DeepStack_20001
STATE:665:cr300c/cr1200f:Ks|Qs/Qh:-300|300:DeepStack_20001|DeepStack_20000
STATE:666:r1200f:Ah|Ks:100|-100:DeepStack_20000|DeepStack_20001
STATE:667:cr300f:Qh|Ah:-100|100:DeepStack_20001|DeepStack_20000
STATE:668:cr300f:Qh|Kh:-100|100:DeepStack_20000|DeepStack_20001
STATE:669:cc/cc:Qh|Ks/Ah:-100|100:DeepStack_20001|DeepStack_20000
STATE:670:cr300r1200c/:As|Ah/Ks:0|0:DeepStack_20000|DeepStack_20001
STATE:671:cr300c/cr1200f:Kh|As/Ah:-300|300:DeepStack_20001|DeepStack_20000
STATE:672:cc/cr300c:Ah|Qs/Ks:300|-300:DeepStack_20000|DeepStack_20001
STATE:673:r300c/cc:Ah|Kh/Qs:300|-300:DeepStack_20001|DeepStack_20000
STATE:674:r1200c/:As|Ah/Kh:0|0:DeepStack_20000|DeepStack_20001
STATE:675:cc/r300f:Kh|Qs/Ah:100|-100:DeepStack_20001|DeepStack_20000
STATE:676:cc/cc:Ah|Kh/Qs:100|-100:DeepStack_20000|DeepStack_20001
STATE:677:cc/cr300f:Ah|Kh/Qh:-100|100:DeepStack_20001|DeepStack_20000
STATE:678:r1200f:As|Qh:100|-100:DeepStack_20000|DeepStack_20001
STATE:679:cr300f:Qs|Ah:-100|100:DeepStack_20001|DeepStack_20000
STATE:680:cc/cc:Ks|Kh/As:0|0:DeepStack_20000|DeepStack_20001
STATE:681:cr300f:Kh|Ah:-100|100:DeepStack_20001|DeepStack_20000
STATE:682:cr300c/r1200c:Kh|Qh/Qs:-1200|1200:DeepStack_20000|DeepStack_20001
STATE:683:r1200f:Ah|Qh:100|-100:DeepStack_20001|DeepStack_20000
STATE:684:cr300c/cr1200f:Ks|As/Ah:-300|300:DeepStack_20000|DeepStack_20001
STATE:685:cr300f:Ks|Qh:-100|100:DeepStack_20001|DeepStack_20000
STATE:686:cc/cr300f:Qs|Ks/Kh:-100|100:DeepStack_20000|DeepStack_20001
STATE:687:cc/cc:As|Qh/Kh:100|-100:DeepStack_20001|DeepStack_20000
STATE:688:cc/cr300r1200f:Qh|Kh/Qs:300|-300:DeepStack_20000|DeepStack_20001
STATE:689:r1200f:Ah|Qs:100|-100:DeepStack_20001|DeepStack_20000
STATE:690:cc/cc:Qh|Qs/Ah:0|0:DeepStack_20000|DeepStack_20001
STATE:691:cc/cr1200f:Qs|Ah/As:-100|100:DeepStack_20001|DeepStack_20000
STATE:692:cc/r300f:Ks|Qs/As:100|-100:DeepStack_20000|DeepStack_20001
STATE:693:cr300r1200f:As|Kh:300|-300:DeepStack_20001|DeepStack_20000
STATE:694:cc/cr300c:As|Ks/Kh:-300|300:DeepStack_20000|DeepStack_20001
STATE:695:cr300f:Qh|Ah:-100|100:DeepStack_20001|DeepStack_20000
STATE:696:cr300f:Ks|Kh:-100|100:DeepStack_20000|DeepStack_20001
STATE:697:cc/r300c:Kh|Ks/Ah:0|0:DeepStack_20001|DeepStack_20000
STATE:698:cr300f:Kh|Qs:-100|100:DeepStack_20000|DeepStack_20001
STATE:699:cc/cc:As|Ks/Qs:100|-100:DeepStack_20001|DeepStack_20000
STATE:700:cc/cc:Qh|Kh/Ah:-100|100:DeepStack_20000|DeepStack_20001
STATE:701:cc/cr1200f:Qs|Qh/Ah:-100|100:DeepStack_20001|DeepStack_20000
STATE:702:r300r900f:Qs|As:-300|300:DeepStack_20000|DeepStack_20001
STATE:703:r1200f:Ah|Kh:100|-100:DeepStack_20001|DeepStack_20000
STATE:704:cr300r1200f:Ah|Qs:300|-300:DeepStack_20000|DeepStack_20001
STATE:705:cc/cr300f:Ah|Kh/Ks:-100|100:DeepStack_20001|DeepStack_20000
STATE:706:cc/r300f:Kh|Ks/Ah:100|-100:DeepStack_20000|DeepStack_20001
STATE:707:cc/cc:Ah|Qh/Ks:100|-100:DeepStack_20001|DeepStack_20000
STATE:708:r300c/r900f:Ah|Qh/As:300|-300:DeepStack_20000|DeepStack_20001
STATE:709:cc/cc:Qh|Ks/Qs:100|-100:DeepStack_20001|DeepStack_20000
STATE:710:cc/cc:Qh|Ah/Qs:100|-100:DeepStack_20000|DeepStack_20001
STATE:711:cr300f:Qh|As:-100|100:DeepStack_20001|DeepStack_20000
STATE:712:r1200f:As|Qh:100|-100:DeepStack_20000|DeepStack_20001
STATE:713:cc/r1200c:Qs|As/Ah:-1200|1200:DeepStack_20001|DeepStack_20000
STATE:714:cr300f:Ks|As:-100|100:DeepStack_20000|DeepStack_20001
STATE:715:r1200f:Ah|Qs:100|-100:DeepStack_20001|DeepStack_20000
STATE:716:cr300f:Qs|As:-100|100:DeepStack_20000|DeepStack_20001
STATE:717:cr300f:Ks|Ah:-100|100:DeepStack_20001|DeepStack_20000
STATE:718:r1200f:Ah|Kh:100|-100:DeepStack_20000|DeepStack_20001
STATE:719:cc/cc:Qs|Qh/Ks:0|0:DeepStack_20001|DeepStack_20000
STATE:720:cc/cc:Ah|Qs/Kh:100|-100:DeepStack_20000|DeepStack_20001
STATE:721:cc/cc:Kh|Ks/Qs:0|0:DeepStack_20001|DeepStack_20000
STATE:722:cr1200f:Kh|Ah:-100|100:DeepStack_20000|DeepStack_20001
STATE:723:cc/r300f:Ah|Qs/As:100|-100:DeepStack_20001|DeepStack_20000
STATE:724:cc/cc:Kh|Ks/Qs:0|0:DeepStack_20000|DeepStack_20001
STATE:725:r1200f:As|Ks:100|-100:DeepStack_20001|DeepStack_20000
STATE:726:cr300f:Qh|Ah:-100|100:DeepStack_20000|DeepStack_20001
STATE:727:cr300r1200c/:As|Ah/Kh:0|0:DeepStack_20001|DeepStack_20000
STATE:728:cr300f:Qh|Kh:-100|100:DeepStack_20000|DeepStack_20001
STATE:729:r1200c/:As|Ah/Qs:0|0:DeepStack_20001|DeepStack_20000
STATE:730:cc/cc:Ah|Kh/Qs:100|-100:DeepStack_20000|DeepStack_20001
STATE:731:cc/cc:Kh|Ks/As:0|0:DeepStack_20001|DeepStack_20000
STATE:732:cc/cr300f:As|Qh/Qs:-100|100:DeepStack_20000|DeepStack_20001
STATE:733:cc/cc:Kh|Ks/Qs:0|0:DeepStack_20001|DeepStack_20000
STATE:734:r1200f:As|Qh:100|-100:DeepStack_20000|DeepStack_20001
STATE:735:cc/cc:Qs|Ks/As:-100|100:DeepStack_20001|DeepStack_20000
STATE:736:cc/r300f:As|Ks/Ah:100|-100:DeepStack_20000|DeepStack_20001
STATE:737:cc/cc:Kh|Qs/Ah:100|-100:DeepStack_20001|DeepStack_20000
STATE:738:cr300f:Qh|Kh:-100|100:DeepStack_20000|DeepStack_20001
STATE:739:cc/cc:Qh|Kh/Qs:100|-100:DeepStack_20001|DeepStack_20000
STATE:740:cr1200c/:Ah|As/Kh:0|0:DeepStack_20000|DeepStack_20001
STATE:741:cc/cc:Qh|Kh/As:-100|100:DeepStack_20001|DeepStack_20000
STATE:742:cr300f:Qh|Ah:-100|100:DeepStack_20000|DeepStack_20001
STATE:743:cc/cc:Kh|Ks/As:0|0:DeepStack_20001|DeepStack_20000
STATE:744:cc/cr300f:Kh|Qs/Qh:-100|100:DeepStack_20000|DeepStack_20001
STATE:745:cr300f:Qh|As:-100|100:DeepStack_20001|DeepStack_20000
STATE:746:cc/cc:Ah|Qs/Ks:100|-100:DeepStack_20000|DeepStack_20001
STATE:747:cr300f:Qh|As:-100|100:DeepStack_20001|DeepStack_20000
STATE:748:cr1200c/:Ah|As/Qs:0|0:DeepStack_20000|DeepStack_20001
STATE:749:r1200f:Ah|Qh:100|-100:DeepStack_20001|DeepStack_20000
STATE:750:cc/cc:Qh|Kh/Ah:-100|100:DeepStack_20000|DeepStack_20001
STATE:751:cr300r1200c/:As|Ah/Qs:0|0:DeepStack_20001|DeepStack_20000
STATE:752:cc/r300c:Ks|Kh/Ah:0|0:DeepStack_20000|DeepStack_20001
STATE:753:cr300f:Kh|Qh:-100|100:DeepStack_20001|DeepStack_20000
STATE:754:cc/cr300f:Ks|Qs/Qh:-100|100:DeepStack_20000|DeepStack_20001
STATE:755:cr300f:Ks|Ah:-100|100:DeepStack_20001|DeepStack_20000
STATE:756:cr300r1200c/:Ah|As/Kh:0|0:DeepStack_20000|DeepStack_20001
STATE:757:cc/cc:Ks|Kh/Qh:0|0:DeepStack_20001|DeepStack_20000
STATE:758:cr300f:Qh|Ah:-100|100:DeepStack_20000|DeepStack_20001
STATE:759:cr300f:Qh|As:-100|100:DeepStack_20001|DeepStack_20000
STATE:760:cc/cc:Qs|Ah/Ks:-100|100:DeepStack_20000|DeepStack_20001
STATE:761:cc/r300f:Ks|Qs/Ah:100|-100:DeepStack_20001|DeepStack_20000
STATE:762:cc/cc:Qh|Ks/Ah:-100|100:DeepStack_20000|DeepStack_20001
STATE:763:cr300f:Qs|As:-100|100:DeepStack_20001|DeepStack_20000
STATE:764:r1200c/:Ah|As/Ks:0|0:DeepStack_20000|DeepStack_20001
STATE:765:r1200f:As|Kh:100|-100:DeepStack_20001|DeepStack_20000
STATE:766:r1200f:As|Qh:100|-100:DeepStack_20000|DeepStack_20001
STATE:767:cc/cc:Qs|Ks/Ah:-100|100:DeepStack_20001|DeepStack_20000
STATE:768:cr300f:Qh|Kh:-100|100:DeepStack_20000|DeepStack_20001
STATE:769:r1200f:Ah|Qs:100|-100:DeepStack_20001|DeepStack_20000
STATE:770:cr300f:Qs|As:-100|100:DeepStack_20000|DeepStack_20001
STATE:771:cr300f:Qh|Ah:-100|100:DeepStack_20001|DeepStack_20000
STATE:772:cr300r1200f:As|Kh:300|-300:DeepStack_20000|DeepStack_20001
STATE:773:r1200f:Ah|Kh:100|-100:DeepStack_20001|DeepStack_20000
STATE:774:cc/cc:As|Kh/Qh:100|-100:DeepStack_20000|DeepStack_20001
STATE:775:cr300c/cr1200f:Ks|As/Qs:-300|300:DeepStack_20001|DeepStack_20000
STATE:776:cr300f:Ks|As:-100|100:DeepStack_20000|DeepStack_20001
STATE:777:cc/cr300f:Kh|Qs/Qh:-100|100:DeepStack_20001|DeepStack_20000
STATE:778:cc/cc:As|Qh/Ks:100|-100:DeepStack_20000|DeepStack_20001
STATE:779:cc/r300f:Ks|Qh/Ah:100|-100:DeepStack_20001|DeepStack_20000
STATE:780:cc/r300f:Kh|Ks/Ah:100|-100:DeepStack_20000|DeepStack_20001
STATE:781:r1200f:Ah|Qh:100|-100:DeepStack_20001|DeepStack_20000
STATE:782:cc/cc:Qh|Qs/Ah:0|0:DeepStack_20000|DeepStack_20001
STATE:783:cr300f:Ks|Kh:-100|100:DeepStack_20001|DeepStack_20000
STATE:784:cr1200f:Kh|As:-100|100:DeepStack_20000|DeepStack_20001
STATE:785:cc/cr300f:Ks|Qs/Qh:-100|100:DeepStack_20001|DeepStack_20000
STATE:786:cc/cr300f:Ks|Qs/Qh:-100|100:DeepStack_20000|DeepStack_20001
STATE:787:r1200f:As|Qh:100|-100:DeepStack_20001|DeepStack_20000
STATE:788:cc/r300r900f:Qh|Ks/Kh:-300|300:DeepStack_20000|DeepStack_20001
STATE:789:cc/cc:Qs|Kh/As:-100|100:DeepStack_20001|DeepStack_20000
STATE:790:cc/cc:Qs|Ks/Qh:100|-100:DeepStack_20000|DeepStack_20001
STATE:791:r300c/cc:Qs|Kh/Ah:-300|300:DeepStack_20001|DeepStack_20000
STATE:792:cr1200f:Ks|As:-100|100:DeepStack_20000|DeepStack_20001
STATE:793:cr300r1200c/:Ah|As/Qs:0|0:DeepStack_20001|DeepStack_20000
STATE:794:cr1200f:Qs|Ah:-100|100:DeepStack_20000|DeepStack_20001
STATE:795:cc/cc:Qh|Qs/Ah:0|0:DeepStack_20001|DeepStack_20000
STATE:796:cc/cc:Ks|Kh/Qs:0|0:DeepStack_20000|DeepStack_20001
STATE:797:cc/r300f:Ks|Qh/Ah:100|-100:DeepStack_20001|DeepStack_20000
STATE:798:cr300f:Ks|As:-100|100:DeepStack_20000|DeepStack_20001
STATE:799:cc/cc:Qs|Kh/Ah:-100|100:DeepStack_20001|DeepStack_20000
STATE:800:cc/cr1200f:Qh|Ah/As:-100|100:DeepStack_20000|DeepStack_20001
STATE:801:cc/cr300f:Qh|Kh/Ks:-100|100:DeepStack_20001|DeepStack_20000
STATE:802:cr300r1200f:As|Qs:300|-300:DeepStack_20000|DeepStack_20001
STATE:803:cc/cc:Ah|Qh/Kh:100|-100:DeepStack_20001|DeepStack_20000
STATE:804:cc/cc:Ah|Qh/As:100|-100:DeepStack_20000|DeepStack_20001
STATE:805:r300r1200f:Qs|Ah:-300|300:DeepStack_20001|DeepStack_20000
STATE:806:cr1200f:Qs|As:-100|100:DeepStack_20000|DeepStack_20001
STATE:807:r1200f:As|Qh:100|-100:DeepStack_20001|DeepStack_20000
STATE:808:r1200c/:As|Ah/Qh:0|0:DeepStack_20000|DeepStack_20001
STATE:809:cr300f:Qs|As:-100|100:DeepStack_20001|DeepStack_20000
STATE:810:cc/r300f:Ks|Kh/Ah:100|-100:DeepStack_20000|DeepStack_20001
STATE:811:cc/cc:Ks|Kh/Qs:0|0:DeepStack_20001|DeepStack_20000
STATE:812:cc/cr300r900f:Qh|Kh/Qs:300|-300:DeepStack_20000|DeepStack_20001
STATE:813:cc/cc:Qs|Ks/As:-100|100:DeepStack_20001|DeepStack_20000
STATE:814:cc/cr300f:Kh|Ks/Qh:-100|100:DeepStack_20000|DeepStack_20001
STATE:815:r1200f:As|Qh:100|-100:DeepStack_20001|DeepStack_20000
STATE:816:cr300f:Qs|Ah:-100|100:DeepStack_20000|DeepStack_20001
STATE:817:cc/cc:Ks|Qh/As:100|-100:DeepStack_20001|DeepStack_20000
STATE:818:cr300r1200f:Ah|Ks:300|-300:DeepStack_20000|DeepStack_20001
STATE:819:cc/cc:Kh|Qh/As:100|-100:DeepStack_20001|DeepStack_20000
STATE:820:cr300f:Qh|As:-100|100:DeepStack_20000|DeepStack_20001
STATE:821:cc/cc:Kh|Qs/As:100|-100:DeepStack_20001|DeepStack_20000
STATE:822:cr300f:Qh|Kh:-100|100:DeepStack_20000|DeepStack_20001
STATE:823:cc/cc:Qs|Kh/Ah:-100|100:DeepStack_20001|DeepStack_20000
STATE:824:cr300f:Kh|Ah:-100|100:DeepStack_20000|DeepStack_20001
STATE:825:r1200c/:As|Ah/Kh:0|0:DeepStack_20001|DeepStack_20000
STATE:826:cc/cc:Qs|Qh/Ks:0|0:DeepStack_20000|DeepStack_20001
STATE:827:cc/cr300f:Qh|Kh/Ks:-100|100:DeepStack_20001|DeepStack_20000
STATE:828:cc/r300f:Ks|Kh/Ah:100|-100:DeepStack_20000|DeepStack_20001
STATE:829:cc/r300f:Ah|Kh/As:100|-100:DeepStack_20001|DeepStack_20000
STATE:830:cr300f:Ks|Ah:-100|100:DeepStack_20000|DeepStack_20001
STATE:831:cr300c/cr1200f:Qh|Ah/As:-300|300:DeepStack_20001|DeepStack_20000
STATE:832:cr300f:Ks|Ah:-100|100:DeepStack_20000|DeepStack_20001
STATE:833:cr300f:Kh|Ah:-100|100:DeepStack_20001|DeepStack_20000
STATE:834:cr300f:Kh|As:-100|100:DeepStack_20000|DeepStack_20001
STATE:835:cr300f:Qh|As:-100|100:DeepStack_20001|DeepStack_20000
STATE:836:cr300c/cr1200f:Qs|Ah/As:-300|300:DeepStack_20000|DeepStack_20001
STATE:837:r1200f:Ah|Kh:100|-100:DeepStack_20001|DeepStack_20000
STATE:838:r1200c/:Ah|As/Qh:0|0:DeepStack_20000|DeepStack_20001
STATE:839:cr300f:Qs|As:-100|100:DeepStack_20001|DeepStack_20000
STATE:840:cr300f:Ks|Ah:-100|100:DeepStack_20000|DeepStack_20001
STATE:841:cr300f:Qh|Kh:-100|100:DeepStack_20001|DeepStack_20000
STATE:842:cr300f:Qs|Ah:-100|100:DeepStack_20000|DeepStack_20001
STATE:843:cr300f:Qh|Ah:-100|100:DeepStack_20001|DeepStack_20000
STATE:844:cc/cr300f:Kh|Qs/Qh:-100|100:DeepStack_20000|DeepStack_20001
STATE:845:cc/r300f:Kh|Qh/As:100|-100:DeepStack_20001|DeepStack_20000
STATE:846:cr1200f:Qs|As:-100|100:DeepStack_20000|DeepStack_20001
STATE:847:cc/r300f:Kh|Qh/Ah:100|-100:DeepStack_20001|DeepStack_20000
STATE:848:r1200f:Ah|Kh:100|-100:DeepStack_20000|DeepStack_20001
STATE:849:cc/cr300f:Kh|Qs/Qh:-100|100:DeepStack_20001|DeepStack_20000
STATE:850:cc/cc:Qs|Qh/Ah:0|0:DeepStack_20000|DeepStack_20001
STATE:851:cc/r1200f:As|Ks/Ah:100|-100:DeepStack_20001|DeepStack_20000
STATE:852:cc/cc:Qs|Qh/Kh:0|0:DeepStack_20000|DeepStack_20001
STATE:853:cr1200f:Ks|As:-100|100:DeepStack_20001|DeepStack_20000
STATE:854:cr300c/r1200c:Ks|As/Qs:-1200|1200:DeepStack_20000|DeepStack_20001
STATE:855:cr300c/r1200c:Qs|As/Qh:1200|-1200:DeepStack_20001|DeepStack_20000
STATE:856:cc/cc:Qs|Kh/Ah:-100|100:DeepStack_20000|DeepStack_20001
STATE:857:r1200c/:Ah|As/Qs:0|0:DeepStack_20001|DeepStack_20000
STATE:858:cr300c/r1200f:Kh|As/Ks:300|-300:DeepStack_20000|DeepStack_20001
STATE:859:cc/cc:Qh|Ks/Ah:-100|100:DeepStack_20001|DeepStack_20000
STATE:860:r1200c/:Ah|As/Kh:0|0:DeepStack_20000|DeepStack_20001
STATE:861:cr300f:Ks|Qs:-100|100:DeepStack_20001|DeepStack_20000
STATE:862:cc/cr300f:Kh|Qs/Qh:-100|100:DeepStack_20000|DeepStack_20001
STATE:863:cc/cc:Qs|Ks/As:-100|100:DeepStack_20001|DeepStack_20000
STATE:864:cc/cc:Ks|Qh/Kh:100|-100:DeepStack_20000|DeepStack_20001
STATE:865:r1200c/:As|Ah/Ks:0|0:DeepStack_20001|DeepStack_20000
STATE:866:cc/cc:Qh|Ks/As:-100|100:DeepStack_20000|DeepStack_20001
STATE:867:cc/r300f:Kh|Qs/Ah:100|-100:DeepStack_20001|DeepStack_20000
STATE:868:cr1200f:Ks|As:-100|100:DeepStack_20000|DeepStack_20001
STATE:869:r300c/cc:Ah|As/Kh:0|0:DeepStack_20001|DeepStack_20000
STATE:870:cc/r300c:As|Kh/Ah:300|-300:DeepStack_20000|DeepStack_20001
STATE:871:cc/cc:Qs|Qh/Kh:0|0:DeepStack_20001|DeepStack_20000
STATE:872:cr300f:Ks|As:-100|100:DeepStack_20000|DeepStack_20001
STATE:873:cr300f:Qh|Ah:-100|100:DeepStack_20001|DeepStack_20000
STATE:874:cr300f:Kh|Ah:-100|100:DeepStack_20000|DeepStack_20001
STATE:875:cr300r1200c/:Ah|As/Kh:0|0:DeepStack_20001|DeepStack_20000
STATE:876:cr300r1200c/:Ah|As/Qs:0|0:DeepStack_20000|DeepStack_20001
STATE:877:cr300f:Qh|Qs:-100|100:DeepStack_20001|DeepStack_20000
STATE:878:cc/cc:Qs|Kh/As:-100|100:DeepStack_20000|DeepStack_20001
STATE:879:cr300f:Qh|As:-100|100:DeepStack_20001|DeepStack_20000
STATE:880:cc/cc:Qs|Qh/As:0|0:DeepStack_20000|DeepStack_20001
STATE:881:cc/cr1200f:Qs|Qh/As:-100|100:DeepStack_20001|DeepStack_20000
STATE:882:cc/cr300c:As|Ks/Kh:-300|300:DeepStack_20000|DeepStack_20001
STATE:883:cc/cc:Kh|As/Qh:-100|100:DeepStack_20001|DeepStack_20000
STATE:884:cc/cc:Qs|Kh/As:-100|100:DeepStack_20000|DeepStack_20001
STATE:885:r1200f:Ah|Qs:100|-100:DeepStack_20001|DeepStack_20000
STATE:886:r1200f:Ah|Qh:100|-100:DeepStack_20000|DeepStack_20001
STATE:887:cc/r300f:As|Qs/Ah:100|-100:DeepStack_20001|DeepStack_20000
STATE:888:cc/cc:Qh|Ks/As:-100|100:DeepStack_20000|DeepStack_20001
STATE:889:cr300f:Qh|Ah:-100|100:DeepStack_20001|DeepStack_20000
STATE:890:cc/r300f:Kh|Qh/Ah:100|-100:DeepStack_20000|DeepStack_20001
STATE:891:cr300f:Ks|As:-100|100:DeepStack_20001|DeepStack_20000
STATE:892:cc/cr300f:Ks|Qh/Qs:-100|100:DeepStack_20000|DeepStack_20001
STATE:893:cc/cc:Qs|Qh/Ah:0|0:DeepStack_20001|DeepStack_20000
STATE:894:cc/cc:Kh|Ah/Qs:-100|100:DeepStack_20000|DeepStack_20001
STATE:895:cc/cc:Kh|As/Ks:100|-100:DeepStack_20001|DeepStack_20000
STATE:896:cr300c/cr900c:Kh|Ah/As:-900|900:DeepStack_20000|DeepStack_20001
STATE:897:cc/r300f:Kh|Qs/Ah:100|-100:DeepStack_20001|DeepStack_20000
STATE:898:cc/cc:Qh|Ks/Ah:-100|100:DeepStack_20000|DeepStack_20001
STATE:899:cc/cc:Ks|Qh/Ah:100|-100:DeepStack_20001|DeepStack_20000
STATE:900:cc/cc:Qs|Qh/As:0|0:DeepStack_20000|DeepStack_20001
STATE:901:cr300f:Ks|Ah:-100|100:DeepStack_20001|DeepStack_20000
STATE:902:cc/cc:Kh|Ah/Qs:-100|100:DeepStack_20000|DeepStack_20001
STATE:903:r1200f:Ah|Qh:100|-100:DeepStack_20001|DeepStack_20000
STATE:904:cr1200f:Ks|Ah:-100|100:DeepStack_20000|DeepStack_20001
STATE:905:r300c/cr1200f:Kh|Qs/As:-300|300:DeepStack_20001|DeepStack_20000
STATE:906:cr300r1200c/:Ah|As/Kh:0|0:DeepStack_20000|DeepStack_20001
STATE:907:cr300c/cc:Kh|As/Qs:-300|300:DeepStack_20001|DeepStack_20000
STATE:908:cc/cr300f:Ks|Kh/Qh:-100|100:DeepStack_20000|DeepStack_20001
STATE:909:cc/cc:Qs|Qh/As:0|0:DeepStack_20001|DeepStack_20000
STATE:910:cc/cc:Qs|Ks/Ah:-100|100:DeepStack_20000|DeepStack_20001
STATE:911:cr300f:Qs|Kh:-100|100:DeepStack_20001|DeepStack_20000
STATE:912:cc/cr300c:Ah|Qs/Qh:-300|300:DeepStack_20000|DeepStack_20001
STATE:913:cr300c/r1200f:Qh|Ah/Ks:300|-300:DeepStack_20001|DeepStack_20000
STATE:914:cc/cc:Kh|Ks/Ah:0|0:DeepStack_20000|DeepStack_20001
STATE:915:r1200f:As|Qs:100|-100:DeepStack_20001|DeepStack_20000
STATE:916:cr300f:Kh|Ah:-100|100:DeepStack_20000|DeepStack_20001
STATE:917:cc/cc:Ks|Qh/Kh:100|-100:DeepStack_20001|DeepStack_20000
STATE:918:cr300r1200c/:As|Ah/Qs:0|0:DeepStack_20000|DeepStack_20001
STATE:919:cc/cc:Qh|Ks/Ah:-100|100:DeepStack_20001|DeepStack_20000
STATE:920:cc/r300c:As|Ks/Ah:300|-300:DeepStack_20000|DeepStack_20001
STATE:921:cr300r1200c/:As|Ah/Kh:0|0:DeepStack_20001|DeepStack_20000
STATE:922:r1200f:Ah|Qs:100|-100:DeepStack_20000|DeepStack_20001
STATE:923:cr300f:Qh|Kh:-100|100:DeepStack_20001|DeepStack_20000
STATE:924:cc/cc:Qs|Kh/Ah:-100|100:DeepStack_20000|DeepStack_20001
STATE:925:cc/cc:Ah|Ks/Qh:100|-100:DeepStack_20001|DeepStack_20000
STATE:926:cc/r300f:Ks|Qh/As:100|-100:DeepStack_20000|DeepStack_20001
STATE:927:cc/cc:Qh|Ks/Qs:100|-100:DeepStack_20001|DeepStack_20000
STATE:928:cr300f:Qs|Ah:-100|100:DeepStack_20000|DeepStack_20001
STATE:929:cc/cc:Ah|As/Kh:0|0:DeepStack_20001|DeepStack_20000
STATE:930:cc/cc:Qh|Ah/Kh:-100|100:DeepStack_20000|DeepStack_20001
STATE:931:cr300f:Ks|Ah:-100|100:DeepStack_20001|DeepStack_20000
STATE:932:cr300f:Qs|As:-100|100:DeepStack_20000|DeepStack_20001
STATE:933:cc/r1200f:Ah|Kh/As:100|-100:DeepStack_20001|DeepStack_20000
STATE:934:cc/cc:Ks|Qh/Ah:100|-100:DeepStack_20000|DeepStack_20001
STATE:935:cc/cc:Ah|Qs/Ks:100|-100:DeepStack_20001|DeepStack_20000
STATE:936:cr300r1200c/:Ah|As/Qs:0|0:DeepStack_20000|DeepStack_20001
STATE:937:cr300r1200c/:As|Ah/Qh:0|0:DeepStack_20001|DeepStack_20000
STATE:938:cr300f:Kh|Ah:-100|100:DeepStack_20000|DeepStack_20001
STATE:939:cr1200f:Ks|As:-100|100:DeepStack_20001|DeepStack_20000
STATE:940:cc/cc:Qh|Qs/Ks:0|0:DeepStack_20000|DeepStack_20001
STATE:941:r1200f:Ah|Ks:100|-100:DeepStack_20001|DeepStack_20000
STATE:942:cc/r300c:Ks|Kh/Ah:0|0:DeepStack_20000|DeepStack_20001
STATE:943:cr300f:Qs|Qh:-100|100:DeepStack_20001|DeepStack_20000
STATE:944:cc/cc:Qh|Kh/As:-100|100:DeepStack_20000|DeepStack_20001
STATE:945:cc/r300f:Kh|Qs/Ah:100|-100:DeepStack_20001|DeepStack_20000
STATE:946:cr300f:Qh|As:-100|100:DeepStack_20000|DeepStack_20001
STATE:947:r300c/cr1200f:As|Qh/Qs:-300|300:DeepStack_20001|DeepStack_20000
STATE:948:cc/cc:Qs|Qh/Ks:0|0:DeepStack_20000|DeepStack_20001
STATE:949:cc/cc:Qh|Kh/Ah:-100|100:DeepStack_20001|DeepStack_20000
STATE:950:cc/r300c:Qs|Ks/Ah:-300|300:DeepStack_20000|DeepStack_20001
STATE:951:cc/cr300f:Ah|Kh/Qh:-100|100:DeepStack_20001|DeepStack_20000
STATE:952:cr300r1200c/:Ah|As/Qs:0|0:DeepStack_20000|DeepStack_20001
STATE:953:cc/cc:Qh|Ks/Qs:100|-100:DeepStack_20001|DeepStack_20000
STATE:954:cc/cr300f:As|Ks/Kh:-100|100:DeepStack_20000|DeepStack_20001
STATE:955:cc/cr300f:Qh|Kh/Ks:-100|100:DeepStack_20001|DeepStack_20000
STATE:956:r1200c/:As|Ah/Kh:0|0:DeepStack_20000|DeepStack_20001
STATE:957:cc/r300r900f:Kh|Ah/As:-300|300:DeepStack_20001|DeepStack_20000
STATE:958:cc/cc:Qh|Qs/Kh:0|0:DeepStack_20000|DeepStack_20001
STATE:959:cc/cr300f:Ah|Kh/Qh:-100|100:DeepStack_20001|DeepStack_20000
STATE:960:cr1200f:Qh|Ah:-100|100:DeepStack_20000|DeepStack_20001
STATE:961:cc/cc:Kh|Qs/Ks:100|-100:DeepStack_20001|DeepStack_20000
STATE:962:cr300f:Qs|As:-100|100:DeepStack_20000|DeepStack_20001
STATE:963:cr300c/r1200c:Kh|Qh/Qs:-1200|1200:DeepStack_20001|DeepStack_20000
STATE:964:cr300r1200c/:Ah|As/Qs:0|0:DeepStack_20000|DeepStack_20001
STATE:965:cr300f:Qs|As:-100|100:DeepStack_20001|DeepStack_20000
STATE:966:cc/cr300f:Qs|Ks/Kh:-100|100:DeepStack_20000|DeepStack_20001
STATE:967:r1200f:As|Qh:100|-100:DeepStack_20001|DeepStack_20000
STATE:968:cr300f:Qs|Ah:-100|100:DeepStack_20000|DeepStack_20001
STATE:969:cc/cr300r900f:Qs|Kh/Qh:300|-300:DeepStack_20001|DeepStack_20000
STATE:970:r300c/cc:Ah|Qh/Kh:300|-300:DeepStack_20000|DeepStack_20001
STATE:971:cr1200f:Qh|Ah:-100|100:DeepStack_20001|DeepStack_20000
STATE:972:cr300c/cc:Ks|Ah/Qh:-300|300:DeepStack_20000|DeepStack_20001
STATE:973:cc/r300r900f:Kh|As/Ah:-300|300:DeepStack_20001|DeepStack_20000
STATE:974:cr1200f:Qh|As:-100|100:DeepStack_20000|DeepStack_20001
STATE:975:cr300f:Qs|Ks:-100|100:DeepStack_20001|DeepStack_20000
STATE:976:r1200f:Ah|Kh:100|-100:DeepStack_20000|DeepStack_20001
STATE:977:cc/cr300c:Ah|Ks/Kh:-300|300:DeepStack_20001|DeepStack_20000
STATE:978:r1200f:As|Qh:100|-100:DeepStack_20000|DeepStack_20001
STATE:979:cc/cr300r1200f:Qs|Kh/Qh:300|-300:DeepStack_20001|DeepStack_20000
STATE:980:cc/cr300f:Ks|Qs/Qh:-100|100:DeepStack_20000|DeepStack_20001
STATE:981:cc/cc:Kh|Ks/Qh:0|0:DeepStack_20001|DeepStack_20000
STATE:982:cc/r300f:Ks|Kh/Ah:100|-100:DeepStack_20000|DeepStack_20001
STATE:983:cc/cc:Kh|Ks/Qs:0|0:DeepStack_20001|DeepStack_20000
STATE:984:r1200f:Ah|Ks:100|-100:DeepStack_20000|DeepStack_20001
STATE:985:cr300c/cr900f:Ks|Ah/Qh:-300|300:DeepStack_20001|DeepStack_20000
STATE:986:cc/r300f:Kh|Ks/Ah:100|-100:DeepStack_20000|DeepStack_20001
STATE:987:cc/cc:Qh|Kh/Qs:100|-100:DeepStack_20001|DeepStack_20000
STATE:988:cc/cc:Ah|Ks/Qh:100|-100:DeepStack_20000|DeepStack_20001
STATE:989:cr300r1200c/:As|Ah/Qs:0|0:DeepStack_20001|DeepStack_20000
STATE:990:cc/cc:Qs|Kh/Qh:100|-100:DeepStack_20000|DeepStack_20001
STATE:991:cr300f:Ks|Kh:-100|100:DeepStack_20001|DeepStack_20000
STATE:992:cr300r1200c/:Ah|As/Ks:0|0:DeepStack_20000|DeepStack_20001
STATE:993:cr1200f:Qs|As:-100|100:DeepStack_20001|DeepStack_20000
STATE:994:cc/r1200f:Ah|Ks/As:100|-100:DeepStack_20000|DeepStack_20001
STATE:995:cc/cc:As|Ah/Kh:0|0:DeepStack_20001|DeepStack_20000
STATE:996:cc/r300f:Ks|Qs/Ah:100|-100:DeepStack_20000|DeepStack_20001
STATE:997:cr300c/cr1200f:Kh|Qh/Ah:-300|300:DeepStack_20001|DeepStack_20000
STATE:998:cc/cc:Kh|Qh/As:100|-100:DeepStack_20000|DeepStack_20001
STATE:999:cr300c/cc:Qs|Ah/Ks:-300|300:DeepStack_20001|DeepStack_20000
SCORE:-2200|2200:DeepStack_20000|DeepStack_20001
