# name/game/hands/seed c2_dp_dp_1k leduc.game 1000 22
#--t_response 600000
#--t_hand 600000
#--t_per_hand 7000
STATE:0:cc/cc:As|Kh/Qh:100|-100:DeepStack_20000|DeepStack_20001
STATE:1:r300r1200f:Qh|Ah:-300|300:DeepStack_20001|DeepStack_20000
STATE:2:r1200f:Ah|Kh:100|-100:DeepStack_20000|DeepStack_20001
STATE:3:cc/cc:Qh|Kh/As:-100|100:DeepStack_20001|DeepStack_20000
STATE:4:cc/cc:As|Ah/Ks:0|0:DeepStack_20000|DeepStack_20001
STATE:5:cc/cc:Qh|Ks/As:-100|100:DeepStack_20001|DeepStack_20000
STATE:6:cc/cc:Ah|Kh/Qs:100|-100:DeepStack_20000|DeepStack_20001
STATE:7:cr1200f:Ks|As:-100|100:DeepStack_20001|DeepStack_20000
STATE:8:cr1200f:Ks|As:-100|100:DeepStack_20000|DeepStack_20001
STATE:9:cc/cc:Qs|Ks/Qh:100|-100:DeepStack_20001|DeepStack_20000
STATE:10:cc/cc:Qh|Kh/Ah:-100|100:DeepStack_20000|DeepStack_20001
STATE:11:cc/cr300f:Qs|Qh/Kh:-100|100:DeepStack_20001|DeepStack_20000
STATE:12:cr300c/cr1200f:Qs|As/Ah:-300|300:DeepStack_20000|DeepStack_20001
STATE:13:cr300f:Qs|Ah:-100|100:DeepStack_20001|DeepStack_20000
STATE:14:cc/cc:Qs|Kh/Ah:-100|100:DeepStack_20000|DeepStack_20001
STATE:15:cc/cc:Ks|As/Kh:100|-100:DeepStack_20001|DeepStack_20000
STATE:16:cc/r300r900f:Kh|Ah/As:-300|300:DeepStack_20000|DeepStack_20001
STATE:17:r1200f:Ah|Qh:100|-100:DeepStack_20001|DeepStack_20000
STATE:18:cr300f:Kh|Ks:-100|100:DeepStack_20000|DeepStack_20001
STATE:19:cr300c/cc:As|Ah/Qs:0|0:DeepStack_20001|DeepStack_20000
STATE:20:cr300c/cc:Qs|Ah/Ks:-300|300:DeepStack_20000|DeepStack_20001
STATE:21:r1200f:As|Qh:100|-100:DeepStack_20001|DeepStack_20000
STATE:22:r1200f:As|Kh:100|-100:DeepStack_20000|DeepStack_20001
STATE:23:cc/cr300f:Qs|Ks/Kh:-100|100:DeepStack_20001|DeepStack_20000
STATE:24:cr300f:Qh|As:-100|100:DeepStack_20000|DeepStack_20001
STATE:25:cc/cc:Qs|Qh/Kh:0|0:DeepStack_20001|DeepStack_20000
STATE:26:r1200f:Ah|Kh:100|-100:DeepStack_20000|DeepStack_20001
STATE:27:cr300f:Qh|Ah:-100|100:DeepStack_20001|DeepStack_20000
STATE:28:cc/r300c:Ks|Kh/Ah:0|0:DeepStack_20000|DeepStack_20001
STATE:29:cc/r300f:Kh|Ks/Ah:100|-100:DeepStack_20001|DeepStack_20000
STATE:30:cc/cc:Qs|Ks/Qh:100|-100:DeepStack_20000|DeepStack_20001
STATE:31:cc/r300f:Ks|Qs/Kh:100|-100:DeepStack_20001|DeepStack_20000
STATE:32:cr300f:Kh|Ah:-100|100:DeepStack_20000|DeepStack_20001
STATE:33:cr1200c/:Ah|As/Kh:0|0:DeepStack_20001|DeepStack_20000
STATE:34:cc/cc:Qs|Qh/Ks:0|0:DeepStack_20000|DeepStack_20001
STATE:35:cc/cc:Qs|Qh/Ah:0|0:DeepStack_20001|DeepStack_20000
STATE:36:cc/cr300f:Qh|Kh/Ks:-100|100:DeepStack_20000|DeepStack_20001
STATE:37:cc/cr300f:Qh|Kh/Ks:-100|100:DeepStack_20001|DeepStack_20000
STATE:38:cc/r1200f:Ah|Kh/As:100|-100:DeepStack_20000|DeepStack_20001
STATE:39:cc/r300r900c:Ks|Ah/As:-900|900:DeepStack_20001|DeepStack_20000
STATE:40:cc/cc:Ks|Qs/Ah:100|-100:DeepStack_20000|DeepStack_20001
STATE:41:cr1200f:Kh|As:-100|100:DeepStack_20001|DeepStack_20000
STATE:42:cc/cc:Qs|Qh/Ks:0|0:DeepStack_20000|DeepStack_20001
STATE:43:cc/cr300f:As|Ks/Kh:-100|100:DeepStack_20001|DeepStack_20000
STATE:44:cr300f:Kh|Qh:-100|100:DeepStack_20000|DeepStack_20001
STATE:45:cr300f:Ks|Ah:-100|100:DeepStack_20001|DeepStack_20000
STATE:46:cr300f:Qh|Ah:-100|100:DeepStack_20000|DeepStack_20001
STATE:47:cc/cc:Kh|Qh/As:100|-100:DeepStack_20001|DeepStack_20000
STATE:48:r1200f:As|Qh:100|-100:DeepStack_20000|DeepStack_20001
STATE:49:cr1200f:Kh|As:-100|100:DeepStack_20001|DeepStack_20000
STATE:50:cc/cr1200f:Qh|Qs/As:-100|100:DeepStack_20000|DeepStack_20001
STATE:51:cr300c/r1200f:Ah|As/Kh:300|-300:DeepStack_20001|DeepStack_20000
STATE:52:cc/r1200f:Qh|Qs/Ah:100|-100:DeepStack_20000|DeepStack_20001
STATE:53:cr300f:Qh|As:-100|100:DeepStack_20001|DeepStack_20000
STATE:54:cc/r300c:Ks|Kh/Ah:0|0:DeepStack_20000|DeepStack_20001
STATE:55:cr300f:Qs|As:-100|100:DeepStack_20001|DeepStack_20000
STATE:56:cr300f:Ks|As:-100|100:DeepStack_20000|DeepStack_20001
STATE:57:cc/cc:Kh|Ks/Qs:0|0:DeepStack_20001|DeepStack_20000
STATE:58:cr300r1200c/:As|Ah/Kh:0|0:DeepStack_20000|DeepStack_20001
STATE:59:cr300f:Qh|Qs:-100|100:DeepStack_20001|DeepStack_20000
STATE:60:cr300c/cr1200f:Ks|Qh/Qs:-300|300:DeepStack_20000|DeepStack_20001
STATE:61:cr300c/cr900f:Qs|Ah/As:-300|300:DeepStack_20001|DeepStack_20000
STATE:62:cc/cr300r1200f:Ks|Qs/Kh:300|-300:DeepStack_20000|DeepStack_20001
STATE:63:cr300f:Ks|Ah:-100|100:DeepStack_20001|DeepStack_20000
STATE:64:cr300f:Qh|Kh:-100|100:DeepStack_20000|DeepStack_20001
STATE:65:cr300f:Kh|As:-100|100:DeepStack_20001|DeepStack_20000
STATE:66:cc/r300f:Kh|Qs/Ah:100|-100:DeepStack_20000|DeepStack_20001
STATE:67:cr300f:Ks|Ah:-100|100:DeepStack_20001|DeepStack_20000
STATE:68:cr300f:Qh|Ks:-100|100:DeepStack_20000|DeepStack_20001
STATE:69:cc/cr300f:Kh|Qs/Qh:-100|100:DeepStack_20001|DeepStack_20000
STATE:70:cr300f:Ks|As:-100|100:DeepStack_20000|DeepStack_20001
STATE:71:cc/r1200f:Qs|Qh/As:100|-100:DeepStack_20001|DeepStack_20000
STATE:72:cc/cc:Qs|Ks/As:-100|100:DeepStack_20000|DeepStack_20001
STATE:73:cc/cc:Ks|Qs/Kh:100|-100:DeepStack_20001|DeepStack_20000
STATE:74:cr300r1200c/:As|Ah/Qs:0|0:DeepStack_20000|DeepStack_20001
STATE:75:cr300r1200c/:As|Ah/Qh:0|0:DeepStack_20001|DeepStack_20000
STATE:76:cc/cc:Qh|Qs/Kh:0|0:DeepStack_20000|DeepStack_20001
STATE:77:cr300f:Qh|Kh:-100|100:DeepStack_20001|DeepStack_20000
STATE:78:r1200f:As|Kh:100|-100:DeepStack_20000|DeepStack_20001
STATE:79:cc/cc:Kh|Ks/Qs:0|0:DeepStack_20001|DeepStack_20000
STATE:80:cc/cc:Kh|Ks/Ah:0|0:DeepStack_20000|DeepStack_20001
STATE:81:cr300r1200c/:Ah|As/Kh:0|0:DeepStack_20001|DeepStack_20000
STATE:82:cr300f:Qh|Ah:-100|100:DeepStack_20000|DeepStack_20001
STATE:83:cc/cc:Qh|Qs/As:0|0:DeepStack_20001|DeepStack_20000
STATE:84:cc/cr1200f:Qh|As/Ah:-100|100:DeepStack_20000|DeepStack_20001
STATE:85:cr300r1200c/:Ah|As/Qh:0|0:DeepStack_20001|DeepStack_20000
STATE:86:cc/cc:Qs|Qh/Ah:0|0:DeepStack_20000|DeepStack_20001
STATE:87:cr300r1200f:As|Qh:300|-300:DeepStack_20001|DeepStack_20000
STATE:88:cc/cr300f:As|Ks/Kh:-100|100:DeepStack_20000|DeepStack_20001
STATE:89:cr300f:Qs|As:-100|100:DeepStack_20001|DeepStack_20000
STATE:90:cr300f:Qh|Ah:-100|100:DeepStack_20000|DeepStack_20001
STATE:91:cr300c/cr1200f:Qs|Qh/Ah:-300|300:DeepStack_20001|DeepStack_20000
STATE:92:cc/cr300f:Qs|Kh/Ks:-100|100:DeepStack_20000|DeepStack_20001
STATE:93:cr1200f:Kh|As:-100|100:DeepStack_20001|DeepStack_20000
STATE:94:cr300f:Ks|As:-100|100:DeepStack_20000|DeepStack_20001
STATE:95:cr300f:Kh|Qh:-100|100:DeepStack_20001|DeepStack_20000
STATE:96:cr300f:Qh|Kh:-100|100:DeepStack_20000|DeepStack_20001
STATE:97:r1200c/:As|Ah/Kh:0|0:DeepStack_20001|DeepStack_20000
STATE:98:cr300f:Qh|Ah:-100|100:DeepStack_20000|DeepStack_20001
STATE:99:cc/r300f:As|Qs/Ah:100|-100:DeepStack_20001|DeepStack_20000
STATE:100:cr300f:Qs|Ah:-100|100:DeepStack_20000|DeepStack_20001
STATE:101:cc/r300f:Ks|Kh/As:100|-100:DeepStack_20001|DeepStack_20000
STATE:102:cr300f:Qh|Qs:-100|100:DeepStack_20000|DeepStack_20001
STATE:103:cc/r1200f:Ah|Kh/As:100|-100:DeepStack_20001|DeepStack_20000
STATE:104:cc/cc:Kh|Qs/Ks:100|-100:DeepStack_20000|DeepStack_20001
STATE:105:cr300f:Qs|As:-100|100:DeepStack_20001|DeepStack_20000
STATE:106:cc/cr300f:Qh|Ks/Kh:-100|100:DeepStack_20000|DeepStack_20001
STATE:107:cc/cr300f:Qs|Ks/Kh:-100|100:DeepStack_20001|DeepStack_20000
STATE:108:cc/r300r1200f:Kh|Ah/As:-300|300:DeepStack_20000|DeepStack_20001
STATE:109:r1200f:As|Ks:100|-100:DeepStack_20001|DeepStack_20000
STATE:110:r300c/r900f:As|Ks/Ah:300|-300:DeepStack_20000|DeepStack_20001
STATE:111:cc/cr300r900f:Ks|Qh/Kh:300|-300:DeepStack_20001|DeepStack_20000
STATE:112:cc/cc:Kh|Qs/As:100|-100:DeepStack_20000|DeepStack_20001
STATE:113:r1200f:Ah|Kh:100|-100:DeepStack_20001|DeepStack_20000
STATE:114:cc/r300f:As|Qh/Ah:100|-100:DeepStack_20000|DeepStack_20001
STATE:115:cc/cc:Ks|Kh/As:0|0:DeepStack_20001|DeepStack_20000
STATE:116:cc/cr300r1200f:Qs|Ks/Qh:300|-300:DeepStack_20000|DeepStack_20001
STATE:117:cc/r1200f:Ah|Qs/As:100|-100:DeepStack_20001|DeepStack_20000
STATE:118:cc/cc:As|Qs/Kh:100|-100:DeepStack_20000|DeepStack_20001
STATE:119:r1200f:Ah|Qh:100|-100:DeepStack_20001|DeepStack_20000
STATE:120:r1200f:As|Qh:100|-100:DeepStack_20000|DeepStack_20001
STATE:121:cc/cc:Qs|Qh/Kh:0|0:DeepStack_20001|DeepStack_20000
STATE:122:r1200c/:Ah|As/Qs:0|0:DeepStack_20000|DeepStack_20001
STATE:123:cc/r300f:Ks|Qs/Ah:100|-100:DeepStack_20001|DeepStack_20000
STATE:124:cr300f:Kh|As:-100|100:DeepStack_20000|DeepStack_20001
STATE:125:cc/cc:Qs|Kh/Ah:-100|100:DeepStack_20001|DeepStack_20000
STATE:126:cc/cr300f:Ks|Qh/Qs:-100|100:DeepStack_20000|DeepStack_20001
STATE:127:cc/cc:Kh|Qh/Ks:100|-100:DeepStack_20001|DeepStack_20000
STATE:128:cr1200f:Kh|As:-100|100:DeepStack_20000|DeepStack_20001
STATE:129:r1200f:Ah|Kh:100|-100:DeepStack_20001|DeepStack_20000
STATE:130:cc/cr300r900f:Qs|Kh/Qh:300|-300:DeepStack_20000|DeepStack_20001
STATE:131:r300r1200f:Ks|As:-300|300:DeepStack_20001|DeepStack_20000
STATE:132:cr300f:Ks|Ah:-100|100:DeepStack_20000|DeepStack_20001
STATE:133:r1200f:As|Ks:100|-100:DeepStack_20001|DeepStack_20000
STATE:134:cr300f:Qh|Kh:-100|100:DeepStack_20000|DeepStack_20001
STATE:135:cr300f:Ks|Ah:-100|100:DeepStack_20001|DeepStack_20000
STATE:136:cc/cr1200f:Qh|As/Ah:-100|100:DeepStack_20000|DeepStack_20001
STATE:137:cr300c/cc:Qh|As/Ks:-300|300:DeepStack_20001|DeepStack_20000
STATE:138:cc/cc:Qs|Ks/Qh:100|-100:DeepStack_20000|DeepStack_20001
STATE:139:cr300f:Ks|Ah:-100|100:DeepStack_20001|DeepStack_20000
STATE:140:r1200f:As|Qs:100|-100:DeepStack_20000|DeepStack_20001
STATE:141:r1200c/:As|Ah/Ks:0|0:DeepStack_20001|DeepStack_20000
STATE:142:cr300f:Kh|Ah:-100|100:DeepStack_20000|DeepStack_20001
STATE:143:cr300r1200c/:As|Ah/Ks:0|0:DeepStack_20001|DeepStack_20000
STATE:144:r1200f:As|Kh:100|-100:DeepStack_20000|DeepStack_20001
STATE:145:cc/cr300f:As|Ks/Kh:-100|100:DeepStack_20001|DeepStack_20000
STATE:146:cc/cc:Qs|Kh/As:-100|100:DeepStack_20000|DeepStack_20001
STATE:147:cr300f:Qs|Ah:-100|100:DeepStack_20001|DeepStack_20000
STATE:148:cc/cr300c:As|Kh/Qh:300|-300:DeepStack_20000|DeepStack_20001
STATE:149:cr300c/r1200f:Qs|Ah/Kh:300|-300:DeepStack_20001|DeepStack_20000
STATE:150:cr1200f:Ks|As:-100|100:DeepStack_20000|DeepStack_20001
STATE:151:cc/cc:Qh|Qs/Ah:0|0:DeepStack_20001|DeepStack_20000
STATE:152:cr300f:Qs|Kh:-100|100:DeepStack_20000|DeepStack_20001
STATE:153:cr1200f:Kh|Ah:-100|100:DeepStack_20001|DeepStack_20000
STATE:154:cc/cc:Qh|Ah/Qs:100|-100:DeepStack_20000|DeepStack_20001
STATE:155:r1200f:As|Ks:100|-100:DeepStack_20001|DeepStack_20000
STATE:156:cc/cr300f:Kh|Qs/Qh:-100|100:DeepStack_20000|DeepStack_20001
STATE:157:cc/cr300f:As|Ks/Qh:-100|100:DeepStack_20001|DeepStack_20000
STATE:158:cr300f:Qh|Ks:-100|100:DeepStack_20000|DeepStack_20001
STATE:159:cr300c/r1200c:Qs|Ah/Qh:1200|-1200:DeepStack_20001|DeepStack_20000
STATE:160:cc/cr300f:Ah|Ks/Qh:-100|100:DeepStack_20000|DeepStack_20001
STATE:161:cr300f:Qh|Ah:-100|100:DeepStack_20001|DeepStack_20000
STATE:162:cc/r1200f:Qh|Qs/As:100|-100:DeepStack_20000|DeepStack_20001
STATE:163:cc/r300f:Kh|Qs/As:100|-100:DeepStack_20001|DeepStack_20000
STATE:164:cc/cr300c:As|Kh/Qh:300|-300:DeepStack_20000|DeepStack_20001
STATE:165:cc/cr1200f:Qh|Kh/As:-100|100:DeepStack_20001|DeepStack_20000
STATE:166:cr300c/cc:Kh|Ah/Qh:-300|300:DeepStack_20000|DeepStack_20001
STATE:167:cc/cc:As|Ks/Qs:100|-100:DeepStack_20001|DeepStack_20000
STATE:168:cc/cc:Ks|Kh/Qs:0|0:DeepStack_20000|DeepStack_20001
STATE:169:cc/r300f:As|Qs/Ah:100|-100:DeepStack_20001|DeepStack_20000
STATE:170:cr300c/cr1200f:Qh|As/Ah:-300|300:DeepStack_20000|DeepStack_20001
STATE:171:r1200f:Ah|Qh:100|-100:DeepStack_20001|DeepStack_20000
STATE:172:r1200f:Ah|Qh:100|-100:DeepStack_20000|DeepStack_20001
STATE:173:cr300c/r1200f:Ks|As/Kh:300|-300:DeepStack_20001|DeepStack_20000
STATE:174:cc/cc:As|Ah/Qs:0|0:DeepStack_20000|DeepStack_20001
STATE:175:cr300f:Qh|Ah:-100|100:DeepStack_20001|DeepStack_20000
STATE:176:cc/cc:Ah|Kh/Qh:100|-100:DeepStack_20000|DeepStack_20001
STATE:177:cc/r300f:Kh|Qh/As:100|-100:DeepStack_20001|DeepStack_20000
STATE:178:cc/cc:Kh|Qs/Ks:100|-100:DeepStack_20000|DeepStack_20001
STATE:179:cr300c/cr1200f:Qs|As/Ah:-300|300:DeepStack_20001|DeepStack_20000
STATE:180:cr300c/cc:As|Ah/Qs:0|0:DeepStack_20000|DeepStack_20001
STATE:181:cc/cr300f:Qs|Qh/Kh:-100|100:DeepStack_20001|DeepStack_20000
STATE:182:cr300c/cr1200c:Ks|Ah/As:-1200|1200:DeepStack_20000|DeepStack_20001
STATE:183:r1200f:As|Qh:100|-100:DeepStack_20001|DeepStack_20000
STATE:184:cc/cc:Qs|Qh/Ks:0|0:DeepStack_20000|DeepStack_20001
STATE:185:cr300f:Qs|Kh:-100|100:DeepStack_20001|DeepStack_20000
STATE:186:cr300f:Qh|Kh:-100|100:DeepStack_20000|DeepStack_20001
STATE:187:r1200f:Ah|Qs:100|-100:DeepStack_20001|DeepStack_20000
STATE:188:cr300r1200c/:As|Ah/Ks:0|0:DeepStack_20000|DeepStack_20001
STATE:189:cr300c/cr1200f:Ks|Qh/As:-300|300:DeepStack_20001|DeepStack_20000
STATE:190:cr300f:Qh|As:-100|100:DeepStack_20000|DeepStack_20001
STATE:191:cc/r300f:Kh|Qs/Ah:100|-100:DeepStack_20001|DeepStack_20000
STATE:192:cr300c/r1200f:Qs|Qh/Kh:300|-300:DeepStack_20000|DeepStack_20001
STATE:193:cc/cr300r1200f:Ks|Qh/Kh:300|-300:DeepStack_20001|DeepStack_20000
STATE:194:cr300f:Qh|Ah:-100|100:DeepStack_20000|DeepStack_20001
STATE:195:cc/cc:Qh|Ks/Qs:100|-100:DeepStack_20001|DeepStack_20000
STATE:196:cr300f:Qs|As:-100|100:DeepStack_20000|DeepStack_20001
STATE:197:cr300f:Qs|Ah:-100|100:DeepStack_20001|DeepStack_20000
STATE:198:r1200f:As|Ks:100|-100:DeepStack_20000|DeepStack_20001
STATE:199:cr300r1200f:As|Kh:300|-300:DeepStack_20001|DeepStack_20000
STATE:200:r1200f:Ah|Qh:100|-100:DeepStack_20000|DeepStack_20001
STATE:201:cc/r300f:Ks|Kh/As:100|-100:DeepStack_20001|DeepStack_20000
STATE:202:cr300f:Ks|Ah:-100|100:DeepStack_20000|DeepStack_20001
STATE:203:r1200f:As|Kh:100|-100:DeepStack_20001|DeepStack_20000
STATE:204:cr300r1200f:Ah|Qs:300|-300:DeepStack_20000|DeepStack_20001
STATE:205:cc/cr300f:Ah|Kh/Ks:-100|100:DeepStack_20001|DeepStack_20000
STATE:206:cc/r300f:As|Qs/Ah:100|-100:DeepStack_20000|DeepStack_20001
STATE:207:cr300f:Kh|Ah:-100|100:DeepStack_20001|DeepStack_20000
STATE:208:cr300f:Qs|Qh:-100|100:DeepStack_20000|DeepStack_20001
STATE:209:cc/cc:Qh|Qs/Ks:0|0:DeepStack_20001|DeepStack_20000
STATE:210:r1200f:Ah|Ks:100|-100:DeepStack_20000|DeepStack_20001
STATE:211:cr300c/cr1200f:Qh|Ah/As:-300|300:DeepStack_20001|DeepStack_20000
STATE:212:cc/cr300f:Ks|Kh/Qh:-100|100:DeepStack_20000|DeepStack_20001
STATE:213:cc/cr300f:Kh|Qs/Qh:-100|100:DeepStack_20001|DeepStack_20000
STATE:214:cc/cc:Qs|Qh/Ah:0|0:DeepStack_20000|DeepStack_20001
STATE:215:r1200f:As|Qs:100|-100:DeepStack_20001|DeepStack_20000
STATE:216:cc/cc:Kh|Ks/Ah:0|0:DeepStack_20000|DeepStack_20001
STATE:217:cr300f:Qs|Ah:-100|100:DeepStack_20001|DeepStack_20000
STATE:218:cr1200f:Qs|As:-100|100:DeepStack_20000|DeepStack_20001
STATE:219:cr300f:Qh|As:-100|100:DeepStack_20001|DeepStack_20000
STATE:220:cc/cc:Qh|Qs/Ah:0|0:DeepStack_20000|DeepStack_20001
STATE:221:cc/cc:Qh|Ks/Ah:-100|100:DeepStack_20001|DeepStack_20000
STATE:222:cr1200f:Qh|Ah:-100|100:DeepStack_20000|DeepStack_20001
STATE:223:cc/r300f:Ks|Kh/As:100|-100:DeepStack_20001|DeepStack_20000
STATE:224:r1200f:As|Qh:100|-100:DeepStack_20000|DeepStack_20001
STATE:225:cr300r1200c/:Ah|As/Qs:0|0:DeepStack_20001|DeepStack_20000
STATE:226:cc/cc:Qs|Qh/As:0|0:DeepStack_20000|DeepStack_20001
STATE:227:cr1200c/:As|Ah/Ks:0|0:DeepStack_20001|DeepStack_20000
STATE:228:cr300f:Qh|Ah:-100|100:DeepStack_20000|DeepStack_20001
STATE:229:cc/cc:Kh|Ah/Qs:-100|100:DeepStack_20001|DeepStack_20000
STATE:230:cr300f:Qh|As:-100|100:DeepStack_20000|DeepStack_20001
STATE:231:cc/r300r900f:Kh|Qs/As:-300|300:DeepStack_20001|DeepStack_20000
STATE:232:cr300f:Qs|As:-100|100:DeepStack_20000|DeepStack_20001
STATE:233:cr300r1200f:Ah|Kh:300|-300:DeepStack_20001|DeepStack_20000
STATE:234:cr1200f:Qh|As:-100|100:DeepStack_20000|DeepStack_20001
STATE:235:cc/cc:As|Kh/Qs:100|-100:DeepStack_20001|DeepStack_20000
STATE:236:r1200f:As|Ks:100|-100:DeepStack_20000|DeepStack_20001
STATE:237:cc/cc:As|Ks/Qh:100|-100:DeepStack_20001|DeepStack_20000
STATE:238:cr300f:Qs|As:-100|100:DeepStack_20000|DeepStack_20001
STATE:239:cc/cr300f:Ah|Qs/Qh:-100|100:DeepStack_20001|DeepStack_20000
STATE:240:cc/cr300c:As|Ks/Kh:-300|300:DeepStack_20000|DeepStack_20001
STATE:241:cc/cc:Ah|Ks/Qh:100|-100:DeepStack_20001|DeepStack_20000
STATE:242:r1200f:As|Qs:100|-100:DeepStack_20000|DeepStack_20001
STATE:243:r1200c/:As|Ah/Ks:0|0:DeepStack_20001|DeepStack_20000
STATE:244:cc/cc:Kh|Qs/Ks:100|-100:DeepStack_20000|DeepStack_20001
STATE:245:cc/r300r900f:Kh|As/Ah:-300|300:DeepStack_20001|DeepStack_20000
STATE:246:cr300f:Qs|Ks:-100|100:DeepStack_20000|DeepStack_20001
STATE:247:cc/cr300c:Ah|Qh/Qs:-300|300:DeepStack_20001|DeepStack_20000
STATE:248:cc/cr300f:Qh|Qs/Kh:-100|100:DeepStack_20000|DeepStack_20001
STATE:249:cr300f:Qs|As:-100|100:DeepStack_20001|DeepStack_20000
STATE:250:cc/cc:As|Qh/Kh:100|-100:DeepStack_20000|DeepStack_20001
STATE:251:cr300r1200c/:Ah|As/Kh:0|0:DeepStack_20001|DeepStack_20000
STATE:252:cr300c/cr1200f:Ks|Qh/Qs:-300|300:DeepStack_20000|DeepStack_20001
STATE:253:r1200f:Ah|Qh:100|-100:DeepStack_20001|DeepStack_20000
STATE:254:cr300r1200f:Ah|Qs:300|-300:DeepStack_20000|DeepStack_20001
STATE:255:cr300f:Ks|Qs:-100|100:DeepStack_20001|DeepStack_20000
STATE:256:cc/cc:As|Qs/Kh:100|-100:DeepStack_20000|DeepStack_20001
STATE:257:cr300r1200f:Ah|Qs:300|-300:DeepStack_20001|DeepStack_20000
STATE:258:r1200f:Ah|Qh:100|-100:DeepStack_20000|DeepStack_20001
STATE:259:cc/cc:Qs|Qh/As:0|0:DeepStack_20001|DeepStack_20000
STATE:260:cr300f:Ks|Ah:-100|100:DeepStack_20000|DeepStack_20001
STATE:261:cc/r300f:Ks|Qs/Ah:100|-100:DeepStack_20001|DeepStack_20000
STATE:262:cc/cc:Ah|As/Qs:0|0:DeepStack_20000|DeepStack_20001
STATE:263:cc/cr300r1200f:Kh|Qh/Ks:300|-300:DeepStack_20001|DeepStack_20000
STATE:264:cc/cc:Qh|Kh/As:-100|100:DeepStack_20000|DeepStack_20001
STATE:265:cc/cc:Qs|Ks/Ah:-100|100:DeepStack_20001|DeepStack_20000
STATE:266:cc/cc:Qh|Ah/Qs:100|-100:DeepStack_20000|DeepStack_20001
STATE:267:cc/cc:Ah|Qs/Ks:100|-100:DeepStack_20001|DeepStack_20000
STATE:268:cr300r1200f:As|Qh:300|-300:DeepStack_20000|DeepStack_20001
STATE:269:r300c/cr1200f:As|Ks/Kh:-300|300:DeepStack_20001|DeepStack_20000
STATE:270:cc/cr300f:Kh|Qh/Qs:-100|100:DeepStack_20000|DeepStack_20001
STATE:271:r1200f:As|Qh:100|-100:DeepStack_20001|DeepStack_20000
STATE:272:cc/r300f:Kh|Qh/Ah:100|-100:DeepStack_20000|DeepStack_20001
STATE:273:cc/r300c:Kh|Ks/As:0|0:DeepStack_20001|DeepStack_20000
STATE:274:cc/cc:Qh|Kh/As:-100|100:DeepStack_20000|DeepStack_20001
STATE:275:cc/cc:Kh|Ks/Qh:0|0:DeepStack_20001|DeepStack_20000
STATE:276:cr300f:Qh|Kh:-100|100:DeepStack_20000|DeepStack_20001
STATE:277:cc/cr300f:Ks|Kh/Qs:-100|100:DeepStack_20001|DeepStack_20000
STATE:278:cr300f:Kh|Qh:-100|100:DeepStack_20000|DeepStack_20001
STATE:279:cr300c/cc:Qh|As/Ks:-300|300:DeepStack_20001|DeepStack_20000
STATE:280:cr1200c/:Ah|As/Qs:0|0:DeepStack_20000|DeepStack_20001
STATE:281:cr300f:Qs|Ah:-100|100:DeepStack_20001|DeepStack_20000
STATE:282:cc/cr300f:As|Qs/Qh:-100|100:DeepStack_20000|DeepStack_20001
STATE:283:cr300f:Qh|Qs:-100|100:DeepStack_20001|DeepStack_20000
STATE:284:cc/cc:Kh|Ks/Ah:0|0:DeepStack_20000|DeepStack_20001
STATE:285:cc/cr300f:Qh|Qs/Kh:-100|100:DeepStack_20001|DeepStack_20000
STATE:286:cr300f:Qs|Ah:-100|100:DeepStack_20000|DeepStack_20001
STATE:287:cc/r300c:Kh|Ks/As:0|0:DeepStack_20001|DeepStack_20000
STATE:288:cr300c/cr1200f:Ks|Qh/Qs:-300|300:DeepStack_20000|DeepStack_20001
STATE:289:cr300c/r900c:Qs|Ah/Qh:900|-900:DeepStack_20001|DeepStack_20000
STATE:290:cc/cc:Qh|Kh/As:-100|100:DeepStack_20000|DeepStack_20001
STATE:291:cc/cr300f:As|Ks/Kh:-100|100:DeepStack_20001|DeepStack_20000
STATE:292:cc/cr300f:Ks|Qs/Qh:-100|100:DeepStack_20000|DeepStack_20001
STATE:293:cc/cc:Qh|Qs/Ks:0|0:DeepStack_20001|DeepStack_20000
STATE:294:cc/cr300f:As|Qh/Ks:-100|100:DeepStack_20000|DeepStack_20001
STATE:295:r1200f:As|Ks:100|-100:DeepStack_20001|DeepStack_20000
STATE:296:cr1200f:Kh|As:-100|100:DeepStack_20000|DeepStack_20001
STATE:297:cr300c/r1200c:Kh|As/Qs:-1200|1200:DeepStack_20001|DeepStack_20000
STATE:298:cc/cc:Qs|Kh/Ah:-100|100:DeepStack_20000|DeepStack_20001
STATE:299:cc/r1200c:As|Kh/Ah:1200|-1200:DeepStack_20001|DeepStack_20000
STATE:300:cr1200f:Ks|Ah:-100|100:DeepStack_20000|DeepStack_20001
STATE:301:r1200f:Ah|Ks:100|-100:DeepStack_20001|DeepStack_20000
STATE:302:r1200f:Ah|Kh:100|-100:DeepStack_20000|DeepStack_20001
STATE:303:r1200c/:As|Ah/Kh:0|0:DeepStack_20001|DeepStack_20000
STATE:304:cc/cc:Kh|Qh/Ks:100|-100:DeepStack_20000|DeepStack_20001
STATE:305:cc/cr300f:As|Qs/Qh:-100|100:DeepStack_20001|DeepStack_20000
STATE:306:cc/cr300f:Ah|Qh/Qs:-100|100:DeepStack_20000|DeepStack_20001
STATE:307:r1200f:Ah|Ks:100|-100:DeepStack_20001|DeepStack_20000
STATE:308:cc/cc:Qs|Qh/As:0|0:DeepStack_20000|DeepStack_20001
STATE:309:cc/cc:Ks|Kh/Qs:0|0:DeepStack_20001|DeepStack_20000
STATE:310:cr300r1200f:As|Qh:300|-300:DeepStack_20000|DeepStack_20001
STATE:311:cc/r300f:As|Qs/Ah:100|-100:DeepStack_20001|DeepStack_20000
STATE:312:cr300c/cc:Qh|Ah/Ks:-300|300:DeepStack_20000|DeepStack_20001
STATE:313:r300c/cc:As|Qs/Kh:300|-300:DeepStack_20001|DeepStack_20000
STATE:314:cr300r1200f:As|Ks:300|-300:DeepStack_20000|DeepStack_20001
STATE:315:r300c/cc:Ks|As/Qh:-300|300:DeepStack_20001|DeepStack_20000
STATE:316:cc/cr300c:As|Qs/Kh:300|-300:DeepStack_20000|DeepStack_20001
STATE:317:cc/r300f:Kh|Ks/Ah:100|-100:DeepStack_20001|DeepStack_20000
STATE:318:cr300f:Kh|Ks:-100|100:DeepStack_20000|DeepStack_20001
STATE:319:cc/cr300f:Kh|Ks/Qh:-100|100:DeepStack_20001|DeepStack_20000
STATE:320:cr300f:Qs|Kh:-100|100:DeepStack_20000|DeepStack_20001
STATE:321:cc/cc:Ks|Ah/Qh:-100|100:DeepStack_20001|DeepStack_20000
STATE:322:cr300c/cr1200c:Kh|Ah/As:-1200|1200:DeepStack_20000|DeepStack_20001
STATE:323:cc/cc:Qh|Qs/Ks:0|0:DeepStack_20001|DeepStack_20000
STATE:324:cr300c/cc:Qs|Qh/Kh:0|0:DeepStack_20000|DeepStack_20001
STATE:325:r300c/r1200f:Ah|Ks/As:300|-300:DeepStack_20001|DeepStack_20000
STATE:326:cr300r1200f:As|Kh:300|-300:DeepStack_20000|DeepStack_20001
STATE:327:cc/r300c:Kh|Ks/As:0|0:DeepStack_20001|DeepStack_20000
STATE:328:cr300c/cc:Ks|Qs/Ah:300|-300:DeepStack_20000|DeepStack_20001
STATE:329:cc/cr300f:Ks|Kh/Qh:-100|100:DeepStack_20001|DeepStack_20000
STATE:330:cc/cr300f:Qs|Ks/Kh:-100|100:DeepStack_20000|DeepStack_20001
STATE:331:cc/cc:Qh|Qs/Ks:0|0:DeepStack_20001|DeepStack_20000
STATE:332:cc/cc:Qs|Qh/Ah:0|0:DeepStack_20000|DeepStack_20001
STATE:333:r1200f:As|Kh:100|-100:DeepStack_20001|DeepStack_20000
STATE:334:cc/r1200f:As|Qs/Ah:100|-100:DeepStack_20000|DeepStack_20001
STATE:335:cc/cc:Ah|Kh/Qs:100|-100:DeepStack_20001|DeepStack_20000
STATE:336:r300c/cc:Ks|Kh/Ah:0|0:DeepStack_20000|DeepStack_20001
STATE:337:cc/cc:Kh|Ks/Qh:0|0:DeepStack_20001|DeepStack_20000
STATE:338:cc/r1200f:Ks|Qh/As:100|-100:DeepStack_20000|DeepStack_20001
STATE:339:cc/cr300f:Kh|Qh/Qs:-100|100:DeepStack_20001|DeepStack_20000
STATE:340:cr300f:Ks|As:-100|100:DeepStack_20000|DeepStack_20001
STATE:341:cr300f:Qh|Ks:-100|100:DeepStack_20001|DeepStack_20000
STATE:342:cr300f:Qs|Kh:-100|100:DeepStack_20000|DeepStack_20001
STATE:343:cc/cc:Ah|Kh/Qs:100|-100:DeepStack_20001|DeepStack_20000
STATE:344:cr300f:Ks|Qh:-100|100:DeepStack_20000|DeepStack_20001
STATE:345:cr1200f:Ks|As:-100|100:DeepStack_20001|DeepStack_20000
STATE:346:r300c/cc:Kh|Qs/Ks:300|-300:DeepStack_20000|DeepStack_20001
STATE:347:cc/cc:Qs|Ks/As:-100|100:DeepStack_20001|DeepStack_20000
STATE:348:cr300f:Qs|As:-100|100:DeepStack_20000|DeepStack_20001
STATE:349:cr300f:Qs|Ah:-100|100:DeepStack_20001|DeepStack_20000
STATE:350:cc/r300f:Kh|Qs/Ah:100|-100:DeepStack_20000|DeepStack_20001
STATE:351:cr300r1200c/:Ah|As/Qs:0|0:DeepStack_20001|DeepStack_20000
STATE:352:cr300f:Kh|As:-100|100:DeepStack_20000|DeepStack_20001
STATE:353:cc/cr300f:Ks|Kh/Qh:-100|100:DeepStack_20001|DeepStack_20000
STATE:354:cr300f:Qh|Ah:-100|100:DeepStack_20000|DeepStack_20001
STATE:355:r1200f:As|Ks:100|-100:DeepStack_20001|DeepStack_20000
STATE:356:cr300f:Qh|Ks:-100|100:DeepStack_20000|DeepStack_20001
STATE:357:cr1200f:Qs|As:-100|100:DeepStack_20001|DeepStack_20000
STATE:358:cr300f:Ks|Qh:-100|100:DeepStack_20000|DeepStack_20001
STATE:359:cc/cc:Qh|Ks/Ah:-100|100:DeepStack_20001|DeepStack_20000
STATE:360:cc/cr300f:Kh|Qh/Qs:-100|100:DeepStack_20000|DeepStack_20001
STATE:361:cc/cc:Kh|Qs/Ah:100|-100:DeepStack_20001|DeepStack_20000
STATE:362:cc/cr300f:Qs|Kh/Ks:-100|100:DeepStack_20000|DeepStack_20001
STATE:363:cr300c/cc:Qs|As/Ks:-300|300:DeepStack_20001|DeepStack_20000
STATE:364:cc/cc:Kh|Ks/Ah:0|0:DeepStack_20000|DeepStack_20001
STATE:365:cr300r1200c/:As|Ah/Ks:0|0:DeepStack_20001|DeepStack_20000
STATE:366:cr1200f:Qs|Ah:-100|100:DeepStack_20000|DeepStack_20001
STATE:367:cr300f:Qh|As:-100|100:DeepStack_20001|DeepStack_20000
STATE:368:cc/cc:Ah|Qh/Ks:100|-100:DeepStack_20000|DeepStack_20001
STATE:369:cr300f:Qs|Ks:-100|100:DeepStack_20001|DeepStack_20000
STATE:370:cr300f:Qs|Kh:-100|100:DeepStack_20000|DeepStack_20001
STATE:371:cc/cr300f:Ah|Qh/Qs:-100|100:DeepStack_20001|DeepStack_20000
STATE:372:cc/cc:Qh|As/Kh:-100|100:DeepStack_20000|DeepStack_20001
STATE:373:cr300f:Qh|Ah:-100|100:DeepStack_20001|DeepStack_20000
STATE:374:cr300f:Kh|Ks:-100|100:DeepStack_20000|DeepStack_20001
STATE:375:cc/cr300r900f:Kh|Qs/Ks:300|-300:DeepStack_20001|DeepStack_20000
STATE:376:cr1200f:Kh|As:-100|100:DeepStack_20000|DeepStack_20001
STATE:377:cr300c/r1200f:Qs|As/Ks:300|-300:DeepStack_20001|DeepStack_20000
STATE:378:cc/r300f:Kh|Qh/As:100|-100:DeepStack_20000|DeepStack_20001
STATE:379:cr300c/cc:Kh|As/Qs:-300|300:DeepStack_20001|DeepStack_20000
STATE:380:cc/cr1200f:Qs|Ah/As:-100|100:DeepStack_20000|DeepStack_20001
STATE:381:cc/cr300f:Qs|Kh/Ks:-100|100:DeepStack_20001|DeepStack_20000
STATE:382:cc/cc:As|Qs/Kh:100|-100:DeepStack_20000|DeepStack_20001
STATE:383:cr300c/r1200f:Qs|Ah/Qh:300|-300:DeepStack_20001|DeepStack_20000
STATE:384:cc/cc:Qs|Qh/Kh:0|0:DeepStack_20000|DeepStack_20001
STATE:385:cr300f:Qs|Qh:-100|100:DeepStack_20001|DeepStack_20000
STATE:386:cr300f:Kh|As:-100|100:DeepStack_20000|DeepStack_20001
STATE:387:cc/cc:Qs|Qh/Ah:0|0:DeepStack_20001|DeepStack_20000
STATE:388:cc/r300f:Ks|Kh/Ah:100|-100:DeepStack_20000|DeepStack_20001
STATE:389:cr300f:Qs|Ks:-100|100:DeepStack_20001|DeepStack_20000
STATE:390:cr300f:Kh|Ah:-100|100:DeepStack_20000|DeepStack_20001
STATE:391:cc/cc:Ks|Kh/Qh:0|0:DeepStack_20001|DeepStack_20000
STATE:392:cc/cr300f:As|Qh/Qs:-100|100:DeepStack_20000|DeepStack_20001
STATE:393:cc/cc:Qh|Ah/Kh:-100|100:DeepStack_20001|DeepStack_20000
STATE:394:r300c/cc:Kh|Ks/Ah:0|0:DeepStack_20000|DeepStack_20001
STATE:395:cr300c/cc:Ks|As/Qs:-300|300:DeepStack_20001|DeepStack_20000
STATE:396:cr300f:Ks|As:-100|100:DeepStack_20000|DeepStack_20001
STATE:397:cc/r300f:Ks|Qs/Ah:100|-100:DeepStack_20001|DeepStack_20000
STATE:398:cr300f:Kh|Ah:-100|100:DeepStack_20000|DeepStack_20001
STATE:399:r1200f:Ah|Ks:100|-100:DeepStack_20001|DeepStack_20000
STATE:400:cc/r1200f:Ah|Qh/As:100|-100:DeepStack_20000|DeepStack_20001
STATE:401:cc/cc:Kh|Ks/Qh:0|0:DeepStack_20001|DeepStack_20000
STATE:402:cc/cc:Qs|Kh/Qh:100|-100:DeepStack_20000|DeepStack_20001
STATE:403:cc/r300f:Ks|Qs/As:100|-100:DeepStack_20001|DeepStack_20000
STATE:404:cr300c/r1200f:Ah|As/Kh:300|-300:DeepStack_20000|DeepStack_20001
STATE:405:cr300f:Ks|Ah:-100|100:DeepStack_20001|DeepStack_20000
STATE:406:cc/r300f:Kh|Ks/Ah:100|-100:DeepStack_20000|DeepStack_20001
STATE:407:cc/cr300f:Qh|Qs/Ks:-100|100:DeepStack_20001|DeepStack_20000
STATE:408:cr300f:Kh|As:-100|100:DeepStack_20000|DeepStack_20001
STATE:409:cc/r300f:Qh|Qs/Ah:100|-100:DeepStack_20001|DeepStack_20000
STATE:410:cr300c/r1200c:Qs|As/Qh:1200|-1200:DeepStack_20000|DeepStack_20001
STATE:411:r1200f:Ah|Qh:100|-100:DeepStack_20001|DeepStack_20000
STATE:412:cr300f:Qh|Ks:-100|100:DeepStack_20000|DeepStack_20001
STATE:413:cc/cc:Ah|Qh/Ks:100|-100:DeepStack_20001|DeepStack_20000
STATE:414:r1200c/:As|Ah/Qh:0|0:DeepStack_20000|DeepStack_20001
STATE:415:cr300f:Qs|Qh:-100|100:DeepStack_20001|DeepStack_20000
STATE:416:cr300c/cc:Qs|Ks/Ah:-300|300:DeepStack_20000|DeepStack_20001
STATE:417:cr300f:Qs|Kh:-100|100:DeepStack_20001|DeepStack_20000
STATE:418:cc/cc:As|Ks/Qs:100|-100:DeepStack_20000|DeepStack_20001
STATE:419:cc/cc:Ah|Qh/Kh:100|-100:DeepStack_20001|DeepStack_20000
STATE:420:cr300c/cc:Qs|Ah/Kh:-300|300:DeepStack_20000|DeepStack_20001
STATE:421:cc/cc:Qh|Ks/Qs:100|-100:DeepStack_20001|DeepStack_20000
STATE:422:cr300c/cr1200f:Qs|Ah/As:-300|300:DeepStack_20000|DeepStack_20001
STATE:423:cc/cc:Qh|Kh/Ah:-100|100:DeepStack_20001|DeepStack_20000
STATE:424:cc/cc:Kh|Qh/As:100|-100:DeepStack_20000|DeepStack_20001
STATE:425:cr300f:Ks|Ah:-100|100:DeepStack_20001|DeepStack_20000
STATE:426:cr300f:Ks|Ah:-100|100:DeepStack_20000|DeepStack_20001
STATE:427:cc/cr300f:Qs|Ks/Kh:-100|100:DeepStack_20001|DeepStack_20000
STATE:428:cr300r1200c/:As|Ah/Kh:0|0:DeepStack_20000|DeepStack_20001
STATE:429:cr300r1200c/:Ah|As/Qh:0|0:DeepStack_20001|DeepStack_20000
STATE:430:cc/cc:Qh|Ah/Ks:-100|100:DeepStack_20000|DeepStack_20001
STATE:431:cc/r300f:Ks|Qh/Ah:100|-100:DeepStack_20001|DeepStack_20000
STATE:432:cr300c/cr1200f:Ks|Qs/Ah:-300|300:DeepStack_20000|DeepStack_20001
STATE:433:cc/r1200f:As|Ks/Ah:100|-100:DeepStack_20001|DeepStack_20000
STATE:434:cc/cc:Qh|Ks/As:-100|100:DeepStack_20000|DeepStack_20001
STATE:435:cc/r300f:Ks|Kh/Ah:100|-100:DeepStack_20001|DeepStack_20000
STATE:436:cc/r300f:Kh|Qh/Ah:100|-100:DeepStack_20000|DeepStack_20001
STATE:437:cc/r300f:As|Ks/Ah:100|-100:DeepStack_20001|DeepStack_20000
STATE:438:cr300r1200c/:As|Ah/Qh:0|0:DeepStack_20000|DeepStack_20001
STATE:439:cr300f:Qs|Ah:-100|100:DeepStack_20001|DeepStack_20000
STATE:440:cc/cr300f:Ks|Qh/Qs:-100|100:DeepStack_20000|DeepStack_20001
STATE:441:r1200f:As|Qs:100|-100:DeepStack_20001|DeepStack_20000
STATE:442:cr300c/r1200f:Ah|As/Qs:300|-300:DeepStack_20000|DeepStack_20001
STATE:443:cr300f:Ks|Qh:-100|100:DeepStack_20001|DeepStack_20000
STATE:444:r1200c/:Ah|As/Qs:0|0:DeepStack_20000|DeepStack_20001
STATE:445:cc/r300f:Ks|Qh/Ah:100|-100:DeepStack_20001|DeepStack_20000
STATE:446:r1200f:Ah|Ks:100|-100:DeepStack_20000|DeepStack_20001
STATE:447:cc/cc:As|Kh/Qs:100|-100:DeepStack_20001|DeepStack_20000
STATE:448:cc/cc:Qs|As/Qh:100|-100:DeepStack_20000|DeepStack_20001
STATE:449:cr300c/cr900f:Ks|Qs/As:-300|300:DeepStack_20001|DeepStack_20000
STATE:450:cr300f:Ks|Kh:-100|100:DeepStack_20000|DeepStack_20001
STATE:451:cc/cr300f:Qs|Ks/Kh:-100|100:DeepStack_20001|DeepStack_20000
STATE:452:cc/cr300f:Ah|Ks/Kh:-100|100:DeepStack_20000|DeepStack_20001
STATE:453:r1200f:As|Qh:100|-100:DeepStack_20001|DeepStack_20000
STATE:454:cc/cc:Kh|As/Ks:100|-100:DeepStack_20000|DeepStack_20001
STATE:455:cc/cc:Ks|Qs/As:100|-100:DeepStack_20001|DeepStack_20000
STATE:456:cc/cr300f:Qs|Kh/Ks:-100|100:DeepStack_20000|DeepStack_20001
STATE:457:cr300c/cc:Ah|As/Qs:0|0:DeepStack_20001|DeepStack_20000
STATE:458:cc/cc:Ks|Kh/As:0|0:DeepStack_20000|DeepStack_20001
STATE:459:cr300f:Qh|Kh:-100|100:DeepStack_20001|DeepStack_20000
STATE:460:cr300f:Ks|Qh:-100|100:DeepStack_20000|DeepStack_20001
STATE:461:cc/cc:Kh|Ks/Qh:0|0:DeepStack_20001|DeepStack_20000
STATE:462:cc/r300f:Kh|Qs/Ah:100|-100:DeepStack_20000|DeepStack_20001
STATE:463:cc/cc:Kh|Qh/Ks:100|-100:DeepStack_20001|DeepStack_20000
STATE:464:cr300r1200c/:As|Ah/Qh:0|0:DeepStack_20000|DeepStack_20001
STATE:465:cc/r300f:Ks|Qh/As:100|-100:DeepStack_20001|DeepStack_20000
STATE:466:cc/cr300c:As|Qh/Kh:300|-300:DeepStack_20000|DeepStack_20001
STATE:467:cc/r300r900f:Ks|As/Ah:-300|300:DeepStack_20001|DeepStack_20000
STATE:468:cr300f:Qh|As:-100|100:DeepStack_20000|DeepStack_20001
STATE:469:cc/cc:Qh|Kh/As:-100|100:DeepStack_20001|DeepStack_20000
STATE:470:cr300f:Ks|Ah:-100|100:DeepStack_20000|DeepStack_20001
STATE:471:cc/cr300f:Kh|Ks/Qs:-100|100:DeepStack_20001|DeepStack_20000
STATE:472:cc/cr300f:Qs|Kh/Ks:-100|100:DeepStack_20000|DeepStack_20001
STATE:473:cr300f:Qs|Ah:-100|100:DeepStack_20001|DeepStack_20000
STATE:474:cc/cr300f:Kh|Qs/Qh:-100|100:DeepStack_20000|DeepStack_20001
STATE:475:cr1200f:Ks|As:-100|100:DeepStack_20001|DeepStack_20000
STATE:476:cr300r1200f:As|Qh:300|-300:DeepStack_20000|DeepStack_20001
STATE:477:r1200f:As|Kh:100|-100:DeepStack_20001|DeepStack_20000
STATE:478:cc/cr300f:As|Qh/Qs:-100|100:DeepStack_20000|DeepStack_20001
STATE:479:cc/cc:As|Ks/Qs:100|-100:DeepStack_20001|DeepStack_20000
STATE:480:cr300c/r1200c:Ks|As/Qh:-1200|1200:DeepStack_20000|DeepStack_20001
STATE:481:cc/cr300f:Ks|Qh/Qs:-100|100:DeepStack_20001|DeepStack_20000
STATE:482:cc/cr300f:Kh|Qh/Qs:-100|100:DeepStack_20000|DeepStack_20001
STATE:483:cc/r300f:Kh|Ks/As:100|-100:DeepStack_20001|DeepStack_20000
STATE:484:cc/cr300f:As|Ks/Qs:-100|100:DeepStack_20000|DeepStack_20001
STATE:485:cc/r300f:Ks|Qh/As:100|-100:DeepStack_20001|DeepStack_20000
STATE:486:cr300c/cc:Qs|As/Kh:-300|300:DeepStack_20000|DeepStack_20001
STATE:487:cr300f:Qh|As:-100|100:DeepStack_20001|DeepStack_20000
STATE:488:cc/r300r900f:Kh|As/Ah:-300|300:DeepStack_20000|DeepStack_20001
STATE:489:cr300f:Ks|Qh:-100|100:DeepStack_20001|DeepStack_20000
STATE:490:cc/r300f:Ah|Qs/As:100|-100:DeepStack_20000|DeepStack_20001
STATE:491:cr300f:Qh|Kh:-100|100:DeepStack_20001|DeepStack_20000
STATE:492:cc/r300f:Ks|Qh/As:100|-100:DeepStack_20000|DeepStack_20001
STATE:493:cc/r1200f:Ks|Qh/As:100|-100:DeepStack_20001|DeepStack_20000
STATE:494:cr300f:Qh|As:-100|100:DeepStack_20000|DeepStack_20001
STATE:495:cc/cr1200f:Qs|Qh/As:-100|100:DeepStack_20001|DeepStack_20000
STATE:496:cc/cr300f:Kh|Ks/Qs:-100|100:DeepStack_20000|DeepStack_20001
STATE:497:cc/cr300f:As|Qh/Ks:-100|100:DeepStack_20001|DeepStack_20000
STATE:498:cc/cr1200f:Kh|Ah/As:-100|100:DeepStack_20000|DeepStack_20001
STATE:499:cr300r1200c/:As|Ah/Ks:0|0:DeepStack_20001|DeepStack_20000
STATE:500:cc/cc:Qh|Ks/Ah:-100|100:DeepStack_20000|DeepStack_20001
STATE:501:cr300f:Kh|Ah:-100|100:DeepStack_20001|DeepStack_20000
STATE:502:cc/cc:Qs|Qh/Kh:0|0:DeepStack_20000|DeepStack_20001
STATE:503:cr300f:Kh|Qs:-100|100:DeepStack_20001|DeepStack_20000
STATE:504:cc/cr300f:As|Qs/Qh:-100|100:DeepStack_20000|DeepStack_20001
STATE:505:cr300f:Qh|Ah:-100|100:DeepStack_20001|DeepStack_20000
STATE:506:r300c/r900f:Qh|Qs/As:300|-300:DeepStack_20000|DeepStack_20001
STATE:507:r1200c/:Ah|As/Qh:0|0:DeepStack_20001|DeepStack_20000
STATE:508:r1200f:As|Qs:100|-100:DeepStack_20000|DeepStack_20001
STATE:509:cc/cr300c:Ah|Kh/Ks:-300|300:DeepStack_20001|DeepStack_20000
STATE:510:cr300f:Kh|Ah:-100|100:DeepStack_20000|DeepStack_20001
STATE:511:cr1200f:Kh|As:-100|100:DeepStack_20001|DeepStack_20000
STATE:512:cc/r300f:Kh|Qh/Ah:100|-100:DeepStack_20000|DeepStack_20001
STATE:513:cr300f:Ks|As:-100|100:DeepStack_20001|DeepStack_20000
STATE:514:cr300r1200f:Ah|Ks:300|-300:DeepStack_20000|DeepStack_20001
STATE:515:cc/cc:Ah|Kh/Qh:100|-100:DeepStack_20001|DeepStack_20000
STATE:516:cr300c/r1200f:Kh|As/Qh:300|-300:DeepStack_20000|DeepStack_20001
STATE:517:cc/cc:Qh|Qs/Kh:0|0:DeepStack_20001|DeepStack_20000
STATE:518:r1200f:Ah|Qs:100|-100:DeepStack_20000|DeepStack_20001
STATE:519:cc/cr300f:Ah|Qh/Kh:-100|100:DeepStack_20001|DeepStack_20000
STATE:520:cr300f:Ks|Qs:-100|100:DeepStack_20000|DeepStack_20001
STATE:521:cc/cc:Qh|Qs/Ks:0|0:DeepStack_20001|DeepStack_20000
STATE:522:cc/r300f:Ks|Qs/As:100|-100:DeepStack_20000|DeepStack_20001
STATE:523:cr300f:Qh|Ah:-100|100:DeepStack_20001|DeepStack_20000
STATE:524:cc/r300c:Ks|Kh/As:0|0:DeepStack_20000|DeepStack_20001
STATE:525:r1200c/:As|Ah/Kh:0|0:DeepStack_20001|DeepStack_20000
STATE:526:cc/cc:Kh|Ks/Qs:0|0:DeepStack_20000|DeepStack_20001
STATE:527:cr1200f:Ks|Ah:-100|100:DeepStack_20001|DeepStack_20000
STATE:528:cr300f:Ks|Ah:-100|100:DeepStack_20000|DeepStack_20001
STATE:529:cr300r1200f:As|Qs:300|-300:DeepStack_20001|DeepStack_20000
STATE:530:cc/cr300f:Ah|Qs/Qh:-100|100:DeepStack_20000|DeepStack_20001
STATE:531:cc/cc:Ks|As/Kh:100|-100:DeepStack_20001|DeepStack_20000
STATE:532:cr300f:Ks|As:-100|100:DeepStack_20000|DeepStack_20001
STATE:533:cc/r300f:Kh|Qh/As:100|-100:DeepStack_20001|DeepStack_20000
STATE:534:cc/r300f:Ks|Qh/As:100|-100:DeepStack_20000|DeepStack_20001
STATE:535:r300r900f:Kh|Ah:-300|300:DeepStack_20001|DeepStack_20000
STATE:536:cr300f:Qh|Qs:-100|100:DeepStack_20000|DeepStack_20001
STATE:537:cr300f:Qs|As:-100|100:DeepStack_20001|DeepStack_20000
STATE:538:cr300f:Kh|Ah:-100|100:DeepStack_20000|DeepStack_20001
STATE:539:r1200f:Ah|Qs:100|-100:DeepStack_20001|DeepStack_20000
STATE:540:cc/cr300f:As|Qs/Qh:-100|100:DeepStack_20000|DeepStack_20001
STATE:541:cc/cc:Ah|Qs/Ks:100|-100:DeepStack_20001|DeepStack_20000
STATE:542:cr300f:Kh|As:-100|100:DeepStack_20000|DeepStack_20001
STATE:543:cc/cc:As|Kh/Qs:100|-100:DeepStack_20001|DeepStack_20000
STATE:544:cr300r1200c/:Ah|As/Kh:0|0:DeepStack_20000|DeepStack_20001
STATE:545:r1200f:As|Ks:100|-100:DeepStack_20001|DeepStack_20000
STATE:546:cr300c/cr900c:Ks|Ah/As:-900|900:DeepStack_20000|DeepStack_20001
STATE:547:cc/r300f:Ah|Qh/As:100|-100:DeepStack_20001|DeepStack_20000
STATE:548:cr1200f:Kh|As:-100|100:DeepStack_20000|DeepStack_20001
STATE:549:cc/cc:Qs|Qh/Kh:0|0:DeepStack_20001|DeepStack_20000
STATE:550:cc/cc:Ks|Ah/Qs:-100|100:DeepStack_20000|DeepStack_20001
STATE:551:cc/cc:Qh|As/Ks:-100|100:DeepStack_20001|DeepStack_20000
STATE:552:cc/r300f:As|Qs/Ah:100|-100:DeepStack_20000|DeepStack_20001
STATE:553:cc/cc:Qh|Qs/As:0|0:DeepStack_20001|DeepStack_20000
STATE:554:cc/r300r900f:Ks|As/Ah:-300|300:DeepStack_20000|DeepStack_20001
STATE:555:cc/cr300f:Ks|Qh/Qs:-100|100:DeepStack_20001|DeepStack_20000
STATE:556:cc/r300f:Kh|Qs/As:100|-100:DeepStack_20000|DeepStack_20001
STATE:557:cc/cr300f:Qh|Ks/Kh:-100|100:DeepStack_20001|DeepStack_20000
STATE:558:cc/cr300f:Qs|Kh/Ks:-100|100:DeepStack_20000|DeepStack_20001
STATE:559:cc/cr300c:Ah|Qh/Qs:-300|300:DeepStack_20001|DeepStack_20000
STATE:560:cc/cc:Ah|As/Qs:0|0:DeepStack_20000|DeepStack_20001
STATE:561:cr300f:Kh|Qh:-100|100:DeepStack_20001|DeepStack_20000
STATE:562:cc/cc:Ks|Qs/Ah:100|-100:DeepStack_20000|DeepStack_20001
STATE:563:cc/cc:Kh|Qh/Ah:100|-100:DeepStack_20001|DeepStack_20000
STATE:564:cc/cc:Ah|Qs/Kh:100|-100:DeepStack_20000|DeepStack_20001
STATE:565:cr300f:Ks|Qh:-100|100:DeepStack_20001|DeepStack_20000
STATE:566:r300c/cr1200c:Ks|Ah/As:-1200|1200:DeepStack_20000|DeepStack_20001
STATE:567:cr300f:Kh|As:-100|100:DeepStack_20001|DeepStack_20000
STATE:568:cr300c/cr1200c:Kh|Qh/As:1200|-1200:DeepStack_20000|DeepStack_20001
STATE:569:cr300f:Qh|Ah:-100|100:DeepStack_20001|DeepStack_20000
STATE:570:cc/cr1200f:Qs|Qh/As:-100|100:DeepStack_20000|DeepStack_20001
STATE:571:cc/cc:Qs|Ks/Qh:100|-100:DeepStack_20001|DeepStack_20000
STATE:572:cc/r1200f:Ks|Qs/As:100|-100:DeepStack_20000|DeepStack_20001
STATE:573:cc/cr300f:As|Qs/Qh:-100|100:DeepStack_20001|DeepStack_20000
STATE:574:r1200f:Ah|Qs:100|-100:DeepStack_20000|DeepStack_20001
STATE:575:r1200f:Ah|Qh:100|-100:DeepStack_20001|DeepStack_20000
STATE:576:cc/r300f:Kh|Qs/As:100|-100:DeepStack_20000|DeepStack_20001
STATE:577:cc/cc:Qs|Ah/Kh:-100|100:DeepStack_20001|DeepStack_20000
STATE:578:r1200f:As|Qh:100|-100:DeepStack_20000|DeepStack_20001
STATE:579:cc/cc:Qs|Ks/Ah:-100|100:DeepStack_20001|DeepStack_20000
STATE:580:cc/cr300f:Qh|Ks/Kh:-100|100:DeepStack_20000|DeepStack_20001
STATE:581:cc/cc:As|Qh/Kh:100|-100:DeepStack_20001|DeepStack_20000
STATE:582:cr1200f:Qh|As:-100|100:DeepStack_20000|DeepStack_20001
STATE:583:cc/cc:Qs|Ks/Ah:-100|100:DeepStack_20001|DeepStack_20000
STATE:584:cc/cr300f:Qh|Qs/Kh:-100|100:DeepStack_20000|DeepStack_20001
STATE:585:cr300f:Qs|Kh:-100|100:DeepStack_20001|DeepStack_20000
STATE:586:cr300f:Qh|Ah:-100|100:DeepStack_20000|DeepStack_20001
STATE:587:cc/cc:Qs|Qh/Ah:0|0:DeepStack_20001|DeepStack_20000
STATE:588:cc/cr300f:As|Qh/Ks:-100|100:DeepStack_20000|DeepStack_20001
STATE:589:r1200f:Ah|Qs:100|-100:DeepStack_20001|DeepStack_20000
STATE:590:cc/cc:Ks|Qs/As:100|-100:DeepStack_20000|DeepStack_20001
STATE:591:cr300f:Qh|As:-100|100:DeepStack_20001|DeepStack_20000
STATE:592:cr300f:Qh|Ah:-100|100:DeepStack_20000|DeepStack_20001
STATE:593:cr300c/cr1200f:Kh|Qh/Ah:-300|300:DeepStack_20001|DeepStack_20000
STATE:594:cr300f:Ks|As:-100|100:DeepStack_20000|DeepStack_20001
STATE:595:cr300c/cr1200f:Qh|Kh/As:-300|300:DeepStack_20001|DeepStack_20000
STATE:596:cc/cc:Qs|Ks/Qh:100|-100:DeepStack_20000|DeepStack_20001
STATE:597:cc/cc:Qh|Kh/Qs:100|-100:DeepStack_20001|DeepStack_20000
STATE:598:cr300f:Qh|Ah:-100|100:DeepStack_20000|DeepStack_20001
STATE:599:cc/cr300f:As|Qh/Kh:-100|100:DeepStack_20001|DeepStack_20000
STATE:600:r1200f:As|Kh:100|-100:DeepStack_20000|DeepStack_20001
STATE:601:cc/r300c:Qs|Kh/Ah:-300|300:DeepStack_20001|DeepStack_20000
STATE:602:cr300f:Qh|As:-100|100:DeepStack_20000|DeepStack_20001
STATE:603:cr300f:Qs|Ah:-100|100:DeepStack_20001|DeepStack_20000
STATE:604:cc/cc:Qs|Ks/Qh:100|-100:DeepStack_20000|DeepStack_20001
STATE:605:cr1200f:Qh|As:-100|100:DeepStack_20001|DeepStack_20000
STATE:606:cc/cc:As|Qh/Kh:100|-100:DeepStack_20000|DeepStack_20001
STATE:607:cr1200f:Qh|As:-100|100:DeepStack_20001|DeepStack_20000
STATE:608:cc/r300f:Ah|Qs/As:100|-100:DeepStack_20000|DeepStack_20001
STATE:609:cc/cc:Kh|Qh/Ks:100|-100:DeepStack_20001|DeepStack_20000
STATE:610:cc/cr300f:Ks|Kh/Qs:-100|100:DeepStack_20000|DeepStack_20001
STATE:611:cr300f:Ks|Ah:-100|100:DeepStack_20001|DeepStack_20000
STATE:612:cr1200f:Qh|As:-100|100:DeepStack_20000|DeepStack_20001
STATE:613:r1200f:Ah|Qh:100|-100:DeepStack_20001|DeepStack_20000
STATE:614:r300c/cc:As|Qs/Kh:300|-300:DeepStack_20000|DeepStack_20001
STATE:615:cc/cr300r1200f:Ks|Qs/Kh:300|-300:DeepStack_20001|DeepStack_20000
STATE:616:cc/cr300f:Qh|Ks/Kh:-100|100:DeepStack_20000|DeepStack_20001
STATE:617:r1200f:As|Qh:100|-100:DeepStack_20001|DeepStack_20000
STATE:618:r1200f:Ah|Qh:100|-100:DeepStack_20000|DeepStack_20001
STATE:619:cr300r1200f:As|Qh:300|-300:DeepStack_20001|DeepStack_20000
STATE:620:cr300f:Qh|As:-100|100:DeepStack_20000|DeepStack_20001
STATE:621:cc/cc:Ks|Kh/Qh:0|0:DeepStack_20001|DeepStack_20000
STATE:622:cc/cr300f:Kh|Qs/Qh:-100|100:DeepStack_20000|DeepStack_20001
STATE:623:cc/cc:Qh|Qs/As:0|0:DeepStack_20001|DeepStack_20000
STATE:624:cc/cc:Qh|Ks/Qs:100|-100:DeepStack_20000|DeepStack_20001
STATE:625:cc/cc:Qs|Kh/As:-100|100:DeepStack_20001|DeepStack_20000
STATE:626:cc/r300c:Ks|Kh/Ah:0|0:DeepStack_20000|DeepStack_20001
STATE:627:cc/cc:As|Ah/Qh:0|0:DeepStack_20001|DeepStack_20000
STATE:628:r1200f:Ah|Kh:100|-100:DeepStack_20000|DeepStack_20001
STATE:629:cc/r300c:Ah|Ks/As:300|-300:DeepStack_20001|DeepStack_20000
STATE:630:cr300r1200f:Ah|Qs:300|-300:DeepStack_20000|DeepStack_20001
STATE:631:r300c/cr900f:As|Kh/Ks:-300|300:DeepStack_20001|DeepStack_20000
STATE:632:cc/r300c:Ks|Kh/Ah:0|0:DeepStack_20000|DeepStack_20001
STATE:633:cc/cc:Qh|Kh/Qs:100|-100:DeepStack_20001|DeepStack_20000
STATE:634:r300c/cc:As|Kh/Qs:300|-300:DeepStack_20000|DeepStack_20001
STATE:635:cr1200f:Kh|As:-100|100:DeepStack_20001|DeepStack_20000
STATE:636:cc/cc:Qs|Ks/As:-100|100:DeepStack_20000|DeepStack_20001
STATE:637:cr1200f:Qs|As:-100|100:DeepStack_20001|DeepStack_20000
STATE:638:r300r900f:Qs|Ah:-300|300:DeepStack_20000|DeepStack_20001
STATE:639:cc/cc:Ks|Qh/As:100|-100:DeepStack_20001|DeepStack_20000
STATE:640:cc/r300f:Kh|Ks/Ah:100|-100:DeepStack_20000|DeepStack_20001
STATE:641:cc/cr300f:As|Qh/Kh:-100|100:DeepStack_20001|DeepStack_20000
STATE:642:cc/cc:Kh|Qs/Ks:100|-100:DeepStack_20000|DeepStack_20001
STATE:643:r1200f:As|Qh:100|-100:DeepStack_20001|DeepStack_20000
STATE:644:r1200f:Ah|Qs:100|-100:DeepStack_20000|DeepStack_20001
STATE:645:cc/cc:Ks|Qs/Kh:100|-100:DeepStack_20001|DeepStack_20000
STATE:646:cc/cc:As|Ah/Qh:0|0:DeepStack_20000|DeepStack_20001
STATE:647:cc/cc:Qs|Kh/Qh:100|-100:DeepStack_20001|DeepStack_20000
STATE:648:cr300c/cr1200f:Ks|Ah/Qs:-300|300:DeepStack_20000|DeepStack_20001
STATE:649:cr300f:Qh|Ah:-100|100:DeepStack_20001|DeepStack_20000
STATE:650:cr300f:Ks|Qh:-100|100:DeepStack_20000|DeepStack_20001
STATE:651:cr300f:Kh|Qh:-100|100:DeepStack_20001|DeepStack_20000
STATE:652:cr300r1200f:As|Qh:300|-300:DeepStack_20000|DeepStack_20001
STATE:653:cr300c/cr1200f:Ks|Qh/Ah:-300|300:DeepStack_20001|DeepStack_20000
STATE:654:cr300f:Kh|Ah:-100|100:DeepStack_20000|DeepStack_20001
STATE:655:cr300r1200c/:Ah|As/Kh:0|0:DeepStack_20001|DeepStack_20000
STATE:656:cc/cc:Qh|Kh/Qs:100|-100:DeepStack_20000|DeepStack_20001
STATE:657:cc/cc:Kh|Qs/Ah:100|-100:DeepStack_20001|DeepStack_20000
STATE:658:cc/cr300c:As|Qs/Qh:-300|300:DeepStack_20000|DeepStack_20001
STATE:659:cr300f:Ks|Qh:-100|100:DeepStack_20001|DeepStack_20000
STATE:660:cr300f:Qs|Ah:-100|100:DeepStack_20000|DeepStack_20001
STATE:661:cr300r1200f:As|Qs:300|-300:DeepStack_20001|DeepStack_20000
STATE:662:cr300f:Kh|Ah:-100|100:DeepStack_20000|DeepStack_20001
STATE:663:cc/cc:Ks|Qs/Ah:100|-100:DeepStack_20001|DeepStack_20000
STATE:664:cr300c/cr1200f:Qs|Qh/Ah:-300|300:DeepStack_20000|DeepStack_20001
STATE:665:cr300c/r1200f:Kh|Ah/Qs:300|-300:DeepStack_20001|DeepStack_20000
STATE:666:cr300f:Kh|Ah:-100|100:DeepStack_20000|DeepStack_20001
STATE:667:cr300c/cr1200f:Qh|Ks/Ah:-300|300:DeepStack_20001|DeepStack_20000
STATE:668:cr300f:Qs|As:-100|100:DeepStack_20000|DeepStack_20001
STATE:669:cr300f:Qh|Ks:-100|100:DeepStack_20001|DeepStack_20000
STATE:670:cr300f:Kh|As:-100|100:DeepStack_20000|DeepStack_20001
STATE:671:cc/cr300f:As|Kh/Ks:-100|100:DeepStack_20001|DeepStack_20000
STATE:672:cr300r1200f:As|Kh:300|-300:DeepStack_20000|DeepStack_20001
STATE:673:r300c/cr900f:Qh|Qs/Kh:-300|300:DeepStack_20001|DeepStack_20000
STATE:674:cr300r1200f:As|Kh:300|-300:DeepStack_20000|DeepStack_20001
STATE:675:r1200f:Ah|Ks:100|-100:DeepStack_20001|DeepStack_20000
STATE:676:cc/cc:Qs|Qh/Ah:0|0:DeepStack_20000|DeepStack_20001
STATE:677:cc/cr300f:Ah|Ks/Qh:-100|100:DeepStack_20001|DeepStack_20000
STATE:678:cc/cc:Qs|Ks/As:-100|100:DeepStack_20000|DeepStack_20001
STATE:679:cr300f:Qh|Kh:-100|100:DeepStack_20001|DeepStack_20000
STATE:680:cc/cc:Ah|Ks/Qs:100|-100:DeepStack_20000|DeepStack_20001
STATE:681:cr300f:Qs|Ah:-100|100:DeepStack_20001|DeepStack_20000
STATE:682:cc/cr1200f:Qh|Ah/As:-100|100:DeepStack_20000|DeepStack_20001
STATE:683:cr300r1200f:As|Qh:300|-300:DeepStack_20001|DeepStack_20000
STATE:684:cr1200c/:As|Ah/Ks:0|0:DeepStack_20000|DeepStack_20001
STATE:685:cc/cr300f:As|Qh/Qs:-100|100:DeepStack_20001|DeepStack_20000
STATE:686:r300c/cc:Ah|Qh/Kh:300|-300:DeepStack_20000|DeepStack_20001
STATE:687:r300c/cc:Kh|Ks/Qh:0|0:DeepStack_20001|DeepStack_20000
STATE:688:cr300r1200f:Ah|Ks:300|-300:DeepStack_20000|DeepStack_20001
STATE:689:cc/r300f:Ks|Qs/As:100|-100:DeepStack_20001|DeepStack_20000
STATE:690:cr1200f:Qs|Ah:-100|100:DeepStack_20000|DeepStack_20001
STATE:691:r1200f:As|Kh:100|-100:DeepStack_20001|DeepStack_20000
STATE:692:cc/r300f:As|Qh/Ah:100|-100:DeepStack_20000|DeepStack_20001
STATE:693:cr300r1200f:Ah|Qh:300|-300:DeepStack_20001|DeepStack_20000
STATE:694:cr300f:Ks|Ah:-100|100:DeepStack_20000|DeepStack_20001
STATE:695:cc/cc:Qs|Qh/As:0|0:DeepStack_20001|DeepStack_20000
STATE:696:cc/r1200f:As|Ks/Ah:100|-100:DeepStack_20000|DeepStack_20001
STATE:697:cr300c/cr1200f:Qh|Ks/Ah:-300|300:DeepStack_20001|DeepStack_20000
STATE:698:cc/cc:Ks|Qs/Kh:100|-100:DeepStack_20000|DeepStack_20001
STATE:699:cr300f:Kh|Ah:-100|100:DeepStack_20001|DeepStack_20000
STATE:700:cc/cc:Qs|Qh/Ks:0|0:DeepStack_20000|DeepStack_20001
STATE:701:cc/cc:As|Qh/Ks:100|-100:DeepStack_20001|DeepStack_20000
STATE:702:cc/cc:Qs|Ks/Ah:-100|100:DeepStack_20000|DeepStack_20001
STATE:703:cc/cr1200f:Qh|As/Ah:-100|100:DeepStack_20001|DeepStack_20000
STATE:704:cr300c/cr1200f:Kh|As/Ah:-300|300:DeepStack_20000|DeepStack_20001
STATE:705:cc/cc:Ks|Qh/Kh:100|-100:DeepStack_20001|DeepStack_20000
STATE:706:cr300r1200c/:Ah|As/Qs:0|0:DeepStack_20000|DeepStack_20001
STATE:707:r1200f:As|Qs:100|-100:DeepStack_20001|DeepStack_20000
STATE:708:cr1200f:Qh|Ah:-100|100:DeepStack_20000|DeepStack_20001
STATE:709:cr1200f:Ks|As:-100|100:DeepStack_20001|DeepStack_20000
STATE:710:cr300f:Ks|Ah:-100|100:DeepStack_20000|DeepStack_20001
STATE:711:r300c/cr1200f:Ah|Ks/Kh:-300|300:DeepStack_20001|DeepStack_20000
STATE:712:cc/cr300f:Kh|Qh/Qs:-100|100:DeepStack_20000|DeepStack_20001
STATE:713:cr300f:Qs|As:-100|100:DeepStack_20001|DeepStack_20000
STATE:714:r300c/cc:Ks|Qh/Kh:300|-300:DeepStack_20000|DeepStack_20001
STATE:715:cr300f:Ks|Ah:-100|100:DeepStack_20001|DeepStack_20000
STATE:716:cc/cr300f:Ks|Qs/Qh:-100|100:DeepStack_20000|DeepStack_20001
STATE:717:cc/cc:Qh|Qs/Kh:0|0:DeepStack_20001|DeepStack_20000
STATE:718:cr300f:Qs|Ah:-100|100:DeepStack_20000|DeepStack_20001
STATE:719:cc/cc:Qs|Qh/Kh:0|0:DeepStack_20001|DeepStack_20000
STATE:720:cr300f:Qh|As:-100|100:DeepStack_20000|DeepStack_20001
STATE:721:cr1200f:Ks|Ah:-100|100:DeepStack_20001|DeepStack_20000
STATE:722:cc/cc:Qh|Kh/Ah:-100|100:DeepStack_20000|DeepStack_20001
STATE:723:cc/cr300f:Qs|Qh/Kh:-100|100:DeepStack_20001|DeepStack_20000
STATE:724:cr300f:Qh|Ah:-100|100:DeepStack_20000|DeepStack_20001
STATE:725:r1200f:As|Ks:100|-100:DeepStack_20001|DeepStack_20000
STATE:726:r1200f:Ah|Qh:100|-100:DeepStack_20000|DeepStack_20001
STATE:727:cc/r1200f:Qh|Qs/Ah:100|-100:DeepStack_20001|DeepStack_20000
STATE:728:r1200f:As|Kh:100|-100:DeepStack_20000|DeepStack_20001
STATE:729:cc/cc:Qh|Ks/Ah:-100|100:DeepStack_20001|DeepStack_20000
STATE:730:cc/cr1200c:Kh|Ah/As:-1200|1200:DeepStack_20000|DeepStack_20001
STATE:731:r1200c/:As|Ah/Qh:0|0:DeepStack_20001|DeepStack_20000
STATE:732:cc/r300f:Ks|Qh/Ah:100|-100:DeepStack_20000|DeepStack_20001
STATE:733:cr300f:Ks|Ah:-100|100:DeepStack_20001|DeepStack_20000
STATE:734:r1200f:Ah|Kh:100|-100:DeepStack_20000|DeepStack_20001
STATE:735:cc/cr300f:As|Ks/Qs:-100|100:DeepStack_20001|DeepStack_20000
STATE:736:cr300f:Ks|Ah:-100|100:DeepStack_20000|DeepStack_20001
STATE:737:cr300f:Qh|As:-100|100:DeepStack_20001|DeepStack_20000
STATE:738:cc/cr300f:As|Kh/Qh:-100|100:DeepStack_20000|DeepStack_20001
STATE:739:cc/cr300f:Qs|Qh/Kh:-100|100:DeepStack_20001|DeepStack_20000
STATE:740:r1200f:Ah|Qh:100|-100:DeepStack_20000|DeepStack_20001
STATE:741:cc/cc:Qh|Ks/Ah:-100|100:DeepStack_20001|DeepStack_20000
STATE:742:cr300c/cc:Qs|As/Ks:-300|300:DeepStack_20000|DeepStack_20001
STATE:743:cc/r300c:Ah|Kh/As:300|-300:DeepStack_20001|DeepStack_20000
STATE:744:cr300f:Ks|Ah:-100|100:DeepStack_20000|DeepStack_20001
STATE:745:cc/cc:Qs|Kh/As:-100|100:DeepStack_20001|DeepStack_20000
STATE:746:cr300r1200f:As|Qh:300|-300:DeepStack_20000|DeepStack_20001
STATE:747:cc/cc:Qs|Qh/Ah:0|0:DeepStack_20001|DeepStack_20000
STATE:748:cc/cc:Ah|Qh/Kh:100|-100:DeepStack_20000|DeepStack_20001
STATE:749:r300c/r900f:Ks|Qh/As:300|-300:DeepStack_20001|DeepStack_20000
STATE:750:cr300f:Ks|Kh:-100|100:DeepStack_20000|DeepStack_20001
STATE:751:r300r1200f:Qs|Ah:-300|300:DeepStack_20001|DeepStack_20000
STATE:752:cr300f:Qh|Ks:-100|100:DeepStack_20000|DeepStack_20001
STATE:753:r1200f:As|Qh:100|-100:DeepStack_20001|DeepStack_20000
STATE:754:cr1200f:Qs|Ah:-100|100:DeepStack_20000|DeepStack_20001
STATE:755:cr300r1200c/:As|Ah/Kh:0|0:DeepStack_20001|DeepStack_20000
STATE:756:cr300r1200c/:Ah|As/Ks:0|0:DeepStack_20000|DeepStack_20001
STATE:757:cr300f:Kh|Ks:-100|100:DeepStack_20001|DeepStack_20000
STATE:758:cc/cc:Qh|Ks/As:-100|100:DeepStack_20000|DeepStack_20001
STATE:759:r300r1200c/:As|Ah/Ks:0|0:DeepStack_20001|DeepStack_20000
STATE:760:cc/r300f:Kh|Qh/Ah:100|-100:DeepStack_20000|DeepStack_20001
STATE:761:cc/cc:As|Ks/Qs:100|-100:DeepStack_20001|DeepStack_20000
STATE:762:cc/cr300f:Ah|Kh/Qs:-100|100:DeepStack_20000|DeepStack_20001
STATE:763:r1200f:As|Qs:100|-100:DeepStack_20001|DeepStack_20000
STATE:764:cc/cc:Qs|Qh/Ks:0|0:DeepStack_20000|DeepStack_20001
STATE:765:r1200f:Ah|Kh:100|-100:DeepStack_20001|DeepStack_20000
STATE:766:cc/cc:Qs|Qh/Kh:0|0:DeepStack_20000|DeepStack_20001
STATE:767:r1200f:As|Ks:100|-100:DeepStack_20001|DeepStack_20000
STATE:768:cr300c/r1200f:Ks|Ah/Kh:300|-300:DeepStack_20000|DeepStack_20001
STATE:769:r1200f:As|Ks:100|-100:DeepStack_20001|DeepStack_20000
STATE:770:r300c/cr1200f:Qs|Kh/Ks:-300|300:DeepStack_20000|DeepStack_20001
STATE:771:cc/cc:Qh|Qs/Ks:0|0:DeepStack_20001|DeepStack_20000
STATE:772:cc/cc:Ah|Qh/Kh:100|-100:DeepStack_20000|DeepStack_20001
STATE:773:cc/cc:Qs|Qh/Kh:0|0:DeepStack_20001|DeepStack_20000
STATE:774:cc/cc:Qh|Ks/As:-100|100:DeepStack_20000|DeepStack_20001
STATE:775:cc/cc:Ah|Kh/Qh:100|-100:DeepStack_20001|DeepStack_20000
STATE:776:cc/r300f:Kh|Qs/As:100|-100:DeepStack_20000|DeepStack_20001
STATE:777:r1200f:As|Ks:100|-100:DeepStack_20001|DeepStack_20000
STATE:778:cr300c/r1200f:Qs|Kh/Qh:300|-300:DeepStack_20000|DeepStack_20001
STATE:779:cr1200f:Kh|Ah:-100|100:DeepStack_20001|DeepStack_20000
STATE:780:cc/cc:Kh|Qs/Ks:100|-100:DeepStack_20000|DeepStack_20001
STATE:781:cr300c/cc:Kh|As/Qh:-300|300:DeepStack_20001|DeepStack_20000
STATE:782:cc/cc:As|Qh/Kh:100|-100:DeepStack_20000|DeepStack_20001
STATE:783:r1200f:As|Ks:100|-100:DeepStack_20001|DeepStack_20000
STATE:784:cr300c/cr1200f:Qs|As/Ah:-300|300:DeepStack_20000|DeepStack_20001
STATE:785:cr1200f:Ks|As:-100|100:DeepStack_20001|DeepStack_20000
STATE:786:cr300r1200c/:Ah|As/Ks:0|0:DeepStack_20000|DeepStack_20001
STATE:787:cr300r1200f:Ah|Qh:300|-300:DeepStack_20001|DeepStack_20000
STATE:788:cr300r1200f:As|Qs:300|-300:DeepStack_20000|DeepStack_20001
STATE:789:cc/r300r900c:Kh|As/Ah:-900|900:DeepStack_20001|DeepStack_20000
STATE:790:cc/r300c:Kh|Ks/Ah:0|0:DeepStack_20000|DeepStack_20001
STATE:791:cr300r1200c/:As|Ah/Qh:0|0:DeepStack_20001|DeepStack_20000
STATE:792:cc/cc:Kh|Ks/As:0|0:DeepStack_20000|DeepStack_20001
STATE:793:r1200f:Ah|Qh:100|-100:DeepStack_20001|DeepStack_20000
STATE:794:cc/cr300f:Ks|Kh/Qs:-100|100:DeepStack_20000|DeepStack_20001
STATE:795:cr300f:Qs|Ks:-100|100:DeepStack_20001|DeepStack_20000
STATE:796:cc/cr300f:Kh|Qs/Qh:-100|100:DeepStack_20000|DeepStack_20001
STATE:797:cr1200f:Ks|Ah:-100|100:DeepStack_20001|DeepStack_20000
STATE:798:cc/cc:Qh|Kh/Qs:100|-100:DeepStack_20000|DeepStack_20001
STATE:799:cr300r1200c/:As|Ah/Kh:0|0:DeepStack_20001|DeepStack_20000
STATE:800:cr300f:Ks|Ah:-100|100:DeepStack_20000|DeepStack_20001
STATE:801:cc/cc:Qs|Qh/As:0|0:DeepStack_20001|DeepStack_20000
STATE:802:cr300f:Ks|Ah:-100|100:DeepStack_20000|DeepStack_20001
STATE:803:cr300f:Qh|Ah:-100|100:DeepStack_20001|DeepStack_20000
STATE:804:cc/cr300f:Ks|Kh/Qs:-100|100:DeepStack_20000|DeepStack_20001
STATE:805:cc/cr300f:Ks|Kh/Qh:-100|100:DeepStack_20001|DeepStack_20000
STATE:806:cc/cc:Ks|Qh/Kh:100|-100:DeepStack_20000|DeepStack_20001
STATE:807:r1200f:Ah|Kh:100|-100:DeepStack_20001|DeepStack_20000
STATE:808:cc/cr300f:Qs|Kh/Ks:-100|100:DeepStack_20000|DeepStack_20001
STATE:809:r1200c/:Ah|As/Qs:0|0:DeepStack_20001|DeepStack_20000
STATE:810:cc/r300f:Kh|Qh/As:100|-100:DeepStack_20000|DeepStack_20001
STATE:811:cr300f:Qs|Qh:-100|100:DeepStack_20001|DeepStack_20000
STATE:812:cr300c/cr900f:Kh|Ah/As:-300|300:DeepStack_20000|DeepStack_20001
STATE:813:cc/r300f:Ah|Qs/As:100|-100:DeepStack_20001|DeepStack_20000
STATE:814:r1200f:Ah|Qs:100|-100:DeepStack_20000|DeepStack_20001
STATE:815:cr1200f:Kh|As:-100|100:DeepStack_20001|DeepStack_20000
STATE:816:cc/r300f:Kh|Qh/Ah:100|-100:DeepStack_20000|DeepStack_20001
STATE:817:cc/cc:Qh|Qs/Ks:0|0:DeepStack_20001|DeepStack_20000
STATE:818:cc/cc:Qs|Ks/As:-100|100:DeepStack_20000|DeepStack_20001
STATE:819:cr300f:Ks|As:-100|100:DeepStack_20001|DeepStack_20000
STATE:820:cc/r300f:Kh|Qh/Ah:100|-100:DeepStack_20000|DeepStack_20001
STATE:821:cr300c/r1200f:Qs|Kh/Qh:300|-300:DeepStack_20001|DeepStack_20000
STATE:822:cr300c/cr1200f:Qh|As/Ks:-300|300:DeepStack_20000|DeepStack_20001
STATE:823:cr300c/cc:Kh|Ah/Qh:-300|300:DeepStack_20001|DeepStack_20000
STATE:824:cc/cc:Qh|Kh/Ah:-100|100:DeepStack_20000|DeepStack_20001
STATE:825:cc/cr300f:Kh|Qs/Qh:-100|100:DeepStack_20001|DeepStack_20000
STATE:826:cc/cr300f:Kh|Qs/Qh:-100|100:DeepStack_20000|DeepStack_20001
STATE:827:cc/cr300f:Qh|Ks/Kh:-100|100:DeepStack_20001|DeepStack_20000
STATE:828:cr300f:Ks|As:-100|100:DeepStack_20000|DeepStack_20001
STATE:829:r1200f:As|Kh:100|-100:DeepStack_20001|DeepStack_20000
STATE:830:cr300f:Qs|Ks:-100|100:DeepStack_20000|DeepStack_20001
STATE:831:r1200f:Ah|Kh:100|-100:DeepStack_20001|DeepStack_20000
STATE:832:r1200f:As|Qs:100|-100:DeepStack_20000|DeepStack_20001
STATE:833:cr300r1200c/:Ah|As/Qh:0|0:DeepStack_20001|DeepStack_20000
STATE:834:cr300r1200c/:As|Ah/Qs:0|0:DeepStack_20000|DeepStack_20001
STATE:835:r1200f:Ah|Qh:100|-100:DeepStack_20001|DeepStack_20000
STATE:836:cc/cr300f:Ah|Kh/Ks:-100|100:DeepStack_20000|DeepStack_20001
STATE:837:cc/cc:Qs|Qh/As:0|0:DeepStack_20001|DeepStack_20000
STATE:838:cr300f:Qs|Ah:-100|100:DeepStack_20000|DeepStack_20001
STATE:839:cr300r1200f:Ah|Qh:300|-300:DeepStack_20001|DeepStack_20000
STATE:840:cr300c/cc:Qh|Qs/Ah:0|0:DeepStack_20000|DeepStack_20001
STATE:841:cc/cc:Ks|Kh/Qs:0|0:DeepStack_20001|DeepStack_20000
STATE:842:cc/cc:Qs|Qh/As:0|0:DeepStack_20000|DeepStack_20001
STATE:843:cc/cr300r1200f:Kh|Qh/Ks:300|-300:DeepStack_20001|DeepStack_20000
STATE:844:r1200c/:Ah|As/Ks:0|0:DeepStack_20000|DeepStack_20001
STATE:845:cr300f:Qh|Ah:-100|100:DeepStack_20001|DeepStack_20000
STATE:846:cr300r1200f:As|Ks:300|-300:DeepStack_20000|DeepStack_20001
STATE:847:cc/cc:Ah|Ks/Qh:100|-100:DeepStack_20001|DeepStack_20000
STATE:848:r1200c/:As|Ah/Ks:0|0:DeepStack_20000|DeepStack_20001
STATE:849:r300c/cr1200f:Ks|Qh/Qs:-300|300:DeepStack_20001|DeepStack_20000
STATE:850:cr300f:Ks|As:-100|100:DeepStack_20000|DeepStack_20001
STATE:851:cr300f:Kh|Ks:-100|100:DeepStack_20001|DeepStack_20000
STATE:852:cc/cc:Kh|Qh/Ks:100|-100:DeepStack_20000|DeepStack_20001
STATE:853:cc/r300f:Kh|Qh/As:100|-100:DeepStack_20001|DeepStack_20000
STATE:854:cc/cc:Qh|Ah/Ks:-100|100:DeepStack_20000|DeepStack_20001
STATE:855:cr300f:Ks|As:-100|100:DeepStack_20001|DeepStack_20000
STATE:856:cr300r1200f:As|Ks:300|-300:DeepStack_20000|DeepStack_20001
STATE:857:r1200f:Ah|Ks:100|-100:DeepStack_20001|DeepStack_20000
STATE:858:cr300r1200f:As|Qh:300|-300:DeepStack_20000|DeepStack_20001
STATE:859:r1200f:As|Qh:100|-100:DeepStack_20001|DeepStack_20000
STATE:860:cc/cr300f:Ks|Kh/Qh:-100|100:DeepStack_20000|DeepStack_20001
STATE:861:r1200f:As|Qh:100|-100:DeepStack_20001|DeepStack_20000
STATE:862:cc/cr300c:Ah|Ks/Kh:-300|300:DeepStack_20000|DeepStack_20001
STATE:863:cr300f:Kh|Ah:-100|100:DeepStack_20001|DeepStack_20000
STATE:864:cc/cc:Qs|Ah/Kh:-100|100:DeepStack_20000|DeepStack_20001
STATE:865:r1200f:Ah|Qs:100|-100:DeepStack_20001|DeepStack_20000
STATE:866:r300c/cc:As|Ks/Qs:300|-300:DeepStack_20000|DeepStack_20001
STATE:867:cr300f:Qs|Ah:-100|100:DeepStack_20001|DeepStack_20000
STATE:868:r1200f:Ah|Kh:100|-100:DeepStack_20000|DeepStack_20001
STATE:869:r1200f:Ah|Qs:100|-100:DeepStack_20001|DeepStack_20000
STATE:870:r1200f:Ah|Qs:100|-100:DeepStack_20000|DeepStack_20001
STATE:871:cc/cr1200f:Qs|Qh/As:-100|100:DeepStack_20001|DeepStack_20000
STATE:872:cc/cc:Ks|Qh/Ah:100|-100:DeepStack_20000|DeepStack_20001
STATE:873:cr300f:Qs|Ks:-100|100:DeepStack_20001|DeepStack_20000
STATE:874:cc/r300r900f:Kh|Qs/Ah:-300|300:DeepStack_20000|DeepStack_20001
STATE:875:cc/cc:As|Ks/Qh:100|-100:DeepStack_20001|DeepStack_20000
STATE:876:cr300f:Qh|Kh:-100|100:DeepStack_20000|DeepStack_20001
STATE:877:r1200f:As|Qh:100|-100:DeepStack_20001|DeepStack_20000
STATE:878:cr300c/r1200f:Qh|Ks/Qs:300|-300:DeepStack_20000|DeepStack_20001
STATE:879:cc/cc:Qh|Qs/Ks:0|0:DeepStack_20001|DeepStack_20000
STATE:880:cc/cc:Ah|As/Kh:0|0:DeepStack_20000|DeepStack_20001
STATE:881:cc/cc:Ks|Ah/Qh:-100|100:DeepStack_20001|DeepStack_20000
STATE:882:cr300f:Qh|As:-100|100:DeepStack_20000|DeepStack_20001
STATE:883:cr300f:Kh|Ah:-100|100:DeepStack_20001|DeepStack_20000
STATE:884:cr300f:Qh|As:-100|100:DeepStack_20000|DeepStack_20001
STATE:885:cr300c/r1200c:Qs|Ah/Kh:-1200|1200:DeepStack_20001|DeepStack_20000
STATE:886:cr300f:Ks|As:-100|100:DeepStack_20000|DeepStack_20001
STATE:887:cc/r300f:Kh|Qs/As:100|-100:DeepStack_20001|DeepStack_20000
STATE:888:cc/r300c:As|Kh/Ah:300|-300:DeepStack_20000|DeepStack_20001
STATE:889:cr300r1200f:As|Qs:300|-300:DeepStack_20001|DeepStack_20000
STATE:890:cc/cc:Qs|Qh/Ks:0|0:DeepStack_20000|DeepStack_20001
STATE:891:cc/cc:Qh|Qs/Ah:0|0:DeepStack_20001|DeepStack_20000
STATE:892:cc/cr300f:Ks|Qh/Qs:-100|100:DeepStack_20000|DeepStack_20001
STATE:893:cr300f:Qh|As:-100|100:DeepStack_20001|DeepStack_20000
STATE:894:r1200f:As|Qh:100|-100:DeepStack_20000|DeepStack_20001
STATE:895:cc/cc:Qh|Qs/Ah:0|0:DeepStack_20001|DeepStack_20000
STATE:896:cc/cc:Ah|Ks/Qh:100|-100:DeepStack_20000|DeepStack_20001
STATE:897:cc/cc:Ks|Kh/Qs:0|0:DeepStack_20001|DeepStack_20000
STATE:898:cc/r1200f:Ah|Qs/As:100|-100:DeepStack_20000|DeepStack_20001
STATE:899:cc/cc:Qh|Ks/Qs:100|-100:DeepStack_20001|DeepStack_20000
STATE:900:cc/cr300f:Ah|Ks/Qh:-100|100:DeepStack_20000|DeepStack_20001
STATE:901:cr300f:Qs|Ah:-100|100:DeepStack_20001|DeepStack_20000
STATE:902:cr300f:Kh|Ah:-100|100:DeepStack_20000|DeepStack_20001
STATE:903:cr300c/cr900c:As|Kh/Qs:900|-900:DeepStack_20001|DeepStack_20000
STATE:904:cc/cr300f:Ks|Qs/Qh:-100|100:DeepStack_20000|DeepStack_20001
STATE:905:r1200f:As|Qh:100|-100:DeepStack_20001|DeepStack_20000
STATE:906:r1200f:As|Qs:100|-100:DeepStack_20000|DeepStack_20001
STATE:907:cr1200f:Qh|As:-100|100:DeepStack_20001|DeepStack_20000
STATE:908:r1200f:Ah|Qs:100|-100:DeepStack_20000|DeepStack_20001
STATE:909:r1200f:As|Qs:100|-100:DeepStack_20001|DeepStack_20000
STATE:910:cc/cr300f:Kh|Qs/Qh:-100|100:DeepStack_20000|DeepStack_20001
STATE:911:cr300r1200f:Ah|Qh:300|-300:DeepStack_20001|DeepStack_20000
STATE:912:cr300f:Kh|Ah:-100|100:DeepStack_20000|DeepStack_20001
STATE:913:cr300f:Qh|Ah:-100|100:DeepStack_20001|DeepStack_20000
STATE:914:cc/cc:Qh|Qs/Ah:0|0:DeepStack_20000|DeepStack_20001
STATE:915:r1200f:As|Kh:100|-100:DeepStack_20001|DeepStack_20000
STATE:916:cc/cc:Ah|Qs/Kh:100|-100:DeepStack_20000|DeepStack_20001
STATE:917:cc/r300f:Kh|Qh/Ah:100|-100:DeepStack_20001|DeepStack_20000
STATE:918:cc/cr300f:Ah|Qh/Kh:-100|100:DeepStack_20000|DeepStack_20001
STATE:919:cc/r1200f:As|Ks/Ah:100|-100:DeepStack_20001|DeepStack_20000
STATE:920:cc/cr300f:Ks|Kh/Qs:-100|100:DeepStack_20000|DeepStack_20001
STATE:921:cc/r300f:Kh|Qh/Ah:100|-100:DeepStack_20001|DeepStack_20000
STATE:922:cr300f:Qs|Kh:-100|100:DeepStack_20000|DeepStack_20001
STATE:923:cr300f:Qh|Ah:-100|100:DeepStack_20001|DeepStack_20000
STATE:924:cc/cc:Ks|Qh/Kh:100|-100:DeepStack_20000|DeepStack_20001
STATE:925:cr300f:Qs|Ah:-100|100:DeepStack_20001|DeepStack_20000
STATE:926:cr300c/cc:Qs|Qh/Ks:0|0:DeepStack_20000|DeepStack_20001
STATE:927:r1200c/:As|Ah/Qh:0|0:DeepStack_20001|DeepStack_20000
STATE:928:cr300c/cc:Qh|As/Ks:-300|300:DeepStack_20000|DeepStack_20001
STATE:929:r1200f:As|Qh:100|-100:DeepStack_20001|DeepStack_20000
STATE:930:cc/cc:Kh|Qh/Ks:100|-100:DeepStack_20000|DeepStack_20001
STATE:931:r300c/cc:Qh|Kh/Qs:300|-300:DeepStack_20001|DeepStack_20000
STATE:932:cr300f:Qh|Ah:-100|100:DeepStack_20000|DeepStack_20001
STATE:933:cc/cc:Ks|Kh/Qs:0|0:DeepStack_20001|DeepStack_20000
STATE:934:cc/cc:Ks|Qh/Kh:100|-100:DeepStack_20000|DeepStack_20001
STATE:935:cr300c/cr1200f:Ks|Qh/Qs:-300|300:DeepStack_20001|DeepStack_20000
STATE:936:cr300f:Qh|As:-100|100:DeepStack_20000|DeepStack_20001
STATE:937:cc/cc:Ks|Qs/Kh:100|-100:DeepStack_20001|DeepStack_20000
STATE:938:cr300f:Kh|As:-100|100:DeepStack_20000|DeepStack_20001
STATE:939:r1200f:As|Qh:100|-100:DeepStack_20001|DeepStack_20000
STATE:940:cc/cc:Kh|Ks/As:0|0:DeepStack_20000|DeepStack_20001
STATE:941:cc/cr300f:Ks|Qh/Qs:-100|100:DeepStack_20001|DeepStack_20000
STATE:942:cc/r300f:Ks|Qh/Ah:100|-100:DeepStack_20000|DeepStack_20001
STATE:943:r1200f:Ah|Qs:100|-100:DeepStack_20001|DeepStack_20000
STATE:944:r1200f:As|Qh:100|-100:DeepStack_20000|DeepStack_20001
STATE:945:cr300f:Kh|Ah:-100|100:DeepStack_20001|DeepStack_20000
STATE:946:cc/r300c:Ah|Kh/As:300|-300:DeepStack_20000|DeepStack_20001
STATE:947:cc/r300f:Kh|Qs/As:100|-100:DeepStack_20001|DeepStack_20000
STATE:948:cc/cc:Qs|Kh/Ah:-100|100:DeepStack_20000|DeepStack_20001
STATE:949:cc/r1200f:Ks|Qs/Ah:100|-100:DeepStack_20001|DeepStack_20000
STATE:950:cc/cc:Qh|Qs/Ah:0|0:DeepStack_20000|DeepStack_20001
STATE:951:cc/cr1200f:Kh|Qs/Ah:-100|100:DeepStack_20001|DeepStack_20000
STATE:952:cc/cr1200f:Qh|As/Ah:-100|100:DeepStack_20000|DeepStack_20001
STATE:953:cc/r1200f:Qh|Ks/As:100|-100:DeepStack_20001|DeepStack_20000
STATE:954:cc/cc:Ah|Ks/Qh:100|-100:DeepStack_20000|DeepStack_20001
STATE:955:cc/cr1200f:Ks|Kh/Ah:-100|100:DeepStack_20001|DeepStack_20000
STATE:956:cc/cc:Ah|Ks/Qs:100|-100:DeepStack_20000|DeepStack_20001
STATE:957:cr300r1200c/:As|Ah/Qh:0|0:DeepStack_20001|DeepStack_20000
STATE:958:cc/cc:Kh|Qs/Ks:100|-100:DeepStack_20000|DeepStack_20001
STATE:959:r300c/cc:Kh|Ks/As:0|0:DeepStack_20001|DeepStack_20000
STATE:960:cr300f:Qh|As:-100|100:DeepStack_20000|DeepStack_20001
STATE:961:cc/cc:Qs|Ks/Qh:100|-100:DeepStack_20001|DeepStack_20000
STATE:962:cr300f:Qh|Ah:-100|100:DeepStack_20000|DeepStack_20001
STATE:963:r1200f:As|Qh:100|-100:DeepStack_20001|DeepStack_20000
STATE:964:cc/cr300f:As|Ks/Kh:-100|100:DeepStack_20000|DeepStack_20001
STATE:965:cc/cc:Qs|Qh/As:0|0:DeepStack_20001|DeepStack_20000
STATE:966:cr300r1200c/:As|Ah/Kh:0|0:DeepStack_20000|DeepStack_20001
STATE:967:r1200f:Ah|Qh:100|-100:DeepStack_20001|DeepStack_20000
STATE:968:cc/cc:Qh|Ks/Qs:100|-100:DeepStack_20000|DeepStack_20001
STATE:969:cr300f:Qh|Ah:-100|100:DeepStack_20001|DeepStack_20000
STATE:970:cc/cr300r900f:Qs|Ks/Qh:300|-300:DeepStack_20000|DeepStack_20001
STATE:971:r1200f:Ah|Qh:100|-100:DeepStack_20001|DeepStack_20000
STATE:972:cc/cr300f:Ah|Qs/Kh:-100|100:DeepStack_20000|DeepStack_20001
STATE:973:cr300r1200c/:As|Ah/Kh:0|0:DeepStack_20001|DeepStack_20000
STATE:974:cc/r300f:Ks|Qs/Ah:100|-100:DeepStack_20000|DeepStack_20001
STATE:975:cc/cr300c:As|Qs/Qh:-300|300:DeepStack_20001|DeepStack_20000
STATE:976:cr300r1200f:As|Kh:300|-300:DeepStack_20000|DeepStack_20001
STATE:977:cr300r1200c/:As|Ah/Qs:0|0:DeepStack_20001|DeepStack_20000
STATE:978:cc/cc:Ah|Ks/Qs:100|-100:DeepStack_20000|DeepStack_20001
STATE:979:cr300f:Qs|Ah:-100|100:DeepStack_20001|DeepStack_20000
STATE:980:cc/cr300f:Qh|Kh/Ks:-100|100:DeepStack_20000|DeepStack_20001
STATE:981:r1200f:As|Qs:100|-100:DeepStack_20001|DeepStack_20000
STATE:982:cr300r1200f:Ah|Qs:300|-300:DeepStack_20000|DeepStack_20001
STATE:983:cc/cc:Kh|Ks/Qh:0|0:DeepStack_20001|DeepStack_20000
STATE:984:cc/cr300f:Kh|Qh/Qs:-100|100:DeepStack_20000|DeepStack_20001
STATE:985:cc/cr1200f:Qh|Kh/As:-100|100:DeepStack_20001|DeepStack_20000
STATE:986:cr300f:Kh|As:-100|100:DeepStack_20000|DeepStack_20001
STATE:987:cc/cr300f:Ks|Qh/Qs:-100|100:DeepStack_20001|DeepStack_20000
STATE:988:cc/r300c:Ks|Kh/As:0|0:DeepStack_20000|DeepStack_20001
STATE:989:cc/cc:Ah|Kh/Qh:100|-100:DeepStack_20001|DeepStack_20000
STATE:990:r1200f:As|Ks:100|-100:DeepStack_20000|DeepStack_20001
STATE:991:cc/r300f:Ks|Qh/Ah:100|-100:DeepStack_20001|DeepStack_20000
STATE:992:cc/cc:Kh|Qs/Ks:100|-100:DeepStack_20000|DeepStack_20001
STATE:993:cr300f:Ks|Kh:-100|100:DeepStack_20001|DeepStack_20000
STATE:994:cc/cc:Qh|Qs/Ah:0|0:DeepStack_20000|DeepStack_20001
STATE:995:cc/cr300f:Ks|Qh/Qs:-100|100:DeepStack_20001|DeepStack_20000
STATE:996:cr1200c/:Ah|As/Qs:0|0:DeepStack_20000|DeepStack_20001
STATE:997:r300c/cr900c:Ah|Qh/Qs:-900|900:DeepStack_20001|DeepStack_20000
STATE:998:cc/r300f:Kh|Qs/As:100|-100:DeepStack_20000|DeepStack_20001
STATE:999:r300r1200f:Ks|As:-300|300:DeepStack_20001|DeepStack_20000
SCORE:-2400|2400:DeepStack_20000|DeepStack_20001
