# name/game/hands/seed c3_dp_dp_1k leduc.game 1000 33
#--t_response 600000
#--t_hand 600000
#--t_per_hand 7000
STATE:0:cc/cc:Qh|Qs/As:0|0:DeepStack_20000|DeepStack_20001
STATE:1:cc/cr300r900f:Ks|Qs/Kh:300|-300:DeepStack_20001|DeepStack_20000
STATE:2:cr300f:Kh|Qh:-100|100:DeepStack_20000|DeepStack_20001
STATE:3:cc/r300f:As|Qh/Ah:100|-100:DeepStack_20001|DeepStack_20000
STATE:4:cc/cr300r1200f:Ks|Qs/Kh:300|-300:DeepStack_20000|DeepStack_20001
STATE:5:cc/cc:As|Qs/Kh:100|-100:DeepStack_20001|DeepStack_20000
STATE:6:cc/cc:Kh|Ah/Ks:100|-100:DeepStack_20000|DeepStack_20001
STATE:7:cr300f:Qs|Qh:-100|100:DeepStack_20001|DeepStack_20000
STATE:8:cc/cc:Qh|Qs/As:0|0:DeepStack_20000|DeepStack_20001
STATE:9:r1200f:Ah|Ks:100|-100:DeepStack_20001|DeepStack_20000
STATE:10:r1200f:Ah|Kh:100|-100:DeepStack_20000|DeepStack_20001
STATE:11:r1200f:Ah|Kh:100|-100:DeepStack_20001|DeepStack_20000
STATE:12:cc/cc:Kh|Ks/Qs:0|0:DeepStack_20000|DeepStack_20001
STATE:13:cc/cc:Qs|Ks/As:-100|100:DeepStack_20001|DeepStack_20000
STATE:14:cr300f:Qs|Ah:-100|100:DeepStack_20000|DeepStack_20001
STATE:15:r300f:Ah|Qh:100|-100:DeepStack_20001|DeepStack_20000
STATE:16:cc/r300f:Kh|Qh/As:100|-100:DeepStack_20000|DeepStack_20001
STATE:17:cc/r300f:Ks|Qh/As:100|-100:DeepStack_20001|DeepStack_20000
STATE:18:cr1200f:Ks|As:-100|100:DeepStack_20000|DeepStack_20001
STATE:19:cc/r300f:Ah|Kh/As:100|-100:DeepStack_20001|DeepStack_20000
STATE:20:cc/cc:Qs|Ks/As:-100|100:DeepStack_20000|DeepStack_20001
STATE:21:cc/r300f:Kh|Qs/As:100|-100:DeepStack_20001|DeepStack_20000
STATE:22:cr300f:Ks|Ah:-100|100:DeepStack_20000|DeepStack_20001
STATE:23:cc/cr300f:Ks|Qh/Qs:-100|100:DeepStack_20001|DeepStack_20000
STATE:24:r300c/r1200f:Qs|Ks/As:300|-300:DeepStack_20000|DeepStack_20001
STATE:25:cc/cc:Qh|Ks/As:-100|100:DeepStack_20001|DeepStack_20000
STATE:26:r300c/cc:Ah|Kh/Qh:300|-300:DeepStack_20000|DeepStack_20001
STATE:27:cc/cc:Ks|Kh/Qs:0|0:DeepStack_20001|DeepStack_20000
STATE:28:cc/cc:Ks|Kh/As:0|0:DeepStack_20000|DeepStack_20001
STATE:29:cr300f:Ks|Qh:-100|100:DeepStack_20001|DeepStack_20000
STATE:30:cr300f:Kh|Ah:-100|100:DeepStack_20000|DeepStack_20001
STATE:31:cc/r300c:Ah|Ks/As:300|-300:DeepStack_20001|DeepStack_20000
STATE:32:cr300r1200f:As|Kh:300|-300:DeepStack_20000|DeepStack_20001
STATE:33:cr300c/r1200f:Qh|Ah/Kh:300|-300:DeepStack_20001|DeepStack_20000
STATE:34:cr300f:Kh|Ah:-100|100:DeepStack_20000|DeepStack_20001
STATE:35:cr300f:Qs|Ks:-100|100:DeepStack_20001|DeepStack_20000
STATE:36:cr300f:Qs|Ks:-100|100:DeepStack_20000|DeepStack_20001
STATE:37:cc/cc:Qs|As/Ks:-100|100:DeepStack_20001|DeepStack_20000
STATE:38:cr300c/r1200c:Kh|Qs/Qh:-1200|1200:DeepStack_20000|DeepStack_20001
STATE:39:cc/cc:Qs|Ks/Qh:100|-100:DeepStack_20001|DeepStack_20000
STATE:40:cr300r1200c/:Ah|As/Qs:0|0:DeepStack_20000|DeepStack_20001
STATE:41:cr300f:Ks|Ah:-100|100:DeepStack_20001|DeepStack_20000
STATE:42:cr300r1200f:As|Qs:300|-300:DeepStack_20000|DeepStack_20001
STATE:43:cc/cc:Kh|Qs/Ks:100|-100:DeepStack_20001|DeepStack_20000
STATE:44:cc/cr300r900f:Ks|Qs/Kh:300|-300:DeepStack_20000|DeepStack_20001
STATE:45:cc/cc:Ks|Qh/Kh:100|-100:DeepStack_20001|DeepStack_20000
STATE:46:cc/cc:Kh|Ks/Qh:0|0:DeepStack_20000|DeepStack_20001
STATE:47:cc/cc:Qs|Kh/Qh:100|-100:DeepStack_20001|DeepStack_20000
STATE:48:cc/cr300c:Ah|Qs/Ks:300|-300:DeepStack_20000|DeepStack_20001
STATE:49:cc/cc:Qh|Qs/Ks:0|0:DeepStack_20001|DeepStack_20000
STATE:50:cc/r300f:Kh|Qh/Ah:100|-100:DeepStack_20000|DeepStack_20001
STATE:51:r300c/cc:Qh|Qs/Ks:0|0:DeepStack_20001|DeepStack_20000
STATE:52:r1200f:Ah|Ks:100|-100:DeepStack_20000|DeepStack_20001
STATE:53:cr300r1200c/:As|Ah/Qs:0|0:DeepStack_20001|DeepStack_20000
STATE:54:cc/r300f:Kh|Ks/Ah:100|-100:DeepStack_20000|DeepStack_20001
STATE:55:cc/r300r900c:As|Qh/Ah:900|-900:DeepStack_20001|DeepStack_20000
STATE:56:cr300r1200f:Ah|Qh:300|-300:DeepStack_20000|DeepStack_20001
STATE:57:r1200f:Ah|Qs:100|-100:DeepStack_20001|DeepStack_20000
STATE:58:cc/cr300f:Ks|Qh/Qs:-100|100:DeepStack_20000|DeepStack_20001
STATE:59:cr300r1200c/:As|Ah/Qh:0|0:DeepStack_20001|DeepStack_20000
STATE:60:cc/cc:Qh|Ks/As:-100|100:DeepStack_20000|DeepStack_20001
STATE:61:r300c/cc:Ks|Qs/Kh:300|-300:DeepStack_20001|DeepStack_20000
STATE:62:r1200f:As|Qh:100|-100:DeepStack_20000|DeepStack_20001
STATE:63:cc/cr300f:As|Qh/Qs:-100|100:DeepStack_20001|DeepStack_20000
STATE:64:cr300r1200f:As|Kh:300|-300:DeepStack_20000|DeepStack_20001
STATE:65:cc/cr300r1200f:Qs|Ks/Qh:300|-300:DeepStack_20001|DeepStack_20000
STATE:66:cr300c/cc:Qh|As/Ks:-300|300:DeepStack_20000|DeepStack_20001
STATE:67:r1200f:As|Ks:100|-100:DeepStack_20001|DeepStack_20000
STATE:68:cc/cc:Qh|Kh/As:-100|100:DeepStack_20000|DeepStack_20001
STATE:69:cc/r300f:Kh|Qs/Ah:100|-100:DeepStack_20001|DeepStack_20000
STATE:70:cc/cr300r1200f:Qs|Ks/Qh:300|-300:DeepStack_20000|DeepStack_20001
STATE:71:cc/cc:Qh|Kh/As:-100|100:DeepStack_20001|DeepStack_20000
STATE:72:r1200f:As|Qs:100|-100:DeepStack_20000|DeepStack_20001
STATE:73:cr1200f:Kh|Ah:-100|100:DeepStack_20001|DeepStack_20000
STATE:74:cc/cc:Qs|Ah/Ks:-100|100:DeepStack_20000|DeepStack_20001
STATE:75:cr300c/r1200f:Qh|Ah/Ks:300|-300:DeepStack_20001|DeepStack_20000
STATE:76:cr300f:Ks|As:-100|100:DeepStack_20000|DeepStack_20001
STATE:77:cr1200f:Qh|Ah:-100|100:DeepStack_20001|DeepStack_20000
STATE:78:r300r1200f:Qs|As:-300|300:DeepStack_20000|DeepStack_20001
STATE:79:cc/cc:Qs|Qh/As:0|0:DeepStack_20001|DeepStack_20000
STATE:80:r1200f:Ah|Qh:100|-100:DeepStack_20000|DeepStack_20001
STATE:81:cr1200f:Ks|As:-100|100:DeepStack_20001|DeepStack_20000
STATE:82:cr1200f:Ks|As:-100|100:DeepStack_20000|DeepStack_20001
STATE:83:cr300c/cr1200f:Kh|Ah/As:-300|300:DeepStack_20001|DeepStack_20000
STATE:84:cr300f:Qh|Ah:-100|100:DeepStack_20000|DeepStack_20001
STATE:85:r1200f:Ah|Qh:100|-100:DeepStack_20001|DeepStack_20000
STATE:86:cr300f:Ks|As:-100|100:DeepStack_20000|DeepStack_20001
STATE:87:cc/cr300c:Ah|Ks/Qh:300|-300:DeepStack_20001|DeepStack_20000
STATE:88:cc/cc:Qh|Ks/Qs:100|-100:DeepStack_20000|DeepStack_20001
STATE:89:cr300f:Qh|As:-100|100:DeepStack_20001|DeepStack_20000
STATE:90:cc/cc:Ks|Kh/Qh:0|0:DeepStack_20000|DeepStack_20001
STATE:91:cc/cc:Ks|Qs/Ah:100|-100:DeepStack_20001|DeepStack_20000
STATE:92:cc/cc:Qh|Kh/As:-100|100:DeepStack_20000|DeepStack_20001
STATE:93:cr1200f:Qh|Ah:-100|100:DeepStack_20001|DeepStack_20000
STATE:94:cr300f:Qh|Qs:-100|100:DeepStack_20000|DeepStack_20001
STATE:95:cr300c/cr1200c:Kh|Ks/As:0|0:DeepStack_20001|DeepStack_20000
STATE:96:cc/cc:Qs|Qh/Ks:0|0:DeepStack_20000|DeepStack_20001
STATE:97:cc/cc:Qs|Qh/As:0|0:DeepStack_20001|DeepStack_20000
STATE:98:r1200f:As|Kh:100|-100:DeepStack_20000|DeepStack_20001
STATE:99:cc/cc:Ah|Qh/Ks:100|-100:DeepStack_20001|DeepStack_20000
STATE:100:cc/cr300f:Kh|Qs/Qh:-100|100:DeepStack_20000|DeepStack_20001
STATE:101:cc/r300f:Ks|Qs/As:100|-100:DeepStack_20001|DeepStack_20000
STATE:102:cr300f:Kh|As:-100|100:DeepStack_20000|DeepStack_20001
STATE:103:r1200f:As|Ks:100|-100:DeepStack_20001|DeepStack_20000
STATE:104:cr300f:Ks|Qs:-100|100:DeepStack_20000|DeepStack_20001
STATE:105:cc/cc:Qs|Qh/Ks:0|0:DeepStack_20001|DeepStack_20000
STATE:106:cc/cr300f:Ah|Ks/Kh:-100|100:DeepStack_20000|DeepStack_20001
STATE:107:r1200f:As|Kh:100|-100:DeepStack_20001|DeepStack_20000
STATE:108:cc/cr300f:Qs|Ks/Kh:-100|100:DeepStack_20000|DeepStack_20001
STATE:109:cc/r1200f:As|Qs/Ah:100|-100:DeepStack_20001|DeepStack_20000
STATE:110:cc/cr300f:As|Ks/Qh:-100|100:DeepStack_20000|DeepStack_20001
STATE:111:cr300f:Qh|Ah:-100|100:DeepStack_20001|DeepStack_20000
STATE:112:cc/cr300f:Kh|Qs/Qh:-100|100:DeepStack_20000|DeepStack_20001
STATE:113:cc/cr300f:Ks|Kh/Qh:-100|100:DeepStack_20001|DeepStack_20000
STATE:114:cr300c/r1200f:Ah|Ks/Qs:300|-300:DeepStack_20000|DeepStack_20001
STATE:115:cc/cr300f:Ah|Qh/Kh:-100|100:DeepStack_20001|DeepStack_20000
STATE:116:cc/cc:Kh|Qh/As:100|-100:DeepStack_20000|DeepStack_20001
STATE:117:cc/r300c:Ks|Kh/Ah:0|0:DeepStack_20001|DeepStack_20000
STATE:118:r300f:As|Qh:100|-100:DeepStack_20000|DeepStack_20001
STATE:119:cc/cc:Ah|Kh/Qh:100|-100:DeepStack_20001|DeepStack_20000
STATE:120:r1200f:Ah|Ks:100|-100:DeepStack_20000|DeepStack_20001
STATE:121:r1200f:Ah|Kh:100|-100:DeepStack_20001|DeepStack_20000
STATE:122:cr300f:Kh|Ah:-100|100:DeepStack_20000|DeepStack_20001
STATE:123:cr300r1200f:As|Qh:300|-300:DeepStack_20001|DeepStack_20000
STATE:124:cr300f:Qh|Ks:-100|100:DeepStack_20000|DeepStack_20001
STATE:125:cc/cc:As|Qh/Kh:100|-100:DeepStack_20001|DeepStack_20000
STATE:126:cr300c/cc:Ks|Kh/Qh:0|0:DeepStack_20000|DeepStack_20001
STATE:127:cc/cc:As|Qs/Kh:100|-100:DeepStack_20001|DeepStack_20000
STATE:128:cc/cr300f:Ks|Qh/Qs:-100|100:DeepStack_20000|DeepStack_20001
STATE:129:cr300r1200f:Ah|Kh:300|-300:DeepStack_20001|DeepStack_20000
STATE:130:cc/cr300c:Ah|Qs/Kh:300|-300:DeepStack_20000|DeepStack_20001
STATE:131:cc/cr1200f:Qh|Qs/Ah:-100|100:DeepStack_20001|DeepStack_20000
STATE:132:cr300f:Ks|Ah:-100|100:DeepStack_20000|DeepStack_20001
STATE:133:cc/r300f:Ah|Kh/As:100|-100:DeepStack_20001|DeepStack_20000
STATE:134:cc/cc:Qh|Qs/Ks:0|0:DeepStack_20000|DeepStack_20001
STATE:135:cc/cc:Kh|Qh/Ah:100|-100:DeepStack_20001|DeepStack_20000
STATE:136:cc/cr300f:Ah|Qs/Qh:-100|100:DeepStack_20000|DeepStack_20001
STATE:137:cc/cc:Kh|Qh/Ks:100|-100:DeepStack_20001|DeepStack_20000
STATE:138:cc/r300f:Kh|Ks/Ah:100|-100:DeepStack_20000|DeepStack_20001
STATE:139:cc/cc:Qh|Qs/Ah:0|0:DeepStack_20001|DeepStack_20000
STATE:140:cc/cc:Kh|Qh/Ks:100|-100:DeepStack_20000|DeepStack_20001
STATE:141:cr300f:Qs|As:-100|100:DeepStack_20001|DeepStack_20000
STATE:142:cc/cc:As|Ah/Kh:0|0:DeepStack_20000|DeepStack_20001
STATE:143:cc/cc:Ks|Qs/As:100|-100:DeepStack_20001|DeepStack_20000
STATE:144:cr1200f:Kh|As:-100|100:DeepStack_20000|DeepStack_20001
STATE:145:cr300r1200c/:Ah|As/Qs:0|0:DeepStack_20001|DeepStack_20000
STATE:146:r300c/cc:Qh|Kh/Ah:-300|300:DeepStack_20000|DeepStack_20001
STATE:147:cc/r300c:As|Ks/Ah:300|-300:DeepStack_20001|DeepStack_20000
STATE:148:cc/cc:Qs|Ks/As:-100|100:DeepStack_20000|DeepStack_20001
STATE:149:r1200c/:As|Ah/Qh:0|0:DeepStack_20001|DeepStack_20000
STATE:150:cc/cc:Kh|Qs/Ah:100|-100:DeepStack_20000|DeepStack_20001
STATE:151:r1200f:As|Qh:100|-100:DeepStack_20001|DeepStack_20000
STATE:152:r300c/cc:Kh|Ks/Qh:0|0:DeepStack_20000|DeepStack_20001
STATE:153:cr300r1200c/:As|Ah/Qs:0|0:DeepStack_20001|DeepStack_20000
STATE:154:cr300f:Ks|Kh:-100|100:DeepStack_20000|DeepStack_20001
STATE:155:cr300f:Qs|Ah:-100|100:DeepStack_20001|DeepStack_20000
STATE:156:cc/cc:Qs|Qh/Ks:0|0:DeepStack_20000|DeepStack_20001
STATE:157:cc/cc:Ks|Qh/Ah:100|-100:DeepStack_20001|DeepStack_20000
STATE:158:cc/cc:Kh|Qh/As:100|-100:DeepStack_20000|DeepStack_20001
STATE:159:cc/cc:Qh|Qs/As:0|0:DeepStack_20001|DeepStack_20000
STATE:160:cr300c/cr1200f:Qs|Qh/As:-300|300:DeepStack_20000|DeepStack_20001
STATE:161:cc/cr1200f:Qs|Qh/Ah:-100|100:DeepStack_20001|DeepStack_20000
STATE:162:cc/cr300f:Qh|Kh/Ks:-100|100:DeepStack_20000|DeepStack_20001
STATE:163:cc/cc:Qh|Qs/Ks:0|0:DeepStack_20001|DeepStack_20000
STATE:164:cr300f:Qs|Qh:-100|100:DeepStack_20000|DeepStack_20001
STATE:165:cr300c/cr1200f:Kh|Ah/As:-300|300:DeepStack_20001|DeepStack_20000
STATE:166:cc/r300r900f:Qs|Ks/Kh:-300|300:DeepStack_20000|DeepStack_20001
STATE:167:cr1200f:Qh|As:-100|100:DeepStack_20001|DeepStack_20000
STATE:168:cr300f:Qs|As:-100|100:DeepStack_20000|DeepStack_20001
STATE:169:cr300c/r1200f:Qh|Kh/Qs:300|-300:DeepStack_20001|DeepStack_20000
STATE:170:cc/cr300c:Ah|Kh/Ks:-300|300:DeepStack_20000|DeepStack_20001
STATE:171:cc/cc:Qs|Qh/Ks:0|0:DeepStack_20001|DeepStack_20000
STATE:172:r1200f:As|Kh:100|-100:DeepStack_20000|DeepStack_20001
STATE:173:cr1200f:Kh|As:-100|100:DeepStack_20001|DeepStack_20000
STATE:174:cc/cr300f:Ks|Qs/Qh:-100|100:DeepStack_20000|DeepStack_20001
STATE:175:cr1200f:Qs|Ah:-100|100:DeepStack_20001|DeepStack_20000
STATE:176:cr300c/cc:Ks|As/Qs:-300|300:DeepStack_20000|DeepStack_20001
STATE:177:cr300c/r900c:Kh|Ah/Ks:900|-900:DeepStack_20001|DeepStack_20000
STATE:178:cc/cc:Qh|Kh/Ah:-100|100:DeepStack_20000|DeepStack_20001
STATE:179:cr300f:Qh|Ah:-100|100:DeepStack_20001|DeepStack_20000
STATE:180:cr300f:Kh|As:-100|100:DeepStack_20000|DeepStack_20001
STATE:181:cr300r1200c/:As|Ah/Kh:0|0:DeepStack_20001|DeepStack_20000
STATE:182:cc/r300f:Kh|Ks/Ah:100|-100:DeepStack_20000|DeepStack_20001
STATE:183:cc/cc:Qs|Kh/As:-100|100:DeepStack_20001|DeepStack_20000
STATE:184:cr300c/r1200c:Qs|Ah/Ks:-1200|1200:DeepStack_20000|DeepStack_20001
STATE:185:cr300f:Qs|As:-100|100:DeepStack_20001|DeepStack_20000
STATE:186:r1200c/:Ah|As/Ks:0|0:DeepStack_20000|DeepStack_20001
STATE:187:cc/cr300f:Ah|Qs/Qh:-100|100:DeepStack_20001|DeepStack_20000
STATE:188:cc/cc:Qh|Kh/Ah:-100|100:DeepStack_20000|DeepStack_20001
STATE:189:cc/cr300f:Qs|Kh/Ks:-100|100:DeepStack_20001|DeepStack_20000
STATE:190:cc/cr300f:As|Kh/Qs:-100|100:DeepStack_20000|DeepStack_20001
STATE:191:cr300f:Qh|Kh:-100|100:DeepStack_20001|DeepStack_20000
STATE:192:cr1200c/:As|Ah/Kh:0|0:DeepStack_20000|DeepStack_20001
STATE:193:cc/cc:Ah|Ks/Qh:100|-100:DeepStack_20001|DeepStack_20000
STATE:194:cc/r300f:Ks|Qs/As:100|-100:DeepStack_20000|DeepStack_20001
STATE:195:cc/cc:Qs|Kh/Qh:100|-100:DeepStack_20001|DeepStack_20000
STATE:196:cr300c/cc:Qh|As/Kh:-300|300:DeepStack_20000|DeepStack_20001
STATE:197:r300r1200c/:Ah|As/Qs:0|0:DeepStack_20001|DeepStack_20000
STATE:198:cc/cc:Qs|Ks/As:-100|100:DeepStack_20000|DeepStack_20001
STATE:199:cr1200f:Qh|As:-100|100:DeepStack_20001|DeepStack_20000
STATE:200:cr300r1200c/:As|Ah/Kh:0|0:DeepStack_20000|DeepStack_20001
STATE:201:cc/r300f:Kh|Qs/Ah:100|-100:DeepStack_20001|DeepStack_20000
STATE:202:cr300f:Ks|As:-100|100:DeepStack_20000|DeepStack_20001
STATE:203:cr1200f:Ks|As:-100|100:DeepStack_20001|DeepStack_20000
STATE:204:r1200f:As|Qs:100|-100:DeepStack_20000|DeepStack_20001
STATE:205:r1200c/:Ah|As/Kh:0|0:DeepStack_20001|DeepStack_20000
STATE:206:cr300f:Kh|Ah:-100|100:DeepStack_20000|DeepStack_20001
STATE:207:cc/cc:Ks|Ah/Qs:-100|100:DeepStack_20001|DeepStack_20000
STATE:208:cc/cc:Kh|Qh/Ks:100|-100:DeepStack_20000|DeepStack_20001
STATE:209:cc/cr300f:Ks|Qh/Qs:-100|100:DeepStack_20001|DeepStack_20000
STATE:210:cc/cc:Kh|Ah/Ks:100|-100:DeepStack_20000|DeepStack_20001
STATE:211:cr300c/r1200f:Kh|As/Ks:300|-300:DeepStack_20001|DeepStack_20000
STATE:212:cr300r1200f:Ah|Qh:300|-300:DeepStack_20000|DeepStack_20001
STATE:213:cr300c/cr900f:Kh|Ah/As:-300|300:DeepStack_20001|DeepStack_20000
STATE:214:r300c/cc:Kh|Qs/As:300|-300:DeepStack_20000|DeepStack_20001
STATE:215:cc/cr300f:As|Qs/Qh:-100|100:DeepStack_20001|DeepStack_20000
STATE:216:cc/cc:Qh|Qs/Kh:0|0:DeepStack_20000|DeepStack_20001
STATE:217:r1200c/:Ah|As/Qh:0|0:DeepStack_20001|DeepStack_20000
STATE:218:cc/cc:Kh|Ks/Qh:0|0:DeepStack_20000|DeepStack_20001
STATE:219:cr300f:Ks|Ah:-100|100:DeepStack_20001|DeepStack_20000
STATE:220:cr300f:Qh|Qs:-100|100:DeepStack_20000|DeepStack_20001
STATE:221:r300c/cc:Qh|Ah/Ks:-300|300:DeepStack_20001|DeepStack_20000
STATE:222:cr300f:Kh|Ah:-100|100:DeepStack_20000|DeepStack_20001
STATE:223:r1200f:As|Qh:100|-100:DeepStack_20001|DeepStack_20000
STATE:224:cc/cc:Ah|Qh/Kh:100|-100:DeepStack_20000|DeepStack_20001
STATE:225:cr1200f:Qh|Ah:-100|100:DeepStack_20001|DeepStack_20000
STATE:226:cr300f:Qs|As:-100|100:DeepStack_20000|DeepStack_20001
STATE:227:cc/cc:Qs|Qh/As:0|0:DeepStack_20001|DeepStack_20000
STATE:228:cr300f:Ks|Ah:-100|100:DeepStack_20000|DeepStack_20001
STATE:229:cr300f:Kh|As:-100|100:DeepStack_20001|DeepStack_20000
STATE:230:cr300f:Ks|Qh:-100|100:DeepStack_20000|DeepStack_20001
STATE:231:cr1200f:Qs|As:-100|100:DeepStack_20001|DeepStack_20000
STATE:232:cr300r1200c/:As|Ah/Ks:0|0:DeepStack_20000|DeepStack_20001
STATE:233:cc/cc:Ks|As/Kh:100|-100:DeepStack_20001|DeepStack_20000
STATE:234:cr300r1200f:As|Ks:300|-300:DeepStack_20000|DeepStack_20001
STATE:235:cc/cr300f:As|Qh/Qs:-100|100:DeepStack_20001|DeepStack_20000
STATE:236:cc/cr300c:Ah|Ks/Kh:-300|300:DeepStack_20000|DeepStack_20001
STATE:237:cc/cc:Qs|Ks/Ah:-100|100:DeepStack_20001|DeepStack_20000
STATE:238:cr300c/r1200f:Qs|Ah/Qh:300|-300:DeepStack_20000|DeepStack_20001
STATE:239:cr300f:Qs|As:-100|100:DeepStack_20001|DeepStack_20000
STATE:240:cr300f:Ks|As:-100|100:DeepStack_20000|DeepStack_20001
STATE:241:cr300r1200f:Ah|Ks:300|-300:DeepStack_20001|DeepStack_20000
STATE:242:cc/cc:Ah|Qh/Kh:100|-100:DeepStack_20000|DeepStack_20001
STATE:243:cr300f:Ks|Qs:-100|100:DeepStack_20001|DeepStack_20000
STATE:244:cc/cr300f:Qh|Ks/Kh:-100|100:DeepStack_20000|DeepStack_20001
STATE:245:cc/cc:Kh|Qh/As:100|-100:DeepStack_20001|DeepStack_20000
STATE:246:r1200f:As|Kh:100|-100:DeepStack_20000|DeepStack_20001
STATE:247:cc/cc:As|Qs/Ah:100|-100:DeepStack_20001|DeepStack_20000
STATE:248:cc/cr300f:Ks|Kh/Qh:-100|100:DeepStack_20000|DeepStack_20001
STATE:249:cr300r1200f:Ah|Qh:300|-300:DeepStack_20001|DeepStack_20000
STATE:250:cr1200f:Qs|As:-100|100:DeepStack_20000|DeepStack_20001
STATE:251:cr300f:Qh|As:-100|100:DeepStack_20001|DeepStack_20000
STATE:252:cc/cc:Qs|Ks/Ah:-100|100:DeepStack_20000|DeepStack_20001
STATE:253:cc/cc:Ah|Ks/Qs:100|-100:DeepStack_20001|DeepStack_20000
STATE:254:r1200f:Ah|Kh:100|-100:DeepStack_20000|DeepStack_20001
STATE:255:cc/cc:Qh|As/Ks:-100|100:DeepStack_20001|DeepStack_20000
STATE:256:cr300c/r1200f:Qs|Ah/Qh:300|-300:DeepStack_20000|DeepStack_20001
STATE:257:cc/cr300f:Qh|Kh/Ks:-100|100:DeepStack_20001|DeepStack_20000
STATE:258:cr300c/r1200f:Qh|As/Qs:300|-300:DeepStack_20000|DeepStack_20001
STATE:259:cr300c/cr900f:Qh|Ah/As:-300|300:DeepStack_20001|DeepStack_20000
STATE:260:cr300f:Qh|As:-100|100:DeepStack_20000|DeepStack_20001
STATE:261:cc/cc:Ah|Qh/Ks:100|-100:DeepStack_20001|DeepStack_20000
STATE:262:cc/cr300f:Ah|Qs/Qh:-100|100:DeepStack_20000|DeepStack_20001
STATE:263:cc/cc:Qh|Qs/Kh:0|0:DeepStack_20001|DeepStack_20000
STATE:264:cc/cr300f:Kh|Qs/Qh:-100|100:DeepStack_20000|DeepStack_20001
STATE:265:cc/cc:Ks|Kh/Qs:0|0:DeepStack_20001|DeepStack_20000
STATE:266:cc/cc:Qs|Qh/Ah:0|0:DeepStack_20000|DeepStack_20001
STATE:267:cc/cc:Qh|Kh/Qs:100|-100:DeepStack_20001|DeepStack_20000
STATE:268:cc/cr300f:As|Qh/Qs:-100|100:DeepStack_20000|DeepStack_20001
STATE:269:cr300f:Ks|As:-100|100:DeepStack_20001|DeepStack_20000
STATE:270:cr300f:Kh|Ah:-100|100:DeepStack_20000|DeepStack_20001
STATE:271:cr300f:Qh|Kh:-100|100:DeepStack_20001|DeepStack_20000
STATE:272:cr300c/r1200c:Ks|As/Kh:1200|-1200:DeepStack_20000|DeepStack_20001
STATE:273:cr300c/cc:Ks|Ah/Qs:-300|300:DeepStack_20001|DeepStack_20000
STATE:274:r1200f:As|Kh:100|-100:DeepStack_20000|DeepStack_20001
STATE:275:r300r1200f:Qh|Ah:-300|300:DeepStack_20001|DeepStack_20000
STATE:276:cc/cc:As|Kh/Qs:100|-100:DeepStack_20000|DeepStack_20001
STATE:277:cr300c/cr900f:Ks|Qh/As:-300|300:DeepStack_20001|DeepStack_20000
STATE:278:cr1200f:Qs|As:-100|100:DeepStack_20000|DeepStack_20001
STATE:279:cr300r1200c/:As|Ah/Kh:0|0:DeepStack_20001|DeepStack_20000
STATE:280:cr300c/r1200c:Kh|Ah/Ks:1200|-1200:DeepStack_20000|DeepStack_20001
STATE:281:cc/r300f:Ks|Qs/Ah:100|-100:DeepStack_20001|DeepStack_20000
STATE:282:cr300f:Kh|Ah:-100|100:DeepStack_20000|DeepStack_20001
STATE:283:cr300r1200c/:Ah|As/Qh:0|0:DeepStack_20001|DeepStack_20000
STATE:284:cr300c/r1200f:Qs|Ks/Qh:300|-300:DeepStack_20000|DeepStack_20001
STATE:285:cc/cr300f:Kh|Qh/Qs:-100|100:DeepStack_20001|DeepStack_20000
STATE:286:cc/cc:Qs|Qh/Ks:0|0:DeepStack_20000|DeepStack_20001
STATE:287:cr300r1200f:As|Qs:300|-300:DeepStack_20001|DeepStack_20000
STATE:288:cc/cc:Qh|Kh/Ah:-100|100:DeepStack_20000|DeepStack_20001
STATE:289:cr300f:Qs|Ks:-100|100:DeepStack_20001|DeepStack_20000
STATE:290:cc/cc:Qh|Ks/As:-100|100:DeepStack_20000|DeepStack_20001
STATE:291:r300r1200f:Ks|Ah:-300|300:DeepStack_20001|DeepStack_20000
STATE:292:r300f:Kh|Qs:100|-100:DeepStack_20000|DeepStack_20001
STATE:293:cc/r300f:Ks|Qh/Ah:100|-100:DeepStack_20001|DeepStack_20000
STATE:294:cc/cc:Qh|Kh/Ah:-100|100:DeepStack_20000|DeepStack_20001
STATE:295:cr300f:Qs|Ah:-100|100:DeepStack_20001|DeepStack_20000
STATE:296:cr300f:Qs|As:-100|100:DeepStack_20000|DeepStack_20001
STATE:297:cc/cc:As|Ah/Qh:0|0:DeepStack_20001|DeepStack_20000
STATE:298:cr300f:Qh|As:-100|100:DeepStack_20000|DeepStack_20001
STATE:299:cr300c/cr1200c:Kh|Ks/As:0|0:DeepStack_20001|DeepStack_20000
STATE:300:r300c/cr1200f:Ks|Qs/Qh:-300|300:DeepStack_20000|DeepStack_20001
STATE:301:cc/cr300f:Qh|Ks/Kh:-100|100:DeepStack_20001|DeepStack_20000
STATE:302:cc/cc:Qs|Qh/Ks:0|0:DeepStack_20000|DeepStack_20001
STATE:303:cr300f:Kh|Ah:-100|100:DeepStack_20001|DeepStack_20000
STATE:304:r1200f:As|Kh:100|-100:DeepStack_20000|DeepStack_20001
STATE:305:cr300c/cr1200c:Ks|As/Ah:-1200|1200:DeepStack_20001|DeepStack_20000
STATE:306:cr300c/cr900f:Qs|Ah/As:-300|300:DeepStack_20000|DeepStack_20001
STATE:307:cr300f:Qh|Ah:-100|100:DeepStack_20001|DeepStack_20000
STATE:308:cc/cr1200f:Qs|Ah/As:-100|100:DeepStack_20000|DeepStack_20001
STATE:309:cc/cc:Qh|Qs/Kh:0|0:DeepStack_20001|DeepStack_20000
STATE:310:cr300c/cr900f:Ks|Ah/As:-300|300:DeepStack_20000|DeepStack_20001
STATE:311:cc/r300f:Kh|Qh/As:100|-100:DeepStack_20001|DeepStack_20000
STATE:312:cr300f:Kh|As:-100|100:DeepStack_20000|DeepStack_20001
STATE:313:cc/cc:Qs|Kh/Qh:100|-100:DeepStack_20001|DeepStack_20000
STATE:314:cr300f:Kh|Ah:-100|100:DeepStack_20000|DeepStack_20001
STATE:315:cr300f:Qh|Ah:-100|100:DeepStack_20001|DeepStack_20000
STATE:316:cr300r1200f:As|Qs:300|-300:DeepStack_20000|DeepStack_20001
STATE:317:cc/cc:Kh|Qh/As:100|-100:DeepStack_20001|DeepStack_20000
STATE:318:r300c/cc:Ks|Ah/Kh:300|-300:DeepStack_20000|DeepStack_20001
STATE:319:cc/r1200f:Ah|Ks/As:100|-100:DeepStack_20001|DeepStack_20000
STATE:320:r300f:Ks|Qs:100|-100:DeepStack_20000|DeepStack_20001
STATE:321:cr300f:Ks|As:-100|100:DeepStack_20001|DeepStack_20000
STATE:322:cr1200f:Qs|Ah:-100|100:DeepStack_20000|DeepStack_20001
STATE:323:r1200f:As|Qs:100|-100:DeepStack_20001|DeepStack_20000
STATE:324:cc/cc:Qh|Kh/Qs:100|-100:DeepStack_20000|DeepStack_20001
STATE:325:r1200c/:As|Ah/Qh:0|0:DeepStack_20001|DeepStack_20000
STATE:326:cc/r1200f:Qs|Qh/Ah:100|-100:DeepStack_20000|DeepStack_20001
STATE:327:r300f:Ah|Qs:100|-100:DeepStack_20001|DeepStack_20000
STATE:328:cc/cr300f:Qh|Kh/Ks:-100|100:DeepStack_20000|DeepStack_20001
STATE:329:cr300f:Qs|Ks:-100|100:DeepStack_20001|DeepStack_20000
STATE:330:cc/cc:As|Qs/Kh:100|-100:DeepStack_20000|DeepStack_20001
STATE:331:cc/r300f:As|Qh/Ah:100|-100:DeepStack_20001|DeepStack_20000
STATE:332:r300c/r900f:Ah|Kh/As:300|-300:DeepStack_20000|DeepStack_20001
STATE:333:cc/cc:Kh|Ks/Qh:0|0:DeepStack_20001|DeepStack_20000
STATE:334:cc/cc:Qs|Qh/Kh:0|0:DeepStack_20000|DeepStack_20001
STATE:335:cr300f:Kh|As:-100|100:DeepStack_20001|DeepStack_20000
STATE:336:r1200f:Ah|Qh:100|-100:DeepStack_20000|DeepStack_20001
STATE:337:cc/cr300r900f:Qs|Ks/Qh:300|-300:DeepStack_20001|DeepStack_20000
STATE:338:cc/cc:Qh|Qs/As:0|0:DeepStack_20000|DeepStack_20001
STATE:339:cr300c/cc:Ks|Ah/Qh:-300|300:DeepStack_20001|DeepStack_20000
STATE:340:r1200f:Ah|Qh:100|-100:DeepStack_20000|DeepStack_20001
STATE:341:cr300c/cr1200c:Ks|Qh/As:1200|-1200:DeepStack_20001|DeepStack_20000
STATE:342:cr300c/r900c:Kh|As/Ks:900|-900:DeepStack_20000|DeepStack_20001
STATE:343:cc/cc:Ks|Qh/Kh:100|-100:DeepStack_20001|DeepStack_20000
STATE:344:cc/cc:Ks|Ah/Qh:-100|100:DeepStack_20000|DeepStack_20001
STATE:345:r300c/r1200f:Kh|Qh/As:300|-300:DeepStack_20001|DeepStack_20000
STATE:346:cr300f:Ks|Qh:-100|100:DeepStack_20000|DeepStack_20001
STATE:347:cr300f:Qh|As:-100|100:DeepStack_20001|DeepStack_20000
STATE:348:cc/cr300f:Qs|Qh/Kh:-100|100:DeepStack_20000|DeepStack_20001
STATE:349:cr300c/cr900f:Kh|Ah/As:-300|300:DeepStack_20001|DeepStack_20000
STATE:350:cc/cr300f:As|Qs/Qh:-100|100:DeepStack_20000|DeepStack_20001
STATE:351:cc/r300f:Kh|Qh/Ah:100|-100:DeepStack_20001|DeepStack_20000
STATE:352:cc/cc:Qs|Qh/Ah:0|0:DeepStack_20000|DeepStack_20001
STATE:353:cr300c/cr1200f:Kh|As/Qh:-300|300:DeepStack_20001|DeepStack_20000
STATE:354:cc/cc:As|Kh/Qs:100|-100:DeepStack_20000|DeepStack_20001
STATE:355:cc/cr300c:As|Qs/Qh:-300|300:DeepStack_20001|DeepStack_20000
STATE:356:cr300f:Qs|Kh:-100|100:DeepStack_20000|DeepStack_20001
STATE:357:cc/cr300f:Ah|Kh/Qs:-100|100:DeepStack_20001|DeepStack_20000
STATE:358:r1200f:Ah|Kh:100|-100:DeepStack_20000|DeepStack_20001
STATE:359:cr300f:Kh|As:-100|100:DeepStack_20001|DeepStack_20000
STATE:360:cc/r300f:Qs|Qh/Ah:100|-100:DeepStack_20000|DeepStack_20001
STATE:361:cc/cr1200f:Qs|Qh/As:-100|100:DeepStack_20001|DeepStack_20000
STATE:362:cr300c/cr1200f:Qh|As/Ah:-300|300:DeepStack_20000|DeepStack_20001
STATE:363:cr300c/cr900f:Qh|Kh/As:-300|300:DeepStack_20001|DeepStack_20000
STATE:364:cr300f:Qs|As:-100|100:DeepStack_20000|DeepStack_20001
STATE:365:r1200f:Ah|Kh:100|-100:DeepStack_20001|DeepStack_20000
STATE:366:cr1200c/:As|Ah/Ks:0|0:DeepStack_20000|DeepStack_20001
STATE:367:cr300f:Qh|Ks:-100|100:DeepStack_20001|DeepStack_20000
STATE:368:cr300f:Kh|Ah:-100|100:DeepStack_20000|DeepStack_20001
STATE:369:cc/cc:Qh|Kh/As:-100|100:DeepStack_20001|DeepStack_20000
STATE:370:cr300f:Qs|As:-100|100:DeepStack_20000|DeepStack_20001
STATE:371:r300c/cc:Ks|Qh/As:300|-300:DeepStack_20001|DeepStack_20000
STATE:372:cr300r1200f:As|Qh:300|-300:DeepStack_20000|DeepStack_20001
STATE:373:cc/r300c:Ks|Kh/Ah:0|0:DeepStack_20001|DeepStack_20000
STATE:374:cr300f:Qs|Ks:-100|100:DeepStack_20000|DeepStack_20001
STATE:375:cr1200f:Ks|As:-100|100:DeepStack_20001|DeepStack_20000
STATE:376:cc/cc:Qs|Qh/Kh:0|0:DeepStack_20000|DeepStack_20001
STATE:377:cr300r1200f:As|Ks:300|-300:DeepStack_20001|DeepStack_20000
STATE:378:cr300f:Qs|As:-100|100:DeepStack_20000|DeepStack_20001
STATE:379:cr300f:Qh|As:-100|100:DeepStack_20001|DeepStack_20000
STATE:380:cc/cc:Qh|Qs/Ks:0|0:DeepStack_20000|DeepStack_20001
STATE:381:cr300c/cc:Qs|As/Ks:-300|300:DeepStack_20001|DeepStack_20000
STATE:382:cc/cr300f:Qs|Ks/As:-100|100:DeepStack_20000|DeepStack_20001
STATE:383:cc/cc:Ks|Qs/Ah:100|-100:DeepStack_20001|DeepStack_20000
STATE:384:cr300c/r1200f:Qs|As/Qh:300|-300:DeepStack_20000|DeepStack_20001
STATE:385:cr300f:Ks|Qs:-100|100:DeepStack_20001|DeepStack_20000
STATE:386:cc/cc:Ah|Kh/Qh:100|-100:DeepStack_20000|DeepStack_20001
STATE:387:cc/cc:Qh|Qs/As:0|0:DeepStack_20001|DeepStack_20000
STATE:388:cr300r1200f:Ah|Kh:300|-300:DeepStack_20000|DeepStack_20001
STATE:389:cc/cc:Qs|Ks/Qh:100|-100:DeepStack_20001|DeepStack_20000
STATE:390:cr300c/cc:Ks|Kh/Qs:0|0:DeepStack_20000|DeepStack_20001
STATE:391:cr300f:Kh|Qs:-100|100:DeepStack_20001|DeepStack_20000
STATE:392:cc/cc:Ah|Qs/Ks:100|-100:DeepStack_20000|DeepStack_20001
STATE:393:cr300f:Kh|As:-100|100:DeepStack_20001|DeepStack_20000
STATE:394:cc/cr300f:Qs|Kh/Ks:-100|100:DeepStack_20000|DeepStack_20001
STATE:395:cc/cc:Qh|Ks/As:-100|100:DeepStack_20001|DeepStack_20000
STATE:396:cr1200f:Kh|Ah:-100|100:DeepStack_20000|DeepStack_20001
STATE:397:cc/cc:As|Qh/Ks:100|-100:DeepStack_20001|DeepStack_20000
STATE:398:cc/r300f:Kh|Qh/Ah:100|-100:DeepStack_20000|DeepStack_20001
STATE:399:r300r1200c/:Ah|As/Qs:0|0:DeepStack_20001|DeepStack_20000
STATE:400:cc/cr300f:Qs|Ks/Kh:-100|100:DeepStack_20000|DeepStack_20001
STATE:401:cr300f:Kh|As:-100|100:DeepStack_20001|DeepStack_20000
STATE:402:cc/r1200f:Qs|Kh/Ah:100|-100:DeepStack_20000|DeepStack_20001
STATE:403:r1200f:As|Qs:100|-100:DeepStack_20001|DeepStack_20000
STATE:404:r1200f:Ah|Ks:100|-100:DeepStack_20000|DeepStack_20001
STATE:405:cr300r1200f:As|Kh:300|-300:DeepStack_20001|DeepStack_20000
STATE:406:r1200f:As|Qh:100|-100:DeepStack_20000|DeepStack_20001
STATE:407:cr300f:Kh|Qh:-100|100:DeepStack_20001|DeepStack_20000
STATE:408:cr300c/r900r1200f:Kh|Qh/Qs:-900|900:DeepStack_20000|DeepStack_20001
STATE:409:cc/cc:Kh|Ks/Qs:0|0:DeepStack_20001|DeepStack_20000
STATE:410:cr300f:Kh|As:-100|100:DeepStack_20000|DeepStack_20001
STATE:411:cr300c/r1200c:Ks|As/Kh:1200|-1200:DeepStack_20001|DeepStack_20000
STATE:412:cc/cc:Qh|Qs/Ks:0|0:DeepStack_20000|DeepStack_20001
STATE:413:cr300f:Ks|Ah:-100|100:DeepStack_20001|DeepStack_20000
STATE:414:cr300f:Qs|Ah:-100|100:DeepStack_20000|DeepStack_20001
STATE:415:cc/cr300f:Qs|Ks/Kh:-100|100:DeepStack_20001|DeepStack_20000
STATE:416:cc/cc:Qh|Ks/Ah:-100|100:DeepStack_20000|DeepStack_20001
STATE:417:r1200f:As|Ks:100|-100:DeepStack_20001|DeepStack_20000
STATE:418:cc/cr300f:Kh|Qh/Qs:-100|100:DeepStack_20000|DeepStack_20001
STATE:419:cr1200f:Ks|As:-100|100:DeepStack_20001|DeepStack_20000
STATE:420:cc/cr300f:Ks|Qh/Qs:-100|100:DeepStack_20000|DeepStack_20001
STATE:421:cc/cc:Qh|Kh/Ah:-100|100:DeepStack_20001|DeepStack_20000
STATE:422:cr300f:Ks|Qh:-100|100:DeepStack_20000|DeepStack_20001
STATE:423:cc/cc:Kh|Ks/Qh:0|0:DeepStack_20001|DeepStack_20000
STATE:424:cr1200f:Qs|Ah:-100|100:DeepStack_20000|DeepStack_20001
STATE:425:r300c/cc:As|Qh/Kh:300|-300:DeepStack_20001|DeepStack_20000
STATE:426:cc/cc:Kh|Ah/Qs:-100|100:DeepStack_20000|DeepStack_20001
STATE:427:cr300f:Qs|Ah:-100|100:DeepStack_20001|DeepStack_20000
STATE:428:cr300f:Qs|Qh:-100|100:DeepStack_20000|DeepStack_20001
STATE:429:cc/r300r900f:Kh|As/Ah:-300|300:DeepStack_20001|DeepStack_20000
STATE:430:cr300f:Ks|Ah:-100|100:DeepStack_20000|DeepStack_20001
STATE:431:cr1200f:Qs|As:-100|100:DeepStack_20001|DeepStack_20000
STATE:432:cc/cr300f:Qh|Qs/Kh:-100|100:DeepStack_20000|DeepStack_20001
STATE:433:cr300c/cr1200c:Kh|Ks/As:0|0:DeepStack_20001|DeepStack_20000
STATE:434:cr300r1200c/:Ah|As/Qh:0|0:DeepStack_20000|DeepStack_20001
STATE:435:cr300f:Kh|Ah:-100|100:DeepStack_20001|DeepStack_20000
STATE:436:cr300f:Ks|Ah:-100|100:DeepStack_20000|DeepStack_20001
STATE:437:cc/r300f:Ah|Kh/As:100|-100:DeepStack_20001|DeepStack_20000
STATE:438:cc/cr300f:Ks|Qs/Qh:-100|100:DeepStack_20000|DeepStack_20001
STATE:439:cr300f:Qs|Ah:-100|100:DeepStack_20001|DeepStack_20000
STATE:440:cr300f:Ks|Ah:-100|100:DeepStack_20000|DeepStack_20001
STATE:441:cr300c/r900f:Kh|As/Ks:300|-300:DeepStack_20001|DeepStack_20000
STATE:442:cc/cr300c:As|Qs/Kh:300|-300:DeepStack_20000|DeepStack_20001
STATE:443:cr300f:Kh|As:-100|100:DeepStack_20001|DeepStack_20000
STATE:444:r1200f:Ah|Kh:100|-100:DeepStack_20000|DeepStack_20001
STATE:445:cr300f:Kh|Ah:-100|100:DeepStack_20001|DeepStack_20000
STATE:446:cc/cc:As|Kh/Qh:100|-100:DeepStack_20000|DeepStack_20001
STATE:447:r1200f:As|Ks:100|-100:DeepStack_20001|DeepStack_20000
STATE:448:r1200f:As|Qs:100|-100:DeepStack_20000|DeepStack_20001
STATE:449:cr300f:Qh|Ah:-100|100:DeepStack_20001|DeepStack_20000
STATE:450:cc/r300c:Ks|Kh/As:0|0:DeepStack_20000|DeepStack_20001
STATE:451:r1200f:Ah|Qh:100|-100:DeepStack_20001|DeepStack_20000
STATE:452:cc/r300f:As|Qs/Ah:100|-100:DeepStack_20000|DeepStack_20001
STATE:453:cr300c/cr900f:Ks|As/Qh:-300|300:DeepStack_20001|DeepStack_20000
STATE:454:cc/cc:Qs|Ks/As:-100|100:DeepStack_20000|DeepStack_20001
STATE:455:cc/cc:Kh|Qh/Ks:100|-100:DeepStack_20001|DeepStack_20000
STATE:456:cr300f:Ks|Ah:-100|100:DeepStack_20000|DeepStack_20001
STATE:457:cc/cc:Ah|Qs/Kh:100|-100:DeepStack_20001|DeepStack_20000
STATE:458:r1200f:Ah|Qs:100|-100:DeepStack_20000|DeepStack_20001
STATE:459:cr300c/cr1200f:Ks|As/Ah:-300|300:DeepStack_20001|DeepStack_20000
STATE:460:r300c/r900f:Ks|Kh/Ah:300|-300:DeepStack_20000|DeepStack_20001
STATE:461:cc/cc:Ah|Qh/Ks:100|-100:DeepStack_20001|DeepStack_20000
STATE:462:r1200f:As|Qs:100|-100:DeepStack_20000|DeepStack_20001
STATE:463:cr300f:Ks|As:-100|100:DeepStack_20001|DeepStack_20000
STATE:464:cc/cc:Qh|Ah/Ks:-100|100:DeepStack_20000|DeepStack_20001
STATE:465:cc/r300f:As|Qh/Ah:100|-100:DeepStack_20001|DeepStack_20000
STATE:466:r300c/cc:Ks|Qs/As:300|-300:DeepStack_20000|DeepStack_20001
STATE:467:cc/cc:Qh|Kh/Qs:100|-100:DeepStack_20001|DeepStack_20000
STATE:468:cr300f:Qs|Ks:-100|100:DeepStack_20000|DeepStack_20001
STATE:469:cr300f:Ks|Qh:-100|100:DeepStack_20001|DeepStack_20000
STATE:470:cc/cc:Qs|Qh/Ks:0|0:DeepStack_20000|DeepStack_20001
STATE:471:cr300f:Kh|As:-100|100:DeepStack_20001|DeepStack_20000
STATE:472:cc/cr300f:As|Qs/Qh:-100|100:DeepStack_20000|DeepStack_20001
STATE:473:cc/cc:Qs|As/Ks:-100|100:DeepStack_20001|DeepStack_20000
STATE:474:cr300c/r1200f:Ks|As/Qs:300|-300:DeepStack_20000|DeepStack_20001
STATE:475:cr300c/cr1200f:Ks|Ah/As:-300|300:DeepStack_20001|DeepStack_20000
STATE:476:cc/r300f:Kh|Qs/Ah:100|-100:DeepStack_20000|DeepStack_20001
STATE:477:cc/cc:Kh|Ks/Qh:0|0:DeepStack_20001|DeepStack_20000
STATE:478:cr300f:Qs|As:-100|100:DeepStack_20000|DeepStack_20001
STATE:479:cr300c/cr1200c:Ks|Qh/Ah:1200|-1200:DeepStack_20001|DeepStack_20000
STATE:480:cc/cc:Qh|As/Ks:-100|100:DeepStack_20000|DeepStack_20001
STATE:481:cc/cc:Qs|Kh/Ah:-100|100:DeepStack_20001|DeepStack_20000
STATE:482:cc/cc:Ah|Kh/Qh:100|-100:DeepStack_20000|DeepStack_20001
STATE:483:cc/cc:Qs|Ks/Qh:100|-100:DeepStack_20001|DeepStack_20000
STATE:484:cc/r300f:Ks|Qs/Ah:100|-100:DeepStack_20000|DeepStack_20001
STATE:485:cc/cc:Qs|Ks/Qh:100|-100:DeepStack_20001|DeepStack_20000
STATE:486:cr300f:Ks|Ah:-100|100:DeepStack_20000|DeepStack_20001
STATE:487:cc/cc:As|Ks/Qh:100|-100:DeepStack_20001|DeepStack_20000
STATE:488:cc/r300f:Kh|Qh/Ah:100|-100:DeepStack_20000|DeepStack_20001
STATE:489:r1200c/:Ah|As/Kh:0|0:DeepStack_20001|DeepStack_20000
STATE:490:cc/cc:Ks|Qh/Ah:100|-100:DeepStack_20000|DeepStack_20001
STATE:491:r300c/cc:Ah|Qh/Kh:300|-300:DeepStack_20001|DeepStack_20000
STATE:492:cc/cc:Qh|Kh/Qs:100|-100:DeepStack_20000|DeepStack_20001
STATE:493:cc/cc:Qh|Qs/Ah:0|0:DeepStack_20001|DeepStack_20000
STATE:494:cc/cc:Qh|Kh/Ah:-100|100:DeepStack_20000|DeepStack_20001
STATE:495:cr300r1200f:As|Kh:300|-300:DeepStack_20001|DeepStack_20000
STATE:496:cc/cc:Qs|Ks/As:-100|100:DeepStack_20000|DeepStack_20001
STATE:497:cc/cc:Ks|Kh/As:0|0:DeepStack_20001|DeepStack_20000
STATE:498:r1200f:As|Qs:100|-100:DeepStack_20000|DeepStack_20001
STATE:499:cc/cr300r1200f:Qh|Ks/Qs:300|-300:DeepStack_20001|DeepStack_20000
STATE:500:cr300f:Qh|Qs:-100|100:DeepStack_20000|DeepStack_20001
STATE:501:cr300f:Qs|Kh:-100|100:DeepStack_20001|DeepStack_20000
STATE:502:cc/cc:Qh|Qs/Ks:0|0:DeepStack_20000|DeepStack_20001
STATE:503:cr300f:Ks|Ah:-100|100:DeepStack_20001|DeepStack_20000
STATE:504:cc/cc:Qs|Ks/Qh:100|-100:DeepStack_20000|DeepStack_20001
STATE:505:cr300f:Kh|Qs:-100|100:DeepStack_20001|DeepStack_20000
STATE:506:r1200f:As|Ks:100|-100:DeepStack_20000|DeepStack_20001
STATE:507:cr1200f:Qh|As:-100|100:DeepStack_20001|DeepStack_20000
STATE:508:cc/cc:Qh|Ks/Qs:100|-100:DeepStack_20000|DeepStack_20001
STATE:509:cr300c/cr1200f:Ks|Qh/Ah:-300|300:DeepStack_20001|DeepStack_20000
STATE:510:cr300f:Kh|As:-100|100:DeepStack_20000|DeepStack_20001
STATE:511:cc/r300f:As|Qh/Ah:100|-100:DeepStack_20001|DeepStack_20000
STATE:512:cc/cc:Ah|Qs/Kh:100|-100:DeepStack_20000|DeepStack_20001
STATE:513:cr300f:Qh|Ah:-100|100:DeepStack_20001|DeepStack_20000
STATE:514:cc/cc:Qh|Ks/Ah:-100|100:DeepStack_20000|DeepStack_20001
STATE:515:cc/cc:Qh|Qs/Kh:0|0:DeepStack_20001|DeepStack_20000
STATE:516:cc/r300c:As|Ks/Ah:300|-300:DeepStack_20000|DeepStack_20001
STATE:517:cc/cr300c:Ah|Qh/Qs:-300|300:DeepStack_20001|DeepStack_20000
STATE:518:cr300c/cr1200c:Ks|As/Ah:-1200|1200:DeepStack_20000|DeepStack_20001
STATE:519:cc/r300f:Kh|Ks/As:100|-100:DeepStack_20001|DeepStack_20000
STATE:520:cr300c/r1200f:Qs|Ah/Qh:300|-300:DeepStack_20000|DeepStack_20001
STATE:521:cr300f:Kh|As:-100|100:DeepStack_20001|DeepStack_20000
STATE:522:r1200f:As|Qs:100|-100:DeepStack_20000|DeepStack_20001
STATE:523:cr300f:Qh|Ah:-100|100:DeepStack_20001|DeepStack_20000
STATE:524:cr300f:Kh|As:-100|100:DeepStack_20000|DeepStack_20001
STATE:525:cc/r300c:Ks|Kh/As:0|0:DeepStack_20001|DeepStack_20000
STATE:526:cc/cr300f:Ah|Qh/Qs:-100|100:DeepStack_20000|DeepStack_20001
STATE:527:cc/cc:Qh|Ks/Ah:-100|100:DeepStack_20001|DeepStack_20000
STATE:528:cc/cc:Qs|Qh/Ah:0|0:DeepStack_20000|DeepStack_20001
STATE:529:cc/cc:Qs|Ks/As:-100|100:DeepStack_20001|DeepStack_20000
STATE:530:cr300c/cr1200f:Kh|As/Qh:-300|300:DeepStack_20000|DeepStack_20001
STATE:531:cc/cc:As|Qs/Kh:100|-100:DeepStack_20001|DeepStack_20000
STATE:532:cr300f:Kh|As:-100|100:DeepStack_20000|DeepStack_20001
STATE:533:cc/r300f:Ks|Qs/As:100|-100:DeepStack_20001|DeepStack_20000
STATE:534:cc/cc:Ks|Kh/As:0|0:DeepStack_20000|DeepStack_20001
STATE:535:cr300f:Ks|As:-100|100:DeepStack_20001|DeepStack_20000
STATE:536:r1200f:Ah|Qh:100|-100:DeepStack_20000|DeepStack_20001
STATE:537:cc/cc:As|Ks/Qs:100|-100:DeepStack_20001|DeepStack_20000
STATE:538:cr300c/cc:Kh|As/Qh:-300|300:DeepStack_20000|DeepStack_20001
STATE:539:cr300c/r1200f:Ks|As/Kh:300|-300:DeepStack_20001|DeepStack_20000
STATE:540:r1200f:Ah|Qs:100|-100:DeepStack_20000|DeepStack_20001
STATE:541:cc/cc:Qs|Qh/Kh:0|0:DeepStack_20001|DeepStack_20000
STATE:542:cc/r1200f:Qs|Qh/As:100|-100:DeepStack_20000|DeepStack_20001
STATE:543:r1200f:Ah|Ks:100|-100:DeepStack_20001|DeepStack_20000
STATE:544:cr300r1200f:As|Qh:300|-300:DeepStack_20000|DeepStack_20001
STATE:545:r1200f:Ah|Qs:100|-100:DeepStack_20001|DeepStack_20000
STATE:546:cc/r300f:Kh|Qs/As:100|-100:DeepStack_20000|DeepStack_20001
STATE:547:cr300c/r1200f:Kh|As/Qs:300|-300:DeepStack_20001|DeepStack_20000
STATE:548:cr1200f:Qs|As:-100|100:DeepStack_20000|DeepStack_20001
STATE:549:cc/cr1200f:Qh|Kh/Ah:-100|100:DeepStack_20001|DeepStack_20000
STATE:550:cr300f:Qh|Ah:-100|100:DeepStack_20000|DeepStack_20001
STATE:551:cr300f:Qh|Qs:-100|100:DeepStack_20001|DeepStack_20000
STATE:552:cc/cc:Qh|Qs/Ks:0|0:DeepStack_20000|DeepStack_20001
STATE:553:r1200f:Ah|Qs:100|-100:DeepStack_20001|DeepStack_20000
STATE:554:cr300f:Ks|Ah:-100|100:DeepStack_20000|DeepStack_20001
STATE:555:cr300c/cr1200f:Ks|Qs/Ah:-300|300:DeepStack_20001|DeepStack_20000
STATE:556:cr300r1200f:As|Ks:300|-300:DeepStack_20000|DeepStack_20001
STATE:557:cr300r1200f:As|Qs:300|-300:DeepStack_20001|DeepStack_20000
STATE:558:r1200f:As|Qh:100|-100:DeepStack_20000|DeepStack_20001
STATE:559:r1200f:Ah|Ks:100|-100:DeepStack_20001|DeepStack_20000
STATE:560:cr300f:Qs|As:-100|100:DeepStack_20000|DeepStack_20001
STATE:561:cr300r1200c/:Ah|As/Ks:0|0:DeepStack_20001|DeepStack_20000
STATE:562:cc/cr300c:Ah|Qh/Qs:-300|300:DeepStack_20000|DeepStack_20001
STATE:563:cc/cc:Kh|Qs/As:100|-100:DeepStack_20001|DeepStack_20000
STATE:564:cr300r1200f:Ah|Qh:300|-300:DeepStack_20000|DeepStack_20001
STATE:565:cc/cc:Qs|Qh/Ah:0|0:DeepStack_20001|DeepStack_20000
STATE:566:cr1200f:Ks|Ah:-100|100:DeepStack_20000|DeepStack_20001
STATE:567:cc/cr300f:Qh|Kh/Ks:-100|100:DeepStack_20001|DeepStack_20000
STATE:568:cr300r1200f:As|Kh:300|-300:DeepStack_20000|DeepStack_20001
STATE:569:r1200f:Ah|Ks:100|-100:DeepStack_20001|DeepStack_20000
STATE:570:cr1200f:Kh|As:-100|100:DeepStack_20000|DeepStack_20001
STATE:571:cr300f:Qs|Ah:-100|100:DeepStack_20001|DeepStack_20000
STATE:572:cc/cr300c:As|Qs/Qh:-300|300:DeepStack_20000|DeepStack_20001
STATE:573:cc/r300r900r1200f:Ah|Qs/As:900|-900:DeepStack_20001|DeepStack_20000
STATE:574:cr300f:Ks|Qh:-100|100:DeepStack_20000|DeepStack_20001
STATE:575:cc/r300f:Ks|Qs/As:100|-100:DeepStack_20001|DeepStack_20000
STATE:576:cr300f:Qh|Qs:-100|100:DeepStack_20000|DeepStack_20001
STATE:577:r1200f:Ah|Kh:100|-100:DeepStack_20001|DeepStack_20000
STATE:578:cc/cc:As|Qs/Ks:100|-100:DeepStack_20000|DeepStack_20001
STATE:579:cr300f:Qh|As:-100|100:DeepStack_20001|DeepStack_20000
STATE:580:r1200f:As|Ks:100|-100:DeepStack_20000|DeepStack_20001
STATE:581:cr300r1200c/:As|Ah/Qh:0|0:DeepStack_20001|DeepStack_20000
STATE:582:cc/cc:Ah|Qh/Kh:100|-100:DeepStack_20000|DeepStack_20001
STATE:583:cr300c/cr1200f:Ks|Kh/Qh:-300|300:DeepStack_20001|DeepStack_20000
STATE:584:cr300f:Qs|As:-100|100:DeepStack_20000|DeepStack_20001
STATE:585:cc/cc:Qh|Qs/As:0|0:DeepStack_20001|DeepStack_20000
STATE:586:cr300f:Qs|Ah:-100|100:DeepStack_20000|DeepStack_20001
STATE:587:cc/cr300f:Qh|Kh/Ks:-100|100:DeepStack_20001|DeepStack_20000
STATE:588:cc/cc:As|Ks/Qs:100|-100:DeepStack_20000|DeepStack_20001
STATE:589:cc/cc:Qh|Kh/Ah:-100|100:DeepStack_20001|DeepStack_20000
STATE:590:cr300f:Ks|Ah:-100|100:DeepStack_20000|DeepStack_20001
STATE:591:r1200f:As|Qs:100|-100:DeepStack_20001|DeepStack_20000
STATE:592:r1200f:As|Ks:100|-100:DeepStack_20000|DeepStack_20001
STATE:593:cc/cc:Kh|Ks/Ah:0|0:DeepStack_20001|DeepStack_20000
STATE:594:cr1200c/:Ah|As/Qs:0|0:DeepStack_20000|DeepStack_20001
STATE:595:cc/cc:Qs|Kh/Ah:-100|100:DeepStack_20001|DeepStack_20000
STATE:596:cr300f:Qh|As:-100|100:DeepStack_20000|DeepStack_20001
STATE:597:cc/cc:Qh|Kh/Qs:100|-100:DeepStack_20001|DeepStack_20000
STATE:598:cr300c/cr900f:Qh|Kh/As:-300|300:DeepStack_20000|DeepStack_20001
STATE:599:cr300c/cc:Qh|Ks/As:-300|300:DeepStack_20001|DeepStack_20000
STATE:600:cc/cr300c:As|Ks/Kh:-300|300:DeepStack_20000|DeepStack_20001
STATE:601:r1200f:Ah|Qs:100|-100:DeepStack_20001|DeepStack_20000
STATE:602:cc/cr300r1200f:Kh|Qs/Ks:300|-300:DeepStack_20000|DeepStack_20001
STATE:603:cc/cr300f:Qs|Qh/Kh:-100|100:DeepStack_20001|DeepStack_20000
STATE:604:cc/cc:Ks|As/Qh:-100|100:DeepStack_20000|DeepStack_20001
STATE:605:r1200f:As|Kh:100|-100:DeepStack_20001|DeepStack_20000
STATE:606:cc/cc:Qs|As/Ks:-100|100:DeepStack_20000|DeepStack_20001
STATE:607:cc/r300f:Ks|Qs/Ah:100|-100:DeepStack_20001|DeepStack_20000
STATE:608:cr300f:Qs|As:-100|100:DeepStack_20000|DeepStack_20001
STATE:609:cc/cr300c:As|Qs/Qh:-300|300:DeepStack_20001|DeepStack_20000
STATE:610:cc/r300f:Ks|Kh/Ah:100|-100:DeepStack_20000|DeepStack_20001
STATE:611:cc/r300r1200f:Kh|Ah/As:-300|300:DeepStack_20001|DeepStack_20000
STATE:612:cc/r300f:Ks|Qs/As:100|-100:DeepStack_20000|DeepStack_20001
STATE:613:cc/cc:Qs|Qh/As:0|0:DeepStack_20001|DeepStack_20000
STATE:614:cc/cc:Qh|Ks/As:-100|100:DeepStack_20000|DeepStack_20001
STATE:615:cr300c/cr1200f:Qs|Ah/As:-300|300:DeepStack_20001|DeepStack_20000
STATE:616:cc/cc:Qs|Ks/As:-100|100:DeepStack_20000|DeepStack_20001
STATE:617:cr300c/cc:Ah|As/Qs:0|0:DeepStack_20001|DeepStack_20000
STATE:618:r1200f:As|Qs:100|-100:DeepStack_20000|DeepStack_20001
STATE:619:r1200f:As|Ks:100|-100:DeepStack_20001|DeepStack_20000
STATE:620:cr300c/cr1200f:Qh|As/Ah:-300|300:DeepStack_20000|DeepStack_20001
STATE:621:cc/cc:Qh|Ah/Ks:-100|100:DeepStack_20001|DeepStack_20000
STATE:622:cr300f:Ks|Ah:-100|100:DeepStack_20000|DeepStack_20001
STATE:623:r1200f:Ah|Qh:100|-100:DeepStack_20001|DeepStack_20000
STATE:624:r300r1200f:Kh|As:-300|300:DeepStack_20000|DeepStack_20001
STATE:625:cc/cr300f:Ah|Kh/Qh:-100|100:DeepStack_20001|DeepStack_20000
STATE:626:cr300c/r1200f:Qs|As/Kh:300|-300:DeepStack_20000|DeepStack_20001
STATE:627:cc/r300f:Kh|Qh/As:100|-100:DeepStack_20001|DeepStack_20000
STATE:628:r1200f:Ah|Qh:100|-100:DeepStack_20000|DeepStack_20001
STATE:629:cc/r300f:Ks|Qs/Ah:100|-100:DeepStack_20001|DeepStack_20000
STATE:630:r1200f:Ah|Qs:100|-100:DeepStack_20000|DeepStack_20001
STATE:631:cc/r300c:As|Kh/Ah:300|-300:DeepStack_20001|DeepStack_20000
STATE:632:cc/cc:Qh|Ks/Ah:-100|100:DeepStack_20000|DeepStack_20001
STATE:633:cr300f:Qs|As:-100|100:DeepStack_20001|DeepStack_20000
STATE:634:cc/cr300c:As|Ks/Kh:-300|300:DeepStack_20000|DeepStack_20001
STATE:635:cc/r300f:Kh|Qh/As:100|-100:DeepStack_20001|DeepStack_20000
STATE:636:cr1200f:Qh|Ah:-100|100:DeepStack_20000|DeepStack_20001
STATE:637:cr300r1200f:As|Qs:300|-300:DeepStack_20001|DeepStack_20000
STATE:638:cc/cr300f:Qh|Kh/Ks:-100|100:DeepStack_20000|DeepStack_20001
STATE:639:cc/cc:Qh|Qs/Ks:0|0:DeepStack_20001|DeepStack_20000
STATE:640:r1200f:Ah|Qh:100|-100:DeepStack_20000|DeepStack_20001
STATE:641:cc/cc:Ks|Kh/As:0|0:DeepStack_20001|DeepStack_20000
STATE:642:cr300f:Qh|Ah:-100|100:DeepStack_20000|DeepStack_20001
STATE:643:cr300f:Kh|Ah:-100|100:DeepStack_20001|DeepStack_20000
STATE:644:cc/cr300f:Ks|Kh/Qh:-100|100:DeepStack_20000|DeepStack_20001
STATE:645:cr1200f:Qs|As:-100|100:DeepStack_20001|DeepStack_20000
STATE:646:cc/cr300f:As|Qs/Ks:-100|100:DeepStack_20000|DeepStack_20001
STATE:647:cr1200f:Qs|As:-100|100:DeepStack_20001|DeepStack_20000
STATE:648:cr300r1200c/:As|Ah/Ks:0|0:DeepStack_20000|DeepStack_20001
STATE:649:cc/r1200f:Qs|Kh/As:100|-100:DeepStack_20001|DeepStack_20000
STATE:650:cr300f:Qs|Ah:-100|100:DeepStack_20000|DeepStack_20001
STATE:651:cc/cr300f:Qh|Ks/Kh:-100|100:DeepStack_20001|DeepStack_20000
STATE:652:cc/cc:As|Qh/Ks:100|-100:DeepStack_20000|DeepStack_20001
STATE:653:cr300c/cr1200f:Qh|Ah/As:-300|300:DeepStack_20001|DeepStack_20000
STATE:654:cc/cc:Qs|Ks/Ah:-100|100:DeepStack_20000|DeepStack_20001
STATE:655:cr300f:Qs|Ah:-100|100:DeepStack_20001|DeepStack_20000
STATE:656:cc/r300f:Kh|Qh/Ah:100|-100:DeepStack_20000|DeepStack_20001
STATE:657:cr300f:Kh|Ks:-100|100:DeepStack_20001|DeepStack_20000
STATE:658:cr300f:Qs|Ks:-100|100:DeepStack_20000|DeepStack_20001
STATE:659:r1200f:As|Kh:100|-100:DeepStack_20001|DeepStack_20000
STATE:660:cc/cr300f:Qs|Qh/Ks:-100|100:DeepStack_20000|DeepStack_20001
STATE:661:cc/cr300f:Ah|Ks/Kh:-100|100:DeepStack_20001|DeepStack_20000
STATE:662:r300r1200f:Qh|As:-300|300:DeepStack_20000|DeepStack_20001
STATE:663:cc/cc:Kh|Ks/As:0|0:DeepStack_20001|DeepStack_20000
STATE:664:r1200f:Ah|Qh:100|-100:DeepStack_20000|DeepStack_20001
STATE:665:cc/cc:As|Ks/Qs:100|-100:DeepStack_20001|DeepStack_20000
STATE:666:r1200f:Ah|Qh:100|-100:DeepStack_20000|DeepStack_20001
STATE:667:cc/cc:Qs|Ks/Ah:-100|100:DeepStack_20001|DeepStack_20000
STATE:668:cc/cc:Qs|As/Ks:-100|100:DeepStack_20000|DeepStack_20001
STATE:669:cr300f:Qs|Ks:-100|100:DeepStack_20001|DeepStack_20000
STATE:670:r1200f:Ah|Qs:100|-100:DeepStack_20000|DeepStack_20001
STATE:671:cc/cr1200f:Ks|Ah/As:-100|100:DeepStack_20001|DeepStack_20000
STATE:672:cr300f:Qs|As:-100|100:DeepStack_20000|DeepStack_20001
STATE:673:r1200f:Ah|Kh:100|-100:DeepStack_20001|DeepStack_20000
STATE:674:cc/cc:Qh|Qs/Ks:0|0:DeepStack_20000|DeepStack_20001
STATE:675:cr300c/cr1200f:Qs|Ah/As:-300|300:DeepStack_20001|DeepStack_20000
STATE:676:r1200f:As|Qs:100|-100:DeepStack_20000|DeepStack_20001
STATE:677:cc/cc:As|Ah/Ks:0|0:DeepStack_20001|DeepStack_20000
STATE:678:cr300c/r1200f:Qs|Ah/Kh:300|-300:DeepStack_20000|DeepStack_20001
STATE:679:cc/cr300f:Qh|Kh/Ks:-100|100:DeepStack_20001|DeepStack_20000
STATE:680:cc/cc:Ks|Qh/Kh:100|-100:DeepStack_20000|DeepStack_20001
STATE:681:cc/cc:Qh|Kh/Ah:-100|100:DeepStack_20001|DeepStack_20000
STATE:682:cr300r1200f:Ah|Ks:300|-300:DeepStack_20000|DeepStack_20001
STATE:683:r1200f:Ah|Kh:100|-100:DeepStack_20001|DeepStack_20000
STATE:684:cr300f:Qs|Kh:-100|100:DeepStack_20000|DeepStack_20001
STATE:685:cc/r1200f:Qs|Qh/As:100|-100:DeepStack_20001|DeepStack_20000
STATE:686:cr300c/cc:Qs|As/Kh:-300|300:DeepStack_20000|DeepStack_20001
STATE:687:cr300r1200c/:As|Ah/Qh:0|0:DeepStack_20001|DeepStack_20000
STATE:688:cr1200f:Kh|As:-100|100:DeepStack_20000|DeepStack_20001
STATE:689:cc/cc:Ks|Qs/Kh:100|-100:DeepStack_20001|DeepStack_20000
STATE:690:r1200f:Ah|Qs:100|-100:DeepStack_20000|DeepStack_20001
STATE:691:cr1200f:Qs|Ah:-100|100:DeepStack_20001|DeepStack_20000
STATE:692:cr300f:Qh|As:-100|100:DeepStack_20000|DeepStack_20001
STATE:693:r1200f:As|Ks:100|-100:DeepStack_20001|DeepStack_20000
STATE:694:cc/cc:Qh|Ks/Qs:100|-100:DeepStack_20000|DeepStack_20001
STATE:695:cr300f:Qs|Qh:-100|100:DeepStack_20001|DeepStack_20000
STATE:696:r1200f:Ah|Qs:100|-100:DeepStack_20000|DeepStack_20001
STATE:697:cc/cc:Qs|Qh/As:0|0:DeepStack_20001|DeepStack_20000
STATE:698:cr300f:Ks|Ah:-100|100:DeepStack_20000|DeepStack_20001
STATE:699:cc/cc:Ks|Ah/Qh:-100|100:DeepStack_20001|DeepStack_20000
STATE:700:cr300f:Ks|Ah:-100|100:DeepStack_20000|DeepStack_20001
STATE:701:cc/cr300f:Qs|Ks/Kh:-100|100:DeepStack_20001|DeepStack_20000
STATE:702:cc/cr300f:Kh|Qh/Qs:-100|100:DeepStack_20000|DeepStack_20001
STATE:703:cc/cr300r1200f:Ks|Qs/Kh:300|-300:DeepStack_20001|DeepStack_20000
STATE:704:cr300f:Kh|As:-100|100:DeepStack_20000|DeepStack_20001
STATE:705:cc/cr300f:Ah|Ks/Kh:-100|100:DeepStack_20001|DeepStack_20000
STATE:706:r300c/cc:Ah|Kh/Qs:300|-300:DeepStack_20000|DeepStack_20001
STATE:707:cc/r300f:As|Qh/Ah:100|-100:DeepStack_20001|DeepStack_20000
STATE:708:cr300c/cc:Qs|Qh/Kh:0|0:DeepStack_20000|DeepStack_20001
STATE:709:cc/cc:As|Qh/Kh:100|-100:DeepStack_20001|DeepStack_20000
STATE:710:cr300f:Qh|Kh:-100|100:DeepStack_20000|DeepStack_20001
STATE:711:cr300f:Ks|As:-100|100:DeepStack_20001|DeepStack_20000
STATE:712:cc/cc:Qs|Kh/As:-100|100:DeepStack_20000|DeepStack_20001
STATE:713:cr300r1200f:As|Kh:300|-300:DeepStack_20001|DeepStack_20000
STATE:714:cc/r300c:Kh|Ks/As:0|0:DeepStack_20000|DeepStack_20001
STATE:715:r1200f:As|Qh:100|-100:DeepStack_20001|DeepStack_20000
STATE:716:cc/cc:Kh|As/Qs:-100|100:DeepStack_20000|DeepStack_20001
STATE:717:cc/cc:Kh|Ks/As:0|0:DeepStack_20001|DeepStack_20000
STATE:718:cr300c/r1200f:Ks|Qh/Kh:300|-300:DeepStack_20000|DeepStack_20001
STATE:719:cc/cc:Qs|As/Ks:-100|100:DeepStack_20001|DeepStack_20000
STATE:720:cr300f:Kh|As:-100|100:DeepStack_20000|DeepStack_20001
STATE:721:cc/cr300c:Ah|Qs/Qh:-300|300:DeepStack_20001|DeepStack_20000
STATE:722:cc/cr300f:Ks|Qh/Qs:-100|100:DeepStack_20000|DeepStack_20001
STATE:723:cc/cc:Qh|Ks/As:-100|100:DeepStack_20001|DeepStack_20000
STATE:724:cc/cc:Kh|Qh/As:100|-100:DeepStack_20000|DeepStack_20001
STATE:725:cr300f:Qh|Ah:-100|100:DeepStack_20001|DeepStack_20000
STATE:726:cc/r300r900f:Kh|As/Ah:-300|300:DeepStack_20000|DeepStack_20001
STATE:727:cr300r1200f:Ah|Ks:300|-300:DeepStack_20001|DeepStack_20000
STATE:728:r1200f:As|Ks:100|-100:DeepStack_20000|DeepStack_20001
STATE:729:cc/r300f:Ks|Qs/Ah:100|-100:DeepStack_20001|DeepStack_20000
STATE:730:cr300r1200c/:As|Ah/Qs:0|0:DeepStack_20000|DeepStack_20001
STATE:731:cc/cr300f:Ks|Qs/Qh:-100|100:DeepStack_20001|DeepStack_20000
STATE:732:cr300f:Qs|Ks:-100|100:DeepStack_20000|DeepStack_20001
STATE:733:cr300f:Qh|Ah:-100|100:DeepStack_20001|DeepStack_20000
STATE:734:cr300c/r1200c:Qs|Ks/Kh:-1200|1200:DeepStack_20000|DeepStack_20001
STATE:735:cr1200f:Ks|Ah:-100|100:DeepStack_20001|DeepStack_20000
STATE:736:cc/cc:Ks|Qh/As:100|-100:DeepStack_20000|DeepStack_20001
STATE:737:cc/cc:Qs|Kh/As:-100|100:DeepStack_20001|DeepStack_20000
STATE:738:cc/cc:Qs|Ks/As:-100|100:DeepStack_20000|DeepStack_20001
STATE:739:cr300c/cr900f:Ks|Qh/Qs:-300|300:DeepStack_20001|DeepStack_20000
STATE:740:r1200f:Ah|Kh:100|-100:DeepStack_20000|DeepStack_20001
STATE:741:cc/cc:Ah|Kh/Qh:100|-100:DeepStack_20001|DeepStack_20000
STATE:742:cr300f:Qh|Ah:-100|100:DeepStack_20000|DeepStack_20001
STATE:743:cr300c/cr1200f:Qs|As/Ah:-300|300:DeepStack_20001|DeepStack_20000
STATE:744:cc/cr300f:Ks|Qh/Qs:-100|100:DeepStack_20000|DeepStack_20001
STATE:745:cc/cc:Qh|Qs/Ks:0|0:DeepStack_20001|DeepStack_20000
STATE:746:cr300f:Qh|Ah:-100|100:DeepStack_20000|DeepStack_20001
STATE:747:cc/cr300f:As|Qs/Qh:-100|100:DeepStack_20001|DeepStack_20000
STATE:748:cc/cc:Qs|Ks/As:-100|100:DeepStack_20000|DeepStack_20001
STATE:749:cc/cr300f:Qs|Kh/Ks:-100|100:DeepStack_20001|DeepStack_20000
STATE:750:r300c/cc:Ks|Kh/Qh:0|0:DeepStack_20000|DeepStack_20001
STATE:751:cc/cc:Qh|Kh/Ah:-100|100:DeepStack_20001|DeepStack_20000
STATE:752:cc/r300r900c:As|Qs/Ah:900|-900:DeepStack_20000|DeepStack_20001
STATE:753:cr1200f:Qh|As:-100|100:DeepStack_20001|DeepStack_20000
STATE:754:cr300f:Qh|As:-100|100:DeepStack_20000|DeepStack_20001
STATE:755:cc/cc:Qs|Qh/As:0|0:DeepStack_20001|DeepStack_20000
STATE:756:cc/cc:Qh|Kh/Ah:-100|100:DeepStack_20000|DeepStack_20001
STATE:757:cr300f:Ks|Ah:-100|100:DeepStack_20001|DeepStack_20000
STATE:758:cc/r1200f:Ah|Ks/As:100|-100:DeepStack_20000|DeepStack_20001
STATE:759:cr300f:Ks|As:-100|100:DeepStack_20001|DeepStack_20000
STATE:760:cc/r300f:Ah|Ks/As:100|-100:DeepStack_20000|DeepStack_20001
STATE:761:cr300r1200c/:Ah|As/Qs:0|0:DeepStack_20001|DeepStack_20000
STATE:762:r300c/r1200f:As|Qs/Ah:300|-300:DeepStack_20000|DeepStack_20001
STATE:763:cr300f:Ks|Qh:-100|100:DeepStack_20001|DeepStack_20000
STATE:764:cr300f:Kh|As:-100|100:DeepStack_20000|DeepStack_20001
STATE:765:cc/r300f:As|Kh/Ah:100|-100:DeepStack_20001|DeepStack_20000
STATE:766:cc/cr300c:As|Ks/Kh:-300|300:DeepStack_20000|DeepStack_20001
STATE:767:r1200c/:As|Ah/Ks:0|0:DeepStack_20001|DeepStack_20000
STATE:768:cc/cc:Qh|Kh/Ah:-100|100:DeepStack_20000|DeepStack_20001
STATE:769:cr300f:Qh|As:-100|100:DeepStack_20001|DeepStack_20000
STATE:770:cr1200f:Qs|As:-100|100:DeepStack_20000|DeepStack_20001
STATE:771:cr300f:Qh|As:-100|100:DeepStack_20001|DeepStack_20000
STATE:772:cr300c/cc:Ah|Qh/Ks:300|-300:DeepStack_20000|DeepStack_20001
STATE:773:cc/cr300f:Qs|Ks/Kh:-100|100:DeepStack_20001|DeepStack_20000
STATE:774:cr300c/r1200f:Kh|As/Qh:300|-300:DeepStack_20000|DeepStack_20001
STATE:775:cc/r300c:Ks|Kh/Ah:0|0:DeepStack_20001|DeepStack_20000
STATE:776:cc/cr300f:Qh|Kh/Ks:-100|100:DeepStack_20000|DeepStack_20001
STATE:777:cr1200f:Qs|As:-100|100:DeepStack_20001|DeepStack_20000
STATE:778:cc/cr300f:Kh|Qh/Qs:-100|100:DeepStack_20000|DeepStack_20001
STATE:779:cr300f:Ks|Kh:-100|100:DeepStack_20001|DeepStack_20000
STATE:780:cc/r300c:Ks|Kh/Ah:0|0:DeepStack_20000|DeepStack_20001
STATE:781:cr300c/cr1200f:Kh|Ah/As:-300|300:DeepStack_20001|DeepStack_20000
STATE:782:cc/cc:Kh|Ks/Qh:0|0:DeepStack_20000|DeepStack_20001
STATE:783:r1200c/:Ah|As/Qs:0|0:DeepStack_20001|DeepStack_20000
STATE:784:cr1200f:Ks|Ah:-100|100:DeepStack_20000|DeepStack_20001
STATE:785:r300c/cr1200f:Ah|Qs/Kh:-300|300:DeepStack_20001|DeepStack_20000
STATE:786:cr300r1200c/:Ah|As/Kh:0|0:DeepStack_20000|DeepStack_20001
STATE:787:cr300f:Kh|Ah:-100|100:DeepStack_20001|DeepStack_20000
STATE:788:cr300c/cr900f:Ks|Ah/Qs:-300|300:DeepStack_20000|DeepStack_20001
STATE:789:cr300f:Qs|As:-100|100:DeepStack_20001|DeepStack_20000
STATE:790:cr300f:Qs|Ah:-100|100:DeepStack_20000|DeepStack_20001
STATE:791:cr300c/cr1200c:Ks|Ah/As:-1200|1200:DeepStack_20001|DeepStack_20000
STATE:792:cr300f:Kh|As:-100|100:DeepStack_20000|DeepStack_20001
STATE:793:cc/cr300f:As|Ks/Kh:-100|100:DeepStack_20001|DeepStack_20000
STATE:794:cr300r1200f:As|Qh:300|-300:DeepStack_20000|DeepStack_20001
STATE:795:r1200f:Ah|Qh:100|-100:DeepStack_20001|DeepStack_20000
STATE:796:r1200f:As|Qh:100|-100:DeepStack_20000|DeepStack_20001
STATE:797:cr300f:Qs|As:-100|100:DeepStack_20001|DeepStack_20000
STATE:798:cc/cc:Ks|Kh/Qs:0|0:DeepStack_20000|DeepStack_20001
STATE:799:cr300f:Ks|Ah:-100|100:DeepStack_20001|DeepStack_20000
STATE:800:cc/cr300f:Ah|Qh/Qs:-100|100:DeepStack_20000|DeepStack_20001
STATE:801:cr300f:Kh|Ah:-100|100:DeepStack_20001|DeepStack_20000
STATE:802:cc/cc:Kh|Ks/Qh:0|0:DeepStack_20000|DeepStack_20001
STATE:803:cr1200f:Qs|Ah:-100|100:DeepStack_20001|DeepStack_20000
STATE:804:cr300f:Qs|Ks:-100|100:DeepStack_20000|DeepStack_20001
STATE:805:r1200f:Ah|Qs:100|-100:DeepStack_20001|DeepStack_20000
STATE:806:cr1200f:Qs|Ah:-100|100:DeepStack_20000|DeepStack_20001
STATE:807:cr300c/r1200c:Qs|As/Qh:1200|-1200:DeepStack_20001|DeepStack_20000
STATE:808:cc/cc:As|Qs/Ks:100|-100:DeepStack_20000|DeepStack_20001
STATE:809:cc/cr300f:Qs|Kh/Ks:-100|100:DeepStack_20001|DeepStack_20000
STATE:810:cr300f:Ks|As:-100|100:DeepStack_20000|DeepStack_20001
STATE:811:cc/cc:Qh|Ah/Kh:-100|100:DeepStack_20001|DeepStack_20000
STATE:812:cr1200f:Qh|As:-100|100:DeepStack_20000|DeepStack_20001
STATE:813:cc/cr300f:Qs|Ks/Kh:-100|100:DeepStack_20001|DeepStack_20000
STATE:814:cc/cc:Qs|Kh/As:-100|100:DeepStack_20000|DeepStack_20001
STATE:815:cc/cc:Kh|Ah/Ks:100|-100:DeepStack_20001|DeepStack_20000
STATE:816:cc/cc:Kh|Ks/Qs:0|0:DeepStack_20000|DeepStack_20001
STATE:817:cc/cr300f:As|Kh/Ks:-100|100:DeepStack_20001|DeepStack_20000
STATE:818:cc/cr300f:As|Ks/Kh:-100|100:DeepStack_20000|DeepStack_20001
STATE:819:cr300f:Qh|As:-100|100:DeepStack_20001|DeepStack_20000
STATE:820:cc/cr300f:Kh|Qh/Qs:-100|100:DeepStack_20000|DeepStack_20001
STATE:821:r1200f:As|Qh:100|-100:DeepStack_20001|DeepStack_20000
STATE:822:cc/cc:Qh|Ks/As:-100|100:DeepStack_20000|DeepStack_20001
STATE:823:cr300r1200c/:As|Ah/Qs:0|0:DeepStack_20001|DeepStack_20000
STATE:824:cc/cr300f:Kh|Ks/Qs:-100|100:DeepStack_20000|DeepStack_20001
STATE:825:cr300r1200c/:As|Ah/Ks:0|0:DeepStack_20001|DeepStack_20000
STATE:826:r1200f:Ah|Ks:100|-100:DeepStack_20000|DeepStack_20001
STATE:827:cr300f:Qh|As:-100|100:DeepStack_20001|DeepStack_20000
STATE:828:cc/r300f:Ah|Qh/As:100|-100:DeepStack_20000|DeepStack_20001
STATE:829:cc/cr300f:As|Kh/Ks:-100|100:DeepStack_20001|DeepStack_20000
STATE:830:cr300c/r1200f:Ks|As/Kh:300|-300:DeepStack_20000|DeepStack_20001
STATE:831:cc/cc:Qs|Qh/Kh:0|0:DeepStack_20001|DeepStack_20000
STATE:832:cc/cc:Qh|Qs/Kh:0|0:DeepStack_20000|DeepStack_20001
STATE:833:cr300f:Kh|As:-100|100:DeepStack_20001|DeepStack_20000
STATE:834:cc/cc:Qs|Ks/Ah:-100|100:DeepStack_20000|DeepStack_20001
STATE:835:cr300f:Qh|Kh:-100|100:DeepStack_20001|DeepStack_20000
STATE:836:r1200f:As|Qs:100|-100:DeepStack_20000|DeepStack_20001
STATE:837:cc/cc:Ks|Ah/Qs:-100|100:DeepStack_20001|DeepStack_20000
STATE:838:cc/r1200f:Ks|Qh/As:100|-100:DeepStack_20000|DeepStack_20001
STATE:839:cc/r300f:Kh|Qs/Ah:100|-100:DeepStack_20001|DeepStack_20000
STATE:840:r1200f:Ah|Ks:100|-100:DeepStack_20000|DeepStack_20001
STATE:841:cc/cr300f:Qh|Ks/Kh:-100|100:DeepStack_20001|DeepStack_20000
STATE:842:cc/cr300f:Ah|Qh/Ks:-100|100:DeepStack_20000|DeepStack_20001
STATE:843:cr300f:Qh|Ks:-100|100:DeepStack_20001|DeepStack_20000
STATE:844:cc/cc:Kh|Ks/As:0|0:DeepStack_20000|DeepStack_20001
STATE:845:cc/r300f:Ks|Qs/As:100|-100:DeepStack_20001|DeepStack_20000
STATE:846:r1200c/:Ah|As/Qh:0|0:DeepStack_20000|DeepStack_20001
STATE:847:cr300r1200f:As|Ks:300|-300:DeepStack_20001|DeepStack_20000
STATE:848:cc/cr300f:Qh|Ks/Kh:-100|100:DeepStack_20000|DeepStack_20001
STATE:849:cr300c/r1200f:Qh|As/Qs:300|-300:DeepStack_20001|DeepStack_20000
STATE:850:cr1200f:Ks|Ah:-100|100:DeepStack_20000|DeepStack_20001
STATE:851:cr300r1200c/:As|Ah/Kh:0|0:DeepStack_20001|DeepStack_20000
STATE:852:cc/r300f:As|Qs/Ah:100|-100:DeepStack_20000|DeepStack_20001
STATE:853:cr300f:Qs|As:-100|100:DeepStack_20001|DeepStack_20000
STATE:854:cc/cc:Kh|Ks/Qs:0|0:DeepStack_20000|DeepStack_20001
STATE:855:r1200c/:Ah|As/Kh:0|0:DeepStack_20001|DeepStack_20000
STATE:856:cc/r300f:As|Qs/Ah:100|-100:DeepStack_20000|DeepStack_20001
STATE:857:r1200c/:As|Ah/Ks:0|0:DeepStack_20001|DeepStack_20000
STATE:858:r1200f:As|Kh:100|-100:DeepStack_20000|DeepStack_20001
STATE:859:cc/cc:Qs|Ks/As:-100|100:DeepStack_20001|DeepStack_20000
STATE:860:cr300r1200c/:As|Ah/Qs:0|0:DeepStack_20000|DeepStack_20001
STATE:861:cr300c/cr1200f:Qh|Ah/As:-300|300:DeepStack_20001|DeepStack_20000
STATE:862:cr300f:Qh|Ah:-100|100:DeepStack_20000|DeepStack_20001
STATE:863:cr300f:Ks|Qs:-100|100:DeepStack_20001|DeepStack_20000
STATE:864:cc/cc:Ks|Kh/Qs:0|0:DeepStack_20000|DeepStack_20001
STATE:865:cr300f:Qs|Ks:-100|100:DeepStack_20001|DeepStack_20000
STATE:866:cr300r1200c/:Ah|As/Kh:0|0:DeepStack_20000|DeepStack_20001
STATE:867:cr300f:Qs|Kh:-100|100:DeepStack_20001|DeepStack_20000
STATE:868:cc/cr300f:Qs|Ks/Kh:-100|100:DeepStack_20000|DeepStack_20001
STATE:869:cc/cc:Qs|Ks/Qh:100|-100:DeepStack_20001|DeepStack_20000
STATE:870:cr300r1200c/:As|Ah/Ks:0|0:DeepStack_20000|DeepStack_20001
STATE:871:cc/cc:As|Ks/Qs:100|-100:DeepStack_20001|DeepStack_20000
STATE:872:r1200c/:Ah|As/Kh:0|0:DeepStack_20000|DeepStack_20001
STATE:873:cr300f:Kh|Ah:-100|100:DeepStack_20001|DeepStack_20000
STATE:874:cc/cc:Kh|Qs/Ks:100|-100:DeepStack_20000|DeepStack_20001
STATE:875:cc/r300f:Kh|Qh/As:100|-100:DeepStack_20001|DeepStack_20000
STATE:876:cc/cc:Ks|Qh/As:100|-100:DeepStack_20000|DeepStack_20001
STATE:877:cc/cr300f:Ks|Qh/Qs:-100|100:DeepStack_20001|DeepStack_20000
STATE:878:r1200f:Ah|Qh:100|-100:DeepStack_20000|DeepStack_20001
STATE:879:cr1200c/:Ah|As/Qs:0|0:DeepStack_20001|DeepStack_20000
STATE:880:cr1200f:Qs|As:-100|100:DeepStack_20000|DeepStack_20001
STATE:881:cc/r300f:As|Qh/Ah:100|-100:DeepStack_20001|DeepStack_20000
STATE:882:r1200c/:Ah|As/Kh:0|0:DeepStack_20000|DeepStack_20001
STATE:883:cr1200f:Qh|As:-100|100:DeepStack_20001|DeepStack_20000
STATE:884:cr300f:Qs|Ah:-100|100:DeepStack_20000|DeepStack_20001
STATE:885:r300c/r900f:As|Qs/Ah:300|-300:DeepStack_20001|DeepStack_20000
STATE:886:cc/cc:As|Kh/Qh:100|-100:DeepStack_20000|DeepStack_20001
STATE:887:cr300f:Kh|As:-100|100:DeepStack_20001|DeepStack_20000
STATE:888:cr1200f:Qh|As:-100|100:DeepStack_20000|DeepStack_20001
STATE:889:cr300f:Ks|Ah:-100|100:DeepStack_20001|DeepStack_20000
STATE:890:cr300f:Kh|As:-100|100:DeepStack_20000|DeepStack_20001
STATE:891:cc/cc:Ks|Qs/Kh:100|-100:DeepStack_20001|DeepStack_20000
STATE:892:cr300f:Qs|As:-100|100:DeepStack_20000|DeepStack_20001
STATE:893:r1200c/:As|Ah/Qs:0|0:DeepStack_20001|DeepStack_20000
STATE:894:cr300c/cc:Ks|Ah/Qh:-300|300:DeepStack_20000|DeepStack_20001
STATE:895:cr300f:Ks|As:-100|100:DeepStack_20001|DeepStack_20000
STATE:896:cc/r300f:Ks|Qs/Ah:100|-100:DeepStack_20000|DeepStack_20001
STATE:897:cr300c/r1200c:Qh|As/Qs:1200|-1200:DeepStack_20001|DeepStack_20000
STATE:898:cc/r300f:Ks|Kh/As:100|-100:DeepStack_20000|DeepStack_20001
STATE:899:cr300r1200f:Ah|Qh:300|-300:DeepStack_20001|DeepStack_20000
STATE:900:cc/cc:Qh|Qs/Ah:0|0:DeepStack_20000|DeepStack_20001
STATE:901:cc/cc:Qs|Qh/Ah:0|0:DeepStack_20001|DeepStack_20000
STATE:902:cr300c/r1200f:Qs|Ah/Qh:300|-300:DeepStack_20000|DeepStack_20001
STATE:903:r1200f:As|Qs:100|-100:DeepStack_20001|DeepStack_20000
STATE:904:r1200f:Ah|Ks:100|-100:DeepStack_20000|DeepStack_20001
STATE:905:cc/r300f:Kh|Qh/As:100|-100:DeepStack_20001|DeepStack_20000
STATE:906:cr300f:Qs|As:-100|100:DeepStack_20000|DeepStack_20001
STATE:907:cc/cr300r900f:Qh|Kh/Qs:300|-300:DeepStack_20001|DeepStack_20000
STATE:908:r1200c/:Ah|As/Kh:0|0:DeepStack_20000|DeepStack_20001
STATE:909:cc/cr300f:Kh|Qs/Qh:-100|100:DeepStack_20001|DeepStack_20000
STATE:910:r1200f:Ah|Kh:100|-100:DeepStack_20000|DeepStack_20001
STATE:911:cc/cr300f:Qh|Kh/Ks:-100|100:DeepStack_20001|DeepStack_20000
STATE:912:r1200c/:As|Ah/Kh:0|0:DeepStack_20000|DeepStack_20001
STATE:913:cc/cc:Qs|Ks/Ah:-100|100:DeepStack_20001|DeepStack_20000
STATE:914:cr300c/cc:Qs|Ah/Kh:-300|300:DeepStack_20000|DeepStack_20001
STATE:915:cc/r300c:Ks|Kh/Ah:0|0:DeepStack_20001|DeepStack_20000
STATE:916:cc/cr300f:Qs|Kh/Ks:-100|100:DeepStack_20000|DeepStack_20001
STATE:917:r1200c/:As|Ah/Qs:0|0:DeepStack_20001|DeepStack_20000
STATE:918:cc/cr300f:Ah|Ks/Kh:-100|100:DeepStack_20000|DeepStack_20001
STATE:919:cr300r1200c/:Ah|As/Kh:0|0:DeepStack_20001|DeepStack_20000
STATE:920:cc/r300c:Ks|Kh/Ah:0|0:DeepStack_20000|DeepStack_20001
STATE:921:cr300f:Ks|Ah:-100|100:DeepStack_20001|DeepStack_20000
STATE:922:cc/r300f:Kh|Qh/Ah:100|-100:DeepStack_20000|DeepStack_20001
STATE:923:cr300f:Kh|Ah:-100|100:DeepStack_20001|DeepStack_20000
STATE:924:cc/r300f:Ks|Qh/Ah:100|-100:DeepStack_20000|DeepStack_20001
STATE:925:cc/r300f:Kh|Qs/As:100|-100:DeepStack_20001|DeepStack_20000
STATE:926:cr300f:Qs|As:-100|100:DeepStack_20000|DeepStack_20001
STATE:927:cc/cr300f:As|Qs/Qh:-100|100:DeepStack_20001|DeepStack_20000
STATE:928:cr300c/cr1200f:Qh|Ks/Kh:-300|300:DeepStack_20000|DeepStack_20001
STATE:929:r1200f:As|Ks:100|-100:DeepStack_20001|DeepStack_20000
STATE:930:cc/cc:Kh|Ah/Qs:-100|100:DeepStack_20000|DeepStack_20001
STATE:931:r300c/cr1200f:Ah|Qs/Qh:-300|300:DeepStack_20001|DeepStack_20000
STATE:932:cr300f:Qh|Ah:-100|100:DeepStack_20000|DeepStack_20001
STATE:933:r1200f:Ah|Kh:100|-100:DeepStack_20001|DeepStack_20000
STATE:934:cc/r300f:Ks|Qh/As:100|-100:DeepStack_20000|DeepStack_20001
STATE:935:cr300r1200f:As|Kh:300|-300:DeepStack_20001|DeepStack_20000
STATE:936:cc/cc:Qs|Qh/As:0|0:DeepStack_20000|DeepStack_20001
STATE:937:r1200f:Ah|Qs:100|-100:DeepStack_20001|DeepStack_20000
STATE:938:cc/r300c:Ks|Kh/Ah:0|0:DeepStack_20000|DeepStack_20001
STATE:939:cc/cr300f:Kh|Qh/Qs:-100|100:DeepStack_20001|DeepStack_20000
STATE:940:cr300f:Qs|Kh:-100|100:DeepStack_20000|DeepStack_20001
STATE:941:cr300f:Kh|Qs:-100|100:DeepStack_20001|DeepStack_20000
STATE:942:cc/cc:Qs|Qh/As:0|0:DeepStack_20000|DeepStack_20001
STATE:943:cr300r1200c/:Ah|As/Qs:0|0:DeepStack_20001|DeepStack_20000
STATE:944:cc/cr300f:Kh|Qs/Qh:-100|100:DeepStack_20000|DeepStack_20001
STATE:945:r1200f:As|Kh:100|-100:DeepStack_20001|DeepStack_20000
STATE:946:cc/cr300f:As|Qs/Qh:-100|100:DeepStack_20000|DeepStack_20001
STATE:947:cr300r1200c/:Ah|As/Qs:0|0:DeepStack_20001|DeepStack_20000
STATE:948:r1200f:Ah|Qh:100|-100:DeepStack_20000|DeepStack_20001
STATE:949:cc/cc:As|Qs/Kh:100|-100:DeepStack_20001|DeepStack_20000
STATE:950:cr300f:Qh|As:-100|100:DeepStack_20000|DeepStack_20001
STATE:951:r1200f:As|Ks:100|-100:DeepStack_20001|DeepStack_20000
STATE:952:r1200c/:As|Ah/Qs:0|0:DeepStack_20000|DeepStack_20001
STATE:953:cc/cc:Ks|Kh/Qs:0|0:DeepStack_20001|DeepStack_20000
STATE:954:cc/cc:Ks|Qs/Kh:100|-100:DeepStack_20000|DeepStack_20001
STATE:955:cr300f:Ks|As:-100|100:DeepStack_20001|DeepStack_20000
STATE:956:cr300f:Ks|Ah:-100|100:DeepStack_20000|DeepStack_20001
STATE:957:cr300f:Qs|Ah:-100|100:DeepStack_20001|DeepStack_20000
STATE:958:r1200f:As|Ks:100|-100:DeepStack_20000|DeepStack_20001
STATE:959:cc/cr300f:As|Qs/Qh:-100|100:DeepStack_20001|DeepStack_20000
STATE:960:cc/cc:Qs|As/Ks:-100|100:DeepStack_20000|DeepStack_20001
STATE:961:cr300f:Qs|Qh:-100|100:DeepStack_20001|DeepStack_20000
STATE:962:cc/cc:Qs|Ks/As:-100|100:DeepStack_20000|DeepStack_20001
STATE:963:cr300f:Qs|As:-100|100:DeepStack_20001|DeepStack_20000
STATE:964:cc/r300f:Kh|Qs/Ah:100|-100:DeepStack_20000|DeepStack_20001
STATE:965:cc/cc:Qs|Qh/Ah:0|0:DeepStack_20001|DeepStack_20000
STATE:966:cc/cc:Ah|Qh/Kh:100|-100:DeepStack_20000|DeepStack_20001
STATE:967:cc/cc:As|Qh/Ks:100|-100:DeepStack_20001|DeepStack_20000
STATE:968:cc/cc:Ah|Kh/Qs:100|-100:DeepStack_20000|DeepStack_20001
STATE:969:cr300r1200c/:As|Ah/Qh:0|0:DeepStack_20001|DeepStack_20000
STATE:970:cr300f:Qh|Ah:-100|100:DeepStack_20000|DeepStack_20001
STATE:971:cr300f:Kh|As:-100|100:DeepStack_20001|DeepStack_20000
STATE:972:cc/cc:Qs|Kh/As:-100|100:DeepStack_20000|DeepStack_20001
STATE:973:cr300f:Ks|Qs:-100|100:DeepStack_20001|DeepStack_20000
STATE:974:cr300f:Kh|Ks:-100|100:DeepStack_20000|DeepStack_20001
STATE:975:r1200f:Ah|Qh:100|-100:DeepStack_20001|DeepStack_20000
STATE:976:cr300f:Kh|As:-100|100:DeepStack_20000|DeepStack_20001
STATE:977:cc/cc:Ah|Kh/Qs:100|-100:DeepStack_20001|DeepStack_20000
STATE:978:cr300c/r1200f:Kh|As/Qs:300|-300:DeepStack_20000|DeepStack_20001
STATE:979:cr300c/r1200c:Ah|As/Kh:0|0:DeepStack_20001|DeepStack_20000
STATE:980:cc/cc:Qs|Ks/Qh:100|-100:DeepStack_20000|DeepStack_20001
STATE:981:cc/cr300f:As|Qh/Ks:-100|100:DeepStack_20001|DeepStack_20000
STATE:982:r1200f:Ah|Qs:100|-100:DeepStack_20000|DeepStack_20001
STATE:983:cc/cr300f:Ks|Qh/Qs:-100|100:DeepStack_20001|DeepStack_20000
STATE:984:r1200f:Ah|Ks:100|-100:DeepStack_20000|DeepStack_20001
STATE:985:cr300f:Kh|As:-100|100:DeepStack_20001|DeepStack_20000
STATE:986:cc/cr300f:Qs|Ks/Kh:-100|100:DeepStack_20000|DeepStack_20001
STATE:987:r1200f:As|Qs:100|-100:DeepStack_20001|DeepStack_20000
STATE:988:cc/cc:Ks|Qh/As:100|-100:DeepStack_20000|DeepStack_20001
STATE:989:cc/cr300f:Qh|Kh/Ks:-100|100:DeepStack_20001|DeepStack_20000
STATE:990:cc/cr300f:As|Kh/Ks:-100|100:DeepStack_20000|DeepStack_20001
STATE:991:cc/cc:Kh|Qs/As:100|-100:DeepStack_20001|DeepStack_20000
STATE:992:r1200c/:Ah|As/Qs:0|0:DeepStack_20000|DeepStack_20001
STATE:993:cr300f:Ks|As:-100|100:DeepStack_20001|DeepStack_20000
STATE:994:r1200f:As|Qh:100|-100:DeepStack_20000|DeepStack_20001
STATE:995:cc/r300f:Kh|Qh/Ah:100|-100:DeepStack_20001|DeepStack_20000
STATE:996:cc/cr300f:Qs|Kh/Ks:-100|100:DeepStack_20000|DeepStack_20001
STATE:997:cr300r1200f:As|Kh:300|-300:DeepStack_20001|DeepStack_20000
STATE:998:cc/cc:Ks|Qs/Ah:100|-100:DeepStack_20000|DeepStack_20001
STATE:999:r1200f:Ah|Qs:100|-100:DeepStack_20001|DeepStack_20000
SCORE:-5600|5600:DeepStack_20000|DeepStack_20001
