# name/game/hands/seed c4_dp_dp_1k leduc.game 1000 44
#--t_response 600000
#--t_hand 600000
#--t_per_hand 7000
STATE:0:cc/cc:Ks|Qs/Kh:100|-100:DeepStack_20000|DeepStack_20001
STATE:1:cr1200f:Qs|As:-100|100:DeepStack_20001|DeepStack_20000
STATE:2:r1200f:Ah|Kh:100|-100:DeepStack_20000|DeepStack_20001
STATE:3:cc/cc:As|Ah/Qh:0|0:DeepStack_20001|DeepStack_20000
STATE:4:cc/cc:Qs|Ks/Ah:-100|100:DeepStack_20000|DeepStack_20001
STATE:5:cr300c/cc:Kh|Ah/Qs:-300|300:DeepStack_20001|DeepStack_20000
STATE:6:r1200f:As|Qs:100|-100:DeepStack_20000|DeepStack_20001
STATE:7:cc/cc:As|Qh/Ks:100|-100:DeepStack_20001|DeepStack_20000
STATE:8:cc/cr300f:Qs|Kh/Ks:-100|100:DeepStack_20000|DeepStack_20001
STATE:9:cc/cc:Ah|Kh/Qs:100|-100:DeepStack_20001|DeepStack_20000
STATE:10:cr300c/r1200f:Ks|Qs/Kh:300|-300:DeepStack_20000|DeepStack_20001
STATE:11:cr300f:Kh|Ah:-100|100:DeepStack_20001|DeepStack_20000
STATE:12:cc/cc:Ks|Qs/As:100|-100:DeepStack_20000|DeepStack_20001
STATE:13:cr300f:Qh|As:-100|100:DeepStack_20001|DeepStack_20000
STATE:14:cc/cr300f:Qs|Qh/Ah:-100|100:DeepStack_20000|DeepStack_20001
STATE:15:r1200f:Ah|Qs:100|-100:DeepStack_20001|DeepStack_20000
STATE:16:r1200c/:Ah|As/Qh:0|0:DeepStack_20000|DeepStack_20001
STATE:17:r300r1200f:Ks|Ah:-300|300:DeepStack_20001|DeepStack_20000
STATE:18:cc/cr300f:Ah|Kh/Ks:-100|100:DeepStack_20000|DeepStack_20001
STATE:19:cc/cr300r900f:Kh|Qh/Ks:300|-300:DeepStack_20001|DeepStack_20000
STATE:20:r1200f:Ah|Ks:100|-100:DeepStack_20000|DeepStack_20001
STATE:21:r1200f:Ah|Qs:100|-100:DeepStack_20001|DeepStack_20000
STATE:22:cc/r300f:Kh|Qs/As:100|-100:DeepStack_20000|DeepStack_20001
STATE:23:cr300f:Qh|As:-100|100:DeepStack_20001|DeepStack_20000
STATE:24:cr300f:Kh|Ks:-100|100:DeepStack_20000|DeepStack_20001
STATE:25:cr1200f:Kh|As:-100|100:DeepStack_20001|DeepStack_20000
STATE:26:cc/cc:Kh|Qs/Ks:100|-100:DeepStack_20000|DeepStack_20001
STATE:27:cc/cr300c:Ah|Ks/Kh:-300|300:DeepStack_20001|DeepStack_20000
STATE:28:cr300f:Kh|As:-100|100:DeepStack_20000|DeepStack_20001
STATE:29:cr300f:Kh|Ks:-100|100:DeepStack_20001|DeepStack_20000
STATE:30:cc/cc:Kh|Qh/Ks:100|-100:DeepStack_20000|DeepStack_20001
STATE:31:cc/r300c:Kh|Ks/As:0|0:DeepStack_20001|DeepStack_20000
STATE:32:cc/cc:Ah|Kh/Qh:100|-100:DeepStack_20000|DeepStack_20001
STATE:33:cc/r300f:As|Qh/Ah:100|-100:DeepStack_20001|DeepStack_20000
STATE:34:cr300f:Qs|Ks:-100|100:DeepStack_20000|DeepStack_20001
STATE:35:cc/r300f:Ah|Qs/As:100|-100:DeepStack_20001|DeepStack_20000
STATE:36:cr300f:Ks|Ah:-100|100:DeepStack_20000|DeepStack_20001
STATE:37:cr1200f:Qh|As:-100|100:DeepStack_20001|DeepStack_20000
STATE:38:cr300f:Qs|As:-100|100:DeepStack_20000|DeepStack_20001
STATE:39:r1200c/:Ah|As/Ks:0|0:DeepStack_20001|DeepStack_20000
STATE:40:cc/cr300f:Ah|Qs/Qh:-100|100:DeepStack_20000|DeepStack_20001
STATE:41:cc/cr300f:Ah|Qs/Ks:-100|100:DeepStack_20001|DeepStack_20000
STATE:42:cc/cc:Qh|As/Qs:100|-100:DeepStack_20000|DeepStack_20001
STATE:43:cc/cc:Qh|Ks/Ah:-100|100:DeepStack_20001|DeepStack_20000
STATE:44:cc/cc:Qh|Qs/Ah:0|0:DeepStack_20000|DeepStack_20001
STATE:45:cc/r300c:As|Kh/Ah:300|-300:DeepStack_20001|DeepStack_20000
STATE:46:cc/r300f:Ah|Ks/As:100|-100:DeepStack_20000|DeepStack_20001
STATE:47:cc/r300f:Ks|Qs/Ah:100|-100:DeepStack_20001|DeepStack_20000
STATE:48:cr300r1200c/:As|Ah/Qs:0|0:DeepStack_20000|DeepStack_20001
STATE:49:cr300c/cr1200f:Kh|As/Qh:-300|300:DeepStack_20001|DeepStack_20000
STATE:50:cr300f:Kh|As:-100|100:DeepStack_20000|DeepStack_20001
STATE:51:r1200f:As|Qh:100|-100:DeepStack_20001|DeepStack_20000
STATE:52:cr300c/r1200f:Ah|Qh/Ks:300|-300:DeepStack_20000|DeepStack_20001
STATE:53:cr1200f:Ks|As:-100|100:DeepStack_20001|DeepStack_20000
STATE:54:cr1200f:Qh|As:-100|100:DeepStack_20000|DeepStack_20001
STATE:55:r1200f:As|Qh:100|-100:DeepStack_20001|DeepStack_20000
STATE:56:cc/cc:Ah|Qh/Kh:100|-100:DeepStack_20000|DeepStack_20001
STATE:57:cr300f:Kh|As:-100|100:DeepStack_20001|DeepStack_20000
STATE:58:r300r1200c/:As|Ah/Qh:0|0:DeepStack_20000|DeepStack_20001
STATE:59:cc/r300f:Kh|Qs/Ah:100|-100:DeepStack_20001|DeepStack_20000
STATE:60:r1200f:Ah|Qh:100|-100:DeepStack_20000|DeepStack_20001
STATE:61:r1200c/:As|Ah/Qs:0|0:DeepStack_20001|DeepStack_20000
STATE:62:cc/cc:Qh|Ks/As:-100|100:DeepStack_20000|DeepStack_20001
STATE:63:cr300f:Kh|Qs:-100|100:DeepStack_20001|DeepStack_20000
STATE:64:r1200c/:Ah|As/Qs:0|0:DeepStack_20000|DeepStack_20001
STATE:65:r1200f:As|Qs:100|-100:DeepStack_20001|DeepStack_20000
STATE:66:cc/cr300r900f:Kh|Qh/Ks:300|-300:DeepStack_20000|DeepStack_20001
STATE:67:cc/r300c:Ah|Ks/As:300|-300:DeepStack_20001|DeepStack_20000
STATE:68:cr300c/cc:Kh|Ah/Qs:-300|300:DeepStack_20000|DeepStack_20001
STATE:69:cc/cc:Qh|Ks/Qs:100|-100:DeepStack_20001|DeepStack_20000
STATE:70:cc/cr300c:As|Ks/Qh:300|-300:DeepStack_20000|DeepStack_20001
STATE:71:cc/cc:Kh|Ah/Ks:100|-100:DeepStack_20001|DeepStack_20000
STATE:72:cr300f:Kh|As:-100|100:DeepStack_20000|DeepStack_20001
STATE:73:cr300f:Qh|Ks:-100|100:DeepStack_20001|DeepStack_20000
STATE:74:cc/cc:Qs|Kh/Ah:-100|100:DeepStack_20000|DeepStack_20001
STATE:75:cr300f:Ks|Ah:-100|100:DeepStack_20001|DeepStack_20000
STATE:76:cc/cr300f:Qh|Qs/Ks:-100|100:DeepStack_20000|DeepStack_20001
STATE:77:cc/cr300c:As|Qs/Qh:-300|300:DeepStack_20001|DeepStack_20000
STATE:78:cc/cc:Qh|Qs/As:0|0:DeepStack_20000|DeepStack_20001
STATE:79:r1200c/:As|Ah/Ks:0|0:DeepStack_20001|DeepStack_20000
STATE:80:r300c/cc:Ks|As/Kh:300|-300:DeepStack_20000|DeepStack_20001
STATE:81:cr300c/r1200f:Ks|As/Qs:300|-300:DeepStack_20001|DeepStack_20000
STATE:82:cc/cc:Kh|Ks/Qh:0|0:DeepStack_20000|DeepStack_20001
STATE:83:cr300f:Ks|Ah:-100|100:DeepStack_20001|DeepStack_20000
STATE:84:cc/cc:Qs|Ah/Kh:-100|100:DeepStack_20000|DeepStack_20001
STATE:85:cc/cc:Qs|Qh/Ks:0|0:DeepStack_20001|DeepStack_20000
STATE:86:cc/cr300f:Ah|Qs/Qh:-100|100:DeepStack_20000|DeepStack_20001
STATE:87:cc/cr300f:Qs|Ks/Kh:-100|100:DeepStack_20001|DeepStack_20000
STATE:88:cc/cr300c:Ah|Qs/Qh:-300|300:DeepStack_20000|DeepStack_20001
STATE:89:cr1200f:Kh|As:-100|100:DeepStack_20001|DeepStack_20000
STATE:90:cc/cr300f:Ks|Qh/Qs:-100|100:DeepStack_20000|DeepStack_20001
STATE:91:cr300c/cr1200f:Qs|Ks/As:-300|300:DeepStack_20001|DeepStack_20000
STATE:92:cc/cc:As|Qh/Kh:100|-100:DeepStack_20000|DeepStack_20001
STATE:93:cr300r1200f:As|Qh:300|-300:DeepStack_20001|DeepStack_20000
STATE:94:cc/r1200f:Qs|Kh/Ah:100|-100:DeepStack_20000|DeepStack_20001
STATE:95:cc/cc:Qs|Kh/As:-100|100:DeepStack_20001|DeepStack_20000
STATE:96:cr300f:Qs|As:-100|100:DeepStack_20000|DeepStack_20001
STATE:97:cr300c/cr1200f:Qh|Ah/As:-300|300:DeepStack_20001|DeepStack_20000
STATE:98:cc/cr300f:Qh|Ks/Kh:-100|100:DeepStack_20000|DeepStack_20001
STATE:99:cr300f:Ks|Ah:-100|100:DeepStack_20001|DeepStack_20000
STATE:100:cc/cc:As|Ah/Kh:0|0:DeepStack_20000|DeepStack_20001
STATE:101:r1200f:Ah|Ks:100|-100:DeepStack_20001|DeepStack_20000
STATE:102:cr300c/cr900f:Ks|Kh/Qh:-300|300:DeepStack_20000|DeepStack_20001
STATE:103:cc/r300f:Kh|Qs/As:100|-100:DeepStack_20001|DeepStack_20000
STATE:104:cc/cc:Ks|Kh/Qs:0|0:DeepStack_20000|DeepStack_20001
STATE:105:cr300f:Qs|Kh:-100|100:DeepStack_20001|DeepStack_20000
STATE:106:cc/cc:Qs|Kh/Qh:100|-100:DeepStack_20000|DeepStack_20001
STATE:107:cr300c/cc:Ks|As/Qh:-300|300:DeepStack_20001|DeepStack_20000
STATE:108:cr300c/r1200f:Qh|As/Qs:300|-300:DeepStack_20000|DeepStack_20001
STATE:109:r1200f:Ah|Ks:100|-100:DeepStack_20001|DeepStack_20000
STATE:110:r1200f:As|Kh:100|-100:DeepStack_20000|DeepStack_20001
STATE:111:cr300f:Qs|As:-100|100:DeepStack_20001|DeepStack_20000
STATE:112:cc/cc:As|Qs/Ks:100|-100:DeepStack_20000|DeepStack_20001
STATE:113:cc/cr300f:Ks|Qs/Qh:-100|100:DeepStack_20001|DeepStack_20000
STATE:114:cc/cc:Qh|Kh/Qs:100|-100:DeepStack_20000|DeepStack_20001
STATE:115:cr300f:Ks|Ah:-100|100:DeepStack_20001|DeepStack_20000
STATE:116:cr300f:Ks|Ah:-100|100:DeepStack_20000|DeepStack_20001
STATE:117:cr300f:Ks|Qs:-100|100:DeepStack_20001|DeepStack_20000
STATE:118:cr300c/r1200c:Qs|Kh/Ks:-1200|1200:DeepStack_20000|DeepStack_20001
STATE:119:cc/cc:Qh|Qs/Ah:0|0:DeepStack_20001|DeepStack_20000
STATE:120:cc/cc:Ah|Kh/Qs:100|-100:DeepStack_20000|DeepStack_20001
STATE:121:cc/r300f:Ks|Qh/As:100|-100:DeepStack_20001|DeepStack_20000
STATE:122:r300c/cc:Qh|Ks/Qs:300|-300:DeepStack_20000|DeepStack_20001
STATE:123:cr300r1200c/:As|Ah/Kh:0|0:DeepStack_20001|DeepStack_20000
STATE:124:cc/cc:Kh|Ks/Qs:0|0:DeepStack_20000|DeepStack_20001
STATE:125:r1200f:Ah|Qs:100|-100:DeepStack_20001|DeepStack_20000
STATE:126:cc/cc:Qs|Ah/Ks:-100|100:DeepStack_20000|DeepStack_20001
STATE:127:cr300f:Qh|Ks:-100|100:DeepStack_20001|DeepStack_20000
STATE:128:cr1200f:Qs|As:-100|100:DeepStack_20000|DeepStack_20001
STATE:129:cr300f:Kh|As:-100|100:DeepStack_20001|DeepStack_20000
STATE:130:cr300f:Qs|Ah:-100|100:DeepStack_20000|DeepStack_20001
STATE:131:cc/cr300c:As|Qh/Qs:-300|300:DeepStack_20001|DeepStack_20000
STATE:132:cc/cc:As|Ks/Qh:100|-100:DeepStack_20000|DeepStack_20001
STATE:133:cc/cc:Qs|Kh/Qh:100|-100:DeepStack_20001|DeepStack_20000
STATE:134:cc/cc:Qh|Ah/Qs:100|-100:DeepStack_20000|DeepStack_20001
STATE:135:cr300f:Qh|Qs:-100|100:DeepStack_20001|DeepStack_20000
STATE:136:cr300f:Qh|As:-100|100:DeepStack_20000|DeepStack_20001
STATE:137:cc/cc:Qs|Ks/As:-100|100:DeepStack_20001|DeepStack_20000
STATE:138:cc/cr300f:Ks|Kh/Qh:-100|100:DeepStack_20000|DeepStack_20001
STATE:139:cr300f:Qh|As:-100|100:DeepStack_20001|DeepStack_20000
STATE:140:cc/cc:Ah|Qh/Ks:100|-100:DeepStack_20000|DeepStack_20001
STATE:141:cr300c/r1200f:Qs|Ah/Kh:300|-300:DeepStack_20001|DeepStack_20000
STATE:142:cr1200f:Kh|Ah:-100|100:DeepStack_20000|DeepStack_20001
STATE:143:cc/cc:Qs|Qh/Ah:0|0:DeepStack_20001|DeepStack_20000
STATE:144:cc/cr300c:As|Qs/Qh:-300|300:DeepStack_20000|DeepStack_20001
STATE:145:cc/cc:Qh|Qs/Ks:0|0:DeepStack_20001|DeepStack_20000
STATE:146:cc/cr300f:Ah|Qh/Qs:-100|100:DeepStack_20000|DeepStack_20001
STATE:147:cc/cc:Ks|Kh/Ah:0|0:DeepStack_20001|DeepStack_20000
STATE:148:cc/cc:Kh|Qh/Ks:100|-100:DeepStack_20000|DeepStack_20001
STATE:149:cr300c/r1200c:Qs|Ks/Kh:-1200|1200:DeepStack_20001|DeepStack_20000
STATE:150:cc/r300f:As|Ks/Ah:100|-100:DeepStack_20000|DeepStack_20001
STATE:151:cr300f:Kh|Qh:-100|100:DeepStack_20001|DeepStack_20000
STATE:152:cc/cc:Qh|As/Kh:-100|100:DeepStack_20000|DeepStack_20001
STATE:153:cr300c/cr900f:Ks|Ah/Qs:-300|300:DeepStack_20001|DeepStack_20000
STATE:154:cr300f:Kh|Ah:-100|100:DeepStack_20000|DeepStack_20001
STATE:155:cc/cc:Ks|As/Qh:-100|100:DeepStack_20001|DeepStack_20000
STATE:156:cr300f:Qs|As:-100|100:DeepStack_20000|DeepStack_20001
STATE:157:cr1200f:Kh|Ah:-100|100:DeepStack_20001|DeepStack_20000
STATE:158:r300c/cr1200f:Qh|Kh/Ks:-300|300:DeepStack_20000|DeepStack_20001
STATE:159:cr300f:Qh|Ah:-100|100:DeepStack_20001|DeepStack_20000
STATE:160:cc/cc:Qs|As/Qh:100|-100:DeepStack_20000|DeepStack_20001
STATE:161:cc/cc:Qs|Qh/Ah:0|0:DeepStack_20001|DeepStack_20000
STATE:162:cc/cc:Qh|Kh/As:-100|100:DeepStack_20000|DeepStack_20001
STATE:163:cr300c/cr900c:Kh|Qs/As:900|-900:DeepStack_20001|DeepStack_20000
STATE:164:cc/cc:Ks|Qs/Ah:100|-100:DeepStack_20000|DeepStack_20001
STATE:165:cr300f:Kh|As:-100|100:DeepStack_20001|DeepStack_20000
STATE:166:cr300f:Qh|As:-100|100:DeepStack_20000|DeepStack_20001
STATE:167:cc/r300f:Ks|Qs/Ah:100|-100:DeepStack_20001|DeepStack_20000
STATE:168:cr300f:Kh|As:-100|100:DeepStack_20000|DeepStack_20001
STATE:169:cc/r1200f:Ks|Kh/Ah:100|-100:DeepStack_20001|DeepStack_20000
STATE:170:r300c/cr1200f:Ah|Qs/Qh:-300|300:DeepStack_20000|DeepStack_20001
STATE:171:cc/r300f:Ah|Qs/As:100|-100:DeepStack_20001|DeepStack_20000
STATE:172:cc/cr300f:Ks|Qh/Qs:-100|100:DeepStack_20000|DeepStack_20001
STATE:173:cr300f:Qh|Ah:-100|100:DeepStack_20001|DeepStack_20000
STATE:174:cc/r300f:Ks|Qh/As:100|-100:DeepStack_20000|DeepStack_20001
STATE:175:cr300c/cc:Qs|Ah/Ks:-300|300:DeepStack_20001|DeepStack_20000
STATE:176:cr300c/r1200f:Qs|Kh/Qh:300|-300:DeepStack_20000|DeepStack_20001
STATE:177:cc/cc:Kh|Ks/As:0|0:DeepStack_20001|DeepStack_20000
STATE:178:r1200f:Ah|Qh:100|-100:DeepStack_20000|DeepStack_20001
STATE:179:r1200f:As|Qh:100|-100:DeepStack_20001|DeepStack_20000
STATE:180:cc/r300c:Ks|Kh/As:0|0:DeepStack_20000|DeepStack_20001
STATE:181:cr300f:Ks|As:-100|100:DeepStack_20001|DeepStack_20000
STATE:182:cc/cc:Qs|Qh/As:0|0:DeepStack_20000|DeepStack_20001
STATE:183:cc/r1200f:Ah|Qh/As:100|-100:DeepStack_20001|DeepStack_20000
STATE:184:cc/cr300c:Ah|Kh/Ks:-300|300:DeepStack_20000|DeepStack_20001
STATE:185:cr1200f:Qh|Ah:-100|100:DeepStack_20001|DeepStack_20000
STATE:186:r1200f:As|Qh:100|-100:DeepStack_20000|DeepStack_20001
STATE:187:cr300f:Qh|Kh:-100|100:DeepStack_20001|DeepStack_20000
STATE:188:cc/cc:Qh|As/Ks:-100|100:DeepStack_20000|DeepStack_20001
STATE:189:cr1200f:Qs|As:-100|100:DeepStack_20001|DeepStack_20000
STATE:190:cr300f:Kh|Ah:-100|100:DeepStack_20000|DeepStack_20001
STATE:191:cr1200f:Qs|Ah:-100|100:DeepStack_20001|DeepStack_20000
STATE:192:cc/cc:Qs|Ks/Qh:100|-100:DeepStack_20000|DeepStack_20001
STATE:193:cr300c/r1200c:Kh|Ah/Qh:-1200|1200:DeepStack_20001|DeepStack_20000
STATE:194:cr300f:Kh|As:-100|100:DeepStack_20000|DeepStack_20001
STATE:195:r300c/cc:Ks|Kh/As:0|0:DeepStack_20001|DeepStack_20000
STATE:196:cr300f:Kh|As:-100|100:DeepStack_20000|DeepStack_20001
STATE:197:cr300r1200f:As|Qs:300|-300:DeepStack_20001|DeepStack_20000
STATE:198:cc/cc:As|Ks/Qh:100|-100:DeepStack_20000|DeepStack_20001
STATE:199:cr300r1200f:As|Qh:300|-300:DeepStack_20001|DeepStack_20000
STATE:200:cr300f:Ks|Ah:-100|100:DeepStack_20000|DeepStack_20001
STATE:201:cr300f:Qs|As:-100|100:DeepStack_20001|DeepStack_20000
STATE:202:cr300f:Kh|As:-100|100:DeepStack_20000|DeepStack_20001
STATE:203:r1200c/:Ah|As/Qh:0|0:DeepStack_20001|DeepStack_20000
STATE:204:cc/cc:Qh|Ks/Qs:100|-100:DeepStack_20000|DeepStack_20001
STATE:205:r1200f:Ah|Ks:100|-100:DeepStack_20001|DeepStack_20000
STATE:206:cc/cr300r900f:Qs|Kh/Qh:300|-300:DeepStack_20000|DeepStack_20001
STATE:207:cc/r300c:Ks|Kh/Ah:0|0:DeepStack_20001|DeepStack_20000
STATE:208:cr300f:Ks|As:-100|100:DeepStack_20000|DeepStack_20001
STATE:209:cc/cc:Ah|Ks/Qs:100|-100:DeepStack_20001|DeepStack_20000
STATE:210:cr300f:Qh|Ah:-100|100:DeepStack_20000|DeepStack_20001
STATE:211:cc/cc:Qs|Qh/As:0|0:DeepStack_20001|DeepStack_20000
STATE:212:cc/cr300f:Ks|Qh/Qs:-100|100:DeepStack_20000|DeepStack_20001
STATE:213:r300c/cr1200c:Ks|As/Ah:-1200|1200:DeepStack_20001|DeepStack_20000
STATE:214:cc/cc:Qs|Kh/Ah:-100|100:DeepStack_20000|DeepStack_20001
STATE:215:cc/cc:Kh|Qs/Ah:100|-100:DeepStack_20001|DeepStack_20000
STATE:216:cr1200f:Kh|As:-100|100:DeepStack_20000|DeepStack_20001
STATE:217:cc/r300f:Ks|Qs/As:100|-100:DeepStack_20001|DeepStack_20000
STATE:218:cc/cc:Kh|Qh/Ks:100|-100:DeepStack_20000|DeepStack_20001
STATE:219:cc/cr300f:Ah|Kh/Qh:-100|100:DeepStack_20001|DeepStack_20000
STATE:220:cc/cr300f:Qs|Kh/Ks:-100|100:DeepStack_20000|DeepStack_20001
STATE:221:cr300r1200f:As|Ks:300|-300:DeepStack_20001|DeepStack_20000
STATE:222:cc/r1200c:Qh|Ks/As:-1200|1200:DeepStack_20000|DeepStack_20001
STATE:223:cc/r300f:Kh|Qs/Ah:100|-100:DeepStack_20001|DeepStack_20000
STATE:224:r1200c/:As|Ah/Qh:0|0:DeepStack_20000|DeepStack_20001
STATE:225:cc/cr300f:Qh|Ks/Kh:-100|100:DeepStack_20001|DeepStack_20000
STATE:226:cc/cc:Kh|Ks/Qs:0|0:DeepStack_20000|DeepStack_20001
STATE:227:cr300f:Kh|Qh:-100|100:DeepStack_20001|DeepStack_20000
STATE:228:cc/cc:Ah|Ks/Qh:100|-100:DeepStack_20000|DeepStack_20001
STATE:229:cc/cc:Qh|Ks/Ah:-100|100:DeepStack_20001|DeepStack_20000
STATE:230:cr300f:Kh|As:-100|100:DeepStack_20000|DeepStack_20001
STATE:231:cr300f:Ks|Kh:-100|100:DeepStack_20001|DeepStack_20000
STATE:232:cr1200f:Qh|As:-100|100:DeepStack_20000|DeepStack_20001
STATE:233:cc/r300f:Kh|Qs/Ah:100|-100:DeepStack_20001|DeepStack_20000
STATE:234:cr1200c/:Ah|As/Ks:0|0:DeepStack_20000|DeepStack_20001
STATE:235:r1200f:As|Qh:100|-100:DeepStack_20001|DeepStack_20000
STATE:236:r1200f:Ah|Kh:100|-100:DeepStack_20000|DeepStack_20001
STATE:237:cc/cc:Ks|Kh/Qh:0|0:DeepStack_20001|DeepStack_20000
STATE:238:cr300f:Kh|As:-100|100:DeepStack_20000|DeepStack_20001
STATE:239:cr300f:Qs|As:-100|100:DeepStack_20001|DeepStack_20000
STATE:240:cr300f:Qs|Ks:-100|100:DeepStack_20000|DeepStack_20001
STATE:241:cc/cc:Qs|Kh/Ah:-100|100:DeepStack_20001|DeepStack_20000
STATE:242:cc/r300f:Kh|Qs/As:100|-100:DeepStack_20000|DeepStack_20001
STATE:243:cr300f:Qh|Ah:-100|100:DeepStack_20001|DeepStack_20000
STATE:244:cc/r300f:Kh|Qs/As:100|-100:DeepStack_20000|DeepStack_20001
STATE:245:cr300f:Kh|Ah:-100|100:DeepStack_20001|DeepStack_20000
STATE:246:cr300c/r1200c:Kh|Ah/Ks:1200|-1200:DeepStack_20000|DeepStack_20001
STATE:247:cr300f:Qh|Qs:-100|100:DeepStack_20001|DeepStack_20000
STATE:248:cc/cc:Qh|Kh/As:-100|100:DeepStack_20000|DeepStack_20001
STATE:249:r300c/r1200f:Kh|Qs/As:300|-300:DeepStack_20001|DeepStack_20000
STATE:250:cc/cr300f:As|Ks/Kh:-100|100:DeepStack_20000|DeepStack_20001
STATE:251:cc/cr300c:As|Qs/Qh:-300|300:DeepStack_20001|DeepStack_20000
STATE:252:cc/cc:Kh|Qs/As:100|-100:DeepStack_20000|DeepStack_20001
STATE:253:cc/cc:Qs|Qh/As:0|0:DeepStack_20001|DeepStack_20000
STATE:254:cc/cc:Qs|Ah/Ks:-100|100:DeepStack_20000|DeepStack_20001
STATE:255:r1200c/:Ah|As/Kh:0|0:DeepStack_20001|DeepStack_20000
STATE:256:cr300c/cc:Qs|As/Kh:-300|300:DeepStack_20000|DeepStack_20001
STATE:257:cr1200f:Ks|As:-100|100:DeepStack_20001|DeepStack_20000
STATE:258:r300c/cc:Ks|Ah/Kh:300|-300:DeepStack_20000|DeepStack_20001
STATE:259:r1200c/:Ah|As/Qs:0|0:DeepStack_20001|DeepStack_20000
STATE:260:cr300f:Qh|Ah:-100|100:DeepStack_20000|DeepStack_20001
STATE:261:cc/cr300f:Kh|Qh/Qs:-100|100:DeepStack_20001|DeepStack_20000
STATE:262:cc/cr300f:As|Qs/Qh:-100|100:DeepStack_20000|DeepStack_20001
STATE:263:cc/cr300r900f:Kh|Qs/Ks:300|-300:DeepStack_20001|DeepStack_20000
STATE:264:cc/cr300c:Ah|Kh/Qs:300|-300:DeepStack_20000|DeepStack_20001
STATE:265:cr300f:Qh|As:-100|100:DeepStack_20001|DeepStack_20000
STATE:266:cr300f:Qh|Ah:-100|100:DeepStack_20000|DeepStack_20001
STATE:267:cc/cc:Kh|Ks/Qs:0|0:DeepStack_20001|DeepStack_20000
STATE:268:r1200f:Ah|Ks:100|-100:DeepStack_20000|DeepStack_20001
STATE:269:cc/cr300f:As|Ks/Kh:-100|100:DeepStack_20001|DeepStack_20000
STATE:270:cc/cc:Qs|Ah/Ks:-100|100:DeepStack_20000|DeepStack_20001
STATE:271:cc/cr300f:Qs|Ks/Kh:-100|100:DeepStack_20001|DeepStack_20000
STATE:272:cr1200f:Qh|Ah:-100|100:DeepStack_20000|DeepStack_20001
STATE:273:cr300f:Qh|As:-100|100:DeepStack_20001|DeepStack_20000
STATE:274:cr300f:Qs|Ah:-100|100:DeepStack_20000|DeepStack_20001
STATE:275:r1200f:Ah|Kh:100|-100:DeepStack_20001|DeepStack_20000
STATE:276:cc/cc:Qh|Kh/As:-100|100:DeepStack_20000|DeepStack_20001
STATE:277:cr300f:Ks|Ah:-100|100:DeepStack_20001|DeepStack_20000
STATE:278:cc/cc:Ks|Qs/Kh:100|-100:DeepStack_20000|DeepStack_20001
STATE:279:cc/cc:Ks|Qs/Kh:100|-100:DeepStack_20001|DeepStack_20000
STATE:280:cr300f:Qs|Ah:-100|100:DeepStack_20000|DeepStack_20001
STATE:281:cr300r1200f:As|Ks:300|-300:DeepStack_20001|DeepStack_20000
STATE:282:cr300f:Qs|As:-100|100:DeepStack_20000|DeepStack_20001
STATE:283:cc/r300f:Kh|Qs/As:100|-100:DeepStack_20001|DeepStack_20000
STATE:284:r1200f:As|Qs:100|-100:DeepStack_20000|DeepStack_20001
STATE:285:r1200f:As|Qh:100|-100:DeepStack_20001|DeepStack_20000
STATE:286:cc/cr300r900f:Ks|Qs/Kh:300|-300:DeepStack_20000|DeepStack_20001
STATE:287:cc/cc:Kh|Qs/As:100|-100:DeepStack_20001|DeepStack_20000
STATE:288:cc/cc:Qh|Ah/Ks:-100|100:DeepStack_20000|DeepStack_20001
STATE:289:cr300f:Qs|Ah:-100|100:DeepStack_20001|DeepStack_20000
STATE:290:cc/cr300f:Kh|Qs/Qh:-100|100:DeepStack_20000|DeepStack_20001
STATE:291:cr300f:Kh|As:-100|100:DeepStack_20001|DeepStack_20000
STATE:292:cc/r300f:Kh|Qh/As:100|-100:DeepStack_20000|DeepStack_20001
STATE:293:cr300c/cr1200f:Ks|Qs/Qh:-300|300:DeepStack_20001|DeepStack_20000
STATE:294:cr300f:Qs|Qh:-100|100:DeepStack_20000|DeepStack_20001
STATE:295:cr300f:Qh|As:-100|100:DeepStack_20001|DeepStack_20000
STATE:296:cc/cc:Ks|As/Qs:-100|100:DeepStack_20000|DeepStack_20001
STATE:297:cc/cc:Kh|Qh/Ah:100|-100:DeepStack_20001|DeepStack_20000
STATE:298:cc/cr300r1200f:Qh|Kh/Qs:300|-300:DeepStack_20000|DeepStack_20001
STATE:299:cc/r300f:As|Qh/Ah:100|-100:DeepStack_20001|DeepStack_20000
STATE:300:cr300c/r1200c:Ks|Ah/Kh:1200|-1200:DeepStack_20000|DeepStack_20001
STATE:301:cc/cr300f:Qs|Kh/Ks:-100|100:DeepStack_20001|DeepStack_20000
STATE:302:cc/cc:Ks|Qh/Ah:100|-100:DeepStack_20000|DeepStack_20001
STATE:303:cr300r1200c/:As|Ah/Qh:0|0:DeepStack_20001|DeepStack_20000
STATE:304:cc/r300f:Kh|Qs/Ah:100|-100:DeepStack_20000|DeepStack_20001
STATE:305:cc/cc:Qs|Ks/As:-100|100:DeepStack_20001|DeepStack_20000
STATE:306:cc/r1200f:Ah|Ks/As:100|-100:DeepStack_20000|DeepStack_20001
STATE:307:cc/cc:Qs|Qh/Ah:0|0:DeepStack_20001|DeepStack_20000
STATE:308:cr300f:Kh|Ks:-100|100:DeepStack_20000|DeepStack_20001
STATE:309:cc/cc:As|Qh/Ks:100|-100:DeepStack_20001|DeepStack_20000
STATE:310:cc/cr300f:Qh|Qs/Kh:-100|100:DeepStack_20000|DeepStack_20001
STATE:311:cr300f:Qs|Qh:-100|100:DeepStack_20001|DeepStack_20000
STATE:312:cc/cc:Ks|As/Qs:-100|100:DeepStack_20000|DeepStack_20001
STATE:313:cc/cc:Kh|Qh/As:100|-100:DeepStack_20001|DeepStack_20000
STATE:314:cr300f:Qs|As:-100|100:DeepStack_20000|DeepStack_20001
STATE:315:cr300f:Qs|Ks:-100|100:DeepStack_20001|DeepStack_20000
STATE:316:cr300c/r1200f:Ks|Ah/Kh:300|-300:DeepStack_20000|DeepStack_20001
STATE:317:cc/cr300f:As|Qh/Qs:-100|100:DeepStack_20001|DeepStack_20000
STATE:318:cr300f:Qs|Kh:-100|100:DeepStack_20000|DeepStack_20001
STATE:319:r300c/cr900f:Ah|Qs/Qh:-300|300:DeepStack_20001|DeepStack_20000
STATE:320:cc/cc:As|Ks/Qh:100|-100:DeepStack_20000|DeepStack_20001
STATE:321:cc/r300f:Ks|Qs/Ah:100|-100:DeepStack_20001|DeepStack_20000
STATE:322:cc/r1200f:Qs|Qh/Ah:100|-100:DeepStack_20000|DeepStack_20001
STATE:323:r300r1200f:Kh|Ah:-300|300:DeepStack_20001|DeepStack_20000
STATE:324:cc/r300c:Ks|Kh/Ah:0|0:DeepStack_20000|DeepStack_20001
STATE:325:cc/cc:Qs|Kh/Qh:100|-100:DeepStack_20001|DeepStack_20000
STATE:326:cr300r1200c/:As|Ah/Ks:0|0:DeepStack_20000|DeepStack_20001
STATE:327:cc/cr300f:Qs|Ks/Kh:-100|100:DeepStack_20001|DeepStack_20000
STATE:328:cc/cc:Qh|As/Ks:-100|100:DeepStack_20000|DeepStack_20001
STATE:329:cr1200c/:Ah|As/Kh:0|0:DeepStack_20001|DeepStack_20000
STATE:330:cr300c/cc:As|Ah/Qh:0|0:DeepStack_20000|DeepStack_20001
STATE:331:cr300f:Qh|As:-100|100:DeepStack_20001|DeepStack_20000
STATE:332:cc/cc:Qh|Kh/As:-100|100:DeepStack_20000|DeepStack_20001
STATE:333:cr1200f:Kh|As:-100|100:DeepStack_20001|DeepStack_20000
STATE:334:cr300r1200c/:As|Ah/Ks:0|0:DeepStack_20000|DeepStack_20001
STATE:335:r1200f:Ah|Kh:100|-100:DeepStack_20001|DeepStack_20000
STATE:336:cr300r1200f:As|Ks:300|-300:DeepStack_20000|DeepStack_20001
STATE:337:cr1200c/:Ah|As/Ks:0|0:DeepStack_20001|DeepStack_20000
STATE:338:cr1200f:Kh|As:-100|100:DeepStack_20000|DeepStack_20001
STATE:339:cc/cr300f:Qs|Qh/Kh:-100|100:DeepStack_20001|DeepStack_20000
STATE:340:cr300f:Qh|Qs:-100|100:DeepStack_20000|DeepStack_20001
STATE:341:cr300f:Ks|Qh:-100|100:DeepStack_20001|DeepStack_20000
STATE:342:cc/cc:Qs|As/Kh:-100|100:DeepStack_20000|DeepStack_20001
STATE:343:cr300c/cr1200f:Kh|Ks/As:-300|300:DeepStack_20001|DeepStack_20000
STATE:344:cc/cc:Qs|Ks/Ah:-100|100:DeepStack_20000|DeepStack_20001
STATE:345:cc/cr300c:As|Ks/Kh:-300|300:DeepStack_20001|DeepStack_20000
STATE:346:cr300f:Qh|Ah:-100|100:DeepStack_20000|DeepStack_20001
STATE:347:cc/cc:Ks|As/Qh:-100|100:DeepStack_20001|DeepStack_20000
STATE:348:cc/cc:Ah|Kh/Qh:100|-100:DeepStack_20000|DeepStack_20001
STATE:349:cr300c/cr1200f:Qs|As/Ah:-300|300:DeepStack_20001|DeepStack_20000
STATE:350:cc/cc:Ks|Kh/As:0|0:DeepStack_20000|DeepStack_20001
STATE:351:cc/cr300f:Qh|Qs/Ks:-100|100:DeepStack_20001|DeepStack_20000
STATE:352:cc/r300f:As|Kh/Ah:100|-100:DeepStack_20000|DeepStack_20001
STATE:353:cr1200f:Ks|As:-100|100:DeepStack_20001|DeepStack_20000
STATE:354:cc/r1200c:Ah|Ks/As:1200|-1200:DeepStack_20000|DeepStack_20001
STATE:355:cr1200f:Kh|Ah:-100|100:DeepStack_20001|DeepStack_20000
STATE:356:cr300f:Qs|Kh:-100|100:DeepStack_20000|DeepStack_20001
STATE:357:r1200f:As|Qh:100|-100:DeepStack_20001|DeepStack_20000
STATE:358:cc/cc:Qs|Kh/Ah:-100|100:DeepStack_20000|DeepStack_20001
STATE:359:r1200c/:As|Ah/Qs:0|0:DeepStack_20001|DeepStack_20000
STATE:360:cr300f:Qs|Ah:-100|100:DeepStack_20000|DeepStack_20001
STATE:361:cr300f:Qh|As:-100|100:DeepStack_20001|DeepStack_20000
STATE:362:r1200c/:Ah|As/Qh:0|0:DeepStack_20000|DeepStack_20001
STATE:363:cc/cc:Ah|Qs/Ks:100|-100:DeepStack_20001|DeepStack_20000
STATE:364:cr300r1200f:Ah|Qh:300|-300:DeepStack_20000|DeepStack_20001
STATE:365:cc/cr300f:Kh|Ks/Qs:-100|100:DeepStack_20001|DeepStack_20000
STATE:366:cc/r300c:Ks|Kh/Ah:0|0:DeepStack_20000|DeepStack_20001
STATE:367:cr300r1200c/:As|Ah/Kh:0|0:DeepStack_20001|DeepStack_20000
STATE:368:cc/r300f:Kh|Qh/Ah:100|-100:DeepStack_20000|DeepStack_20001
STATE:369:r1200f:As|Ks:100|-100:DeepStack_20001|DeepStack_20000
STATE:370:r1200f:Ah|Qs:100|-100:DeepStack_20000|DeepStack_20001
STATE:371:r1200f:As|Qh:100|-100:DeepStack_20001|DeepStack_20000
STATE:372:r1200c/:Ah|As/Qh:0|0:DeepStack_20000|DeepStack_20001
STATE:373:cr300r1200c/:As|Ah/Qh:0|0:DeepStack_20001|DeepStack_20000
STATE:374:r300c/r900f:As|Qs/Ah:300|-300:DeepStack_20000|DeepStack_20001
STATE:375:cc/r300f:Ah|Qs/As:100|-100:DeepStack_20001|DeepStack_20000
STATE:376:cc/cc:Qh|Ks/Ah:-100|100:DeepStack_20000|DeepStack_20001
STATE:377:cc/cr300f:Ks|Qh/Qs:-100|100:DeepStack_20001|DeepStack_20000
STATE:378:cr1200f:Qh|Ah:-100|100:DeepStack_20000|DeepStack_20001
STATE:379:cr300c/cr1200f:Qh|Ah/As:-300|300:DeepStack_20001|DeepStack_20000
STATE:380:cc/cr300f:As|Qs/Qh:-100|100:DeepStack_20000|DeepStack_20001
STATE:381:r1200c/:As|Ah/Kh:0|0:DeepStack_20001|DeepStack_20000
STATE:382:r300c/cc:Qh|Qs/Kh:0|0:DeepStack_20000|DeepStack_20001
STATE:383:cr300r1200f:Ah|Qs:300|-300:DeepStack_20001|DeepStack_20000
STATE:384:cr300f:Qh|Ah:-100|100:DeepStack_20000|DeepStack_20001
STATE:385:cc/cc:Ah|Qs/Ks:100|-100:DeepStack_20001|DeepStack_20000
STATE:386:cc/cr300f:Qs|Ks/Kh:-100|100:DeepStack_20000|DeepStack_20001
STATE:387:cc/cr300r1200f:Kh|Qh/Ks:300|-300:DeepStack_20001|DeepStack_20000
STATE:388:r1200f:As|Qs:100|-100:DeepStack_20000|DeepStack_20001
STATE:389:cc/cc:As|Ks/Qh:100|-100:DeepStack_20001|DeepStack_20000
STATE:390:cr300f:Qh|Ah:-100|100:DeepStack_20000|DeepStack_20001
STATE:391:r1200f:As|Qs:100|-100:DeepStack_20001|DeepStack_20000
STATE:392:cr300f:Kh|Ah:-100|100:DeepStack_20000|DeepStack_20001
STATE:393:cr300c/cc:Qs|Qh/Kh:0|0:DeepStack_20001|DeepStack_20000
STATE:394:cc/cc:Qs|Qh/As:0|0:DeepStack_20000|DeepStack_20001
STATE:395:cc/r300f:As|Qh/Ah:100|-100:DeepStack_20001|DeepStack_20000
STATE:396:cr300f:Qs|Ah:-100|100:DeepStack_20000|DeepStack_20001
STATE:397:cc/cc:Qs|Ah/Qh:100|-100:DeepStack_20001|DeepStack_20000
STATE:398:cc/cc:Qh|Kh/As:-100|100:DeepStack_20000|DeepStack_20001
STATE:399:cc/cc:Qh|Ks/Qs:100|-100:DeepStack_20001|DeepStack_20000
STATE:400:cc/cr300f:As|Qh/Ks:-100|100:DeepStack_20000|DeepStack_20001
STATE:401:r1200f:Ah|Qs:100|-100:DeepStack_20001|DeepStack_20000
STATE:402:cr300c/cc:Qs|Ah/Kh:-300|300:DeepStack_20000|DeepStack_20001
STATE:403:cc/cc:Qs|Qh/Ah:0|0:DeepStack_20001|DeepStack_20000
STATE:404:cc/cc:Qh|Ks/As:-100|100:DeepStack_20000|DeepStack_20001
STATE:405:r1200c/:As|Ah/Qs:0|0:DeepStack_20001|DeepStack_20000
STATE:406:cc/r300f:Ks|Qh/Ah:100|-100:DeepStack_20000|DeepStack_20001
STATE:407:cr300c/cc:Kh|As/Qs:-300|300:DeepStack_20001|DeepStack_20000
STATE:408:cc/cc:Qs|Qh/Kh:0|0:DeepStack_20000|DeepStack_20001
STATE:409:cc/cc:Ah|Qs/Kh:100|-100:DeepStack_20001|DeepStack_20000
STATE:410:cr300r1200f:Ah|Qh:300|-300:DeepStack_20000|DeepStack_20001
STATE:411:r1200f:Ah|Kh:100|-100:DeepStack_20001|DeepStack_20000
STATE:412:cc/cc:Kh|Qh/As:100|-100:DeepStack_20000|DeepStack_20001
STATE:413:r1200f:As|Kh:100|-100:DeepStack_20001|DeepStack_20000
STATE:414:r1200c/:Ah|As/Ks:0|0:DeepStack_20000|DeepStack_20001
STATE:415:cr1200f:Qs|Ah:-100|100:DeepStack_20001|DeepStack_20000
STATE:416:cr1200f:Qs|Ah:-100|100:DeepStack_20000|DeepStack_20001
STATE:417:cr300f:Kh|As:-100|100:DeepStack_20001|DeepStack_20000
STATE:418:cr300r1200c/:As|Ah/Qs:0|0:DeepStack_20000|DeepStack_20001
STATE:419:cc/cc:Ks|Qs/Ah:100|-100:DeepStack_20001|DeepStack_20000
STATE:420:cr300f:Ks|Ah:-100|100:DeepStack_20000|DeepStack_20001
STATE:421:cc/cr300f:Kh|Qs/Qh:-100|100:DeepStack_20001|DeepStack_20000
STATE:422:cr300f:Ks|Ah:-100|100:DeepStack_20000|DeepStack_20001
STATE:423:r1200f:Ah|Ks:100|-100:DeepStack_20001|DeepStack_20000
STATE:424:cc/cr300f:Qh|Kh/Ks:-100|100:DeepStack_20000|DeepStack_20001
STATE:425:cc/cc:Qh|Kh/Qs:100|-100:DeepStack_20001|DeepStack_20000
STATE:426:r300c/cc:Kh|Ah/Qs:-300|300:DeepStack_20000|DeepStack_20001
STATE:427:cc/cc:Qs|Kh/As:-100|100:DeepStack_20001|DeepStack_20000
STATE:428:cr300c/cr1200f:Kh|Qs/As:-300|300:DeepStack_20000|DeepStack_20001
STATE:429:cr300f:Qh|Ah:-100|100:DeepStack_20001|DeepStack_20000
STATE:430:cr300c/r1200f:Ks|Kh/Qs:300|-300:DeepStack_20000|DeepStack_20001
STATE:431:cc/cr300f:Qs|Qh/Kh:-100|100:DeepStack_20001|DeepStack_20000
STATE:432:cc/cc:As|Qh/Kh:100|-100:DeepStack_20000|DeepStack_20001
STATE:433:cc/cr300r900f:Qh|Ks/Qs:300|-300:DeepStack_20001|DeepStack_20000
STATE:434:cr300r1200c/:As|Ah/Qs:0|0:DeepStack_20000|DeepStack_20001
STATE:435:cr300f:Qs|Ah:-100|100:DeepStack_20001|DeepStack_20000
STATE:436:cr300c/cc:Qh|As/Kh:-300|300:DeepStack_20000|DeepStack_20001
STATE:437:r1200f:Ah|Ks:100|-100:DeepStack_20001|DeepStack_20000
STATE:438:cc/cc:Qh|Qs/Ah:0|0:DeepStack_20000|DeepStack_20001
STATE:439:cr300f:Qs|As:-100|100:DeepStack_20001|DeepStack_20000
STATE:440:r300c/cr1200f:As|Ah/Ks:-300|300:DeepStack_20000|DeepStack_20001
STATE:441:r1200f:Ah|Kh:100|-100:DeepStack_20001|DeepStack_20000
STATE:442:cr300f:Kh|Ah:-100|100:DeepStack_20000|DeepStack_20001
STATE:443:cr300f:Qh|Ks:-100|100:DeepStack_20001|DeepStack_20000
STATE:444:cc/cc:Kh|Qh/Ks:100|-100:DeepStack_20000|DeepStack_20001
STATE:445:cr300r1200f:As|Qs:300|-300:DeepStack_20001|DeepStack_20000
STATE:446:cc/cr300f:Ks|Qs/Qh:-100|100:DeepStack_20000|DeepStack_20001
STATE:447:cc/cc:Qh|Kh/As:-100|100:DeepStack_20001|DeepStack_20000
STATE:448:cr300r1200f:Ah|Kh:300|-300:DeepStack_20000|DeepStack_20001
STATE:449:r1200f:As|Ks:100|-100:DeepStack_20001|DeepStack_20000
STATE:450:cc/r1200f:As|Ks/Ah:100|-100:DeepStack_20000|DeepStack_20001
STATE:451:cc/cc:Qs|Ah/Kh:-100|100:DeepStack_20001|DeepStack_20000
STATE:452:cr300f:Kh|As:-100|100:DeepStack_20000|DeepStack_20001
STATE:453:cr300r1200c/:As|Ah/Qh:0|0:DeepStack_20001|DeepStack_20000
STATE:454:cr1200f:Ks|As:-100|100:DeepStack_20000|DeepStack_20001
STATE:455:r1200f:As|Qh:100|-100:DeepStack_20001|DeepStack_20000
STATE:456:cr300c/r1200c:Qs|Ah/Qh:1200|-1200:DeepStack_20000|DeepStack_20001
STATE:457:cr300c/cr1200f:Qs|As/Ah:-300|300:DeepStack_20001|DeepStack_20000
STATE:458:cr300f:Qh|Ah:-100|100:DeepStack_20000|DeepStack_20001
STATE:459:cc/cr300c:Ah|Ks/Kh:-300|300:DeepStack_20001|DeepStack_20000
STATE:460:cc/cc:Qs|Qh/Ah:0|0:DeepStack_20000|DeepStack_20001
STATE:461:cc/cr300f:As|Qs/Qh:-100|100:DeepStack_20001|DeepStack_20000
STATE:462:r1200f:Ah|Ks:100|-100:DeepStack_20000|DeepStack_20001
STATE:463:cr300f:Qh|Ah:-100|100:DeepStack_20001|DeepStack_20000
STATE:464:cc/r1200f:Ah|Qs/As:100|-100:DeepStack_20000|DeepStack_20001
STATE:465:cr300f:Qs|As:-100|100:DeepStack_20001|DeepStack_20000
STATE:466:cc/cc:Ks|Qs/Kh:100|-100:DeepStack_20000|DeepStack_20001
STATE:467:cc/r300f:Ks|Qh/Ah:100|-100:DeepStack_20001|DeepStack_20000
STATE:468:cc/cc:Qh|Ks/Ah:-100|100:DeepStack_20000|DeepStack_20001
STATE:469:r300c/cc:Ah|Ks/Qs:300|-300:DeepStack_20001|DeepStack_20000
STATE:470:cc/r1200f:Qs|Qh/As:100|-100:DeepStack_20000|DeepStack_20001
STATE:471:r1200c/:As|Ah/Qh:0|0:DeepStack_20001|DeepStack_20000
STATE:472:cr300c/cr1200c:Ks|Ah/As:-1200|1200:DeepStack_20000|DeepStack_20001
STATE:473:cc/cc:Kh|Qh/Ks:100|-100:DeepStack_20001|DeepStack_20000
STATE:474:r1200f:Ah|Kh:100|-100:DeepStack_20000|DeepStack_20001
STATE:475:cr300c/cc:Ks|Kh/Ah:0|0:DeepStack_20001|DeepStack_20000
STATE:476:cr300f:Qh|As:-100|100:DeepStack_20000|DeepStack_20001
STATE:477:cc/cr1200f:Qs|As/Ah:-100|100:DeepStack_20001|DeepStack_20000
STATE:478:cc/cc:Qh|Ks/Qs:100|-100:DeepStack_20000|DeepStack_20001
STATE:479:cc/cc:Qh|Kh/Ah:-100|100:DeepStack_20001|DeepStack_20000
STATE:480:cr300f:Qs|Ah:-100|100:DeepStack_20000|DeepStack_20001
STATE:481:cr300f:Qh|Ah:-100|100:DeepStack_20001|DeepStack_20000
STATE:482:cr300r1200f:Ah|Ks:300|-300:DeepStack_20000|DeepStack_20001
STATE:483:cc/cc:Ks|Qs/Kh:100|-100:DeepStack_20001|DeepStack_20000
STATE:484:cr300f:Kh|Ah:-100|100:DeepStack_20000|DeepStack_20001
STATE:485:cc/cc:Qs|Kh/Qh:100|-100:DeepStack_20001|DeepStack_20000
STATE:486:cr300c/cr1200f:Qh|Ah/As:-300|300:DeepStack_20000|DeepStack_20001
STATE:487:cr300f:Qs|Kh:-100|100:DeepStack_20001|DeepStack_20000
STATE:488:cc/cc:As|Kh/Qh:100|-100:DeepStack_20000|DeepStack_20001
STATE:489:cc/cr300r1200f:Qh|Ks/Qs:300|-300:DeepStack_20001|DeepStack_20000
STATE:490:cc/cr300f:Ks|Qh/Qs:-100|100:DeepStack_20000|DeepStack_20001
STATE:491:cc/cc:Qh|Ks/As:-100|100:DeepStack_20001|DeepStack_20000
STATE:492:cc/cc:As|Kh/Qs:100|-100:DeepStack_20000|DeepStack_20001
STATE:493:r1200f:Ah|Qs:100|-100:DeepStack_20001|DeepStack_20000
STATE:494:cc/r300f:Kh|Ks/Ah:100|-100:DeepStack_20000|DeepStack_20001
STATE:495:cr300c/cc:Kh|Ah/Qs:-300|300:DeepStack_20001|DeepStack_20000
STATE:496:cc/cc:Ks|Qs/Kh:100|-100:DeepStack_20000|DeepStack_20001
STATE:497:cc/cr300f:Qh|Ah/As:-100|100:DeepStack_20001|DeepStack_20000
STATE:498:cc/cc:Ks|Qh/As:100|-100:DeepStack_20000|DeepStack_20001
STATE:499:r300c/cc:Kh|Qs/As:300|-300:DeepStack_20001|DeepStack_20000
STATE:500:cc/cr300f:Ks|Kh/Qs:-100|100:DeepStack_20000|DeepStack_20001
STATE:501:cr1200f:Kh|As:-100|100:DeepStack_20001|DeepStack_20000
STATE:502:cr300r1200c/:Ah|As/Kh:0|0:DeepStack_20000|DeepStack_20001
STATE:503:cr300c/r1200f:Kh|Ks/Qs:300|-300:DeepStack_20001|DeepStack_20000
STATE:504:cr300c/r1200f:Ks|As/Kh:300|-300:DeepStack_20000|DeepStack_20001
STATE:505:cr300c/cr1200f:Ks|Qs/As:-300|300:DeepStack_20001|DeepStack_20000
STATE:506:r1200f:Ah|Ks:100|-100:DeepStack_20000|DeepStack_20001
STATE:507:cr300f:Qh|Ah:-100|100:DeepStack_20001|DeepStack_20000
STATE:508:cr1200f:Qs|Ah:-100|100:DeepStack_20000|DeepStack_20001
STATE:509:cr300f:Ks|Ah:-100|100:DeepStack_20001|DeepStack_20000
STATE:510:cc/cc:Kh|Qs/As:100|-100:DeepStack_20000|DeepStack_20001
STATE:511:cc/cc:Qh|Kh/As:-100|100:DeepStack_20001|DeepStack_20000
STATE:512:cc/cr300f:Ks|Qh/Qs:-100|100:DeepStack_20000|DeepStack_20001
STATE:513:cc/cc:Qh|Qs/Ah:0|0:DeepStack_20001|DeepStack_20000
STATE:514:r1200c/:As|Ah/Kh:0|0:DeepStack_20000|DeepStack_20001
STATE:515:cr300r1200f:Ah|Ks:300|-300:DeepStack_20001|DeepStack_20000
STATE:516:cr300c/cc:Ks|As/Qs:-300|300:DeepStack_20000|DeepStack_20001
STATE:517:cr300f:Qh|Kh:-100|100:DeepStack_20001|DeepStack_20000
STATE:518:cr300f:Kh|As:-100|100:DeepStack_20000|DeepStack_20001
STATE:519:cr300f:Kh|Qs:-100|100:DeepStack_20001|DeepStack_20000
STATE:520:cc/cc:Ks|Ah/Kh:100|-100:DeepStack_20000|DeepStack_20001
STATE:521:r1200f:As|Ks:100|-100:DeepStack_20001|DeepStack_20000
STATE:522:cr300r1200f:As|Qh:300|-300:DeepStack_20000|DeepStack_20001
STATE:523:cc/cc:Ks|Kh/Qh:0|0:DeepStack_20001|DeepStack_20000
STATE:524:cr300f:Qs|Ks:-100|100:DeepStack_20000|DeepStack_20001
STATE:525:cr1200c/:Ah|As/Ks:0|0:DeepStack_20001|DeepStack_20000
STATE:526:cr300c/cr1200f:Ks|Qs/As:-300|300:DeepStack_20000|DeepStack_20001
STATE:527:cr300f:Qs|Kh:-100|100:DeepStack_20001|DeepStack_20000
STATE:528:cc/cr300r900f:Kh|Qh/Ks:300|-300:DeepStack_20000|DeepStack_20001
STATE:529:r1200f:As|Qh:100|-100:DeepStack_20001|DeepStack_20000
STATE:530:cr300c/cc:Ks|Ah/Qh:-300|300:DeepStack_20000|DeepStack_20001
STATE:531:cc/cc:Ks|Qs/Kh:100|-100:DeepStack_20001|DeepStack_20000
STATE:532:cc/cc:Qh|Qs/Ah:0|0:DeepStack_20000|DeepStack_20001
STATE:533:cr300r1200c/:As|Ah/Ks:0|0:DeepStack_20001|DeepStack_20000
STATE:534:cr300f:Kh|Ah:-100|100:DeepStack_20000|DeepStack_20001
STATE:535:cc/cr300f:Ks|Kh/Qh:-100|100:DeepStack_20001|DeepStack_20000
STATE:536:cc/cc:Qh|Kh/As:-100|100:DeepStack_20000|DeepStack_20001
STATE:537:cc/r300f:Ah|Qh/As:100|-100:DeepStack_20001|DeepStack_20000
STATE:538:cc/cc:Qh|Qs/Ks:0|0:DeepStack_20000|DeepStack_20001
STATE:539:cc/cc:Qs|Ah/Qh:100|-100:DeepStack_20001|DeepStack_20000
STATE:540:cc/cc:Kh|Qs/As:100|-100:DeepStack_20000|DeepStack_20001
STATE:541:cc/cr1200f:Qh|As/Ah:-100|100:DeepStack_20001|DeepStack_20000
STATE:542:r1200f:Ah|Kh:100|-100:DeepStack_20000|DeepStack_20001
STATE:543:cr300r1200f:Ah|Qh:300|-300:DeepStack_20001|DeepStack_20000
STATE:544:cc/cr300f:Ah|Ks/Kh:-100|100:DeepStack_20000|DeepStack_20001
STATE:545:cc/cc:Ks|Kh/Ah:0|0:DeepStack_20001|DeepStack_20000
STATE:546:cc/r1200f:Qs|Qh/As:100|-100:DeepStack_20000|DeepStack_20001
STATE:547:r1200f:Ah|Qs:100|-100:DeepStack_20001|DeepStack_20000
STATE:548:cc/r300r1200f:Kh|Ah/As:-300|300:DeepStack_20000|DeepStack_20001
STATE:549:cr300c/cr1200f:Qh|As/Ah:-300|300:DeepStack_20001|DeepStack_20000
STATE:550:cc/cc:Qh|Ah/Kh:-100|100:DeepStack_20000|DeepStack_20001
STATE:551:cc/r300f:Ah|Qh/As:100|-100:DeepStack_20001|DeepStack_20000
STATE:552:r1200f:Ah|Kh:100|-100:DeepStack_20000|DeepStack_20001
STATE:553:cc/cr300f:Ks|Qh/Qs:-100|100:DeepStack_20001|DeepStack_20000
STATE:554:cc/cc:Qs|Qh/As:0|0:DeepStack_20000|DeepStack_20001
STATE:555:cc/cc:As|Qs/Kh:100|-100:DeepStack_20001|DeepStack_20000
STATE:556:cc/cc:Kh|Ks/Qs:0|0:DeepStack_20000|DeepStack_20001
STATE:557:cc/cc:As|Qh/Ks:100|-100:DeepStack_20001|DeepStack_20000
STATE:558:cr300f:Qh|Ah:-100|100:DeepStack_20000|DeepStack_20001
STATE:559:cc/cc:As|Ks/Qh:100|-100:DeepStack_20001|DeepStack_20000
STATE:560:r1200c/:As|Ah/Ks:0|0:DeepStack_20000|DeepStack_20001
STATE:561:cc/cc:Qh|Ks/Ah:-100|100:DeepStack_20001|DeepStack_20000
STATE:562:r1200f:As|Qs:100|-100:DeepStack_20000|DeepStack_20001
STATE:563:cr300f:Qs|Ah:-100|100:DeepStack_20001|DeepStack_20000
STATE:564:cc/cr300f:As|Qh/Qs:-100|100:DeepStack_20000|DeepStack_20001
STATE:565:cc/cc:Qh|Kh/Ah:-100|100:DeepStack_20001|DeepStack_20000
STATE:566:cc/cc:Qs|Ks/As:-100|100:DeepStack_20000|DeepStack_20001
STATE:567:cr300f:Qs|Ah:-100|100:DeepStack_20001|DeepStack_20000
STATE:568:cc/r300f:Ks|Qh/Ah:100|-100:DeepStack_20000|DeepStack_20001
STATE:569:cr300r1200f:As|Kh:300|-300:DeepStack_20001|DeepStack_20000
STATE:570:cr300r1200c/:As|Ah/Kh:0|0:DeepStack_20000|DeepStack_20001
STATE:571:cr300f:Qs|Ks:-100|100:DeepStack_20001|DeepStack_20000
STATE:572:cc/cc:Qh|Kh/Ah:-100|100:DeepStack_20000|DeepStack_20001
STATE:573:cc/r1200f:Qs|Kh/As:100|-100:DeepStack_20001|DeepStack_20000
STATE:574:cc/r300f:Kh|Ks/As:100|-100:DeepStack_20000|DeepStack_20001
STATE:575:cc/cr300c:As|Qh/Ks:300|-300:DeepStack_20001|DeepStack_20000
STATE:576:cc/cr300f:Kh|Qh/Qs:-100|100:DeepStack_20000|DeepStack_20001
STATE:577:cc/cr300f:Kh|Qs/Qh:-100|100:DeepStack_20001|DeepStack_20000
STATE:578:cc/cc:Ks|Qs/Ah:100|-100:DeepStack_20000|DeepStack_20001
STATE:579:cr1200f:Kh|As:-100|100:DeepStack_20001|DeepStack_20000
STATE:580:cc/cc:Kh|Ah/Qs:-100|100:DeepStack_20000|DeepStack_20001
STATE:581:cr300f:Qs|Ah:-100|100:DeepStack_20001|DeepStack_20000
STATE:582:cc/cc:Qh|Qs/Kh:0|0:DeepStack_20000|DeepStack_20001
STATE:583:r1200c/:Ah|As/Ks:0|0:DeepStack_20001|DeepStack_20000
STATE:584:cr300f:Qs|Ah:-100|100:DeepStack_20000|DeepStack_20001
STATE:585:cc/cc:Qh|Ks/Qs:100|-100:DeepStack_20001|DeepStack_20000
STATE:586:cc/cc:Kh|Qs/As:100|-100:DeepStack_20000|DeepStack_20001
STATE:587:r1200f:As|Kh:100|-100:DeepStack_20001|DeepStack_20000
STATE:588:cc/cc:Ks|Kh/Qs:0|0:DeepStack_20000|DeepStack_20001
STATE:589:cr300f:Qh|Ah:-100|100:DeepStack_20001|DeepStack_20000
STATE:590:cr300f:Ks|Ah:-100|100:DeepStack_20000|DeepStack_20001
STATE:591:cc/cc:Qs|Kh/Ah:-100|100:DeepStack_20001|DeepStack_20000
STATE:592:cr300f:Qs|Qh:-100|100:DeepStack_20000|DeepStack_20001
STATE:593:cc/cr300f:Ah|Qs/Kh:-100|100:DeepStack_20001|DeepStack_20000
STATE:594:cc/cr300r1200f:Qh|Kh/Qs:300|-300:DeepStack_20000|DeepStack_20001
STATE:595:cc/r300f:Ks|Qs/Ah:100|-100:DeepStack_20001|DeepStack_20000
STATE:596:cr300f:Qh|Kh:-100|100:DeepStack_20000|DeepStack_20001
STATE:597:r1200f:Ah|Qh:100|-100:DeepStack_20001|DeepStack_20000
STATE:598:cc/cc:Ks|As/Qh:-100|100:DeepStack_20000|DeepStack_20001
STATE:599:cc/r1200f:Qh|Ks/As:100|-100:DeepStack_20001|DeepStack_20000
STATE:600:cc/cc:Qs|Kh/As:-100|100:DeepStack_20000|DeepStack_20001
STATE:601:cc/cc:Qh|Qs/As:0|0:DeepStack_20001|DeepStack_20000
STATE:602:cr300f:Qh|Ks:-100|100:DeepStack_20000|DeepStack_20001
STATE:603:r1200c/:Ah|As/Kh:0|0:DeepStack_20001|DeepStack_20000
STATE:604:r300c/cc:Ks|As/Qs:-300|300:DeepStack_20000|DeepStack_20001
STATE:605:cr300c/cc:Qh|Ah/Kh:-300|300:DeepStack_20001|DeepStack_20000
STATE:606:r1200c/:Ah|As/Kh:0|0:DeepStack_20000|DeepStack_20001
STATE:607:cr300f:Kh|Ks:-100|100:DeepStack_20001|DeepStack_20000
STATE:608:cr300f:Qh|Kh:-100|100:DeepStack_20000|DeepStack_20001
STATE:609:r300c/cc:Ah|Kh/Qh:300|-300:DeepStack_20001|DeepStack_20000
STATE:610:cc/cr300f:Qh|Qs/Kh:-100|100:DeepStack_20000|DeepStack_20001
STATE:611:cr300f:Kh|Ah:-100|100:DeepStack_20001|DeepStack_20000
STATE:612:r300r1200c/:Ah|As/Qh:0|0:DeepStack_20000|DeepStack_20001
STATE:613:cc/cc:Qh|As/Qs:100|-100:DeepStack_20001|DeepStack_20000
STATE:614:cr1200f:Kh|As:-100|100:DeepStack_20000|DeepStack_20001
STATE:615:cr300f:Kh|Ah:-100|100:DeepStack_20001|DeepStack_20000
STATE:616:cc/r300f:Ah|Ks/As:100|-100:DeepStack_20000|DeepStack_20001
STATE:617:cr1200f:Qh|Ah:-100|100:DeepStack_20001|DeepStack_20000
STATE:618:cr300f:Qs|As:-100|100:DeepStack_20000|DeepStack_20001
STATE:619:cr300f:Qs|Ah:-100|100:DeepStack_20001|DeepStack_20000
STATE:620:cc/cc:Ks|Kh/Qs:0|0:DeepStack_20000|DeepStack_20001
STATE:621:cr300r1200f:Ah|Qh:300|-300:DeepStack_20001|DeepStack_20000
STATE:622:cc/cc:Qs|Qh/Ks:0|0:DeepStack_20000|DeepStack_20001
STATE:623:cc/cc:Qh|Qs/Ah:0|0:DeepStack_20001|DeepStack_20000
STATE:624:cc/cc:Ks|Qs/Kh:100|-100:DeepStack_20000|DeepStack_20001
STATE:625:cr300f:Ks|Kh:-100|100:DeepStack_20001|DeepStack_20000
STATE:626:cc/r300f:Ks|Qs/Ah:100|-100:DeepStack_20000|DeepStack_20001
STATE:627:cr300c/cr900f:Kh|Ah/Qs:-300|300:DeepStack_20001|DeepStack_20000
STATE:628:cc/cc:Qs|Kh/Ah:-100|100:DeepStack_20000|DeepStack_20001
STATE:629:cc/cr300f:Kh|Qh/Qs:-100|100:DeepStack_20001|DeepStack_20000
STATE:630:cc/cr300f:As|Qs/Qh:-100|100:DeepStack_20000|DeepStack_20001
STATE:631:r1200c/:Ah|As/Ks:0|0:DeepStack_20001|DeepStack_20000
STATE:632:cr300f:Kh|Ah:-100|100:DeepStack_20000|DeepStack_20001
STATE:633:cc/cr300f:Kh|Qh/Qs:-100|100:DeepStack_20001|DeepStack_20000
STATE:634:cc/r1200f:Qs|Kh/As:100|-100:DeepStack_20000|DeepStack_20001
STATE:635:r1200f:As|Qs:100|-100:DeepStack_20001|DeepStack_20000
STATE:636:cr300f:Ks|As:-100|100:DeepStack_20000|DeepStack_20001
STATE:637:cr300f:Ks|Qs:-100|100:DeepStack_20001|DeepStack_20000
STATE:638:cc/r300c:Ks|Kh/Ah:0|0:DeepStack_20000|DeepStack_20001
STATE:639:cc/cc:Ah|Qh/Kh:100|-100:DeepStack_20001|DeepStack_20000
STATE:640:cc/cc:Qh|Ks/As:-100|100:DeepStack_20000|DeepStack_20001
STATE:641:cr300r1200f:As|Qh:300|-300:DeepStack_20001|DeepStack_20000
STATE:642:r300c/cr900f:Ah|Qh/Kh:-300|300:DeepStack_20000|DeepStack_20001
STATE:643:cc/cc:Qh|Qs/Ks:0|0:DeepStack_20001|DeepStack_20000
STATE:644:cr1200c/:Ah|As/Qh:0|0:DeepStack_20000|DeepStack_20001
STATE:645:cr300f:Ks|As:-100|100:DeepStack_20001|DeepStack_20000
STATE:646:cr300f:Kh|Qh:-100|100:DeepStack_20000|DeepStack_20001
STATE:647:r1200f:Ah|Qh:100|-100:DeepStack_20001|DeepStack_20000
STATE:648:cr300c/cc:Kh|As/Qs:-300|300:DeepStack_20000|DeepStack_20001
STATE:649:r1200f:Ah|Qh:100|-100:DeepStack_20001|DeepStack_20000
STATE:650:cc/cr300f:As|Ks/Qh:-100|100:DeepStack_20000|DeepStack_20001
STATE:651:cc/r300f:Kh|Ks/Ah:100|-100:DeepStack_20001|DeepStack_20000
STATE:652:cc/cc:Ah|As/Qh:0|0:DeepStack_20000|DeepStack_20001
STATE:653:cr1200f:Qh|As:-100|100:DeepStack_20001|DeepStack_20000
STATE:654:cr300f:Qs|Ah:-100|100:DeepStack_20000|DeepStack_20001
STATE:655:cc/cc:As|Qh/Kh:100|-100:DeepStack_20001|DeepStack_20000
STATE:656:r300c/r1200f:Ah|Qs/As:300|-300:DeepStack_20000|DeepStack_20001
STATE:657:cr300r1200c/:As|Ah/Ks:0|0:DeepStack_20001|DeepStack_20000
STATE:658:cr300r1200c/:As|Ah/Qs:0|0:DeepStack_20000|DeepStack_20001
STATE:659:cc/cr300r1200f:Kh|Qh/Ks:300|-300:DeepStack_20001|DeepStack_20000
STATE:660:cc/r300c:Ks|Kh/Ah:0|0:DeepStack_20000|DeepStack_20001
STATE:661:r300c/r900f:Ah|Qs/As:300|-300:DeepStack_20001|DeepStack_20000
STATE:662:cr300f:Qs|Ah:-100|100:DeepStack_20000|DeepStack_20001
STATE:663:cr300f:Ks|As:-100|100:DeepStack_20001|DeepStack_20000
STATE:664:r1200f:As|Ks:100|-100:DeepStack_20000|DeepStack_20001
STATE:665:r1200f:Ah|Kh:100|-100:DeepStack_20001|DeepStack_20000
STATE:666:cr1200f:Ks|As:-100|100:DeepStack_20000|DeepStack_20001
STATE:667:cc/cr300f:Ks|Qh/Qs:-100|100:DeepStack_20001|DeepStack_20000
STATE:668:cc/cc:Qh|Kh/As:-100|100:DeepStack_20000|DeepStack_20001
STATE:669:cc/r300c:Ah|Ks/As:300|-300:DeepStack_20001|DeepStack_20000
STATE:670:r1200f:As|Qh:100|-100:DeepStack_20000|DeepStack_20001
STATE:671:cc/cc:Qs|Kh/As:-100|100:DeepStack_20001|DeepStack_20000
STATE:672:cr300r1200f:As|Kh:300|-300:DeepStack_20000|DeepStack_20001
STATE:673:cr1200f:Qh|As:-100|100:DeepStack_20001|DeepStack_20000
STATE:674:cr300f:Qs|Ah:-100|100:DeepStack_20000|DeepStack_20001
STATE:675:cc/cc:As|Kh/Qh:100|-100:DeepStack_20001|DeepStack_20000
STATE:676:cr1200f:Qh|As:-100|100:DeepStack_20000|DeepStack_20001
STATE:677:cc/cr1200f:Qh|As/Ah:-100|100:DeepStack_20001|DeepStack_20000
STATE:678:cc/r300c:Ah|Kh/As:300|-300:DeepStack_20000|DeepStack_20001
STATE:679:cc/cc:Qh|Qs/Ah:0|0:DeepStack_20001|DeepStack_20000
STATE:680:cc/cc:Qh|Kh/Qs:100|-100:DeepStack_20000|DeepStack_20001
STATE:681:cc/cc:Kh|Ks/Qs:0|0:DeepStack_20001|DeepStack_20000
STATE:682:cr300c/cr1200f:Kh|Ah/As:-300|300:DeepStack_20000|DeepStack_20001
STATE:683:r1200f:Ah|Qh:100|-100:DeepStack_20001|DeepStack_20000
STATE:684:cc/r300c:Kh|Ks/As:0|0:DeepStack_20000|DeepStack_20001
STATE:685:cc/r300f:As|Qh/Ah:100|-100:DeepStack_20001|DeepStack_20000
STATE:686:r1200f:As|Qs:100|-100:DeepStack_20000|DeepStack_20001
STATE:687:cc/cc:Qs|Qh/As:0|0:DeepStack_20001|DeepStack_20000
STATE:688:cr300f:Qs|As:-100|100:DeepStack_20000|DeepStack_20001
STATE:689:cc/cc:Qh|Kh/As:-100|100:DeepStack_20001|DeepStack_20000
STATE:690:r1200f:As|Ks:100|-100:DeepStack_20000|DeepStack_20001
STATE:691:cc/cc:Kh|Qh/Ks:100|-100:DeepStack_20001|DeepStack_20000
STATE:692:cr300c/cr900f:Ks|Ah/Qs:-300|300:DeepStack_20000|DeepStack_20001
STATE:693:cc/cr300f:Qs|Qh/Kh:-100|100:DeepStack_20001|DeepStack_20000
STATE:694:cr300f:Qh|Qs:-100|100:DeepStack_20000|DeepStack_20001
STATE:695:cc/cc:Kh|Qh/Ks:100|-100:DeepStack_20001|DeepStack_20000
STATE:696:cc/cc:Qs|Kh/Ah:-100|100:DeepStack_20000|DeepStack_20001
STATE:697:cr300f:Qs|As:-100|100:DeepStack_20001|DeepStack_20000
STATE:698:cc/cc:Ks|Kh/Qs:0|0:DeepStack_20000|DeepStack_20001
STATE:699:cr300f:Ks|Qh:-100|100:DeepStack_20001|DeepStack_20000
STATE:700:cr300f:Qh|As:-100|100:DeepStack_20000|DeepStack_20001
STATE:701:cr300f:Ks|As:-100|100:DeepStack_20001|DeepStack_20000
STATE:702:cr300f:Qh|Ks:-100|100:DeepStack_20000|DeepStack_20001
STATE:703:cc/cc:Ks|As/Qh:-100|100:DeepStack_20001|DeepStack_20000
STATE:704:cr300r1200c/:Ah|As/Qh:0|0:DeepStack_20000|DeepStack_20001
STATE:705:cc/cc:As|Qs/Kh:100|-100:DeepStack_20001|DeepStack_20000
STATE:706:cc/cr300f:Ah|Qs/Qh:-100|100:DeepStack_20000|DeepStack_20001
STATE:707:cc/cc:Qs|Qh/As:0|0:DeepStack_20001|DeepStack_20000
STATE:708:cc/cc:Qs|Ks/Qh:100|-100:DeepStack_20000|DeepStack_20001
STATE:709:cr300c/cr1200c:Kh|Ah/As:-1200|1200:DeepStack_20001|DeepStack_20000
STATE:710:cc/cr300f:Ks|Qs/Qh:-100|100:DeepStack_20000|DeepStack_20001
STATE:711:r1200f:Ah|Qs:100|-100:DeepStack_20001|DeepStack_20000
STATE:712:cc/cc:Qh|Ks/As:-100|100:DeepStack_20000|DeepStack_20001
STATE:713:cr300f:Qs|Ah:-100|100:DeepStack_20001|DeepStack_20000
STATE:714:cc/cc:Kh|Ks/Qs:0|0:DeepStack_20000|DeepStack_20001
STATE:715:cc/cr300f:As|Ks/Kh:-100|100:DeepStack_20001|DeepStack_20000
STATE:716:cc/cr300f:Ks|Kh/Qh:-100|100:DeepStack_20000|DeepStack_20001
STATE:717:cr300f:Qh|Kh:-100|100:DeepStack_20001|DeepStack_20000
STATE:718:cr300f:Qh|Qs:-100|100:DeepStack_20000|DeepStack_20001
STATE:719:r1200f:As|Ks:100|-100:DeepStack_20001|DeepStack_20000
STATE:720:cr300f:Qs|Qh:-100|100:DeepStack_20000|DeepStack_20001
STATE:721:cc/cc:Ah|Qs/Ks:100|-100:DeepStack_20001|DeepStack_20000
STATE:722:cc/cc:Qh|Qs/Ks:0|0:DeepStack_20000|DeepStack_20001
STATE:723:cc/cc:Kh|Ks/Ah:0|0:DeepStack_20001|DeepStack_20000
STATE:724:cc/cr300f:Qs|Qh/Ks:-100|100:DeepStack_20000|DeepStack_20001
STATE:725:cc/cr300f:Kh|Qs/Qh:-100|100:DeepStack_20001|DeepStack_20000
STATE:726:cc/cc:Kh|Qs/As:100|-100:DeepStack_20000|DeepStack_20001
STATE:727:cc/cc:Qs|Ks/Ah:-100|100:DeepStack_20001|DeepStack_20000
STATE:728:cc/cr300f:Ah|Qs/Qh:-100|100:DeepStack_20000|DeepStack_20001
STATE:729:cr300c/r1200f:Kh|Ah/Qs:300|-300:DeepStack_20001|DeepStack_20000
STATE:730:cr300f:Qs|As:-100|100:DeepStack_20000|DeepStack_20001
STATE:731:cr300f:Ks|Ah:-100|100:DeepStack_20001|DeepStack_20000
STATE:732:cc/cc:Qh|Qs/Ks:0|0:DeepStack_20000|DeepStack_20001
STATE:733:cr300c/cr900f:Ks|Ah/Qs:-300|300:DeepStack_20001|DeepStack_20000
STATE:734:cc/cc:As|Kh/Qh:100|-100:DeepStack_20000|DeepStack_20001
STATE:735:cc/cr300f:As|Ks/Kh:-100|100:DeepStack_20001|DeepStack_20000
STATE:736:cc/r300f:Ks|Qs/As:100|-100:DeepStack_20000|DeepStack_20001
STATE:737:cc/r300f:Ah|Qh/As:100|-100:DeepStack_20001|DeepStack_20000
STATE:738:cr300f:Qs|Ah:-100|100:DeepStack_20000|DeepStack_20001
STATE:739:cc/cr300f:As|Qh/Qs:-100|100:DeepStack_20001|DeepStack_20000
STATE:740:cc/cr300f:Ks|Kh/Qh:-100|100:DeepStack_20000|DeepStack_20001
STATE:741:cc/r300r900f:Ks|Qs/As:-300|300:DeepStack_20001|DeepStack_20000
STATE:742:cc/cc:Qh|Qs/Ks:0|0:DeepStack_20000|DeepStack_20001
STATE:743:cr300r1200c/:As|Ah/Kh:0|0:DeepStack_20001|DeepStack_20000
STATE:744:cr300r1200c/:As|Ah/Qh:0|0:DeepStack_20000|DeepStack_20001
STATE:745:cc/r300f:Kh|Ks/As:100|-100:DeepStack_20001|DeepStack_20000
STATE:746:cc/cc:Qs|Kh/Ah:-100|100:DeepStack_20000|DeepStack_20001
STATE:747:cr300f:Kh|Ah:-100|100:DeepStack_20001|DeepStack_20000
STATE:748:cr300f:Qh|As:-100|100:DeepStack_20000|DeepStack_20001
STATE:749:cc/cr300f:Kh|Qh/Qs:-100|100:DeepStack_20001|DeepStack_20000
STATE:750:cc/cc:Qs|Ks/As:-100|100:DeepStack_20000|DeepStack_20001
STATE:751:cr1200f:Qh|As:-100|100:DeepStack_20001|DeepStack_20000
STATE:752:cc/cr300c:As|Ks/Kh:-300|300:DeepStack_20000|DeepStack_20001
STATE:753:cc/r300f:As|Ks/Ah:100|-100:DeepStack_20001|DeepStack_20000
STATE:754:cr300r1200c/:As|Ah/Ks:0|0:DeepStack_20000|DeepStack_20001
STATE:755:cc/r300f:Ah|Qs/As:100|-100:DeepStack_20001|DeepStack_20000
STATE:756:cc/r300f:Ks|Qs/Ah:100|-100:DeepStack_20000|DeepStack_20001
STATE:757:cr300c/cc:Qh|Ah/Kh:-300|300:DeepStack_20001|DeepStack_20000
STATE:758:cr300f:Ks|Ah:-100|100:DeepStack_20000|DeepStack_20001
STATE:759:cc/cc:Ks|Kh/Qs:0|0:DeepStack_20001|DeepStack_20000
STATE:760:cc/cr300f:As|Qh/Kh:-100|100:DeepStack_20000|DeepStack_20001
STATE:761:cr300f:Ks|Kh:-100|100:DeepStack_20001|DeepStack_20000
STATE:762:cr300f:Qh|Kh:-100|100:DeepStack_20000|DeepStack_20001
STATE:763:cc/cc:Qh|Kh/Qs:100|-100:DeepStack_20001|DeepStack_20000
STATE:764:cc/cr300f:Ks|Kh/Qs:-100|100:DeepStack_20000|DeepStack_20001
STATE:765:cr300c/cr1200f:Qh|Ah/As:-300|300:DeepStack_20001|DeepStack_20000
STATE:766:r1200f:Ah|Qs:100|-100:DeepStack_20000|DeepStack_20001
STATE:767:cc/cc:Ah|Qs/Kh:100|-100:DeepStack_20001|DeepStack_20000
STATE:768:r1200c/:Ah|As/Qs:0|0:DeepStack_20000|DeepStack_20001
STATE:769:cc/cc:Qs|Ks/As:-100|100:DeepStack_20001|DeepStack_20000
STATE:770:cc/r300c:Qh|Kh/Ah:-300|300:DeepStack_20000|DeepStack_20001
STATE:771:cc/cc:Ah|Qh/Kh:100|-100:DeepStack_20001|DeepStack_20000
STATE:772:cc/cc:As|Qh/Ks:100|-100:DeepStack_20000|DeepStack_20001
STATE:773:cr300f:Ks|Ah:-100|100:DeepStack_20001|DeepStack_20000
STATE:774:r1200f:As|Ks:100|-100:DeepStack_20000|DeepStack_20001
STATE:775:cc/cc:Qs|Kh/Ah:-100|100:DeepStack_20001|DeepStack_20000
STATE:776:cc/cc:Ks|Kh/Qh:0|0:DeepStack_20000|DeepStack_20001
STATE:777:cc/cc:Qs|Ks/As:-100|100:DeepStack_20001|DeepStack_20000
STATE:778:cr300f:Kh|Ah:-100|100:DeepStack_20000|DeepStack_20001
STATE:779:r1200f:As|Qh:100|-100:DeepStack_20001|DeepStack_20000
STATE:780:cc/cc:Qh|Ks/Ah:-100|100:DeepStack_20000|DeepStack_20001
STATE:781:cc/cr1200f:Qh|Qs/As:-100|100:DeepStack_20001|DeepStack_20000
STATE:782:cr300c/r1200f:Kh|Ah/Ks:300|-300:DeepStack_20000|DeepStack_20001
STATE:783:cc/cr300r1200f:Qh|Kh/Qs:300|-300:DeepStack_20001|DeepStack_20000
STATE:784:cr300f:Qh|Ah:-100|100:DeepStack_20000|DeepStack_20001
STATE:785:r1200f:As|Qh:100|-100:DeepStack_20001|DeepStack_20000
STATE:786:r1200f:As|Qs:100|-100:DeepStack_20000|DeepStack_20001
STATE:787:cc/cc:As|Qs/Kh:100|-100:DeepStack_20001|DeepStack_20000
STATE:788:cr1200f:Kh|Ah:-100|100:DeepStack_20000|DeepStack_20001
STATE:789:cc/cr300c:Ah|Qs/Qh:-300|300:DeepStack_20001|DeepStack_20000
STATE:790:cc/r300c:Ah|Ks/As:300|-300:DeepStack_20000|DeepStack_20001
STATE:791:r1200f:Ah|Qh:100|-100:DeepStack_20001|DeepStack_20000
STATE:792:cc/cr300f:Kh|Qh/Qs:-100|100:DeepStack_20000|DeepStack_20001
STATE:793:cc/cr300f:Ks|Qh/Qs:-100|100:DeepStack_20001|DeepStack_20000
STATE:794:cr300f:Qh|As:-100|100:DeepStack_20000|DeepStack_20001
STATE:795:cc/cc:Qh|Qs/Ah:0|0:DeepStack_20001|DeepStack_20000
STATE:796:cc/cc:Qs|Qh/As:0|0:DeepStack_20000|DeepStack_20001
STATE:797:r1200f:As|Kh:100|-100:DeepStack_20001|DeepStack_20000
STATE:798:r1200f:Ah|Qh:100|-100:DeepStack_20000|DeepStack_20001
STATE:799:cr300c/cc:Kh|Ks/As:0|0:DeepStack_20001|DeepStack_20000
STATE:800:cc/r300f:Ks|Qh/As:100|-100:DeepStack_20000|DeepStack_20001
STATE:801:cr300f:Ks|Ah:-100|100:DeepStack_20001|DeepStack_20000
STATE:802:cr300f:Qs|Ah:-100|100:DeepStack_20000|DeepStack_20001
STATE:803:cc/cc:Qh|Kh/As:-100|100:DeepStack_20001|DeepStack_20000
STATE:804:cr300f:Ks|Qs:-100|100:DeepStack_20000|DeepStack_20001
STATE:805:cc/cr300f:As|Kh/Ks:-100|100:DeepStack_20001|DeepStack_20000
STATE:806:cc/cr300f:As|Qs/Qh:-100|100:DeepStack_20000|DeepStack_20001
STATE:807:r300c/cr900f:Qh|Kh/Ks:-300|300:DeepStack_20001|DeepStack_20000
STATE:808:cr300r1200f:Ah|Qh:300|-300:DeepStack_20000|DeepStack_20001
STATE:809:cr300f:Qh|Ah:-100|100:DeepStack_20001|DeepStack_20000
STATE:810:cr300c/cr1200f:Qs|Ks/As:-300|300:DeepStack_20000|DeepStack_20001
STATE:811:cr300f:Qh|Kh:-100|100:DeepStack_20001|DeepStack_20000
STATE:812:cc/cc:Qh|Ks/As:-100|100:DeepStack_20000|DeepStack_20001
STATE:813:cc/cc:Qs|Kh/Qh:100|-100:DeepStack_20001|DeepStack_20000
STATE:814:r1200f:As|Qh:100|-100:DeepStack_20000|DeepStack_20001
STATE:815:r300c/r900f:Ah|Qh/As:300|-300:DeepStack_20001|DeepStack_20000
STATE:816:cr300f:Qs|Ks:-100|100:DeepStack_20000|DeepStack_20001
STATE:817:cc/cc:As|Ks/Qh:100|-100:DeepStack_20001|DeepStack_20000
STATE:818:cc/cc:As|Ah/Ks:0|0:DeepStack_20000|DeepStack_20001
STATE:819:cr300r1200f:As|Ks:300|-300:DeepStack_20001|DeepStack_20000
STATE:820:cc/cr300c:Ah|Qs/Kh:300|-300:DeepStack_20000|DeepStack_20001
STATE:821:cc/cc:Ah|Qs/Ks:100|-100:DeepStack_20001|DeepStack_20000
STATE:822:r1200f:Ah|Qs:100|-100:DeepStack_20000|DeepStack_20001
STATE:823:cr300f:Qh|Ah:-100|100:DeepStack_20001|DeepStack_20000
STATE:824:cc/cr300r1200f:Qs|Kh/Qh:300|-300:DeepStack_20000|DeepStack_20001
STATE:825:cr300f:Qh|Ah:-100|100:DeepStack_20001|DeepStack_20000
STATE:826:cc/r300f:Kh|Qh/Ah:100|-100:DeepStack_20000|DeepStack_20001
STATE:827:cr300c/r1200f:Ah|As/Kh:300|-300:DeepStack_20001|DeepStack_20000
STATE:828:r1200f:Ah|Qs:100|-100:DeepStack_20000|DeepStack_20001
STATE:829:cc/cc:Kh|Ks/Qs:0|0:DeepStack_20001|DeepStack_20000
STATE:830:r1200f:Ah|Ks:100|-100:DeepStack_20000|DeepStack_20001
STATE:831:cc/cc:Qh|Ks/Ah:-100|100:DeepStack_20001|DeepStack_20000
STATE:832:cc/cc:Ks|Ah/Qh:-100|100:DeepStack_20000|DeepStack_20001
STATE:833:cc/cr300f:Qs|Qh/Kh:-100|100:DeepStack_20001|DeepStack_20000
STATE:834:cc/r300c:Ah|Kh/As:300|-300:DeepStack_20000|DeepStack_20001
STATE:835:cc/cc:Qh|Qs/Kh:0|0:DeepStack_20001|DeepStack_20000
STATE:836:cc/cr300f:Qs|Qh/Kh:-100|100:DeepStack_20000|DeepStack_20001
STATE:837:cr300r1200f:Ah|Ks:300|-300:DeepStack_20001|DeepStack_20000
STATE:838:cr300f:Qs|Ah:-100|100:DeepStack_20000|DeepStack_20001
STATE:839:cc/cc:Qh|Kh/As:-100|100:DeepStack_20001|DeepStack_20000
STATE:840:cr300f:Qs|As:-100|100:DeepStack_20000|DeepStack_20001
STATE:841:cr300f:Qh|Ks:-100|100:DeepStack_20001|DeepStack_20000
STATE:842:cr300r1200c/:Ah|As/Kh:0|0:DeepStack_20000|DeepStack_20001
STATE:843:cr300f:Kh|Ah:-100|100:DeepStack_20001|DeepStack_20000
STATE:844:cc/cc:Ks|Qs/Kh:100|-100:DeepStack_20000|DeepStack_20001
STATE:845:cr300c/cr1200f:As|Qs/Qh:-300|300:DeepStack_20001|DeepStack_20000
STATE:846:r300c/cc:Kh|Qh/Ah:300|-300:DeepStack_20000|DeepStack_20001
STATE:847:cc/cr300f:Qh|Ks/Kh:-100|100:DeepStack_20001|DeepStack_20000
STATE:848:r1200f:Ah|Qs:100|-100:DeepStack_20000|DeepStack_20001
STATE:849:cc/cc:As|Ks/Qh:100|-100:DeepStack_20001|DeepStack_20000
STATE:850:r300c/cr900f:As|Ks/Kh:-300|300:DeepStack_20000|DeepStack_20001
STATE:851:cr300f:Kh|As:-100|100:DeepStack_20001|DeepStack_20000
STATE:852:cc/r1200f:As|Qs/Ah:100|-100:DeepStack_20000|DeepStack_20001
STATE:853:cc/cc:Qh|Kh/As:-100|100:DeepStack_20001|DeepStack_20000
STATE:854:cc/cr300f:Kh|Qs/Qh:-100|100:DeepStack_20000|DeepStack_20001
STATE:855:cr300r1200c/:As|Ah/Qh:0|0:DeepStack_20001|DeepStack_20000
STATE:856:cc/cc:Qh|Ah/Ks:-100|100:DeepStack_20000|DeepStack_20001
STATE:857:cr300f:Ks|Kh:-100|100:DeepStack_20001|DeepStack_20000
STATE:858:cc/cr300f:Kh|Qh/Qs:-100|100:DeepStack_20000|DeepStack_20001
STATE:859:cr1200f:Kh|As:-100|100:DeepStack_20001|DeepStack_20000
STATE:860:cc/cc:As|Qh/Kh:100|-100:DeepStack_20000|DeepStack_20001
STATE:861:cr300f:Qh|As:-100|100:DeepStack_20001|DeepStack_20000
STATE:862:cc/cc:As|Qs/Ks:100|-100:DeepStack_20000|DeepStack_20001
STATE:863:cc/r300f:Kh|Qs/Ah:100|-100:DeepStack_20001|DeepStack_20000
STATE:864:cr300f:Kh|Qh:-100|100:DeepStack_20000|DeepStack_20001
STATE:865:cc/cc:Qs|Ks/Ah:-100|100:DeepStack_20001|DeepStack_20000
STATE:866:cr300f:Kh|As:-100|100:DeepStack_20000|DeepStack_20001
STATE:867:cc/cc:Kh|Ks/Qs:0|0:DeepStack_20001|DeepStack_20000
STATE:868:cr300f:Ks|As:-100|100:DeepStack_20000|DeepStack_20001
STATE:869:r1200c/:As|Ah/Ks:0|0:DeepStack_20001|DeepStack_20000
STATE:870:cr300f:Qh|As:-100|100:DeepStack_20000|DeepStack_20001
STATE:871:cr300f:Qs|Ah:-100|100:DeepStack_20001|DeepStack_20000
STATE:872:cc/cr300f:Kh|Qh/Qs:-100|100:DeepStack_20000|DeepStack_20001
STATE:873:r1200f:Ah|Qh:100|-100:DeepStack_20001|DeepStack_20000
STATE:874:r1200f:As|Qs:100|-100:DeepStack_20000|DeepStack_20001
STATE:875:cc/cc:As|Qs/Kh:100|-100:DeepStack_20001|DeepStack_20000
STATE:876:cr300c/cc:Ks|Ah/Kh:300|-300:DeepStack_20000|DeepStack_20001
STATE:877:cc/cc:Qs|Ks/As:-100|100:DeepStack_20001|DeepStack_20000
STATE:878:cr300f:Qs|Ah:-100|100:DeepStack_20000|DeepStack_20001
STATE:879:cc/cc:Qs|Ks/As:-100|100:DeepStack_20001|DeepStack_20000
STATE:880:cc/cc:As|Kh/Qh:100|-100:DeepStack_20000|DeepStack_20001
STATE:881:cr300f:Ks|Ah:-100|100:DeepStack_20001|DeepStack_20000
STATE:882:r1200f:Ah|Qs:100|-100:DeepStack_20000|DeepStack_20001
STATE:883:cr300f:Kh|Ah:-100|100:DeepStack_20001|DeepStack_20000
STATE:884:cr300f:Ks|As:-100|100:DeepStack_20000|DeepStack_20001
STATE:885:cr300f:Ks|As:-100|100:DeepStack_20001|DeepStack_20000
STATE:886:r1200f:As|Qh:100|-100:DeepStack_20000|DeepStack_20001
STATE:887:cr300c/r900r1200c:As|Ks/Kh:-1200|1200:DeepStack_20001|DeepStack_20000
STATE:888:cr300r1200f:As|Kh:300|-300:DeepStack_20000|DeepStack_20001
STATE:889:r300c/cc:Ah|As/Qs:0|0:DeepStack_20001|DeepStack_20000
STATE:890:cr300f:Qs|Qh:-100|100:DeepStack_20000|DeepStack_20001
STATE:891:cc/cr300f:Qs|Kh/Ks:-100|100:DeepStack_20001|DeepStack_20000
STATE:892:r1200f:Ah|Kh:100|-100:DeepStack_20000|DeepStack_20001
STATE:893:cc/cc:Ks|Qs/Kh:100|-100:DeepStack_20001|DeepStack_20000
STATE:894:r1200c/:Ah|As/Qs:0|0:DeepStack_20000|DeepStack_20001
STATE:895:r1200f:As|Ks:100|-100:DeepStack_20001|DeepStack_20000
STATE:896:cr300f:Ks|As:-100|100:DeepStack_20000|DeepStack_20001
STATE:897:cr1200f:Qh|As:-100|100:DeepStack_20001|DeepStack_20000
STATE:898:cr300c/cr1200f:Qs|As/Kh:-300|300:DeepStack_20000|DeepStack_20001
STATE:899:cc/cr300f:As|Kh/Ks:-100|100:DeepStack_20001|DeepStack_20000
STATE:900:cc/r300f:Ah|Qs/As:100|-100:DeepStack_20000|DeepStack_20001
STATE:901:cr300f:Ks|Ah:-100|100:DeepStack_20001|DeepStack_20000
STATE:902:cc/cr300f:As|Qs/Qh:-100|100:DeepStack_20000|DeepStack_20001
STATE:903:cc/cr300c:Ah|Qh/Qs:-300|300:DeepStack_20001|DeepStack_20000
STATE:904:cc/cc:Qs|Qh/As:0|0:DeepStack_20000|DeepStack_20001
STATE:905:cc/cr300r1200f:Ks|Qs/Kh:300|-300:DeepStack_20001|DeepStack_20000
STATE:906:cc/cr300f:Ks|Qs/Qh:-100|100:DeepStack_20000|DeepStack_20001
STATE:907:cr300c/cc:Ks|As/Qs:-300|300:DeepStack_20001|DeepStack_20000
STATE:908:cc/cc:Ah|Ks/Qs:100|-100:DeepStack_20000|DeepStack_20001
STATE:909:cr300f:Qh|Qs:-100|100:DeepStack_20001|DeepStack_20000
STATE:910:cr300f:Ks|Ah:-100|100:DeepStack_20000|DeepStack_20001
STATE:911:cr300c/cc:Qs|Ah/Ks:-300|300:DeepStack_20001|DeepStack_20000
STATE:912:cc/cc:As|Qh/Kh:100|-100:DeepStack_20000|DeepStack_20001
STATE:913:r1200c/:As|Ah/Kh:0|0:DeepStack_20001|DeepStack_20000
STATE:914:cr300f:Qh|Ah:-100|100:DeepStack_20000|DeepStack_20001
STATE:915:r1200f:Ah|Ks:100|-100:DeepStack_20001|DeepStack_20000
STATE:916:cc/cc:Ah|Ks/Qh:100|-100:DeepStack_20000|DeepStack_20001
STATE:917:cc/cr300f:Ks|Qs/Qh:-100|100:DeepStack_20001|DeepStack_20000
STATE:918:cc/cc:Ks|Qs/As:100|-100:DeepStack_20000|DeepStack_20001
STATE:919:r1200f:Ah|Kh:100|-100:DeepStack_20001|DeepStack_20000
STATE:920:r1200f:As|Qh:100|-100:DeepStack_20000|DeepStack_20001
STATE:921:cc/cc:As|Qh/Kh:100|-100:DeepStack_20001|DeepStack_20000
STATE:922:cc/cc:Qh|Qs/Ks:0|0:DeepStack_20000|DeepStack_20001
STATE:923:r1200c/:As|Ah/Qh:0|0:DeepStack_20001|DeepStack_20000
STATE:924:cr300f:Ks|Qh:-100|100:DeepStack_20000|DeepStack_20001
STATE:925:r1200f:As|Kh:100|-100:DeepStack_20001|DeepStack_20000
STATE:926:cr300r1200c/:As|Ah/Kh:0|0:DeepStack_20000|DeepStack_20001
STATE:927:cc/cc:Kh|Ks/Qh:0|0:DeepStack_20001|DeepStack_20000
STATE:928:cc/cc:Qh|Kh/Qs:100|-100:DeepStack_20000|DeepStack_20001
STATE:929:cr300c/r1200c:Qs|Ah/Ks:-1200|1200:DeepStack_20001|DeepStack_20000
STATE:930:cc/cc:Qh|Ks/Ah:-100|100:DeepStack_20000|DeepStack_20001
STATE:931:cc/cr300f:As|Kh/Qh:-100|100:DeepStack_20001|DeepStack_20000
STATE:932:r1200f:Ah|Qs:100|-100:DeepStack_20000|DeepStack_20001
STATE:933:cc/cc:Ks|As/Qh:-100|100:DeepStack_20001|DeepStack_20000
STATE:934:r300f:Ah|Qh:100|-100:DeepStack_20000|DeepStack_20001
STATE:935:cc/cc:Qs|Qh/As:0|0:DeepStack_20001|DeepStack_20000
STATE:936:cc/cc:Qh|Qs/As:0|0:DeepStack_20000|DeepStack_20001
STATE:937:cr300f:Qh|Ks:-100|100:DeepStack_20001|DeepStack_20000
STATE:938:cr300f:Qs|As:-100|100:DeepStack_20000|DeepStack_20001
STATE:939:cr300c/cr900r1200f:Ah|Qh/As:900|-900:DeepStack_20001|DeepStack_20000
STATE:940:cc/cc:As|Qs/Ks:100|-100:DeepStack_20000|DeepStack_20001
STATE:941:cc/cc:Qh|Ks/As:-100|100:DeepStack_20001|DeepStack_20000
STATE:942:cr300f:Qh|As:-100|100:DeepStack_20000|DeepStack_20001
STATE:943:cr300c/cr1200f:Kh|As/Ah:-300|300:DeepStack_20001|DeepStack_20000
STATE:944:cr300f:Qs|Ah:-100|100:DeepStack_20000|DeepStack_20001
STATE:945:cc/cc:Qs|Qh/Ah:0|0:DeepStack_20001|DeepStack_20000
STATE:946:cc/cc:Ah|Ks/Qh:100|-100:DeepStack_20000|DeepStack_20001
STATE:947:cr300f:Ks|Kh:-100|100:DeepStack_20001|DeepStack_20000
STATE:948:r1200f:Ah|Qh:100|-100:DeepStack_20000|DeepStack_20001
STATE:949:cr300f:Qh|Qs:-100|100:DeepStack_20001|DeepStack_20000
STATE:950:cc/cc:Qs|Qh/Ks:0|0:DeepStack_20000|DeepStack_20001
STATE:951:cc/r300f:Ah|Qs/As:100|-100:DeepStack_20001|DeepStack_20000
STATE:952:cc/cc:Kh|Ks/Qh:0|0:DeepStack_20000|DeepStack_20001
STATE:953:r1200f:Ah|Qh:100|-100:DeepStack_20001|DeepStack_20000
STATE:954:cr300f:Kh|Ah:-100|100:DeepStack_20000|DeepStack_20001
STATE:955:r1200c/:Ah|As/Qs:0|0:DeepStack_20001|DeepStack_20000
STATE:956:cr300f:Ks|As:-100|100:DeepStack_20000|DeepStack_20001
STATE:957:cc/cr300f:As|Qh/Qs:-100|100:DeepStack_20001|DeepStack_20000
STATE:958:r1200c/:Ah|As/Qs:0|0:DeepStack_20000|DeepStack_20001
STATE:959:cr300r1200f:Ah|Qs:300|-300:DeepStack_20001|DeepStack_20000
STATE:960:cr300r1200c/:As|Ah/Ks:0|0:DeepStack_20000|DeepStack_20001
STATE:961:cc/cr300f:Qs|Qh/Kh:-100|100:DeepStack_20001|DeepStack_20000
STATE:962:cr300r1200c/:As|Ah/Kh:0|0:DeepStack_20000|DeepStack_20001
STATE:963:cc/cr300c:Ah|Kh/Ks:-300|300:DeepStack_20001|DeepStack_20000
STATE:964:cr300f:Ks|Ah:-100|100:DeepStack_20000|DeepStack_20001
STATE:965:cc/cc:As|Qh/Kh:100|-100:DeepStack_20001|DeepStack_20000
STATE:966:cc/cr300r1200f:Qs|Ks/Qh:300|-300:DeepStack_20000|DeepStack_20001
STATE:967:cc/cr300f:As|Qs/Qh:-100|100:DeepStack_20001|DeepStack_20000
STATE:968:cr300c/r1200f:Qh|Ah/Ks:300|-300:DeepStack_20000|DeepStack_20001
STATE:969:cr300f:Qs|Ah:-100|100:DeepStack_20001|DeepStack_20000
STATE:970:r1200f:Ah|Qh:100|-100:DeepStack_20000|DeepStack_20001
STATE:971:r1200f:Ah|Ks:100|-100:DeepStack_20001|DeepStack_20000
STATE:972:cc/cc:Qs|Qh/Ah:0|0:DeepStack_20000|DeepStack_20001
STATE:973:cr300f:Qh|As:-100|100:DeepStack_20001|DeepStack_20000
STATE:974:r300r900f:Ks|Qh:-300|300:DeepStack_20000|DeepStack_20001
STATE:975:cc/cc:As|Qs/Kh:100|-100:DeepStack_20001|DeepStack_20000
STATE:976:cr300f:Kh|Ah:-100|100:DeepStack_20000|DeepStack_20001
STATE:977:cc/r300f:Ks|Qs/Ah:100|-100:DeepStack_20001|DeepStack_20000
STATE:978:r1200c/:Ah|As/Kh:0|0:DeepStack_20000|DeepStack_20001
STATE:979:cr300c/r1200c:Ks|As/Kh:1200|-1200:DeepStack_20001|DeepStack_20000
STATE:980:r1200f:As|Kh:100|-100:DeepStack_20000|DeepStack_20001
STATE:981:cc/r300c:Ks|Kh/As:0|0:DeepStack_20001|DeepStack_20000
STATE:982:cr300f:Kh|Ah:-100|100:DeepStack_20000|DeepStack_20001
STATE:983:cr300r1200c/:As|Ah/Ks:0|0:DeepStack_20001|DeepStack_20000
STATE:984:cc/cr1200f:Qh|Ah/As:-100|100:DeepStack_20000|DeepStack_20001
STATE:985:cc/cc:Ah|Ks/Qh:100|-100:DeepStack_20001|DeepStack_20000
STATE:986:cc/cr300f:Qh|Qs/Ks:-100|100:DeepStack_20000|DeepStack_20001
STATE:987:cr300f:Kh|Ah:-100|100:DeepStack_20001|DeepStack_20000
STATE:988:cr300c/r900f:Ah|As/Qh:300|-300:DeepStack_20000|DeepStack_20001
STATE:989:cc/cc:Qs|Kh/As:-100|100:DeepStack_20001|DeepStack_20000
STATE:990:cc/r300f:Kh|Ks/As:100|-100:DeepStack_20000|DeepStack_20001
STATE:991:cr300f:Ks|As:-100|100:DeepStack_20001|DeepStack_20000
STATE:992:cc/cc:Qs|Ah/Qh:100|-100:DeepStack_20000|DeepStack_20001
STATE:993:cr300f:Qh|As:-100|100:DeepStack_20001|DeepStack_20000
STATE:994:r1200f:As|Qs:100|-100:DeepStack_20000|DeepStack_20001
STATE:995:r300c/cc:Ah|Kh/As:300|-300:DeepStack_20001|DeepStack_20000
STATE:996:cc/cc:Qs|Qh/Kh:0|0:DeepStack_20000|DeepStack_20001
STATE:997:cc/cr300f:Kh|Qs/Qh:-100|100:DeepStack_20001|DeepStack_20000
STATE:998:cr300f:Qh|Ks:-100|100:DeepStack_20000|DeepStack_20001
STATE:999:r1200f:As|Qh:100|-100:DeepStack_20001|DeepStack_20000
SCORE:7600|-7600:DeepStack_20000|DeepStack_20001
