# name/game/hands/seed c6_dp_dp_1k leduc.game 1000 66
#--t_response 600000
#--t_hand 600000
#--t_per_hand 7000
STATE:0:cr300c/r1200c:Ks|Ah/Qs:-1200|1200:DeepStack_20000|DeepStack_20001
STATE:1:cc/r300f:Kh|Ks/As:100|-100:DeepStack_20001|DeepStack_20000
STATE:2:cr1200f:Kh|As:-100|100:DeepStack_20000|DeepStack_20001
STATE:3:cr300c/cr1200f:Kh|Ah/As:-300|300:DeepStack_20001|DeepStack_20000
STATE:4:r1200c/:Ah|As/Kh:0|0:DeepStack_20000|DeepStack_20001
STATE:5:cc/cr300f:Kh|Qh/Qs:-100|100:DeepStack_20001|DeepStack_20000
STATE:6:cc/cr300r900f:Kh|Qs/Ks:300|-300:DeepStack_20000|DeepStack_20001
STATE:7:cr300f:Qs|As:-100|100:DeepStack_20001|DeepStack_20000
STATE:8:r1200f:Ah|Kh:100|-100:DeepStack_20000|DeepStack_20001
STATE:9:cr300f:Qh|As:-100|100:DeepStack_20001|DeepStack_20000
STATE:10:cr300f:Qs|Kh:-100|100:DeepStack_20000|DeepStack_20001
STATE:11:r1200c/:Ah|As/Kh:0|0:DeepStack_20001|DeepStack_20000
STATE:12:cc/cc:Ks|Qh/Kh:100|-100:DeepStack_20000|DeepStack_20001
STATE:13:cc/cc:Qh|Ks/As:-100|100:DeepStack_20001|DeepStack_20000
STATE:14:cr300f:Qh|Ah:-100|100:DeepStack_20000|DeepStack_20001
STATE:15:cr300f:Ks|Ah:-100|100:DeepStack_20001|DeepStack_20000
STATE:16:r1200f:As|Ks:100|-100:DeepStack_20000|DeepStack_20001
STATE:17:r1200f:Ah|Qh:100|-100:DeepStack_20001|DeepStack_20000
STATE:18:cc/cc:Qh|Ks/Ah:-100|100:DeepStack_20000|DeepStack_20001
STATE:19:r1200c/:As|Ah/Qh:0|0:DeepStack_20001|DeepStack_20000
STATE:20:r1200f:Ah|Qh:100|-100:DeepStack_20000|DeepStack_20001
STATE:21:cr300c/cr1200f:Kh|Ah/As:-300|300:DeepStack_20001|DeepStack_20000
STATE:22:cr300c/cc:Qh|Ks/Ah:-300|300:DeepStack_20000|DeepStack_20001
STATE:23:cc/cc:Ks|Qs/Kh:100|-100:DeepStack_20001|DeepStack_20000
STATE:24:cc/cc:Qh|Ks/As:-100|100:DeepStack_20000|DeepStack_20001
STATE:25:cc/cc:Ks|Qs/As:100|-100:DeepStack_20001|DeepStack_20000
STATE:26:r1200c/:As|Ah/Kh:0|0:DeepStack_20000|DeepStack_20001
STATE:27:cc/cr300f:As|Kh/Ks:-100|100:DeepStack_20001|DeepStack_20000
STATE:28:cr300c/cr1200f:Qh|As/Ah:-300|300:DeepStack_20000|DeepStack_20001
STATE:29:cr300c/r1200c:Kh|Ah/Ks:1200|-1200:DeepStack_20001|DeepStack_20000
STATE:30:r1200f:Ah|Qs:100|-100:DeepStack_20000|DeepStack_20001
STATE:31:cc/cc:Qs|Ks/Ah:-100|100:DeepStack_20001|DeepStack_20000
STATE:32:cr300f:Ks|Ah:-100|100:DeepStack_20000|DeepStack_20001
STATE:33:cr300f:Ks|As:-100|100:DeepStack_20001|DeepStack_20000
STATE:34:cr300f:Qh|As:-100|100:DeepStack_20000|DeepStack_20001
STATE:35:r1200f:Ah|Qs:100|-100:DeepStack_20001|DeepStack_20000
STATE:36:r1200f:As|Qs:100|-100:DeepStack_20000|DeepStack_20001
STATE:37:cr300f:Qh|Qs:-100|100:DeepStack_20001|DeepStack_20000
STATE:38:cr300f:Qh|Ah:-100|100:DeepStack_20000|DeepStack_20001
STATE:39:cr300c/cr1200f:Ks|Qh/As:-300|300:DeepStack_20001|DeepStack_20000
STATE:40:r1200f:As|Qh:100|-100:DeepStack_20000|DeepStack_20001
STATE:41:r1200f:Ah|Qh:100|-100:DeepStack_20001|DeepStack_20000
STATE:42:cr300c/r1200c:Qh|Ah/Ks:-1200|1200:DeepStack_20000|DeepStack_20001
STATE:43:r1200f:Ah|Ks:100|-100:DeepStack_20001|DeepStack_20000
STATE:44:cc/cc:Qs|Kh/As:-100|100:DeepStack_20000|DeepStack_20001
STATE:45:cr300r1200f:As|Qs:300|-300:DeepStack_20001|DeepStack_20000
STATE:46:cr300f:Qh|As:-100|100:DeepStack_20000|DeepStack_20001
STATE:47:cr300c/r1200c:Qs|Ah/Kh:-1200|1200:DeepStack_20001|DeepStack_20000
STATE:48:r300c/cc:Kh|Qs/As:300|-300:DeepStack_20000|DeepStack_20001
STATE:49:r300c/cc:As|Ks/Ah:300|-300:DeepStack_20001|DeepStack_20000
STATE:50:cc/cc:Qh|Qs/Ah:0|0:DeepStack_20000|DeepStack_20001
STATE:51:cr1200f:Ks|Ah:-100|100:DeepStack_20001|DeepStack_20000
STATE:52:cr300f:Qs|Ah:-100|100:DeepStack_20000|DeepStack_20001
STATE:53:cc/cc:Qs|Qh/Ah:0|0:DeepStack_20001|DeepStack_20000
STATE:54:cr300f:Qh|Ah:-100|100:DeepStack_20000|DeepStack_20001
STATE:55:cr300f:Kh|Ah:-100|100:DeepStack_20001|DeepStack_20000
STATE:56:r1200f:Ah|Qs:100|-100:DeepStack_20000|DeepStack_20001
STATE:57:cr300f:Qh|As:-100|100:DeepStack_20001|DeepStack_20000
STATE:58:cr300r1200c/:As|Ah/Ks:0|0:DeepStack_20000|DeepStack_20001
STATE:59:cc/cc:Qh|Ks/Ah:-100|100:DeepStack_20001|DeepStack_20000
STATE:60:cc/cr300f:Qs|Kh/Ks:-100|100:DeepStack_20000|DeepStack_20001
STATE:61:r1200f:Ah|Kh:100|-100:DeepStack_20001|DeepStack_20000
STATE:62:cc/r300f:As|Qs/Ah:100|-100:DeepStack_20000|DeepStack_20001
STATE:63:cr300f:Qs|As:-100|100:DeepStack_20001|DeepStack_20000
STATE:64:r300c/cc:Ah|Qs/Kh:300|-300:DeepStack_20000|DeepStack_20001
STATE:65:r1200f:Ah|Ks:100|-100:DeepStack_20001|DeepStack_20000
STATE:66:cc/cr300f:Kh|Qs/Qh:-100|100:DeepStack_20000|DeepStack_20001
STATE:67:r1200c/:Ah|As/Qh:0|0:DeepStack_20001|DeepStack_20000
STATE:68:cr300r1200f:As|Qs:300|-300:DeepStack_20000|DeepStack_20001
STATE:69:cc/r300c:Kh|Ks/Ah:0|0:DeepStack_20001|DeepStack_20000
STATE:70:r300c/cr1200c:As|Ks/Kh:-1200|1200:DeepStack_20000|DeepStack_20001
STATE:71:cr300f:Qh|Ah:-100|100:DeepStack_20001|DeepStack_20000
STATE:72:cr300c/cr1200f:Kh|Ah/Qh:-300|300:DeepStack_20000|DeepStack_20001
STATE:73:cr300c/cc:Qs|Ah/Ks:-300|300:DeepStack_20001|DeepStack_20000
STATE:74:r1200f:Ah|Qh:100|-100:DeepStack_20000|DeepStack_20001
STATE:75:cc/cc:Kh|As/Ks:100|-100:DeepStack_20001|DeepStack_20000
STATE:76:r1200f:Ah|Qh:100|-100:DeepStack_20000|DeepStack_20001
STATE:77:cc/cr300f:Ks|Qh/Qs:-100|100:DeepStack_20001|DeepStack_20000
STATE:78:r1200c/:Ah|As/Ks:0|0:DeepStack_20000|DeepStack_20001
STATE:79:cr1200f:Kh|As:-100|100:DeepStack_20001|DeepStack_20000
STATE:80:cc/cc:Ks|Qh/Kh:100|-100:DeepStack_20000|DeepStack_20001
STATE:81:cc/cc:Qh|Kh/Ah:-100|100:DeepStack_20001|DeepStack_20000
STATE:82:cr300f:Qh|Ah:-100|100:DeepStack_20000|DeepStack_20001
STATE:83:cr300r1200f:Ah|Kh:300|-300:DeepStack_20001|DeepStack_20000
STATE:84:cr300f:Qs|Qh:-100|100:DeepStack_20000|DeepStack_20001
STATE:85:r1200f:Ah|Qh:100|-100:DeepStack_20001|DeepStack_20000
STATE:86:cr300c/r1200f:Kh|Ks/Qs:300|-300:DeepStack_20000|DeepStack_20001
STATE:87:r1200f:Ah|Qh:100|-100:DeepStack_20001|DeepStack_20000
STATE:88:cc/cr300f:Qs|Kh/Ks:-100|100:DeepStack_20000|DeepStack_20001
STATE:89:cr300r1200f:As|Ks:300|-300:DeepStack_20001|DeepStack_20000
STATE:90:cc/cr300f:Qh|Ks/Kh:-100|100:DeepStack_20000|DeepStack_20001
STATE:91:cc/cc:Qh|Ks/Ah:-100|100:DeepStack_20001|DeepStack_20000
STATE:92:cc/cr300c:As|Ks/Kh:-300|300:DeepStack_20000|DeepStack_20001
STATE:93:cr300f:Ks|Qh:-100|100:DeepStack_20001|DeepStack_20000
STATE:94:cr300r1200c/:Ah|As/Ks:0|0:DeepStack_20000|DeepStack_20001
STATE:95:cr300f:Qs|Ah:-100|100:DeepStack_20001|DeepStack_20000
STATE:96:cc/cc:Qs|Kh/Ah:-100|100:DeepStack_20000|DeepStack_20001
STATE:97:cc/cc:Ah|Kh/Qh:100|-100:DeepStack_20001|DeepStack_20000
STATE:98:r300r1200f:Kh|As:-300|300:DeepStack_20000|DeepStack_20001
STATE:99:cc/cc:Kh|Qh/As:100|-100:DeepStack_20001|DeepStack_20000
STATE:100:r300c/r1200f:Ah|Qh/As:300|-300:DeepStack_20000|DeepStack_20001
STATE:101:cc/cr300r1200f:Kh|Qs/Ks:300|-300:DeepStack_20001|DeepStack_20000
STATE:102:cr300f:Qs|Ks:-100|100:DeepStack_20000|DeepStack_20001
STATE:103:cc/r300f:Ah|Ks/As:100|-100:DeepStack_20001|DeepStack_20000
STATE:104:cc/cr300f:Ah|Ks/Qh:-100|100:DeepStack_20000|DeepStack_20001
STATE:105:cr300r1200c/:As|Ah/Qh:0|0:DeepStack_20001|DeepStack_20000
STATE:106:cc/cc:Kh|Ks/Qh:0|0:DeepStack_20000|DeepStack_20001
STATE:107:cc/cc:Ks|Qs/Kh:100|-100:DeepStack_20001|DeepStack_20000
STATE:108:cc/cc:Ks|Kh/Qs:0|0:DeepStack_20000|DeepStack_20001
STATE:109:cr300f:Qs|Qh:-100|100:DeepStack_20001|DeepStack_20000
STATE:110:r1200f:Ah|Qh:100|-100:DeepStack_20000|DeepStack_20001
STATE:111:cc/cc:Ks|Ah/Kh:100|-100:DeepStack_20001|DeepStack_20000
STATE:112:cr300f:Qh|As:-100|100:DeepStack_20000|DeepStack_20001
STATE:113:cc/cr300f:Qs|Kh/Ks:-100|100:DeepStack_20001|DeepStack_20000
STATE:114:r1200f:Ah|Qh:100|-100:DeepStack_20000|DeepStack_20001
STATE:115:cc/cc:Qs|Kh/Ah:-100|100:DeepStack_20001|DeepStack_20000
STATE:116:cc/cc:Qh|Qs/Kh:0|0:DeepStack_20000|DeepStack_20001
STATE:117:cc/cc:Qs|Kh/As:-100|100:DeepStack_20001|DeepStack_20000
STATE:118:cc/cc:As|Qs/Ks:100|-100:DeepStack_20000|DeepStack_20001
STATE:119:cc/cc:Qh|Qs/Ah:0|0:DeepStack_20001|DeepStack_20000
STATE:120:cr300c/cr1200f:Qh|Kh/As:-300|300:DeepStack_20000|DeepStack_20001
STATE:121:cc/cc:As|Qs/Kh:100|-100:DeepStack_20001|DeepStack_20000
STATE:122:cc/cc:Kh|Qh/As:100|-100:DeepStack_20000|DeepStack_20001
STATE:123:cc/cr300r900f:Qs|Ks/Qh:300|-300:DeepStack_20001|DeepStack_20000
STATE:124:cr300f:Qh|As:-100|100:DeepStack_20000|DeepStack_20001
STATE:125:cc/cr300f:Qh|Ks/Kh:-100|100:DeepStack_20001|DeepStack_20000
STATE:126:r1200f:As|Kh:100|-100:DeepStack_20000|DeepStack_20001
STATE:127:cr300f:Qh|As:-100|100:DeepStack_20001|DeepStack_20000
STATE:128:r1200f:Ah|Ks:100|-100:DeepStack_20000|DeepStack_20001
STATE:129:cc/cr300f:Ah|Ks/Qs:-100|100:DeepStack_20001|DeepStack_20000
STATE:130:cr300c/r1200f:Kh|As/Ks:300|-300:DeepStack_20000|DeepStack_20001
STATE:131:cc/cr300c:Kh|Ah/As:-300|300:DeepStack_20001|DeepStack_20000
STATE:132:cr300r1200f:Ah|Ks:300|-300:DeepStack_20000|DeepStack_20001
STATE:133:cc/r300f:Ah|Kh/As:100|-100:DeepStack_20001|DeepStack_20000
STATE:134:cc/cr300f:As|Kh/Qh:-100|100:DeepStack_20000|DeepStack_20001
STATE:135:cc/r300f:Kh|Qs/As:100|-100:DeepStack_20001|DeepStack_20000
STATE:136:r1200f:Ah|Kh:100|-100:DeepStack_20000|DeepStack_20001
STATE:137:cr1200f:Kh|As:-100|100:DeepStack_20001|DeepStack_20000
STATE:138:cc/cc:Kh|Qs/Ks:100|-100:DeepStack_20000|DeepStack_20001
STATE:139:cr300c/r900f:Qs|As/Qh:300|-300:DeepStack_20001|DeepStack_20000
STATE:140:cc/cr300f:Ah|Ks/Qs:-100|100:DeepStack_20000|DeepStack_20001
STATE:141:cr300f:Qs|Qh:-100|100:DeepStack_20001|DeepStack_20000
STATE:142:r1200f:As|Ks:100|-100:DeepStack_20000|DeepStack_20001
STATE:143:r1200f:Ah|Qh:100|-100:DeepStack_20001|DeepStack_20000
STATE:144:cc/cc:Qh|Qs/As:0|0:DeepStack_20000|DeepStack_20001
STATE:145:cc/cr300f:Ks|Qh/Qs:-100|100:DeepStack_20001|DeepStack_20000
STATE:146:cc/cc:Qs|Ks/Qh:100|-100:DeepStack_20000|DeepStack_20001
STATE:147:cc/cr300f:As|Qh/Qs:-100|100:DeepStack_20001|DeepStack_20000
STATE:148:cc/cc:Ks|Kh/Qs:0|0:DeepStack_20000|DeepStack_20001
STATE:149:cr1200f:Kh|As:-100|100:DeepStack_20001|DeepStack_20000
STATE:150:cc/cc:As|Qh/Ks:100|-100:DeepStack_20000|DeepStack_20001
STATE:151:cc/cr300r1200f:Qs|Ks/Qh:300|-300:DeepStack_20001|DeepStack_20000
STATE:152:cc/cr1200f:Ks|Kh/Ah:-100|100:DeepStack_20000|DeepStack_20001
STATE:153:cr1200f:Kh|As:-100|100:DeepStack_20001|DeepStack_20000
STATE:154:r1200f:Ah|Ks:100|-100:DeepStack_20000|DeepStack_20001
STATE:155:cr300f:Qh|As:-100|100:DeepStack_20001|DeepStack_20000
STATE:156:cc/r300c:Kh|Ks/Ah:0|0:DeepStack_20000|DeepStack_20001
STATE:157:cc/cr300r1200f:Ks|Qs/Kh:300|-300:DeepStack_20001|DeepStack_20000
STATE:158:cr300c/r1200f:Qh|Kh/Qs:300|-300:DeepStack_20000|DeepStack_20001
STATE:159:cc/cc:Kh|Qh/Ks:100|-100:DeepStack_20001|DeepStack_20000
STATE:160:cr300r1200c/:As|Ah/Kh:0|0:DeepStack_20000|DeepStack_20001
STATE:161:cc/r300c:As|Kh/Ah:300|-300:DeepStack_20001|DeepStack_20000
STATE:162:cr1200f:Qh|As:-100|100:DeepStack_20000|DeepStack_20001
STATE:163:cr300r1200c/:As|Ah/Kh:0|0:DeepStack_20001|DeepStack_20000
STATE:164:r1200c/:Ah|As/Ks:0|0:DeepStack_20000|DeepStack_20001
STATE:165:cc/cr300f:Kh|Qh/Qs:-100|100:DeepStack_20001|DeepStack_20000
STATE:166:cc/cc:As|Kh/Qs:100|-100:DeepStack_20000|DeepStack_20001
STATE:167:cr300c/cr900f:Ks|Qs/As:-300|300:DeepStack_20001|DeepStack_20000
STATE:168:r1200f:Ah|Qh:100|-100:DeepStack_20000|DeepStack_20001
STATE:169:cc/cc:Qh|Ks/Ah:-100|100:DeepStack_20001|DeepStack_20000
STATE:170:r1200f:Ah|Qs:100|-100:DeepStack_20000|DeepStack_20001
STATE:171:r1200f:As|Qs:100|-100:DeepStack_20001|DeepStack_20000
STATE:172:cc/cc:Kh|Ah/Ks:100|-100:DeepStack_20000|DeepStack_20001
STATE:173:cr300r1200f:Ah|Ks:300|-300:DeepStack_20001|DeepStack_20000
STATE:174:cc/r300f:Qs|Qh/Ah:100|-100:DeepStack_20000|DeepStack_20001
STATE:175:cc/r300f:Kh|Ks/As:100|-100:DeepStack_20001|DeepStack_20000
STATE:176:cc/cc:Ks|Kh/As:0|0:DeepStack_20000|DeepStack_20001
STATE:177:cc/cc:Ks|Qs/As:100|-100:DeepStack_20001|DeepStack_20000
STATE:178:cc/cr300f:Ks|Qs/Qh:-100|100:DeepStack_20000|DeepStack_20001
STATE:179:cr300f:Ks|As:-100|100:DeepStack_20001|DeepStack_20000
STATE:180:cr300f:Qh|Ah:-100|100:DeepStack_20000|DeepStack_20001
STATE:181:cc/cc:Qh|Kh/As:-100|100:DeepStack_20001|DeepStack_20000
STATE:182:cr300r1200f:Ah|Qh:300|-300:DeepStack_20000|DeepStack_20001
STATE:183:r1200c/:As|Ah/Ks:0|0:DeepStack_20001|DeepStack_20000
STATE:184:cc/cc:Qs|Qh/Ah:0|0:DeepStack_20000|DeepStack_20001
STATE:185:cc/cc:Qh|Qs/Kh:0|0:DeepStack_20001|DeepStack_20000
STATE:186:cr300c/cr1200c:Ks|Ah/As:-1200|1200:DeepStack_20000|DeepStack_20001
STATE:187:cc/cc:Qs|Ks/Qh:100|-100:DeepStack_20001|DeepStack_20000
STATE:188:r1200f:Ah|Qh:100|-100:DeepStack_20000|DeepStack_20001
STATE:189:cr300f:Qs|Ah:-100|100:DeepStack_20001|DeepStack_20000
STATE:190:cr300f:Kh|As:-100|100:DeepStack_20000|DeepStack_20001
STATE:191:r1200f:Ah|Qh:100|-100:DeepStack_20001|DeepStack_20000
STATE:192:cr300f:Kh|Ah:-100|100:DeepStack_20000|DeepStack_20001
STATE:193:cc/cr300f:Ks|Kh/Qh:-100|100:DeepStack_20001|DeepStack_20000
STATE:194:r1200f:Ah|Qs:100|-100:DeepStack_20000|DeepStack_20001
STATE:195:cr300r1200f:Ah|Qh:300|-300:DeepStack_20001|DeepStack_20000
STATE:196:cc/cc:Qh|Ks/Qs:100|-100:DeepStack_20000|DeepStack_20001
STATE:197:cr300f:Qs|Kh:-100|100:DeepStack_20001|DeepStack_20000
STATE:198:cc/cc:Qs|Kh/Qh:100|-100:DeepStack_20000|DeepStack_20001
STATE:199:r1200f:As|Qh:100|-100:DeepStack_20001|DeepStack_20000
STATE:200:cc/cc:Qh|Kh/As:-100|100:DeepStack_20000|DeepStack_20001
STATE:201:cr300f:Ks|Qs:-100|100:DeepStack_20001|DeepStack_20000
STATE:202:cr300f:Ks|Qs:-100|100:DeepStack_20000|DeepStack_20001
STATE:203:cr300f:Ks|Ah:-100|100:DeepStack_20001|DeepStack_20000
STATE:204:cc/r1200f:Qs|Ks/As:100|-100:DeepStack_20000|DeepStack_20001
STATE:205:cc/cr300f:Ks|Qs/Qh:-100|100:DeepStack_20001|DeepStack_20000
STATE:206:cc/cr300f:Kh|Qh/Qs:-100|100:DeepStack_20000|DeepStack_20001
STATE:207:cc/cc:Kh|Qh/Ah:100|-100:DeepStack_20001|DeepStack_20000
STATE:208:cc/cc:Qh|Kh/Ah:-100|100:DeepStack_20000|DeepStack_20001
STATE:209:cr300c/r1200c:Ks|Ah/Kh:1200|-1200:DeepStack_20001|DeepStack_20000
STATE:210:cc/cc:As|Kh/Qs:100|-100:DeepStack_20000|DeepStack_20001
STATE:211:cc/cr300f:Qh|Kh/Ks:-100|100:DeepStack_20001|DeepStack_20000
STATE:212:cc/cc:Qs|Qh/Kh:0|0:DeepStack_20000|DeepStack_20001
STATE:213:cc/r300f:Ks|Qs/As:100|-100:DeepStack_20001|DeepStack_20000
STATE:214:cr300c/r1200c:Ks|Qs/Qh:-1200|1200:DeepStack_20000|DeepStack_20001
STATE:215:cc/cr300f:Ks|Kh/Qs:-100|100:DeepStack_20001|DeepStack_20000
STATE:216:cc/cr1200f:Qs|Ah/As:-100|100:DeepStack_20000|DeepStack_20001
STATE:217:r1200f:Ah|Qh:100|-100:DeepStack_20001|DeepStack_20000
STATE:218:cc/r1200f:As|Qs/Ah:100|-100:DeepStack_20000|DeepStack_20001
STATE:219:cc/r300f:Ks|Qh/Ah:100|-100:DeepStack_20001|DeepStack_20000
STATE:220:cr300f:Qs|Kh:-100|100:DeepStack_20000|DeepStack_20001
STATE:221:cr300c/cr1200f:Qs|Ks/As:-300|300:DeepStack_20001|DeepStack_20000
STATE:222:cc/cc:As|Ks/Qs:100|-100:DeepStack_20000|DeepStack_20001
STATE:223:cc/cc:Kh|Qs/Ah:100|-100:DeepStack_20001|DeepStack_20000
STATE:224:cc/cc:Ah|Ks/Qs:100|-100:DeepStack_20000|DeepStack_20001
STATE:225:cc/cc:Ah|Qh/Kh:100|-100:DeepStack_20001|DeepStack_20000
STATE:226:cc/cc:As|Ah/Qs:0|0:DeepStack_20000|DeepStack_20001
STATE:227:cc/cc:As|Qs/Ks:100|-100:DeepStack_20001|DeepStack_20000
STATE:228:cc/cr300f:Kh|Qh/Qs:-100|100:DeepStack_20000|DeepStack_20001
STATE:229:cr300f:Kh|As:-100|100:DeepStack_20001|DeepStack_20000
STATE:230:cc/cr300c:Ah|Qs/Qh:-300|300:DeepStack_20000|DeepStack_20001
STATE:231:r1200f:Ah|Ks:100|-100:DeepStack_20001|DeepStack_20000
STATE:232:cr1200f:Qh|Ah:-100|100:DeepStack_20000|DeepStack_20001
STATE:233:cc/cc:Qh|As/Ks:-100|100:DeepStack_20001|DeepStack_20000
STATE:234:cc/r300f:Ah|Qh/As:100|-100:DeepStack_20000|DeepStack_20001
STATE:235:r1200c/:As|Ah/Qs:0|0:DeepStack_20001|DeepStack_20000
STATE:236:cr300r1200f:As|Qh:300|-300:DeepStack_20000|DeepStack_20001
STATE:237:cr300f:Kh|Qs:-100|100:DeepStack_20001|DeepStack_20000
STATE:238:cc/r1200f:Qs|Ks/As:100|-100:DeepStack_20000|DeepStack_20001
STATE:239:cc/r300f:Ks|Qh/Ah:100|-100:DeepStack_20001|DeepStack_20000
STATE:240:cc/cr300f:Kh|Qh/Qs:-100|100:DeepStack_20000|DeepStack_20001
STATE:241:cr300f:Qh|Ks:-100|100:DeepStack_20001|DeepStack_20000
STATE:242:cr300f:Qs|Qh:-100|100:DeepStack_20000|DeepStack_20001
STATE:243:cc/cc:As|Kh/Qh:100|-100:DeepStack_20001|DeepStack_20000
STATE:244:cc/cc:Kh|Ah/Qh:-100|100:DeepStack_20000|DeepStack_20001
STATE:245:cr300c/cc:Kh|Ah/Qs:-300|300:DeepStack_20001|DeepStack_20000
STATE:246:cr300f:Ks|Kh:-100|100:DeepStack_20000|DeepStack_20001
STATE:247:cc/r300f:Ks|Kh/As:100|-100:DeepStack_20001|DeepStack_20000
STATE:248:cr1200f:Qs|As:-100|100:DeepStack_20000|DeepStack_20001
STATE:249:cc/cc:Qh|Qs/Kh:0|0:DeepStack_20001|DeepStack_20000
STATE:250:cr300f:Qh|As:-100|100:DeepStack_20000|DeepStack_20001
STATE:251:cr300f:Ks|Kh:-100|100:DeepStack_20001|DeepStack_20000
STATE:252:cc/cc:Qh|As/Ks:-100|100:DeepStack_20000|DeepStack_20001
STATE:253:cr1200f:Qh|Ah:-100|100:DeepStack_20001|DeepStack_20000
STATE:254:cr300f:Kh|Qs:-100|100:DeepStack_20000|DeepStack_20001
STATE:255:cc/cc:Kh|Qh/Ks:100|-100:DeepStack_20001|DeepStack_20000
STATE:256:cr300f:Kh|As:-100|100:DeepStack_20000|DeepStack_20001
STATE:257:cr300c/r1200f:Qs|Ah/Qh:300|-300:DeepStack_20001|DeepStack_20000
STATE:258:cc/cc:As|Ks/Qs:100|-100:DeepStack_20000|DeepStack_20001
STATE:259:cc/r300f:Ks|Qh/Ah:100|-100:DeepStack_20001|DeepStack_20000
STATE:260:r300f:Ks|Qh:100|-100:DeepStack_20000|DeepStack_20001
STATE:261:cr300c/cr1200f:Qh|Ks/Kh:-300|300:DeepStack_20001|DeepStack_20000
STATE:262:cc/cc:Kh|Qh/As:100|-100:DeepStack_20000|DeepStack_20001
STATE:263:cc/cr300f:Ah|Qh/Ks:-100|100:DeepStack_20001|DeepStack_20000
STATE:264:cc/cc:Qs|Kh/As:-100|100:DeepStack_20000|DeepStack_20001
STATE:265:cc/cc:As|Qs/Ks:100|-100:DeepStack_20001|DeepStack_20000
STATE:266:cr300r1200c/:Ah|As/Ks:0|0:DeepStack_20000|DeepStack_20001
STATE:267:cr300f:Qs|Qh:-100|100:DeepStack_20001|DeepStack_20000
STATE:268:cr300r1200c/:As|Ah/Qs:0|0:DeepStack_20000|DeepStack_20001
STATE:269:cr1200f:Kh|Ah:-100|100:DeepStack_20001|DeepStack_20000
STATE:270:cr300f:Qh|Kh:-100|100:DeepStack_20000|DeepStack_20001
STATE:271:cr300f:Kh|Qh:-100|100:DeepStack_20001|DeepStack_20000
STATE:272:cr300r1200f:Ah|Ks:300|-300:DeepStack_20000|DeepStack_20001
STATE:273:r300c/cc:Kh|Ks/Ah:0|0:DeepStack_20001|DeepStack_20000
STATE:274:r1200f:Ah|Ks:100|-100:DeepStack_20000|DeepStack_20001
STATE:275:cr300f:Kh|Qh:-100|100:DeepStack_20001|DeepStack_20000
STATE:276:cc/cc:Ah|Ks/Qs:100|-100:DeepStack_20000|DeepStack_20001
STATE:277:cc/cr300f:Kh|Qs/Qh:-100|100:DeepStack_20001|DeepStack_20000
STATE:278:r1200f:Ah|Qs:100|-100:DeepStack_20000|DeepStack_20001
STATE:279:cr300f:Ks|Ah:-100|100:DeepStack_20001|DeepStack_20000
STATE:280:cr300r1200f:As|Kh:300|-300:DeepStack_20000|DeepStack_20001
STATE:281:r1200f:As|Kh:100|-100:DeepStack_20001|DeepStack_20000
STATE:282:cc/r300f:As|Qh/Ah:100|-100:DeepStack_20000|DeepStack_20001
STATE:283:cc/cr300r1200f:Qs|Kh/Qh:300|-300:DeepStack_20001|DeepStack_20000
STATE:284:r1200f:Ah|Qs:100|-100:DeepStack_20000|DeepStack_20001
STATE:285:cc/cc:Kh|Ah/Qs:-100|100:DeepStack_20001|DeepStack_20000
STATE:286:cr300r1200f:As|Qh:300|-300:DeepStack_20000|DeepStack_20001
STATE:287:r300c/cr1200c:Ks|Qs/Ah:1200|-1200:DeepStack_20001|DeepStack_20000
STATE:288:cr300f:Kh|Qh:-100|100:DeepStack_20000|DeepStack_20001
STATE:289:cr300r1200f:As|Qs:300|-300:DeepStack_20001|DeepStack_20000
STATE:290:cc/r300f:Ks|Qs/As:100|-100:DeepStack_20000|DeepStack_20001
STATE:291:cr300f:Qh|Qs:-100|100:DeepStack_20001|DeepStack_20000
STATE:292:cc/cr1200f:Qh|Kh/Ah:-100|100:DeepStack_20000|DeepStack_20001
STATE:293:r1200f:Ah|Qh:100|-100:DeepStack_20001|DeepStack_20000
STATE:294:cc/r300c:Ks|Kh/As:0|0:DeepStack_20000|DeepStack_20001
STATE:295:cr300f:Qh|Ah:-100|100:DeepStack_20001|DeepStack_20000
STATE:296:cr300f:Ks|As:-100|100:DeepStack_20000|DeepStack_20001
STATE:297:cr300c/cr1200f:Qh|Ah/As:-300|300:DeepStack_20001|DeepStack_20000
STATE:298:cc/cr300f:Qh|Ks/Kh:-100|100:DeepStack_20000|DeepStack_20001
STATE:299:cc/cc:Ks|Kh/Qh:0|0:DeepStack_20001|DeepStack_20000
STATE:300:cc/cr300f:As|Ks/Kh:-100|100:DeepStack_20000|DeepStack_20001
STATE:301:cr300f:Qh|As:-100|100:DeepStack_20001|DeepStack_20000
STATE:302:cr300r1200f:Ah|Qh:300|-300:DeepStack_20000|DeepStack_20001
STATE:303:cc/cc:Kh|As/Ks:100|-100:DeepStack_20001|DeepStack_20000
STATE:304:cr300f:Ks|Ah:-100|100:DeepStack_20000|DeepStack_20001
STATE:305:cc/cc:Qh|Qs/Ah:0|0:DeepStack_20001|DeepStack_20000
STATE:306:cr300f:Qs|Ah:-100|100:DeepStack_20000|DeepStack_20001
STATE:307:cc/cr300f:Kh|Ks/Qh:-100|100:DeepStack_20001|DeepStack_20000
STATE:308:cr300r1200c/:As|Ah/Qs:0|0:DeepStack_20000|DeepStack_20001
STATE:309:r1200f:Ah|Qh:100|-100:DeepStack_20001|DeepStack_20000
STATE:310:cr300f:Kh|As:-100|100:DeepStack_20000|DeepStack_20001
STATE:311:cc/cr300f:Ks|Qh/Qs:-100|100:DeepStack_20001|DeepStack_20000
STATE:312:cc/cr300f:Ah|Qs/Kh:-100|100:DeepStack_20000|DeepStack_20001
STATE:313:r1200f:Ah|Qs:100|-100:DeepStack_20001|DeepStack_20000
STATE:314:r1200c/:As|Ah/Qh:0|0:DeepStack_20000|DeepStack_20001
STATE:315:cc/cc:Kh|Qs/Ah:100|-100:DeepStack_20001|DeepStack_20000
STATE:316:cc/cc:Qs|Kh/Qh:100|-100:DeepStack_20000|DeepStack_20001
STATE:317:cr300r1200f:As|Ks:300|-300:DeepStack_20001|DeepStack_20000
STATE:318:r1200f:Ah|Qh:100|-100:DeepStack_20000|DeepStack_20001
STATE:319:cr300c/cr1200c:Kh|Ah/As:-1200|1200:DeepStack_20001|DeepStack_20000
STATE:320:cc/cr300f:Kh|Qh/Qs:-100|100:DeepStack_20000|DeepStack_20001
STATE:321:cc/cc:Ah|Qh/Kh:100|-100:DeepStack_20001|DeepStack_20000
STATE:322:cr1200c/:Ah|As/Qs:0|0:DeepStack_20000|DeepStack_20001
STATE:323:cc/cr1200f:Kh|Ah/As:-100|100:DeepStack_20001|DeepStack_20000
STATE:324:cc/r300r900c:Kh|Qs/As:900|-900:DeepStack_20000|DeepStack_20001
STATE:325:cr300f:Qs|Ah:-100|100:DeepStack_20001|DeepStack_20000
STATE:326:cc/cc:Qh|Qs/As:0|0:DeepStack_20000|DeepStack_20001
STATE:327:cc/cr1200f:Qh|Qs/As:-100|100:DeepStack_20001|DeepStack_20000
STATE:328:cr300f:Qh|Ah:-100|100:DeepStack_20000|DeepStack_20001
STATE:329:cr300f:Qh|Ah:-100|100:DeepStack_20001|DeepStack_20000
STATE:330:r300r900f:Ks|Ah:-300|300:DeepStack_20000|DeepStack_20001
STATE:331:cr300c/r900f:Kh|As/Ks:300|-300:DeepStack_20001|DeepStack_20000
STATE:332:cc/r300f:Ks|Qh/Ah:100|-100:DeepStack_20000|DeepStack_20001
STATE:333:cc/r300f:Kh|Ks/As:100|-100:DeepStack_20001|DeepStack_20000
STATE:334:cc/cc:Qh|Ks/As:-100|100:DeepStack_20000|DeepStack_20001
STATE:335:r1200c/:As|Ah/Qs:0|0:DeepStack_20001|DeepStack_20000
STATE:336:cc/cr300f:Ah|Qh/Qs:-100|100:DeepStack_20000|DeepStack_20001
STATE:337:cr300f:Qh|Ah:-100|100:DeepStack_20001|DeepStack_20000
STATE:338:cc/cc:As|Kh/Qh:100|-100:DeepStack_20000|DeepStack_20001
STATE:339:cc/r1200f:Ah|Qs/As:100|-100:DeepStack_20001|DeepStack_20000
STATE:340:cr300c/cc:Ks|As/Qh:-300|300:DeepStack_20000|DeepStack_20001
STATE:341:cc/cc:As|Qh/Kh:100|-100:DeepStack_20001|DeepStack_20000
STATE:342:cc/cc:Ah|Qs/As:100|-100:DeepStack_20000|DeepStack_20001
STATE:343:cc/cr300f:Ah|Qh/Ks:-100|100:DeepStack_20001|DeepStack_20000
STATE:344:cc/cr300f:Ah|Kh/Ks:-100|100:DeepStack_20000|DeepStack_20001
STATE:345:r1200f:Ah|Kh:100|-100:DeepStack_20001|DeepStack_20000
STATE:346:cc/cr300f:Kh|Qh/Qs:-100|100:DeepStack_20000|DeepStack_20001
STATE:347:cc/cc:Ah|As/Qs:0|0:DeepStack_20001|DeepStack_20000
STATE:348:cr300r1200f:As|Kh:300|-300:DeepStack_20000|DeepStack_20001
STATE:349:r300c/cr900f:Qh|Kh/Ks:-300|300:DeepStack_20001|DeepStack_20000
STATE:350:r1200f:Ah|Kh:100|-100:DeepStack_20000|DeepStack_20001
STATE:351:r1200f:Ah|Qh:100|-100:DeepStack_20001|DeepStack_20000
STATE:352:r1200f:Ah|Qh:100|-100:DeepStack_20000|DeepStack_20001
STATE:353:cr300r1200f:Ah|Ks:300|-300:DeepStack_20001|DeepStack_20000
STATE:354:cc/cr1200c:Ks|Qh/Ah:1200|-1200:DeepStack_20000|DeepStack_20001
STATE:355:cc/cc:Kh|Ks/Qs:0|0:DeepStack_20001|DeepStack_20000
STATE:356:cr1200f:Qh|As:-100|100:DeepStack_20000|DeepStack_20001
STATE:357:cc/cr300f:Qh|Kh/Ks:-100|100:DeepStack_20001|DeepStack_20000
STATE:358:cc/cr300f:Ks|Qs/Qh:-100|100:DeepStack_20000|DeepStack_20001
STATE:359:r300c/cc:Qs|Ks/Qh:300|-300:DeepStack_20001|DeepStack_20000
STATE:360:cc/cr300f:Qh|Kh/Ks:-100|100:DeepStack_20000|DeepStack_20001
STATE:361:cc/cr300f:As|Ks/Kh:-100|100:DeepStack_20001|DeepStack_20000
STATE:362:cr300f:Qs|Ah:-100|100:DeepStack_20000|DeepStack_20001
STATE:363:cc/cc:Qh|As/Qs:100|-100:DeepStack_20001|DeepStack_20000
STATE:364:cr300f:Qs|As:-100|100:DeepStack_20000|DeepStack_20001
STATE:365:cc/cc:Qh|Kh/Ah:-100|100:DeepStack_20001|DeepStack_20000
STATE:366:cc/cc:Ks|Qs/Kh:100|-100:DeepStack_20000|DeepStack_20001
STATE:367:cc/cc:Ah|Qs/Ks:100|-100:DeepStack_20001|DeepStack_20000
STATE:368:cr300f:Qh|As:-100|100:DeepStack_20000|DeepStack_20001
STATE:369:cr300f:Ks|Ah:-100|100:DeepStack_20001|DeepStack_20000
STATE:370:cc/cc:As|Ah/Ks:0|0:DeepStack_20000|DeepStack_20001
STATE:371:cc/cc:Qs|Kh/As:-100|100:DeepStack_20001|DeepStack_20000
STATE:372:cc/cc:Kh|Ks/Qs:0|0:DeepStack_20000|DeepStack_20001
STATE:373:cc/r300c:As|Ks/Ah:300|-300:DeepStack_20001|DeepStack_20000
STATE:374:cr300f:Qh|As:-100|100:DeepStack_20000|DeepStack_20001
STATE:375:cr1200c/:As|Ah/Ks:0|0:DeepStack_20001|DeepStack_20000
STATE:376:cr300c/r1200f:Ks|Kh/Qs:300|-300:DeepStack_20000|DeepStack_20001
STATE:377:cc/r300f:As|Qh/Ah:100|-100:DeepStack_20001|DeepStack_20000
STATE:378:cr300f:Kh|As:-100|100:DeepStack_20000|DeepStack_20001
STATE:379:r1200c/:As|Ah/Ks:0|0:DeepStack_20001|DeepStack_20000
STATE:380:r1200f:As|Qh:100|-100:DeepStack_20000|DeepStack_20001
STATE:381:cr300f:Ks|Ah:-100|100:DeepStack_20001|DeepStack_20000
STATE:382:cr300f:Qs|As:-100|100:DeepStack_20000|DeepStack_20001
STATE:383:cr300f:Qh|Ah:-100|100:DeepStack_20001|DeepStack_20000
STATE:384:cr300f:Ks|Qh:-100|100:DeepStack_20000|DeepStack_20001
STATE:385:cr300c/r1200c:Qh|As/Ks:-1200|1200:DeepStack_20001|DeepStack_20000
STATE:386:r1200f:As|Qh:100|-100:DeepStack_20000|DeepStack_20001
STATE:387:r1200c/:Ah|As/Kh:0|0:DeepStack_20001|DeepStack_20000
STATE:388:cr300c/cr1200f:Qs|Ah/As:-300|300:DeepStack_20000|DeepStack_20001
STATE:389:cc/cc:Kh|Ah/Qh:-100|100:DeepStack_20001|DeepStack_20000
STATE:390:cc/cr300r1200f:Qs|Kh/Qh:300|-300:DeepStack_20000|DeepStack_20001
STATE:391:cc/cc:Ks|Qh/Ah:100|-100:DeepStack_20001|DeepStack_20000
STATE:392:cc/cr300f:Kh|Qh/Qs:-100|100:DeepStack_20000|DeepStack_20001
STATE:393:cc/cc:Ah|Kh/Qs:100|-100:DeepStack_20001|DeepStack_20000
STATE:394:cc/r300f:Ah|Qh/As:100|-100:DeepStack_20000|DeepStack_20001
STATE:395:cc/cr300f:Ks|Qs/Qh:-100|100:DeepStack_20001|DeepStack_20000
STATE:396:r300c/cc:Qs|Ks/Qh:300|-300:DeepStack_20000|DeepStack_20001
STATE:397:cc/cc:Qh|Kh/Ah:-100|100:DeepStack_20001|DeepStack_20000
STATE:398:cr300c/cr900f:Ks|Kh/Qh:-300|300:DeepStack_20000|DeepStack_20001
STATE:399:cc/cr300f:As|Qs/Ks:-100|100:DeepStack_20001|DeepStack_20000
STATE:400:cr1200f:Qs|As:-100|100:DeepStack_20000|DeepStack_20001
STATE:401:r1200f:Ah|Qs:100|-100:DeepStack_20001|DeepStack_20000
STATE:402:cc/cr300f:Qh|Kh/Ks:-100|100:DeepStack_20000|DeepStack_20001
STATE:403:cc/cc:Qs|Ks/Ah:-100|100:DeepStack_20001|DeepStack_20000
STATE:404:r1200f:As|Kh:100|-100:DeepStack_20000|DeepStack_20001
STATE:405:r1200c/:As|Ah/Qs:0|0:DeepStack_20001|DeepStack_20000
STATE:406:cc/r300f:Kh|Qs/Ah:100|-100:DeepStack_20000|DeepStack_20001
STATE:407:cr300f:Kh|Ah:-100|100:DeepStack_20001|DeepStack_20000
STATE:408:cc/cc:Qh|Qs/As:0|0:DeepStack_20000|DeepStack_20001
STATE:409:r1200f:Ah|Kh:100|-100:DeepStack_20001|DeepStack_20000
STATE:410:cr1200c/:Ah|As/Ks:0|0:DeepStack_20000|DeepStack_20001
STATE:411:cc/r1200f:Qh|Kh/As:100|-100:DeepStack_20001|DeepStack_20000
STATE:412:r1200f:As|Ks:100|-100:DeepStack_20000|DeepStack_20001
STATE:413:cc/cr300f:Kh|Qs/Qh:-100|100:DeepStack_20001|DeepStack_20000
STATE:414:cc/cr300f:Kh|Qh/Qs:-100|100:DeepStack_20000|DeepStack_20001
STATE:415:cc/r300f:Ks|Qs/Ah:100|-100:DeepStack_20001|DeepStack_20000
STATE:416:cr300r1200f:As|Qh:300|-300:DeepStack_20000|DeepStack_20001
STATE:417:cr300f:Kh|Qh:-100|100:DeepStack_20001|DeepStack_20000
STATE:418:cc/cc:Ah|As/Ks:0|0:DeepStack_20000|DeepStack_20001
STATE:419:cc/cc:Qh|Kh/Ah:-100|100:DeepStack_20001|DeepStack_20000
STATE:420:cc/cc:Ks|Kh/Qs:0|0:DeepStack_20000|DeepStack_20001
STATE:421:cc/cc:Ks|Qs/As:100|-100:DeepStack_20001|DeepStack_20000
STATE:422:cc/cc:Qs|Qh/As:0|0:DeepStack_20000|DeepStack_20001
STATE:423:cc/r300c:Ks|Kh/Ah:0|0:DeepStack_20001|DeepStack_20000
STATE:424:cc/r300f:As|Qs/Ah:100|-100:DeepStack_20000|DeepStack_20001
STATE:425:cr300f:Qh|Ah:-100|100:DeepStack_20001|DeepStack_20000
STATE:426:r300c/cr1200f:Kh|Qh/Qs:-300|300:DeepStack_20000|DeepStack_20001
STATE:427:cc/cc:Kh|As/Ks:100|-100:DeepStack_20001|DeepStack_20000
STATE:428:cr300f:Qh|Ah:-100|100:DeepStack_20000|DeepStack_20001
STATE:429:cc/cc:Kh|Qh/Ks:100|-100:DeepStack_20001|DeepStack_20000
STATE:430:cc/cr300r1200f:Qh|Ks/Qs:300|-300:DeepStack_20000|DeepStack_20001
STATE:431:cc/cc:Qs|Ah/Ks:-100|100:DeepStack_20001|DeepStack_20000
STATE:432:cr300c/r1200f:Qh|Kh/Qs:300|-300:DeepStack_20000|DeepStack_20001
STATE:433:cc/cc:Ks|Kh/Qs:0|0:DeepStack_20001|DeepStack_20000
STATE:434:cc/cr300f:Qs|Ks/Kh:-100|100:DeepStack_20000|DeepStack_20001
STATE:435:cc/cr300f:Ks|Kh/Qs:-100|100:DeepStack_20001|DeepStack_20000
STATE:436:cc/cc:Ks|Ah/Qs:-100|100:DeepStack_20000|DeepStack_20001
STATE:437:cr300r1200f:Ah|Qs:300|-300:DeepStack_20001|DeepStack_20000
STATE:438:cr300r1200c/:Ah|As/Qs:0|0:DeepStack_20000|DeepStack_20001
STATE:439:cc/cc:Qs|Qh/Ks:0|0:DeepStack_20001|DeepStack_20000
STATE:440:cr300c/cr1200f:Qh|Ah/As:-300|300:DeepStack_20000|DeepStack_20001
STATE:441:cc/cc:As|Qh/Ks:100|-100:DeepStack_20001|DeepStack_20000
STATE:442:cc/r1200c:Qs|Ah/As:-1200|1200:DeepStack_20000|DeepStack_20001
STATE:443:cr300c/cr900f:Qh|Ah/Ks:-300|300:DeepStack_20001|DeepStack_20000
STATE:444:cc/cc:Qs|Ks/Ah:-100|100:DeepStack_20000|DeepStack_20001
STATE:445:r1200f:Ah|Kh:100|-100:DeepStack_20001|DeepStack_20000
STATE:446:cc/cr300c:As|Qh/Qs:-300|300:DeepStack_20000|DeepStack_20001
STATE:447:cr300f:Kh|Ah:-100|100:DeepStack_20001|DeepStack_20000
STATE:448:cr300f:Qs|Qh:-100|100:DeepStack_20000|DeepStack_20001
STATE:449:cc/r300f:Kh|Qs/As:100|-100:DeepStack_20001|DeepStack_20000
STATE:450:cr300r1200c/:As|Ah/Qs:0|0:DeepStack_20000|DeepStack_20001
STATE:451:cc/cc:Kh|Qh/Ks:100|-100:DeepStack_20001|DeepStack_20000
STATE:452:cr300f:Kh|As:-100|100:DeepStack_20000|DeepStack_20001
STATE:453:cc/cc:Qh|Ks/Ah:-100|100:DeepStack_20001|DeepStack_20000
STATE:454:cr300f:Ks|As:-100|100:DeepStack_20000|DeepStack_20001
STATE:455:cc/cc:Kh|Qs/Ks:100|-100:DeepStack_20001|DeepStack_20000
STATE:456:cr300f:Qs|Kh:-100|100:DeepStack_20000|DeepStack_20001
STATE:457:cc/cr1200c:Ks|Kh/Ah:0|0:DeepStack_20001|DeepStack_20000
STATE:458:cc/cr300f:As|Ks/Kh:-100|100:DeepStack_20000|DeepStack_20001
STATE:459:r1200f:Ah|Ks:100|-100:DeepStack_20001|DeepStack_20000
STATE:460:r1200f:Ah|Qs:100|-100:DeepStack_20000|DeepStack_20001
STATE:461:cc/cr300f:Ah|Qh/Qs:-100|100:DeepStack_20001|DeepStack_20000
STATE:462:cc/cc:Qs|Kh/Ah:-100|100:DeepStack_20000|DeepStack_20001
STATE:463:cr300c/r900f:Qs|Kh/Qh:300|-300:DeepStack_20001|DeepStack_20000
STATE:464:r1200f:Ah|Qs:100|-100:DeepStack_20000|DeepStack_20001
STATE:465:cr300c/cr900f:Ks|As/Qh:-300|300:DeepStack_20001|DeepStack_20000
STATE:466:cc/cr300f:Kh|Qs/Qh:-100|100:DeepStack_20000|DeepStack_20001
STATE:467:cc/cc:Kh|Qs/As:100|-100:DeepStack_20001|DeepStack_20000
STATE:468:cr300f:Qh|As:-100|100:DeepStack_20000|DeepStack_20001
STATE:469:r300f:As|Qh:100|-100:DeepStack_20001|DeepStack_20000
STATE:470:cr300f:Kh|Ah:-100|100:DeepStack_20000|DeepStack_20001
STATE:471:cc/r300r900f:Ks|As/Ah:-300|300:DeepStack_20001|DeepStack_20000
STATE:472:r1200c/:As|Ah/Qs:0|0:DeepStack_20000|DeepStack_20001
STATE:473:cc/cc:As|Qh/Kh:100|-100:DeepStack_20001|DeepStack_20000
STATE:474:cc/cc:As|Ah/Ks:0|0:DeepStack_20000|DeepStack_20001
STATE:475:cr300f:Qs|Kh:-100|100:DeepStack_20001|DeepStack_20000
STATE:476:r1200f:Ah|Kh:100|-100:DeepStack_20000|DeepStack_20001
STATE:477:cc/r300r1200c:Kh|As/Ah:-1200|1200:DeepStack_20001|DeepStack_20000
STATE:478:cc/cr300f:Ks|Qs/Qh:-100|100:DeepStack_20000|DeepStack_20001
STATE:479:cr300c/r900f:Kh|Ah/Ks:300|-300:DeepStack_20001|DeepStack_20000
STATE:480:cc/cr300f:Qs|Qh/Ks:-100|100:DeepStack_20000|DeepStack_20001
STATE:481:cc/cr300f:Kh|Qh/Qs:-100|100:DeepStack_20001|DeepStack_20000
STATE:482:r300c/cc:Kh|Qs/Ks:300|-300:DeepStack_20000|DeepStack_20001
STATE:483:cc/cr300f:Ks|Qs/Qh:-100|100:DeepStack_20001|DeepStack_20000
STATE:484:cr300c/cc:Ks|As/Qs:-300|300:DeepStack_20000|DeepStack_20001
STATE:485:cc/cr300f:As|Qs/Qh:-100|100:DeepStack_20001|DeepStack_20000
STATE:486:cr300r1200f:As|Qh:300|-300:DeepStack_20000|DeepStack_20001
STATE:487:cc/cc:Qs|Ks/As:-100|100:DeepStack_20001|DeepStack_20000
STATE:488:cc/r300c:Ks|Kh/Ah:0|0:DeepStack_20000|DeepStack_20001
STATE:489:cc/cc:Qs|Qh/Kh:0|0:DeepStack_20001|DeepStack_20000
STATE:490:cr300f:Qh|Ks:-100|100:DeepStack_20000|DeepStack_20001
STATE:491:r1200f:As|Qh:100|-100:DeepStack_20001|DeepStack_20000
STATE:492:cc/cr300f:Ah|Qh/Qs:-100|100:DeepStack_20000|DeepStack_20001
STATE:493:cr300f:Kh|As:-100|100:DeepStack_20001|DeepStack_20000
STATE:494:cc/cc:As|Ah/Kh:0|0:DeepStack_20000|DeepStack_20001
STATE:495:cr300f:Qs|Ah:-100|100:DeepStack_20001|DeepStack_20000
STATE:496:cc/cc:Ks|Kh/As:0|0:DeepStack_20000|DeepStack_20001
STATE:497:cc/cc:Kh|Qs/Ah:100|-100:DeepStack_20001|DeepStack_20000
STATE:498:cc/cc:As|Ks/Qs:100|-100:DeepStack_20000|DeepStack_20001
STATE:499:cc/cr300f:As|Qs/Qh:-100|100:DeepStack_20001|DeepStack_20000
STATE:500:r1200f:Ah|Qs:100|-100:DeepStack_20000|DeepStack_20001
STATE:501:cc/cr300r1200f:Ks|Qs/Kh:300|-300:DeepStack_20001|DeepStack_20000
STATE:502:cc/r300f:Ks|Qs/Ah:100|-100:DeepStack_20000|DeepStack_20001
STATE:503:cc/cc:Ks|As/Qh:-100|100:DeepStack_20001|DeepStack_20000
STATE:504:cr300c/cc:Ah|As/Qs:0|0:DeepStack_20000|DeepStack_20001
STATE:505:cc/cc:Ah|Ks/Qh:100|-100:DeepStack_20001|DeepStack_20000
STATE:506:cc/cr300f:Ah|Ks/Qs:-100|100:DeepStack_20000|DeepStack_20001
STATE:507:cr300f:Ks|Ah:-100|100:DeepStack_20001|DeepStack_20000
STATE:508:cr300f:Qs|Qh:-100|100:DeepStack_20000|DeepStack_20001
STATE:509:cr300c/cr1200f:Qs|Ah/As:-300|300:DeepStack_20001|DeepStack_20000
STATE:510:cc/r1200f:Ah|Ks/As:100|-100:DeepStack_20000|DeepStack_20001
STATE:511:cc/cc:Qs|Kh/As:-100|100:DeepStack_20001|DeepStack_20000
STATE:512:cc/cc:Qs|As/Kh:-100|100:DeepStack_20000|DeepStack_20001
STATE:513:cr1200f:Kh|As:-100|100:DeepStack_20001|DeepStack_20000
STATE:514:r1200c/:As|Ah/Qs:0|0:DeepStack_20000|DeepStack_20001
STATE:515:cr300f:Ks|Kh:-100|100:DeepStack_20001|DeepStack_20000
STATE:516:cc/r300f:Ah|Qh/As:100|-100:DeepStack_20000|DeepStack_20001
STATE:517:r300c/cc:Ah|Qh/Kh:300|-300:DeepStack_20001|DeepStack_20000
STATE:518:cc/r300f:Qs|Qh/Ah:100|-100:DeepStack_20000|DeepStack_20001
STATE:519:r1200c/:Ah|As/Qs:0|0:DeepStack_20001|DeepStack_20000
STATE:520:r1200f:Ah|Qh:100|-100:DeepStack_20000|DeepStack_20001
STATE:521:cr300f:Qs|Qh:-100|100:DeepStack_20001|DeepStack_20000
STATE:522:cr300f:Qh|Qs:-100|100:DeepStack_20000|DeepStack_20001
STATE:523:cc/cr300r900f:Kh|Qs/Ks:300|-300:DeepStack_20001|DeepStack_20000
STATE:524:r1200f:As|Qh:100|-100:DeepStack_20000|DeepStack_20001
STATE:525:cr1200f:Qh|As:-100|100:DeepStack_20001|DeepStack_20000
STATE:526:cr300r1200c/:As|Ah/Kh:0|0:DeepStack_20000|DeepStack_20001
STATE:527:cc/cc:Qs|Qh/Kh:0|0:DeepStack_20001|DeepStack_20000
STATE:528:cr300f:Ks|As:-100|100:DeepStack_20000|DeepStack_20001
STATE:529:cc/cr300f:Kh|Qs/Qh:-100|100:DeepStack_20001|DeepStack_20000
STATE:530:cc/cc:As|Qs/Ks:100|-100:DeepStack_20000|DeepStack_20001
STATE:531:cr1200f:Ks|Ah:-100|100:DeepStack_20001|DeepStack_20000
STATE:532:r1200f:Ah|Ks:100|-100:DeepStack_20000|DeepStack_20001
STATE:533:r1200f:Ah|Qs:100|-100:DeepStack_20001|DeepStack_20000
STATE:534:cr300c/cr1200f:Qs|Kh/As:-300|300:DeepStack_20000|DeepStack_20001
STATE:535:cc/cc:As|Kh/Qs:100|-100:DeepStack_20001|DeepStack_20000
STATE:536:r1200f:Ah|Ks:100|-100:DeepStack_20000|DeepStack_20001
STATE:537:cc/cr1200f:Kh|Qs/As:-100|100:DeepStack_20001|DeepStack_20000
STATE:538:cc/r300f:Ks|Qh/Ah:100|-100:DeepStack_20000|DeepStack_20001
STATE:539:r1200f:Ah|Ks:100|-100:DeepStack_20001|DeepStack_20000
STATE:540:cr300f:Qs|Qh:-100|100:DeepStack_20000|DeepStack_20001
STATE:541:cc/cr300f:Qh|Ks/Kh:-100|100:DeepStack_20001|DeepStack_20000
STATE:542:cc/r300c:Kh|Ks/As:0|0:DeepStack_20000|DeepStack_20001
STATE:543:cc/r300f:Ah|Qs/As:100|-100:DeepStack_20001|DeepStack_20000
STATE:544:cr300c/cr1200c:As|Kh/Ah:1200|-1200:DeepStack_20000|DeepStack_20001
STATE:545:cc/cc:Kh|Ks/Ah:0|0:DeepStack_20001|DeepStack_20000
STATE:546:cc/cc:Qs|As/Qh:100|-100:DeepStack_20000|DeepStack_20001
STATE:547:cr300c/cc:Qs|Ah/Ks:-300|300:DeepStack_20001|DeepStack_20000
STATE:548:r1200f:Ah|Kh:100|-100:DeepStack_20000|DeepStack_20001
STATE:549:cr300f:Qs|Ah:-100|100:DeepStack_20001|DeepStack_20000
STATE:550:cr300c/cr1200f:Kh|Qh/Ah:-300|300:DeepStack_20000|DeepStack_20001
STATE:551:r1200c/:As|Ah/Qh:0|0:DeepStack_20001|DeepStack_20000
STATE:552:r1200f:As|Qs:100|-100:DeepStack_20000|DeepStack_20001
STATE:553:r1200c/:Ah|As/Qs:0|0:DeepStack_20001|DeepStack_20000
STATE:554:cr300c/cr900f:Ks|As/Qs:-300|300:DeepStack_20000|DeepStack_20001
STATE:555:r1200c/:As|Ah/Ks:0|0:DeepStack_20001|DeepStack_20000
STATE:556:cc/r300f:As|Qh/Ah:100|-100:DeepStack_20000|DeepStack_20001
STATE:557:cc/cc:Ah|Kh/Qs:100|-100:DeepStack_20001|DeepStack_20000
STATE:558:cr300f:Qh|Qs:-100|100:DeepStack_20000|DeepStack_20001
STATE:559:cc/cr300f:Qs|Kh/Ks:-100|100:DeepStack_20001|DeepStack_20000
STATE:560:cr300f:Qh|As:-100|100:DeepStack_20000|DeepStack_20001
STATE:561:cc/cc:Ks|Qh/Ah:100|-100:DeepStack_20001|DeepStack_20000
STATE:562:cr300f:Qh|As:-100|100:DeepStack_20000|DeepStack_20001
STATE:563:cc/cr300f:Ah|Qs/Qh:-100|100:DeepStack_20001|DeepStack_20000
STATE:564:cc/cr300f:Qh|Ks/Kh:-100|100:DeepStack_20000|DeepStack_20001
STATE:565:cc/cc:Qs|Ks/As:-100|100:DeepStack_20001|DeepStack_20000
STATE:566:cr300f:Qs|As:-100|100:DeepStack_20000|DeepStack_20001
STATE:567:cc/cc:Ks|Kh/Qs:0|0:DeepStack_20001|DeepStack_20000
STATE:568:cc/cr1200c:Ks|As/Ah:-1200|1200:DeepStack_20000|DeepStack_20001
STATE:569:cc/cc:As|Kh/Qs:100|-100:DeepStack_20001|DeepStack_20000
STATE:570:cc/cr300f:Ah|Ks/Qh:-100|100:DeepStack_20000|DeepStack_20001
STATE:571:cc/cc:Ks|As/Qh:-100|100:DeepStack_20001|DeepStack_20000
STATE:572:cr300f:Ks|Ah:-100|100:DeepStack_20000|DeepStack_20001
STATE:573:cr300f:Kh|Ah:-100|100:DeepStack_20001|DeepStack_20000
STATE:574:cc/cc:Qs|Qh/Ks:0|0:DeepStack_20000|DeepStack_20001
STATE:575:cc/cr300f:Ks|Qs/Qh:-100|100:DeepStack_20001|DeepStack_20000
STATE:576:cr1200f:Kh|As:-100|100:DeepStack_20000|DeepStack_20001
STATE:577:cc/cr300f:Ah|Ks/Kh:-100|100:DeepStack_20001|DeepStack_20000
STATE:578:cc/r300f:Ks|Qh/As:100|-100:DeepStack_20000|DeepStack_20001
STATE:579:r1200c/:Ah|As/Kh:0|0:DeepStack_20001|DeepStack_20000
STATE:580:cc/cc:As|Qs/Kh:100|-100:DeepStack_20000|DeepStack_20001
STATE:581:cr300f:Qs|As:-100|100:DeepStack_20001|DeepStack_20000
STATE:582:cr300c/cc:Ks|Ah/Qh:-300|300:DeepStack_20000|DeepStack_20001
STATE:583:cr300f:Qs|As:-100|100:DeepStack_20001|DeepStack_20000
STATE:584:cr300f:Kh|Ah:-100|100:DeepStack_20000|DeepStack_20001
STATE:585:cc/cc:Kh|Qs/Ks:100|-100:DeepStack_20001|DeepStack_20000
STATE:586:cc/cc:Qh|Qs/Ah:0|0:DeepStack_20000|DeepStack_20001
STATE:587:cc/r300c:Ks|Kh/Ah:0|0:DeepStack_20001|DeepStack_20000
STATE:588:cr300f:Kh|Ah:-100|100:DeepStack_20000|DeepStack_20001
STATE:589:r1200f:As|Qs:100|-100:DeepStack_20001|DeepStack_20000
STATE:590:cc/cc:Qs|Ks/As:-100|100:DeepStack_20000|DeepStack_20001
STATE:591:r1200f:As|Qs:100|-100:DeepStack_20001|DeepStack_20000
STATE:592:cc/cr300f:Kh|Qh/Qs:-100|100:DeepStack_20000|DeepStack_20001
STATE:593:cc/cr300f:Qh|Kh/Ks:-100|100:DeepStack_20001|DeepStack_20000
STATE:594:cc/r300c:As|Ks/Ah:300|-300:DeepStack_20000|DeepStack_20001
STATE:595:r1200f:Ah|Kh:100|-100:DeepStack_20001|DeepStack_20000
STATE:596:cr300r1200f:As|Qs:300|-300:DeepStack_20000|DeepStack_20001
STATE:597:cr300f:Qh|Ks:-100|100:DeepStack_20001|DeepStack_20000
STATE:598:cr300f:Qh|Kh:-100|100:DeepStack_20000|DeepStack_20001
STATE:599:r1200f:Ah|Kh:100|-100:DeepStack_20001|DeepStack_20000
STATE:600:cc/cc:Kh|Ks/As:0|0:DeepStack_20000|DeepStack_20001
STATE:601:cr1200f:Kh|As:-100|100:DeepStack_20001|DeepStack_20000
STATE:602:cc/cc:Ks|As/Qs:-100|100:DeepStack_20000|DeepStack_20001
STATE:603:r1200f:Ah|Qh:100|-100:DeepStack_20001|DeepStack_20000
STATE:604:r1200f:As|Ks:100|-100:DeepStack_20000|DeepStack_20001
STATE:605:cc/cr300f:Kh|Qh/Qs:-100|100:DeepStack_20001|DeepStack_20000
STATE:606:r300c/cc:Qh|Ks/Qs:300|-300:DeepStack_20000|DeepStack_20001
STATE:607:cc/cc:Qs|As/Ks:-100|100:DeepStack_20001|DeepStack_20000
STATE:608:cc/cr300f:Kh|Qh/Qs:-100|100:DeepStack_20000|DeepStack_20001
STATE:609:cr300f:Qs|Kh:-100|100:DeepStack_20001|DeepStack_20000
STATE:610:r1200f:As|Qh:100|-100:DeepStack_20000|DeepStack_20001
STATE:611:cc/cc:Kh|Ks/Qh:0|0:DeepStack_20001|DeepStack_20000
STATE:612:cr300f:Kh|As:-100|100:DeepStack_20000|DeepStack_20001
STATE:613:cr300r1200c/:Ah|As/Ks:0|0:DeepStack_20001|DeepStack_20000
STATE:614:cr300c/r1200f:Kh|Ah/Ks:300|-300:DeepStack_20000|DeepStack_20001
STATE:615:cc/cc:Qh|Kh/Ah:-100|100:DeepStack_20001|DeepStack_20000
STATE:616:cc/r300f:Kh|Qh/As:100|-100:DeepStack_20000|DeepStack_20001
STATE:617:cc/r300f:As|Qh/Ah:100|-100:DeepStack_20001|DeepStack_20000
STATE:618:cr300c/cc:Ks|Ah/Qs:-300|300:DeepStack_20000|DeepStack_20001
STATE:619:r300c/r900f:As|Qs/Ah:300|-300:DeepStack_20001|DeepStack_20000
STATE:620:cc/r300f:Ah|Qh/As:100|-100:DeepStack_20000|DeepStack_20001
STATE:621:cc/r300f:Kh|Ks/As:100|-100:DeepStack_20001|DeepStack_20000
STATE:622:cc/cc:Ks|Qh/Kh:100|-100:DeepStack_20000|DeepStack_20001
STATE:623:cc/cr300f:Kh|Qs/Qh:-100|100:DeepStack_20001|DeepStack_20000
STATE:624:cc/cc:Qs|Ks/As:-100|100:DeepStack_20000|DeepStack_20001
STATE:625:r1200f:As|Ks:100|-100:DeepStack_20001|DeepStack_20000
STATE:626:cr300f:Kh|Ah:-100|100:DeepStack_20000|DeepStack_20001
STATE:627:cc/cc:As|Qs/Kh:100|-100:DeepStack_20001|DeepStack_20000
STATE:628:r1200c/:Ah|As/Qs:0|0:DeepStack_20000|DeepStack_20001
STATE:629:cc/cr300f:As|Qh/Qs:-100|100:DeepStack_20001|DeepStack_20000
STATE:630:cc/r300f:Ah|Ks/As:100|-100:DeepStack_20000|DeepStack_20001
STATE:631:r300f:Ah|Qh:100|-100:DeepStack_20001|DeepStack_20000
STATE:632:cc/r300f:Ks|Qh/Ah:100|-100:DeepStack_20000|DeepStack_20001
STATE:633:cr1200f:Kh|Ah:-100|100:DeepStack_20001|DeepStack_20000
STATE:634:cr300r1200c/:Ah|As/Ks:0|0:DeepStack_20000|DeepStack_20001
STATE:635:cc/cc:Qs|Ah/Kh:-100|100:DeepStack_20001|DeepStack_20000
STATE:636:cc/cc:Qh|Ah/Qs:100|-100:DeepStack_20000|DeepStack_20001
STATE:637:cr300c/cr900f:Kh|Ks/As:-300|300:DeepStack_20001|DeepStack_20000
STATE:638:cc/cc:Kh|Ks/As:0|0:DeepStack_20000|DeepStack_20001
STATE:639:cc/cr300f:Ks|Kh/Qs:-100|100:DeepStack_20001|DeepStack_20000
STATE:640:cr1200f:Qs|As:-100|100:DeepStack_20000|DeepStack_20001
STATE:641:r1200f:As|Kh:100|-100:DeepStack_20001|DeepStack_20000
STATE:642:cr300f:Ks|Ah:-100|100:DeepStack_20000|DeepStack_20001
STATE:643:cc/cc:Qs|Qh/As:0|0:DeepStack_20001|DeepStack_20000
STATE:644:cc/r300f:Ah|Qh/As:100|-100:DeepStack_20000|DeepStack_20001
STATE:645:cc/cc:Qs|Ks/As:-100|100:DeepStack_20001|DeepStack_20000
STATE:646:cc/cr300f:As|Ks/Qs:-100|100:DeepStack_20000|DeepStack_20001
STATE:647:cr300c/cr1200f:Ks|Qs/As:-300|300:DeepStack_20001|DeepStack_20000
STATE:648:cc/cr300r1200f:Kh|Qh/Ks:300|-300:DeepStack_20000|DeepStack_20001
STATE:649:cr300f:Qh|As:-100|100:DeepStack_20001|DeepStack_20000
STATE:650:cr300c/cr1200c:Ks|Ah/As:-1200|1200:DeepStack_20000|DeepStack_20001
STATE:651:cr300f:Ks|As:-100|100:DeepStack_20001|DeepStack_20000
STATE:652:cc/cr300f:Ah|Ks/Qh:-100|100:DeepStack_20000|DeepStack_20001
STATE:653:cc/cc:Kh|Ks/Ah:0|0:DeepStack_20001|DeepStack_20000
STATE:654:cr300f:Qs|Ah:-100|100:DeepStack_20000|DeepStack_20001
STATE:655:cc/cc:Qh|Qs/Ks:0|0:DeepStack_20001|DeepStack_20000
STATE:656:cc/cc:As|Qs/Kh:100|-100:DeepStack_20000|DeepStack_20001
STATE:657:cc/cr300f:Qh|Ks/Kh:-100|100:DeepStack_20001|DeepStack_20000
STATE:658:cc/r300c:Ks|Kh/As:0|0:DeepStack_20000|DeepStack_20001
STATE:659:cr300c/cr1200f:Qs|As/Ah:-300|300:DeepStack_20001|DeepStack_20000
STATE:660:cc/cc:Qs|Qh/Kh:0|0:DeepStack_20000|DeepStack_20001
STATE:661:cc/cc:Ah|Qs/Ks:100|-100:DeepStack_20001|DeepStack_20000
STATE:662:cc/cr300f:Kh|Qh/Qs:-100|100:DeepStack_20000|DeepStack_20001
STATE:663:cr300f:Qs|Ah:-100|100:DeepStack_20001|DeepStack_20000
STATE:664:cr300f:Kh|Ah:-100|100:DeepStack_20000|DeepStack_20001
STATE:665:cc/r300c:Ks|Kh/As:0|0:DeepStack_20001|DeepStack_20000
STATE:666:cc/cc:Ks|Qs/As:100|-100:DeepStack_20000|DeepStack_20001
STATE:667:cr300r1200c/:As|Ah/Qh:0|0:DeepStack_20001|DeepStack_20000
STATE:668:cc/cc:Qs|Qh/Ks:0|0:DeepStack_20000|DeepStack_20001
STATE:669:cc/r300f:Kh|Ks/Qh:100|-100:DeepStack_20001|DeepStack_20000
STATE:670:cc/cr300f:Qh|Ks/Kh:-100|100:DeepStack_20000|DeepStack_20001
STATE:671:cc/r300c:Ks|Kh/As:0|0:DeepStack_20001|DeepStack_20000
STATE:672:cr1200f:Ks|As:-100|100:DeepStack_20000|DeepStack_20001
STATE:673:cc/r300f:Kh|Qh/As:100|-100:DeepStack_20001|DeepStack_20000
STATE:674:r300r900f:Ks|Qh:-300|300:DeepStack_20000|DeepStack_20001
STATE:675:cc/cr300f:Kh|Qs/Qh:-100|100:DeepStack_20001|DeepStack_20000
STATE:676:cc/cr300f:Qs|Ks/Kh:-100|100:DeepStack_20000|DeepStack_20001
STATE:677:cr300c/r1200c:Qs|Ks/Kh:-1200|1200:DeepStack_20001|DeepStack_20000
STATE:678:cr300f:Ks|Qs:-100|100:DeepStack_20000|DeepStack_20001
STATE:679:cr300f:Qh|Qs:-100|100:DeepStack_20001|DeepStack_20000
STATE:680:cr300f:Qs|As:-100|100:DeepStack_20000|DeepStack_20001
STATE:681:cr300f:Qs|Ah:-100|100:DeepStack_20001|DeepStack_20000
STATE:682:r300c/cr900f:Ah|Ks/Kh:-300|300:DeepStack_20000|DeepStack_20001
STATE:683:cc/cc:Qh|Qs/As:0|0:DeepStack_20001|DeepStack_20000
STATE:684:r1200f:Ah|Ks:100|-100:DeepStack_20000|DeepStack_20001
STATE:685:cc/cc:As|Ks/Qh:100|-100:DeepStack_20001|DeepStack_20000
STATE:686:cr300f:Kh|As:-100|100:DeepStack_20000|DeepStack_20001
STATE:687:cr300f:Qs|As:-100|100:DeepStack_20001|DeepStack_20000
STATE:688:cc/cr300f:Ks|Qh/Qs:-100|100:DeepStack_20000|DeepStack_20001
STATE:689:cc/cc:As|Qs/Kh:100|-100:DeepStack_20001|DeepStack_20000
STATE:690:cc/r300f:Ks|Qs/As:100|-100:DeepStack_20000|DeepStack_20001
STATE:691:cr300f:Qh|Kh:-100|100:DeepStack_20001|DeepStack_20000
STATE:692:cr1200c/:As|Ah/Kh:0|0:DeepStack_20000|DeepStack_20001
STATE:693:cc/cc:As|Ks/Qs:100|-100:DeepStack_20001|DeepStack_20000
STATE:694:cc/cc:Qs|Qh/As:0|0:DeepStack_20000|DeepStack_20001
STATE:695:r1200f:As|Ks:100|-100:DeepStack_20001|DeepStack_20000
STATE:696:cr300f:Qs|As:-100|100:DeepStack_20000|DeepStack_20001
STATE:697:cr300c/cc:Qs|Ah/Ks:-300|300:DeepStack_20001|DeepStack_20000
STATE:698:r1200f:As|Ks:100|-100:DeepStack_20000|DeepStack_20001
STATE:699:cr1200f:Ks|As:-100|100:DeepStack_20001|DeepStack_20000
STATE:700:cr300f:Ks|As:-100|100:DeepStack_20000|DeepStack_20001
STATE:701:cc/cc:Qh|Kh/As:-100|100:DeepStack_20001|DeepStack_20000
STATE:702:cr300f:Kh|Ks:-100|100:DeepStack_20000|DeepStack_20001
STATE:703:cc/r300f:Ks|Qs/Ah:100|-100:DeepStack_20001|DeepStack_20000
STATE:704:cc/cc:Qh|Kh/As:-100|100:DeepStack_20000|DeepStack_20001
STATE:705:r1200f:As|Kh:100|-100:DeepStack_20001|DeepStack_20000
STATE:706:cc/cr300f:Qs|Ks/Kh:-100|100:DeepStack_20000|DeepStack_20001
STATE:707:cr1200f:Qs|As:-100|100:DeepStack_20001|DeepStack_20000
STATE:708:cc/cc:Qs|Kh/Ah:-100|100:DeepStack_20000|DeepStack_20001
STATE:709:cc/cc:As|Qh/Kh:100|-100:DeepStack_20001|DeepStack_20000
STATE:710:cc/r300c:As|Ks/Ah:300|-300:DeepStack_20000|DeepStack_20001
STATE:711:cc/cr300f:As|Ks/Kh:-100|100:DeepStack_20001|DeepStack_20000
STATE:712:r1200f:Ah|Qh:100|-100:DeepStack_20000|DeepStack_20001
STATE:713:cc/r300f:As|Qh/Ah:100|-100:DeepStack_20001|DeepStack_20000
STATE:714:r1200f:As|Kh:100|-100:DeepStack_20000|DeepStack_20001
STATE:715:cc/r300f:Kh|Qs/As:100|-100:DeepStack_20001|DeepStack_20000
STATE:716:r1200f:As|Ks:100|-100:DeepStack_20000|DeepStack_20001
STATE:717:cc/cc:Qs|Kh/As:-100|100:DeepStack_20001|DeepStack_20000
STATE:718:cc/cc:Qh|Kh/As:-100|100:DeepStack_20000|DeepStack_20001
STATE:719:r300c/r1200f:Ks|Kh/Ah:300|-300:DeepStack_20001|DeepStack_20000
STATE:720:r1200f:As|Ks:100|-100:DeepStack_20000|DeepStack_20001
STATE:721:cc/cc:As|Qh/Ks:100|-100:DeepStack_20001|DeepStack_20000
STATE:722:cr1200f:Qh|As:-100|100:DeepStack_20000|DeepStack_20001
STATE:723:r1200f:Ah|Ks:100|-100:DeepStack_20001|DeepStack_20000
STATE:724:cr300f:Ks|Ah:-100|100:DeepStack_20000|DeepStack_20001
STATE:725:cc/r300f:Kh|Qh/As:100|-100:DeepStack_20001|DeepStack_20000
STATE:726:cc/cc:Qh|Kh/As:-100|100:DeepStack_20000|DeepStack_20001
STATE:727:cc/cr300f:Ks|Qh/Qs:-100|100:DeepStack_20001|DeepStack_20000
STATE:728:r1200f:As|Qs:100|-100:DeepStack_20000|DeepStack_20001
STATE:729:cr300c/cr1200f:Ks|As/Ah:-300|300:DeepStack_20001|DeepStack_20000
STATE:730:cc/cc:Qh|As/Kh:-100|100:DeepStack_20000|DeepStack_20001
STATE:731:cc/cr300c:As|Ks/Kh:-300|300:DeepStack_20001|DeepStack_20000
STATE:732:cr300c/r1200f:As|Ks/Qs:300|-300:DeepStack_20000|DeepStack_20001
STATE:733:cr300f:Qh|Ah:-100|100:DeepStack_20001|DeepStack_20000
STATE:734:cr300f:Qs|Ah:-100|100:DeepStack_20000|DeepStack_20001
STATE:735:cc/cc:Kh|Qh/Ks:100|-100:DeepStack_20001|DeepStack_20000
STATE:736:r1200f:Ah|Qh:100|-100:DeepStack_20000|DeepStack_20001
STATE:737:cr300r1200c/:Ah|As/Qs:0|0:DeepStack_20001|DeepStack_20000
STATE:738:r1200f:Ah|Kh:100|-100:DeepStack_20000|DeepStack_20001
STATE:739:cc/cc:Qh|Kh/As:-100|100:DeepStack_20001|DeepStack_20000
STATE:740:cc/cc:Qs|Kh/As:-100|100:DeepStack_20000|DeepStack_20001
STATE:741:cr300c/cc:Qh|As/Ks:-300|300:DeepStack_20001|DeepStack_20000
STATE:742:cr300f:Qh|Ah:-100|100:DeepStack_20000|DeepStack_20001
STATE:743:cc/cr300c:Ah|Qs/Qh:-300|300:DeepStack_20001|DeepStack_20000
STATE:744:r300c/cr900f:Qs|Kh/Ks:-300|300:DeepStack_20000|DeepStack_20001
STATE:745:cc/r300f:Ks|Qs/As:100|-100:DeepStack_20001|DeepStack_20000
STATE:746:r1200f:As|Kh:100|-100:DeepStack_20000|DeepStack_20001
STATE:747:cr300c/cr1200f:Qs|Ah/As:-300|300:DeepStack_20001|DeepStack_20000
STATE:748:cc/cc:Kh|Qh/As:100|-100:DeepStack_20000|DeepStack_20001
STATE:749:cr300f:Qs|As:-100|100:DeepStack_20001|DeepStack_20000
STATE:750:r300c/cr1200c:As|Qh/Qs:-1200|1200:DeepStack_20000|DeepStack_20001
STATE:751:cc/cr300f:Qh|Ks/Kh:-100|100:DeepStack_20001|DeepStack_20000
STATE:752:cc/cc:Kh|As/Ks:100|-100:DeepStack_20000|DeepStack_20001
STATE:753:cc/r300c:Qs|Kh/Ah:-300|300:DeepStack_20001|DeepStack_20000
STATE:754:cc/cc:Qh|Qs/Kh:0|0:DeepStack_20000|DeepStack_20001
STATE:755:cc/cc:Ah|Ks/Qh:100|-100:DeepStack_20001|DeepStack_20000
STATE:756:cr1200f:Ks|Ah:-100|100:DeepStack_20000|DeepStack_20001
STATE:757:cc/cr300r1200f:Ks|Qs/Kh:300|-300:DeepStack_20001|DeepStack_20000
STATE:758:cc/cc:Qs|Ks/Qh:100|-100:DeepStack_20000|DeepStack_20001
STATE:759:cc/cc:Qh|Qs/Ah:0|0:DeepStack_20001|DeepStack_20000
STATE:760:cc/r300f:Ks|Qs/Ah:100|-100:DeepStack_20000|DeepStack_20001
STATE:761:cc/cr300f:Ks|Qh/Qs:-100|100:DeepStack_20001|DeepStack_20000
STATE:762:cc/cr300f:Ah|Qh/Ks:-100|100:DeepStack_20000|DeepStack_20001
STATE:763:cc/cc:Ks|Kh/As:0|0:DeepStack_20001|DeepStack_20000
STATE:764:cr300f:Kh|Ah:-100|100:DeepStack_20000|DeepStack_20001
STATE:765:cc/cr300f:Qh|Kh/Ks:-100|100:DeepStack_20001|DeepStack_20000
STATE:766:cc/cr300f:As|Kh/Qs:-100|100:DeepStack_20000|DeepStack_20001
STATE:767:cc/cc:Ah|Kh/Qs:100|-100:DeepStack_20001|DeepStack_20000
STATE:768:cc/cr300f:Ah|Qh/Qs:-100|100:DeepStack_20000|DeepStack_20001
STATE:769:cc/r300f:As|Qs/Ah:100|-100:DeepStack_20001|DeepStack_20000
STATE:770:r1200f:Ah|Qh:100|-100:DeepStack_20000|DeepStack_20001
STATE:771:cc/cc:Qs|Qh/Ks:0|0:DeepStack_20001|DeepStack_20000
STATE:772:cr300f:Qs|As:-100|100:DeepStack_20000|DeepStack_20001
STATE:773:cr300f:Qh|Qs:-100|100:DeepStack_20001|DeepStack_20000
STATE:774:cc/cc:As|Kh/Qs:100|-100:DeepStack_20000|DeepStack_20001
STATE:775:cc/r300f:Ah|Ks/As:100|-100:DeepStack_20001|DeepStack_20000
STATE:776:cc/cc:Ks|Ah/Qh:-100|100:DeepStack_20000|DeepStack_20001
STATE:777:cc/cc:Kh|Ks/Qs:0|0:DeepStack_20001|DeepStack_20000
STATE:778:cr300c/cr1200f:Qh|Ah/As:-300|300:DeepStack_20000|DeepStack_20001
STATE:779:cc/r1200c:Qs|Ks/As:-1200|1200:DeepStack_20001|DeepStack_20000
STATE:780:cr300f:Qs|Ah:-100|100:DeepStack_20000|DeepStack_20001
STATE:781:cr300r1200c/:Ah|As/Ks:0|0:DeepStack_20001|DeepStack_20000
STATE:782:r1200f:Ah|Qh:100|-100:DeepStack_20000|DeepStack_20001
STATE:783:cc/cr300f:Kh|Qh/Qs:-100|100:DeepStack_20001|DeepStack_20000
STATE:784:cc/r300c:Kh|Ks/As:0|0:DeepStack_20000|DeepStack_20001
STATE:785:cr300c/r1200f:Qs|Ah/Qh:300|-300:DeepStack_20001|DeepStack_20000
STATE:786:cc/cr300r1200f:Ks|Qs/Kh:300|-300:DeepStack_20000|DeepStack_20001
STATE:787:cc/r300f:Ks|Qh/Ah:100|-100:DeepStack_20001|DeepStack_20000
STATE:788:cr300f:Ks|Ah:-100|100:DeepStack_20000|DeepStack_20001
STATE:789:cc/r1200f:Qh|Qs/As:100|-100:DeepStack_20001|DeepStack_20000
STATE:790:cr300c/cc:Ks|Kh/As:0|0:DeepStack_20000|DeepStack_20001
STATE:791:cr300c/cr900f:Qs|As/Ah:-300|300:DeepStack_20001|DeepStack_20000
STATE:792:cc/r1200f:Ah|Qh/As:100|-100:DeepStack_20000|DeepStack_20001
STATE:793:cr300f:Qh|Ah:-100|100:DeepStack_20001|DeepStack_20000
STATE:794:cr300f:Ks|Ah:-100|100:DeepStack_20000|DeepStack_20001
STATE:795:cr300f:Kh|Ks:-100|100:DeepStack_20001|DeepStack_20000
STATE:796:r300c/cr1200f:As|Qh/Ks:-300|300:DeepStack_20000|DeepStack_20001
STATE:797:cc/cc:Qs|Ks/Ah:-100|100:DeepStack_20001|DeepStack_20000
STATE:798:cc/cr300f:Qs|Ks/Kh:-100|100:DeepStack_20000|DeepStack_20001
STATE:799:cr300f:Ks|Ah:-100|100:DeepStack_20001|DeepStack_20000
STATE:800:cc/cr300f:Qs|Qh/Ks:-100|100:DeepStack_20000|DeepStack_20001
STATE:801:cc/r300f:Ks|Qh/As:100|-100:DeepStack_20001|DeepStack_20000
STATE:802:cc/cc:Kh|Qs/As:100|-100:DeepStack_20000|DeepStack_20001
STATE:803:cr300c/cc:Kh|As/Qs:-300|300:DeepStack_20001|DeepStack_20000
STATE:804:cr300f:Qh|Ah:-100|100:DeepStack_20000|DeepStack_20001
STATE:805:cr300r1200c/:Ah|As/Qh:0|0:DeepStack_20001|DeepStack_20000
STATE:806:cc/cc:Kh|Qs/As:100|-100:DeepStack_20000|DeepStack_20001
STATE:807:cr300r1200c/:As|Ah/Qh:0|0:DeepStack_20001|DeepStack_20000
STATE:808:cc/r300f:Ks|Qs/Ah:100|-100:DeepStack_20000|DeepStack_20001
STATE:809:cr300c/cr1200f:Kh|Qh/Ah:-300|300:DeepStack_20001|DeepStack_20000
STATE:810:cc/cc:Qh|Ks/As:-100|100:DeepStack_20000|DeepStack_20001
STATE:811:cr300f:Kh|Ks:-100|100:DeepStack_20001|DeepStack_20000
STATE:812:cc/r300c:As|Ks/Ah:300|-300:DeepStack_20000|DeepStack_20001
STATE:813:cc/cc:Qh|Qs/As:0|0:DeepStack_20001|DeepStack_20000
STATE:814:cc/cc:As|Kh/Qs:100|-100:DeepStack_20000|DeepStack_20001
STATE:815:r1200f:Ah|Kh:100|-100:DeepStack_20001|DeepStack_20000
STATE:816:cc/cc:Qs|As/Ks:-100|100:DeepStack_20000|DeepStack_20001
STATE:817:cc/cc:Ks|Kh/Qs:0|0:DeepStack_20001|DeepStack_20000
STATE:818:cr300r1200f:As|Kh:300|-300:DeepStack_20000|DeepStack_20001
STATE:819:cr300f:Kh|Ks:-100|100:DeepStack_20001|DeepStack_20000
STATE:820:cr1200c/:As|Ah/Qh:0|0:DeepStack_20000|DeepStack_20001
STATE:821:cc/cc:Qh|Kh/Qs:100|-100:DeepStack_20001|DeepStack_20000
STATE:822:cr300f:Kh|As:-100|100:DeepStack_20000|DeepStack_20001
STATE:823:cc/r300f:Kh|Qs/Ah:100|-100:DeepStack_20001|DeepStack_20000
STATE:824:cc/cc:Qh|Ks/Ah:-100|100:DeepStack_20000|DeepStack_20001
STATE:825:r1200f:Ah|Ks:100|-100:DeepStack_20001|DeepStack_20000
STATE:826:cr1200c/:Ah|As/Kh:0|0:DeepStack_20000|DeepStack_20001
STATE:827:cc/cc:Ks|Qh/Kh:100|-100:DeepStack_20001|DeepStack_20000
STATE:828:cc/cc:Qs|Kh/As:-100|100:DeepStack_20000|DeepStack_20001
STATE:829:r1200f:Ah|Qh:100|-100:DeepStack_20001|DeepStack_20000
STATE:830:r1200f:Ah|Kh:100|-100:DeepStack_20000|DeepStack_20001
STATE:831:cc/cc:As|Kh/Qs:100|-100:DeepStack_20001|DeepStack_20000
STATE:832:cc/r300r900c:Kh|As/Ah:-900|900:DeepStack_20000|DeepStack_20001
STATE:833:cr1200f:Kh|As:-100|100:DeepStack_20001|DeepStack_20000
STATE:834:cc/cc:Kh|Qs/Ah:100|-100:DeepStack_20000|DeepStack_20001
STATE:835:r300c/cc:Ah|Qs/Kh:300|-300:DeepStack_20001|DeepStack_20000
STATE:836:r1200f:As|Kh:100|-100:DeepStack_20000|DeepStack_20001
STATE:837:cc/cr300r900f:Qs|Ks/Qh:300|-300:DeepStack_20001|DeepStack_20000
STATE:838:cc/cc:Qs|Kh/Qh:100|-100:DeepStack_20000|DeepStack_20001
STATE:839:cc/cc:Qs|Kh/Ah:-100|100:DeepStack_20001|DeepStack_20000
STATE:840:r300f:Qh|Qs:100|-100:DeepStack_20000|DeepStack_20001
STATE:841:cc/cc:Qh|Ks/Qs:100|-100:DeepStack_20001|DeepStack_20000
STATE:842:cr300r1200f:Ah|Qh:300|-300:DeepStack_20000|DeepStack_20001
STATE:843:cr300f:Qs|Ah:-100|100:DeepStack_20001|DeepStack_20000
STATE:844:cr1200f:Kh|As:-100|100:DeepStack_20000|DeepStack_20001
STATE:845:cc/cc:Kh|Qs/Ks:100|-100:DeepStack_20001|DeepStack_20000
STATE:846:cc/cc:As|Qh/Kh:100|-100:DeepStack_20000|DeepStack_20001
STATE:847:cc/r1200f:Ah|Ks/As:100|-100:DeepStack_20001|DeepStack_20000
STATE:848:cc/cc:Kh|Ah/Qs:-100|100:DeepStack_20000|DeepStack_20001
STATE:849:cr300c/cr900f:Qh|Ah/As:-300|300:DeepStack_20001|DeepStack_20000
STATE:850:cc/cc:Qs|Qh/Ks:0|0:DeepStack_20000|DeepStack_20001
STATE:851:cc/cc:Qs|Ah/Ks:-100|100:DeepStack_20001|DeepStack_20000
STATE:852:cr300c/r1200f:Ks|Ah/Kh:300|-300:DeepStack_20000|DeepStack_20001
STATE:853:cc/cr300f:Qh|Ks/Kh:-100|100:DeepStack_20001|DeepStack_20000
STATE:854:cr300f:Qh|Ah:-100|100:DeepStack_20000|DeepStack_20001
STATE:855:cr300c/r1200f:Qs|Qh/Kh:300|-300:DeepStack_20001|DeepStack_20000
STATE:856:cc/cc:Kh|Qh/Ks:100|-100:DeepStack_20000|DeepStack_20001
STATE:857:cr300f:Ks|Ah:-100|100:DeepStack_20001|DeepStack_20000
STATE:858:cr300c/r1200c:Ks|Qs/Qh:-1200|1200:DeepStack_20000|DeepStack_20001
STATE:859:r1200f:As|Qs:100|-100:DeepStack_20001|DeepStack_20000
STATE:860:r1200f:Ah|Kh:100|-100:DeepStack_20000|DeepStack_20001
STATE:861:cc/cc:Qs|Ah/Qh:100|-100:DeepStack_20001|DeepStack_20000
STATE:862:cr300f:Qs|Kh:-100|100:DeepStack_20000|DeepStack_20001
STATE:863:cc/cc:Qs|Kh/Qh:100|-100:DeepStack_20001|DeepStack_20000
STATE:864:cr300r1200f:Ah|Qs:300|-300:DeepStack_20000|DeepStack_20001
STATE:865:cr300c/cr900f:Ks|As/Ah:-300|300:DeepStack_20001|DeepStack_20000
STATE:866:cr300f:Kh|Ah:-100|100:DeepStack_20000|DeepStack_20001
STATE:867:cc/cc:Kh|Ks/Qh:0|0:DeepStack_20001|DeepStack_20000
STATE:868:cr300f:Kh|Ks:-100|100:DeepStack_20000|DeepStack_20001
STATE:869:cc/cc:Qs|Kh/Ah:-100|100:DeepStack_20001|DeepStack_20000
STATE:870:cr300r1200f:As|Qs:300|-300:DeepStack_20000|DeepStack_20001
STATE:871:cr300f:Qh|Ah:-100|100:DeepStack_20001|DeepStack_20000
STATE:872:cc/cr300f:Qs|Kh/Ks:-100|100:DeepStack_20000|DeepStack_20001
STATE:873:cc/cc:Ks|Ah/Kh:100|-100:DeepStack_20001|DeepStack_20000
STATE:874:cr300f:Qh|As:-100|100:DeepStack_20000|DeepStack_20001
STATE:875:cr300r1200c/:As|Ah/Kh:0|0:DeepStack_20001|DeepStack_20000
STATE:876:cc/cc:As|Ks/Qs:100|-100:DeepStack_20000|DeepStack_20001
STATE:877:cc/cr300f:Qs|Kh/Ks:-100|100:DeepStack_20001|DeepStack_20000
STATE:878:cr300c/cr1200f:Ks|Ah/As:-300|300:DeepStack_20000|DeepStack_20001
STATE:879:cc/cc:Kh|Ks/As:0|0:DeepStack_20001|DeepStack_20000
STATE:880:r1200f:As|Kh:100|-100:DeepStack_20000|DeepStack_20001
STATE:881:cc/r300f:Qs|Ks/Ah:100|-100:DeepStack_20001|DeepStack_20000
STATE:882:cr300c/cr900c:Ks|Ah/As:-900|900:DeepStack_20000|DeepStack_20001
STATE:883:cr300f:Ks|As:-100|100:DeepStack_20001|DeepStack_20000
STATE:884:r1200f:Ah|Qh:100|-100:DeepStack_20000|DeepStack_20001
STATE:885:cc/cc:Ah|Ks/Qs:100|-100:DeepStack_20001|DeepStack_20000
STATE:886:r300c/cr1200c:Ah|Ks/Qh:1200|-1200:DeepStack_20000|DeepStack_20001
STATE:887:cc/cr300f:Ks|Qh/Qs:-100|100:DeepStack_20001|DeepStack_20000
STATE:888:cc/cc:Qh|Qs/Ks:0|0:DeepStack_20000|DeepStack_20001
STATE:889:r300f:Kh|Qs:100|-100:DeepStack_20001|DeepStack_20000
STATE:890:cr300f:Kh|As:-100|100:DeepStack_20000|DeepStack_20001
STATE:891:cc/cc:Ah|Kh/Qh:100|-100:DeepStack_20001|DeepStack_20000
STATE:892:cc/cc:Qh|Ah/Qs:100|-100:DeepStack_20000|DeepStack_20001
STATE:893:cr300f:Ks|Qh:-100|100:DeepStack_20001|DeepStack_20000
STATE:894:cc/cc:Qh|Qs/Ks:0|0:DeepStack_20000|DeepStack_20001
STATE:895:cc/cc:Kh|Qh/As:100|-100:DeepStack_20001|DeepStack_20000
STATE:896:cr300c/cr1200f:Kh|Ah/As:-300|300:DeepStack_20000|DeepStack_20001
STATE:897:cc/cr300r900f:Kh|Qh/Ks:300|-300:DeepStack_20001|DeepStack_20000
STATE:898:cr300r1200f:As|Qs:300|-300:DeepStack_20000|DeepStack_20001
STATE:899:cc/cc:As|Ks/Qh:100|-100:DeepStack_20001|DeepStack_20000
STATE:900:cc/cc:Ks|Ah/Kh:100|-100:DeepStack_20000|DeepStack_20001
STATE:901:r1200f:As|Ks:100|-100:DeepStack_20001|DeepStack_20000
STATE:902:cc/cr300c:As|Kh/Ks:-300|300:DeepStack_20000|DeepStack_20001
STATE:903:cr300r1200c/:As|Ah/Qs:0|0:DeepStack_20001|DeepStack_20000
STATE:904:cr300c/r1200f:Qs|As/Ks:300|-300:DeepStack_20000|DeepStack_20001
STATE:905:cc/cc:Qs|Qh/Ah:0|0:DeepStack_20001|DeepStack_20000
STATE:906:cr300f:Kh|As:-100|100:DeepStack_20000|DeepStack_20001
STATE:907:cr300f:Ks|Ah:-100|100:DeepStack_20001|DeepStack_20000
STATE:908:r1200f:Ah|Qh:100|-100:DeepStack_20000|DeepStack_20001
STATE:909:cr300f:Kh|Ks:-100|100:DeepStack_20001|DeepStack_20000
STATE:910:cc/cc:Qh|Ks/Ah:-100|100:DeepStack_20000|DeepStack_20001
STATE:911:cc/cr1200f:Qs|Qh/As:-100|100:DeepStack_20001|DeepStack_20000
STATE:912:cr300f:Ks|Ah:-100|100:DeepStack_20000|DeepStack_20001
STATE:913:r1200f:Ah|Qh:100|-100:DeepStack_20001|DeepStack_20000
STATE:914:r300c/cc:Kh|Qh/As:300|-300:DeepStack_20000|DeepStack_20001
STATE:915:r1200f:As|Qh:100|-100:DeepStack_20001|DeepStack_20000
STATE:916:cr300c/cr1200f:Qs|Qh/As:-300|300:DeepStack_20000|DeepStack_20001
STATE:917:cr300f:Ks|Kh:-100|100:DeepStack_20001|DeepStack_20000
STATE:918:cc/cc:Ah|Ks/Qh:100|-100:DeepStack_20000|DeepStack_20001
STATE:919:r1200f:Ah|Qh:100|-100:DeepStack_20001|DeepStack_20000
STATE:920:cr1200f:Qs|Ah:-100|100:DeepStack_20000|DeepStack_20001
STATE:921:cc/cc:Qh|Qs/Ah:0|0:DeepStack_20001|DeepStack_20000
STATE:922:cr300f:Qh|Kh:-100|100:DeepStack_20000|DeepStack_20001
STATE:923:cr300f:Ks|As:-100|100:DeepStack_20001|DeepStack_20000
STATE:924:cr300f:Kh|Ah:-100|100:DeepStack_20000|DeepStack_20001
STATE:925:cr300r1200f:As|Qh:300|-300:DeepStack_20001|DeepStack_20000
STATE:926:cr300f:Qs|As:-100|100:DeepStack_20000|DeepStack_20001
STATE:927:cc/cc:As|Qs/Ks:100|-100:DeepStack_20001|DeepStack_20000
STATE:928:cr300c/r1200c:Ks|Qh/Qs:-1200|1200:DeepStack_20000|DeepStack_20001
STATE:929:r300c/cr900r1200f:Kh|Qs/Ks:900|-900:DeepStack_20001|DeepStack_20000
STATE:930:r300r1200c/:As|Ah/Ks:0|0:DeepStack_20000|DeepStack_20001
STATE:931:cr300c/cr1200f:Ks|Kh/As:-300|300:DeepStack_20001|DeepStack_20000
STATE:932:cr300c/cr1200f:Qs|Qh/As:-300|300:DeepStack_20000|DeepStack_20001
STATE:933:cc/cc:Ks|Ah/Kh:100|-100:DeepStack_20001|DeepStack_20000
STATE:934:cc/cr1200f:Qs|Ah/As:-100|100:DeepStack_20000|DeepStack_20001
STATE:935:cc/cc:Qh|Ks/As:-100|100:DeepStack_20001|DeepStack_20000
STATE:936:cc/cr300f:Kh|Qs/Qh:-100|100:DeepStack_20000|DeepStack_20001
STATE:937:r1200f:Ah|Qh:100|-100:DeepStack_20001|DeepStack_20000
STATE:938:cr300f:Qh|Ah:-100|100:DeepStack_20000|DeepStack_20001
STATE:939:cc/cr1200f:Qs|Ah/As:-100|100:DeepStack_20001|DeepStack_20000
STATE:940:cc/cc:As|Ks/Qh:100|-100:DeepStack_20000|DeepStack_20001
STATE:941:cc/r300f:Ks|Qs/Ah:100|-100:DeepStack_20001|DeepStack_20000
STATE:942:cc/cc:Kh|Qh/Ks:100|-100:DeepStack_20000|DeepStack_20001
STATE:943:cr300c/cc:Qs|As/Kh:-300|300:DeepStack_20001|DeepStack_20000
STATE:944:cc/cc:Qs|Qh/Kh:0|0:DeepStack_20000|DeepStack_20001
STATE:945:cc/cr300f:Ah|Qh/Kh:-100|100:DeepStack_20001|DeepStack_20000
STATE:946:cc/cc:Ks|Kh/As:0|0:DeepStack_20000|DeepStack_20001
STATE:947:cr300r1200c/:As|Ah/Qh:0|0:DeepStack_20001|DeepStack_20000
STATE:948:cc/cc:Qh|Qs/Ah:0|0:DeepStack_20000|DeepStack_20001
STATE:949:cr1200f:Ks|As:-100|100:DeepStack_20001|DeepStack_20000
STATE:950:cr300c/cr1200f:Kh|Ah/As:-300|300:DeepStack_20000|DeepStack_20001
STATE:951:cr300r1200c/:As|Ah/Kh:0|0:DeepStack_20001|DeepStack_20000
STATE:952:cr300r1200f:Ah|Kh:300|-300:DeepStack_20000|DeepStack_20001
STATE:953:cc/r300r900f:Kh|Ah/As:-300|300:DeepStack_20001|DeepStack_20000
STATE:954:cc/cc:As|Qh/Ks:100|-100:DeepStack_20000|DeepStack_20001
STATE:955:cr300f:Kh|As:-100|100:DeepStack_20001|DeepStack_20000
STATE:956:cr300c/r1200c:Qh|As/Qs:1200|-1200:DeepStack_20000|DeepStack_20001
STATE:957:cr300f:Kh|Ah:-100|100:DeepStack_20001|DeepStack_20000
STATE:958:cr1200f:Kh|As:-100|100:DeepStack_20000|DeepStack_20001
STATE:959:cc/r300f:Kh|Qh/As:100|-100:DeepStack_20001|DeepStack_20000
STATE:960:cc/r300f:Ah|Qs/As:100|-100:DeepStack_20000|DeepStack_20001
STATE:961:cc/cr300f:As|Qh/Qs:-100|100:DeepStack_20001|DeepStack_20000
STATE:962:r300c/cc:Ks|Qh/Kh:300|-300:DeepStack_20000|DeepStack_20001
STATE:963:cc/cr300f:Kh|Qs/Qh:-100|100:DeepStack_20001|DeepStack_20000
STATE:964:cr300f:Qs|Ah:-100|100:DeepStack_20000|DeepStack_20001
STATE:965:cc/cr300f:Ah|Qh/Qs:-100|100:DeepStack_20001|DeepStack_20000
STATE:966:cc/cc:As|Ah/Kh:0|0:DeepStack_20000|DeepStack_20001
STATE:967:cc/r300f:Kh|Qs/As:100|-100:DeepStack_20001|DeepStack_20000
STATE:968:cr300f:Qs|Ah:-100|100:DeepStack_20000|DeepStack_20001
STATE:969:r1200f:Ah|Qh:100|-100:DeepStack_20001|DeepStack_20000
STATE:970:cc/cr300f:Qs|Ks/Kh:-100|100:DeepStack_20000|DeepStack_20001
STATE:971:cr300f:Qs|Kh:-100|100:DeepStack_20001|DeepStack_20000
STATE:972:cr300c/r1200f:Ks|Qs/Kh:300|-300:DeepStack_20000|DeepStack_20001
STATE:973:cr300f:Kh|Ks:-100|100:DeepStack_20001|DeepStack_20000
STATE:974:cr300f:Qh|Ah:-100|100:DeepStack_20000|DeepStack_20001
STATE:975:r1200f:As|Kh:100|-100:DeepStack_20001|DeepStack_20000
STATE:976:cc/r300r900c:Kh|Ah/As:-900|900:DeepStack_20000|DeepStack_20001
STATE:977:cc/cc:Qh|Kh/Ah:-100|100:DeepStack_20001|DeepStack_20000
STATE:978:cr1200f:Qs|Ah:-100|100:DeepStack_20000|DeepStack_20001
STATE:979:cc/cr300f:As|Qs/Kh:-100|100:DeepStack_20001|DeepStack_20000
STATE:980:r1200c/:As|Ah/Ks:0|0:DeepStack_20000|DeepStack_20001
STATE:981:cc/cc:Qh|As/Qs:100|-100:DeepStack_20001|DeepStack_20000
STATE:982:cr300r1200f:As|Qh:300|-300:DeepStack_20000|DeepStack_20001
STATE:983:cc/cr300f:Kh|Qh/Qs:-100|100:DeepStack_20001|DeepStack_20000
STATE:984:cc/cc:Kh|Qs/As:100|-100:DeepStack_20000|DeepStack_20001
STATE:985:cr300c/r1200c:Ks|As/Qh:-1200|1200:DeepStack_20001|DeepStack_20000
STATE:986:cc/cr300r900f:Qs|Ks/Qh:300|-300:DeepStack_20000|DeepStack_20001
STATE:987:cr300c/cc:Qs|Ks/Ah:-300|300:DeepStack_20001|DeepStack_20000
STATE:988:cr300f:Qh|Kh:-100|100:DeepStack_20000|DeepStack_20001
STATE:989:cc/cc:Ks|Kh/Qh:0|0:DeepStack_20001|DeepStack_20000
STATE:990:cr1200f:Qs|Ah:-100|100:DeepStack_20000|DeepStack_20001
STATE:991:cc/cr300f:As|Qh/Qs:-100|100:DeepStack_20001|DeepStack_20000
STATE:992:cr300r1200f:As|Ks:300|-300:DeepStack_20000|DeepStack_20001
STATE:993:cc/cr300f:As|Ks/Kh:-100|100:DeepStack_20001|DeepStack_20000
STATE:994:cr300f:Qh|As:-100|100:DeepStack_20000|DeepStack_20001
STATE:995:cc/cr1200f:Qs|As/Ah:-100|100:DeepStack_20001|DeepStack_20000
STATE:996:cc/cr300f:Kh|Qs/Qh:-100|100:DeepStack_20000|DeepStack_20001
STATE:997:cc/cr300f:Kh|Qs/Qh:-100|100:DeepStack_20001|DeepStack_20000
STATE:998:r1200f:Ah|Ks:100|-100:DeepStack_20000|DeepStack_20001
STATE:999:cr300r1200c/:Ah|As/Ks:0|0:DeepStack_20001|DeepStack_20000
SCORE:-2400|2400:DeepStack_20000|DeepStack_20001
