# name/game/hands/seed c7_dp_dp_1k leduc.game 1000 77
#--t_response 600000
#--t_hand 600000
#--t_per_hand 7000
STATE:0:r1200f:As|Qh:100|-100:DeepStack_20000|DeepStack_20001
STATE:1:cr300f:Qh|Ah:-100|100:DeepStack_20001|DeepStack_20000
STATE:2:cc/cc:Qh|Ks/As:-100|100:DeepStack_20000|DeepStack_20001
STATE:3:r1200c/:As|Ah/Kh:0|0:DeepStack_20001|DeepStack_20000
STATE:4:cr300f:Ks|Qs:-100|100:DeepStack_20000|DeepStack_20001
STATE:5:cc/cc:Kh|Qh/Ks:100|-100:DeepStack_20001|DeepStack_20000
STATE:6:cr300c/cr1200f:Qh|Ks/Kh:-300|300:DeepStack_20000|DeepStack_20001
STATE:7:cc/cc:As|Ks/Qs:100|-100:DeepStack_20001|DeepStack_20000
STATE:8:r1200c/:Ah|As/Qs:0|0:DeepStack_20000|DeepStack_20001
STATE:9:cc/cr300f:Kh|Qh/Qs:-100|100:DeepStack_20001|DeepStack_20000
STATE:10:r1200f:Ah|Kh:100|-100:DeepStack_20000|DeepStack_20001
STATE:11:cc/cr300f:Qh|Ks/Kh:-100|100:DeepStack_20001|DeepStack_20000
STATE:12:cc/cc:Ks|Qs/Kh:100|-100:DeepStack_20000|DeepStack_20001
STATE:13:cr300c/cc:Qh|Ks/Ah:-300|300:DeepStack_20001|DeepStack_20000
STATE:14:cc/cc:Qh|Qs/As:0|0:DeepStack_20000|DeepStack_20001
STATE:15:cr1200f:Kh|As:-100|100:DeepStack_20001|DeepStack_20000
STATE:16:r1200f:As|Qh:100|-100:DeepStack_20000|DeepStack_20001
STATE:17:cc/cr300f:Ah|Kh/Ks:-100|100:DeepStack_20001|DeepStack_20000
STATE:18:cc/cc:As|Kh/Qh:100|-100:DeepStack_20000|DeepStack_20001
STATE:19:cr300f:Qs|Ah:-100|100:DeepStack_20001|DeepStack_20000
STATE:20:cc/r300c:Ks|Kh/As:0|0:DeepStack_20000|DeepStack_20001
STATE:21:cc/cc:Ks|Ah/Qs:-100|100:DeepStack_20001|DeepStack_20000
STATE:22:cc/cc:Ah|Qs/Kh:100|-100:DeepStack_20000|DeepStack_20001
STATE:23:cc/cc:Ks|Kh/Ah:0|0:DeepStack_20001|DeepStack_20000
STATE:24:cc/cc:As|Ks/Qh:100|-100:DeepStack_20000|DeepStack_20001
STATE:25:cr300f:Qs|Ah:-100|100:DeepStack_20001|DeepStack_20000
STATE:26:cc/cr300c:Ah|Ks/Qh:300|-300:DeepStack_20000|DeepStack_20001
STATE:27:cc/r300f:Ks|Qs/As:100|-100:DeepStack_20001|DeepStack_20000
STATE:28:cr300r1200f:As|Qs:300|-300:DeepStack_20000|DeepStack_20001
STATE:29:cr300c/cc:Ks|Kh/Qs:0|0:DeepStack_20001|DeepStack_20000
STATE:30:cc/cc:Ks|Qs/Ah:100|-100:DeepStack_20000|DeepStack_20001
STATE:31:cc/cc:Qs|Kh/Ah:-100|100:DeepStack_20001|DeepStack_20000
STATE:32:cr1200f:Kh|As:-100|100:DeepStack_20000|DeepStack_20001
STATE:33:cc/cc:Qs|Ks/As:-100|100:DeepStack_20001|DeepStack_20000
STATE:34:cr300r1200c/:Ah|As/Qs:0|0:DeepStack_20000|DeepStack_20001
STATE:35:cc/cc:Ks|Ah/Qs:-100|100:DeepStack_20001|DeepStack_20000
STATE:36:cc/cc:Ah|Qs/Kh:100|-100:DeepStack_20000|DeepStack_20001
STATE:37:cr300f:Qh|Ah:-100|100:DeepStack_20001|DeepStack_20000
STATE:38:cr300r1200c/:As|Ah/Kh:0|0:DeepStack_20000|DeepStack_20001
STATE:39:r300r1200f:Ks|As:-300|300:DeepStack_20001|DeepStack_20000
STATE:40:cr300f:Kh|As:-100|100:DeepStack_20000|DeepStack_20001
STATE:41:r1200f:Ah|Qs:100|-100:DeepStack_20001|DeepStack_20000
STATE:42:cr300r1200f:As|Kh:300|-300:DeepStack_20000|DeepStack_20001
STATE:43:cc/cr300f:Qh|Qs/Ks:-100|100:DeepStack_20001|DeepStack_20000
STATE:44:cr300c/cr1200c:Ah|Ks/As:1200|-1200:DeepStack_20000|DeepStack_20001
STATE:45:cr1200c/:As|Ah/Ks:0|0:DeepStack_20001|DeepStack_20000
STATE:46:cc/cc:As|Qh/Ks:100|-100:DeepStack_20000|DeepStack_20001
STATE:47:cc/cc:Qh|Kh/Qs:100|-100:DeepStack_20001|DeepStack_20000
STATE:48:cc/cc:As|Kh/Qh:100|-100:DeepStack_20000|DeepStack_20001
STATE:49:cr300c/cr1200f:Qs|Ah/As:-300|300:DeepStack_20001|DeepStack_20000
STATE:50:cc/cc:Qh|Qs/Kh:0|0:DeepStack_20000|DeepStack_20001
STATE:51:cr300f:Kh|As:-100|100:DeepStack_20001|DeepStack_20000
STATE:52:cc/cc:Kh|Qs/Ks:100|-100:DeepStack_20000|DeepStack_20001
STATE:53:cr300r1200f:Ah|Ks:300|-300:DeepStack_20001|DeepStack_20000
STATE:54:cr300f:Qs|Kh:-100|100:DeepStack_20000|DeepStack_20001
STATE:55:cc/r300f:Kh|Qs/As:100|-100:DeepStack_20001|DeepStack_20000
STATE:56:cr300c/cr1200f:Qh|As/Ah:-300|300:DeepStack_20000|DeepStack_20001
STATE:57:r300r1200f:Kh|Ah:-300|300:DeepStack_20001|DeepStack_20000
STATE:58:cr300c/cr1200f:Qs|Kh/As:-300|300:DeepStack_20000|DeepStack_20001
STATE:59:cc/r300f:Kh|Ks/As:100|-100:DeepStack_20001|DeepStack_20000
STATE:60:r1200c/:Ah|As/Ks:0|0:DeepStack_20000|DeepStack_20001
STATE:61:cr300f:Ks|As:-100|100:DeepStack_20001|DeepStack_20000
STATE:62:cr300f:Qs|Ah:-100|100:DeepStack_20000|DeepStack_20001
STATE:63:cr300f:Ks|Qs:-100|100:DeepStack_20001|DeepStack_20000
STATE:64:cc/cc:Kh|Ah/Qs:-100|100:DeepStack_20000|DeepStack_20001
STATE:65:cc/cc:As|Qh/Ks:100|-100:DeepStack_20001|DeepStack_20000
STATE:66:r300f:Ah|Qs:100|-100:DeepStack_20000|DeepStack_20001
STATE:67:r300c/cc:Qh|Ks/Qs:300|-300:DeepStack_20001|DeepStack_20000
STATE:68:cr300f:Kh|Qs:-100|100:DeepStack_20000|DeepStack_20001
STATE:69:cc/cc:Qh|Qs/As:0|0:DeepStack_20001|DeepStack_20000
STATE:70:cr300f:Ks|Ah:-100|100:DeepStack_20000|DeepStack_20001
STATE:71:cr300f:Qs|Ah:-100|100:DeepStack_20001|DeepStack_20000
STATE:72:cr300c/r900f:Qh|Qs/Ks:300|-300:DeepStack_20000|DeepStack_20001
STATE:73:cr300r1200f:Ah|Qs:300|-300:DeepStack_20001|DeepStack_20000
STATE:74:cc/cr300f:Qs|Kh/Ks:-100|100:DeepStack_20000|DeepStack_20001
STATE:75:cc/cr300r900f:Ks|Qh/Kh:300|-300:DeepStack_20001|DeepStack_20000
STATE:76:r1200c/:Ah|As/Ks:0|0:DeepStack_20000|DeepStack_20001
STATE:77:cc/cc:Qs|Kh/As:-100|100:DeepStack_20001|DeepStack_20000
STATE:78:cc/cc:Ah|Qs/Ks:100|-100:DeepStack_20000|DeepStack_20001
STATE:79:cr300c/cr900f:Qs|Ks/Ah:-300|300:DeepStack_20001|DeepStack_20000
STATE:80:cr300f:Ks|As:-100|100:DeepStack_20000|DeepStack_20001
STATE:81:cc/cc:Ks|As/Kh:100|-100:DeepStack_20001|DeepStack_20000
STATE:82:cc/cc:Ks|Qs/As:100|-100:DeepStack_20000|DeepStack_20001
STATE:83:cr300f:Qs|Ah:-100|100:DeepStack_20001|DeepStack_20000
STATE:84:cc/cc:Ks|Kh/Qh:0|0:DeepStack_20000|DeepStack_20001
STATE:85:cc/cc:Kh|Qs/Ks:100|-100:DeepStack_20001|DeepStack_20000
STATE:86:cr300f:Qh|Ah:-100|100:DeepStack_20000|DeepStack_20001
STATE:87:cc/cc:Qh|Kh/As:-100|100:DeepStack_20001|DeepStack_20000
STATE:88:r1200f:Ah|Kh:100|-100:DeepStack_20000|DeepStack_20001
STATE:89:cc/r1200f:As|Kh/Ah:100|-100:DeepStack_20001|DeepStack_20000
STATE:90:cr300r1200f:As|Ks:300|-300:DeepStack_20000|DeepStack_20001
STATE:91:cr300f:Qh|Ks:-100|100:DeepStack_20001|DeepStack_20000
STATE:92:cr1200f:Qh|As:-100|100:DeepStack_20000|DeepStack_20001
STATE:93:cc/cr300c:As|Qh/Qs:-300|300:DeepStack_20001|DeepStack_20000
STATE:94:cr300c/cr1200f:Ks|As/Qh:-300|300:DeepStack_20000|DeepStack_20001
STATE:95:cc/cc:Ks|As/Kh:100|-100:DeepStack_20001|DeepStack_20000
STATE:96:cc/cc:Qh|Qs/Ah:0|0:DeepStack_20000|DeepStack_20001
STATE:97:cr300r1200f:As|Kh:300|-300:DeepStack_20001|DeepStack_20000
STATE:98:cc/r300f:Kh|Qs/As:100|-100:DeepStack_20000|DeepStack_20001
STATE:99:r1200f:Ah|Qs:100|-100:DeepStack_20001|DeepStack_20000
STATE:100:r1200f:Ah|Kh:100|-100:DeepStack_20000|DeepStack_20001
STATE:101:cc/r300c:Ah|Ks/As:300|-300:DeepStack_20001|DeepStack_20000
STATE:102:cc/r300f:Kh|Qs/As:100|-100:DeepStack_20000|DeepStack_20001
STATE:103:cr300f:Ks|As:-100|100:DeepStack_20001|DeepStack_20000
STATE:104:cc/r300f:Ah|Qs/As:100|-100:DeepStack_20000|DeepStack_20001
STATE:105:cr300f:Qh|Ah:-100|100:DeepStack_20001|DeepStack_20000
STATE:106:cc/cc:Qs|Qh/Ah:0|0:DeepStack_20000|DeepStack_20001
STATE:107:cc/cc:Qh|Qs/Kh:0|0:DeepStack_20001|DeepStack_20000
STATE:108:r1200f:As|Qh:100|-100:DeepStack_20000|DeepStack_20001
STATE:109:r1200c/:As|Ah/Qs:0|0:DeepStack_20001|DeepStack_20000
STATE:110:cc/cc:Ks|Qs/Kh:100|-100:DeepStack_20000|DeepStack_20001
STATE:111:r1200f:Ah|Qs:100|-100:DeepStack_20001|DeepStack_20000
STATE:112:cr300r1200f:As|Qh:300|-300:DeepStack_20000|DeepStack_20001
STATE:113:cr300c/cr1200c:Ah|As/Qs:0|0:DeepStack_20001|DeepStack_20000
STATE:114:cc/cc:Qh|Qs/Kh:0|0:DeepStack_20000|DeepStack_20001
STATE:115:r1200f:Ah|Kh:100|-100:DeepStack_20001|DeepStack_20000
STATE:116:r1200f:Ah|Qh:100|-100:DeepStack_20000|DeepStack_20001
STATE:117:cc/cr300f:Ks|Kh/Qs:-100|100:DeepStack_20001|DeepStack_20000
STATE:118:cc/cc:Ah|Qh/Kh:100|-100:DeepStack_20000|DeepStack_20001
STATE:119:cc/cc:Ks|Qs/Kh:100|-100:DeepStack_20001|DeepStack_20000
STATE:120:cr300r1200c/:As|Ah/Kh:0|0:DeepStack_20000|DeepStack_20001
STATE:121:cc/cc:As|Ks/Qh:100|-100:DeepStack_20001|DeepStack_20000
STATE:122:r1200c/:Ah|As/Ks:0|0:DeepStack_20000|DeepStack_20001
STATE:123:cr300c/cr1200c:As|Ks/Kh:-1200|1200:DeepStack_20001|DeepStack_20000
STATE:124:cc/cc:Ks|Kh/As:0|0:DeepStack_20000|DeepStack_20001
STATE:125:cr300f:Kh|As:-100|100:DeepStack_20001|DeepStack_20000
STATE:126:cc/r1200f:Ah|Qh/As:100|-100:DeepStack_20000|DeepStack_20001
STATE:127:cr300f:Qh|Ah:-100|100:DeepStack_20001|DeepStack_20000
STATE:128:cr300f:Ks|Ah:-100|100:DeepStack_20000|DeepStack_20001
STATE:129:cr300f:Kh|As:-100|100:DeepStack_20001|DeepStack_20000
STATE:130:cc/cc:Qh|Ks/Ah:-100|100:DeepStack_20000|DeepStack_20001
STATE:131:cc/cc:Qh|Ks/Qs:100|-100:DeepStack_20001|DeepStack_20000
STATE:132:cr300c/cr900f:Ks|Qs/As:-300|300:DeepStack_20000|DeepStack_20001
STATE:133:cc/cc:Qh|Kh/Ah:-100|100:DeepStack_20001|DeepStack_20000
STATE:134:cc/cc:Qs|Ah/Kh:-100|100:DeepStack_20000|DeepStack_20001
STATE:135:cc/cc:Qs|Kh/As:-100|100:DeepStack_20001|DeepStack_20000
STATE:136:r1200f:Ah|Qs:100|-100:DeepStack_20000|DeepStack_20001
STATE:137:cr300r1200c/:Ah|As/Qh:0|0:DeepStack_20001|DeepStack_20000
STATE:138:r1200f:As|Qs:100|-100:DeepStack_20000|DeepStack_20001
STATE:139:cc/cc:Qs|Kh/As:-100|100:DeepStack_20001|DeepStack_20000
STATE:140:r1200c/:As|Ah/Qs:0|0:DeepStack_20000|DeepStack_20001
STATE:141:cr300c/r1200c:Qh|Ah/Qs:1200|-1200:DeepStack_20001|DeepStack_20000
STATE:142:r300c/cr900c:As|Ah/Qh:0|0:DeepStack_20000|DeepStack_20001
STATE:143:r1200f:As|Ks:100|-100:DeepStack_20001|DeepStack_20000
STATE:144:cr300f:Qh|Qs:-100|100:DeepStack_20000|DeepStack_20001
STATE:145:cr300c/r1200f:Ks|As/Kh:300|-300:DeepStack_20001|DeepStack_20000
STATE:146:r1200c/:As|Ah/Qh:0|0:DeepStack_20000|DeepStack_20001
STATE:147:r1200f:Ah|Qs:100|-100:DeepStack_20001|DeepStack_20000
STATE:148:cr300c/r1200f:Ks|Kh/Qs:300|-300:DeepStack_20000|DeepStack_20001
STATE:149:cc/cr300f:Ah|Qs/Kh:-100|100:DeepStack_20001|DeepStack_20000
STATE:150:cr300c/r1200f:Kh|As/Qh:300|-300:DeepStack_20000|DeepStack_20001
STATE:151:r1200f:Ah|Qh:100|-100:DeepStack_20001|DeepStack_20000
STATE:152:r1200c/:As|Ah/Qs:0|0:DeepStack_20000|DeepStack_20001
STATE:153:cc/cc:Qs|Qh/Kh:0|0:DeepStack_20001|DeepStack_20000
STATE:154:cc/r300r900f:Kh|Ah/As:-300|300:DeepStack_20000|DeepStack_20001
STATE:155:cc/cr300f:Ks|Qs/Qh:-100|100:DeepStack_20001|DeepStack_20000
STATE:156:cr300r1200f:As|Qs:300|-300:DeepStack_20000|DeepStack_20001
STATE:157:cc/r300f:As|Ks/Ah:100|-100:DeepStack_20001|DeepStack_20000
STATE:158:cc/cc:Ah|Qs/Kh:100|-100:DeepStack_20000|DeepStack_20001
STATE:159:r1200f:Ah|Kh:100|-100:DeepStack_20001|DeepStack_20000
STATE:160:cr300c/cr1200f:Qs|As/Ah:-300|300:DeepStack_20000|DeepStack_20001
STATE:161:cc/cc:Ah|Qs/Kh:100|-100:DeepStack_20001|DeepStack_20000
STATE:162:r1200f:Ah|Ks:100|-100:DeepStack_20000|DeepStack_20001
STATE:163:cr1200f:Ks|As:-100|100:DeepStack_20001|DeepStack_20000
STATE:164:cc/cc:Qh|Qs/Kh:0|0:DeepStack_20000|DeepStack_20001
STATE:165:r1200f:Ah|Kh:100|-100:DeepStack_20001|DeepStack_20000
STATE:166:cr1200f:Qh|As:-100|100:DeepStack_20000|DeepStack_20001
STATE:167:cr300f:Qs|Ah:-100|100:DeepStack_20001|DeepStack_20000
STATE:168:cc/cc:As|Qh/Kh:100|-100:DeepStack_20000|DeepStack_20001
STATE:169:cc/cc:Qh|Kh/Qs:100|-100:DeepStack_20001|DeepStack_20000
STATE:170:cc/cr300f:Qh|Kh/Ks:-100|100:DeepStack_20000|DeepStack_20001
STATE:171:cc/cc:Qh|Ks/Qs:100|-100:DeepStack_20001|DeepStack_20000
STATE:172:cr300c/r1200f:Qs|Ah/Ks:300|-300:DeepStack_20000|DeepStack_20001
STATE:173:cc/cc:As|Qs/Kh:100|-100:DeepStack_20001|DeepStack_20000
STATE:174:cc/cc:Ah|Qh/Kh:100|-100:DeepStack_20000|DeepStack_20001
STATE:175:cr300f:Ks|Ah:-100|100:DeepStack_20001|DeepStack_20000
STATE:176:cr300f:Ks|Ah:-100|100:DeepStack_20000|DeepStack_20001
STATE:177:cr300c/r1200f:Ks|Qh/Kh:300|-300:DeepStack_20001|DeepStack_20000
STATE:178:cc/cc:Qh|Qs/As:0|0:DeepStack_20000|DeepStack_20001
STATE:179:cc/cc:Qh|Qs/Ks:0|0:DeepStack_20001|DeepStack_20000
STATE:180:cr300f:Qs|Ah:-100|100:DeepStack_20000|DeepStack_20001
STATE:181:cc/cr300f:As|Qs/Ks:-100|100:DeepStack_20001|DeepStack_20000
STATE:182:r1200f:As|Ks:100|-100:DeepStack_20000|DeepStack_20001
STATE:183:cr300f:Ks|As:-100|100:DeepStack_20001|DeepStack_20000
STATE:184:r1200c/:Ah|As/Kh:0|0:DeepStack_20000|DeepStack_20001
STATE:185:cc/cc:Ks|Kh/Qs:0|0:DeepStack_20001|DeepStack_20000
STATE:186:cr300c/cc:Qh|Ah/Kh:-300|300:DeepStack_20000|DeepStack_20001
STATE:187:cc/cr300f:Kh|Qh/Qs:-100|100:DeepStack_20001|DeepStack_20000
STATE:188:r1200c/:As|Ah/Kh:0|0:DeepStack_20000|DeepStack_20001
STATE:189:cr1200f:Qs|As:-100|100:DeepStack_20001|DeepStack_20000
STATE:190:cc/cc:Qs|Kh/Ah:-100|100:DeepStack_20000|DeepStack_20001
STATE:191:r300r900f:Ks|As:-300|300:DeepStack_20001|DeepStack_20000
STATE:192:cc/cr300f:Ah|Qs/Kh:-100|100:DeepStack_20000|DeepStack_20001
STATE:193:cr300r1200f:Ah|Kh:300|-300:DeepStack_20001|DeepStack_20000
STATE:194:cr300c/r1200f:Kh|Ah/Qh:300|-300:DeepStack_20000|DeepStack_20001
STATE:195:cc/cc:Qs|Qh/Ah:0|0:DeepStack_20001|DeepStack_20000
STATE:196:cr300c/cr1200f:Qs|Ah/Ks:-300|300:DeepStack_20000|DeepStack_20001
STATE:197:cc/cr300f:Qs|Kh/Ks:-100|100:DeepStack_20001|DeepStack_20000
STATE:198:cr300r1200f:Ah|Kh:300|-300:DeepStack_20000|DeepStack_20001
STATE:199:cr300f:Qs|As:-100|100:DeepStack_20001|DeepStack_20000
STATE:200:cr300f:Qh|Ah:-100|100:DeepStack_20000|DeepStack_20001
STATE:201:cr1200f:Ks|Ah:-100|100:DeepStack_20001|DeepStack_20000
STATE:202:cc/cc:Qh|Kh/Qs:100|-100:DeepStack_20000|DeepStack_20001
STATE:203:cr300c/cr900f:Ks|Qh/Qs:-300|300:DeepStack_20001|DeepStack_20000
STATE:204:cr300c/r1200f:Qs|Ah/Qh:300|-300:DeepStack_20000|DeepStack_20001
STATE:205:cr300c/r1200c:Qs|Ah/Qh:1200|-1200:DeepStack_20001|DeepStack_20000
STATE:206:cr1200f:Kh|As:-100|100:DeepStack_20000|DeepStack_20001
STATE:207:cr300r1200f:Ah|Qs:300|-300:DeepStack_20001|DeepStack_20000
STATE:208:cr1200f:Ks|As:-100|100:DeepStack_20000|DeepStack_20001
STATE:209:cr1200f:Qh|Ah:-100|100:DeepStack_20001|DeepStack_20000
STATE:210:cr300r900f:As|Kh:300|-300:DeepStack_20000|DeepStack_20001
STATE:211:cr300r1200c/:Ah|As/Kh:0|0:DeepStack_20001|DeepStack_20000
STATE:212:cr300r1200f:Ah|Ks:300|-300:DeepStack_20000|DeepStack_20001
STATE:213:cr1200f:Kh|Ah:-100|100:DeepStack_20001|DeepStack_20000
STATE:214:cr300c/r1200f:Ks|Ah/Qh:300|-300:DeepStack_20000|DeepStack_20001
STATE:215:cr300f:Qs|Ah:-100|100:DeepStack_20001|DeepStack_20000
STATE:216:cc/cc:Kh|Ks/As:0|0:DeepStack_20000|DeepStack_20001
STATE:217:cr300f:Kh|As:-100|100:DeepStack_20001|DeepStack_20000
STATE:218:r1200f:As|Kh:100|-100:DeepStack_20000|DeepStack_20001
STATE:219:cc/cc:Ks|Kh/As:0|0:DeepStack_20001|DeepStack_20000
STATE:220:cc/r300c:Ah|Ks/As:300|-300:DeepStack_20000|DeepStack_20001
STATE:221:cr300f:Ks|As:-100|100:DeepStack_20001|DeepStack_20000
STATE:222:cc/r300c:Kh|Ks/Ah:0|0:DeepStack_20000|DeepStack_20001
STATE:223:cr300r1200c/:Ah|As/Qh:0|0:DeepStack_20001|DeepStack_20000
STATE:224:cc/cr300f:As|Ks/Kh:-100|100:DeepStack_20000|DeepStack_20001
STATE:225:cc/cr300f:Ks|Qh/Qs:-100|100:DeepStack_20001|DeepStack_20000
STATE:226:cc/cc:Kh|Ks/Qs:0|0:DeepStack_20000|DeepStack_20001
STATE:227:r1200f:Ah|Kh:100|-100:DeepStack_20001|DeepStack_20000
STATE:228:cr300f:Qs|Ks:-100|100:DeepStack_20000|DeepStack_20001
STATE:229:cc/cr300f:Kh|Qs/Qh:-100|100:DeepStack_20001|DeepStack_20000
STATE:230:r1200f:Ah|Kh:100|-100:DeepStack_20000|DeepStack_20001
STATE:231:cr300f:Ks|Kh:-100|100:DeepStack_20001|DeepStack_20000
STATE:232:r1200f:As|Kh:100|-100:DeepStack_20000|DeepStack_20001
STATE:233:cc/cc:Qh|Kh/Ah:-100|100:DeepStack_20001|DeepStack_20000
STATE:234:cc/cr300f:As|Qs/Qh:-100|100:DeepStack_20000|DeepStack_20001
STATE:235:r1200f:As|Kh:100|-100:DeepStack_20001|DeepStack_20000
STATE:236:r1200f:Ah|Qs:100|-100:DeepStack_20000|DeepStack_20001
STATE:237:cr300f:Qh|Ah:-100|100:DeepStack_20001|DeepStack_20000
STATE:238:cr300f:Ks|As:-100|100:DeepStack_20000|DeepStack_20001
STATE:239:cc/r300f:Ks|Qs/Ah:100|-100:DeepStack_20001|DeepStack_20000
STATE:240:cc/cr300c:As|Kh/Ks:-300|300:DeepStack_20000|DeepStack_20001
STATE:241:cc/r300f:Kh|Qs/Ah:100|-100:DeepStack_20001|DeepStack_20000
STATE:242:cc/r300c:As|Ks/Ah:300|-300:DeepStack_20000|DeepStack_20001
STATE:243:cc/cc:Qs|Qh/Ah:0|0:DeepStack_20001|DeepStack_20000
STATE:244:cr300f:Ks|Qs:-100|100:DeepStack_20000|DeepStack_20001
STATE:245:r300c/cr1200f:Ks|Ah/Qh:-300|300:DeepStack_20001|DeepStack_20000
STATE:246:cc/cc:As|Kh/Qh:100|-100:DeepStack_20000|DeepStack_20001
STATE:247:r300f:Ks|Qh:100|-100:DeepStack_20001|DeepStack_20000
STATE:248:cc/cr300c:Ks|Qs/As:300|-300:DeepStack_20000|DeepStack_20001
STATE:249:cc/cc:As|Ah/Kh:0|0:DeepStack_20001|DeepStack_20000
STATE:250:r1200f:As|Qs:100|-100:DeepStack_20000|DeepStack_20001
STATE:251:cc/r300f:Kh|Qs/As:100|-100:DeepStack_20001|DeepStack_20000
STATE:252:cc/cc:Ah|Ks/Qh:100|-100:DeepStack_20000|DeepStack_20001
STATE:253:r1200f:Ah|Kh:100|-100:DeepStack_20001|DeepStack_20000
STATE:254:r1200f:As|Kh:100|-100:DeepStack_20000|DeepStack_20001
STATE:255:cr300r1200c/:Ah|As/Qh:0|0:DeepStack_20001|DeepStack_20000
STATE:256:cr300c/cc:Ks|Ah/Qh:-300|300:DeepStack_20000|DeepStack_20001
STATE:257:cc/cc:Qs|Ah/Kh:-100|100:DeepStack_20001|DeepStack_20000
STATE:258:r300c/r1200f:As|Qs/Ah:300|-300:DeepStack_20000|DeepStack_20001
STATE:259:cc/cc:Ks|Qs/Kh:100|-100:DeepStack_20001|DeepStack_20000
STATE:260:cc/cc:Qs|Ks/Ah:-100|100:DeepStack_20000|DeepStack_20001
STATE:261:cr300f:Ks|Ah:-100|100:DeepStack_20001|DeepStack_20000
STATE:262:cc/cc:Qh|Qs/Ah:0|0:DeepStack_20000|DeepStack_20001
STATE:263:cc/cc:Ah|Kh/Qs:100|-100:DeepStack_20001|DeepStack_20000
STATE:264:r1200f:As|Qs:100|-100:DeepStack_20000|DeepStack_20001
STATE:265:cr1200f:Qs|Ah:-100|100:DeepStack_20001|DeepStack_20000
STATE:266:cr300f:Kh|As:-100|100:DeepStack_20000|DeepStack_20001
STATE:267:cc/cc:Qs|Ks/Ah:-100|100:DeepStack_20001|DeepStack_20000
STATE:268:cc/r1200f:Ks|Qs/As:100|-100:DeepStack_20000|DeepStack_20001
STATE:269:r1200f:Ah|Ks:100|-100:DeepStack_20001|DeepStack_20000
STATE:270:cr1200f:Ks|Ah:-100|100:DeepStack_20000|DeepStack_20001
STATE:271:cr300r1200c/:Ah|As/Ks:0|0:DeepStack_20001|DeepStack_20000
STATE:272:cc/cr300f:Ks|Kh/Qh:-100|100:DeepStack_20000|DeepStack_20001
STATE:273:cr300r1200c/:Ah|As/Ks:0|0:DeepStack_20001|DeepStack_20000
STATE:274:cc/cc:Qs|Qh/As:0|0:DeepStack_20000|DeepStack_20001
STATE:275:cr300r1200c/:Ah|As/Ks:0|0:DeepStack_20001|DeepStack_20000
STATE:276:cr1200f:Kh|As:-100|100:DeepStack_20000|DeepStack_20001
STATE:277:cc/cc:Ah|Kh/Qh:100|-100:DeepStack_20001|DeepStack_20000
STATE:278:cr1200f:Qs|As:-100|100:DeepStack_20000|DeepStack_20001
STATE:279:r1200f:Ah|Ks:100|-100:DeepStack_20001|DeepStack_20000
STATE:280:cr300f:Qh|Ah:-100|100:DeepStack_20000|DeepStack_20001
STATE:281:r1200c/:Ah|As/Qh:0|0:DeepStack_20001|DeepStack_20000
STATE:282:cc/r300f:Ks|Qh/Ah:100|-100:DeepStack_20000|DeepStack_20001
STATE:283:r1200c/:Ah|As/Qh:0|0:DeepStack_20001|DeepStack_20000
STATE:284:cc/cr300c:As|Ks/Kh:-300|300:DeepStack_20000|DeepStack_20001
STATE:285:cc/cr300f:Ks|Qs/Qh:-100|100:DeepStack_20001|DeepStack_20000
STATE:286:cc/cr300f:Qh|Ks/Kh:-100|100:DeepStack_20000|DeepStack_20001
STATE:287:cr300f:Kh|Ah:-100|100:DeepStack_20001|DeepStack_20000
STATE:288:cr300f:Kh|Ah:-100|100:DeepStack_20000|DeepStack_20001
STATE:289:cc/cc:Kh|Ah/Qh:-100|100:DeepStack_20001|DeepStack_20000
STATE:290:r1200f:As|Qh:100|-100:DeepStack_20000|DeepStack_20001
STATE:291:cc/cr300f:Qh|Qs/Ks:-100|100:DeepStack_20001|DeepStack_20000
STATE:292:cc/r300f:As|Qs/Ah:100|-100:DeepStack_20000|DeepStack_20001
STATE:293:cc/cr300f:Qs|Ks/Kh:-100|100:DeepStack_20001|DeepStack_20000
STATE:294:cc/cc:Qs|Qh/Ks:0|0:DeepStack_20000|DeepStack_20001
STATE:295:cc/cr300f:Ks|Qs/Qh:-100|100:DeepStack_20001|DeepStack_20000
STATE:296:cc/cc:Qh|Ks/As:-100|100:DeepStack_20000|DeepStack_20001
STATE:297:cc/cc:Qs|As/Kh:-100|100:DeepStack_20001|DeepStack_20000
STATE:298:cc/r300f:Ah|Kh/As:100|-100:DeepStack_20000|DeepStack_20001
STATE:299:cc/r300c:Ks|Kh/As:0|0:DeepStack_20001|DeepStack_20000
STATE:300:cc/cc:Ks|Ah/Kh:100|-100:DeepStack_20000|DeepStack_20001
STATE:301:cr1200f:Qh|As:-100|100:DeepStack_20001|DeepStack_20000
STATE:302:r1200f:Ah|Qs:100|-100:DeepStack_20000|DeepStack_20001
STATE:303:cr300r1200f:As|Ks:300|-300:DeepStack_20001|DeepStack_20000
STATE:304:cc/cr300c:As|Qh/Qs:-300|300:DeepStack_20000|DeepStack_20001
STATE:305:cc/r300c:Kh|Ks/Ah:0|0:DeepStack_20001|DeepStack_20000
STATE:306:cc/cr300c:Ah|Ks/Qh:300|-300:DeepStack_20000|DeepStack_20001
STATE:307:cc/cr300f:Ah|Qs/Qh:-100|100:DeepStack_20001|DeepStack_20000
STATE:308:cc/cc:Ah|Qh/Ks:100|-100:DeepStack_20000|DeepStack_20001
STATE:309:cr300c/r1200c:Kh|Ah/Ks:1200|-1200:DeepStack_20001|DeepStack_20000
STATE:310:cc/r300c:Ks|Kh/As:0|0:DeepStack_20000|DeepStack_20001
STATE:311:cc/cr300r1200f:Kh|Qs/Ks:300|-300:DeepStack_20001|DeepStack_20000
STATE:312:cr300c/cr1200f:Qh|Kh/Ah:-300|300:DeepStack_20000|DeepStack_20001
STATE:313:cc/cc:Qs|Qh/Kh:0|0:DeepStack_20001|DeepStack_20000
STATE:314:cr300r1200c/:As|Ah/Ks:0|0:DeepStack_20000|DeepStack_20001
STATE:315:cr300f:Qh|As:-100|100:DeepStack_20001|DeepStack_20000
STATE:316:cr300c/cr1200f:Kh|Qh/Ah:-300|300:DeepStack_20000|DeepStack_20001
STATE:317:r1200f:As|Ks:100|-100:DeepStack_20001|DeepStack_20000
STATE:318:cc/cc:As|Qs/Ks:100|-100:DeepStack_20000|DeepStack_20001
STATE:319:cr1200f:Kh|As:-100|100:DeepStack_20001|DeepStack_20000
STATE:320:cc/cc:Qs|Ks/As:-100|100:DeepStack_20000|DeepStack_20001
STATE:321:cc/cc:Qh|Ks/As:-100|100:DeepStack_20001|DeepStack_20000
STATE:322:cc/cc:Qh|Ks/As:-100|100:DeepStack_20000|DeepStack_20001
STATE:323:cr300f:Qh|As:-100|100:DeepStack_20001|DeepStack_20000
STATE:324:cr300f:Qh|As:-100|100:DeepStack_20000|DeepStack_20001
STATE:325:cc/cc:Ah|Ks/Qs:100|-100:DeepStack_20001|DeepStack_20000
STATE:326:cr300c/cc:Kh|Ah/Qh:-300|300:DeepStack_20000|DeepStack_20001
STATE:327:r1200f:Ah|Kh:100|-100:DeepStack_20001|DeepStack_20000
STATE:328:cc/r300f:As|Ks/Ah:100|-100:DeepStack_20000|DeepStack_20001
STATE:329:cc/cc:Qh|Kh/As:-100|100:DeepStack_20001|DeepStack_20000
STATE:330:cr300f:Qs|Qh:-100|100:DeepStack_20000|DeepStack_20001
STATE:331:cc/r300f:Kh|Qs/As:100|-100:DeepStack_20001|DeepStack_20000
STATE:332:cr300f:Qh|Qs:-100|100:DeepStack_20000|DeepStack_20001
STATE:333:cc/cr300r1200f:Kh|Qh/Ks:300|-300:DeepStack_20001|DeepStack_20000
STATE:334:cc/cc:Qs|Ah/Kh:-100|100:DeepStack_20000|DeepStack_20001
STATE:335:cr300r1200c/:Ah|As/Kh:0|0:DeepStack_20001|DeepStack_20000
STATE:336:cc/cc:Ks|Kh/Qh:0|0:DeepStack_20000|DeepStack_20001
STATE:337:r1200c/:Ah|As/Kh:0|0:DeepStack_20001|DeepStack_20000
STATE:338:cr300f:Qs|As:-100|100:DeepStack_20000|DeepStack_20001
STATE:339:cr300r1200f:Ah|Qh:300|-300:DeepStack_20001|DeepStack_20000
STATE:340:cc/cc:Kh|Ks/Qh:0|0:DeepStack_20000|DeepStack_20001
STATE:341:cr300f:Kh|As:-100|100:DeepStack_20001|DeepStack_20000
STATE:342:cc/cr300f:Ah|Qh/Kh:-100|100:DeepStack_20000|DeepStack_20001
STATE:343:cr300r1200f:Ah|Qh:300|-300:DeepStack_20001|DeepStack_20000
STATE:344:cr300f:Kh|Ah:-100|100:DeepStack_20000|DeepStack_20001
STATE:345:cc/cc:As|Ah/Qh:0|0:DeepStack_20001|DeepStack_20000
STATE:346:cr300c/cr1200f:Ks|Kh/Qs:-300|300:DeepStack_20000|DeepStack_20001
STATE:347:r1200f:As|Qs:100|-100:DeepStack_20001|DeepStack_20000
STATE:348:cr300f:Qs|Ks:-100|100:DeepStack_20000|DeepStack_20001
STATE:349:cr300r1200f:As|Kh:300|-300:DeepStack_20001|DeepStack_20000
STATE:350:cc/cr300f:Ah|Kh/Ks:-100|100:DeepStack_20000|DeepStack_20001
STATE:351:cc/cc:Qs|Ks/As:-100|100:DeepStack_20001|DeepStack_20000
STATE:352:cr300f:Qs|Qh:-100|100:DeepStack_20000|DeepStack_20001
STATE:353:cr300c/cc:Qs|As/Ks:-300|300:DeepStack_20001|DeepStack_20000
STATE:354:cr300c/cr1200f:Ks|As/Ah:-300|300:DeepStack_20000|DeepStack_20001
STATE:355:cr300f:Kh|As:-100|100:DeepStack_20001|DeepStack_20000
STATE:356:cr300r1200c/:Ah|As/Qh:0|0:DeepStack_20000|DeepStack_20001
STATE:357:cc/cc:Qh|Ks/Ah:-100|100:DeepStack_20001|DeepStack_20000
STATE:358:cr300f:Kh|Ah:-100|100:DeepStack_20000|DeepStack_20001
STATE:359:cr300f:Kh|As:-100|100:DeepStack_20001|DeepStack_20000
STATE:360:cc/cr300r900f:Qs|Kh/Qh:300|-300:DeepStack_20000|DeepStack_20001
STATE:361:r1200f:As|Qh:100|-100:DeepStack_20001|DeepStack_20000
STATE:362:r1200f:Ah|Kh:100|-100:DeepStack_20000|DeepStack_20001
STATE:363:cr300r1200c/:Ah|As/Qh:0|0:DeepStack_20001|DeepStack_20000
STATE:364:cc/cr300f:Ks|Qs/Qh:-100|100:DeepStack_20000|DeepStack_20001
STATE:365:cc/cc:Qh|Qs/Ah:0|0:DeepStack_20001|DeepStack_20000
STATE:366:r300c/cr900f:Qh|Qs/Ks:-300|300:DeepStack_20000|DeepStack_20001
STATE:367:cr300c/r1200c:Qh|As/Qs:1200|-1200:DeepStack_20001|DeepStack_20000
STATE:368:cr300c/r1200f:Qh|Kh/Qs:300|-300:DeepStack_20000|DeepStack_20001
STATE:369:cc/cc:Qh|Qs/Ks:0|0:DeepStack_20001|DeepStack_20000
STATE:370:r300c/cc:Ah|Qs/Kh:300|-300:DeepStack_20000|DeepStack_20001
STATE:371:r300c/cc:As|Ah/Qs:0|0:DeepStack_20001|DeepStack_20000
STATE:372:cc/cc:Ks|Kh/Ah:0|0:DeepStack_20000|DeepStack_20001
STATE:373:cr300f:Qh|Ks:-100|100:DeepStack_20001|DeepStack_20000
STATE:374:r1200f:Ah|Qs:100|-100:DeepStack_20000|DeepStack_20001
STATE:375:cr300f:Qh|Ah:-100|100:DeepStack_20001|DeepStack_20000
STATE:376:r1200f:As|Kh:100|-100:DeepStack_20000|DeepStack_20001
STATE:377:cc/cr300f:Qh|Kh/Ks:-100|100:DeepStack_20001|DeepStack_20000
STATE:378:cc/cc:Ks|Kh/Ah:0|0:DeepStack_20000|DeepStack_20001
STATE:379:r1200f:Ah|Qh:100|-100:DeepStack_20001|DeepStack_20000
STATE:380:cc/cc:Qs|Ah/Kh:-100|100:DeepStack_20000|DeepStack_20001
STATE:381:r1200f:As|Qh:100|-100:DeepStack_20001|DeepStack_20000
STATE:382:r1200f:Ah|Qh:100|-100:DeepStack_20000|DeepStack_20001
STATE:383:cr300f:Qh|Ah:-100|100:DeepStack_20001|DeepStack_20000
STATE:384:cc/cr300f:Qs|Kh/Ks:-100|100:DeepStack_20000|DeepStack_20001
STATE:385:r1200f:As|Qh:100|-100:DeepStack_20001|DeepStack_20000
STATE:386:cr300f:Qh|As:-100|100:DeepStack_20000|DeepStack_20001
STATE:387:r1200f:Ah|Ks:100|-100:DeepStack_20001|DeepStack_20000
STATE:388:r1200f:As|Kh:100|-100:DeepStack_20000|DeepStack_20001
STATE:389:r1200c/:As|Ah/Ks:0|0:DeepStack_20001|DeepStack_20000
STATE:390:cc/cr300f:Kh|Qs/Qh:-100|100:DeepStack_20000|DeepStack_20001
STATE:391:r300c/cr900r1200f:Ah|Qh/Kh:900|-900:DeepStack_20001|DeepStack_20000
STATE:392:cr1200c/:As|Ah/Qh:0|0:DeepStack_20000|DeepStack_20001
STATE:393:cr300f:Qs|Qh:-100|100:DeepStack_20001|DeepStack_20000
STATE:394:cc/cc:Ks|Qs/Kh:100|-100:DeepStack_20000|DeepStack_20001
STATE:395:cr300c/cr1200f:Kh|Ks/As:-300|300:DeepStack_20001|DeepStack_20000
STATE:396:r1200f:Ah|Kh:100|-100:DeepStack_20000|DeepStack_20001
STATE:397:cc/r300c:Ks|Kh/As:0|0:DeepStack_20001|DeepStack_20000
STATE:398:cc/cc:Qh|Kh/As:-100|100:DeepStack_20000|DeepStack_20001
STATE:399:cc/cc:Qh|Ks/As:-100|100:DeepStack_20001|DeepStack_20000
STATE:400:cr300f:Kh|Ah:-100|100:DeepStack_20000|DeepStack_20001
STATE:401:cc/cc:Ah|Qh/Ks:100|-100:DeepStack_20001|DeepStack_20000
STATE:402:cr300c/cr900c:Kh|Ah/As:-900|900:DeepStack_20000|DeepStack_20001
STATE:403:cc/cr300f:Qh|Kh/Ks:-100|100:DeepStack_20001|DeepStack_20000
STATE:404:cr300c/r1200f:Ks|Ah/Kh:300|-300:DeepStack_20000|DeepStack_20001
STATE:405:cc/cc:Qs|Qh/Kh:0|0:DeepStack_20001|DeepStack_20000
STATE:406:cc/cc:Qh|As/Qs:100|-100:DeepStack_20000|DeepStack_20001
STATE:407:cr300f:Ks|As:-100|100:DeepStack_20001|DeepStack_20000
STATE:408:cr300c/cr1200c:Ks|Qs/Ah:1200|-1200:DeepStack_20000|DeepStack_20001
STATE:409:cc/r300f:Kh|Qs/Ah:100|-100:DeepStack_20001|DeepStack_20000
STATE:410:cr300f:Kh|Ah:-100|100:DeepStack_20000|DeepStack_20001
STATE:411:cc/cc:Qh|Ks/Qs:100|-100:DeepStack_20001|DeepStack_20000
STATE:412:cr1200f:Qs|As:-100|100:DeepStack_20000|DeepStack_20001
STATE:413:cr300f:Qh|Ah:-100|100:DeepStack_20001|DeepStack_20000
STATE:414:cc/cr300f:Qs|Ks/Kh:-100|100:DeepStack_20000|DeepStack_20001
STATE:415:r1200f:Ah|Ks:100|-100:DeepStack_20001|DeepStack_20000
STATE:416:cr300f:Ks|Ah:-100|100:DeepStack_20000|DeepStack_20001
STATE:417:cr300f:Kh|As:-100|100:DeepStack_20001|DeepStack_20000
STATE:418:cc/cc:Qh|Ah/Qs:100|-100:DeepStack_20000|DeepStack_20001
STATE:419:r300c/cc:Ks|Kh/Ah:0|0:DeepStack_20001|DeepStack_20000
STATE:420:cr300r1200c/:As|Ah/Qs:0|0:DeepStack_20000|DeepStack_20001
STATE:421:cr300f:Ks|As:-100|100:DeepStack_20001|DeepStack_20000
STATE:422:cr300c/cr1200f:Qs|As/Ah:-300|300:DeepStack_20000|DeepStack_20001
STATE:423:cr300f:Ks|As:-100|100:DeepStack_20001|DeepStack_20000
STATE:424:cr300f:Qh|Ks:-100|100:DeepStack_20000|DeepStack_20001
STATE:425:cc/cr300f:Kh|Qh/Qs:-100|100:DeepStack_20001|DeepStack_20000
STATE:426:cc/r300f:Ks|Qs/Ah:100|-100:DeepStack_20000|DeepStack_20001
STATE:427:cr300f:Qs|Ah:-100|100:DeepStack_20001|DeepStack_20000
STATE:428:cc/cr300c:Ah|Ks/Kh:-300|300:DeepStack_20000|DeepStack_20001
STATE:429:cr300c/cr1200f:Qh|As/Ah:-300|300:DeepStack_20001|DeepStack_20000
STATE:430:cc/r300c:Kh|Ks/As:0|0:DeepStack_20000|DeepStack_20001
STATE:431:cr300c/cc:Ks|Ah/Qh:-300|300:DeepStack_20001|DeepStack_20000
STATE:432:cc/cr300f:Ks|Qh/Qs:-100|100:DeepStack_20000|DeepStack_20001
STATE:433:cc/cc:Qh|Qs/Ah:0|0:DeepStack_20001|DeepStack_20000
STATE:434:cr1200f:Qh|As:-100|100:DeepStack_20000|DeepStack_20001
STATE:435:cc/cc:Qs|Qh/Ks:0|0:DeepStack_20001|DeepStack_20000
STATE:436:r1200f:Ah|Ks:100|-100:DeepStack_20000|DeepStack_20001
STATE:437:cc/cr300c:As|Ks/Kh:-300|300:DeepStack_20001|DeepStack_20000
STATE:438:cc/cc:Qh|Ah/Qs:100|-100:DeepStack_20000|DeepStack_20001
STATE:439:cr300c/r900f:Kh|Ah/Ks:300|-300:DeepStack_20001|DeepStack_20000
STATE:440:r1200f:As|Qs:100|-100:DeepStack_20000|DeepStack_20001
STATE:441:cr300c/cc:Kh|Ah/Qh:-300|300:DeepStack_20001|DeepStack_20000
STATE:442:cc/cc:Qh|Kh/Ah:-100|100:DeepStack_20000|DeepStack_20001
STATE:443:cr300r1200f:Ah|Kh:300|-300:DeepStack_20001|DeepStack_20000
STATE:444:r1200f:Ah|Ks:100|-100:DeepStack_20000|DeepStack_20001
STATE:445:cr300c/cr900f:Ks|Ah/Qh:-300|300:DeepStack_20001|DeepStack_20000
STATE:446:cc/cc:Ks|Kh/Ah:0|0:DeepStack_20000|DeepStack_20001
STATE:447:cc/r300c:Ah|Kh/As:300|-300:DeepStack_20001|DeepStack_20000
STATE:448:cc/cr300r1200f:Qh|Kh/Qs:300|-300:DeepStack_20000|DeepStack_20001
STATE:449:cc/cr300f:As|Qs/Ks:-100|100:DeepStack_20001|DeepStack_20000
STATE:450:cc/cc:Qs|Qh/Ks:0|0:DeepStack_20000|DeepStack_20001
STATE:451:cc/cc:Qh|Qs/As:0|0:DeepStack_20001|DeepStack_20000
STATE:452:cc/cr300f:Ks|Qh/Qs:-100|100:DeepStack_20000|DeepStack_20001
STATE:453:r1200f:As|Qs:100|-100:DeepStack_20001|DeepStack_20000
STATE:454:cr300r1200f:As|Qh:300|-300:DeepStack_20000|DeepStack_20001
STATE:455:r1200f:Ah|Qh:100|-100:DeepStack_20001|DeepStack_20000
STATE:456:cc/cr300c:Ah|Kh/Ks:-300|300:DeepStack_20000|DeepStack_20001
STATE:457:cc/cc:Qh|As/Qs:100|-100:DeepStack_20001|DeepStack_20000
STATE:458:cc/cc:Qh|Qs/Ah:0|0:DeepStack_20000|DeepStack_20001
STATE:459:cc/cc:As|Qh/Ks:100|-100:DeepStack_20001|DeepStack_20000
STATE:460:cc/cc:Kh|Ks/Ah:0|0:DeepStack_20000|DeepStack_20001
STATE:461:cc/cc:Qs|Qh/Ah:0|0:DeepStack_20001|DeepStack_20000
STATE:462:r1200f:Ah|Qh:100|-100:DeepStack_20000|DeepStack_20001
STATE:463:cr300c/cr1200c:Ks|Kh/As:0|0:DeepStack_20001|DeepStack_20000
STATE:464:cc/cr300f:Ks|Qh/Qs:-100|100:DeepStack_20000|DeepStack_20001
STATE:465:cr1200f:Qh|Ah:-100|100:DeepStack_20001|DeepStack_20000
STATE:466:cc/cr300c:Ah|Kh/Qh:300|-300:DeepStack_20000|DeepStack_20001
STATE:467:r300c/cc:Ah|Qs/Kh:300|-300:DeepStack_20001|DeepStack_20000
STATE:468:r1200c/:Ah|As/Qs:0|0:DeepStack_20000|DeepStack_20001
STATE:469:cr300f:Kh|As:-100|100:DeepStack_20001|DeepStack_20000
STATE:470:cr300f:Qs|Ks:-100|100:DeepStack_20000|DeepStack_20001
STATE:471:cc/cr300f:Qs|Qh/Ks:-100|100:DeepStack_20001|DeepStack_20000
STATE:472:cc/r300c:Kh|Ks/As:0|0:DeepStack_20000|DeepStack_20001
STATE:473:cc/cc:Qh|Kh/Ah:-100|100:DeepStack_20001|DeepStack_20000
STATE:474:cr300f:Kh|As:-100|100:DeepStack_20000|DeepStack_20001
STATE:475:r1200f:Ah|Qs:100|-100:DeepStack_20001|DeepStack_20000
STATE:476:cr300c/cr900f:Qs|As/Ks:-300|300:DeepStack_20000|DeepStack_20001
STATE:477:cr300f:Qs|Ah:-100|100:DeepStack_20001|DeepStack_20000
STATE:478:cc/cr1200f:Qh|As/Ah:-100|100:DeepStack_20000|DeepStack_20001
STATE:479:cc/r1200f:Ah|Qs/As:100|-100:DeepStack_20001|DeepStack_20000
STATE:480:cr300f:Qs|Qh:-100|100:DeepStack_20000|DeepStack_20001
STATE:481:cc/cc:Qs|Kh/As:-100|100:DeepStack_20001|DeepStack_20000
STATE:482:cc/cc:Ks|As/Kh:100|-100:DeepStack_20000|DeepStack_20001
STATE:483:cc/cr300f:Ks|Kh/Qs:-100|100:DeepStack_20001|DeepStack_20000
STATE:484:cr300f:Ks|Qs:-100|100:DeepStack_20000|DeepStack_20001
STATE:485:cr300f:Kh|As:-100|100:DeepStack_20001|DeepStack_20000
STATE:486:cc/r300f:As|Qh/Ah:100|-100:DeepStack_20000|DeepStack_20001
STATE:487:cr300f:Qh|Kh:-100|100:DeepStack_20001|DeepStack_20000
STATE:488:cc/cc:As|Ks/Qs:100|-100:DeepStack_20000|DeepStack_20001
STATE:489:cr300f:Qh|As:-100|100:DeepStack_20001|DeepStack_20000
STATE:490:cr300c/r900f:Kh|Qs/Ks:300|-300:DeepStack_20000|DeepStack_20001
STATE:491:cr1200f:Qh|As:-100|100:DeepStack_20001|DeepStack_20000
STATE:492:cc/cr300f:Ah|Qh/Ks:-100|100:DeepStack_20000|DeepStack_20001
STATE:493:cc/cc:Qs|Qh/As:0|0:DeepStack_20001|DeepStack_20000
STATE:494:cc/cc:Qh|Qs/Ah:0|0:DeepStack_20000|DeepStack_20001
STATE:495:r1200f:As|Qs:100|-100:DeepStack_20001|DeepStack_20000
STATE:496:cr1200f:Qs|As:-100|100:DeepStack_20000|DeepStack_20001
STATE:497:cc/cc:Qh|Ks/Ah:-100|100:DeepStack_20001|DeepStack_20000
STATE:498:cc/cc:Ks|Qh/Kh:100|-100:DeepStack_20000|DeepStack_20001
STATE:499:r1200f:Ah|Qh:100|-100:DeepStack_20001|DeepStack_20000
STATE:500:r1200f:Ah|Ks:100|-100:DeepStack_20000|DeepStack_20001
STATE:501:cr1200f:Kh|As:-100|100:DeepStack_20001|DeepStack_20000
STATE:502:cc/cr300f:Ah|Qh/Qs:-100|100:DeepStack_20000|DeepStack_20001
STATE:503:cr300f:Qh|As:-100|100:DeepStack_20001|DeepStack_20000
STATE:504:cr300f:Ks|Qh:-100|100:DeepStack_20000|DeepStack_20001
STATE:505:cc/cc:Ks|Kh/Qs:0|0:DeepStack_20001|DeepStack_20000
STATE:506:cr300f:Qs|Ah:-100|100:DeepStack_20000|DeepStack_20001
STATE:507:cc/cc:Ks|Kh/As:0|0:DeepStack_20001|DeepStack_20000
STATE:508:cc/cr300f:Qs|Kh/Ks:-100|100:DeepStack_20000|DeepStack_20001
STATE:509:r1200f:As|Qh:100|-100:DeepStack_20001|DeepStack_20000
STATE:510:cc/cc:Qs|Qh/As:0|0:DeepStack_20000|DeepStack_20001
STATE:511:cr300r1200c/:Ah|As/Qh:0|0:DeepStack_20001|DeepStack_20000
STATE:512:cr300c/cr1200c:Ks|Qs/Ah:1200|-1200:DeepStack_20000|DeepStack_20001
STATE:513:cc/cc:Kh|As/Ks:100|-100:DeepStack_20001|DeepStack_20000
STATE:514:cc/cc:Kh|Ks/As:0|0:DeepStack_20000|DeepStack_20001
STATE:515:cr300f:Kh|Ks:-100|100:DeepStack_20001|DeepStack_20000
STATE:516:cc/cc:Qs|Kh/As:-100|100:DeepStack_20000|DeepStack_20001
STATE:517:r300c/cc:Ah|As/Ks:0|0:DeepStack_20001|DeepStack_20000
STATE:518:r1200f:As|Kh:100|-100:DeepStack_20000|DeepStack_20001
STATE:519:cr1200f:Ks|As:-100|100:DeepStack_20001|DeepStack_20000
STATE:520:cr300f:Ks|Ah:-100|100:DeepStack_20000|DeepStack_20001
STATE:521:cc/r300r900f:Kh|Ah/As:-300|300:DeepStack_20001|DeepStack_20000
STATE:522:cc/cr300f:As|Ks/Qh:-100|100:DeepStack_20000|DeepStack_20001
STATE:523:r300c/cr900c:As|Kh/Ks:-900|900:DeepStack_20001|DeepStack_20000
STATE:524:cr300f:Qh|Kh:-100|100:DeepStack_20000|DeepStack_20001
STATE:525:r300r1200f:Ks|Ah:-300|300:DeepStack_20001|DeepStack_20000
STATE:526:cc/cc:Qs|Qh/As:0|0:DeepStack_20000|DeepStack_20001
STATE:527:cc/cr300f:As|Qh/Qs:-100|100:DeepStack_20001|DeepStack_20000
STATE:528:cc/cc:Ks|Kh/Qh:0|0:DeepStack_20000|DeepStack_20001
STATE:529:cc/cc:As|Ks/Qs:100|-100:DeepStack_20001|DeepStack_20000
STATE:530:r300c/cc:Ah|Kh/Qs:300|-300:DeepStack_20000|DeepStack_20001
STATE:531:cr300f:Ks|Qs:-100|100:DeepStack_20001|DeepStack_20000
STATE:532:r300c/cc:As|Ah/Ks:0|0:DeepStack_20000|DeepStack_20001
STATE:533:cr300f:Ks|Ah:-100|100:DeepStack_20001|DeepStack_20000
STATE:534:cc/cc:Kh|Ks/As:0|0:DeepStack_20000|DeepStack_20001
STATE:535:cc/cc:Qh|Kh/As:-100|100:DeepStack_20001|DeepStack_20000
STATE:536:cr300f:Qh|As:-100|100:DeepStack_20000|DeepStack_20001
STATE:537:cc/cc:Qh|Kh/Ah:-100|100:DeepStack_20001|DeepStack_20000
STATE:538:cc/cr300f:Kh|Ks/Qh:-100|100:DeepStack_20000|DeepStack_20001
STATE:539:r1200f:Ah|Qs:100|-100:DeepStack_20001|DeepStack_20000
STATE:540:r300c/cc:Ah|Ks/Qh:300|-300:DeepStack_20000|DeepStack_20001
STATE:541:cr300f:Qs|As:-100|100:DeepStack_20001|DeepStack_20000
STATE:542:cr300c/cc:Ks|Ah/Qs:-300|300:DeepStack_20000|DeepStack_20001
STATE:543:cc/cr300f:Qh|Ks/Kh:-100|100:DeepStack_20001|DeepStack_20000
STATE:544:cr300r1200c/:Ah|As/Kh:0|0:DeepStack_20000|DeepStack_20001
STATE:545:cc/cc:Ah|Ks/Qh:100|-100:DeepStack_20001|DeepStack_20000
STATE:546:r1200f:As|Ks:100|-100:DeepStack_20000|DeepStack_20001
STATE:547:cc/r300r900f:Ks|Ah/As:-300|300:DeepStack_20001|DeepStack_20000
STATE:548:cc/cc:Qh|Qs/Kh:0|0:DeepStack_20000|DeepStack_20001
STATE:549:cc/cc:Qh|Qs/Ah:0|0:DeepStack_20001|DeepStack_20000
STATE:550:cc/r300f:Kh|Ks/Ah:100|-100:DeepStack_20000|DeepStack_20001
STATE:551:r1200f:Ah|Kh:100|-100:DeepStack_20001|DeepStack_20000
STATE:552:cr300c/cc:Ks|Ah/Qs:-300|300:DeepStack_20000|DeepStack_20001
STATE:553:cc/cr300f:Ks|Qh/Qs:-100|100:DeepStack_20001|DeepStack_20000
STATE:554:cc/cc:As|Ks/Qh:100|-100:DeepStack_20000|DeepStack_20001
STATE:555:cr300c/cr900f:Ks|Kh/Qs:-300|300:DeepStack_20001|DeepStack_20000
STATE:556:cc/cr300f:Ah|Qs/Qh:-100|100:DeepStack_20000|DeepStack_20001
STATE:557:r1200f:Ah|Qh:100|-100:DeepStack_20001|DeepStack_20000
STATE:558:r300f:Kh|Qh:100|-100:DeepStack_20000|DeepStack_20001
STATE:559:cc/cr300f:As|Qh/Qs:-100|100:DeepStack_20001|DeepStack_20000
STATE:560:cr300f:Qh|Kh:-100|100:DeepStack_20000|DeepStack_20001
STATE:561:cc/cr300f:Ks|Qs/Qh:-100|100:DeepStack_20001|DeepStack_20000
STATE:562:cr300f:Qh|As:-100|100:DeepStack_20000|DeepStack_20001
STATE:563:cc/cc:Qs|Kh/Ah:-100|100:DeepStack_20001|DeepStack_20000
STATE:564:cr300f:Qs|As:-100|100:DeepStack_20000|DeepStack_20001
STATE:565:cr300c/cr1200f:Ks|Ah/Qs:-300|300:DeepStack_20001|DeepStack_20000
STATE:566:cc/cr300f:Qs|Kh/Ks:-100|100:DeepStack_20000|DeepStack_20001
STATE:567:cr300f:Qs|Ah:-100|100:DeepStack_20001|DeepStack_20000
STATE:568:r1200f:Ah|Qh:100|-100:DeepStack_20000|DeepStack_20001
STATE:569:cc/cc:Kh|Ks/Qh:0|0:DeepStack_20001|DeepStack_20000
STATE:570:cc/cc:Kh|Qh/Ks:100|-100:DeepStack_20000|DeepStack_20001
STATE:571:cc/cr300c:Ks|Ah/As:-300|300:DeepStack_20001|DeepStack_20000
STATE:572:r1200c/:As|Ah/Qs:0|0:DeepStack_20000|DeepStack_20001
STATE:573:cc/cc:Qs|Qh/Ah:0|0:DeepStack_20001|DeepStack_20000
STATE:574:cc/cc:Qh|Kh/Ah:-100|100:DeepStack_20000|DeepStack_20001
STATE:575:cr300f:Kh|As:-100|100:DeepStack_20001|DeepStack_20000
STATE:576:r300r900f:Qs|Ah:-300|300:DeepStack_20000|DeepStack_20001
STATE:577:cr300r1200c/:As|Ah/Qh:0|0:DeepStack_20001|DeepStack_20000
STATE:578:cc/r300f:As|Qh/Ah:100|-100:DeepStack_20000|DeepStack_20001
STATE:579:cc/cc:Ks|Ah/Qh:-100|100:DeepStack_20001|DeepStack_20000
STATE:580:r1200f:Ah|Qs:100|-100:DeepStack_20000|DeepStack_20001
STATE:581:cr1200f:Kh|Ah:-100|100:DeepStack_20001|DeepStack_20000
STATE:582:cr300f:Qs|Ks:-100|100:DeepStack_20000|DeepStack_20001
STATE:583:r1200f:Ah|Qh:100|-100:DeepStack_20001|DeepStack_20000
STATE:584:cc/cc:Ks|Kh/Qs:0|0:DeepStack_20000|DeepStack_20001
STATE:585:cr300f:Kh|As:-100|100:DeepStack_20001|DeepStack_20000
STATE:586:cr300c/cr1200c:Ks|Qh/Ah:1200|-1200:DeepStack_20000|DeepStack_20001
STATE:587:cr300f:Kh|As:-100|100:DeepStack_20001|DeepStack_20000
STATE:588:cc/cc:Qh|Kh/As:-100|100:DeepStack_20000|DeepStack_20001
STATE:589:cc/r300f:Ah|Kh/As:100|-100:DeepStack_20001|DeepStack_20000
STATE:590:cc/cr300f:Qs|Qh/Kh:-100|100:DeepStack_20000|DeepStack_20001
STATE:591:cc/cc:Kh|Qs/Ks:100|-100:DeepStack_20001|DeepStack_20000
STATE:592:cc/cc:As|Kh/Qh:100|-100:DeepStack_20000|DeepStack_20001
STATE:593:cr300f:Kh|As:-100|100:DeepStack_20001|DeepStack_20000
STATE:594:cc/cc:Qh|Qs/As:0|0:DeepStack_20000|DeepStack_20001
STATE:595:cr300f:Ks|Qs:-100|100:DeepStack_20001|DeepStack_20000
STATE:596:r300c/cc:Qs|Ks/Qh:300|-300:DeepStack_20000|DeepStack_20001
STATE:597:cc/cc:Ah|Qs/Ks:100|-100:DeepStack_20001|DeepStack_20000
STATE:598:cc/cc:Kh|Qs/Ks:100|-100:DeepStack_20000|DeepStack_20001
STATE:599:cc/r300f:Ks|Qs/Ah:100|-100:DeepStack_20001|DeepStack_20000
STATE:600:cc/cr300f:Ks|Qh/Qs:-100|100:DeepStack_20000|DeepStack_20001
STATE:601:cr300f:Kh|Qh:-100|100:DeepStack_20001|DeepStack_20000
STATE:602:cc/cc:Qh|Ks/As:-100|100:DeepStack_20000|DeepStack_20001
STATE:603:cc/cc:Ks|Qh/Ah:100|-100:DeepStack_20001|DeepStack_20000
STATE:604:cr300f:Ks|Ah:-100|100:DeepStack_20000|DeepStack_20001
STATE:605:cr300f:Qh|As:-100|100:DeepStack_20001|DeepStack_20000
STATE:606:cc/cc:Ah|Qh/Kh:100|-100:DeepStack_20000|DeepStack_20001
STATE:607:r300c/cr900f:As|Ks/Kh:-300|300:DeepStack_20001|DeepStack_20000
STATE:608:cr300c/cr1200f:Kh|Qh/Ah:-300|300:DeepStack_20000|DeepStack_20001
STATE:609:cr300f:Ks|As:-100|100:DeepStack_20001|DeepStack_20000
STATE:610:cc/cc:As|Ks/Qs:100|-100:DeepStack_20000|DeepStack_20001
STATE:611:r1200f:Ah|Ks:100|-100:DeepStack_20001|DeepStack_20000
STATE:612:r300c/cc:Ah|As/Qh:0|0:DeepStack_20000|DeepStack_20001
STATE:613:cc/cc:Kh|Ks/As:0|0:DeepStack_20001|DeepStack_20000
STATE:614:cc/cc:Kh|Ks/Qh:0|0:DeepStack_20000|DeepStack_20001
STATE:615:cc/cc:Ks|Ah/Qs:-100|100:DeepStack_20001|DeepStack_20000
STATE:616:cc/r300f:Kh|Qs/As:100|-100:DeepStack_20000|DeepStack_20001
STATE:617:cc/r300f:Ah|Ks/As:100|-100:DeepStack_20001|DeepStack_20000
STATE:618:cr300f:Ks|Ah:-100|100:DeepStack_20000|DeepStack_20001
STATE:619:r1200c/:Ah|As/Qh:0|0:DeepStack_20001|DeepStack_20000
STATE:620:cr300c/r1200c:Qh|As/Qs:1200|-1200:DeepStack_20000|DeepStack_20001
STATE:621:cc/r300f:Ks|Kh/Ah:100|-100:DeepStack_20001|DeepStack_20000
STATE:622:cr300f:Qs|Ah:-100|100:DeepStack_20000|DeepStack_20001
STATE:623:cc/cc:Ks|Kh/Qh:0|0:DeepStack_20001|DeepStack_20000
STATE:624:cr300r1200c/:As|Ah/Qs:0|0:DeepStack_20000|DeepStack_20001
STATE:625:cc/cc:Ks|Qh/Ah:100|-100:DeepStack_20001|DeepStack_20000
STATE:626:cc/cr300f:Kh|Qs/Qh:-100|100:DeepStack_20000|DeepStack_20001
STATE:627:cc/cc:As|Qh/Ks:100|-100:DeepStack_20001|DeepStack_20000
STATE:628:cr300f:Qs|Ah:-100|100:DeepStack_20000|DeepStack_20001
STATE:629:cr300c/cr1200f:Ks|Qs/Qh:-300|300:DeepStack_20001|DeepStack_20000
STATE:630:cc/cr300f:As|Qs/Qh:-100|100:DeepStack_20000|DeepStack_20001
STATE:631:r300c/cc:Qh|Ah/Ks:-300|300:DeepStack_20001|DeepStack_20000
STATE:632:cr300f:Qh|As:-100|100:DeepStack_20000|DeepStack_20001
STATE:633:cr300f:Ks|Ah:-100|100:DeepStack_20001|DeepStack_20000
STATE:634:cr300c/cc:Ks|Ah/Qs:-300|300:DeepStack_20000|DeepStack_20001
STATE:635:cr300f:Qs|Ah:-100|100:DeepStack_20001|DeepStack_20000
STATE:636:cc/cc:Kh|Ks/Ah:0|0:DeepStack_20000|DeepStack_20001
STATE:637:cr300f:Ks|Qh:-100|100:DeepStack_20001|DeepStack_20000
STATE:638:cc/cc:Kh|Qh/Ks:100|-100:DeepStack_20000|DeepStack_20001
STATE:639:cr300f:Ks|Qs:-100|100:DeepStack_20001|DeepStack_20000
STATE:640:cr300f:Ks|Ah:-100|100:DeepStack_20000|DeepStack_20001
STATE:641:r1200f:As|Qh:100|-100:DeepStack_20001|DeepStack_20000
STATE:642:cc/cc:Ah|As/Qh:0|0:DeepStack_20000|DeepStack_20001
STATE:643:cc/cc:Qh|Qs/Ah:0|0:DeepStack_20001|DeepStack_20000
STATE:644:cr300f:Ks|Ah:-100|100:DeepStack_20000|DeepStack_20001
STATE:645:cr300f:Ks|Ah:-100|100:DeepStack_20001|DeepStack_20000
STATE:646:cc/cr300f:Qh|Ks/Kh:-100|100:DeepStack_20000|DeepStack_20001
STATE:647:cc/r300f:Ks|Kh/As:100|-100:DeepStack_20001|DeepStack_20000
STATE:648:cc/r1200f:As|Qh/Ah:100|-100:DeepStack_20000|DeepStack_20001
STATE:649:cc/cr1200f:Ks|As/Ah:-100|100:DeepStack_20001|DeepStack_20000
STATE:650:cc/r300c:Ks|Kh/Ah:0|0:DeepStack_20000|DeepStack_20001
STATE:651:cc/cr300f:Ah|Kh/Qh:-100|100:DeepStack_20001|DeepStack_20000
STATE:652:cr300f:Ks|Ah:-100|100:DeepStack_20000|DeepStack_20001
STATE:653:cr300f:Kh|Ks:-100|100:DeepStack_20001|DeepStack_20000
STATE:654:cc/cr300c:Ah|Kh/Qs:300|-300:DeepStack_20000|DeepStack_20001
STATE:655:r1200f:As|Qh:100|-100:DeepStack_20001|DeepStack_20000
STATE:656:cr300r1200f:Ah|Qh:300|-300:DeepStack_20000|DeepStack_20001
STATE:657:cr1200f:Qs|As:-100|100:DeepStack_20001|DeepStack_20000
STATE:658:r1200f:Ah|Qs:100|-100:DeepStack_20000|DeepStack_20001
STATE:659:cr300c/cr1200f:Ks|As/Qh:-300|300:DeepStack_20001|DeepStack_20000
STATE:660:cr300f:Ks|As:-100|100:DeepStack_20000|DeepStack_20001
STATE:661:cc/cr1200f:Qh|Kh/Ah:-100|100:DeepStack_20001|DeepStack_20000
STATE:662:cc/cc:Qs|Qh/As:0|0:DeepStack_20000|DeepStack_20001
STATE:663:cr300c/cc:Ks|As/Qh:-300|300:DeepStack_20001|DeepStack_20000
STATE:664:cc/r300f:Ks|Qs/As:100|-100:DeepStack_20000|DeepStack_20001
STATE:665:cr300f:Qh|As:-100|100:DeepStack_20001|DeepStack_20000
STATE:666:cc/cc:Qs|Kh/Ah:-100|100:DeepStack_20000|DeepStack_20001
STATE:667:cr300f:Kh|As:-100|100:DeepStack_20001|DeepStack_20000
STATE:668:cc/cc:Kh|Qs/Ks:100|-100:DeepStack_20000|DeepStack_20001
STATE:669:cr300f:Kh|Ks:-100|100:DeepStack_20001|DeepStack_20000
STATE:670:cc/r300f:Ks|Qs/As:100|-100:DeepStack_20000|DeepStack_20001
STATE:671:r1200c/:Ah|As/Qh:0|0:DeepStack_20001|DeepStack_20000
STATE:672:cr1200f:Kh|As:-100|100:DeepStack_20000|DeepStack_20001
STATE:673:cc/cc:Kh|Qs/Ks:100|-100:DeepStack_20001|DeepStack_20000
STATE:674:r1200f:Ah|Qh:100|-100:DeepStack_20000|DeepStack_20001
STATE:675:cr1200f:Ks|As:-100|100:DeepStack_20001|DeepStack_20000
STATE:676:cc/r300f:Kh|Qs/Ah:100|-100:DeepStack_20000|DeepStack_20001
STATE:677:cc/cc:Ks|Qs/As:100|-100:DeepStack_20001|DeepStack_20000
STATE:678:cr300f:Qs|As:-100|100:DeepStack_20000|DeepStack_20001
STATE:679:cc/cr300f:Ks|Qs/Qh:-100|100:DeepStack_20001|DeepStack_20000
STATE:680:cc/cc:Qh|Ah/Ks:-100|100:DeepStack_20000|DeepStack_20001
STATE:681:r300c/cc:As|Qh/Ks:300|-300:DeepStack_20001|DeepStack_20000
STATE:682:cr1200f:Kh|As:-100|100:DeepStack_20000|DeepStack_20001
STATE:683:cr1200c/:As|Ah/Kh:0|0:DeepStack_20001|DeepStack_20000
STATE:684:cc/r300r900f:Ks|As/Ah:-300|300:DeepStack_20000|DeepStack_20001
STATE:685:cr1200f:Qh|As:-100|100:DeepStack_20001|DeepStack_20000
STATE:686:cc/cr300f:Qh|Ks/Kh:-100|100:DeepStack_20000|DeepStack_20001
STATE:687:cc/cc:Qh|Ks/Qs:100|-100:DeepStack_20001|DeepStack_20000
STATE:688:cr300c/r1200f:Ks|As/Kh:300|-300:DeepStack_20000|DeepStack_20001
STATE:689:cr300f:Kh|As:-100|100:DeepStack_20001|DeepStack_20000
STATE:690:cc/cc:Qs|Qh/Kh:0|0:DeepStack_20000|DeepStack_20001
STATE:691:cr300c/cc:Qs|Ah/Ks:-300|300:DeepStack_20001|DeepStack_20000
STATE:692:cr300f:Qs|Kh:-100|100:DeepStack_20000|DeepStack_20001
STATE:693:r1200f:As|Kh:100|-100:DeepStack_20001|DeepStack_20000
STATE:694:cc/cc:Qs|Ks/As:-100|100:DeepStack_20000|DeepStack_20001
STATE:695:cc/cc:Ks|Qs/Kh:100|-100:DeepStack_20001|DeepStack_20000
STATE:696:r1200c/:Ah|As/Qh:0|0:DeepStack_20000|DeepStack_20001
STATE:697:cc/r300c:Ah|Kh/As:300|-300:DeepStack_20001|DeepStack_20000
STATE:698:cc/cc:Kh|Ks/As:0|0:DeepStack_20000|DeepStack_20001
STATE:699:cr1200f:Qh|Ah:-100|100:DeepStack_20001|DeepStack_20000
STATE:700:cc/cc:Qh|Ks/As:-100|100:DeepStack_20000|DeepStack_20001
STATE:701:r300c/r1200f:Ah|Kh/As:300|-300:DeepStack_20001|DeepStack_20000
STATE:702:cr300c/cr1200c:Ks|Ah/As:-1200|1200:DeepStack_20000|DeepStack_20001
STATE:703:cc/cr300r1200f:Kh|Qh/Ks:300|-300:DeepStack_20001|DeepStack_20000
STATE:704:cc/cc:Ks|Kh/Qh:0|0:DeepStack_20000|DeepStack_20001
STATE:705:cr300f:Qs|As:-100|100:DeepStack_20001|DeepStack_20000
STATE:706:cr300r1200f:As|Ks:300|-300:DeepStack_20000|DeepStack_20001
STATE:707:cc/cc:Qs|Ks/As:-100|100:DeepStack_20001|DeepStack_20000
STATE:708:cc/cr300f:As|Qh/Qs:-100|100:DeepStack_20000|DeepStack_20001
STATE:709:cr300f:Kh|Ks:-100|100:DeepStack_20001|DeepStack_20000
STATE:710:cc/cr1200f:Qh|Ah/As:-100|100:DeepStack_20000|DeepStack_20001
STATE:711:cc/cc:As|Qh/Kh:100|-100:DeepStack_20001|DeepStack_20000
STATE:712:cr300f:Qh|As:-100|100:DeepStack_20000|DeepStack_20001
STATE:713:cr300r1200f:As|Qh:300|-300:DeepStack_20001|DeepStack_20000
STATE:714:cr300f:Qs|As:-100|100:DeepStack_20000|DeepStack_20001
STATE:715:cc/r300f:Ks|Qs/As:100|-100:DeepStack_20001|DeepStack_20000
STATE:716:cc/cc:Kh|Qh/As:100|-100:DeepStack_20000|DeepStack_20001
STATE:717:cc/cc:Ks|Kh/Qs:0|0:DeepStack_20001|DeepStack_20000
STATE:718:cc/cr300r1200f:Kh|Qh/Ks:300|-300:DeepStack_20000|DeepStack_20001
STATE:719:cr300c/r1200f:Qs|Ks/Qh:300|-300:DeepStack_20001|DeepStack_20000
STATE:720:cr300c/cc:Qs|Ah/Ks:-300|300:DeepStack_20000|DeepStack_20001
STATE:721:cc/cc:Qs|Qh/As:0|0:DeepStack_20001|DeepStack_20000
STATE:722:r1200f:As|Qs:100|-100:DeepStack_20000|DeepStack_20001
STATE:723:cr1200f:Qh|Ah:-100|100:DeepStack_20001|DeepStack_20000
STATE:724:cc/cc:Ks|Qs/As:100|-100:DeepStack_20000|DeepStack_20001
STATE:725:cr300f:Kh|As:-100|100:DeepStack_20001|DeepStack_20000
STATE:726:cr300f:Ks|Qs:-100|100:DeepStack_20000|DeepStack_20001
STATE:727:r300c/cr900f:As|Qh/Ks:-300|300:DeepStack_20001|DeepStack_20000
STATE:728:r1200f:Ah|Kh:100|-100:DeepStack_20000|DeepStack_20001
STATE:729:cr300c/cr1200f:Qh|Ah/As:-300|300:DeepStack_20001|DeepStack_20000
STATE:730:cr300f:Kh|Qh:-100|100:DeepStack_20000|DeepStack_20001
STATE:731:cc/cc:Ks|Qs/Kh:100|-100:DeepStack_20001|DeepStack_20000
STATE:732:r1200f:As|Ks:100|-100:DeepStack_20000|DeepStack_20001
STATE:733:r300r900f:Kh|As:-300|300:DeepStack_20001|DeepStack_20000
STATE:734:cr300r900f:Ah|Kh:300|-300:DeepStack_20000|DeepStack_20001
STATE:735:cr300c/cr1200f:Qh|Ks/As:-300|300:DeepStack_20001|DeepStack_20000
STATE:736:cc/cr300f:Ah|Kh/Qs:-100|100:DeepStack_20000|DeepStack_20001
STATE:737:cc/cr300f:Qs|Kh/Ks:-100|100:DeepStack_20001|DeepStack_20000
STATE:738:cc/cc:As|Kh/Ah:100|-100:DeepStack_20000|DeepStack_20001
STATE:739:cc/cc:Qs|Qh/As:0|0:DeepStack_20001|DeepStack_20000
STATE:740:cc/cc:As|Qh/Ks:100|-100:DeepStack_20000|DeepStack_20001
STATE:741:cc/cc:Qs|Kh/Ah:-100|100:DeepStack_20001|DeepStack_20000
STATE:742:cc/cc:Ks|As/Kh:100|-100:DeepStack_20000|DeepStack_20001
STATE:743:cc/cr300f:Qs|Ks/Kh:-100|100:DeepStack_20001|DeepStack_20000
STATE:744:r300c/cc:Kh|Qh/Ah:300|-300:DeepStack_20000|DeepStack_20001
STATE:745:cr300f:Qh|As:-100|100:DeepStack_20001|DeepStack_20000
STATE:746:cc/cc:Qs|Ks/Qh:100|-100:DeepStack_20000|DeepStack_20001
STATE:747:cr300c/cc:Qs|Kh/Ah:-300|300:DeepStack_20001|DeepStack_20000
STATE:748:cr300c/cc:Qh|Qs/Ah:0|0:DeepStack_20000|DeepStack_20001
STATE:749:cc/cc:Qh|Qs/Kh:0|0:DeepStack_20001|DeepStack_20000
STATE:750:cc/cr300f:Qh|Ks/Kh:-100|100:DeepStack_20000|DeepStack_20001
STATE:751:cr300f:Qs|Ah:-100|100:DeepStack_20001|DeepStack_20000
STATE:752:cc/r1200f:Ah|Qs/As:100|-100:DeepStack_20000|DeepStack_20001
STATE:753:cc/cc:Qs|Kh/Ah:-100|100:DeepStack_20001|DeepStack_20000
STATE:754:cr300f:Qs|Ah:-100|100:DeepStack_20000|DeepStack_20001
STATE:755:cc/cr1200f:Ks|Kh/Ah:-100|100:DeepStack_20001|DeepStack_20000
STATE:756:cc/cc:Qs|Ks/Ah:-100|100:DeepStack_20000|DeepStack_20001
STATE:757:cr300c/cr900f:Qs|Ah/As:-300|300:DeepStack_20001|DeepStack_20000
STATE:758:cc/cr300f:Ah|Kh/Ks:-100|100:DeepStack_20000|DeepStack_20001
STATE:759:cc/r300f:As|Qs/Ah:100|-100:DeepStack_20001|DeepStack_20000
STATE:760:r300r1200f:Qh|As:-300|300:DeepStack_20000|DeepStack_20001
STATE:761:cc/cr300c:Ah|Ks/Qh:300|-300:DeepStack_20001|DeepStack_20000
STATE:762:cc/cc:Ks|Kh/Qh:0|0:DeepStack_20000|DeepStack_20001
STATE:763:cc/cr1200f:Qs|As/Ah:-100|100:DeepStack_20001|DeepStack_20000
STATE:764:cc/cc:Qh|Kh/As:-100|100:DeepStack_20000|DeepStack_20001
STATE:765:cc/cr300r900f:Ks|Qh/Kh:300|-300:DeepStack_20001|DeepStack_20000
STATE:766:cr300r1200c/:As|Ah/Kh:0|0:DeepStack_20000|DeepStack_20001
STATE:767:cr300f:Qs|Ah:-100|100:DeepStack_20001|DeepStack_20000
STATE:768:cr300r1200f:Ah|Qh:300|-300:DeepStack_20000|DeepStack_20001
STATE:769:cr300r1200f:Ah|Kh:300|-300:DeepStack_20001|DeepStack_20000
STATE:770:cc/cc:Kh|Ks/Ah:0|0:DeepStack_20000|DeepStack_20001
STATE:771:cr300c/cc:Ks|As/Qs:-300|300:DeepStack_20001|DeepStack_20000
STATE:772:cr300c/r1200f:Ks|Qh/Kh:300|-300:DeepStack_20000|DeepStack_20001
STATE:773:cr300c/cr1200f:Kh|As/Qs:-300|300:DeepStack_20001|DeepStack_20000
STATE:774:cc/cr300f:As|Qh/Qs:-100|100:DeepStack_20000|DeepStack_20001
STATE:775:cr300c/cr1200f:Ks|Ah/Qs:-300|300:DeepStack_20001|DeepStack_20000
STATE:776:cc/cc:Ah|As/Qh:0|0:DeepStack_20000|DeepStack_20001
STATE:777:r1200f:Ah|Qs:100|-100:DeepStack_20001|DeepStack_20000
STATE:778:r1200c/:As|Ah/Qh:0|0:DeepStack_20000|DeepStack_20001
STATE:779:cr300f:Qh|Ah:-100|100:DeepStack_20001|DeepStack_20000
STATE:780:cr300f:Ks|Ah:-100|100:DeepStack_20000|DeepStack_20001
STATE:781:cr300r1200c/:As|Ah/Qh:0|0:DeepStack_20001|DeepStack_20000
STATE:782:r1200f:As|Qh:100|-100:DeepStack_20000|DeepStack_20001
STATE:783:cc/cr300f:As|Qs/Kh:-100|100:DeepStack_20001|DeepStack_20000
STATE:784:cc/cr300f:As|Qh/Kh:-100|100:DeepStack_20000|DeepStack_20001
STATE:785:cc/cc:As|Qs/Kh:100|-100:DeepStack_20001|DeepStack_20000
STATE:786:cr300r1200c/:Ah|As/Ks:0|0:DeepStack_20000|DeepStack_20001
STATE:787:cc/cr1200f:Kh|Qs/As:-100|100:DeepStack_20001|DeepStack_20000
STATE:788:cc/cr300f:Ks|Qh/Qs:-100|100:DeepStack_20000|DeepStack_20001
STATE:789:cc/r300f:Kh|Qh/Ah:100|-100:DeepStack_20001|DeepStack_20000
STATE:790:cc/cc:Ks|Qs/As:100|-100:DeepStack_20000|DeepStack_20001
STATE:791:cr1200c/:As|Ah/Qs:0|0:DeepStack_20001|DeepStack_20000
STATE:792:cr300f:Qh|Ah:-100|100:DeepStack_20000|DeepStack_20001
STATE:793:cr300c/cc:Ks|Ah/Qs:-300|300:DeepStack_20001|DeepStack_20000
STATE:794:cr300c/cr1200f:Kh|Ah/As:-300|300:DeepStack_20000|DeepStack_20001
STATE:795:cr300f:Kh|As:-100|100:DeepStack_20001|DeepStack_20000
STATE:796:cr300f:Kh|Ks:-100|100:DeepStack_20000|DeepStack_20001
STATE:797:cc/cc:Qs|Kh/As:-100|100:DeepStack_20001|DeepStack_20000
STATE:798:cc/cc:As|Qs/Ah:100|-100:DeepStack_20000|DeepStack_20001
STATE:799:cr300f:Qs|Qh:-100|100:DeepStack_20001|DeepStack_20000
STATE:800:cc/cr1200f:Ks|Qh/Ah:-100|100:DeepStack_20000|DeepStack_20001
STATE:801:cc/r300f:Kh|Qh/Ah:100|-100:DeepStack_20001|DeepStack_20000
STATE:802:cc/r300f:Ah|Kh/As:100|-100:DeepStack_20000|DeepStack_20001
STATE:803:r1200f:Ah|Qs:100|-100:DeepStack_20001|DeepStack_20000
STATE:804:cr300f:Qs|Ah:-100|100:DeepStack_20000|DeepStack_20001
STATE:805:r1200f:As|Ks:100|-100:DeepStack_20001|DeepStack_20000
STATE:806:cc/cc:Ah|Ks/Qs:100|-100:DeepStack_20000|DeepStack_20001
STATE:807:cc/r300f:Kh|Qs/As:100|-100:DeepStack_20001|DeepStack_20000
STATE:808:cc/cc:Qh|Ah/Ks:-100|100:DeepStack_20000|DeepStack_20001
STATE:809:cr300f:Qh|Kh:-100|100:DeepStack_20001|DeepStack_20000
STATE:810:cc/r300c:Kh|Ks/As:0|0:DeepStack_20000|DeepStack_20001
STATE:811:cc/cr300c:As|Qh/Ks:300|-300:DeepStack_20001|DeepStack_20000
STATE:812:cr300r1200c/:Ah|As/Kh:0|0:DeepStack_20000|DeepStack_20001
STATE:813:r1200f:As|Qs:100|-100:DeepStack_20001|DeepStack_20000
STATE:814:r1200f:Ah|Ks:100|-100:DeepStack_20000|DeepStack_20001
STATE:815:cr300f:Qh|Ah:-100|100:DeepStack_20001|DeepStack_20000
STATE:816:cr300f:Ks|Qh:-100|100:DeepStack_20000|DeepStack_20001
STATE:817:cc/r300c:Ks|Kh/Ah:0|0:DeepStack_20001|DeepStack_20000
STATE:818:cc/cc:Ah|Ks/Qh:100|-100:DeepStack_20000|DeepStack_20001
STATE:819:cc/cc:Ah|Qh/Ks:100|-100:DeepStack_20001|DeepStack_20000
STATE:820:r1200c/:Ah|As/Ks:0|0:DeepStack_20000|DeepStack_20001
STATE:821:r1200f:As|Qs:100|-100:DeepStack_20001|DeepStack_20000
STATE:822:r1200f:Ah|Qs:100|-100:DeepStack_20000|DeepStack_20001
STATE:823:cc/cr300f:As|Ks/Qh:-100|100:DeepStack_20001|DeepStack_20000
STATE:824:cr300f:Ks|Qh:-100|100:DeepStack_20000|DeepStack_20001
STATE:825:r1200c/:Ah|As/Qh:0|0:DeepStack_20001|DeepStack_20000
STATE:826:cc/r300f:Ah|Qs/As:100|-100:DeepStack_20000|DeepStack_20001
STATE:827:cr300r1200f:Ah|Ks:300|-300:DeepStack_20001|DeepStack_20000
STATE:828:cr1200f:Ks|Ah:-100|100:DeepStack_20000|DeepStack_20001
STATE:829:cc/r300f:As|Qh/Ah:100|-100:DeepStack_20001|DeepStack_20000
STATE:830:cc/cr300c:As|Kh/Ks:-300|300:DeepStack_20000|DeepStack_20001
STATE:831:r1200f:As|Qh:100|-100:DeepStack_20001|DeepStack_20000
STATE:832:cr300f:Qh|As:-100|100:DeepStack_20000|DeepStack_20001
STATE:833:cr300c/cc:Ah|As/Kh:0|0:DeepStack_20001|DeepStack_20000
STATE:834:cr300r1200f:As|Kh:300|-300:DeepStack_20000|DeepStack_20001
STATE:835:cc/cc:Ah|Qh/Kh:100|-100:DeepStack_20001|DeepStack_20000
STATE:836:cc/cc:Qs|Qh/Ks:0|0:DeepStack_20000|DeepStack_20001
STATE:837:cr1200f:Qs|As:-100|100:DeepStack_20001|DeepStack_20000
STATE:838:cc/cc:Kh|Ks/Qh:0|0:DeepStack_20000|DeepStack_20001
STATE:839:r300c/cr1200f:Ks|Qs/Qh:-300|300:DeepStack_20001|DeepStack_20000
STATE:840:cc/cc:Qs|Qh/Kh:0|0:DeepStack_20000|DeepStack_20001
STATE:841:cr300f:Qs|Ah:-100|100:DeepStack_20001|DeepStack_20000
STATE:842:r1200f:Ah|Ks:100|-100:DeepStack_20000|DeepStack_20001
STATE:843:cr300f:Qh|Kh:-100|100:DeepStack_20001|DeepStack_20000
STATE:844:r1200f:Ah|Kh:100|-100:DeepStack_20000|DeepStack_20001
STATE:845:cc/cr300f:Ah|Qh/Ks:-100|100:DeepStack_20001|DeepStack_20000
STATE:846:r1200c/:Ah|As/Qh:0|0:DeepStack_20000|DeepStack_20001
STATE:847:cc/cr300f:Ks|Qs/Qh:-100|100:DeepStack_20001|DeepStack_20000
STATE:848:cc/cc:Ks|Kh/Ah:0|0:DeepStack_20000|DeepStack_20001
STATE:849:cc/r300f:Kh|Qs/Ah:100|-100:DeepStack_20001|DeepStack_20000
STATE:850:cc/cr300f:Kh|Qh/Qs:-100|100:DeepStack_20000|DeepStack_20001
STATE:851:cr300f:Kh|Ah:-100|100:DeepStack_20001|DeepStack_20000
STATE:852:cr300f:Qh|Ah:-100|100:DeepStack_20000|DeepStack_20001
STATE:853:cr300c/cr1200f:Ks|As/Ah:-300|300:DeepStack_20001|DeepStack_20000
STATE:854:cc/cr300f:Ks|Kh/Qs:-100|100:DeepStack_20000|DeepStack_20001
STATE:855:r1200f:Ah|Qs:100|-100:DeepStack_20001|DeepStack_20000
STATE:856:cc/cc:Ks|Qs/Kh:100|-100:DeepStack_20000|DeepStack_20001
STATE:857:cc/cc:Ah|Qs/Ks:100|-100:DeepStack_20001|DeepStack_20000
STATE:858:r1200c/:Ah|As/Kh:0|0:DeepStack_20000|DeepStack_20001
STATE:859:cc/r300f:Ks|Qh/Ah:100|-100:DeepStack_20001|DeepStack_20000
STATE:860:cc/cc:Qs|Qh/Kh:0|0:DeepStack_20000|DeepStack_20001
STATE:861:cc/cc:Ks|Kh/Qh:0|0:DeepStack_20001|DeepStack_20000
STATE:862:cc/cc:Kh|As/Qs:-100|100:DeepStack_20000|DeepStack_20001
STATE:863:cr300c/r1200c:Kh|As/Qs:-1200|1200:DeepStack_20001|DeepStack_20000
STATE:864:cc/cc:As|Ks/Qs:100|-100:DeepStack_20000|DeepStack_20001
STATE:865:cc/cr300f:Qs|Ks/Kh:-100|100:DeepStack_20001|DeepStack_20000
STATE:866:r1200f:As|Qh:100|-100:DeepStack_20000|DeepStack_20001
STATE:867:cr300f:Ks|Ah:-100|100:DeepStack_20001|DeepStack_20000
STATE:868:cc/cc:Qs|Ks/Ah:-100|100:DeepStack_20000|DeepStack_20001
STATE:869:r300f:Ah|Qs:100|-100:DeepStack_20001|DeepStack_20000
STATE:870:cc/r300f:Ks|Qh/Ah:100|-100:DeepStack_20000|DeepStack_20001
STATE:871:cc/cc:Kh|Qh/Ks:100|-100:DeepStack_20001|DeepStack_20000
STATE:872:cc/cc:Qh|Qs/Ks:0|0:DeepStack_20000|DeepStack_20001
STATE:873:cr300f:Qs|Kh:-100|100:DeepStack_20001|DeepStack_20000
STATE:874:cc/cr300f:Ah|Qs/Qh:-100|100:DeepStack_20000|DeepStack_20001
STATE:875:r1200f:Ah|Qs:100|-100:DeepStack_20001|DeepStack_20000
STATE:876:cc/cr300f:Qs|Qh/Ks:-100|100:DeepStack_20000|DeepStack_20001
STATE:877:cc/cr300c:As|Qs/Qh:-300|300:DeepStack_20001|DeepStack_20000
STATE:878:cc/cc:Kh|Qh/Ah:100|-100:DeepStack_20000|DeepStack_20001
STATE:879:cc/cc:Ks|Kh/Ah:0|0:DeepStack_20001|DeepStack_20000
STATE:880:cr300c/cc:Qh|Kh/As:-300|300:DeepStack_20000|DeepStack_20001
STATE:881:cr300r1200c/:As|Ah/Qs:0|0:DeepStack_20001|DeepStack_20000
STATE:882:cr300c/cc:Qh|As/Ks:-300|300:DeepStack_20000|DeepStack_20001
STATE:883:cc/cc:As|Qs/Kh:100|-100:DeepStack_20001|DeepStack_20000
STATE:884:cr300f:Ks|Ah:-100|100:DeepStack_20000|DeepStack_20001
STATE:885:cc/cc:Qh|Ks/Ah:-100|100:DeepStack_20001|DeepStack_20000
STATE:886:cr300f:Qs|Ah:-100|100:DeepStack_20000|DeepStack_20001
STATE:887:r1200f:As|Kh:100|-100:DeepStack_20001|DeepStack_20000
STATE:888:r1200f:As|Qh:100|-100:DeepStack_20000|DeepStack_20001
STATE:889:cr300f:Qs|Ah:-100|100:DeepStack_20001|DeepStack_20000
STATE:890:r1200c/:As|Ah/Qs:0|0:DeepStack_20000|DeepStack_20001
STATE:891:r300f:Ah|Qh:100|-100:DeepStack_20001|DeepStack_20000
STATE:892:cr1200f:Kh|Ah:-100|100:DeepStack_20000|DeepStack_20001
STATE:893:cr300f:Qs|Ah:-100|100:DeepStack_20001|DeepStack_20000
STATE:894:r300c/cr900f:As|Ks/Kh:-300|300:DeepStack_20000|DeepStack_20001
STATE:895:cc/cr300c:As|Kh/Ks:-300|300:DeepStack_20001|DeepStack_20000
STATE:896:cr300c/r1200f:Ks|Ah/Kh:300|-300:DeepStack_20000|DeepStack_20001
STATE:897:cr300f:Qh|Ah:-100|100:DeepStack_20001|DeepStack_20000
STATE:898:cc/r300f:Ks|Qh/Ah:100|-100:DeepStack_20000|DeepStack_20001
STATE:899:cr300r1200f:Ah|Qs:300|-300:DeepStack_20001|DeepStack_20000
STATE:900:cc/cc:As|Ks/Qh:100|-100:DeepStack_20000|DeepStack_20001
STATE:901:cr300r1200c/:Ah|As/Ks:0|0:DeepStack_20001|DeepStack_20000
STATE:902:cr300c/r1200c:As|Ah/Kh:0|0:DeepStack_20000|DeepStack_20001
STATE:903:cr1200f:Qs|As:-100|100:DeepStack_20001|DeepStack_20000
STATE:904:r300c/r900f:Ah|Kh/As:300|-300:DeepStack_20000|DeepStack_20001
STATE:905:cr300f:Qs|Qh:-100|100:DeepStack_20001|DeepStack_20000
STATE:906:cc/cc:Ah|Qh/Ks:100|-100:DeepStack_20000|DeepStack_20001
STATE:907:r1200f:Ah|Kh:100|-100:DeepStack_20001|DeepStack_20000
STATE:908:cc/cr300f:Kh|Ks/Qh:-100|100:DeepStack_20000|DeepStack_20001
STATE:909:cc/cc:Qh|Qs/Ks:0|0:DeepStack_20001|DeepStack_20000
STATE:910:cr1200f:Qh|Ah:-100|100:DeepStack_20000|DeepStack_20001
STATE:911:cc/r300f:Ks|Qh/Ah:100|-100:DeepStack_20001|DeepStack_20000
STATE:912:cc/cr300f:Ks|Qh/Qs:-100|100:DeepStack_20000|DeepStack_20001
STATE:913:cc/cc:Ks|Qh/Kh:100|-100:DeepStack_20001|DeepStack_20000
STATE:914:cr1200c/:Ah|As/Ks:0|0:DeepStack_20000|DeepStack_20001
STATE:915:cc/cc:Qh|Qs/Ks:0|0:DeepStack_20001|DeepStack_20000
STATE:916:cc/r300f:Kh|Qs/As:100|-100:DeepStack_20000|DeepStack_20001
STATE:917:cr300c/cc:Ks|Ah/Qh:-300|300:DeepStack_20001|DeepStack_20000
STATE:918:cc/cr300f:Qh|Qs/Ks:-100|100:DeepStack_20000|DeepStack_20001
STATE:919:r300r1200c/:Ah|As/Ks:0|0:DeepStack_20001|DeepStack_20000
STATE:920:cr300f:Kh|Ah:-100|100:DeepStack_20000|DeepStack_20001
STATE:921:cc/cc:Qh|Kh/Qs:100|-100:DeepStack_20001|DeepStack_20000
STATE:922:cc/cr300f:Ks|Qs/Qh:-100|100:DeepStack_20000|DeepStack_20001
STATE:923:cc/r300c:Kh|Ks/Ah:0|0:DeepStack_20001|DeepStack_20000
STATE:924:cc/r300c:Kh|Ks/As:0|0:DeepStack_20000|DeepStack_20001
STATE:925:cr300f:Kh|Ah:-100|100:DeepStack_20001|DeepStack_20000
STATE:926:cr300f:Qs|Ah:-100|100:DeepStack_20000|DeepStack_20001
STATE:927:cr300c/r1200f:Ks|As/Kh:300|-300:DeepStack_20001|DeepStack_20000
STATE:928:cc/r300f:Ks|Qs/Ah:100|-100:DeepStack_20000|DeepStack_20001
STATE:929:cc/r300c:As|Kh/Ah:300|-300:DeepStack_20001|DeepStack_20000
STATE:930:cc/r300f:Kh|Qs/As:100|-100:DeepStack_20000|DeepStack_20001
STATE:931:cr300c/cr1200f:Qs|As/Ah:-300|300:DeepStack_20001|DeepStack_20000
STATE:932:r1200f:Ah|Qs:100|-100:DeepStack_20000|DeepStack_20001
STATE:933:cc/cr300f:Ks|Qh/Qs:-100|100:DeepStack_20001|DeepStack_20000
STATE:934:cr300f:Kh|Qs:-100|100:DeepStack_20000|DeepStack_20001
STATE:935:cr300f:Ks|As:-100|100:DeepStack_20001|DeepStack_20000
STATE:936:cc/cr300f:Qh|Ks/Kh:-100|100:DeepStack_20000|DeepStack_20001
STATE:937:cr1200f:Qs|As:-100|100:DeepStack_20001|DeepStack_20000
STATE:938:r1200f:Ah|Qh:100|-100:DeepStack_20000|DeepStack_20001
STATE:939:cc/cc:Qs|Ks/As:-100|100:DeepStack_20001|DeepStack_20000
STATE:940:cr300c/cr1200f:Qs|Qh/As:-300|300:DeepStack_20000|DeepStack_20001
STATE:941:cc/cr300c:Ah|Ks/Qh:300|-300:DeepStack_20001|DeepStack_20000
STATE:942:cr1200c/:As|Ah/Qh:0|0:DeepStack_20000|DeepStack_20001
STATE:943:cc/r1200f:Ah|Qs/As:100|-100:DeepStack_20001|DeepStack_20000
STATE:944:cc/cr300f:Qh|Ks/Kh:-100|100:DeepStack_20000|DeepStack_20001
STATE:945:cc/cc:Qh|Ks/As:-100|100:DeepStack_20001|DeepStack_20000
STATE:946:cr300r1200f:As|Qh:300|-300:DeepStack_20000|DeepStack_20001
STATE:947:cc/cr300f:Qh|Ks/Kh:-100|100:DeepStack_20001|DeepStack_20000
STATE:948:r1200f:As|Ks:100|-100:DeepStack_20000|DeepStack_20001
STATE:949:cr300f:Qs|As:-100|100:DeepStack_20001|DeepStack_20000
STATE:950:r300c/r900f:Ah|Ks/As:300|-300:DeepStack_20000|DeepStack_20001
STATE:951:cc/cc:Qs|Ks/Ah:-100|100:DeepStack_20001|DeepStack_20000
STATE:952:cr300r1200c/:Ah|As/Qh:0|0:DeepStack_20000|DeepStack_20001
STATE:953:cr300f:Kh|As:-100|100:DeepStack_20001|DeepStack_20000
STATE:954:cr300f:Kh|As:-100|100:DeepStack_20000|DeepStack_20001
STATE:955:cc/cc:Qh|Kh/Qs:100|-100:DeepStack_20001|DeepStack_20000
STATE:956:cr300r1200f:As|Qs:300|-300:DeepStack_20000|DeepStack_20001
STATE:957:cc/cc:Ks|Qh/Kh:100|-100:DeepStack_20001|DeepStack_20000
STATE:958:cc/cr300f:As|Qh/Kh:-100|100:DeepStack_20000|DeepStack_20001
STATE:959:cr300c/cr900r1200c:Qs|Ah/Qh:1200|-1200:DeepStack_20001|DeepStack_20000
STATE:960:cc/cr300c:As|Qs/Qh:-300|300:DeepStack_20000|DeepStack_20001
STATE:961:cr300f:Kh|Qs:-100|100:DeepStack_20001|DeepStack_20000
STATE:962:r1200f:As|Kh:100|-100:DeepStack_20000|DeepStack_20001
STATE:963:cr300f:Kh|Ks:-100|100:DeepStack_20001|DeepStack_20000
STATE:964:cr300c/cr900f:Ks|As/Qs:-300|300:DeepStack_20000|DeepStack_20001
STATE:965:r1200f:Ah|Qh:100|-100:DeepStack_20001|DeepStack_20000
STATE:966:cc/cc:As|Ah/Qh:0|0:DeepStack_20000|DeepStack_20001
STATE:967:cc/cc:Qs|Ah/Qh:100|-100:DeepStack_20001|DeepStack_20000
STATE:968:cc/r300f:Kh|Qh/Ah:100|-100:DeepStack_20000|DeepStack_20001
STATE:969:r1200f:Ah|Qs:100|-100:DeepStack_20001|DeepStack_20000
STATE:970:cc/r300c:As|Kh/Ah:300|-300:DeepStack_20000|DeepStack_20001
STATE:971:cc/cc:Qh|Ah/Qs:100|-100:DeepStack_20001|DeepStack_20000
STATE:972:r1200f:As|Ks:100|-100:DeepStack_20000|DeepStack_20001
STATE:973:cc/cc:Qs|Kh/Ah:-100|100:DeepStack_20001|DeepStack_20000
STATE:974:cr300f:Ks|Ah:-100|100:DeepStack_20000|DeepStack_20001
STATE:975:cc/cc:Ah|As/Qs:0|0:DeepStack_20001|DeepStack_20000
STATE:976:r1200f:As|Qs:100|-100:DeepStack_20000|DeepStack_20001
STATE:977:cr300r1200f:Ah|Kh:300|-300:DeepStack_20001|DeepStack_20000
STATE:978:cc/cc:Ks|Kh/Ah:0|0:DeepStack_20000|DeepStack_20001
STATE:979:cr1200f:Qh|As:-100|100:DeepStack_20001|DeepStack_20000
STATE:980:cr300c/cr1200f:Qh|Ah/As:-300|300:DeepStack_20000|DeepStack_20001
STATE:981:cc/cr300f:As|Ks/Kh:-100|100:DeepStack_20001|DeepStack_20000
STATE:982:cc/r300f:Ks|Qh/As:100|-100:DeepStack_20000|DeepStack_20001
STATE:983:cr300f:Qh|Kh:-100|100:DeepStack_20001|DeepStack_20000
STATE:984:r1200f:Ah|Kh:100|-100:DeepStack_20000|DeepStack_20001
STATE:985:cc/r300c:Kh|Ks/As:0|0:DeepStack_20001|DeepStack_20000
STATE:986:cr300f:Qh|As:-100|100:DeepStack_20000|DeepStack_20001
STATE:987:cc/cc:Qs|Ah/Kh:-100|100:DeepStack_20001|DeepStack_20000
STATE:988:r1200f:As|Kh:100|-100:DeepStack_20000|DeepStack_20001
STATE:989:r300c/cc:Kh|Ah/Ks:300|-300:DeepStack_20001|DeepStack_20000
STATE:990:r1200f:Ah|Qs:100|-100:DeepStack_20000|DeepStack_20001
STATE:991:cc/cr300r1200f:Qh|Ks/Qs:300|-300:DeepStack_20001|DeepStack_20000
STATE:992:cr300f:Qh|As:-100|100:DeepStack_20000|DeepStack_20001
STATE:993:cr300f:Kh|Ks:-100|100:DeepStack_20001|DeepStack_20000
STATE:994:cc/cc:As|Kh/Qs:100|-100:DeepStack_20000|DeepStack_20001
STATE:995:cr1200f:Kh|As:-100|100:DeepStack_20001|DeepStack_20000
STATE:996:cc/cc:Qs|Qh/Kh:0|0:DeepStack_20000|DeepStack_20001
STATE:997:cc/cr300f:Ks|Qs/Qh:-100|100:DeepStack_20001|DeepStack_20000
STATE:998:r1200f:Ah|Qs:100|-100:DeepStack_20000|DeepStack_20001
STATE:999:cr300c/r1200f:Qh|As/Qs:300|-300:DeepStack_20001|DeepStack_20000
SCORE:9100|-9100:DeepStack_20000|DeepStack_20001
