# name/game/hands/seed c8_dp_dp_1k leduc.game 1000 88
#--t_response 600000
#--t_hand 600000
#--t_per_hand 7000
STATE:0:r1200c/:Ah|As/Qs:0|0:DeepStack_20000|DeepStack_20001
STATE:1:r1200f:As|Qs:100|-100:DeepStack_20001|DeepStack_20000
STATE:2:r1200f:As|Ks:100|-100:DeepStack_20000|DeepStack_20001
STATE:3:cc/r1200f:Qh|Qs/As:100|-100:DeepStack_20001|DeepStack_20000
STATE:4:cr300f:Qh|Ah:-100|100:DeepStack_20000|DeepStack_20001
STATE:5:cc/cr300r900f:Kh|Qh/Ks:300|-300:DeepStack_20001|DeepStack_20000
STATE:6:cr300f:Kh|As:-100|100:DeepStack_20000|DeepStack_20001
STATE:7:cc/r300c:As|Ks/Ah:300|-300:DeepStack_20001|DeepStack_20000
STATE:8:cc/cr300c:Ah|Ks/Kh:-300|300:DeepStack_20000|DeepStack_20001
STATE:9:cr300f:Kh|Qs:-100|100:DeepStack_20001|DeepStack_20000
STATE:10:cr300c/cr1200f:Kh|Qs/Ah:-300|300:DeepStack_20000|DeepStack_20001
STATE:11:cr300f:Qh|Ah:-100|100:DeepStack_20001|DeepStack_20000
STATE:12:r1200f:Ah|Qh:100|-100:DeepStack_20000|DeepStack_20001
STATE:13:cc/r300f:Ks|Kh/As:100|-100:DeepStack_20001|DeepStack_20000
STATE:14:cr300f:Qs|Ah:-100|100:DeepStack_20000|DeepStack_20001
STATE:15:r300c/r1200f:Kh|Qs/As:300|-300:DeepStack_20001|DeepStack_20000
STATE:16:cr300c/cr900f:Kh|Ah/As:-300|300:DeepStack_20000|DeepStack_20001
STATE:17:cc/cc:Kh|Qh/Ah:100|-100:DeepStack_20001|DeepStack_20000
STATE:18:cc/cc:As|Qs/Ks:100|-100:DeepStack_20000|DeepStack_20001
STATE:19:r300r900f:Kh|Ah:-300|300:DeepStack_20001|DeepStack_20000
STATE:20:cr300f:Qs|Ks:-100|100:DeepStack_20000|DeepStack_20001
STATE:21:cc/r1200c:Qh|Ah/As:-1200|1200:DeepStack_20001|DeepStack_20000
STATE:22:cc/cc:Qs|Qh/Ks:0|0:DeepStack_20000|DeepStack_20001
STATE:23:cc/cc:Ah|Kh/Qh:100|-100:DeepStack_20001|DeepStack_20000
STATE:24:cr300f:Qh|As:-100|100:DeepStack_20000|DeepStack_20001
STATE:25:cr1200c/:Ah|As/Qs:0|0:DeepStack_20001|DeepStack_20000
STATE:26:r1200c/:Ah|As/Ks:0|0:DeepStack_20000|DeepStack_20001
STATE:27:cc/cr300r900f:Ks|Qs/Kh:300|-300:DeepStack_20001|DeepStack_20000
STATE:28:cc/cr300f:Qh|Qs/Kh:-100|100:DeepStack_20000|DeepStack_20001
STATE:29:cc/r300f:Kh|Qs/Ah:100|-100:DeepStack_20001|DeepStack_20000
STATE:30:cc/cc:As|Qs/Ks:100|-100:DeepStack_20000|DeepStack_20001
STATE:31:r1200f:As|Ks:100|-100:DeepStack_20001|DeepStack_20000
STATE:32:cr300r1200f:As|Kh:300|-300:DeepStack_20000|DeepStack_20001
STATE:33:r1200f:As|Ks:100|-100:DeepStack_20001|DeepStack_20000
STATE:34:cr300c/cr1200f:Ks|Qh/Ah:-300|300:DeepStack_20000|DeepStack_20001
STATE:35:cc/cc:Ah|Qs/Ks:100|-100:DeepStack_20001|DeepStack_20000
STATE:36:cc/cr300r900f:Ks|Qs/Kh:300|-300:DeepStack_20000|DeepStack_20001
STATE:37:cc/cr300f:Ks|Kh/Qs:-100|100:DeepStack_20001|DeepStack_20000
STATE:38:r1200f:Ah|Qh:100|-100:DeepStack_20000|DeepStack_20001
STATE:39:cc/cc:Ah|Kh/As:100|-100:DeepStack_20001|DeepStack_20000
STATE:40:cc/cc:Qh|Kh/As:-100|100:DeepStack_20000|DeepStack_20001
STATE:41:cc/cc:Qs|Qh/As:0|0:DeepStack_20001|DeepStack_20000
STATE:42:cc/r300f:Ks|Qh/Ah:100|-100:DeepStack_20000|DeepStack_20001
STATE:43:cr300f:Qh|As:-100|100:DeepStack_20001|DeepStack_20000
STATE:44:cr300c/cr1200c:As|Qs/Ah:1200|-1200:DeepStack_20000|DeepStack_20001
STATE:45:cc/cc:Qs|Ks/As:-100|100:DeepStack_20001|DeepStack_20000
STATE:46:cc/r300r900f:Kh|Ah/As:-300|300:DeepStack_20000|DeepStack_20001
STATE:47:cc/cc:Qs|Kh/Ah:-100|100:DeepStack_20001|DeepStack_20000
STATE:48:cc/cc:Kh|Ks/Qh:0|0:DeepStack_20000|DeepStack_20001
STATE:49:cr300c/cr1200f:Ks|Qs/Qh:-300|300:DeepStack_20001|DeepStack_20000
STATE:50:cc/cr300f:Ah|Kh/Ks:-100|100:DeepStack_20000|DeepStack_20001
STATE:51:cr300f:Qh|Kh:-100|100:DeepStack_20001|DeepStack_20000
STATE:52:cc/cc:Ks|Qs/Kh:100|-100:DeepStack_20000|DeepStack_20001
STATE:53:cr300r1200c/:As|Ah/Qh:0|0:DeepStack_20001|DeepStack_20000
STATE:54:cr300f:Qs|As:-100|100:DeepStack_20000|DeepStack_20001
STATE:55:cc/r300f:As|Qs/Ah:100|-100:DeepStack_20001|DeepStack_20000
STATE:56:cr300f:Qs|Ah:-100|100:DeepStack_20000|DeepStack_20001
STATE:57:cc/cr300f:Qs|Qh/Kh:-100|100:DeepStack_20001|DeepStack_20000
STATE:58:cc/cc:Qh|Kh/As:-100|100:DeepStack_20000|DeepStack_20001
STATE:59:cr1200c/:Ah|As/Qs:0|0:DeepStack_20001|DeepStack_20000
STATE:60:cc/cc:Qs|Qh/Ks:0|0:DeepStack_20000|DeepStack_20001
STATE:61:cc/cc:As|Ks/Qh:100|-100:DeepStack_20001|DeepStack_20000
STATE:62:cr300f:Kh|As:-100|100:DeepStack_20000|DeepStack_20001
STATE:63:cc/r1200c:Ks|Ah/As:-1200|1200:DeepStack_20001|DeepStack_20000
STATE:64:cc/cc:Kh|Qh/Ks:100|-100:DeepStack_20000|DeepStack_20001
STATE:65:cc/cc:Ks|Qh/Kh:100|-100:DeepStack_20001|DeepStack_20000
STATE:66:cc/cr300f:As|Ks/Qs:-100|100:DeepStack_20000|DeepStack_20001
STATE:67:cc/cr300f:Kh|Qh/Qs:-100|100:DeepStack_20001|DeepStack_20000
STATE:68:cc/cc:Kh|Qs/Ks:100|-100:DeepStack_20000|DeepStack_20001
STATE:69:cr300f:Ks|Ah:-100|100:DeepStack_20001|DeepStack_20000
STATE:70:cc/cc:Qs|Ks/As:-100|100:DeepStack_20000|DeepStack_20001
STATE:71:cr1200f:Kh|As:-100|100:DeepStack_20001|DeepStack_20000
STATE:72:cr300f:Qs|Ah:-100|100:DeepStack_20000|DeepStack_20001
STATE:73:cc/cc:Qh|Kh/Qs:100|-100:DeepStack_20001|DeepStack_20000
STATE:74:cr300c/cc:Qh|As/Kh:-300|300:DeepStack_20000|DeepStack_20001
STATE:75:cr300f:Qh|Qs:-100|100:DeepStack_20001|DeepStack_20000
STATE:76:cc/r1200f:As|Kh/Ah:100|-100:DeepStack_20000|DeepStack_20001
STATE:77:cc/cc:Qh|Kh/As:-100|100:DeepStack_20001|DeepStack_20000
STATE:78:cr300f:Kh|Ks:-100|100:DeepStack_20000|DeepStack_20001
STATE:79:cc/cr300f:Ks|Qs/Qh:-100|100:DeepStack_20001|DeepStack_20000
STATE:80:cc/cc:Ah|Qs/Ks:100|-100:DeepStack_20000|DeepStack_20001
STATE:81:cc/cc:Qs|Kh/Ah:-100|100:DeepStack_20001|DeepStack_20000
STATE:82:cc/cr300c:As|Qh/Qs:-300|300:DeepStack_20000|DeepStack_20001
STATE:83:cr300c/cr900f:Kh|Ks/Qh:-300|300:DeepStack_20001|DeepStack_20000
STATE:84:cr300f:Qh|Qs:-100|100:DeepStack_20000|DeepStack_20001
STATE:85:r1200f:As|Ks:100|-100:DeepStack_20001|DeepStack_20000
STATE:86:cc/cc:Kh|Ks/As:0|0:DeepStack_20000|DeepStack_20001
STATE:87:cc/cc:Kh|Qh/Ks:100|-100:DeepStack_20001|DeepStack_20000
STATE:88:cr1200c/:Ah|As/Qh:0|0:DeepStack_20000|DeepStack_20001
STATE:89:r1200f:Ah|Ks:100|-100:DeepStack_20001|DeepStack_20000
STATE:90:cc/r300r900c:Ks|Qh/As:900|-900:DeepStack_20000|DeepStack_20001
STATE:91:cr300f:Ks|As:-100|100:DeepStack_20001|DeepStack_20000
STATE:92:cr300c/r1200c:Qs|As/Qh:1200|-1200:DeepStack_20000|DeepStack_20001
STATE:93:cr300r1200c/:As|Ah/Qh:0|0:DeepStack_20001|DeepStack_20000
STATE:94:cc/cc:Ah|Ks/Qs:100|-100:DeepStack_20000|DeepStack_20001
STATE:95:cr300f:Qh|Qs:-100|100:DeepStack_20001|DeepStack_20000
STATE:96:cc/cc:Ah|Qh/Ks:100|-100:DeepStack_20000|DeepStack_20001
STATE:97:cc/cc:Qs|Ks/As:-100|100:DeepStack_20001|DeepStack_20000
STATE:98:cr1200f:Kh|As:-100|100:DeepStack_20000|DeepStack_20001
STATE:99:cc/cc:Kh|Ks/Qh:0|0:DeepStack_20001|DeepStack_20000
STATE:100:r1200f:As|Ks:100|-100:DeepStack_20000|DeepStack_20001
STATE:101:cr300r1200c/:Ah|As/Qs:0|0:DeepStack_20001|DeepStack_20000
STATE:102:cc/cc:Kh|Qh/Ks:100|-100:DeepStack_20000|DeepStack_20001
STATE:103:r1200c/:Ah|As/Kh:0|0:DeepStack_20001|DeepStack_20000
STATE:104:r1200f:As|Ks:100|-100:DeepStack_20000|DeepStack_20001
STATE:105:cc/r300f:Kh|Qs/Ah:100|-100:DeepStack_20001|DeepStack_20000
STATE:106:cr300f:Qh|Qs:-100|100:DeepStack_20000|DeepStack_20001
STATE:107:cc/cc:Kh|Ks/As:0|0:DeepStack_20001|DeepStack_20000
STATE:108:cc/cr300f:Qs|Ks/Kh:-100|100:DeepStack_20000|DeepStack_20001
STATE:109:cc/cr300f:Ah|Qs/Qh:-100|100:DeepStack_20001|DeepStack_20000
STATE:110:cr300f:Qs|Ks:-100|100:DeepStack_20000|DeepStack_20001
STATE:111:cc/cr300f:As|Kh/Ks:-100|100:DeepStack_20001|DeepStack_20000
STATE:112:cc/cc:Qs|Ks/As:-100|100:DeepStack_20000|DeepStack_20001
STATE:113:r300c/cc:Ks|Qh/As:300|-300:DeepStack_20001|DeepStack_20000
STATE:114:r1200f:As|Ks:100|-100:DeepStack_20000|DeepStack_20001
STATE:115:cr300c/r1200f:Kh|Qh/Ks:300|-300:DeepStack_20001|DeepStack_20000
STATE:116:cc/cc:Ks|Qs/Kh:100|-100:DeepStack_20000|DeepStack_20001
STATE:117:cr300c/cr1200f:Ks|Qh/Qs:-300|300:DeepStack_20001|DeepStack_20000
STATE:118:r1200f:Ah|Kh:100|-100:DeepStack_20000|DeepStack_20001
STATE:119:cr300c/cr900f:Ks|Kh/Qs:-300|300:DeepStack_20001|DeepStack_20000
STATE:120:cc/cc:Qh|Ah/Qs:100|-100:DeepStack_20000|DeepStack_20001
STATE:121:cr300f:Qs|Qh:-100|100:DeepStack_20001|DeepStack_20000
STATE:122:r1200f:As|Ks:100|-100:DeepStack_20000|DeepStack_20001
STATE:123:cr300f:Qh|Ah:-100|100:DeepStack_20001|DeepStack_20000
STATE:124:r300c/cr900f:Qs|Qh/Kh:-300|300:DeepStack_20000|DeepStack_20001
STATE:125:cc/cr300f:Ks|Kh/Qh:-100|100:DeepStack_20001|DeepStack_20000
STATE:126:cr300f:Kh|As:-100|100:DeepStack_20000|DeepStack_20001
STATE:127:cc/cc:As|Qh/Kh:100|-100:DeepStack_20001|DeepStack_20000
STATE:128:r1200f:As|Qh:100|-100:DeepStack_20000|DeepStack_20001
STATE:129:cc/cc:As|Qs/Ks:100|-100:DeepStack_20001|DeepStack_20000
STATE:130:cc/cr300f:Kh|Qh/Qs:-100|100:DeepStack_20000|DeepStack_20001
STATE:131:cc/cc:Kh|Qh/Ah:100|-100:DeepStack_20001|DeepStack_20000
STATE:132:cr300f:Kh|Qs:-100|100:DeepStack_20000|DeepStack_20001
STATE:133:cc/cr300r1200f:Ks|Qs/Kh:300|-300:DeepStack_20001|DeepStack_20000
STATE:134:cr300c/r1200f:Qs|Kh/Qh:300|-300:DeepStack_20000|DeepStack_20001
STATE:135:r1200f:Ah|Qh:100|-100:DeepStack_20001|DeepStack_20000
STATE:136:cc/cc:Qh|Kh/As:-100|100:DeepStack_20000|DeepStack_20001
STATE:137:cc/cc:Ks|Qs/Kh:100|-100:DeepStack_20001|DeepStack_20000
STATE:138:cc/cc:Qh|Ks/Qs:100|-100:DeepStack_20000|DeepStack_20001
STATE:139:cc/cr300f:Qs|Ks/Kh:-100|100:DeepStack_20001|DeepStack_20000
STATE:140:cr300f:Ks|As:-100|100:DeepStack_20000|DeepStack_20001
STATE:141:cr300f:Qh|Ah:-100|100:DeepStack_20001|DeepStack_20000
STATE:142:cc/cc:Kh|Ah/Qs:-100|100:DeepStack_20000|DeepStack_20001
STATE:143:cr300f:Ks|Kh:-100|100:DeepStack_20001|DeepStack_20000
STATE:144:r300c/cc:Kh|As/Qh:-300|300:DeepStack_20000|DeepStack_20001
STATE:145:cr300f:Qs|As:-100|100:DeepStack_20001|DeepStack_20000
STATE:146:cc/cc:As|Qs/Kh:100|-100:DeepStack_20000|DeepStack_20001
STATE:147:cr300f:Qs|Qh:-100|100:DeepStack_20001|DeepStack_20000
STATE:148:cr300f:Kh|Ah:-100|100:DeepStack_20000|DeepStack_20001
STATE:149:cc/cr300f:Qh|Ks/Kh:-100|100:DeepStack_20001|DeepStack_20000
STATE:150:cr300f:Kh|Ah:-100|100:DeepStack_20000|DeepStack_20001
STATE:151:cc/cc:Ks|Qh/Ah:100|-100:DeepStack_20001|DeepStack_20000
STATE:152:r1200c/:Ah|As/Qs:0|0:DeepStack_20000|DeepStack_20001
STATE:153:cc/cc:Ks|Kh/As:0|0:DeepStack_20001|DeepStack_20000
STATE:154:cr300r1200c/:Ah|As/Qs:0|0:DeepStack_20000|DeepStack_20001
STATE:155:r1200f:Ah|Kh:100|-100:DeepStack_20001|DeepStack_20000
STATE:156:cc/cc:Kh|As/Qh:-100|100:DeepStack_20000|DeepStack_20001
STATE:157:cr300r1200f:As|Kh:300|-300:DeepStack_20001|DeepStack_20000
STATE:158:cc/r300c:As|Ks/Ah:300|-300:DeepStack_20000|DeepStack_20001
STATE:159:cc/cc:As|Kh/Qs:100|-100:DeepStack_20001|DeepStack_20000
STATE:160:cr300r1200c/:As|Ah/Qs:0|0:DeepStack_20000|DeepStack_20001
STATE:161:cc/cc:Kh|Qh/As:100|-100:DeepStack_20001|DeepStack_20000
STATE:162:cc/cc:Ks|As/Qs:-100|100:DeepStack_20000|DeepStack_20001
STATE:163:cc/cc:Qh|Ks/As:-100|100:DeepStack_20001|DeepStack_20000
STATE:164:cc/cr300f:Qs|Qh/Ks:-100|100:DeepStack_20000|DeepStack_20001
STATE:165:r1200f:Ah|Qs:100|-100:DeepStack_20001|DeepStack_20000
STATE:166:cr300c/cr1200f:Qh|Kh/Ks:-300|300:DeepStack_20000|DeepStack_20001
STATE:167:cc/cr300f:Ks|Qh/Qs:-100|100:DeepStack_20001|DeepStack_20000
STATE:168:cc/cc:Kh|Ah/Qh:-100|100:DeepStack_20000|DeepStack_20001
STATE:169:cc/r1200f:Qs|Ks/Ah:100|-100:DeepStack_20001|DeepStack_20000
STATE:170:cr300f:Qh|Kh:-100|100:DeepStack_20000|DeepStack_20001
STATE:171:cc/cc:Kh|Ks/As:0|0:DeepStack_20001|DeepStack_20000
STATE:172:r1200f:As|Qs:100|-100:DeepStack_20000|DeepStack_20001
STATE:173:cr300f:Kh|Ah:-100|100:DeepStack_20001|DeepStack_20000
STATE:174:cc/cr300f:Qh|Kh/Ks:-100|100:DeepStack_20000|DeepStack_20001
STATE:175:cr300f:Qs|Kh:-100|100:DeepStack_20001|DeepStack_20000
STATE:176:cr300c/r1200c:Qs|Ks/Kh:-1200|1200:DeepStack_20000|DeepStack_20001
STATE:177:cr1200f:Kh|As:-100|100:DeepStack_20001|DeepStack_20000
STATE:178:cr300r1200c/:Ah|As/Qh:0|0:DeepStack_20000|DeepStack_20001
STATE:179:r1200f:Ah|Qs:100|-100:DeepStack_20001|DeepStack_20000
STATE:180:cc/r1200f:As|Qs/Ah:100|-100:DeepStack_20000|DeepStack_20001
STATE:181:r300c/cc:Qs|Ks/Ah:-300|300:DeepStack_20001|DeepStack_20000
STATE:182:cr300c/cr1200f:Kh|Qs/As:-300|300:DeepStack_20000|DeepStack_20001
STATE:183:cc/cc:Kh|Qh/Ah:100|-100:DeepStack_20001|DeepStack_20000
STATE:184:cr300f:Ks|Qh:-100|100:DeepStack_20000|DeepStack_20001
STATE:185:cr300f:Qh|Kh:-100|100:DeepStack_20001|DeepStack_20000
STATE:186:cc/cr300r1200f:Qh|Kh/Qs:300|-300:DeepStack_20000|DeepStack_20001
STATE:187:cr300f:Qh|As:-100|100:DeepStack_20001|DeepStack_20000
STATE:188:r1200f:Ah|Qs:100|-100:DeepStack_20000|DeepStack_20001
STATE:189:cc/r300f:Kh|Qh/As:100|-100:DeepStack_20001|DeepStack_20000
STATE:190:cr300r1200c/:Ah|As/Kh:0|0:DeepStack_20000|DeepStack_20001
STATE:191:cr300f:Qh|As:-100|100:DeepStack_20001|DeepStack_20000
STATE:192:cc/cc:Qh|Qs/Kh:0|0:DeepStack_20000|DeepStack_20001
STATE:193:cr300r1200f:As|Qs:300|-300:DeepStack_20001|DeepStack_20000
STATE:194:cc/cr300r900f:Qs|Ks/Qh:300|-300:DeepStack_20000|DeepStack_20001
STATE:195:cr300c/cr1200f:Qs|Ah/As:-300|300:DeepStack_20001|DeepStack_20000
STATE:196:r1200c/:Ah|As/Qh:0|0:DeepStack_20000|DeepStack_20001
STATE:197:cr300f:Qs|Ah:-100|100:DeepStack_20001|DeepStack_20000
STATE:198:cc/r1200c:Ks|Kh/Ah:0|0:DeepStack_20000|DeepStack_20001
STATE:199:cr300f:Qh|Qs:-100|100:DeepStack_20001|DeepStack_20000
STATE:200:cr300f:Qs|Ah:-100|100:DeepStack_20000|DeepStack_20001
STATE:201:cc/cr300r900f:Qh|Ks/Qs:300|-300:DeepStack_20001|DeepStack_20000
STATE:202:cr300f:Qs|Qh:-100|100:DeepStack_20000|DeepStack_20001
STATE:203:cr300c/cr1200f:Qh|Ks/Ah:-300|300:DeepStack_20001|DeepStack_20000
STATE:204:cr300f:Kh|Ah:-100|100:DeepStack_20000|DeepStack_20001
STATE:205:r1200f:As|Ks:100|-100:DeepStack_20001|DeepStack_20000
STATE:206:cr300f:Qh|Ks:-100|100:DeepStack_20000|DeepStack_20001
STATE:207:r1200f:As|Ks:100|-100:DeepStack_20001|DeepStack_20000
STATE:208:cc/cr300f:Ah|Qs/Qh:-100|100:DeepStack_20000|DeepStack_20001
STATE:209:cr300f:Qh|Kh:-100|100:DeepStack_20001|DeepStack_20000
STATE:210:cr1200f:Qh|As:-100|100:DeepStack_20000|DeepStack_20001
STATE:211:cc/cr300f:Kh|Qs/Qh:-100|100:DeepStack_20001|DeepStack_20000
STATE:212:cr1200f:Ks|Ah:-100|100:DeepStack_20000|DeepStack_20001
STATE:213:cr1200f:Ks|As:-100|100:DeepStack_20001|DeepStack_20000
STATE:214:cr300c/r1200f:Ks|Ah/Kh:300|-300:DeepStack_20000|DeepStack_20001
STATE:215:cr300f:Qh|As:-100|100:DeepStack_20001|DeepStack_20000
STATE:216:cc/cr300f:Qs|Kh/Ks:-100|100:DeepStack_20000|DeepStack_20001
STATE:217:cc/cr300f:Ah|Kh/Qh:-100|100:DeepStack_20001|DeepStack_20000
STATE:218:cc/r300f:Qs|Kh/Ah:100|-100:DeepStack_20000|DeepStack_20001
STATE:219:cc/cr300f:Ah|Ks/Kh:-100|100:DeepStack_20001|DeepStack_20000
STATE:220:cc/cc:Qs|Kh/As:-100|100:DeepStack_20000|DeepStack_20001
STATE:221:cr300r1200f:Ah|Qh:300|-300:DeepStack_20001|DeepStack_20000
STATE:222:r1200c/:Ah|As/Ks:0|0:DeepStack_20000|DeepStack_20001
STATE:223:r1200c/:Ah|As/Qs:0|0:DeepStack_20001|DeepStack_20000
STATE:224:cc/cr300f:Kh|Ks/Qs:-100|100:DeepStack_20000|DeepStack_20001
STATE:225:cr300f:Kh|As:-100|100:DeepStack_20001|DeepStack_20000
STATE:226:r300c/r1200f:Kh|Qs/Ah:300|-300:DeepStack_20000|DeepStack_20001
STATE:227:cc/cc:Qh|Ks/As:-100|100:DeepStack_20001|DeepStack_20000
STATE:228:cc/cc:Ks|Qh/As:100|-100:DeepStack_20000|DeepStack_20001
STATE:229:cr300f:Qh|Ah:-100|100:DeepStack_20001|DeepStack_20000
STATE:230:cc/r1200f:As|Qh/Ah:100|-100:DeepStack_20000|DeepStack_20001
STATE:231:cr300f:Qh|As:-100|100:DeepStack_20001|DeepStack_20000
STATE:232:cc/cc:Kh|Ks/Qh:0|0:DeepStack_20000|DeepStack_20001
STATE:233:cc/cc:As|Kh/Qs:100|-100:DeepStack_20001|DeepStack_20000
STATE:234:cr300c/cr1200c:Ks|As/Ah:-1200|1200:DeepStack_20000|DeepStack_20001
STATE:235:cc/cr300f:Qs|Kh/Ks:-100|100:DeepStack_20001|DeepStack_20000
STATE:236:cc/r300f:Kh|Qs/As:100|-100:DeepStack_20000|DeepStack_20001
STATE:237:cc/cr300f:Ks|Qh/Qs:-100|100:DeepStack_20001|DeepStack_20000
STATE:238:cr300f:Kh|Ah:-100|100:DeepStack_20000|DeepStack_20001
STATE:239:cr300f:Ks|Kh:-100|100:DeepStack_20001|DeepStack_20000
STATE:240:cc/cc:Qs|Ks/Ah:-100|100:DeepStack_20000|DeepStack_20001
STATE:241:r1200c/:Ah|As/Kh:0|0:DeepStack_20001|DeepStack_20000
STATE:242:cc/cc:As|Qh/Kh:100|-100:DeepStack_20000|DeepStack_20001
STATE:243:cc/cc:Ks|Qh/As:100|-100:DeepStack_20001|DeepStack_20000
STATE:244:cr300f:Qh|Ah:-100|100:DeepStack_20000|DeepStack_20001
STATE:245:cc/cc:Qs|Kh/Ah:-100|100:DeepStack_20001|DeepStack_20000
STATE:246:cc/cc:As|Qh/Kh:100|-100:DeepStack_20000|DeepStack_20001
STATE:247:cr300f:Qh|As:-100|100:DeepStack_20001|DeepStack_20000
STATE:248:cc/cr300f:Ah|Qs/Qh:-100|100:DeepStack_20000|DeepStack_20001
STATE:249:cr300f:Kh|Qh:-100|100:DeepStack_20001|DeepStack_20000
STATE:250:cr1200f:Kh|Ah:-100|100:DeepStack_20000|DeepStack_20001
STATE:251:cc/r300r900f:Ks|Ah/As:-300|300:DeepStack_20001|DeepStack_20000
STATE:252:r1200c/:Ah|As/Ks:0|0:DeepStack_20000|DeepStack_20001
STATE:253:r300r1200f:Ks|As:-300|300:DeepStack_20001|DeepStack_20000
STATE:254:r1200c/:Ah|As/Qh:0|0:DeepStack_20000|DeepStack_20001
STATE:255:r1200f:As|Ks:100|-100:DeepStack_20001|DeepStack_20000
STATE:256:cc/cr300r900f:Qs|Kh/Qh:300|-300:DeepStack_20000|DeepStack_20001
STATE:257:cc/cr300f:Kh|Ks/Qs:-100|100:DeepStack_20001|DeepStack_20000
STATE:258:cc/cc:Qs|Qh/Kh:0|0:DeepStack_20000|DeepStack_20001
STATE:259:r1200c/:Ah|As/Ks:0|0:DeepStack_20001|DeepStack_20000
STATE:260:cr300f:Kh|Ks:-100|100:DeepStack_20000|DeepStack_20001
STATE:261:cr300f:Qh|As:-100|100:DeepStack_20001|DeepStack_20000
STATE:262:cc/r300f:Kh|Qs/Ah:100|-100:DeepStack_20000|DeepStack_20001
STATE:263:cc/cr300f:Kh|Qs/Qh:-100|100:DeepStack_20001|DeepStack_20000
STATE:264:cc/r1200f:Ah|Kh/As:100|-100:DeepStack_20000|DeepStack_20001
STATE:265:r1200f:Ah|Qh:100|-100:DeepStack_20001|DeepStack_20000
STATE:266:cc/cc:As|Qh/Ks:100|-100:DeepStack_20000|DeepStack_20001
STATE:267:cc/cc:As|Ks/Qh:100|-100:DeepStack_20001|DeepStack_20000
STATE:268:cc/cc:Kh|Qh/As:100|-100:DeepStack_20000|DeepStack_20001
STATE:269:cc/cr300r900f:Qs|Ks/Qh:300|-300:DeepStack_20001|DeepStack_20000
STATE:270:cr300f:Qh|Ks:-100|100:DeepStack_20000|DeepStack_20001
STATE:271:cc/cc:Qs|Ks/Qh:100|-100:DeepStack_20001|DeepStack_20000
STATE:272:cr300f:Qh|As:-100|100:DeepStack_20000|DeepStack_20001
STATE:273:cc/cc:Kh|Ah/Qh:-100|100:DeepStack_20001|DeepStack_20000
STATE:274:cr300f:Qs|Kh:-100|100:DeepStack_20000|DeepStack_20001
STATE:275:cr300c/r1200c:Kh|As/Ks:1200|-1200:DeepStack_20001|DeepStack_20000
STATE:276:cc/r300f:Ks|Qs/Ah:100|-100:DeepStack_20000|DeepStack_20001
STATE:277:cr1200c/:Ah|As/Ks:0|0:DeepStack_20001|DeepStack_20000
STATE:278:cc/cc:Ks|Kh/Qh:0|0:DeepStack_20000|DeepStack_20001
STATE:279:cr300f:Kh|As:-100|100:DeepStack_20001|DeepStack_20000
STATE:280:cc/cc:Qh|Qs/Kh:0|0:DeepStack_20000|DeepStack_20001
STATE:281:cc/cr300f:Qh|Ks/Kh:-100|100:DeepStack_20001|DeepStack_20000
STATE:282:cc/cr300f:Ks|Kh/Qh:-100|100:DeepStack_20000|DeepStack_20001
STATE:283:cc/cc:Qs|Ks/As:-100|100:DeepStack_20001|DeepStack_20000
STATE:284:cc/cc:Kh|Ah/Qs:-100|100:DeepStack_20000|DeepStack_20001
STATE:285:cc/cc:Ks|Kh/Qh:0|0:DeepStack_20001|DeepStack_20000
STATE:286:r1200f:Ah|Qs:100|-100:DeepStack_20000|DeepStack_20001
STATE:287:cc/cc:Kh|Qh/Ks:100|-100:DeepStack_20001|DeepStack_20000
STATE:288:cr300f:Ks|As:-100|100:DeepStack_20000|DeepStack_20001
STATE:289:cc/cr300f:As|Qs/Qh:-100|100:DeepStack_20001|DeepStack_20000
STATE:290:r1200c/:As|Ah/Qh:0|0:DeepStack_20000|DeepStack_20001
STATE:291:cr300c/cc:Qh|As/Ks:-300|300:DeepStack_20001|DeepStack_20000
STATE:292:cr300r1200f:Ah|Kh:300|-300:DeepStack_20000|DeepStack_20001
STATE:293:cc/cr300f:As|Ks/Kh:-100|100:DeepStack_20001|DeepStack_20000
STATE:294:cr300f:Ks|Ah:-100|100:DeepStack_20000|DeepStack_20001
STATE:295:cc/cc:Qs|Ks/As:-100|100:DeepStack_20001|DeepStack_20000
STATE:296:cc/cc:Qh|Kh/As:-100|100:DeepStack_20000|DeepStack_20001
STATE:297:cc/cc:Ks|Qh/Ah:100|-100:DeepStack_20001|DeepStack_20000
STATE:298:cc/cr300f:Ks|Qh/Qs:-100|100:DeepStack_20000|DeepStack_20001
STATE:299:cc/cc:Ah|Qh/Kh:100|-100:DeepStack_20001|DeepStack_20000
STATE:300:cr300f:Qh|Ah:-100|100:DeepStack_20000|DeepStack_20001
STATE:301:cr300r1200c/:As|Ah/Qs:0|0:DeepStack_20001|DeepStack_20000
STATE:302:r300c/cc:Ah|Kh/Qh:300|-300:DeepStack_20000|DeepStack_20001
STATE:303:cr300f:Ks|As:-100|100:DeepStack_20001|DeepStack_20000
STATE:304:cc/cr300c:Ah|Qh/Kh:300|-300:DeepStack_20000|DeepStack_20001
STATE:305:cc/cr300f:Qh|Ks/Kh:-100|100:DeepStack_20001|DeepStack_20000
STATE:306:cc/cc:As|Qs/Kh:100|-100:DeepStack_20000|DeepStack_20001
STATE:307:cr300c/r1200c:Qs|As/Qh:1200|-1200:DeepStack_20001|DeepStack_20000
STATE:308:cc/cc:Ks|Qh/Kh:100|-100:DeepStack_20000|DeepStack_20001
STATE:309:r1200f:Ah|Kh:100|-100:DeepStack_20001|DeepStack_20000
STATE:310:r1200f:As|Qh:100|-100:DeepStack_20000|DeepStack_20001
STATE:311:cc/cc:Qs|Kh/As:-100|100:DeepStack_20001|DeepStack_20000
STATE:312:r1200f:Ah|Ks:100|-100:DeepStack_20000|DeepStack_20001
STATE:313:cr300f:Qs|Ah:-100|100:DeepStack_20001|DeepStack_20000
STATE:314:cr300c/cc:Qs|Ah/Kh:-300|300:DeepStack_20000|DeepStack_20001
STATE:315:cc/cr300f:Qs|Kh/Ks:-100|100:DeepStack_20001|DeepStack_20000
STATE:316:cr300f:Ks|Qs:-100|100:DeepStack_20000|DeepStack_20001
STATE:317:cc/cc:Qh|Kh/Qs:100|-100:DeepStack_20001|DeepStack_20000
STATE:318:cr300f:Qh|Ks:-100|100:DeepStack_20000|DeepStack_20001
STATE:319:cc/cc:Kh|Ks/Ah:0|0:DeepStack_20001|DeepStack_20000
STATE:320:cc/r1200f:Qs|Kh/As:100|-100:DeepStack_20000|DeepStack_20001
STATE:321:cr300f:Qs|Qh:-100|100:DeepStack_20001|DeepStack_20000
STATE:322:r1200f:As|Qs:100|-100:DeepStack_20000|DeepStack_20001
STATE:323:cc/cr300f:Qh|Kh/Ks:-100|100:DeepStack_20001|DeepStack_20000
STATE:324:r1200f:Ah|Kh:100|-100:DeepStack_20000|DeepStack_20001
STATE:325:r1200f:As|Qh:100|-100:DeepStack_20001|DeepStack_20000
STATE:326:cr1200f:Ks|Ah:-100|100:DeepStack_20000|DeepStack_20001
STATE:327:cc/cc:Kh|Qh/As:100|-100:DeepStack_20001|DeepStack_20000
STATE:328:cc/cc:Qs|Ks/Ah:-100|100:DeepStack_20000|DeepStack_20001
STATE:329:r300c/cc:Ks|Kh/As:0|0:DeepStack_20001|DeepStack_20000
STATE:330:cc/cr300f:Ah|Ks/Kh:-100|100:DeepStack_20000|DeepStack_20001
STATE:331:cc/cr300f:Qh|Qs/Ks:-100|100:DeepStack_20001|DeepStack_20000
STATE:332:cr300f:Kh|Ah:-100|100:DeepStack_20000|DeepStack_20001
STATE:333:r1200c/:Ah|As/Qs:0|0:DeepStack_20001|DeepStack_20000
STATE:334:cc/cr300f:Qs|Kh/Ks:-100|100:DeepStack_20000|DeepStack_20001
STATE:335:cr300f:Qh|As:-100|100:DeepStack_20001|DeepStack_20000
STATE:336:cr300c/r1200f:Qh|Kh/Qs:300|-300:DeepStack_20000|DeepStack_20001
STATE:337:cc/cc:Qh|Qs/Ks:0|0:DeepStack_20001|DeepStack_20000
STATE:338:cr300f:Qh|Ah:-100|100:DeepStack_20000|DeepStack_20001
STATE:339:cc/cc:Qs|Qh/Ah:0|0:DeepStack_20001|DeepStack_20000
STATE:340:cr300f:Kh|As:-100|100:DeepStack_20000|DeepStack_20001
STATE:341:cc/cr300f:Ks|Qs/Qh:-100|100:DeepStack_20001|DeepStack_20000
STATE:342:r1200f:As|Ks:100|-100:DeepStack_20000|DeepStack_20001
STATE:343:cr300r1200c/:Ah|As/Ks:0|0:DeepStack_20001|DeepStack_20000
STATE:344:cc/cc:Qh|Ks/Ah:-100|100:DeepStack_20000|DeepStack_20001
STATE:345:cr1200f:Qh|Ah:-100|100:DeepStack_20001|DeepStack_20000
STATE:346:cc/cr300f:As|Qh/Qs:-100|100:DeepStack_20000|DeepStack_20001
STATE:347:r300c/cc:As|Ks/Qh:300|-300:DeepStack_20001|DeepStack_20000
STATE:348:cc/cc:Qs|Qh/As:0|0:DeepStack_20000|DeepStack_20001
STATE:349:cc/cr300f:Kh|Qs/Qh:-100|100:DeepStack_20001|DeepStack_20000
STATE:350:cc/r300f:Ks|Qh/Ah:100|-100:DeepStack_20000|DeepStack_20001
STATE:351:cc/cr300f:As|Ks/Kh:-100|100:DeepStack_20001|DeepStack_20000
STATE:352:cr300r1200f:As|Ks:300|-300:DeepStack_20000|DeepStack_20001
STATE:353:cc/cc:Qh|Kh/As:-100|100:DeepStack_20001|DeepStack_20000
STATE:354:cc/cc:Kh|Qs/Ks:100|-100:DeepStack_20000|DeepStack_20001
STATE:355:cr300f:Qh|Ah:-100|100:DeepStack_20001|DeepStack_20000
STATE:356:cr300f:Ks|Qh:-100|100:DeepStack_20000|DeepStack_20001
STATE:357:cc/cc:Kh|Qs/Ks:100|-100:DeepStack_20001|DeepStack_20000
STATE:358:cc/cr300f:Kh|Qh/Qs:-100|100:DeepStack_20000|DeepStack_20001
STATE:359:cc/cc:Ks|Kh/Qs:0|0:DeepStack_20001|DeepStack_20000
STATE:360:cr1200c/:Ah|As/Ks:0|0:DeepStack_20000|DeepStack_20001
STATE:361:cc/cc:Kh|Ah/Qh:-100|100:DeepStack_20001|DeepStack_20000
STATE:362:cc/r300c:As|Ks/Ah:300|-300:DeepStack_20000|DeepStack_20001
STATE:363:cc/cc:As|Kh/Qs:100|-100:DeepStack_20001|DeepStack_20000
STATE:364:cc/cc:Kh|Ks/Qh:0|0:DeepStack_20000|DeepStack_20001
STATE:365:cc/cr300c:As|Kh/Ks:-300|300:DeepStack_20001|DeepStack_20000
STATE:366:cc/cr300r900f:Ks|Qh/Kh:300|-300:DeepStack_20000|DeepStack_20001
STATE:367:cr300f:Ks|Kh:-100|100:DeepStack_20001|DeepStack_20000
STATE:368:cr300c/cr1200f:Qs|Ks/As:-300|300:DeepStack_20000|DeepStack_20001
STATE:369:r1200f:Ah|Kh:100|-100:DeepStack_20001|DeepStack_20000
STATE:370:r1200f:Ah|Kh:100|-100:DeepStack_20000|DeepStack_20001
STATE:371:cr300f:Qh|As:-100|100:DeepStack_20001|DeepStack_20000
STATE:372:r1200f:Ah|Ks:100|-100:DeepStack_20000|DeepStack_20001
STATE:373:r1200f:Ah|Kh:100|-100:DeepStack_20001|DeepStack_20000
STATE:374:r1200f:Ah|Qs:100|-100:DeepStack_20000|DeepStack_20001
STATE:375:cc/cr300f:Qh|Qs/Kh:-100|100:DeepStack_20001|DeepStack_20000
STATE:376:cc/cr300f:As|Qh/Kh:-100|100:DeepStack_20000|DeepStack_20001
STATE:377:cc/r1200f:Qh|Kh/As:100|-100:DeepStack_20001|DeepStack_20000
STATE:378:cc/cc:Ah|Ks/Qs:100|-100:DeepStack_20000|DeepStack_20001
STATE:379:cc/r1200f:Ah|Ks/As:100|-100:DeepStack_20001|DeepStack_20000
STATE:380:cr300f:Qs|Ah:-100|100:DeepStack_20000|DeepStack_20001
STATE:381:cr300c/cc:Kh|Ah/Qh:-300|300:DeepStack_20001|DeepStack_20000
STATE:382:cr300f:Kh|Qh:-100|100:DeepStack_20000|DeepStack_20001
STATE:383:cc/r300f:Kh|Qs/As:100|-100:DeepStack_20001|DeepStack_20000
STATE:384:cc/cc:Qs|Ks/As:-100|100:DeepStack_20000|DeepStack_20001
STATE:385:cc/cr300f:Qh|Kh/Ks:-100|100:DeepStack_20001|DeepStack_20000
STATE:386:cc/cr300f:As|Qh/Qs:-100|100:DeepStack_20000|DeepStack_20001
STATE:387:cr300f:Kh|Ah:-100|100:DeepStack_20001|DeepStack_20000
STATE:388:r300c/cc:Kh|Qs/Ks:300|-300:DeepStack_20000|DeepStack_20001
STATE:389:cc/cc:Qh|Kh/As:-100|100:DeepStack_20001|DeepStack_20000
STATE:390:r1200f:As|Qh:100|-100:DeepStack_20000|DeepStack_20001
STATE:391:cc/cc:Qh|Qs/Kh:0|0:DeepStack_20001|DeepStack_20000
STATE:392:cc/cc:Ks|Qh/Kh:100|-100:DeepStack_20000|DeepStack_20001
STATE:393:cr300c/cc:Qh|Ah/Ks:-300|300:DeepStack_20001|DeepStack_20000
STATE:394:cc/cc:As|Ks/Qs:100|-100:DeepStack_20000|DeepStack_20001
STATE:395:r300c/cc:Ks|Qs/Kh:300|-300:DeepStack_20001|DeepStack_20000
STATE:396:cr300c/cr1200f:Ks|As/Ah:-300|300:DeepStack_20000|DeepStack_20001
STATE:397:cc/cc:Qs|Qh/Ah:0|0:DeepStack_20001|DeepStack_20000
STATE:398:cr300c/r900f:Kh|As/Ks:300|-300:DeepStack_20000|DeepStack_20001
STATE:399:r1200f:Ah|Qh:100|-100:DeepStack_20001|DeepStack_20000
STATE:400:cr300f:Ks|As:-100|100:DeepStack_20000|DeepStack_20001
STATE:401:cr300f:Qh|As:-100|100:DeepStack_20001|DeepStack_20000
STATE:402:cc/cr300f:Qs|Kh/Ks:-100|100:DeepStack_20000|DeepStack_20001
STATE:403:cr300f:Qs|Qh:-100|100:DeepStack_20001|DeepStack_20000
STATE:404:cc/cc:Ks|As/Qh:-100|100:DeepStack_20000|DeepStack_20001
STATE:405:cr300c/r1200c:Ks|As/Qh:-1200|1200:DeepStack_20001|DeepStack_20000
STATE:406:cc/cr300c:Ah|Kh/Qh:300|-300:DeepStack_20000|DeepStack_20001
STATE:407:cr300c/r1200f:Kh|Ah/Ks:300|-300:DeepStack_20001|DeepStack_20000
STATE:408:cc/cc:As|Kh/Qs:100|-100:DeepStack_20000|DeepStack_20001
STATE:409:cc/cc:Ks|Qs/Ah:100|-100:DeepStack_20001|DeepStack_20000
STATE:410:cr300f:Qh|Ah:-100|100:DeepStack_20000|DeepStack_20001
STATE:411:cc/r300f:Ks|Qs/Ah:100|-100:DeepStack_20001|DeepStack_20000
STATE:412:cr300f:Qh|As:-100|100:DeepStack_20000|DeepStack_20001
STATE:413:cr1200f:Kh|As:-100|100:DeepStack_20001|DeepStack_20000
STATE:414:cc/cc:Qs|Qh/Kh:0|0:DeepStack_20000|DeepStack_20001
STATE:415:cr300f:Kh|Ah:-100|100:DeepStack_20001|DeepStack_20000
STATE:416:cc/cc:Qs|Qh/As:0|0:DeepStack_20000|DeepStack_20001
STATE:417:cc/cc:Kh|Qh/Ah:100|-100:DeepStack_20001|DeepStack_20000
STATE:418:cr300c/cr1200f:Kh|As/Ah:-300|300:DeepStack_20000|DeepStack_20001
STATE:419:r1200c/:As|Ah/Ks:0|0:DeepStack_20001|DeepStack_20000
STATE:420:r1200f:As|Qs:100|-100:DeepStack_20000|DeepStack_20001
STATE:421:cr300f:Qs|Ah:-100|100:DeepStack_20001|DeepStack_20000
STATE:422:cr300r1200c/:Ah|As/Kh:0|0:DeepStack_20000|DeepStack_20001
STATE:423:cr300f:Qs|Ah:-100|100:DeepStack_20001|DeepStack_20000
STATE:424:cc/cc:Qh|Qs/Ah:0|0:DeepStack_20000|DeepStack_20001
STATE:425:cc/cc:Qh|Qs/Ks:0|0:DeepStack_20001|DeepStack_20000
STATE:426:cc/cc:Ah|Kh/Qh:100|-100:DeepStack_20000|DeepStack_20001
STATE:427:r1200f:Ah|Ks:100|-100:DeepStack_20001|DeepStack_20000
STATE:428:cr300r1200c/:Ah|As/Qs:0|0:DeepStack_20000|DeepStack_20001
STATE:429:cc/cc:Kh|Ks/Ah:0|0:DeepStack_20001|DeepStack_20000
STATE:430:cc/cc:Qs|Ks/Ah:-100|100:DeepStack_20000|DeepStack_20001
STATE:431:r300c/cc:Ah|Kh/As:300|-300:DeepStack_20001|DeepStack_20000
STATE:432:r1200c/:Ah|As/Qs:0|0:DeepStack_20000|DeepStack_20001
STATE:433:cc/r300f:Kh|Ks/As:100|-100:DeepStack_20001|DeepStack_20000
STATE:434:r1200f:Ah|Qh:100|-100:DeepStack_20000|DeepStack_20001
STATE:435:cc/cc:Qs|Qh/As:0|0:DeepStack_20001|DeepStack_20000
STATE:436:cc/cc:Qs|Qh/Ah:0|0:DeepStack_20000|DeepStack_20001
STATE:437:cr300r1200c/:Ah|As/Qh:0|0:DeepStack_20001|DeepStack_20000
STATE:438:cc/cc:Qh|Qs/Ah:0|0:DeepStack_20000|DeepStack_20001
STATE:439:cr1200f:Kh|As:-100|100:DeepStack_20001|DeepStack_20000
STATE:440:r1200f:Ah|Kh:100|-100:DeepStack_20000|DeepStack_20001
STATE:441:cc/cr300f:Qs|Qh/Kh:-100|100:DeepStack_20001|DeepStack_20000
STATE:442:r300c/cc:Qs|As/Ks:-300|300:DeepStack_20000|DeepStack_20001
STATE:443:cc/cr300r1200f:Qs|Kh/Qh:300|-300:DeepStack_20001|DeepStack_20000
STATE:444:cc/r300c:Qs|Ks/Ah:-300|300:DeepStack_20000|DeepStack_20001
STATE:445:cr300f:Ks|Ah:-100|100:DeepStack_20001|DeepStack_20000
STATE:446:cr300c/cc:Kh|Ah/Qh:-300|300:DeepStack_20000|DeepStack_20001
STATE:447:cc/cr300f:As|Ks/Qs:-100|100:DeepStack_20001|DeepStack_20000
STATE:448:cr300f:Qs|Ah:-100|100:DeepStack_20000|DeepStack_20001
STATE:449:cc/cc:Kh|Ks/Qh:0|0:DeepStack_20001|DeepStack_20000
STATE:450:cr1200c/:Ah|As/Kh:0|0:DeepStack_20000|DeepStack_20001
STATE:451:cr300f:Kh|Qh:-100|100:DeepStack_20001|DeepStack_20000
STATE:452:cr1200f:Ks|As:-100|100:DeepStack_20000|DeepStack_20001
STATE:453:cr300f:Kh|As:-100|100:DeepStack_20001|DeepStack_20000
STATE:454:r300f:Kh|Qs:100|-100:DeepStack_20000|DeepStack_20001
STATE:455:cr300f:Ks|Ah:-100|100:DeepStack_20001|DeepStack_20000
STATE:456:cc/cc:Qs|Qh/Kh:0|0:DeepStack_20000|DeepStack_20001
STATE:457:cr300c/cr1200c:As|Kh/Ks:-1200|1200:DeepStack_20001|DeepStack_20000
STATE:458:cc/cr1200f:Qs|Qh/As:-100|100:DeepStack_20000|DeepStack_20001
STATE:459:cr300f:Qs|Ah:-100|100:DeepStack_20001|DeepStack_20000
STATE:460:cc/cc:Ks|Kh/Qh:0|0:DeepStack_20000|DeepStack_20001
STATE:461:cc/r300f:As|Qs/Ah:100|-100:DeepStack_20001|DeepStack_20000
STATE:462:cr300c/cc:Qs|As/Ks:-300|300:DeepStack_20000|DeepStack_20001
STATE:463:cr300f:Qs|Ah:-100|100:DeepStack_20001|DeepStack_20000
STATE:464:cc/cc:Qh|Ks/As:-100|100:DeepStack_20000|DeepStack_20001
STATE:465:cc/cc:As|Ks/Qs:100|-100:DeepStack_20001|DeepStack_20000
STATE:466:cc/r1200f:Qh|Kh/Ah:100|-100:DeepStack_20000|DeepStack_20001
STATE:467:r300c/cr1200c:As|Qs/Qh:-1200|1200:DeepStack_20001|DeepStack_20000
STATE:468:cc/cr300f:As|Ks/Kh:-100|100:DeepStack_20000|DeepStack_20001
STATE:469:cr300f:Qs|As:-100|100:DeepStack_20001|DeepStack_20000
STATE:470:cc/cc:Qh|Ks/As:-100|100:DeepStack_20000|DeepStack_20001
STATE:471:cc/r300f:Ks|Kh/As:100|-100:DeepStack_20001|DeepStack_20000
STATE:472:cc/cc:Kh|Qh/Ks:100|-100:DeepStack_20000|DeepStack_20001
STATE:473:cc/cr300f:Qh|Kh/Ks:-100|100:DeepStack_20001|DeepStack_20000
STATE:474:r1200c/:As|Ah/Qs:0|0:DeepStack_20000|DeepStack_20001
STATE:475:cr300f:Kh|Ah:-100|100:DeepStack_20001|DeepStack_20000
STATE:476:cr300c/cr1200c:As|Qs/Ah:1200|-1200:DeepStack_20000|DeepStack_20001
STATE:477:cc/cc:Qs|Kh/Qh:100|-100:DeepStack_20001|DeepStack_20000
STATE:478:cr300f:Qh|Ah:-100|100:DeepStack_20000|DeepStack_20001
STATE:479:r1200f:As|Qh:100|-100:DeepStack_20001|DeepStack_20000
STATE:480:cc/r300f:Kh|Ks/As:100|-100:DeepStack_20000|DeepStack_20001
STATE:481:cc/cr1200f:Qh|Kh/Ah:-100|100:DeepStack_20001|DeepStack_20000
STATE:482:cc/r1200f:Ks|Qh/Ah:100|-100:DeepStack_20000|DeepStack_20001
STATE:483:cc/cc:Kh|Ks/Ah:0|0:DeepStack_20001|DeepStack_20000
STATE:484:cr300c/r1200f:Qh|As/Qs:300|-300:DeepStack_20000|DeepStack_20001
STATE:485:cc/cc:Qh|Kh/Qs:100|-100:DeepStack_20001|DeepStack_20000
STATE:486:cc/cc:Qh|Kh/Qs:100|-100:DeepStack_20000|DeepStack_20001
STATE:487:cr300c/cc:Ks|Ah/Qh:-300|300:DeepStack_20001|DeepStack_20000
STATE:488:cr300f:Qs|As:-100|100:DeepStack_20000|DeepStack_20001
STATE:489:r1200f:Ah|Qs:100|-100:DeepStack_20001|DeepStack_20000
STATE:490:cr300f:Qs|Kh:-100|100:DeepStack_20000|DeepStack_20001
STATE:491:cr300r1200c/:As|Ah/Kh:0|0:DeepStack_20001|DeepStack_20000
STATE:492:cr300f:Qh|As:-100|100:DeepStack_20000|DeepStack_20001
STATE:493:cc/cc:Ks|Kh/Qs:0|0:DeepStack_20001|DeepStack_20000
STATE:494:cc/r300c:As|Ks/Ah:300|-300:DeepStack_20000|DeepStack_20001
STATE:495:cc/cr1200f:Qs|Qh/Ah:-100|100:DeepStack_20001|DeepStack_20000
STATE:496:cc/cr300f:Ks|Qs/Qh:-100|100:DeepStack_20000|DeepStack_20001
STATE:497:cr300c/cc:Qh|Ah/Kh:-300|300:DeepStack_20001|DeepStack_20000
STATE:498:cr300f:Qh|Ah:-100|100:DeepStack_20000|DeepStack_20001
STATE:499:r1200f:As|Kh:100|-100:DeepStack_20001|DeepStack_20000
STATE:500:cc/cc:Qh|Kh/Ah:-100|100:DeepStack_20000|DeepStack_20001
STATE:501:cc/cr300f:Kh|Qh/Qs:-100|100:DeepStack_20001|DeepStack_20000
STATE:502:cc/cr300f:Kh|Qh/Qs:-100|100:DeepStack_20000|DeepStack_20001
STATE:503:cr300f:Qs|As:-100|100:DeepStack_20001|DeepStack_20000
STATE:504:cr300f:Ks|Qh:-100|100:DeepStack_20000|DeepStack_20001
STATE:505:cc/cc:Ks|As/Kh:100|-100:DeepStack_20001|DeepStack_20000
STATE:506:r1200f:As|Ks:100|-100:DeepStack_20000|DeepStack_20001
STATE:507:cc/cr1200f:Qh|As/Ah:-100|100:DeepStack_20001|DeepStack_20000
STATE:508:cc/cr300r1200f:Qs|Kh/Qh:300|-300:DeepStack_20000|DeepStack_20001
STATE:509:cr300f:Ks|Qs:-100|100:DeepStack_20001|DeepStack_20000
STATE:510:cc/cc:Qs|Ks/As:-100|100:DeepStack_20000|DeepStack_20001
STATE:511:cr300r1200f:Ah|Kh:300|-300:DeepStack_20001|DeepStack_20000
STATE:512:r1200f:Ah|Qs:100|-100:DeepStack_20000|DeepStack_20001
STATE:513:cc/r300c:Kh|Ks/Ah:0|0:DeepStack_20001|DeepStack_20000
STATE:514:cr1200f:Qh|As:-100|100:DeepStack_20000|DeepStack_20001
STATE:515:cc/cc:Qh|Qs/Ks:0|0:DeepStack_20001|DeepStack_20000
STATE:516:cc/r300f:Kh|Qs/As:100|-100:DeepStack_20000|DeepStack_20001
STATE:517:cc/cr300c:Ah|Qh/Qs:-300|300:DeepStack_20001|DeepStack_20000
STATE:518:cc/cc:Qs|Kh/Ah:-100|100:DeepStack_20000|DeepStack_20001
STATE:519:cr300f:Qs|Ks:-100|100:DeepStack_20001|DeepStack_20000
STATE:520:cr1200f:Ks|As:-100|100:DeepStack_20000|DeepStack_20001
STATE:521:cr300f:Qh|As:-100|100:DeepStack_20001|DeepStack_20000
STATE:522:cc/cc:Qh|Ks/Ah:-100|100:DeepStack_20000|DeepStack_20001
STATE:523:cr300f:Ks|Qh:-100|100:DeepStack_20001|DeepStack_20000
STATE:524:cc/r300f:Ks|Kh/Ah:100|-100:DeepStack_20000|DeepStack_20001
STATE:525:cc/r300c:Kh|Ks/Ah:0|0:DeepStack_20001|DeepStack_20000
STATE:526:cr300r1200f:Ah|Ks:300|-300:DeepStack_20000|DeepStack_20001
STATE:527:cc/cc:Qs|Qh/Kh:0|0:DeepStack_20001|DeepStack_20000
STATE:528:cc/cc:Ks|Qs/Kh:100|-100:DeepStack_20000|DeepStack_20001
STATE:529:cc/r300f:Ks|Qh/As:100|-100:DeepStack_20001|DeepStack_20000
STATE:530:r1200f:As|Qs:100|-100:DeepStack_20000|DeepStack_20001
STATE:531:cc/cc:Kh|Qs/As:100|-100:DeepStack_20001|DeepStack_20000
STATE:532:cr300f:Ks|Kh:-100|100:DeepStack_20000|DeepStack_20001
STATE:533:cr300f:Qs|Ah:-100|100:DeepStack_20001|DeepStack_20000
STATE:534:cc/cr300f:Qh|Ks/Kh:-100|100:DeepStack_20000|DeepStack_20001
STATE:535:r300r1200f:Qs|Ah:-300|300:DeepStack_20001|DeepStack_20000
STATE:536:cc/cc:Kh|Qs/Ks:100|-100:DeepStack_20000|DeepStack_20001
STATE:537:cc/cr300c:Ah|Qh/Ks:300|-300:DeepStack_20001|DeepStack_20000
STATE:538:r1200f:As|Ks:100|-100:DeepStack_20000|DeepStack_20001
STATE:539:cc/cr300f:Ks|Qs/Qh:-100|100:DeepStack_20001|DeepStack_20000
STATE:540:cr300f:Ks|Ah:-100|100:DeepStack_20000|DeepStack_20001
STATE:541:cc/cc:Qs|Qh/Ks:0|0:DeepStack_20001|DeepStack_20000
STATE:542:cr300r1200f:As|Qs:300|-300:DeepStack_20000|DeepStack_20001
STATE:543:cr300f:Kh|As:-100|100:DeepStack_20001|DeepStack_20000
STATE:544:cr300f:Kh|As:-100|100:DeepStack_20000|DeepStack_20001
STATE:545:cc/cc:Ks|Qh/As:100|-100:DeepStack_20001|DeepStack_20000
STATE:546:cc/cc:Kh|Ah/Qs:-100|100:DeepStack_20000|DeepStack_20001
STATE:547:r1200f:Ah|Qs:100|-100:DeepStack_20001|DeepStack_20000
STATE:548:r1200c/:As|Ah/Kh:0|0:DeepStack_20000|DeepStack_20001
STATE:549:cc/cc:Ah|Qs/Kh:100|-100:DeepStack_20001|DeepStack_20000
STATE:550:cc/r300f:Ks|Qh/As:100|-100:DeepStack_20000|DeepStack_20001
STATE:551:cc/cr300f:As|Qs/Kh:-100|100:DeepStack_20001|DeepStack_20000
STATE:552:cr300f:Kh|Ah:-100|100:DeepStack_20000|DeepStack_20001
STATE:553:cc/cc:Qs|Ks/As:-100|100:DeepStack_20001|DeepStack_20000
STATE:554:cc/cr300f:Ks|Kh/Qh:-100|100:DeepStack_20000|DeepStack_20001
STATE:555:cc/cc:Qs|Kh/Qh:100|-100:DeepStack_20001|DeepStack_20000
STATE:556:cc/cc:Qh|Kh/As:-100|100:DeepStack_20000|DeepStack_20001
STATE:557:cc/cc:Ah|Kh/Qs:100|-100:DeepStack_20001|DeepStack_20000
STATE:558:cr300c/cc:Kh|Ah/Qs:-300|300:DeepStack_20000|DeepStack_20001
STATE:559:cc/cc:Qs|As/Kh:-100|100:DeepStack_20001|DeepStack_20000
STATE:560:r1200f:As|Ks:100|-100:DeepStack_20000|DeepStack_20001
STATE:561:cc/r300f:Kh|Qh/As:100|-100:DeepStack_20001|DeepStack_20000
STATE:562:cr300r1200c/:Ah|As/Qh:0|0:DeepStack_20000|DeepStack_20001
STATE:563:r1200c/:Ah|As/Ks:0|0:DeepStack_20001|DeepStack_20000
STATE:564:cc/r300f:Ah|Qs/As:100|-100:DeepStack_20000|DeepStack_20001
STATE:565:r1200f:As|Kh:100|-100:DeepStack_20001|DeepStack_20000
STATE:566:cc/r300f:As|Qs/Ah:100|-100:DeepStack_20000|DeepStack_20001
STATE:567:cc/cc:Qs|Ks/As:-100|100:DeepStack_20001|DeepStack_20000
STATE:568:r1200f:Ah|Kh:100|-100:DeepStack_20000|DeepStack_20001
STATE:569:cc/cr300f:Ks|Kh/Qh:-100|100:DeepStack_20001|DeepStack_20000
STATE:570:cr300r1200c/:Ah|As/Qh:0|0:DeepStack_20000|DeepStack_20001
STATE:571:cr1200c/:As|Ah/Ks:0|0:DeepStack_20001|DeepStack_20000
STATE:572:cc/r300f:Ks|Kh/As:100|-100:DeepStack_20000|DeepStack_20001
STATE:573:r300c/cr900c:As|Kh/Qs:900|-900:DeepStack_20001|DeepStack_20000
STATE:574:cr300f:Qh|Ah:-100|100:DeepStack_20000|DeepStack_20001
STATE:575:cr300r1200c/:As|Ah/Qh:0|0:DeepStack_20001|DeepStack_20000
STATE:576:cc/cc:As|Kh/Qs:100|-100:DeepStack_20000|DeepStack_20001
STATE:577:cr300f:Qs|As:-100|100:DeepStack_20001|DeepStack_20000
STATE:578:cr300f:Kh|As:-100|100:DeepStack_20000|DeepStack_20001
STATE:579:cc/cr300f:Ks|Qh/Qs:-100|100:DeepStack_20001|DeepStack_20000
STATE:580:cc/cc:As|Qs/Ks:100|-100:DeepStack_20000|DeepStack_20001
STATE:581:cr300f:Ks|Ah:-100|100:DeepStack_20001|DeepStack_20000
STATE:582:cr300c/cr1200f:Ks|As/Ah:-300|300:DeepStack_20000|DeepStack_20001
STATE:583:cc/cr300f:Ks|Qh/Qs:-100|100:DeepStack_20001|DeepStack_20000
STATE:584:cr300c/r1200c:Ks|As/Qs:-1200|1200:DeepStack_20000|DeepStack_20001
STATE:585:cr300c/r1200f:Kh|As/Ks:300|-300:DeepStack_20001|DeepStack_20000
STATE:586:cr1200f:Kh|As:-100|100:DeepStack_20000|DeepStack_20001
STATE:587:cr300f:Ks|Qh:-100|100:DeepStack_20001|DeepStack_20000
STATE:588:cr1200f:Qs|Ah:-100|100:DeepStack_20000|DeepStack_20001
STATE:589:cc/r300r900f:Ks|As/Ah:-300|300:DeepStack_20001|DeepStack_20000
STATE:590:cc/cr300f:Qh|Kh/Ks:-100|100:DeepStack_20000|DeepStack_20001
STATE:591:cc/cc:Ks|Kh/Qh:0|0:DeepStack_20001|DeepStack_20000
STATE:592:cc/cr300f:Kh|Qs/Qh:-100|100:DeepStack_20000|DeepStack_20001
STATE:593:cc/cr300f:Kh|Qs/Qh:-100|100:DeepStack_20001|DeepStack_20000
STATE:594:cr300c/r1200f:Qh|Ah/Qs:300|-300:DeepStack_20000|DeepStack_20001
STATE:595:cc/r300f:Ks|Qh/Ah:100|-100:DeepStack_20001|DeepStack_20000
STATE:596:cr300f:Qs|Ah:-100|100:DeepStack_20000|DeepStack_20001
STATE:597:r300c/cr900f:Qh|Qs/Kh:-300|300:DeepStack_20001|DeepStack_20000
STATE:598:r300c/cr1200f:Ah|Qh/Kh:-300|300:DeepStack_20000|DeepStack_20001
STATE:599:cc/cc:Ks|Qh/Kh:100|-100:DeepStack_20001|DeepStack_20000
STATE:600:cc/cc:As|Qh/Kh:100|-100:DeepStack_20000|DeepStack_20001
STATE:601:cr300f:Ks|Ah:-100|100:DeepStack_20001|DeepStack_20000
STATE:602:cr300f:Qs|Kh:-100|100:DeepStack_20000|DeepStack_20001
STATE:603:cr300f:Kh|Ah:-100|100:DeepStack_20001|DeepStack_20000
STATE:604:cc/cr300f:Ks|Kh/Qh:-100|100:DeepStack_20000|DeepStack_20001
STATE:605:cc/cr300f:Qh|Ks/Kh:-100|100:DeepStack_20001|DeepStack_20000
STATE:606:cr300f:Qh|As:-100|100:DeepStack_20000|DeepStack_20001
STATE:607:cr300f:Ks|As:-100|100:DeepStack_20001|DeepStack_20000
STATE:608:cr300c/cr1200f:Qh|As/Ah:-300|300:DeepStack_20000|DeepStack_20001
STATE:609:cc/cc:Kh|As/Qs:-100|100:DeepStack_20001|DeepStack_20000
STATE:610:cc/cc:Qs|As/Ks:-100|100:DeepStack_20000|DeepStack_20001
STATE:611:cr300c/cr900c:As|Qh/Qs:-900|900:DeepStack_20001|DeepStack_20000
STATE:612:cc/cc:Qs|Kh/As:-100|100:DeepStack_20000|DeepStack_20001
STATE:613:cr300c/r1200c:Kh|As/Ks:1200|-1200:DeepStack_20001|DeepStack_20000
STATE:614:r1200f:As|Ks:100|-100:DeepStack_20000|DeepStack_20001
STATE:615:cr300f:Qs|As:-100|100:DeepStack_20001|DeepStack_20000
STATE:616:cr300f:Qs|Ah:-100|100:DeepStack_20000|DeepStack_20001
STATE:617:cr300c/r900f:Ks|Ah/Qh:300|-300:DeepStack_20001|DeepStack_20000
STATE:618:cc/cc:Qs|Kh/Ah:-100|100:DeepStack_20000|DeepStack_20001
STATE:619:cc/r300f:As|Qh/Ah:100|-100:DeepStack_20001|DeepStack_20000
STATE:620:cc/cc:Ah|Ks/Qh:100|-100:DeepStack_20000|DeepStack_20001
STATE:621:cc/cc:Ah|Qh/Kh:100|-100:DeepStack_20001|DeepStack_20000
STATE:622:r300c/cc:Ks|Kh/As:0|0:DeepStack_20000|DeepStack_20001
STATE:623:cc/cc:Ks|Qs/Kh:100|-100:DeepStack_20001|DeepStack_20000
STATE:624:cr300r1200f:As|Ks:300|-300:DeepStack_20000|DeepStack_20001
STATE:625:r300c/cr1200f:As|Qh/Ks:-300|300:DeepStack_20001|DeepStack_20000
STATE:626:cr1200f:Qh|Ah:-100|100:DeepStack_20000|DeepStack_20001
STATE:627:cc/cc:Ah|Qh/Kh:100|-100:DeepStack_20001|DeepStack_20000
STATE:628:cc/cc:Qs|Kh/Qh:100|-100:DeepStack_20000|DeepStack_20001
STATE:629:cc/r300f:Ks|Qs/As:100|-100:DeepStack_20001|DeepStack_20000
STATE:630:cc/cr300f:Ah|Qs/Ks:-100|100:DeepStack_20000|DeepStack_20001
STATE:631:cc/cc:As|Kh/Qs:100|-100:DeepStack_20001|DeepStack_20000
STATE:632:cr300c/cr1200f:Ks|Qh/As:-300|300:DeepStack_20000|DeepStack_20001
STATE:633:cc/cc:Qs|Qh/Ks:0|0:DeepStack_20001|DeepStack_20000
STATE:634:cc/cr300f:Ks|Qs/Qh:-100|100:DeepStack_20000|DeepStack_20001
STATE:635:cr300f:Qh|Ah:-100|100:DeepStack_20001|DeepStack_20000
STATE:636:cr300f:Ks|Ah:-100|100:DeepStack_20000|DeepStack_20001
STATE:637:cr300r1200c/:As|Ah/Ks:0|0:DeepStack_20001|DeepStack_20000
STATE:638:cr300f:Qh|Ah:-100|100:DeepStack_20000|DeepStack_20001
STATE:639:cr300f:Ks|As:-100|100:DeepStack_20001|DeepStack_20000
STATE:640:cc/cc:Qh|Qs/Kh:0|0:DeepStack_20000|DeepStack_20001
STATE:641:cc/cc:Qs|Kh/Ah:-100|100:DeepStack_20001|DeepStack_20000
STATE:642:cr300f:Qs|As:-100|100:DeepStack_20000|DeepStack_20001
STATE:643:r1200f:Ah|Ks:100|-100:DeepStack_20001|DeepStack_20000
STATE:644:cr300r1200f:As|Ks:300|-300:DeepStack_20000|DeepStack_20001
STATE:645:cr300c/r1200f:Qs|As/Ks:300|-300:DeepStack_20001|DeepStack_20000
STATE:646:cc/cc:Qs|Qh/As:0|0:DeepStack_20000|DeepStack_20001
STATE:647:cc/cc:Kh|Ks/Qs:0|0:DeepStack_20001|DeepStack_20000
STATE:648:cc/cr300f:Qs|Ks/Kh:-100|100:DeepStack_20000|DeepStack_20001
STATE:649:cr300c/cc:Ks|As/Qh:-300|300:DeepStack_20001|DeepStack_20000
STATE:650:cc/r300c:Ah|Kh/As:300|-300:DeepStack_20000|DeepStack_20001
STATE:651:cc/cc:Qs|Kh/As:-100|100:DeepStack_20001|DeepStack_20000
STATE:652:cc/cr300c:As|Ks/Kh:-300|300:DeepStack_20000|DeepStack_20001
STATE:653:r1200f:Ah|Qh:100|-100:DeepStack_20001|DeepStack_20000
STATE:654:cc/cc:Kh|Qh/Ks:100|-100:DeepStack_20000|DeepStack_20001
STATE:655:cc/cr1200f:Qs|As/Ah:-100|100:DeepStack_20001|DeepStack_20000
STATE:656:cr300f:Qs|Ks:-100|100:DeepStack_20000|DeepStack_20001
STATE:657:cc/cc:Qs|Qh/Kh:0|0:DeepStack_20001|DeepStack_20000
STATE:658:cr300f:Qs|Ah:-100|100:DeepStack_20000|DeepStack_20001
STATE:659:r1200f:As|Qs:100|-100:DeepStack_20001|DeepStack_20000
STATE:660:cr300f:Qs|Qh:-100|100:DeepStack_20000|DeepStack_20001
STATE:661:cc/cr300f:Ah|Kh/Ks:-100|100:DeepStack_20001|DeepStack_20000
STATE:662:cc/cr1200f:Qh|As/Ah:-100|100:DeepStack_20000|DeepStack_20001
STATE:663:cr1200f:Kh|As:-100|100:DeepStack_20001|DeepStack_20000
STATE:664:r1200f:Ah|Kh:100|-100:DeepStack_20000|DeepStack_20001
STATE:665:cc/r300r900f:As|Kh/Ks:-300|300:DeepStack_20001|DeepStack_20000
STATE:666:r1200f:As|Qh:100|-100:DeepStack_20000|DeepStack_20001
STATE:667:cr1200f:Kh|As:-100|100:DeepStack_20001|DeepStack_20000
STATE:668:r300c/cr1200f:Kh|Qs/Qh:-300|300:DeepStack_20000|DeepStack_20001
STATE:669:cc/cr300f:Kh|Qh/Qs:-100|100:DeepStack_20001|DeepStack_20000
STATE:670:cr300c/cr1200c:As|Ah/Qh:0|0:DeepStack_20000|DeepStack_20001
STATE:671:cc/cr300c:Ah|Qs/Qh:-300|300:DeepStack_20001|DeepStack_20000
STATE:672:cr300f:Kh|As:-100|100:DeepStack_20000|DeepStack_20001
STATE:673:r1200f:As|Ks:100|-100:DeepStack_20001|DeepStack_20000
STATE:674:cr1200f:Qs|As:-100|100:DeepStack_20000|DeepStack_20001
STATE:675:cr300f:Qh|Ah:-100|100:DeepStack_20001|DeepStack_20000
STATE:676:cr300r1200f:Ah|Kh:300|-300:DeepStack_20000|DeepStack_20001
STATE:677:cr300f:Qh|As:-100|100:DeepStack_20001|DeepStack_20000
STATE:678:cr300c/cc:Ks|Ah/Qs:-300|300:DeepStack_20000|DeepStack_20001
STATE:679:cr300c/r1200f:As|Ah/Kh:300|-300:DeepStack_20001|DeepStack_20000
STATE:680:cr300f:Kh|As:-100|100:DeepStack_20000|DeepStack_20001
STATE:681:cr300f:Kh|Ah:-100|100:DeepStack_20001|DeepStack_20000
STATE:682:r300r900r1200c/:As|Ah/Ks:0|0:DeepStack_20000|DeepStack_20001
STATE:683:cc/cr300f:Ks|Qs/Qh:-100|100:DeepStack_20001|DeepStack_20000
STATE:684:cc/cr300f:Ks|Qh/Qs:-100|100:DeepStack_20000|DeepStack_20001
STATE:685:cr300r1200f:As|Qh:300|-300:DeepStack_20001|DeepStack_20000
STATE:686:cr300f:Qs|Ah:-100|100:DeepStack_20000|DeepStack_20001
STATE:687:r1200f:As|Kh:100|-100:DeepStack_20001|DeepStack_20000
STATE:688:cc/cr300f:As|Qs/Qh:-100|100:DeepStack_20000|DeepStack_20001
STATE:689:cr300r1200f:Ah|Qh:300|-300:DeepStack_20001|DeepStack_20000
STATE:690:cc/r1200f:Qs|Qh/Ah:100|-100:DeepStack_20000|DeepStack_20001
STATE:691:cc/cc:Kh|Qs/Ks:100|-100:DeepStack_20001|DeepStack_20000
STATE:692:cr300f:Kh|As:-100|100:DeepStack_20000|DeepStack_20001
STATE:693:cr300c/r1200c:Ks|As/Kh:1200|-1200:DeepStack_20001|DeepStack_20000
STATE:694:cc/cr300f:Ks|Kh/Qh:-100|100:DeepStack_20000|DeepStack_20001
STATE:695:cc/cr300f:Qs|Kh/Ks:-100|100:DeepStack_20001|DeepStack_20000
STATE:696:cr300r1200f:As|Qh:300|-300:DeepStack_20000|DeepStack_20001
STATE:697:cc/cc:Kh|Ah/Qs:-100|100:DeepStack_20001|DeepStack_20000
STATE:698:r1200c/:Ah|As/Ks:0|0:DeepStack_20000|DeepStack_20001
STATE:699:cr300f:Kh|As:-100|100:DeepStack_20001|DeepStack_20000
STATE:700:cr300r1200f:As|Kh:300|-300:DeepStack_20000|DeepStack_20001
STATE:701:r300c/cc:Ks|Qs/Ah:300|-300:DeepStack_20001|DeepStack_20000
STATE:702:cc/cc:As|Kh/Qh:100|-100:DeepStack_20000|DeepStack_20001
STATE:703:cr300c/cr900f:Kh|Ah/As:-300|300:DeepStack_20001|DeepStack_20000
STATE:704:cr300r1200f:As|Kh:300|-300:DeepStack_20000|DeepStack_20001
STATE:705:cc/cc:Qs|Ks/Ah:-100|100:DeepStack_20001|DeepStack_20000
STATE:706:cr300c/r900c:Qs|Ah/Qh:900|-900:DeepStack_20000|DeepStack_20001
STATE:707:cr300f:Kh|Qs:-100|100:DeepStack_20001|DeepStack_20000
STATE:708:r1200c/:Ah|As/Ks:0|0:DeepStack_20000|DeepStack_20001
STATE:709:cr300c/r1200c:Ks|As/Kh:1200|-1200:DeepStack_20001|DeepStack_20000
STATE:710:cc/cc:Ks|Kh/Qh:0|0:DeepStack_20000|DeepStack_20001
STATE:711:cr300f:Ks|Kh:-100|100:DeepStack_20001|DeepStack_20000
STATE:712:cc/r300f:Kh|Qs/As:100|-100:DeepStack_20000|DeepStack_20001
STATE:713:r300c/r900c:Ah|Kh/As:900|-900:DeepStack_20001|DeepStack_20000
STATE:714:cc/cr300c:Ah|Kh/Ks:-300|300:DeepStack_20000|DeepStack_20001
STATE:715:cr300r1200c/:Ah|As/Qs:0|0:DeepStack_20001|DeepStack_20000
STATE:716:cc/r300f:Kh|Qs/Ah:100|-100:DeepStack_20000|DeepStack_20001
STATE:717:cr1200f:Kh|As:-100|100:DeepStack_20001|DeepStack_20000
STATE:718:cc/cc:Qh|Qs/Ah:0|0:DeepStack_20000|DeepStack_20001
STATE:719:cr1200f:Qs|Ah:-100|100:DeepStack_20001|DeepStack_20000
STATE:720:cc/cr300f:As|Ks/Qs:-100|100:DeepStack_20000|DeepStack_20001
STATE:721:cr300c/cc:Ks|Ah/Qs:-300|300:DeepStack_20001|DeepStack_20000
STATE:722:cr300c/cr1200f:Kh|Qs/Ah:-300|300:DeepStack_20000|DeepStack_20001
STATE:723:cr1200f:Kh|Ah:-100|100:DeepStack_20001|DeepStack_20000
STATE:724:cr300f:Qh|As:-100|100:DeepStack_20000|DeepStack_20001
STATE:725:r1200c/:As|Ah/Kh:0|0:DeepStack_20001|DeepStack_20000
STATE:726:cc/r300c:Kh|Ks/As:0|0:DeepStack_20000|DeepStack_20001
STATE:727:cc/cr300f:Kh|Qs/Qh:-100|100:DeepStack_20001|DeepStack_20000
STATE:728:cc/r300f:Ks|Qs/Ah:100|-100:DeepStack_20000|DeepStack_20001
STATE:729:cc/cc:Qh|As/Qs:100|-100:DeepStack_20001|DeepStack_20000
STATE:730:cc/cr300f:Qs|Ks/Kh:-100|100:DeepStack_20000|DeepStack_20001
STATE:731:r1200f:As|Qs:100|-100:DeepStack_20001|DeepStack_20000
STATE:732:cc/cc:Ks|Qs/Kh:100|-100:DeepStack_20000|DeepStack_20001
STATE:733:cc/cr300c:Ah|Ks/Qs:300|-300:DeepStack_20001|DeepStack_20000
STATE:734:cc/cr300f:Qh|Ah/As:-100|100:DeepStack_20000|DeepStack_20001
STATE:735:cc/cr300f:Ks|Qs/Qh:-100|100:DeepStack_20001|DeepStack_20000
STATE:736:cc/cc:Ks|Qs/Kh:100|-100:DeepStack_20000|DeepStack_20001
STATE:737:cc/r300r900f:Ks|As/Ah:-300|300:DeepStack_20001|DeepStack_20000
STATE:738:cr300f:Kh|As:-100|100:DeepStack_20000|DeepStack_20001
STATE:739:cc/r300f:Kh|Qh/As:100|-100:DeepStack_20001|DeepStack_20000
STATE:740:cr300f:Qs|Ah:-100|100:DeepStack_20000|DeepStack_20001
STATE:741:cc/cc:Ks|Kh/Qh:0|0:DeepStack_20001|DeepStack_20000
STATE:742:cr300r1200c/:As|Ah/Qs:0|0:DeepStack_20000|DeepStack_20001
STATE:743:cc/cc:Ks|Qs/As:100|-100:DeepStack_20001|DeepStack_20000
STATE:744:cc/r300c:Ks|Kh/As:0|0:DeepStack_20000|DeepStack_20001
STATE:745:cr300r1200f:Ah|Qs:300|-300:DeepStack_20001|DeepStack_20000
STATE:746:cc/r300f:Kh|Qh/Ah:100|-100:DeepStack_20000|DeepStack_20001
STATE:747:cc/cc:Ah|Kh/Qs:100|-100:DeepStack_20001|DeepStack_20000
STATE:748:cc/r300f:Kh|Qs/Ah:100|-100:DeepStack_20000|DeepStack_20001
STATE:749:cc/cc:As|Ks/Qs:100|-100:DeepStack_20001|DeepStack_20000
STATE:750:cr300f:Qs|As:-100|100:DeepStack_20000|DeepStack_20001
STATE:751:cc/cc:Qh|Ks/Qs:100|-100:DeepStack_20001|DeepStack_20000
STATE:752:cc/r300f:As|Qs/Ah:100|-100:DeepStack_20000|DeepStack_20001
STATE:753:cc/cc:Ah|Kh/Qs:100|-100:DeepStack_20001|DeepStack_20000
STATE:754:cc/cc:Ks|Kh/As:0|0:DeepStack_20000|DeepStack_20001
STATE:755:cc/cc:Ah|Kh/Qs:100|-100:DeepStack_20001|DeepStack_20000
STATE:756:cc/r300f:Ks|Qh/Ah:100|-100:DeepStack_20000|DeepStack_20001
STATE:757:cr300r1200c/:As|Ah/Qh:0|0:DeepStack_20001|DeepStack_20000
STATE:758:cc/cr300f:As|Ks/Qh:-100|100:DeepStack_20000|DeepStack_20001
STATE:759:cc/cc:Qs|Ks/As:-100|100:DeepStack_20001|DeepStack_20000
STATE:760:r1200f:As|Ks:100|-100:DeepStack_20000|DeepStack_20001
STATE:761:cr300f:Ks|Ah:-100|100:DeepStack_20001|DeepStack_20000
STATE:762:cr300f:Qh|As:-100|100:DeepStack_20000|DeepStack_20001
STATE:763:cc/cc:Ks|Qh/As:100|-100:DeepStack_20001|DeepStack_20000
STATE:764:cc/cc:As|Qs/Kh:100|-100:DeepStack_20000|DeepStack_20001
STATE:765:cc/r300r900c:As|Kh/Ah:900|-900:DeepStack_20001|DeepStack_20000
STATE:766:cc/cc:Ah|Qs/Kh:100|-100:DeepStack_20000|DeepStack_20001
STATE:767:cr300f:Qh|Ah:-100|100:DeepStack_20001|DeepStack_20000
STATE:768:cc/cr300f:Ks|Qs/Qh:-100|100:DeepStack_20000|DeepStack_20001
STATE:769:cr300f:Qh|As:-100|100:DeepStack_20001|DeepStack_20000
STATE:770:cc/cc:Ks|Qh/Kh:100|-100:DeepStack_20000|DeepStack_20001
STATE:771:cc/cr300f:As|Ks/Kh:-100|100:DeepStack_20001|DeepStack_20000
STATE:772:cr300c/cc:Ks|As/Qh:-300|300:DeepStack_20000|DeepStack_20001
STATE:773:cc/cc:Ks|Kh/As:0|0:DeepStack_20001|DeepStack_20000
STATE:774:cc/cc:Kh|Qh/Ks:100|-100:DeepStack_20000|DeepStack_20001
STATE:775:r1200f:Ah|Kh:100|-100:DeepStack_20001|DeepStack_20000
STATE:776:cr300f:Ks|Qh:-100|100:DeepStack_20000|DeepStack_20001
STATE:777:cc/cc:Ks|Kh/Qs:0|0:DeepStack_20001|DeepStack_20000
STATE:778:r1200f:As|Qh:100|-100:DeepStack_20000|DeepStack_20001
STATE:779:cc/r300f:Kh|Qh/Ah:100|-100:DeepStack_20001|DeepStack_20000
STATE:780:cr1200f:Qs|Ah:-100|100:DeepStack_20000|DeepStack_20001
STATE:781:cr300c/cr1200f:Qs|As/Ah:-300|300:DeepStack_20001|DeepStack_20000
STATE:782:r300r900f:Kh|Ah:-300|300:DeepStack_20000|DeepStack_20001
STATE:783:cc/cc:Qh|Ah/Ks:-100|100:DeepStack_20001|DeepStack_20000
STATE:784:cr1200f:Qs|As:-100|100:DeepStack_20000|DeepStack_20001
STATE:785:cc/cr300c:As|Qs/Qh:-300|300:DeepStack_20001|DeepStack_20000
STATE:786:cc/cr300f:Qh|Qs/Kh:-100|100:DeepStack_20000|DeepStack_20001
STATE:787:cc/cr300c:As|Qs/Qh:-300|300:DeepStack_20001|DeepStack_20000
STATE:788:cr300f:Kh|Ah:-100|100:DeepStack_20000|DeepStack_20001
STATE:789:cr300r1200c/:As|Ah/Kh:0|0:DeepStack_20001|DeepStack_20000
STATE:790:cr300f:Qs|Ah:-100|100:DeepStack_20000|DeepStack_20001
STATE:791:r1200f:Ah|Qh:100|-100:DeepStack_20001|DeepStack_20000
STATE:792:cc/r300f:Kh|Ks/Ah:100|-100:DeepStack_20000|DeepStack_20001
STATE:793:r1200c/:As|Ah/Qh:0|0:DeepStack_20001|DeepStack_20000
STATE:794:cc/cr1200c:Kh|Ah/As:-1200|1200:DeepStack_20000|DeepStack_20001
STATE:795:r1200c/:Ah|As/Ks:0|0:DeepStack_20001|DeepStack_20000
STATE:796:cc/cc:Qs|Ks/Qh:100|-100:DeepStack_20000|DeepStack_20001
STATE:797:cc/r300f:Kh|Qs/As:100|-100:DeepStack_20001|DeepStack_20000
STATE:798:r300c/cr1200f:As|Qh/Kh:-300|300:DeepStack_20000|DeepStack_20001
STATE:799:cr300f:Qh|As:-100|100:DeepStack_20001|DeepStack_20000
STATE:800:cc/cc:Ah|Ks/Qs:100|-100:DeepStack_20000|DeepStack_20001
STATE:801:cr300f:Kh|As:-100|100:DeepStack_20001|DeepStack_20000
STATE:802:cc/cr300f:Ah|Qs/Qh:-100|100:DeepStack_20000|DeepStack_20001
STATE:803:cc/cc:As|Ah/Qs:0|0:DeepStack_20001|DeepStack_20000
STATE:804:r1200f:Ah|Kh:100|-100:DeepStack_20000|DeepStack_20001
STATE:805:cc/cc:Ah|Ks/Qs:100|-100:DeepStack_20001|DeepStack_20000
STATE:806:cr1200f:Ks|As:-100|100:DeepStack_20000|DeepStack_20001
STATE:807:cr300c/cr1200f:Kh|Ah/Qh:-300|300:DeepStack_20001|DeepStack_20000
STATE:808:cc/cc:As|Qs/Kh:100|-100:DeepStack_20000|DeepStack_20001
STATE:809:cr300f:Kh|Qs:-100|100:DeepStack_20001|DeepStack_20000
STATE:810:cc/r300f:Qs|Qh/Ah:100|-100:DeepStack_20000|DeepStack_20001
STATE:811:cc/cc:Qh|Qs/Ah:0|0:DeepStack_20001|DeepStack_20000
STATE:812:cr300r1200f:As|Qs:300|-300:DeepStack_20000|DeepStack_20001
STATE:813:cr300f:Qh|As:-100|100:DeepStack_20001|DeepStack_20000
STATE:814:cc/cr300f:Ah|Kh/Ks:-100|100:DeepStack_20000|DeepStack_20001
STATE:815:cr300c/cr1200f:Ks|As/Ah:-300|300:DeepStack_20001|DeepStack_20000
STATE:816:cr300f:Qh|Ah:-100|100:DeepStack_20000|DeepStack_20001
STATE:817:cc/cc:As|Qs/Kh:100|-100:DeepStack_20001|DeepStack_20000
STATE:818:cr300f:Kh|Qh:-100|100:DeepStack_20000|DeepStack_20001
STATE:819:cc/r300c:Qs|Ks/Ah:-300|300:DeepStack_20001|DeepStack_20000
STATE:820:r300r1200f:Ks|Ah:-300|300:DeepStack_20000|DeepStack_20001
STATE:821:cc/cc:Kh|Qh/Ks:100|-100:DeepStack_20001|DeepStack_20000
STATE:822:cr300f:Ks|Ah:-100|100:DeepStack_20000|DeepStack_20001
STATE:823:cc/cr300f:Ah|Qh/Qs:-100|100:DeepStack_20001|DeepStack_20000
STATE:824:cc/cc:Ks|Qs/Kh:100|-100:DeepStack_20000|DeepStack_20001
STATE:825:r1200f:As|Qh:100|-100:DeepStack_20001|DeepStack_20000
STATE:826:cc/cr300f:Ah|Qs/Qh:-100|100:DeepStack_20000|DeepStack_20001
STATE:827:cc/cc:Qs|Ks/As:-100|100:DeepStack_20001|DeepStack_20000
STATE:828:r1200f:As|Ks:100|-100:DeepStack_20000|DeepStack_20001
STATE:829:cc/cc:Qs|Kh/As:-100|100:DeepStack_20001|DeepStack_20000
STATE:830:cr300r1200c/:As|Ah/Qs:0|0:DeepStack_20000|DeepStack_20001
STATE:831:cr300f:Qs|Ks:-100|100:DeepStack_20001|DeepStack_20000
STATE:832:cr1200f:Qs|As:-100|100:DeepStack_20000|DeepStack_20001
STATE:833:cc/cc:Qh|Ks/As:-100|100:DeepStack_20001|DeepStack_20000
STATE:834:cc/cr300r1200f:Qh|Kh/Qs:300|-300:DeepStack_20000|DeepStack_20001
STATE:835:cc/cr300f:Qh|Ks/Kh:-100|100:DeepStack_20001|DeepStack_20000
STATE:836:cr300f:Qh|As:-100|100:DeepStack_20000|DeepStack_20001
STATE:837:r1200f:Ah|Ks:100|-100:DeepStack_20001|DeepStack_20000
STATE:838:cc/cc:Qh|Ks/Qs:100|-100:DeepStack_20000|DeepStack_20001
STATE:839:cc/cr300f:Qh|Kh/Ks:-100|100:DeepStack_20001|DeepStack_20000
STATE:840:r1200f:As|Kh:100|-100:DeepStack_20000|DeepStack_20001
STATE:841:cr300c/cr1200f:Qs|Kh/As:-300|300:DeepStack_20001|DeepStack_20000
STATE:842:cr300r1200c/:As|Ah/Qs:0|0:DeepStack_20000|DeepStack_20001
STATE:843:cr300r1200c/:Ah|As/Qs:0|0:DeepStack_20001|DeepStack_20000
STATE:844:r1200f:Ah|Qs:100|-100:DeepStack_20000|DeepStack_20001
STATE:845:r1200f:Ah|Qs:100|-100:DeepStack_20001|DeepStack_20000
STATE:846:cc/cr300f:Qh|Ks/Kh:-100|100:DeepStack_20000|DeepStack_20001
STATE:847:cr300f:Qh|Ah:-100|100:DeepStack_20001|DeepStack_20000
STATE:848:cc/cc:As|Qs/Ks:100|-100:DeepStack_20000|DeepStack_20001
STATE:849:cc/cc:As|Ah/Qs:0|0:DeepStack_20001|DeepStack_20000
STATE:850:cc/cr300f:As|Kh/Qs:-100|100:DeepStack_20000|DeepStack_20001
STATE:851:r1200f:As|Qh:100|-100:DeepStack_20001|DeepStack_20000
STATE:852:r1200f:Ah|Qh:100|-100:DeepStack_20000|DeepStack_20001
STATE:853:cc/cc:Qs|Qh/Kh:0|0:DeepStack_20001|DeepStack_20000
STATE:854:cr300f:Qs|Ah:-100|100:DeepStack_20000|DeepStack_20001
STATE:855:cc/cr300f:Kh|Qs/Qh:-100|100:DeepStack_20001|DeepStack_20000
STATE:856:cc/cc:As|Ah/Qs:0|0:DeepStack_20000|DeepStack_20001
STATE:857:cc/cr300f:Qs|Kh/Ks:-100|100:DeepStack_20001|DeepStack_20000
STATE:858:cr300r1200c/:Ah|As/Qs:0|0:DeepStack_20000|DeepStack_20001
STATE:859:cr300r1200c/:Ah|As/Qs:0|0:DeepStack_20001|DeepStack_20000
STATE:860:cc/cr300f:Qh|Ks/Kh:-100|100:DeepStack_20000|DeepStack_20001
STATE:861:cc/r300f:Kh|Qs/Ah:100|-100:DeepStack_20001|DeepStack_20000
STATE:862:cr300c/cr1200f:Qh|Qs/Ah:-300|300:DeepStack_20000|DeepStack_20001
STATE:863:cc/r300f:Kh|Qh/As:100|-100:DeepStack_20001|DeepStack_20000
STATE:864:cc/cr300f:As|Kh/Ks:-100|100:DeepStack_20000|DeepStack_20001
STATE:865:cr300f:Qh|Qs:-100|100:DeepStack_20001|DeepStack_20000
STATE:866:cc/cc:Qh|Kh/As:-100|100:DeepStack_20000|DeepStack_20001
STATE:867:cr300f:Qh|Kh:-100|100:DeepStack_20001|DeepStack_20000
STATE:868:cr300f:Qh|As:-100|100:DeepStack_20000|DeepStack_20001
STATE:869:cc/cc:Qs|Qh/As:0|0:DeepStack_20001|DeepStack_20000
STATE:870:cr300c/cr1200c:As|Ks/Ah:1200|-1200:DeepStack_20000|DeepStack_20001
STATE:871:cc/cr1200f:Qs|Kh/Ah:-100|100:DeepStack_20001|DeepStack_20000
STATE:872:cc/r300f:Ks|Qh/As:100|-100:DeepStack_20000|DeepStack_20001
STATE:873:cr300r1200c/:Ah|As/Ks:0|0:DeepStack_20001|DeepStack_20000
STATE:874:cc/cc:Kh|Qh/Ks:100|-100:DeepStack_20000|DeepStack_20001
STATE:875:cr300f:Ks|As:-100|100:DeepStack_20001|DeepStack_20000
STATE:876:cc/cc:Qs|As/Qh:100|-100:DeepStack_20000|DeepStack_20001
STATE:877:cc/cr300f:Ah|Ks/Kh:-100|100:DeepStack_20001|DeepStack_20000
STATE:878:cc/r300f:Kh|Qh/Ah:100|-100:DeepStack_20000|DeepStack_20001
STATE:879:cr300f:Kh|As:-100|100:DeepStack_20001|DeepStack_20000
STATE:880:cc/cr300r1200f:Qh|Kh/Qs:300|-300:DeepStack_20000|DeepStack_20001
STATE:881:cc/cc:Qh|Qs/Kh:0|0:DeepStack_20001|DeepStack_20000
STATE:882:cc/cc:Kh|Qs/Ks:100|-100:DeepStack_20000|DeepStack_20001
STATE:883:cr300c/cr1200c:Ks|Ah/As:-1200|1200:DeepStack_20001|DeepStack_20000
STATE:884:r300c/cc:Ks|Ah/Kh:300|-300:DeepStack_20000|DeepStack_20001
STATE:885:cc/cc:Qs|As/Kh:-100|100:DeepStack_20001|DeepStack_20000
STATE:886:cc/cc:Kh|Ks/Ah:0|0:DeepStack_20000|DeepStack_20001
STATE:887:r1200c/:Ah|As/Kh:0|0:DeepStack_20001|DeepStack_20000
STATE:888:cc/cc:Qh|Ks/As:-100|100:DeepStack_20000|DeepStack_20001
STATE:889:r300c/cc:As|Kh/Qs:300|-300:DeepStack_20001|DeepStack_20000
STATE:890:r1200f:Ah|Kh:100|-100:DeepStack_20000|DeepStack_20001
STATE:891:cc/cc:Ks|Qh/As:100|-100:DeepStack_20001|DeepStack_20000
STATE:892:cr300c/cr1200f:Ks|Ah/As:-300|300:DeepStack_20000|DeepStack_20001
STATE:893:cc/cc:Qs|Ks/Ah:-100|100:DeepStack_20001|DeepStack_20000
STATE:894:cc/cr300f:Ah|Kh/Ks:-100|100:DeepStack_20000|DeepStack_20001
STATE:895:cr300f:Qs|As:-100|100:DeepStack_20001|DeepStack_20000
STATE:896:cr300r1200f:Ah|Kh:300|-300:DeepStack_20000|DeepStack_20001
STATE:897:cc/cc:Ah|Qh/Ks:100|-100:DeepStack_20001|DeepStack_20000
STATE:898:cc/r300f:Ks|Kh/Ah:100|-100:DeepStack_20000|DeepStack_20001
STATE:899:cc/cc:Qs|Ks/Ah:-100|100:DeepStack_20001|DeepStack_20000
STATE:900:r1200c/:Ah|As/Ks:0|0:DeepStack_20000|DeepStack_20001
STATE:901:cr300f:Qs|Ah:-100|100:DeepStack_20001|DeepStack_20000
STATE:902:r1200f:Ah|Qs:100|-100:DeepStack_20000|DeepStack_20001
STATE:903:cc/cc:Qh|Ks/Qs:100|-100:DeepStack_20001|DeepStack_20000
STATE:904:r1200c/:As|Ah/Qh:0|0:DeepStack_20000|DeepStack_20001
STATE:905:cr1200f:Qs|As:-100|100:DeepStack_20001|DeepStack_20000
STATE:906:cc/cc:Qs|Qh/Kh:0|0:DeepStack_20000|DeepStack_20001
STATE:907:cr300f:Qs|Ah:-100|100:DeepStack_20001|DeepStack_20000
STATE:908:r300r1200f:Kh|Ah:-300|300:DeepStack_20000|DeepStack_20001
STATE:909:cc/cc:Kh|Ah/Qh:-100|100:DeepStack_20001|DeepStack_20000
STATE:910:cc/cr300r900f:Qh|Kh/Qs:300|-300:DeepStack_20000|DeepStack_20001
STATE:911:cr300r1200c/:As|Ah/Qs:0|0:DeepStack_20001|DeepStack_20000
STATE:912:cr300r1200c/:As|Ah/Ks:0|0:DeepStack_20000|DeepStack_20001
STATE:913:r1200f:As|Ks:100|-100:DeepStack_20001|DeepStack_20000
STATE:914:cc/r300f:Kh|Qs/As:100|-100:DeepStack_20000|DeepStack_20001
STATE:915:r300r1200f:Qh|As:-300|300:DeepStack_20001|DeepStack_20000
STATE:916:r1200f:As|Kh:100|-100:DeepStack_20000|DeepStack_20001
STATE:917:r1200f:Ah|Qs:100|-100:DeepStack_20001|DeepStack_20000
STATE:918:cr300c/cr900f:Ks|Qh/As:-300|300:DeepStack_20000|DeepStack_20001
STATE:919:cr300f:Ks|Qh:-100|100:DeepStack_20001|DeepStack_20000
STATE:920:cc/r300f:As|Kh/Ah:100|-100:DeepStack_20000|DeepStack_20001
STATE:921:cr300f:Qh|Qs:-100|100:DeepStack_20001|DeepStack_20000
STATE:922:cc/cr300c:As|Kh/Qs:300|-300:DeepStack_20000|DeepStack_20001
STATE:923:cr300r1200c/:As|Ah/Qh:0|0:DeepStack_20001|DeepStack_20000
STATE:924:r1200f:As|Qs:100|-100:DeepStack_20000|DeepStack_20001
STATE:925:cc/r1200f:Qs|Kh/Ah:100|-100:DeepStack_20001|DeepStack_20000
STATE:926:cc/cr300f:Kh|Qs/Qh:-100|100:DeepStack_20000|DeepStack_20001
STATE:927:cc/r300f:As|Qs/Ah:100|-100:DeepStack_20001|DeepStack_20000
STATE:928:cc/cc:Kh|Ks/Qh:0|0:DeepStack_20000|DeepStack_20001
STATE:929:cc/cc:Ks|Ah/Qs:-100|100:DeepStack_20001|DeepStack_20000
STATE:930:cc/r300f:Ks|Qh/Ah:100|-100:DeepStack_20000|DeepStack_20001
STATE:931:r1200c/:Ah|As/Kh:0|0:DeepStack_20001|DeepStack_20000
STATE:932:cr300f:Ks|As:-100|100:DeepStack_20000|DeepStack_20001
STATE:933:cc/cc:Ks|Qs/Kh:100|-100:DeepStack_20001|DeepStack_20000
STATE:934:cc/cr300f:Qs|Kh/Ks:-100|100:DeepStack_20000|DeepStack_20001
STATE:935:cc/cc:Ah|Ks/Qh:100|-100:DeepStack_20001|DeepStack_20000
STATE:936:r1200f:Ah|Kh:100|-100:DeepStack_20000|DeepStack_20001
STATE:937:cr300f:Qs|Kh:-100|100:DeepStack_20001|DeepStack_20000
STATE:938:cc/cc:As|Qs/Kh:100|-100:DeepStack_20000|DeepStack_20001
STATE:939:cc/cr300f:Qs|Kh/Ks:-100|100:DeepStack_20001|DeepStack_20000
STATE:940:cc/r300c:Ah|Kh/As:300|-300:DeepStack_20000|DeepStack_20001
STATE:941:cc/r300c:Ah|Kh/As:300|-300:DeepStack_20001|DeepStack_20000
STATE:942:cr300f:Ks|Qh:-100|100:DeepStack_20000|DeepStack_20001
STATE:943:r300c/cc:Ks|Kh/Qh:0|0:DeepStack_20001|DeepStack_20000
STATE:944:cc/cc:Ah|Kh/Qh:100|-100:DeepStack_20000|DeepStack_20001
STATE:945:cc/cc:Qs|Ks/Ah:-100|100:DeepStack_20001|DeepStack_20000
STATE:946:r1200c/:Ah|As/Ks:0|0:DeepStack_20000|DeepStack_20001
STATE:947:cc/r300r900f:Ks|As/Ah:-300|300:DeepStack_20001|DeepStack_20000
STATE:948:cr1200f:Ks|As:-100|100:DeepStack_20000|DeepStack_20001
STATE:949:cc/cc:Qs|Qh/Kh:0|0:DeepStack_20001|DeepStack_20000
STATE:950:cr300f:Qh|As:-100|100:DeepStack_20000|DeepStack_20001
STATE:951:cr300f:Kh|As:-100|100:DeepStack_20001|DeepStack_20000
STATE:952:r300c/r1200f:As|Qh/Ah:300|-300:DeepStack_20000|DeepStack_20001
STATE:953:r1200f:Ah|Ks:100|-100:DeepStack_20001|DeepStack_20000
STATE:954:cc/r300f:As|Qs/Ah:100|-100:DeepStack_20000|DeepStack_20001
STATE:955:cr300f:Ks|Ah:-100|100:DeepStack_20001|DeepStack_20000
STATE:956:cr300f:Qs|As:-100|100:DeepStack_20000|DeepStack_20001
STATE:957:r1200f:Ah|Qs:100|-100:DeepStack_20001|DeepStack_20000
STATE:958:cr300c/cc:Ks|Ah/Qs:-300|300:DeepStack_20000|DeepStack_20001
STATE:959:cr300f:Ks|As:-100|100:DeepStack_20001|DeepStack_20000
STATE:960:cc/r1200c:Qh|Ah/As:-1200|1200:DeepStack_20000|DeepStack_20001
STATE:961:cc/cr300f:As|Qh/Qs:-100|100:DeepStack_20001|DeepStack_20000
STATE:962:cc/cc:Qh|Qs/Ah:0|0:DeepStack_20000|DeepStack_20001
STATE:963:cc/cc:Kh|Qs/As:100|-100:DeepStack_20001|DeepStack_20000
STATE:964:r1200f:Ah|Kh:100|-100:DeepStack_20000|DeepStack_20001
STATE:965:r1200c/:As|Ah/Qh:0|0:DeepStack_20001|DeepStack_20000
STATE:966:cc/r300f:Ks|Qs/Ah:100|-100:DeepStack_20000|DeepStack_20001
STATE:967:cc/cr300f:As|Qs/Qh:-100|100:DeepStack_20001|DeepStack_20000
STATE:968:cc/cc:Qh|Qs/Ks:0|0:DeepStack_20000|DeepStack_20001
STATE:969:cc/cc:Ks|Qs/Kh:100|-100:DeepStack_20001|DeepStack_20000
STATE:970:cc/cr1200f:Qs|Qh/Ah:-100|100:DeepStack_20000|DeepStack_20001
STATE:971:cc/cr300f:Qs|Ks/Kh:-100|100:DeepStack_20001|DeepStack_20000
STATE:972:cc/cc:Qh|Qs/Ks:0|0:DeepStack_20000|DeepStack_20001
STATE:973:cc/cr300f:Qh|Kh/Ks:-100|100:DeepStack_20001|DeepStack_20000
STATE:974:cc/r300f:Ks|Qs/Ah:100|-100:DeepStack_20000|DeepStack_20001
STATE:975:cr300f:Kh|Ks:-100|100:DeepStack_20001|DeepStack_20000
STATE:976:cc/cc:Qh|Ks/Qs:100|-100:DeepStack_20000|DeepStack_20001
STATE:977:cr300f:Qs|Ks:-100|100:DeepStack_20001|DeepStack_20000
STATE:978:cr300f:Qh|As:-100|100:DeepStack_20000|DeepStack_20001
STATE:979:cc/cc:Ks|Qh/Kh:100|-100:DeepStack_20001|DeepStack_20000
STATE:980:cc/cc:Qh|Ks/As:-100|100:DeepStack_20000|DeepStack_20001
STATE:981:cc/cr300f:Qh|Kh/Ks:-100|100:DeepStack_20001|DeepStack_20000
STATE:982:r1200f:As|Qs:100|-100:DeepStack_20000|DeepStack_20001
STATE:983:r1200f:As|Kh:100|-100:DeepStack_20001|DeepStack_20000
STATE:984:cc/cc:Ks|Kh/Qh:0|0:DeepStack_20000|DeepStack_20001
STATE:985:cr1200c/:As|Ah/Kh:0|0:DeepStack_20001|DeepStack_20000
STATE:986:cc/r300f:Ks|Qh/Ah:100|-100:DeepStack_20000|DeepStack_20001
STATE:987:cc/cc:Ks|Ah/Qh:-100|100:DeepStack_20001|DeepStack_20000
STATE:988:cc/cr300f:Qs|Kh/Ks:-100|100:DeepStack_20000|DeepStack_20001
STATE:989:cc/cr300c:Ah|Qh/Kh:300|-300:DeepStack_20001|DeepStack_20000
STATE:990:cc/cc:Qs|Qh/Kh:0|0:DeepStack_20000|DeepStack_20001
STATE:991:r1200f:Ah|Qs:100|-100:DeepStack_20001|DeepStack_20000
STATE:992:cr300r900f:As|Qh:300|-300:DeepStack_20000|DeepStack_20001
STATE:993:cr300f:Qs|As:-100|100:DeepStack_20001|DeepStack_20000
STATE:994:cr300c/cc:Kh|Ah/Qh:-300|300:DeepStack_20000|DeepStack_20001
STATE:995:r1200f:As|Qs:100|-100:DeepStack_20001|DeepStack_20000
STATE:996:cc/r300f:Kh|Ks/As:100|-100:DeepStack_20000|DeepStack_20001
STATE:997:cc/cr300f:Ks|Qs/Qh:-100|100:DeepStack_20001|DeepStack_20000
STATE:998:r300c/cr900f:Ks|As/Ah:-300|300:DeepStack_20000|DeepStack_20001
STATE:999:cr300f:Kh|As:-100|100:DeepStack_20001|DeepStack_20000
SCORE:5200|-5200:DeepStack_20000|DeepStack_20001
