# name/game/hands/seed c9_dp_dp_1k leduc.game 1000 99
#--t_response 600000
#--t_hand 600000
#--t_per_hand 7000
STATE:0:cc/cr300f:Qs|Ks/Kh:-100|100:DeepStack_20000|DeepStack_20001
STATE:1:r1200f:Ah|Kh:100|-100:DeepStack_20001|DeepStack_20000
STATE:2:cc/cc:Ah|Qs/Kh:100|-100:DeepStack_20000|DeepStack_20001
STATE:3:cc/cc:Qh|Ks/Qs:100|-100:DeepStack_20001|DeepStack_20000
STATE:4:cc/cr300r1200f:Qh|Ks/Qs:300|-300:DeepStack_20000|DeepStack_20001
STATE:5:cr300f:Kh|Ah:-100|100:DeepStack_20001|DeepStack_20000
STATE:6:cc/r300f:As|Qs/Ah:100|-100:DeepStack_20000|DeepStack_20001
STATE:7:cc/cc:Qs|Kh/As:-100|100:DeepStack_20001|DeepStack_20000
STATE:8:cc/cr300f:Ah|Qs/Qh:-100|100:DeepStack_20000|DeepStack_20001
STATE:9:cr300c/cr1200f:Qh|Ah/As:-300|300:DeepStack_20001|DeepStack_20000
STATE:10:cr300f:Qs|Ah:-100|100:DeepStack_20000|DeepStack_20001
STATE:11:cc/cc:Kh|Qs/Ks:100|-100:DeepStack_20001|DeepStack_20000
STATE:12:cr300f:Kh|Qh:-100|100:DeepStack_20000|DeepStack_20001
STATE:13:cr300f:Qh|Ah:-100|100:DeepStack_20001|DeepStack_20000
STATE:14:cc/cr300f:Qs|Ks/Kh:-100|100:DeepStack_20000|DeepStack_20001
STATE:15:cc/cr300f:Qs|Kh/Ks:-100|100:DeepStack_20001|DeepStack_20000
STATE:16:cc/cc:Qs|Qh/As:0|0:DeepStack_20000|DeepStack_20001
STATE:17:r300c/cc:Kh|Qs/Ah:300|-300:DeepStack_20001|DeepStack_20000
STATE:18:cr300f:Ks|As:-100|100:DeepStack_20000|DeepStack_20001
STATE:19:cr300c/cr900c:Ks|Qh/As:900|-900:DeepStack_20001|DeepStack_20000
STATE:20:cc/cc:Qs|Qh/Kh:0|0:DeepStack_20000|DeepStack_20001
STATE:21:cc/r300f:Ks|Qs/Ah:100|-100:DeepStack_20001|DeepStack_20000
STATE:22:r1200f:As|Ks:100|-100:DeepStack_20000|DeepStack_20001
STATE:23:cr300f:Qs|Ah:-100|100:DeepStack_20001|DeepStack_20000
STATE:24:cr300c/r1200c:Qs|Ah/Kh:-1200|1200:DeepStack_20000|DeepStack_20001
STATE:25:cr300f:Ks|Ah:-100|100:DeepStack_20001|DeepStack_20000
STATE:26:cc/cr1200f:Ks|Kh/Ah:-100|100:DeepStack_20000|DeepStack_20001
STATE:27:cc/cr300r900f:Kh|Qs/Ks:300|-300:DeepStack_20001|DeepStack_20000
STATE:28:cr300f:Qh|Ah:-100|100:DeepStack_20000|DeepStack_20001
STATE:29:cc/cc:Qs|Kh/Ah:-100|100:DeepStack_20001|DeepStack_20000
STATE:30:cr1200f:Ks|Ah:-100|100:DeepStack_20000|DeepStack_20001
STATE:31:cr300c/r1200f:Qh|Ah/Qs:300|-300:DeepStack_20001|DeepStack_20000
STATE:32:r300c/r900f:Ks|Qh/Ah:300|-300:DeepStack_20000|DeepStack_20001
STATE:33:cc/cr300r900f:Qh|Ks/Qs:300|-300:DeepStack_20001|DeepStack_20000
STATE:34:cc/cc:Qh|Qs/Kh:0|0:DeepStack_20000|DeepStack_20001
STATE:35:cc/cr300f:Qs|Kh/Ks:-100|100:DeepStack_20001|DeepStack_20000
STATE:36:cc/cr300f:As|Qh/Ks:-100|100:DeepStack_20000|DeepStack_20001
STATE:37:r300c/cc:Kh|Qh/As:300|-300:DeepStack_20001|DeepStack_20000
STATE:38:cr300f:Kh|Qh:-100|100:DeepStack_20000|DeepStack_20001
STATE:39:r1200c/:As|Ah/Qs:0|0:DeepStack_20001|DeepStack_20000
STATE:40:r1200c/:Ah|As/Kh:0|0:DeepStack_20000|DeepStack_20001
STATE:41:cr300f:Kh|As:-100|100:DeepStack_20001|DeepStack_20000
STATE:42:cr300f:Qs|Ah:-100|100:DeepStack_20000|DeepStack_20001
STATE:43:cc/cc:As|Ks/Qs:100|-100:DeepStack_20001|DeepStack_20000
STATE:44:r1200c/:As|Ah/Qs:0|0:DeepStack_20000|DeepStack_20001
STATE:45:cr300f:Kh|As:-100|100:DeepStack_20001|DeepStack_20000
STATE:46:cc/cr300f:Qs|Kh/Ks:-100|100:DeepStack_20000|DeepStack_20001
STATE:47:cc/cr300r1200f:Kh|Qs/Ks:300|-300:DeepStack_20001|DeepStack_20000
STATE:48:cc/cc:Qh|Ks/As:-100|100:DeepStack_20000|DeepStack_20001
STATE:49:cc/cr300r900f:Qh|Ks/Qs:300|-300:DeepStack_20001|DeepStack_20000
STATE:50:cc/cr300c:Ah|Ks/Qh:300|-300:DeepStack_20000|DeepStack_20001
STATE:51:cr300f:Kh|Ks:-100|100:DeepStack_20001|DeepStack_20000
STATE:52:cc/cr300r1200f:Kh|Qh/Ks:300|-300:DeepStack_20000|DeepStack_20001
STATE:53:cr300c/cc:Ks|As/Qs:-300|300:DeepStack_20001|DeepStack_20000
STATE:54:cr300r1200c/:As|Ah/Qh:0|0:DeepStack_20000|DeepStack_20001
STATE:55:cc/cc:Kh|Ah/Ks:100|-100:DeepStack_20001|DeepStack_20000
STATE:56:cr300r1200f:Ah|Qh:300|-300:DeepStack_20000|DeepStack_20001
STATE:57:r1200f:As|Qh:100|-100:DeepStack_20001|DeepStack_20000
STATE:58:cr300r1200c/:Ah|As/Qh:0|0:DeepStack_20000|DeepStack_20001
STATE:59:cr300f:Qh|Ah:-100|100:DeepStack_20001|DeepStack_20000
STATE:60:r1200f:Ah|Qs:100|-100:DeepStack_20000|DeepStack_20001
STATE:61:cc/r1200f:As|Qh/Ah:100|-100:DeepStack_20001|DeepStack_20000
STATE:62:cr300r900f:As|Ks:300|-300:DeepStack_20000|DeepStack_20001
STATE:63:cc/r300f:Kh|Qh/Ah:100|-100:DeepStack_20001|DeepStack_20000
STATE:64:cc/cr1200f:Qs|Qh/Ah:-100|100:DeepStack_20000|DeepStack_20001
STATE:65:cc/cc:Ah|Qh/Kh:100|-100:DeepStack_20001|DeepStack_20000
STATE:66:cc/cc:Qs|Ks/Ah:-100|100:DeepStack_20000|DeepStack_20001
STATE:67:cc/cr300r1200f:Qh|Ks/Qs:300|-300:DeepStack_20001|DeepStack_20000
STATE:68:cr300f:Kh|As:-100|100:DeepStack_20000|DeepStack_20001
STATE:69:r1200c/:Ah|As/Ks:0|0:DeepStack_20001|DeepStack_20000
STATE:70:cc/cc:As|Qh/Ks:100|-100:DeepStack_20000|DeepStack_20001
STATE:71:cc/r1200f:As|Ks/Ah:100|-100:DeepStack_20001|DeepStack_20000
STATE:72:cc/cr300f:Qs|Qh/Kh:-100|100:DeepStack_20000|DeepStack_20001
STATE:73:cc/r300c:Kh|Ks/Ah:0|0:DeepStack_20001|DeepStack_20000
STATE:74:cr300f:Qs|Qh:-100|100:DeepStack_20000|DeepStack_20001
STATE:75:cc/cc:Qh|Qs/As:0|0:DeepStack_20001|DeepStack_20000
STATE:76:cc/cr300f:Ah|Qh/Qs:-100|100:DeepStack_20000|DeepStack_20001
STATE:77:cr300c/cr900f:Ks|Ah/As:-300|300:DeepStack_20001|DeepStack_20000
STATE:78:r1200f:As|Kh:100|-100:DeepStack_20000|DeepStack_20001
STATE:79:cr300f:Kh|As:-100|100:DeepStack_20001|DeepStack_20000
STATE:80:cr300f:Ks|Ah:-100|100:DeepStack_20000|DeepStack_20001
STATE:81:cr300f:Qh|Ah:-100|100:DeepStack_20001|DeepStack_20000
STATE:82:cc/cr300f:As|Ks/Kh:-100|100:DeepStack_20000|DeepStack_20001
STATE:83:r1200f:Ah|Qs:100|-100:DeepStack_20001|DeepStack_20000
STATE:84:cr300r1200f:As|Qh:300|-300:DeepStack_20000|DeepStack_20001
STATE:85:cc/cc:Qs|Qh/Kh:0|0:DeepStack_20001|DeepStack_20000
STATE:86:cr300c/cr900c:As|Ah/Qh:0|0:DeepStack_20000|DeepStack_20001
STATE:87:cr300f:Ks|As:-100|100:DeepStack_20001|DeepStack_20000
STATE:88:cr300f:Ks|Ah:-100|100:DeepStack_20000|DeepStack_20001
STATE:89:cc/cc:Ks|Kh/Qh:0|0:DeepStack_20001|DeepStack_20000
STATE:90:cc/r300f:Qs|Qh/Ah:100|-100:DeepStack_20000|DeepStack_20001
STATE:91:cc/cr1200f:Qh|Ah/As:-100|100:DeepStack_20001|DeepStack_20000
STATE:92:cr300c/cc:Qh|Ks/Ah:-300|300:DeepStack_20000|DeepStack_20001
STATE:93:cr300f:Qs|Qh:-100|100:DeepStack_20001|DeepStack_20000
STATE:94:cr300f:Qh|Kh:-100|100:DeepStack_20000|DeepStack_20001
STATE:95:cc/r300f:Kh|Qh/Ah:100|-100:DeepStack_20001|DeepStack_20000
STATE:96:cr300c/cr1200c:Ks|As/Ah:-1200|1200:DeepStack_20000|DeepStack_20001
STATE:97:cr1200f:Qh|As:-100|100:DeepStack_20001|DeepStack_20000
STATE:98:cc/cc:Ah|Qs/Kh:100|-100:DeepStack_20000|DeepStack_20001
STATE:99:r1200f:As|Qs:100|-100:DeepStack_20001|DeepStack_20000
STATE:100:cr300r1200f:Ah|Kh:300|-300:DeepStack_20000|DeepStack_20001
STATE:101:cr300f:Qh|As:-100|100:DeepStack_20001|DeepStack_20000
STATE:102:cc/cr300f:Kh|Qs/Qh:-100|100:DeepStack_20000|DeepStack_20001
STATE:103:r300c/cr900f:Ah|Qh/Kh:-300|300:DeepStack_20001|DeepStack_20000
STATE:104:r1200c/:Ah|As/Qh:0|0:DeepStack_20000|DeepStack_20001
STATE:105:cc/r300f:Ks|Qs/Ah:100|-100:DeepStack_20001|DeepStack_20000
STATE:106:cr1200f:Qs|Ah:-100|100:DeepStack_20000|DeepStack_20001
STATE:107:cr300r1200c/:As|Ah/Qs:0|0:DeepStack_20001|DeepStack_20000
STATE:108:cr1200f:Kh|Ah:-100|100:DeepStack_20000|DeepStack_20001
STATE:109:cc/cc:As|Qs/Ks:100|-100:DeepStack_20001|DeepStack_20000
STATE:110:r300r1200f:Qs|As:-300|300:DeepStack_20000|DeepStack_20001
STATE:111:cr300f:Qh|Ah:-100|100:DeepStack_20001|DeepStack_20000
STATE:112:cc/cc:Qh|Qs/As:0|0:DeepStack_20000|DeepStack_20001
STATE:113:cc/cc:Ks|Kh/As:0|0:DeepStack_20001|DeepStack_20000
STATE:114:cc/cc:Qs|Qh/Kh:0|0:DeepStack_20000|DeepStack_20001
STATE:115:r1200f:As|Ks:100|-100:DeepStack_20001|DeepStack_20000
STATE:116:cr300f:Qs|As:-100|100:DeepStack_20000|DeepStack_20001
STATE:117:cc/cc:As|Kh/Qs:100|-100:DeepStack_20001|DeepStack_20000
STATE:118:cr300f:Qs|As:-100|100:DeepStack_20000|DeepStack_20001
STATE:119:r1200f:Ah|Qh:100|-100:DeepStack_20001|DeepStack_20000
STATE:120:cc/cr300f:Ah|Ks/Kh:-100|100:DeepStack_20000|DeepStack_20001
STATE:121:cr300f:Qh|Kh:-100|100:DeepStack_20001|DeepStack_20000
STATE:122:cr300f:Qh|As:-100|100:DeepStack_20000|DeepStack_20001
STATE:123:cr300c/r1200f:Kh|Ks/Qs:300|-300:DeepStack_20001|DeepStack_20000
STATE:124:r300r1200f:Qs|As:-300|300:DeepStack_20000|DeepStack_20001
STATE:125:cr300c/r900f:Qs|Kh/Qh:300|-300:DeepStack_20001|DeepStack_20000
STATE:126:cc/cc:Qh|Ah/Ks:-100|100:DeepStack_20000|DeepStack_20001
STATE:127:cc/cr300f:As|Qs/Qh:-100|100:DeepStack_20001|DeepStack_20000
STATE:128:cr300f:Ks|As:-100|100:DeepStack_20000|DeepStack_20001
STATE:129:cc/cr300f:Kh|Qs/Qh:-100|100:DeepStack_20001|DeepStack_20000
STATE:130:r1200f:As|Ks:100|-100:DeepStack_20000|DeepStack_20001
STATE:131:cc/cc:As|Qs/Ks:100|-100:DeepStack_20001|DeepStack_20000
STATE:132:cr1200f:Kh|As:-100|100:DeepStack_20000|DeepStack_20001
STATE:133:cc/cc:As|Ah/Qs:0|0:DeepStack_20001|DeepStack_20000
STATE:134:cr300f:Qs|As:-100|100:DeepStack_20000|DeepStack_20001
STATE:135:cr300f:Qs|Ks:-100|100:DeepStack_20001|DeepStack_20000
STATE:136:cc/cc:Ah|Kh/Qh:100|-100:DeepStack_20000|DeepStack_20001
STATE:137:cr1200f:Qs|Ah:-100|100:DeepStack_20001|DeepStack_20000
STATE:138:cr300r1200c/:As|Ah/Ks:0|0:DeepStack_20000|DeepStack_20001
STATE:139:r300f:Qs|Qh:100|-100:DeepStack_20001|DeepStack_20000
STATE:140:cc/cc:Ah|Ks/Qh:100|-100:DeepStack_20000|DeepStack_20001
STATE:141:cc/cc:As|Qs/Ks:100|-100:DeepStack_20001|DeepStack_20000
STATE:142:cc/cc:Qh|Ks/Qs:100|-100:DeepStack_20000|DeepStack_20001
STATE:143:cc/cc:Kh|Ks/Qs:0|0:DeepStack_20001|DeepStack_20000
STATE:144:cc/cc:Qs|Ks/Ah:-100|100:DeepStack_20000|DeepStack_20001
STATE:145:cr1200f:Qs|Ah:-100|100:DeepStack_20001|DeepStack_20000
STATE:146:cc/cr300f:As|Qh/Qs:-100|100:DeepStack_20000|DeepStack_20001
STATE:147:cr300f:Kh|Ah:-100|100:DeepStack_20001|DeepStack_20000
STATE:148:cc/cc:Ks|Kh/Qh:0|0:DeepStack_20000|DeepStack_20001
STATE:149:cc/cc:Ah|Qh/Ks:100|-100:DeepStack_20001|DeepStack_20000
STATE:150:cr300c/cc:Qs|Kh/As:-300|300:DeepStack_20000|DeepStack_20001
STATE:151:cr300r1200c/:As|Ah/Ks:0|0:DeepStack_20001|DeepStack_20000
STATE:152:cc/cc:As|Qh/Ks:100|-100:DeepStack_20000|DeepStack_20001
STATE:153:cr300f:Qh|Ks:-100|100:DeepStack_20001|DeepStack_20000
STATE:154:cc/cc:Qs|Qh/As:0|0:DeepStack_20000|DeepStack_20001
STATE:155:r1200f:Ah|Kh:100|-100:DeepStack_20001|DeepStack_20000
STATE:156:cc/cr300r900f:Qs|Ks/Qh:300|-300:DeepStack_20000|DeepStack_20001
STATE:157:cc/cc:Qs|Qh/As:0|0:DeepStack_20001|DeepStack_20000
STATE:158:cc/cc:Ks|Qh/Kh:100|-100:DeepStack_20000|DeepStack_20001
STATE:159:cr300f:Ks|As:-100|100:DeepStack_20001|DeepStack_20000
STATE:160:cr300f:Qs|As:-100|100:DeepStack_20000|DeepStack_20001
STATE:161:cc/cc:Ks|Qs/Ah:100|-100:DeepStack_20001|DeepStack_20000
STATE:162:cr300f:Qh|Ah:-100|100:DeepStack_20000|DeepStack_20001
STATE:163:cr300f:Qh|As:-100|100:DeepStack_20001|DeepStack_20000
STATE:164:cc/cr300f:Ks|Qs/Qh:-100|100:DeepStack_20000|DeepStack_20001
STATE:165:cc/cr1200f:Kh|As/Ah:-100|100:DeepStack_20001|DeepStack_20000
STATE:166:r1200f:As|Ks:100|-100:DeepStack_20000|DeepStack_20001
STATE:167:cc/cr300f:Qh|Ks/Kh:-100|100:DeepStack_20001|DeepStack_20000
STATE:168:cr300f:Ks|Kh:-100|100:DeepStack_20000|DeepStack_20001
STATE:169:cc/cc:Ah|Qh/Ks:100|-100:DeepStack_20001|DeepStack_20000
STATE:170:cr1200f:Kh|Ah:-100|100:DeepStack_20000|DeepStack_20001
STATE:171:cr300r1200f:As|Kh:300|-300:DeepStack_20001|DeepStack_20000
STATE:172:cc/cr300f:As|Qh/Qs:-100|100:DeepStack_20000|DeepStack_20001
STATE:173:cc/r300f:Kh|Qs/As:100|-100:DeepStack_20001|DeepStack_20000
STATE:174:cc/r1200f:As|Qh/Ah:100|-100:DeepStack_20000|DeepStack_20001
STATE:175:cc/r1200f:Qh|Kh/As:100|-100:DeepStack_20001|DeepStack_20000
STATE:176:cc/r300f:Kh|Ks/As:100|-100:DeepStack_20000|DeepStack_20001
STATE:177:cr300f:Ks|Ah:-100|100:DeepStack_20001|DeepStack_20000
STATE:178:cr300c/r1200c:Qs|Ah/Ks:-1200|1200:DeepStack_20000|DeepStack_20001
STATE:179:cr300c/cc:Qh|Ks/Ah:-300|300:DeepStack_20001|DeepStack_20000
STATE:180:cc/cc:Qh|Ks/As:-100|100:DeepStack_20000|DeepStack_20001
STATE:181:cc/cc:Ks|Kh/Qs:0|0:DeepStack_20001|DeepStack_20000
STATE:182:cr300f:Qh|Kh:-100|100:DeepStack_20000|DeepStack_20001
STATE:183:cc/r300c:As|Kh/Ah:300|-300:DeepStack_20001|DeepStack_20000
STATE:184:cc/cc:Kh|Qh/Ks:100|-100:DeepStack_20000|DeepStack_20001
STATE:185:cc/r300f:As|Ks/Ah:100|-100:DeepStack_20001|DeepStack_20000
STATE:186:cr300f:Qh|Kh:-100|100:DeepStack_20000|DeepStack_20001
STATE:187:cr300f:Kh|As:-100|100:DeepStack_20001|DeepStack_20000
STATE:188:cc/cc:Ks|Qh/As:100|-100:DeepStack_20000|DeepStack_20001
STATE:189:cr1200f:Ks|As:-100|100:DeepStack_20001|DeepStack_20000
STATE:190:cc/cr300f:Ah|Qh/Qs:-100|100:DeepStack_20000|DeepStack_20001
STATE:191:r1200f:Ah|Qs:100|-100:DeepStack_20001|DeepStack_20000
STATE:192:cc/cc:Qh|Qs/As:0|0:DeepStack_20000|DeepStack_20001
STATE:193:cr300r1200c/:As|Ah/Ks:0|0:DeepStack_20001|DeepStack_20000
STATE:194:cc/cc:Qs|As/Ks:-100|100:DeepStack_20000|DeepStack_20001
STATE:195:cc/cr300c:As|Ks/Qh:300|-300:DeepStack_20001|DeepStack_20000
STATE:196:cc/cr1200c:Kh|As/Ah:-1200|1200:DeepStack_20000|DeepStack_20001
STATE:197:cr1200f:Ks|As:-100|100:DeepStack_20001|DeepStack_20000
STATE:198:cc/cc:Qs|Ks/As:-100|100:DeepStack_20000|DeepStack_20001
STATE:199:cc/cc:Qs|Ah/Ks:-100|100:DeepStack_20001|DeepStack_20000
STATE:200:r1200f:Ah|Qs:100|-100:DeepStack_20000|DeepStack_20001
STATE:201:cc/cc:Kh|Qs/As:100|-100:DeepStack_20001|DeepStack_20000
STATE:202:cc/r1200f:As|Qh/Ah:100|-100:DeepStack_20000|DeepStack_20001
STATE:203:cc/cc:Ks|Qh/As:100|-100:DeepStack_20001|DeepStack_20000
STATE:204:cc/r300f:Kh|Qh/As:100|-100:DeepStack_20000|DeepStack_20001
STATE:205:cc/cc:Kh|Qs/Ks:100|-100:DeepStack_20001|DeepStack_20000
STATE:206:cc/cr300f:As|Qh/Qs:-100|100:DeepStack_20000|DeepStack_20001
STATE:207:cc/cc:Ks|Qs/Kh:100|-100:DeepStack_20001|DeepStack_20000
STATE:208:r300c/cc:Qh|As/Ks:-300|300:DeepStack_20000|DeepStack_20001
STATE:209:cc/cr300f:Qs|Ks/Kh:-100|100:DeepStack_20001|DeepStack_20000
STATE:210:cc/cr300r900f:Qh|Ks/Qs:300|-300:DeepStack_20000|DeepStack_20001
STATE:211:cr300c/r900f:Qs|Kh/Qh:300|-300:DeepStack_20001|DeepStack_20000
STATE:212:cr300c/r1200c:Kh|Ah/Ks:1200|-1200:DeepStack_20000|DeepStack_20001
STATE:213:r300c/cc:Ks|Kh/Qh:0|0:DeepStack_20001|DeepStack_20000
STATE:214:cr300c/cr1200f:Qs|As/Ah:-300|300:DeepStack_20000|DeepStack_20001
STATE:215:cc/cc:As|Qs/Kh:100|-100:DeepStack_20001|DeepStack_20000
STATE:216:cr300r1200c/:As|Ah/Kh:0|0:DeepStack_20000|DeepStack_20001
STATE:217:cc/cc:Qh|Ks/Qs:100|-100:DeepStack_20001|DeepStack_20000
STATE:218:cr300r1200f:As|Qh:300|-300:DeepStack_20000|DeepStack_20001
STATE:219:r1200f:Ah|Kh:100|-100:DeepStack_20001|DeepStack_20000
STATE:220:r1200f:Ah|Qs:100|-100:DeepStack_20000|DeepStack_20001
STATE:221:cc/cr300f:Qh|Ks/Kh:-100|100:DeepStack_20001|DeepStack_20000
STATE:222:cr300c/r1200f:Kh|Ah/Ks:300|-300:DeepStack_20000|DeepStack_20001
STATE:223:cc/r300c:Qs|Ks/Ah:-300|300:DeepStack_20001|DeepStack_20000
STATE:224:cc/cc:As|Ks/Qs:100|-100:DeepStack_20000|DeepStack_20001
STATE:225:cr300c/cr1200f:Qh|Ah/As:-300|300:DeepStack_20001|DeepStack_20000
STATE:226:r1200f:As|Qh:100|-100:DeepStack_20000|DeepStack_20001
STATE:227:cc/cc:Kh|Ks/As:0|0:DeepStack_20001|DeepStack_20000
STATE:228:cr300r1200c/:Ah|As/Qh:0|0:DeepStack_20000|DeepStack_20001
STATE:229:cr300f:Qh|Kh:-100|100:DeepStack_20001|DeepStack_20000
STATE:230:cr300c/cr1200c:As|Qh/Qs:-1200|1200:DeepStack_20000|DeepStack_20001
STATE:231:r1200f:Ah|Qh:100|-100:DeepStack_20001|DeepStack_20000
STATE:232:cr300f:Kh|Qs:-100|100:DeepStack_20000|DeepStack_20001
STATE:233:cr300c/cr1200f:Kh|Ks/As:-300|300:DeepStack_20001|DeepStack_20000
STATE:234:cc/cc:Qs|Qh/Ah:0|0:DeepStack_20000|DeepStack_20001
STATE:235:cc/cr300c:As|Kh/Qh:300|-300:DeepStack_20001|DeepStack_20000
STATE:236:cc/r300c:Ah|Kh/As:300|-300:DeepStack_20000|DeepStack_20001
STATE:237:cc/cc:Ks|Ah/Qs:-100|100:DeepStack_20001|DeepStack_20000
STATE:238:cc/cc:Ks|As/Qh:-100|100:DeepStack_20000|DeepStack_20001
STATE:239:cc/r1200f:Ah|Kh/As:100|-100:DeepStack_20001|DeepStack_20000
STATE:240:cc/cc:As|Kh/Qh:100|-100:DeepStack_20000|DeepStack_20001
STATE:241:cr300f:Kh|Qs:-100|100:DeepStack_20001|DeepStack_20000
STATE:242:cc/cc:Qs|Ks/Ah:-100|100:DeepStack_20000|DeepStack_20001
STATE:243:cc/r300f:Kh|Qs/As:100|-100:DeepStack_20001|DeepStack_20000
STATE:244:r1200f:Ah|Qh:100|-100:DeepStack_20000|DeepStack_20001
STATE:245:cc/r300f:Ah|Qs/As:100|-100:DeepStack_20001|DeepStack_20000
STATE:246:cr300f:Kh|Ks:-100|100:DeepStack_20000|DeepStack_20001
STATE:247:cc/cr300f:Ks|Qs/Qh:-100|100:DeepStack_20001|DeepStack_20000
STATE:248:r1200f:As|Ks:100|-100:DeepStack_20000|DeepStack_20001
STATE:249:cc/cr300f:Qs|Ks/Kh:-100|100:DeepStack_20001|DeepStack_20000
STATE:250:cr1200f:Qs|As:-100|100:DeepStack_20000|DeepStack_20001
STATE:251:cr300r1200f:Ah|Kh:300|-300:DeepStack_20001|DeepStack_20000
STATE:252:cr300c/cc:Qs|Qh/Ks:0|0:DeepStack_20000|DeepStack_20001
STATE:253:cr300f:Qh|As:-100|100:DeepStack_20001|DeepStack_20000
STATE:254:cc/cc:Qs|Kh/As:-100|100:DeepStack_20000|DeepStack_20001
STATE:255:cc/cr300r900f:Qh|Ks/Qs:300|-300:DeepStack_20001|DeepStack_20000
STATE:256:cr300r1200c/:Ah|As/Qh:0|0:DeepStack_20000|DeepStack_20001
STATE:257:cr300f:Qh|Ah:-100|100:DeepStack_20001|DeepStack_20000
STATE:258:cr300f:Qs|Ah:-100|100:DeepStack_20000|DeepStack_20001
STATE:259:cr300f:Ks|Qs:-100|100:DeepStack_20001|DeepStack_20000
STATE:260:cc/r300f:Ks|Kh/Ah:100|-100:DeepStack_20000|DeepStack_20001
STATE:261:cc/cc:Qh|Qs/Kh:0|0:DeepStack_20001|DeepStack_20000
STATE:262:cc/cr300c:Ah|Ks/Kh:-300|300:DeepStack_20000|DeepStack_20001
STATE:263:cr300c/cc:Ks|As/Qs:-300|300:DeepStack_20001|DeepStack_20000
STATE:264:cr300f:Qh|As:-100|100:DeepStack_20000|DeepStack_20001
STATE:265:cr300c/cr1200f:Kh|Ah/As:-300|300:DeepStack_20001|DeepStack_20000
STATE:266:r300c/cr1200c:As|Kh/Qs:1200|-1200:DeepStack_20000|DeepStack_20001
STATE:267:cr300f:Ks|Qh:-100|100:DeepStack_20001|DeepStack_20000
STATE:268:cr300r1200c/:Ah|As/Qs:0|0:DeepStack_20000|DeepStack_20001
STATE:269:cr300f:Qh|Ah:-100|100:DeepStack_20001|DeepStack_20000
STATE:270:cr300r1200c/:As|Ah/Qs:0|0:DeepStack_20000|DeepStack_20001
STATE:271:r1200c/:As|Ah/Kh:0|0:DeepStack_20001|DeepStack_20000
STATE:272:cc/r300f:Kh|Qs/Ah:100|-100:DeepStack_20000|DeepStack_20001
STATE:273:cr300f:Kh|Ah:-100|100:DeepStack_20001|DeepStack_20000
STATE:274:r1200f:Ah|Qh:100|-100:DeepStack_20000|DeepStack_20001
STATE:275:cc/cr300f:Kh|Qh/Qs:-100|100:DeepStack_20001|DeepStack_20000
STATE:276:cc/cc:Ks|Ah/Qs:-100|100:DeepStack_20000|DeepStack_20001
STATE:277:cr1200f:Ks|As:-100|100:DeepStack_20001|DeepStack_20000
STATE:278:cr300c/r1200f:Qs|Qh/Kh:300|-300:DeepStack_20000|DeepStack_20001
STATE:279:cc/cc:Qs|Qh/Kh:0|0:DeepStack_20001|DeepStack_20000
STATE:280:cr300c/cc:Ks|As/Qs:-300|300:DeepStack_20000|DeepStack_20001
STATE:281:cr300f:Ks|Kh:-100|100:DeepStack_20001|DeepStack_20000
STATE:282:cc/r300c:As|Kh/Ah:300|-300:DeepStack_20000|DeepStack_20001
STATE:283:cc/cr300f:Ks|Qh/Qs:-100|100:DeepStack_20001|DeepStack_20000
STATE:284:cc/cc:Kh|Ah/Ks:100|-100:DeepStack_20000|DeepStack_20001
STATE:285:cc/cc:Kh|Qs/Ks:100|-100:DeepStack_20001|DeepStack_20000
STATE:286:cc/cr300f:Kh|Qh/Qs:-100|100:DeepStack_20000|DeepStack_20001
STATE:287:cr1200f:Qs|As:-100|100:DeepStack_20001|DeepStack_20000
STATE:288:r300r1200f:Kh|As:-300|300:DeepStack_20000|DeepStack_20001
STATE:289:cr300f:Qh|Ah:-100|100:DeepStack_20001|DeepStack_20000
STATE:290:cr300f:Ks|Kh:-100|100:DeepStack_20000|DeepStack_20001
STATE:291:cr1200f:Ks|As:-100|100:DeepStack_20001|DeepStack_20000
STATE:292:cr1200f:Kh|Ah:-100|100:DeepStack_20000|DeepStack_20001
STATE:293:cr300f:Qs|As:-100|100:DeepStack_20001|DeepStack_20000
STATE:294:cr300c/cc:Qh|As/Kh:-300|300:DeepStack_20000|DeepStack_20001
STATE:295:r1200f:As|Qh:100|-100:DeepStack_20001|DeepStack_20000
STATE:296:cc/cc:Ks|Qh/Kh:100|-100:DeepStack_20000|DeepStack_20001
STATE:297:cr300c/r1200f:Qs|Ah/Kh:300|-300:DeepStack_20001|DeepStack_20000
STATE:298:cc/cr300c:As|Ks/Kh:-300|300:DeepStack_20000|DeepStack_20001
STATE:299:cr300c/cr1200c:Ks|Qh/Ah:1200|-1200:DeepStack_20001|DeepStack_20000
STATE:300:cc/r1200f:Qs|Qh/As:100|-100:DeepStack_20000|DeepStack_20001
STATE:301:cr300f:Ks|Kh:-100|100:DeepStack_20001|DeepStack_20000
STATE:302:r1200f:Ah|Qh:100|-100:DeepStack_20000|DeepStack_20001
STATE:303:cr1200f:Qh|As:-100|100:DeepStack_20001|DeepStack_20000
STATE:304:cc/cc:Ks|Qs/Kh:100|-100:DeepStack_20000|DeepStack_20001
STATE:305:cc/cr300f:Ks|Qh/Qs:-100|100:DeepStack_20001|DeepStack_20000
STATE:306:r1200f:As|Qh:100|-100:DeepStack_20000|DeepStack_20001
STATE:307:cc/r300f:Ah|Qs/As:100|-100:DeepStack_20001|DeepStack_20000
STATE:308:cr300r1200c/:Ah|As/Qs:0|0:DeepStack_20000|DeepStack_20001
STATE:309:r1200f:As|Ks:100|-100:DeepStack_20001|DeepStack_20000
STATE:310:cr300r1200c/:Ah|As/Qs:0|0:DeepStack_20000|DeepStack_20001
STATE:311:cr300r1200c/:Ah|As/Qs:0|0:DeepStack_20001|DeepStack_20000
STATE:312:r1200f:As|Qh:100|-100:DeepStack_20000|DeepStack_20001
STATE:313:cc/cc:As|Ks/Qh:100|-100:DeepStack_20001|DeepStack_20000
STATE:314:cr300r1200f:Ah|Qh:300|-300:DeepStack_20000|DeepStack_20001
STATE:315:r1200c/:Ah|As/Qh:0|0:DeepStack_20001|DeepStack_20000
STATE:316:cc/cr300c:As|Ks/Kh:-300|300:DeepStack_20000|DeepStack_20001
STATE:317:cc/r300f:Ks|Kh/Ah:100|-100:DeepStack_20001|DeepStack_20000
STATE:318:cc/cc:Qh|Ks/As:-100|100:DeepStack_20000|DeepStack_20001
STATE:319:cr300f:Kh|Ks:-100|100:DeepStack_20001|DeepStack_20000
STATE:320:cr300f:Qh|Kh:-100|100:DeepStack_20000|DeepStack_20001
STATE:321:cr300c/r1200f:Qs|Ah/Qh:300|-300:DeepStack_20001|DeepStack_20000
STATE:322:cc/cc:Kh|Ks/Qh:0|0:DeepStack_20000|DeepStack_20001
STATE:323:cc/cr300f:Kh|Qh/Qs:-100|100:DeepStack_20001|DeepStack_20000
STATE:324:r1200f:Ah|Qh:100|-100:DeepStack_20000|DeepStack_20001
STATE:325:cr300f:Qs|Ah:-100|100:DeepStack_20001|DeepStack_20000
STATE:326:cc/cr300f:Kh|Qh/Qs:-100|100:DeepStack_20000|DeepStack_20001
STATE:327:cc/cc:Qs|Ks/Ah:-100|100:DeepStack_20001|DeepStack_20000
STATE:328:r1200f:As|Qs:100|-100:DeepStack_20000|DeepStack_20001
STATE:329:cr300r1200c/:Ah|As/Qh:0|0:DeepStack_20001|DeepStack_20000
STATE:330:cc/cc:Qs|Ks/Qh:100|-100:DeepStack_20000|DeepStack_20001
STATE:331:cc/cc:Qs|Qh/As:0|0:DeepStack_20001|DeepStack_20000
STATE:332:r1200f:Ah|Kh:100|-100:DeepStack_20000|DeepStack_20001
STATE:333:cc/cc:Qh|Ah/Ks:-100|100:DeepStack_20001|DeepStack_20000
STATE:334:cc/cr300f:Ah|Kh/Ks:-100|100:DeepStack_20000|DeepStack_20001
STATE:335:cc/cr300f:Qs|Kh/Ks:-100|100:DeepStack_20001|DeepStack_20000
STATE:336:cr300f:Qh|As:-100|100:DeepStack_20000|DeepStack_20001
STATE:337:cr300f:Kh|As:-100|100:DeepStack_20001|DeepStack_20000
STATE:338:cr300r1200f:As|Ks:300|-300:DeepStack_20000|DeepStack_20001
STATE:339:cr300f:Qh|Ah:-100|100:DeepStack_20001|DeepStack_20000
STATE:340:r1200f:Ah|Ks:100|-100:DeepStack_20000|DeepStack_20001
STATE:341:cc/r300f:Kh|Qh/As:100|-100:DeepStack_20001|DeepStack_20000
STATE:342:r300f:Kh|Qs:100|-100:DeepStack_20000|DeepStack_20001
STATE:343:cc/cc:Qh|Qs/Ah:0|0:DeepStack_20001|DeepStack_20000
STATE:344:cc/cr300f:Qh|Ks/Kh:-100|100:DeepStack_20000|DeepStack_20001
STATE:345:cr300c/cr1200f:Ks|Kh/Ah:-300|300:DeepStack_20001|DeepStack_20000
STATE:346:cr300f:Kh|Ah:-100|100:DeepStack_20000|DeepStack_20001
STATE:347:cr300f:Kh|As:-100|100:DeepStack_20001|DeepStack_20000
STATE:348:cc/cr300r1200f:Qs|Kh/Qh:300|-300:DeepStack_20000|DeepStack_20001
STATE:349:r300c/cr900f:As|Kh/Ks:-300|300:DeepStack_20001|DeepStack_20000
STATE:350:cr300f:Ks|Kh:-100|100:DeepStack_20000|DeepStack_20001
STATE:351:cr300f:Qh|As:-100|100:DeepStack_20001|DeepStack_20000
STATE:352:cc/r1200f:Qs|Qh/As:100|-100:DeepStack_20000|DeepStack_20001
STATE:353:cc/cc:Qh|Ks/Ah:-100|100:DeepStack_20001|DeepStack_20000
STATE:354:cc/cr300f:Ks|Qs/Qh:-100|100:DeepStack_20000|DeepStack_20001
STATE:355:r1200f:As|Kh:100|-100:DeepStack_20001|DeepStack_20000
STATE:356:cc/cc:Qs|Ks/Qh:100|-100:DeepStack_20000|DeepStack_20001
STATE:357:cc/cc:Qs|Ks/As:-100|100:DeepStack_20001|DeepStack_20000
STATE:358:cc/cc:Qh|Ah/Qs:100|-100:DeepStack_20000|DeepStack_20001
STATE:359:cc/r300f:Ks|Qh/As:100|-100:DeepStack_20001|DeepStack_20000
STATE:360:cc/cc:Qs|Kh/Ah:-100|100:DeepStack_20000|DeepStack_20001
STATE:361:cc/r300f:Kh|Qs/Ah:100|-100:DeepStack_20001|DeepStack_20000
STATE:362:cc/r300c:Kh|Ks/As:0|0:DeepStack_20000|DeepStack_20001
STATE:363:cc/r300f:As|Qs/Ah:100|-100:DeepStack_20001|DeepStack_20000
STATE:364:cc/cr300f:Ah|Qs/Qh:-100|100:DeepStack_20000|DeepStack_20001
STATE:365:cc/cc:Qs|Kh/Ah:-100|100:DeepStack_20001|DeepStack_20000
STATE:366:cr300c/cr900f:Qs|Ah/Kh:-300|300:DeepStack_20000|DeepStack_20001
STATE:367:cc/cr300f:Qs|Qh/Kh:-100|100:DeepStack_20001|DeepStack_20000
STATE:368:cc/cc:Qs|Kh/Ah:-100|100:DeepStack_20000|DeepStack_20001
STATE:369:cr300r1200c/:As|Ah/Qs:0|0:DeepStack_20001|DeepStack_20000
STATE:370:r300f:Kh|Qh:100|-100:DeepStack_20000|DeepStack_20001
STATE:371:cc/cc:As|Qh/Ks:100|-100:DeepStack_20001|DeepStack_20000
STATE:372:cc/cr300f:Qs|Ks/Kh:-100|100:DeepStack_20000|DeepStack_20001
STATE:373:cr300c/r1200f:Qh|Ah/Qs:300|-300:DeepStack_20001|DeepStack_20000
STATE:374:cr300r1200f:As|Qh:300|-300:DeepStack_20000|DeepStack_20001
STATE:375:cr300f:Qs|As:-100|100:DeepStack_20001|DeepStack_20000
STATE:376:r300f:Kh|Qh:100|-100:DeepStack_20000|DeepStack_20001
STATE:377:cr300r1200f:Ah|Qh:300|-300:DeepStack_20001|DeepStack_20000
STATE:378:cc/cr300f:Ks|Qs/Qh:-100|100:DeepStack_20000|DeepStack_20001
STATE:379:cc/cc:Ah|Qh/Kh:100|-100:DeepStack_20001|DeepStack_20000
STATE:380:cr300c/cc:Ks|Ah/Qs:-300|300:DeepStack_20000|DeepStack_20001
STATE:381:cc/cr300f:Qs|Kh/Ks:-100|100:DeepStack_20001|DeepStack_20000
STATE:382:cr300f:Qh|As:-100|100:DeepStack_20000|DeepStack_20001
STATE:383:cr300f:Qs|Qh:-100|100:DeepStack_20001|DeepStack_20000
STATE:384:cc/cc:Qs|Qh/Kh:0|0:DeepStack_20000|DeepStack_20001
STATE:385:cc/cc:As|Kh/Qh:100|-100:DeepStack_20001|DeepStack_20000
STATE:386:cr300r1200f:As|Kh:300|-300:DeepStack_20000|DeepStack_20001
STATE:387:cc/cc:Qh|Qs/As:0|0:DeepStack_20001|DeepStack_20000
STATE:388:cc/cr300r900f:Ks|Qh/Kh:300|-300:DeepStack_20000|DeepStack_20001
STATE:389:cr300f:Ks|Qs:-100|100:DeepStack_20001|DeepStack_20000
STATE:390:cr1200f:Qh|As:-100|100:DeepStack_20000|DeepStack_20001
STATE:391:cr1200f:Ks|As:-100|100:DeepStack_20001|DeepStack_20000
STATE:392:cc/cc:Ah|Qh/Kh:100|-100:DeepStack_20000|DeepStack_20001
STATE:393:cc/cr300f:Qs|Ks/Kh:-100|100:DeepStack_20001|DeepStack_20000
STATE:394:cc/cc:Qs|Ks/Ah:-100|100:DeepStack_20000|DeepStack_20001
STATE:395:cr300r1200f:As|Kh:300|-300:DeepStack_20001|DeepStack_20000
STATE:396:cc/cc:Ah|Qs/Ks:100|-100:DeepStack_20000|DeepStack_20001
STATE:397:cc/cr1200f:Ks|Ah/As:-100|100:DeepStack_20001|DeepStack_20000
STATE:398:cr300f:Qs|Ah:-100|100:DeepStack_20000|DeepStack_20001
STATE:399:cc/r300f:Ks|Kh/Ah:100|-100:DeepStack_20001|DeepStack_20000
STATE:400:cr300f:Qs|Ah:-100|100:DeepStack_20000|DeepStack_20001
STATE:401:cr300c/r1200f:Qs|Kh/Qh:300|-300:DeepStack_20001|DeepStack_20000
STATE:402:cr300f:Qh|Qs:-100|100:DeepStack_20000|DeepStack_20001
STATE:403:cc/cr300f:Ks|Qs/Qh:-100|100:DeepStack_20001|DeepStack_20000
STATE:404:r300c/r1200f:Kh|Qs/Ah:300|-300:DeepStack_20000|DeepStack_20001
STATE:405:cc/cc:Ah|Ks/Qh:100|-100:DeepStack_20001|DeepStack_20000
STATE:406:cc/cr300r1200f:Qh|Ks/Qs:300|-300:DeepStack_20000|DeepStack_20001
STATE:407:cr300f:Qs|Kh:-100|100:DeepStack_20001|DeepStack_20000
STATE:408:cr1200f:Qs|As:-100|100:DeepStack_20000|DeepStack_20001
STATE:409:cc/cc:Qs|Kh/As:-100|100:DeepStack_20001|DeepStack_20000
STATE:410:cr300c/cc:Qs|Ks/Ah:-300|300:DeepStack_20000|DeepStack_20001
STATE:411:cc/r1200f:Ah|Kh/As:100|-100:DeepStack_20001|DeepStack_20000
STATE:412:cc/cr300f:Ks|Qh/Qs:-100|100:DeepStack_20000|DeepStack_20001
STATE:413:cc/cc:As|Ks/Qh:100|-100:DeepStack_20001|DeepStack_20000
STATE:414:cc/cc:Kh|Qs/As:100|-100:DeepStack_20000|DeepStack_20001
STATE:415:cc/cr300f:Qh|Kh/Ks:-100|100:DeepStack_20001|DeepStack_20000
STATE:416:cc/cr300f:Ks|Qs/Qh:-100|100:DeepStack_20000|DeepStack_20001
STATE:417:cr1200f:Qh|As:-100|100:DeepStack_20001|DeepStack_20000
STATE:418:cr300c/cc:Kh|Ah/Qs:-300|300:DeepStack_20000|DeepStack_20001
STATE:419:r1200f:Ah|Qs:100|-100:DeepStack_20001|DeepStack_20000
STATE:420:cr300f:Ks|Qs:-100|100:DeepStack_20000|DeepStack_20001
STATE:421:cr300f:Qh|Ah:-100|100:DeepStack_20001|DeepStack_20000
STATE:422:cr300c/r1200f:Qh|As/Qs:300|-300:DeepStack_20000|DeepStack_20001
STATE:423:cc/cr300f:Qh|Ks/Kh:-100|100:DeepStack_20001|DeepStack_20000
STATE:424:cr300f:Qs|Ah:-100|100:DeepStack_20000|DeepStack_20001
STATE:425:cc/cc:Ah|Qs/Ks:100|-100:DeepStack_20001|DeepStack_20000
STATE:426:r1200f:Ah|Qs:100|-100:DeepStack_20000|DeepStack_20001
STATE:427:r1200f:Ah|Qs:100|-100:DeepStack_20001|DeepStack_20000
STATE:428:cr300c/cc:As|Ah/Qh:0|0:DeepStack_20000|DeepStack_20001
STATE:429:cc/cc:Ah|Qs/Ks:100|-100:DeepStack_20001|DeepStack_20000
STATE:430:cc/r1200f:Ah|Qs/As:100|-100:DeepStack_20000|DeepStack_20001
STATE:431:cr1200f:Qh|As:-100|100:DeepStack_20001|DeepStack_20000
STATE:432:cr300f:Qh|Ah:-100|100:DeepStack_20000|DeepStack_20001
STATE:433:cc/r1200f:Ks|Qs/As:100|-100:DeepStack_20001|DeepStack_20000
STATE:434:cc/r300c:Ah|Kh/As:300|-300:DeepStack_20000|DeepStack_20001
STATE:435:cc/cc:Qs|Qh/Kh:0|0:DeepStack_20001|DeepStack_20000
STATE:436:cr300f:Ks|Qh:-100|100:DeepStack_20000|DeepStack_20001
STATE:437:cr300f:Kh|Ks:-100|100:DeepStack_20001|DeepStack_20000
STATE:438:cr300c/r1200f:Ks|As/Kh:300|-300:DeepStack_20000|DeepStack_20001
STATE:439:cr300f:Kh|Ah:-100|100:DeepStack_20001|DeepStack_20000
STATE:440:cc/r300f:Ah|Qs/As:100|-100:DeepStack_20000|DeepStack_20001
STATE:441:cr300f:Qh|Ks:-100|100:DeepStack_20001|DeepStack_20000
STATE:442:cc/cc:Qs|Qh/As:0|0:DeepStack_20000|DeepStack_20001
STATE:443:cc/cr300f:Kh|Qh/Qs:-100|100:DeepStack_20001|DeepStack_20000
STATE:444:cc/r300f:Kh|Qh/Ah:100|-100:DeepStack_20000|DeepStack_20001
STATE:445:cc/cr300f:Ks|Qh/Qs:-100|100:DeepStack_20001|DeepStack_20000
STATE:446:cr300f:Qh|As:-100|100:DeepStack_20000|DeepStack_20001
STATE:447:cr1200f:Kh|Ah:-100|100:DeepStack_20001|DeepStack_20000
STATE:448:cc/cr300f:Ah|Qs/Ks:-100|100:DeepStack_20000|DeepStack_20001
STATE:449:cr300c/cc:Ks|Ah/Qs:-300|300:DeepStack_20001|DeepStack_20000
STATE:450:cr300c/cc:Ah|As/Kh:0|0:DeepStack_20000|DeepStack_20001
STATE:451:cc/cc:Kh|Qh/Ks:100|-100:DeepStack_20001|DeepStack_20000
STATE:452:cr300c/cc:Kh|Ah/Qh:-300|300:DeepStack_20000|DeepStack_20001
STATE:453:cc/r300c:As|Kh/Ah:300|-300:DeepStack_20001|DeepStack_20000
STATE:454:cc/cr300f:Ah|Qh/Qs:-100|100:DeepStack_20000|DeepStack_20001
STATE:455:cc/cc:Ks|Qh/Kh:100|-100:DeepStack_20001|DeepStack_20000
STATE:456:cr300c/cr1200f:Kh|Ah/As:-300|300:DeepStack_20000|DeepStack_20001
STATE:457:cr300f:Ks|Ah:-100|100:DeepStack_20001|DeepStack_20000
STATE:458:cc/cr300f:Ah|Ks/Kh:-100|100:DeepStack_20000|DeepStack_20001
STATE:459:r300c/r1200f:As|Qh/Ah:300|-300:DeepStack_20001|DeepStack_20000
STATE:460:cc/cc:Qh|Ks/Qs:100|-100:DeepStack_20000|DeepStack_20001
STATE:461:r1200c/:As|Ah/Qs:0|0:DeepStack_20001|DeepStack_20000
STATE:462:cc/r300f:Ah|Qs/As:100|-100:DeepStack_20000|DeepStack_20001
STATE:463:cc/cc:Kh|Ah/Qh:-100|100:DeepStack_20001|DeepStack_20000
STATE:464:cr300r1200f:Ah|Qh:300|-300:DeepStack_20000|DeepStack_20001
STATE:465:cc/cc:Kh|Qs/Ks:100|-100:DeepStack_20001|DeepStack_20000
STATE:466:cr300f:Qh|Qs:-100|100:DeepStack_20000|DeepStack_20001
STATE:467:cc/cr300f:Ks|Qs/Qh:-100|100:DeepStack_20001|DeepStack_20000
STATE:468:r1200f:As|Qs:100|-100:DeepStack_20000|DeepStack_20001
STATE:469:r1200f:Ah|Qh:100|-100:DeepStack_20001|DeepStack_20000
STATE:470:cr300c/cr1200f:Ks|Qs/As:-300|300:DeepStack_20000|DeepStack_20001
STATE:471:cc/cc:Ks|Kh/Qs:0|0:DeepStack_20001|DeepStack_20000
STATE:472:r1200f:As|Qh:100|-100:DeepStack_20000|DeepStack_20001
STATE:473:cc/r300f:Ks|Qs/Ah:100|-100:DeepStack_20001|DeepStack_20000
STATE:474:cc/cc:Kh|Qh/Ks:100|-100:DeepStack_20000|DeepStack_20001
STATE:475:cc/cr300c:Ah|Ks/Kh:-300|300:DeepStack_20001|DeepStack_20000
STATE:476:cr300f:Ks|Ah:-100|100:DeepStack_20000|DeepStack_20001
STATE:477:cc/cc:Ks|Kh/Ah:0|0:DeepStack_20001|DeepStack_20000
STATE:478:cc/cc:Qh|Ks/As:-100|100:DeepStack_20000|DeepStack_20001
STATE:479:r1200f:As|Qh:100|-100:DeepStack_20001|DeepStack_20000
STATE:480:cc/cc:Kh|Qh/Ks:100|-100:DeepStack_20000|DeepStack_20001
STATE:481:cc/cc:Ks|Qh/Kh:100|-100:DeepStack_20001|DeepStack_20000
STATE:482:cc/cc:Kh|Qh/Ah:100|-100:DeepStack_20000|DeepStack_20001
STATE:483:cc/r300f:Kh|Qh/Ah:100|-100:DeepStack_20001|DeepStack_20000
STATE:484:r1200f:Ah|Kh:100|-100:DeepStack_20000|DeepStack_20001
STATE:485:r1200f:As|Qh:100|-100:DeepStack_20001|DeepStack_20000
STATE:486:cr1200f:Qh|As:-100|100:DeepStack_20000|DeepStack_20001
STATE:487:cc/cc:Qh|Qs/Kh:0|0:DeepStack_20001|DeepStack_20000
STATE:488:cr300r1200f:As|Qs:300|-300:DeepStack_20000|DeepStack_20001
STATE:489:cr300f:Qh|Ah:-100|100:DeepStack_20001|DeepStack_20000
STATE:490:r1200f:As|Ks:100|-100:DeepStack_20000|DeepStack_20001
STATE:491:cc/cc:Kh|Ks/Qs:0|0:DeepStack_20001|DeepStack_20000
STATE:492:cc/cr300f:Kh|Ks/Qh:-100|100:DeepStack_20000|DeepStack_20001
STATE:493:cc/cc:Kh|Ks/Ah:0|0:DeepStack_20001|DeepStack_20000
STATE:494:cc/cc:Kh|Ks/As:0|0:DeepStack_20000|DeepStack_20001
STATE:495:r1200f:Ah|Ks:100|-100:DeepStack_20001|DeepStack_20000
STATE:496:cr300f:Qh|As:-100|100:DeepStack_20000|DeepStack_20001
STATE:497:cc/cr300f:Kh|Qs/Qh:-100|100:DeepStack_20001|DeepStack_20000
STATE:498:cc/cc:Qs|Ks/Ah:-100|100:DeepStack_20000|DeepStack_20001
STATE:499:cr300f:Ks|Kh:-100|100:DeepStack_20001|DeepStack_20000
STATE:500:cc/cr300f:Qs|Kh/Ks:-100|100:DeepStack_20000|DeepStack_20001
STATE:501:cr300f:Qh|As:-100|100:DeepStack_20001|DeepStack_20000
STATE:502:cc/cc:As|Kh/Qh:100|-100:DeepStack_20000|DeepStack_20001
STATE:503:cr300f:Qs|Ah:-100|100:DeepStack_20001|DeepStack_20000
STATE:504:cr300f:Kh|As:-100|100:DeepStack_20000|DeepStack_20001
STATE:505:cc/r300f:Kh|Qs/Ah:100|-100:DeepStack_20001|DeepStack_20000
STATE:506:cc/cr300f:As|Qs/Ks:-100|100:DeepStack_20000|DeepStack_20001
STATE:507:r1200f:Ah|Qh:100|-100:DeepStack_20001|DeepStack_20000
STATE:508:cc/r300f:Kh|Qs/As:100|-100:DeepStack_20000|DeepStack_20001
STATE:509:cr300c/cr1200f:Qs|Qh/As:-300|300:DeepStack_20001|DeepStack_20000
STATE:510:cr300f:Ks|Ah:-100|100:DeepStack_20000|DeepStack_20001
STATE:511:cc/cc:Ah|As/Ks:0|0:DeepStack_20001|DeepStack_20000
STATE:512:cr300c/r1200f:Qh|Qs/Ks:300|-300:DeepStack_20000|DeepStack_20001
STATE:513:cr300c/r1200f:Kh|Ah/Ks:300|-300:DeepStack_20001|DeepStack_20000
STATE:514:cr300f:Qh|Kh:-100|100:DeepStack_20000|DeepStack_20001
STATE:515:cc/cc:Qh|Kh/Ah:-100|100:DeepStack_20001|DeepStack_20000
STATE:516:cc/r300f:Ks|Qs/As:100|-100:DeepStack_20000|DeepStack_20001
STATE:517:cc/cc:Ah|Qh/Ks:100|-100:DeepStack_20001|DeepStack_20000
STATE:518:cc/cc:Qs|Kh/As:-100|100:DeepStack_20000|DeepStack_20001
STATE:519:cc/cr300f:As|Kh/Ks:-100|100:DeepStack_20001|DeepStack_20000
STATE:520:cr300r1200f:As|Qh:300|-300:DeepStack_20000|DeepStack_20001
STATE:521:cr300f:Ks|Ah:-100|100:DeepStack_20001|DeepStack_20000
STATE:522:cc/r300c:As|Ks/Ah:300|-300:DeepStack_20000|DeepStack_20001
STATE:523:r1200f:As|Qh:100|-100:DeepStack_20001|DeepStack_20000
STATE:524:cc/cc:Qh|Qs/Ah:0|0:DeepStack_20000|DeepStack_20001
STATE:525:cc/cc:As|Ah/Qs:0|0:DeepStack_20001|DeepStack_20000
STATE:526:cr300f:Kh|Ah:-100|100:DeepStack_20000|DeepStack_20001
STATE:527:r1200f:Ah|Kh:100|-100:DeepStack_20001|DeepStack_20000
STATE:528:cc/cr300f:Ah|Qs/Kh:-100|100:DeepStack_20000|DeepStack_20001
STATE:529:cr300f:Qs|As:-100|100:DeepStack_20001|DeepStack_20000
STATE:530:cr300f:Qh|As:-100|100:DeepStack_20000|DeepStack_20001
STATE:531:cc/cr300f:Qs|Qh/Kh:-100|100:DeepStack_20001|DeepStack_20000
STATE:532:cc/cc:Ah|Kh/Qs:100|-100:DeepStack_20000|DeepStack_20001
STATE:533:cr300c/cc:Ks|Ah/Qh:-300|300:DeepStack_20001|DeepStack_20000
STATE:534:cr300f:Qs|Ah:-100|100:DeepStack_20000|DeepStack_20001
STATE:535:cc/cr300f:Qs|Kh/Ks:-100|100:DeepStack_20001|DeepStack_20000
STATE:536:r1200c/:Ah|As/Qh:0|0:DeepStack_20000|DeepStack_20001
STATE:537:cc/cc:Ah|As/Kh:0|0:DeepStack_20001|DeepStack_20000
STATE:538:cc/cr300f:As|Qh/Qs:-100|100:DeepStack_20000|DeepStack_20001
STATE:539:cc/cc:Ah|Qs/Kh:100|-100:DeepStack_20001|DeepStack_20000
STATE:540:cc/cc:Qs|Ks/Ah:-100|100:DeepStack_20000|DeepStack_20001
STATE:541:cc/cr300f:As|Qs/Kh:-100|100:DeepStack_20001|DeepStack_20000
STATE:542:cr300c/cr1200f:Qh|As/Ah:-300|300:DeepStack_20000|DeepStack_20001
STATE:543:r1200c/:Ah|As/Qs:0|0:DeepStack_20001|DeepStack_20000
STATE:544:cr300f:Qs|Qh:-100|100:DeepStack_20000|DeepStack_20001
STATE:545:cc/cr300f:Qh|Kh/Ks:-100|100:DeepStack_20001|DeepStack_20000
STATE:546:cc/cc:Kh|Ah/Qs:-100|100:DeepStack_20000|DeepStack_20001
STATE:547:cr300f:Qs|Qh:-100|100:DeepStack_20001|DeepStack_20000
STATE:548:cc/cr300f:Qs|Ks/Kh:-100|100:DeepStack_20000|DeepStack_20001
STATE:549:cr300r1200f:As|Qh:300|-300:DeepStack_20001|DeepStack_20000
STATE:550:cc/cr300f:As|Ks/Qs:-100|100:DeepStack_20000|DeepStack_20001
STATE:551:cc/cc:Kh|Ks/Qh:0|0:DeepStack_20001|DeepStack_20000
STATE:552:cc/cr300c:As|Ks/Kh:-300|300:DeepStack_20000|DeepStack_20001
STATE:553:cc/r300f:As|Qh/Ah:100|-100:DeepStack_20001|DeepStack_20000
STATE:554:cc/r300r1200f:Kh|Qh/Ah:-300|300:DeepStack_20000|DeepStack_20001
STATE:555:cc/cc:Kh|Qs/Ks:100|-100:DeepStack_20001|DeepStack_20000
STATE:556:cr300f:Ks|Ah:-100|100:DeepStack_20000|DeepStack_20001
STATE:557:cc/cc:Qs|Kh/Ah:-100|100:DeepStack_20001|DeepStack_20000
STATE:558:cc/cc:As|Kh/Qh:100|-100:DeepStack_20000|DeepStack_20001
STATE:559:cc/cc:Qs|Kh/Ah:-100|100:DeepStack_20001|DeepStack_20000
STATE:560:cr300f:Qs|Ah:-100|100:DeepStack_20000|DeepStack_20001
STATE:561:cc/cc:Ah|Kh/As:100|-100:DeepStack_20001|DeepStack_20000
STATE:562:cr300f:Ks|Ah:-100|100:DeepStack_20000|DeepStack_20001
STATE:563:r1200f:As|Ks:100|-100:DeepStack_20001|DeepStack_20000
STATE:564:cc/r300f:As|Qh/Ah:100|-100:DeepStack_20000|DeepStack_20001
STATE:565:cr300f:Kh|As:-100|100:DeepStack_20001|DeepStack_20000
STATE:566:r1200f:Ah|Ks:100|-100:DeepStack_20000|DeepStack_20001
STATE:567:cr300f:Kh|Qh:-100|100:DeepStack_20001|DeepStack_20000
STATE:568:cr300f:Qs|As:-100|100:DeepStack_20000|DeepStack_20001
STATE:569:cc/cc:Ah|Qh/Kh:100|-100:DeepStack_20001|DeepStack_20000
STATE:570:cc/cr300c:As|Ks/Kh:-300|300:DeepStack_20000|DeepStack_20001
STATE:571:cc/r300f:Ks|Qs/Ah:100|-100:DeepStack_20001|DeepStack_20000
STATE:572:cr300r1200c/:Ah|As/Ks:0|0:DeepStack_20000|DeepStack_20001
STATE:573:cc/cc:Qs|Ks/As:-100|100:DeepStack_20001|DeepStack_20000
STATE:574:r1200f:Ah|Kh:100|-100:DeepStack_20000|DeepStack_20001
STATE:575:cr300r1200f:As|Qh:300|-300:DeepStack_20001|DeepStack_20000
STATE:576:cr300f:Kh|As:-100|100:DeepStack_20000|DeepStack_20001
STATE:577:cr1200f:Qs|As:-100|100:DeepStack_20001|DeepStack_20000
STATE:578:cc/r300f:Kh|Qs/As:100|-100:DeepStack_20000|DeepStack_20001
STATE:579:cc/r300f:Ks|Qh/Ah:100|-100:DeepStack_20001|DeepStack_20000
STATE:580:cr300f:Ks|Ah:-100|100:DeepStack_20000|DeepStack_20001
STATE:581:r300r900f:Qs|Ah:-300|300:DeepStack_20001|DeepStack_20000
STATE:582:cr300r1200f:As|Kh:300|-300:DeepStack_20000|DeepStack_20001
STATE:583:cc/r300f:Ks|Qs/Ah:100|-100:DeepStack_20001|DeepStack_20000
STATE:584:r1200f:Ah|Qs:100|-100:DeepStack_20000|DeepStack_20001
STATE:585:cc/cr300c:Ah|Qh/Ks:300|-300:DeepStack_20001|DeepStack_20000
STATE:586:cc/r300f:Ks|Qh/Ah:100|-100:DeepStack_20000|DeepStack_20001
STATE:587:cr300c/cr1200f:Qs|As/Ah:-300|300:DeepStack_20001|DeepStack_20000
STATE:588:cc/cc:Qh|Kh/Qs:100|-100:DeepStack_20000|DeepStack_20001
STATE:589:cc/cr300f:Ah|Ks/Kh:-100|100:DeepStack_20001|DeepStack_20000
STATE:590:cc/cr300f:As|Qs/Qh:-100|100:DeepStack_20000|DeepStack_20001
STATE:591:cc/cr300f:Ah|Qs/Qh:-100|100:DeepStack_20001|DeepStack_20000
STATE:592:cr300f:Qs|Ah:-100|100:DeepStack_20000|DeepStack_20001
STATE:593:cc/cc:Kh|Qs/As:100|-100:DeepStack_20001|DeepStack_20000
STATE:594:cc/r1200f:Qs|Ks/Ah:100|-100:DeepStack_20000|DeepStack_20001
STATE:595:cc/cc:Qs|Ks/As:-100|100:DeepStack_20001|DeepStack_20000
STATE:596:r1200f:Ah|Kh:100|-100:DeepStack_20000|DeepStack_20001
STATE:597:cc/cr300f:As|Qh/Qs:-100|100:DeepStack_20001|DeepStack_20000
STATE:598:cc/cc:Qh|Kh/Qs:100|-100:DeepStack_20000|DeepStack_20001
STATE:599:cr300c/r1200c:As|Qs/Qh:-1200|1200:DeepStack_20001|DeepStack_20000
STATE:600:cc/cr1200f:Kh|Qh/Ah:-100|100:DeepStack_20000|DeepStack_20001
STATE:601:cr300c/cc:As|Ks/Qs:300|-300:DeepStack_20001|DeepStack_20000
STATE:602:cc/cr300f:Kh|Ks/Qs:-100|100:DeepStack_20000|DeepStack_20001
STATE:603:cc/cc:Ks|Qs/Ah:100|-100:DeepStack_20001|DeepStack_20000
STATE:604:cc/cc:Ks|Qh/As:100|-100:DeepStack_20000|DeepStack_20001
STATE:605:cc/cc:As|Kh/Qs:100|-100:DeepStack_20001|DeepStack_20000
STATE:606:cc/r300f:Ks|Qs/As:100|-100:DeepStack_20000|DeepStack_20001
STATE:607:r1200f:Ah|Qs:100|-100:DeepStack_20001|DeepStack_20000
STATE:608:r1200f:As|Qs:100|-100:DeepStack_20000|DeepStack_20001
STATE:609:cr300f:Kh|As:-100|100:DeepStack_20001|DeepStack_20000
STATE:610:cr300f:Qs|As:-100|100:DeepStack_20000|DeepStack_20001
STATE:611:cr300f:Qs|Qh:-100|100:DeepStack_20001|DeepStack_20000
STATE:612:cc/r300f:Kh|Qh/As:100|-100:DeepStack_20000|DeepStack_20001
STATE:613:cc/cc:As|Ks/Ah:100|-100:DeepStack_20001|DeepStack_20000
STATE:614:cc/cr300f:Qs|Qh/Ks:-100|100:DeepStack_20000|DeepStack_20001
STATE:615:cc/cc:Qh|Qs/Ah:0|0:DeepStack_20001|DeepStack_20000
STATE:616:cc/cr300f:As|Kh/Qh:-100|100:DeepStack_20000|DeepStack_20001
STATE:617:cr300f:Kh|As:-100|100:DeepStack_20001|DeepStack_20000
STATE:618:cc/cc:Qh|Kh/As:-100|100:DeepStack_20000|DeepStack_20001
STATE:619:cr300c/cr1200f:Ks|Qh/As:-300|300:DeepStack_20001|DeepStack_20000
STATE:620:r1200f:Ah|Ks:100|-100:DeepStack_20000|DeepStack_20001
STATE:621:cr300f:Ks|As:-100|100:DeepStack_20001|DeepStack_20000
STATE:622:cr300f:Qs|Ah:-100|100:DeepStack_20000|DeepStack_20001
STATE:623:cr300f:Qs|Ah:-100|100:DeepStack_20001|DeepStack_20000
STATE:624:cc/cc:Ah|Kh/Qh:100|-100:DeepStack_20000|DeepStack_20001
STATE:625:cc/cc:Qh|Kh/As:-100|100:DeepStack_20001|DeepStack_20000
STATE:626:r1200f:Ah|Ks:100|-100:DeepStack_20000|DeepStack_20001
STATE:627:cr300f:Kh|As:-100|100:DeepStack_20001|DeepStack_20000
STATE:628:cc/cc:Qh|Qs/As:0|0:DeepStack_20000|DeepStack_20001
STATE:629:cr300f:Ks|Qs:-100|100:DeepStack_20001|DeepStack_20000
STATE:630:cc/cc:Kh|Qs/Ks:100|-100:DeepStack_20000|DeepStack_20001
STATE:631:cr300f:Ks|Ah:-100|100:DeepStack_20001|DeepStack_20000
STATE:632:cc/cr300f:Kh|Qs/Qh:-100|100:DeepStack_20000|DeepStack_20001
STATE:633:cr300f:Qh|Ks:-100|100:DeepStack_20001|DeepStack_20000
STATE:634:cr300f:Qh|As:-100|100:DeepStack_20000|DeepStack_20001
STATE:635:cr300f:Ks|As:-100|100:DeepStack_20001|DeepStack_20000
STATE:636:cc/cc:Kh|Ks/Qh:0|0:DeepStack_20000|DeepStack_20001
STATE:637:r1200f:Ah|Ks:100|-100:DeepStack_20001|DeepStack_20000
STATE:638:cr300f:Kh|Qh:-100|100:DeepStack_20000|DeepStack_20001
STATE:639:cc/cr300f:As|Qh/Qs:-100|100:DeepStack_20001|DeepStack_20000
STATE:640:r1200f:As|Qh:100|-100:DeepStack_20000|DeepStack_20001
STATE:641:cr300c/cr1200f:Qs|Ks/As:-300|300:DeepStack_20001|DeepStack_20000
STATE:642:cc/cc:Qs|Qh/As:0|0:DeepStack_20000|DeepStack_20001
STATE:643:cc/cc:Qh|Ks/Qs:100|-100:DeepStack_20001|DeepStack_20000
STATE:644:cc/cr300f:Ah|Qh/Qs:-100|100:DeepStack_20000|DeepStack_20001
STATE:645:r1200c/:Ah|As/Qs:0|0:DeepStack_20001|DeepStack_20000
STATE:646:cr300r1200c/:Ah|As/Qh:0|0:DeepStack_20000|DeepStack_20001
STATE:647:cr300r1200c/:Ah|As/Qh:0|0:DeepStack_20001|DeepStack_20000
STATE:648:cc/cc:Kh|Qs/As:100|-100:DeepStack_20000|DeepStack_20001
STATE:649:r1200f:Ah|Kh:100|-100:DeepStack_20001|DeepStack_20000
STATE:650:cc/cc:Kh|Qh/Ks:100|-100:DeepStack_20000|DeepStack_20001
STATE:651:cc/cc:Ah|Qs/Kh:100|-100:DeepStack_20001|DeepStack_20000
STATE:652:cr300r1200f:As|Ks:300|-300:DeepStack_20000|DeepStack_20001
STATE:653:cc/cc:Qs|Ks/As:-100|100:DeepStack_20001|DeepStack_20000
STATE:654:cc/cc:Qh|Qs/Kh:0|0:DeepStack_20000|DeepStack_20001
STATE:655:r1200f:Ah|Qh:100|-100:DeepStack_20001|DeepStack_20000
STATE:656:cc/r1200f:Ah|Ks/As:100|-100:DeepStack_20000|DeepStack_20001
STATE:657:cr300c/cc:Qs|Ks/Ah:-300|300:DeepStack_20001|DeepStack_20000
STATE:658:cr300c/cr1200f:Qh|As/Ah:-300|300:DeepStack_20000|DeepStack_20001
STATE:659:cc/cc:Qh|Qs/Ah:0|0:DeepStack_20001|DeepStack_20000
STATE:660:cc/cc:Ks|Qs/Kh:100|-100:DeepStack_20000|DeepStack_20001
STATE:661:cc/cc:As|Qh/Kh:100|-100:DeepStack_20001|DeepStack_20000
STATE:662:cr300f:Qh|Ks:-100|100:DeepStack_20000|DeepStack_20001
STATE:663:cr300f:Qh|Kh:-100|100:DeepStack_20001|DeepStack_20000
STATE:664:cr300f:Ks|Ah:-100|100:DeepStack_20000|DeepStack_20001
STATE:665:cr300r1200f:Ah|Qs:300|-300:DeepStack_20001|DeepStack_20000
STATE:666:cc/cc:Qs|As/Qh:100|-100:DeepStack_20000|DeepStack_20001
STATE:667:cr300f:Qh|Ks:-100|100:DeepStack_20001|DeepStack_20000
STATE:668:cc/cr300f:Ah|Qh/Ks:-100|100:DeepStack_20000|DeepStack_20001
STATE:669:cr300f:Kh|Ah:-100|100:DeepStack_20001|DeepStack_20000
STATE:670:cr300f:Qs|Ks:-100|100:DeepStack_20000|DeepStack_20001
STATE:671:cr300c/cc:As|Ah/Qs:0|0:DeepStack_20001|DeepStack_20000
STATE:672:cc/r300c:As|Ks/Ah:300|-300:DeepStack_20000|DeepStack_20001
STATE:673:cr300f:Qs|As:-100|100:DeepStack_20001|DeepStack_20000
STATE:674:cc/cc:Ks|Qh/Kh:100|-100:DeepStack_20000|DeepStack_20001
STATE:675:r300c/cc:Qh|Kh/As:-300|300:DeepStack_20001|DeepStack_20000
STATE:676:cr300c/cc:Ah|As/Qh:0|0:DeepStack_20000|DeepStack_20001
STATE:677:cc/cr300f:Qh|Kh/Ks:-100|100:DeepStack_20001|DeepStack_20000
STATE:678:cc/cc:Qh|Qs/Ks:0|0:DeepStack_20000|DeepStack_20001
STATE:679:cr300f:Qh|As:-100|100:DeepStack_20001|DeepStack_20000
STATE:680:cc/cc:Ks|As/Qh:-100|100:DeepStack_20000|DeepStack_20001
STATE:681:cr300r1200f:Ah|Ks:300|-300:DeepStack_20001|DeepStack_20000
STATE:682:cc/r300f:As|Qh/Ah:100|-100:DeepStack_20000|DeepStack_20001
STATE:683:cc/cc:Qh|Kh/Qs:100|-100:DeepStack_20001|DeepStack_20000
STATE:684:cr300f:Qh|As:-100|100:DeepStack_20000|DeepStack_20001
STATE:685:cr300f:Qs|Ah:-100|100:DeepStack_20001|DeepStack_20000
STATE:686:cc/cr1200f:Qs|Kh/Ah:-100|100:DeepStack_20000|DeepStack_20001
STATE:687:cc/cc:Qs|Ks/Qh:100|-100:DeepStack_20001|DeepStack_20000
STATE:688:cr300f:Ks|Ah:-100|100:DeepStack_20000|DeepStack_20001
STATE:689:cr300r1200c/:Ah|As/Kh:0|0:DeepStack_20001|DeepStack_20000
STATE:690:cc/cc:Qh|Kh/Qs:100|-100:DeepStack_20000|DeepStack_20001
STATE:691:cr300f:Ks|As:-100|100:DeepStack_20001|DeepStack_20000
STATE:692:cc/cr300f:As|Kh/Ks:-100|100:DeepStack_20000|DeepStack_20001
STATE:693:r300r900f:Qs|As:-300|300:DeepStack_20001|DeepStack_20000
STATE:694:cr300f:Qh|Ah:-100|100:DeepStack_20000|DeepStack_20001
STATE:695:cc/r300f:Ks|Qs/Ah:100|-100:DeepStack_20001|DeepStack_20000
STATE:696:cr300f:Qs|Ah:-100|100:DeepStack_20000|DeepStack_20001
STATE:697:cc/cc:Qs|Qh/As:0|0:DeepStack_20001|DeepStack_20000
STATE:698:cr300f:Qs|Ah:-100|100:DeepStack_20000|DeepStack_20001
STATE:699:cc/cr300f:As|Qh/Kh:-100|100:DeepStack_20001|DeepStack_20000
STATE:700:cc/cr300c:Ah|Qs/Qh:-300|300:DeepStack_20000|DeepStack_20001
STATE:701:cc/cc:Kh|Ah/Qs:-100|100:DeepStack_20001|DeepStack_20000
STATE:702:cc/cc:As|Kh/Qs:100|-100:DeepStack_20000|DeepStack_20001
STATE:703:cr300r1200f:As|Kh:300|-300:DeepStack_20001|DeepStack_20000
STATE:704:cr300r1200c/:Ah|As/Qh:0|0:DeepStack_20000|DeepStack_20001
STATE:705:cr300f:Kh|Ah:-100|100:DeepStack_20001|DeepStack_20000
STATE:706:r300c/cc:Kh|Ks/Qh:0|0:DeepStack_20000|DeepStack_20001
STATE:707:cc/cr300f:Qh|Qs/Ks:-100|100:DeepStack_20001|DeepStack_20000
STATE:708:cc/cr300f:Qs|Kh/Ks:-100|100:DeepStack_20000|DeepStack_20001
STATE:709:cc/cc:Qh|Kh/As:-100|100:DeepStack_20001|DeepStack_20000
STATE:710:cc/cc:Kh|Ks/Qh:0|0:DeepStack_20000|DeepStack_20001
STATE:711:cc/cc:Qs|Qh/Kh:0|0:DeepStack_20001|DeepStack_20000
STATE:712:r1200f:Ah|Kh:100|-100:DeepStack_20000|DeepStack_20001
STATE:713:r1200f:Ah|Qh:100|-100:DeepStack_20001|DeepStack_20000
STATE:714:cr300f:Kh|As:-100|100:DeepStack_20000|DeepStack_20001
STATE:715:cr300f:Qs|Ks:-100|100:DeepStack_20001|DeepStack_20000
STATE:716:cc/cc:Qh|Kh/Qs:100|-100:DeepStack_20000|DeepStack_20001
STATE:717:cr1200f:Ks|As:-100|100:DeepStack_20001|DeepStack_20000
STATE:718:cc/cr300c:As|Kh/Ks:-300|300:DeepStack_20000|DeepStack_20001
STATE:719:r1200f:As|Qh:100|-100:DeepStack_20001|DeepStack_20000
STATE:720:cr300f:Qs|Ah:-100|100:DeepStack_20000|DeepStack_20001
STATE:721:cc/cr300f:Qs|Kh/Ks:-100|100:DeepStack_20001|DeepStack_20000
STATE:722:cc/r300f:As|Qh/Ah:100|-100:DeepStack_20000|DeepStack_20001
STATE:723:cc/cc:Qh|Ks/Ah:-100|100:DeepStack_20001|DeepStack_20000
STATE:724:r1200f:As|Qs:100|-100:DeepStack_20000|DeepStack_20001
STATE:725:cc/r300f:Ks|Qs/Ah:100|-100:DeepStack_20001|DeepStack_20000
STATE:726:cc/cr300f:Ah|Qs/Kh:-100|100:DeepStack_20000|DeepStack_20001
STATE:727:cc/cr300f:Qs|Qh/Ks:-100|100:DeepStack_20001|DeepStack_20000
STATE:728:r1200f:As|Ks:100|-100:DeepStack_20000|DeepStack_20001
STATE:729:cc/cc:As|Kh/Qs:100|-100:DeepStack_20001|DeepStack_20000
STATE:730:cr300f:Kh|Ah:-100|100:DeepStack_20000|DeepStack_20001
STATE:731:r1200c/:As|Ah/Kh:0|0:DeepStack_20001|DeepStack_20000
STATE:732:cr300f:Qh|Kh:-100|100:DeepStack_20000|DeepStack_20001
STATE:733:cc/cc:Ks|Kh/As:0|0:DeepStack_20001|DeepStack_20000
STATE:734:cc/cr300f:As|Ks/Kh:-100|100:DeepStack_20000|DeepStack_20001
STATE:735:cc/cr300f:Kh|Qs/Qh:-100|100:DeepStack_20001|DeepStack_20000
STATE:736:cr300r1200c/:As|Ah/Kh:0|0:DeepStack_20000|DeepStack_20001
STATE:737:r1200f:Ah|Qh:100|-100:DeepStack_20001|DeepStack_20000
STATE:738:cc/cc:Qh|Kh/Qs:100|-100:DeepStack_20000|DeepStack_20001
STATE:739:cc/cc:Qs|Qh/Kh:0|0:DeepStack_20001|DeepStack_20000
STATE:740:cc/cc:Kh|Qh/Ah:100|-100:DeepStack_20000|DeepStack_20001
STATE:741:cr300c/r1200c:Kh|Ah/Ks:1200|-1200:DeepStack_20001|DeepStack_20000
STATE:742:cr300f:Qh|As:-100|100:DeepStack_20000|DeepStack_20001
STATE:743:cc/cr300c:As|Qs/Ks:300|-300:DeepStack_20001|DeepStack_20000
STATE:744:r1200f:As|Qs:100|-100:DeepStack_20000|DeepStack_20001
STATE:745:cc/r300f:Ks|Qh/Ah:100|-100:DeepStack_20001|DeepStack_20000
STATE:746:cc/cr300f:Ks|Kh/Qh:-100|100:DeepStack_20000|DeepStack_20001
STATE:747:cc/cr300c:Ah|Qh/Qs:-300|300:DeepStack_20001|DeepStack_20000
STATE:748:cr300f:Kh|As:-100|100:DeepStack_20000|DeepStack_20001
STATE:749:cc/cr1200f:Qs|Ah/As:-100|100:DeepStack_20001|DeepStack_20000
STATE:750:cc/cr300f:Ks|Qs/Qh:-100|100:DeepStack_20000|DeepStack_20001
STATE:751:cc/cr300f:Ks|Qh/Qs:-100|100:DeepStack_20001|DeepStack_20000
STATE:752:r1200f:Ah|Ks:100|-100:DeepStack_20000|DeepStack_20001
STATE:753:r1200f:Ah|Qs:100|-100:DeepStack_20001|DeepStack_20000
STATE:754:r1200f:Ah|Qs:100|-100:DeepStack_20000|DeepStack_20001
STATE:755:cc/cc:As|Kh/Qh:100|-100:DeepStack_20001|DeepStack_20000
STATE:756:r1200f:As|Qs:100|-100:DeepStack_20000|DeepStack_20001
STATE:757:cc/cc:Qh|Kh/Ah:-100|100:DeepStack_20001|DeepStack_20000
STATE:758:cr300f:Qh|As:-100|100:DeepStack_20000|DeepStack_20001
STATE:759:cr300f:Qh|As:-100|100:DeepStack_20001|DeepStack_20000
STATE:760:r1200f:As|Ks:100|-100:DeepStack_20000|DeepStack_20001
STATE:761:cc/cr300c:As|Qh/Qs:-300|300:DeepStack_20001|DeepStack_20000
STATE:762:cc/cc:Kh|Qs/Ks:100|-100:DeepStack_20000|DeepStack_20001
STATE:763:cc/cc:Qh|Qs/Kh:0|0:DeepStack_20001|DeepStack_20000
STATE:764:cc/cc:Qs|Qh/Ks:0|0:DeepStack_20000|DeepStack_20001
STATE:765:cr300f:Kh|Ah:-100|100:DeepStack_20001|DeepStack_20000
STATE:766:r1200f:As|Qh:100|-100:DeepStack_20000|DeepStack_20001
STATE:767:cr300c/r1200f:Qs|Qh/Kh:300|-300:DeepStack_20001|DeepStack_20000
STATE:768:cr300f:Qh|Qs:-100|100:DeepStack_20000|DeepStack_20001
STATE:769:cr1200f:Qh|As:-100|100:DeepStack_20001|DeepStack_20000
STATE:770:r300c/cr1200c:Ah|Ks/Qs:1200|-1200:DeepStack_20000|DeepStack_20001
STATE:771:cr300c/cr900f:Ks|Ah/Qh:-300|300:DeepStack_20001|DeepStack_20000
STATE:772:cr1200c/:Ah|As/Kh:0|0:DeepStack_20000|DeepStack_20001
STATE:773:cr1200f:Qh|Ah:-100|100:DeepStack_20001|DeepStack_20000
STATE:774:cr1200f:Kh|Ah:-100|100:DeepStack_20000|DeepStack_20001
STATE:775:r300f:Ah|Qh:100|-100:DeepStack_20001|DeepStack_20000
STATE:776:cr1200f:Qh|As:-100|100:DeepStack_20000|DeepStack_20001
STATE:777:cc/cc:Qs|Kh/Qh:100|-100:DeepStack_20001|DeepStack_20000
STATE:778:cr300r1200f:Ah|Kh:300|-300:DeepStack_20000|DeepStack_20001
STATE:779:cc/r1200f:Ah|Qs/As:100|-100:DeepStack_20001|DeepStack_20000
STATE:780:cc/cc:Kh|Ah/Ks:100|-100:DeepStack_20000|DeepStack_20001
STATE:781:cc/cc:Ks|Qh/Kh:100|-100:DeepStack_20001|DeepStack_20000
STATE:782:r1200c/:As|Ah/Qh:0|0:DeepStack_20000|DeepStack_20001
STATE:783:cr300f:Qs|Ah:-100|100:DeepStack_20001|DeepStack_20000
STATE:784:cc/r1200f:Ah|Qs/As:100|-100:DeepStack_20000|DeepStack_20001
STATE:785:cr300f:Qh|As:-100|100:DeepStack_20001|DeepStack_20000
STATE:786:cr300f:Kh|Ks:-100|100:DeepStack_20000|DeepStack_20001
STATE:787:cr300f:Qs|As:-100|100:DeepStack_20001|DeepStack_20000
STATE:788:cc/cc:As|Qs/Kh:100|-100:DeepStack_20000|DeepStack_20001
STATE:789:cc/cc:Qh|Kh/Ah:-100|100:DeepStack_20001|DeepStack_20000
STATE:790:cc/cc:Kh|Ks/Qh:0|0:DeepStack_20000|DeepStack_20001
STATE:791:cr1200c/:As|Ah/Qs:0|0:DeepStack_20001|DeepStack_20000
STATE:792:cc/cc:Ah|Qh/Kh:100|-100:DeepStack_20000|DeepStack_20001
STATE:793:r1200f:As|Qh:100|-100:DeepStack_20001|DeepStack_20000
STATE:794:cr300f:Ks|Ah:-100|100:DeepStack_20000|DeepStack_20001
STATE:795:cr300f:Ks|Qs:-100|100:DeepStack_20001|DeepStack_20000
STATE:796:cc/cr300c:As|Qh/Qs:-300|300:DeepStack_20000|DeepStack_20001
STATE:797:cc/cr300f:Ks|Qs/Qh:-100|100:DeepStack_20001|DeepStack_20000
STATE:798:cc/r300r900r1200f:As|Qh/Ah:900|-900:DeepStack_20000|DeepStack_20001
STATE:799:cr300f:Ks|Ah:-100|100:DeepStack_20001|DeepStack_20000
STATE:800:cr300f:Qs|Kh:-100|100:DeepStack_20000|DeepStack_20001
STATE:801:cc/r1200f:Qs|Qh/Ah:100|-100:DeepStack_20001|DeepStack_20000
STATE:802:cc/cc:Kh|Qs/Ks:100|-100:DeepStack_20000|DeepStack_20001
STATE:803:r1200f:As|Ks:100|-100:DeepStack_20001|DeepStack_20000
STATE:804:cc/cc:Qs|Ah/Ks:-100|100:DeepStack_20000|DeepStack_20001
STATE:805:cc/cc:Qs|Ks/As:-100|100:DeepStack_20001|DeepStack_20000
STATE:806:r1200f:Ah|Ks:100|-100:DeepStack_20000|DeepStack_20001
STATE:807:cc/cc:Qs|Qh/As:0|0:DeepStack_20001|DeepStack_20000
STATE:808:cr300r1200c/:As|Ah/Ks:0|0:DeepStack_20000|DeepStack_20001
STATE:809:cr1200c/:Ah|As/Ks:0|0:DeepStack_20001|DeepStack_20000
STATE:810:cc/cr1200f:Qs|Qh/Ah:-100|100:DeepStack_20000|DeepStack_20001
STATE:811:cc/cr300r900f:Ks|Qh/Kh:300|-300:DeepStack_20001|DeepStack_20000
STATE:812:cc/r300f:Ks|Qs/As:100|-100:DeepStack_20000|DeepStack_20001
STATE:813:cr300c/cr1200f:Qh|As/Ah:-300|300:DeepStack_20001|DeepStack_20000
STATE:814:cc/cc:Ks|Kh/Qs:0|0:DeepStack_20000|DeepStack_20001
STATE:815:cr300c/cr1200f:Ks|Qh/Ah:-300|300:DeepStack_20001|DeepStack_20000
STATE:816:cr300f:Qs|As:-100|100:DeepStack_20000|DeepStack_20001
STATE:817:r1200c/:As|Ah/Qs:0|0:DeepStack_20001|DeepStack_20000
STATE:818:cr300c/r1200c:Qs|As/Ks:-1200|1200:DeepStack_20000|DeepStack_20001
STATE:819:r300c/r900f:As|Ks/Ah:300|-300:DeepStack_20001|DeepStack_20000
STATE:820:cc/r300r1200f:Kh|As/Ah:-300|300:DeepStack_20000|DeepStack_20001
STATE:821:r1200c/:Ah|As/Qs:0|0:DeepStack_20001|DeepStack_20000
STATE:822:cc/cr300f:As|Kh/Qh:-100|100:DeepStack_20000|DeepStack_20001
STATE:823:cr300c/cc:Kh|Ah/Qs:-300|300:DeepStack_20001|DeepStack_20000
STATE:824:cc/cc:Ks|As/Qh:-100|100:DeepStack_20000|DeepStack_20001
STATE:825:r1200f:Ah|Kh:100|-100:DeepStack_20001|DeepStack_20000
STATE:826:cr1200f:Ks|Ah:-100|100:DeepStack_20000|DeepStack_20001
STATE:827:cr1200f:Qh|Ah:-100|100:DeepStack_20001|DeepStack_20000
STATE:828:cc/cc:Ks|Kh/Qs:0|0:DeepStack_20000|DeepStack_20001
STATE:829:cc/cc:Ks|Qs/Ah:100|-100:DeepStack_20001|DeepStack_20000
STATE:830:cc/r300f:Kh|Qs/As:100|-100:DeepStack_20000|DeepStack_20001
STATE:831:cc/cc:Ah|Qh/Ks:100|-100:DeepStack_20001|DeepStack_20000
STATE:832:cr300f:Kh|Ah:-100|100:DeepStack_20000|DeepStack_20001
STATE:833:cc/cr300f:Kh|Qs/Qh:-100|100:DeepStack_20001|DeepStack_20000
STATE:834:r1200f:As|Ks:100|-100:DeepStack_20000|DeepStack_20001
STATE:835:cr300f:Qh|As:-100|100:DeepStack_20001|DeepStack_20000
STATE:836:cr300r1200c/:Ah|As/Qh:0|0:DeepStack_20000|DeepStack_20001
STATE:837:cr300r1200c/:Ah|As/Qh:0|0:DeepStack_20001|DeepStack_20000
STATE:838:r1200f:As|Kh:100|-100:DeepStack_20000|DeepStack_20001
STATE:839:cc/cr1200f:Ks|As/Ah:-100|100:DeepStack_20001|DeepStack_20000
STATE:840:cc/cr300f:As|Ks/Kh:-100|100:DeepStack_20000|DeepStack_20001
STATE:841:cc/cr300f:Qs|Kh/Ks:-100|100:DeepStack_20001|DeepStack_20000
STATE:842:r1200f:As|Qh:100|-100:DeepStack_20000|DeepStack_20001
STATE:843:r1200f:As|Kh:100|-100:DeepStack_20001|DeepStack_20000
STATE:844:r1200f:As|Kh:100|-100:DeepStack_20000|DeepStack_20001
STATE:845:cr300f:Qs|Ks:-100|100:DeepStack_20001|DeepStack_20000
STATE:846:cc/cc:Qs|Qh/Kh:0|0:DeepStack_20000|DeepStack_20001
STATE:847:cc/cc:Qs|Ks/As:-100|100:DeepStack_20001|DeepStack_20000
STATE:848:r1200c/:As|Ah/Kh:0|0:DeepStack_20000|DeepStack_20001
STATE:849:cc/cc:Qh|Qs/Ah:0|0:DeepStack_20001|DeepStack_20000
STATE:850:cr300c/cr900f:Qs|Ah/As:-300|300:DeepStack_20000|DeepStack_20001
STATE:851:cr300f:Kh|Ah:-100|100:DeepStack_20001|DeepStack_20000
STATE:852:cr300f:Kh|Ah:-100|100:DeepStack_20000|DeepStack_20001
STATE:853:r300r1200f:Qs|Ah:-300|300:DeepStack_20001|DeepStack_20000
STATE:854:cr300f:Qh|Ah:-100|100:DeepStack_20000|DeepStack_20001
STATE:855:cr300f:Qs|As:-100|100:DeepStack_20001|DeepStack_20000
STATE:856:cc/cc:Qs|Kh/As:-100|100:DeepStack_20000|DeepStack_20001
STATE:857:cr300f:Qh|Ks:-100|100:DeepStack_20001|DeepStack_20000
STATE:858:cr300r1200f:Ah|Qh:300|-300:DeepStack_20000|DeepStack_20001
STATE:859:r1200f:Ah|Qh:100|-100:DeepStack_20001|DeepStack_20000
STATE:860:r1200f:Ah|Ks:100|-100:DeepStack_20000|DeepStack_20001
STATE:861:cr300f:Kh|Ah:-100|100:DeepStack_20001|DeepStack_20000
STATE:862:cr300r1200f:Ah|Qh:300|-300:DeepStack_20000|DeepStack_20001
STATE:863:cc/cc:Qh|Ah/Ks:-100|100:DeepStack_20001|DeepStack_20000
STATE:864:r1200f:Ah|Qs:100|-100:DeepStack_20000|DeepStack_20001
STATE:865:cc/r300f:Ah|Qh/As:100|-100:DeepStack_20001|DeepStack_20000
STATE:866:cc/cc:Qh|Ks/Qs:100|-100:DeepStack_20000|DeepStack_20001
STATE:867:cr300f:Qs|Ah:-100|100:DeepStack_20001|DeepStack_20000
STATE:868:cr300c/cc:Qh|Ah/Kh:-300|300:DeepStack_20000|DeepStack_20001
STATE:869:cr300c/cc:Ks|Kh/As:0|0:DeepStack_20001|DeepStack_20000
STATE:870:cr1200f:Qh|As:-100|100:DeepStack_20000|DeepStack_20001
STATE:871:cc/cc:As|Kh/Qs:100|-100:DeepStack_20001|DeepStack_20000
STATE:872:cr1200f:Qs|Ah:-100|100:DeepStack_20000|DeepStack_20001
STATE:873:cc/r300f:Ks|Qs/As:100|-100:DeepStack_20001|DeepStack_20000
STATE:874:cc/cr300f:Qs|Kh/Ks:-100|100:DeepStack_20000|DeepStack_20001
STATE:875:cr300c/r1200f:Ks|Ah/Kh:300|-300:DeepStack_20001|DeepStack_20000
STATE:876:cc/cr300f:Ks|Kh/Qs:-100|100:DeepStack_20000|DeepStack_20001
STATE:877:cc/cr300f:As|Qh/Qs:-100|100:DeepStack_20001|DeepStack_20000
STATE:878:cc/cc:Qh|Ks/As:-100|100:DeepStack_20000|DeepStack_20001
STATE:879:cr300c/r1200f:Ks|Qh/Kh:300|-300:DeepStack_20001|DeepStack_20000
STATE:880:cc/cc:Ah|Ks/Qs:100|-100:DeepStack_20000|DeepStack_20001
STATE:881:cc/cr300f:Ah|Ks/Kh:-100|100:DeepStack_20001|DeepStack_20000
STATE:882:cr300f:Ks|Qs:-100|100:DeepStack_20000|DeepStack_20001
STATE:883:r1200f:Ah|Kh:100|-100:DeepStack_20001|DeepStack_20000
STATE:884:r1200f:Ah|Qh:100|-100:DeepStack_20000|DeepStack_20001
STATE:885:cc/r300f:Ks|Qh/As:100|-100:DeepStack_20001|DeepStack_20000
STATE:886:cr300f:Qs|Qh:-100|100:DeepStack_20000|DeepStack_20001
STATE:887:cc/cr300f:Ah|Ks/Qh:-100|100:DeepStack_20001|DeepStack_20000
STATE:888:cc/r300f:Ks|Qs/Ah:100|-100:DeepStack_20000|DeepStack_20001
STATE:889:cr300r1200f:Ah|Qs:300|-300:DeepStack_20001|DeepStack_20000
STATE:890:cr300f:Qs|Ks:-100|100:DeepStack_20000|DeepStack_20001
STATE:891:cc/cr300r1200f:Kh|Qh/Ks:300|-300:DeepStack_20001|DeepStack_20000
STATE:892:cc/cc:Qh|Qs/As:0|0:DeepStack_20000|DeepStack_20001
STATE:893:cc/cr300c:Ah|Qh/Ks:300|-300:DeepStack_20001|DeepStack_20000
STATE:894:cr300c/cr1200f:Kh|Ah/Qh:-300|300:DeepStack_20000|DeepStack_20001
STATE:895:r1200f:Ah|Kh:100|-100:DeepStack_20001|DeepStack_20000
STATE:896:cr300f:Kh|Qh:-100|100:DeepStack_20000|DeepStack_20001
STATE:897:cc/cc:Qh|Ah/Qs:100|-100:DeepStack_20001|DeepStack_20000
STATE:898:cr300c/cr1200f:Ks|Qh/Qs:-300|300:DeepStack_20000|DeepStack_20001
STATE:899:r300r1200f:Qs|As:-300|300:DeepStack_20001|DeepStack_20000
STATE:900:cr300c/r1200f:Qs|As/Qh:300|-300:DeepStack_20000|DeepStack_20001
STATE:901:cc/cr300f:As|Qs/Qh:-100|100:DeepStack_20001|DeepStack_20000
STATE:902:cc/cc:Ah|Ks/Qs:100|-100:DeepStack_20000|DeepStack_20001
STATE:903:r1200f:Ah|Qh:100|-100:DeepStack_20001|DeepStack_20000
STATE:904:r300r1200f:Ks|Ah:-300|300:DeepStack_20000|DeepStack_20001
STATE:905:cc/r300f:Kh|Qs/As:100|-100:DeepStack_20001|DeepStack_20000
STATE:906:cc/cc:Qh|Kh/As:-100|100:DeepStack_20000|DeepStack_20001
STATE:907:cr300f:Qs|Ks:-100|100:DeepStack_20001|DeepStack_20000
STATE:908:cc/r300f:Ks|Qs/Ah:100|-100:DeepStack_20000|DeepStack_20001
STATE:909:cc/cc:Ks|Kh/Qh:0|0:DeepStack_20001|DeepStack_20000
STATE:910:cc/cr300f:Kh|Qs/Qh:-100|100:DeepStack_20000|DeepStack_20001
STATE:911:cc/cr300c:Ah|Kh/Ks:-300|300:DeepStack_20001|DeepStack_20000
STATE:912:r1200f:As|Qh:100|-100:DeepStack_20000|DeepStack_20001
STATE:913:cr300f:Qh|Ah:-100|100:DeepStack_20001|DeepStack_20000
STATE:914:r1200f:As|Qh:100|-100:DeepStack_20000|DeepStack_20001
STATE:915:cc/cc:Kh|Qh/As:100|-100:DeepStack_20001|DeepStack_20000
STATE:916:cr300r1200f:As|Kh:300|-300:DeepStack_20000|DeepStack_20001
STATE:917:cc/cc:As|Qs/Ah:100|-100:DeepStack_20001|DeepStack_20000
STATE:918:cc/r300f:Ks|Qs/Ah:100|-100:DeepStack_20000|DeepStack_20001
STATE:919:cc/r300c:Ks|Kh/Ah:0|0:DeepStack_20001|DeepStack_20000
STATE:920:cc/cc:Kh|Ks/Qs:0|0:DeepStack_20000|DeepStack_20001
STATE:921:cc/cc:Ks|As/Kh:100|-100:DeepStack_20001|DeepStack_20000
STATE:922:cr300c/r1200c:Qs|Ah/Kh:-1200|1200:DeepStack_20000|DeepStack_20001
STATE:923:cc/cc:Ks|As/Qs:-100|100:DeepStack_20001|DeepStack_20000
STATE:924:cr1200f:Ks|As:-100|100:DeepStack_20000|DeepStack_20001
STATE:925:cc/cc:Qs|Qh/As:0|0:DeepStack_20001|DeepStack_20000
STATE:926:cc/cr300c:Ks|Kh/As:0|0:DeepStack_20000|DeepStack_20001
STATE:927:cc/cc:Qs|Kh/As:-100|100:DeepStack_20001|DeepStack_20000
STATE:928:cc/cr300f:Qh|Qs/Kh:-100|100:DeepStack_20000|DeepStack_20001
STATE:929:r1200f:Ah|Qh:100|-100:DeepStack_20001|DeepStack_20000
STATE:930:cc/r300f:Ks|Qs/Ah:100|-100:DeepStack_20000|DeepStack_20001
STATE:931:r1200f:As|Kh:100|-100:DeepStack_20001|DeepStack_20000
STATE:932:cr300r1200c/:Ah|As/Kh:0|0:DeepStack_20000|DeepStack_20001
STATE:933:cr300f:Kh|Ah:-100|100:DeepStack_20001|DeepStack_20000
STATE:934:cr1200f:Qs|As:-100|100:DeepStack_20000|DeepStack_20001
STATE:935:cc/cc:Qs|Ks/As:-100|100:DeepStack_20001|DeepStack_20000
STATE:936:cr300r1200c/:Ah|As/Kh:0|0:DeepStack_20000|DeepStack_20001
STATE:937:cr300f:Qh|Ks:-100|100:DeepStack_20001|DeepStack_20000
STATE:938:cc/cr300f:Qs|Kh/Ks:-100|100:DeepStack_20000|DeepStack_20001
STATE:939:cc/cr300f:Ks|Qh/Qs:-100|100:DeepStack_20001|DeepStack_20000
STATE:940:cr300f:Kh|Ks:-100|100:DeepStack_20000|DeepStack_20001
STATE:941:cr300f:Qs|Ks:-100|100:DeepStack_20001|DeepStack_20000
STATE:942:cr300f:Ks|As:-100|100:DeepStack_20000|DeepStack_20001
STATE:943:cc/r300f:As|Qs/Ah:100|-100:DeepStack_20001|DeepStack_20000
STATE:944:cr300f:Qs|As:-100|100:DeepStack_20000|DeepStack_20001
STATE:945:cc/r1200f:Qs|Ks/Ah:100|-100:DeepStack_20001|DeepStack_20000
STATE:946:cc/cc:Ks|Kh/Qs:0|0:DeepStack_20000|DeepStack_20001
STATE:947:cr300f:Ks|Ah:-100|100:DeepStack_20001|DeepStack_20000
STATE:948:cr300c/r1200f:Qs|Ah/Kh:300|-300:DeepStack_20000|DeepStack_20001
STATE:949:cc/cr300f:Ks|Qs/Qh:-100|100:DeepStack_20001|DeepStack_20000
STATE:950:r300r900f:Kh|As:-300|300:DeepStack_20000|DeepStack_20001
STATE:951:cc/cc:Qh|Ks/As:-100|100:DeepStack_20001|DeepStack_20000
STATE:952:cr300r1200f:As|Qs:300|-300:DeepStack_20000|DeepStack_20001
STATE:953:cc/cr1200f:Ks|Ah/As:-100|100:DeepStack_20001|DeepStack_20000
STATE:954:cc/cc:Qh|Ks/Ah:-100|100:DeepStack_20000|DeepStack_20001
STATE:955:cr300c/cr1200f:Kh|Ks/As:-300|300:DeepStack_20001|DeepStack_20000
STATE:956:cr300f:Kh|Qh:-100|100:DeepStack_20000|DeepStack_20001
STATE:957:cr300f:Qs|Ah:-100|100:DeepStack_20001|DeepStack_20000
STATE:958:cr300c/cr1200f:Qh|Kh/As:-300|300:DeepStack_20000|DeepStack_20001
STATE:959:r1200f:Ah|Qh:100|-100:DeepStack_20001|DeepStack_20000
STATE:960:cr300f:Ks|Qs:-100|100:DeepStack_20000|DeepStack_20001
STATE:961:cc/r300f:As|Qh/Ah:100|-100:DeepStack_20001|DeepStack_20000
STATE:962:cr300c/r1200c:Qh|Ah/Qs:1200|-1200:DeepStack_20000|DeepStack_20001
STATE:963:cr300r1200c/:As|Ah/Qh:0|0:DeepStack_20001|DeepStack_20000
STATE:964:cc/r300f:Ks|Kh/Ah:100|-100:DeepStack_20000|DeepStack_20001
STATE:965:cr300f:Qh|As:-100|100:DeepStack_20001|DeepStack_20000
STATE:966:cr300f:Qh|Ah:-100|100:DeepStack_20000|DeepStack_20001
STATE:967:r1200f:Ah|Ks:100|-100:DeepStack_20001|DeepStack_20000
STATE:968:cr300f:Ks|Kh:-100|100:DeepStack_20000|DeepStack_20001
STATE:969:cc/cc:Qs|Qh/As:0|0:DeepStack_20001|DeepStack_20000
STATE:970:r1200c/:As|Ah/Qs:0|0:DeepStack_20000|DeepStack_20001
STATE:971:cr300r1200c/:As|Ah/Ks:0|0:DeepStack_20001|DeepStack_20000
STATE:972:cc/cc:Ks|Qs/Ah:100|-100:DeepStack_20000|DeepStack_20001
STATE:973:cr300f:Kh|Qs:-100|100:DeepStack_20001|DeepStack_20000
STATE:974:cr300f:Qh|As:-100|100:DeepStack_20000|DeepStack_20001
STATE:975:cc/cc:Kh|Ah/Qs:-100|100:DeepStack_20001|DeepStack_20000
STATE:976:cr300f:Ks|As:-100|100:DeepStack_20000|DeepStack_20001
STATE:977:cc/cc:Qs|Ks/Ah:-100|100:DeepStack_20001|DeepStack_20000
STATE:978:cr300r1200c/:As|Ah/Qh:0|0:DeepStack_20000|DeepStack_20001
STATE:979:cr1200f:Qh|As:-100|100:DeepStack_20001|DeepStack_20000
STATE:980:cc/cr300r900f:Qh|Kh/Qs:300|-300:DeepStack_20000|DeepStack_20001
STATE:981:cr1200f:Qh|As:-100|100:DeepStack_20001|DeepStack_20000
STATE:982:cc/cc:As|Qh/Kh:100|-100:DeepStack_20000|DeepStack_20001
STATE:983:cc/cc:Qs|Ah/Kh:-100|100:DeepStack_20001|DeepStack_20000
STATE:984:cr300f:Qs|Ks:-100|100:DeepStack_20000|DeepStack_20001
STATE:985:cc/r300c:Qs|Kh/Ah:-300|300:DeepStack_20001|DeepStack_20000
STATE:986:cc/r1200f:Ah|Qs/As:100|-100:DeepStack_20000|DeepStack_20001
STATE:987:cc/cr300f:As|Qs/Qh:-100|100:DeepStack_20001|DeepStack_20000
STATE:988:cr300r1200f:Ah|Ks:300|-300:DeepStack_20000|DeepStack_20001
STATE:989:cr1200f:Kh|As:-100|100:DeepStack_20001|DeepStack_20000
STATE:990:cr300f:Qs|As:-100|100:DeepStack_20000|DeepStack_20001
STATE:991:cc/cc:Kh|Ks/Qh:0|0:DeepStack_20001|DeepStack_20000
STATE:992:cr300f:Ks|Kh:-100|100:DeepStack_20000|DeepStack_20001
STATE:993:cc/cc:Ah|Kh/Qh:100|-100:DeepStack_20001|DeepStack_20000
STATE:994:cr300r1200f:As|Qh:300|-300:DeepStack_20000|DeepStack_20001
STATE:995:cc/cr300f:Qs|Ks/Kh:-100|100:DeepStack_20001|DeepStack_20000
STATE:996:cc/cc:Kh|Ks/Qs:0|0:DeepStack_20000|DeepStack_20001
STATE:997:cc/cc:As|Qh/Kh:100|-100:DeepStack_20001|DeepStack_20000
STATE:998:r1200c/:Ah|As/Qs:0|0:DeepStack_20000|DeepStack_20001
STATE:999:cr300c/cr1200c:As|Kh/Qs:1200|-1200:DeepStack_20001|DeepStack_20000
SCORE:-5300|5300:DeepStack_20000|DeepStack_20001
